

================================================================
== Vivado HLS Report for 'myproject'
================================================================
* Date:           Sun Jun 20 16:03:47 2021

* Version:        2019.1 (Build 2552052 on Fri May 24 15:28:33 MDT 2019)
* Project:        myproject_prj
* Solution:       solution1
* Product family: virtexuplus
* Target device:  xcvu9p-flgb2104-2-i


================================================================
== Performance Estimates
================================================================
+ Timing (ns): 
    * Summary: 
    +--------+-------+----------+------------+
    |  Clock | Target| Estimated| Uncertainty|
    +--------+-------+----------+------------+
    |ap_clk  |   5.00|     4.123|        0.62|
    +--------+-------+----------+------------+

+ Latency (clock cycles): 
    * Summary: 
    +-----+-----+-----+-----+----------+
    |  Latency  |  Interval | Pipeline |
    | min | max | min | max |   Type   |
    +-----+-----+-----+-----+----------+
    |   14|   14|    3|    3| function |
    +-----+-----+-----+-----+----------+

    + Detail: 
        * Instance: 
        +------------------------------------------------------------------------+--------------------------------------------------------------+-----+-----+-----+-----+----------+
        |                                                                        |                                                              |  Latency  |  Interval | Pipeline |
        |                                Instance                                |                            Module                            | min | max | min | max |   Type   |
        +------------------------------------------------------------------------+--------------------------------------------------------------+-----+-----+-----+-----+----------+
        |grp_conv_1d_latency_cl_0_0_0_0_0_0_0_0_0_0_0_0_0_0_0_0_0_0_0_0_0_fu_89  |conv_1d_latency_cl_0_0_0_0_0_0_0_0_0_0_0_0_0_0_0_0_0_0_0_0_0  |    2|    2|    3|    3| function |
        |grp_conv_1d_latency_cl_ap_fixed_ap_fixed_config4_0_0_0_0_0_0_fu_95      |conv_1d_latency_cl_ap_fixed_ap_fixed_config4_0_0_0_0_0_0      |    1|    1|    2|    2| function |
        |grp_dense_latency_0_0_0_0_0_0_0_0_0_0_0_0_0_0_0_0_0_0_0_0_0_fu_299      |dense_latency_0_0_0_0_0_0_0_0_0_0_0_0_0_0_0_0_0_0_0_0_0       |    1|    1|    1|    1| function |
        |grp_dense_latency_0_0_0_0_0_0_0_0_0_0_0_fu_353                          |dense_latency_0_0_0_0_0_0_0_0_0_0_0                           |    1|    1|    1|    1| function |
        |call_ret2_relu_ap_fixed_ap_fixed_16_8_5_3_0_relu_config3_s_fu_377       |relu_ap_fixed_ap_fixed_16_8_5_3_0_relu_config3_s              |    0|    0|    1|    1| function |
        |call_ret4_relu_ap_fixed_ap_fixed_16_8_5_3_0_relu_config5_s_fu_581       |relu_ap_fixed_ap_fixed_16_8_5_3_0_relu_config5_s              |    0|    0|    1|    1| function |
        |call_ret6_relu_ap_fixed_ap_fixed_16_8_5_3_0_relu_config7_s_fu_635       |relu_ap_fixed_ap_fixed_16_8_5_3_0_relu_config7_s              |    0|    0|    1|    1| function |
        |call_ret8_relu_ap_fixed_ap_fixed_16_8_5_3_0_relu_config9_s_fu_659       |relu_ap_fixed_ap_fixed_16_8_5_3_0_relu_config9_s              |    0|    0|    1|    1| function |
        |layer10_out_0_V_dense_latency_ap_fixed_ap_fixed_config10_0_0_fu_673     |dense_latency_ap_fixed_ap_fixed_config10_0_0                  |    0|    0|    1|    1| function |
        |grp_sigmoid_ap_fixed_ap_fixed_sigmoid_config11_s_fu_687                 |sigmoid_ap_fixed_ap_fixed_sigmoid_config11_s                  |    1|    1|    1|    1| function |
        +------------------------------------------------------------------------+--------------------------------------------------------------+-----+-----+-----+-----+----------+

        * Loop: 
        N/A



================================================================
== Utilization Estimates
================================================================
* Summary: 
+---------------------+---------+-------+---------+---------+-----+
|         Name        | BRAM_18K| DSP48E|    FF   |   LUT   | URAM|
+---------------------+---------+-------+---------+---------+-----+
|DSP                  |        -|      -|        -|        -|    -|
|Expression           |        -|      -|        0|        6|    -|
|FIFO                 |        -|      -|        -|        -|    -|
|Instance             |        1|   1947|    13212|   144467|    -|
|Memory               |        -|      -|        -|        -|    -|
|Multiplexer          |        -|      -|        -|       66|    -|
|Register             |        -|      -|    10907|        -|    -|
+---------------------+---------+-------+---------+---------+-----+
|Total                |        1|   1947|    24119|   144539|    0|
+---------------------+---------+-------+---------+---------+-----+
|Available SLR        |     1440|   2280|   788160|   394080|  320|
+---------------------+---------+-------+---------+---------+-----+
|Utilization SLR (%)  |    ~0   |     85|        3|       36|    0|
+---------------------+---------+-------+---------+---------+-----+
|Available            |     4320|   6840|  2364480|  1182240|  960|
+---------------------+---------+-------+---------+---------+-----+
|Utilization (%)      |    ~0   |     28|        1|       12|    0|
+---------------------+---------+-------+---------+---------+-----+

+ Detail: 
    * Instance: 
    +------------------------------------------------------------------------+--------------------------------------------------------------+---------+-------+------+-------+-----+
    |                                Instance                                |                            Module                            | BRAM_18K| DSP48E|  FF  |  LUT  | URAM|
    +------------------------------------------------------------------------+--------------------------------------------------------------+---------+-------+------+-------+-----+
    |grp_conv_1d_latency_cl_0_0_0_0_0_0_0_0_0_0_0_0_0_0_0_0_0_0_0_0_0_fu_89  |conv_1d_latency_cl_0_0_0_0_0_0_0_0_0_0_0_0_0_0_0_0_0_0_0_0_0  |        0|    581|  7622|  77294|    0|
    |grp_conv_1d_latency_cl_ap_fixed_ap_fixed_config4_0_0_0_0_0_0_fu_95      |conv_1d_latency_cl_ap_fixed_ap_fixed_config4_0_0_0_0_0_0      |        0|    600|  3017|  27265|    0|
    |grp_dense_latency_0_0_0_0_0_0_0_0_0_0_0_fu_353                          |dense_latency_0_0_0_0_0_0_0_0_0_0_0                           |        0|    141|   554|   5282|    0|
    |grp_dense_latency_0_0_0_0_0_0_0_0_0_0_0_0_0_0_0_0_0_0_0_0_0_fu_299      |dense_latency_0_0_0_0_0_0_0_0_0_0_0_0_0_0_0_0_0_0_0_0_0       |        0|    616|  2017|  26417|    0|
    |layer10_out_0_V_dense_latency_ap_fixed_ap_fixed_config10_0_0_fu_673     |dense_latency_ap_fixed_ap_fixed_config10_0_0                  |        0|      9|     0|    225|    0|
    |call_ret2_relu_ap_fixed_ap_fixed_16_8_5_3_0_relu_config3_s_fu_377       |relu_ap_fixed_ap_fixed_16_8_5_3_0_relu_config3_s              |        0|      0|     0|   5600|    0|
    |call_ret4_relu_ap_fixed_ap_fixed_16_8_5_3_0_relu_config5_s_fu_581       |relu_ap_fixed_ap_fixed_16_8_5_3_0_relu_config5_s              |        0|      0|     0|   1400|    0|
    |call_ret6_relu_ap_fixed_ap_fixed_16_8_5_3_0_relu_config7_s_fu_635       |relu_ap_fixed_ap_fixed_16_8_5_3_0_relu_config7_s              |        0|      0|     0|    560|    0|
    |call_ret8_relu_ap_fixed_ap_fixed_16_8_5_3_0_relu_config9_s_fu_659       |relu_ap_fixed_ap_fixed_16_8_5_3_0_relu_config9_s              |        0|      0|     0|    280|    0|
    |grp_sigmoid_ap_fixed_ap_fixed_sigmoid_config11_s_fu_687                 |sigmoid_ap_fixed_ap_fixed_sigmoid_config11_s                  |        1|      0|     2|    144|    0|
    +------------------------------------------------------------------------+--------------------------------------------------------------+---------+-------+------+-------+-----+
    |Total                                                                   |                                                              |        1|   1947| 13212| 144467|    0|
    +------------------------------------------------------------------------+--------------------------------------------------------------+---------+-------+------+-------+-----+

    * DSP48E: 
    N/A

    * Memory: 
    N/A

    * FIFO: 
    N/A

    * Expression: 
    +----------------------------------+----------+-------+---+----+------------+------------+
    |           Variable Name          | Operation| DSP48E| FF| LUT| Bitwidth P0| Bitwidth P1|
    +----------------------------------+----------+-------+---+----+------------+------------+
    |ap_block_pp0_stage0_11001         |    and   |      0|  0|   2|           1|           1|
    |ap_block_state1_pp0_stage0_iter0  |    or    |      0|  0|   2|           1|           1|
    |ap_enable_pp0                     |    xor   |      0|  0|   2|           1|           2|
    +----------------------------------+----------+-------+---+----+------------+------------+
    |Total                             |          |      0|  0|   6|           3|           4|
    +----------------------------------+----------+-------+---+----+------------+------------+

    * Multiplexer: 
    +------------------------------+----+-----------+------+-----------+
    |             Name             | LUT| Input Size| Bits | Total Bits|
    +------------------------------+----+-----------+------+-----------+
    |ap_NS_fsm                     |  21|          4|     1|          4|
    |ap_enable_reg_pp0_iter0       |   9|          2|     1|          2|
    |conv1d_input_V_ap_vld_in_sig  |   9|          2|     1|          2|
    |conv1d_input_V_ap_vld_preg    |   9|          2|     1|          2|
    |conv1d_input_V_blk_n          |   9|          2|     1|          2|
    |conv1d_input_V_in_sig         |   9|          2|  2240|       4480|
    +------------------------------+----+-----------+------+-----------+
    |Total                         |  66|         14|  2245|       4492|
    +------------------------------+----+-----------+------+-----------+

    * Register: 
    +---------------------------------------------------------------------------------+------+----+------+-----------+
    |                                       Name                                      |  FF  | LUT| Bits | Const Bits|
    +---------------------------------------------------------------------------------+------+----+------+-----------+
    |ap_CS_fsm                                                                        |     3|   0|     3|          0|
    |ap_enable_reg_pp0_iter0_reg                                                      |     1|   0|     1|          0|
    |ap_enable_reg_pp0_iter1                                                          |     1|   0|     1|          0|
    |ap_enable_reg_pp0_iter2                                                          |     1|   0|     1|          0|
    |ap_enable_reg_pp0_iter3                                                          |     1|   0|     1|          0|
    |ap_enable_reg_pp0_iter4                                                          |     1|   0|     1|          0|
    |conv1d_input_V_ap_vld_preg                                                       |     1|   0|     1|          0|
    |conv1d_input_V_preg                                                              |  2240|   0|  2240|          0|
    |grp_conv_1d_latency_cl_ap_fixed_ap_fixed_config4_0_0_0_0_0_0_fu_95_ap_start_reg  |     1|   0|     1|          0|
    |grp_sigmoid_ap_fixed_ap_fixed_sigmoid_config11_s_fu_687_ap_start_reg             |     1|   0|     1|          0|
    |layer10_out_0_V_reg_5659                                                         |    16|   0|    16|          0|
    |layer2_out_0_V_reg_2959                                                          |    16|   0|    16|          0|
    |layer2_out_100_V_reg_3459                                                        |    16|   0|    16|          0|
    |layer2_out_101_V_reg_3464                                                        |    16|   0|    16|          0|
    |layer2_out_102_V_reg_3469                                                        |    16|   0|    16|          0|
    |layer2_out_103_V_reg_3474                                                        |    16|   0|    16|          0|
    |layer2_out_104_V_reg_3479                                                        |    16|   0|    16|          0|
    |layer2_out_105_V_reg_3484                                                        |    16|   0|    16|          0|
    |layer2_out_106_V_reg_3489                                                        |    16|   0|    16|          0|
    |layer2_out_107_V_reg_3494                                                        |    16|   0|    16|          0|
    |layer2_out_108_V_reg_3499                                                        |    16|   0|    16|          0|
    |layer2_out_109_V_reg_3504                                                        |    16|   0|    16|          0|
    |layer2_out_10_V_reg_3009                                                         |    16|   0|    16|          0|
    |layer2_out_110_V_reg_3509                                                        |    16|   0|    16|          0|
    |layer2_out_111_V_reg_3514                                                        |    16|   0|    16|          0|
    |layer2_out_112_V_reg_3519                                                        |    16|   0|    16|          0|
    |layer2_out_113_V_reg_3524                                                        |    16|   0|    16|          0|
    |layer2_out_114_V_reg_3529                                                        |    16|   0|    16|          0|
    |layer2_out_115_V_reg_3534                                                        |    16|   0|    16|          0|
    |layer2_out_116_V_reg_3539                                                        |    16|   0|    16|          0|
    |layer2_out_117_V_reg_3544                                                        |    16|   0|    16|          0|
    |layer2_out_118_V_reg_3549                                                        |    16|   0|    16|          0|
    |layer2_out_119_V_reg_3554                                                        |    16|   0|    16|          0|
    |layer2_out_11_V_reg_3014                                                         |    16|   0|    16|          0|
    |layer2_out_120_V_reg_3559                                                        |    16|   0|    16|          0|
    |layer2_out_121_V_reg_3564                                                        |    16|   0|    16|          0|
    |layer2_out_122_V_reg_3569                                                        |    16|   0|    16|          0|
    |layer2_out_123_V_reg_3574                                                        |    16|   0|    16|          0|
    |layer2_out_124_V_reg_3579                                                        |    16|   0|    16|          0|
    |layer2_out_125_V_reg_3584                                                        |    16|   0|    16|          0|
    |layer2_out_126_V_reg_3589                                                        |    16|   0|    16|          0|
    |layer2_out_127_V_reg_3594                                                        |    16|   0|    16|          0|
    |layer2_out_128_V_reg_3599                                                        |    16|   0|    16|          0|
    |layer2_out_129_V_reg_3604                                                        |    16|   0|    16|          0|
    |layer2_out_12_V_reg_3019                                                         |    16|   0|    16|          0|
    |layer2_out_130_V_reg_3609                                                        |    16|   0|    16|          0|
    |layer2_out_131_V_reg_3614                                                        |    16|   0|    16|          0|
    |layer2_out_132_V_reg_3619                                                        |    16|   0|    16|          0|
    |layer2_out_133_V_reg_3624                                                        |    16|   0|    16|          0|
    |layer2_out_134_V_reg_3629                                                        |    16|   0|    16|          0|
    |layer2_out_135_V_reg_3634                                                        |    16|   0|    16|          0|
    |layer2_out_136_V_reg_3639                                                        |    16|   0|    16|          0|
    |layer2_out_137_V_reg_3644                                                        |    16|   0|    16|          0|
    |layer2_out_138_V_reg_3649                                                        |    16|   0|    16|          0|
    |layer2_out_139_V_reg_3654                                                        |    16|   0|    16|          0|
    |layer2_out_13_V_reg_3024                                                         |    16|   0|    16|          0|
    |layer2_out_140_V_reg_3659                                                        |    16|   0|    16|          0|
    |layer2_out_141_V_reg_3664                                                        |    16|   0|    16|          0|
    |layer2_out_142_V_reg_3669                                                        |    16|   0|    16|          0|
    |layer2_out_143_V_reg_3674                                                        |    16|   0|    16|          0|
    |layer2_out_144_V_reg_3679                                                        |    16|   0|    16|          0|
    |layer2_out_145_V_reg_3684                                                        |    16|   0|    16|          0|
    |layer2_out_146_V_reg_3689                                                        |    16|   0|    16|          0|
    |layer2_out_147_V_reg_3694                                                        |    16|   0|    16|          0|
    |layer2_out_148_V_reg_3699                                                        |    16|   0|    16|          0|
    |layer2_out_149_V_reg_3704                                                        |    16|   0|    16|          0|
    |layer2_out_14_V_reg_3029                                                         |    16|   0|    16|          0|
    |layer2_out_150_V_reg_3709                                                        |    16|   0|    16|          0|
    |layer2_out_151_V_reg_3714                                                        |    16|   0|    16|          0|
    |layer2_out_152_V_reg_3719                                                        |    16|   0|    16|          0|
    |layer2_out_153_V_reg_3724                                                        |    16|   0|    16|          0|
    |layer2_out_154_V_reg_3729                                                        |    16|   0|    16|          0|
    |layer2_out_155_V_reg_3734                                                        |    16|   0|    16|          0|
    |layer2_out_156_V_reg_3739                                                        |    16|   0|    16|          0|
    |layer2_out_157_V_reg_3744                                                        |    16|   0|    16|          0|
    |layer2_out_158_V_reg_3749                                                        |    16|   0|    16|          0|
    |layer2_out_159_V_reg_3754                                                        |    16|   0|    16|          0|
    |layer2_out_15_V_reg_3034                                                         |    16|   0|    16|          0|
    |layer2_out_160_V_reg_3759                                                        |    16|   0|    16|          0|
    |layer2_out_161_V_reg_3764                                                        |    16|   0|    16|          0|
    |layer2_out_162_V_reg_3769                                                        |    16|   0|    16|          0|
    |layer2_out_163_V_reg_3774                                                        |    16|   0|    16|          0|
    |layer2_out_164_V_reg_3779                                                        |    16|   0|    16|          0|
    |layer2_out_165_V_reg_3784                                                        |    16|   0|    16|          0|
    |layer2_out_166_V_reg_3789                                                        |    16|   0|    16|          0|
    |layer2_out_167_V_reg_3794                                                        |    16|   0|    16|          0|
    |layer2_out_168_V_reg_3799                                                        |    16|   0|    16|          0|
    |layer2_out_169_V_reg_3804                                                        |    16|   0|    16|          0|
    |layer2_out_16_V_reg_3039                                                         |    16|   0|    16|          0|
    |layer2_out_170_V_reg_3809                                                        |    16|   0|    16|          0|
    |layer2_out_171_V_reg_3814                                                        |    16|   0|    16|          0|
    |layer2_out_172_V_reg_3819                                                        |    16|   0|    16|          0|
    |layer2_out_173_V_reg_3824                                                        |    16|   0|    16|          0|
    |layer2_out_174_V_reg_3829                                                        |    16|   0|    16|          0|
    |layer2_out_175_V_reg_3834                                                        |    16|   0|    16|          0|
    |layer2_out_176_V_reg_3839                                                        |    16|   0|    16|          0|
    |layer2_out_177_V_reg_3844                                                        |    16|   0|    16|          0|
    |layer2_out_178_V_reg_3849                                                        |    16|   0|    16|          0|
    |layer2_out_179_V_reg_3854                                                        |    16|   0|    16|          0|
    |layer2_out_17_V_reg_3044                                                         |    16|   0|    16|          0|
    |layer2_out_180_V_reg_3859                                                        |    16|   0|    16|          0|
    |layer2_out_181_V_reg_3864                                                        |    16|   0|    16|          0|
    |layer2_out_182_V_reg_3869                                                        |    16|   0|    16|          0|
    |layer2_out_183_V_reg_3874                                                        |    16|   0|    16|          0|
    |layer2_out_184_V_reg_3879                                                        |    16|   0|    16|          0|
    |layer2_out_185_V_reg_3884                                                        |    16|   0|    16|          0|
    |layer2_out_186_V_reg_3889                                                        |    16|   0|    16|          0|
    |layer2_out_187_V_reg_3894                                                        |    16|   0|    16|          0|
    |layer2_out_188_V_reg_3899                                                        |    16|   0|    16|          0|
    |layer2_out_189_V_reg_3904                                                        |    16|   0|    16|          0|
    |layer2_out_18_V_reg_3049                                                         |    16|   0|    16|          0|
    |layer2_out_190_V_reg_3909                                                        |    16|   0|    16|          0|
    |layer2_out_191_V_reg_3914                                                        |    16|   0|    16|          0|
    |layer2_out_192_V_reg_3919                                                        |    16|   0|    16|          0|
    |layer2_out_193_V_reg_3924                                                        |    16|   0|    16|          0|
    |layer2_out_194_V_reg_3929                                                        |    16|   0|    16|          0|
    |layer2_out_195_V_reg_3934                                                        |    16|   0|    16|          0|
    |layer2_out_196_V_reg_3939                                                        |    16|   0|    16|          0|
    |layer2_out_197_V_reg_3944                                                        |    16|   0|    16|          0|
    |layer2_out_198_V_reg_3949                                                        |    16|   0|    16|          0|
    |layer2_out_199_V_reg_3954                                                        |    16|   0|    16|          0|
    |layer2_out_19_V_reg_3054                                                         |    16|   0|    16|          0|
    |layer2_out_1_V_reg_2964                                                          |    16|   0|    16|          0|
    |layer2_out_20_V_reg_3059                                                         |    16|   0|    16|          0|
    |layer2_out_21_V_reg_3064                                                         |    16|   0|    16|          0|
    |layer2_out_22_V_reg_3069                                                         |    16|   0|    16|          0|
    |layer2_out_23_V_reg_3074                                                         |    16|   0|    16|          0|
    |layer2_out_24_V_reg_3079                                                         |    16|   0|    16|          0|
    |layer2_out_25_V_reg_3084                                                         |    16|   0|    16|          0|
    |layer2_out_26_V_reg_3089                                                         |    16|   0|    16|          0|
    |layer2_out_27_V_reg_3094                                                         |    16|   0|    16|          0|
    |layer2_out_28_V_reg_3099                                                         |    16|   0|    16|          0|
    |layer2_out_29_V_reg_3104                                                         |    16|   0|    16|          0|
    |layer2_out_2_V_reg_2969                                                          |    16|   0|    16|          0|
    |layer2_out_30_V_reg_3109                                                         |    16|   0|    16|          0|
    |layer2_out_31_V_reg_3114                                                         |    16|   0|    16|          0|
    |layer2_out_32_V_reg_3119                                                         |    16|   0|    16|          0|
    |layer2_out_33_V_reg_3124                                                         |    16|   0|    16|          0|
    |layer2_out_34_V_reg_3129                                                         |    16|   0|    16|          0|
    |layer2_out_35_V_reg_3134                                                         |    16|   0|    16|          0|
    |layer2_out_36_V_reg_3139                                                         |    16|   0|    16|          0|
    |layer2_out_37_V_reg_3144                                                         |    16|   0|    16|          0|
    |layer2_out_38_V_reg_3149                                                         |    16|   0|    16|          0|
    |layer2_out_39_V_reg_3154                                                         |    16|   0|    16|          0|
    |layer2_out_3_V_reg_2974                                                          |    16|   0|    16|          0|
    |layer2_out_40_V_reg_3159                                                         |    16|   0|    16|          0|
    |layer2_out_41_V_reg_3164                                                         |    16|   0|    16|          0|
    |layer2_out_42_V_reg_3169                                                         |    16|   0|    16|          0|
    |layer2_out_43_V_reg_3174                                                         |    16|   0|    16|          0|
    |layer2_out_44_V_reg_3179                                                         |    16|   0|    16|          0|
    |layer2_out_45_V_reg_3184                                                         |    16|   0|    16|          0|
    |layer2_out_46_V_reg_3189                                                         |    16|   0|    16|          0|
    |layer2_out_47_V_reg_3194                                                         |    16|   0|    16|          0|
    |layer2_out_48_V_reg_3199                                                         |    16|   0|    16|          0|
    |layer2_out_49_V_reg_3204                                                         |    16|   0|    16|          0|
    |layer2_out_4_V_reg_2979                                                          |    16|   0|    16|          0|
    |layer2_out_50_V_reg_3209                                                         |    16|   0|    16|          0|
    |layer2_out_51_V_reg_3214                                                         |    16|   0|    16|          0|
    |layer2_out_52_V_reg_3219                                                         |    16|   0|    16|          0|
    |layer2_out_53_V_reg_3224                                                         |    16|   0|    16|          0|
    |layer2_out_54_V_reg_3229                                                         |    16|   0|    16|          0|
    |layer2_out_55_V_reg_3234                                                         |    16|   0|    16|          0|
    |layer2_out_56_V_reg_3239                                                         |    16|   0|    16|          0|
    |layer2_out_57_V_reg_3244                                                         |    16|   0|    16|          0|
    |layer2_out_58_V_reg_3249                                                         |    16|   0|    16|          0|
    |layer2_out_59_V_reg_3254                                                         |    16|   0|    16|          0|
    |layer2_out_5_V_reg_2984                                                          |    16|   0|    16|          0|
    |layer2_out_60_V_reg_3259                                                         |    16|   0|    16|          0|
    |layer2_out_61_V_reg_3264                                                         |    16|   0|    16|          0|
    |layer2_out_62_V_reg_3269                                                         |    16|   0|    16|          0|
    |layer2_out_63_V_reg_3274                                                         |    16|   0|    16|          0|
    |layer2_out_64_V_reg_3279                                                         |    16|   0|    16|          0|
    |layer2_out_65_V_reg_3284                                                         |    16|   0|    16|          0|
    |layer2_out_66_V_reg_3289                                                         |    16|   0|    16|          0|
    |layer2_out_67_V_reg_3294                                                         |    16|   0|    16|          0|
    |layer2_out_68_V_reg_3299                                                         |    16|   0|    16|          0|
    |layer2_out_69_V_reg_3304                                                         |    16|   0|    16|          0|
    |layer2_out_6_V_reg_2989                                                          |    16|   0|    16|          0|
    |layer2_out_70_V_reg_3309                                                         |    16|   0|    16|          0|
    |layer2_out_71_V_reg_3314                                                         |    16|   0|    16|          0|
    |layer2_out_72_V_reg_3319                                                         |    16|   0|    16|          0|
    |layer2_out_73_V_reg_3324                                                         |    16|   0|    16|          0|
    |layer2_out_74_V_reg_3329                                                         |    16|   0|    16|          0|
    |layer2_out_75_V_reg_3334                                                         |    16|   0|    16|          0|
    |layer2_out_76_V_reg_3339                                                         |    16|   0|    16|          0|
    |layer2_out_77_V_reg_3344                                                         |    16|   0|    16|          0|
    |layer2_out_78_V_reg_3349                                                         |    16|   0|    16|          0|
    |layer2_out_79_V_reg_3354                                                         |    16|   0|    16|          0|
    |layer2_out_7_V_reg_2994                                                          |    16|   0|    16|          0|
    |layer2_out_80_V_reg_3359                                                         |    16|   0|    16|          0|
    |layer2_out_81_V_reg_3364                                                         |    16|   0|    16|          0|
    |layer2_out_82_V_reg_3369                                                         |    16|   0|    16|          0|
    |layer2_out_83_V_reg_3374                                                         |    16|   0|    16|          0|
    |layer2_out_84_V_reg_3379                                                         |    16|   0|    16|          0|
    |layer2_out_85_V_reg_3384                                                         |    16|   0|    16|          0|
    |layer2_out_86_V_reg_3389                                                         |    16|   0|    16|          0|
    |layer2_out_87_V_reg_3394                                                         |    16|   0|    16|          0|
    |layer2_out_88_V_reg_3399                                                         |    16|   0|    16|          0|
    |layer2_out_89_V_reg_3404                                                         |    16|   0|    16|          0|
    |layer2_out_8_V_reg_2999                                                          |    16|   0|    16|          0|
    |layer2_out_90_V_reg_3409                                                         |    16|   0|    16|          0|
    |layer2_out_91_V_reg_3414                                                         |    16|   0|    16|          0|
    |layer2_out_92_V_reg_3419                                                         |    16|   0|    16|          0|
    |layer2_out_93_V_reg_3424                                                         |    16|   0|    16|          0|
    |layer2_out_94_V_reg_3429                                                         |    16|   0|    16|          0|
    |layer2_out_95_V_reg_3434                                                         |    16|   0|    16|          0|
    |layer2_out_96_V_reg_3439                                                         |    16|   0|    16|          0|
    |layer2_out_97_V_reg_3444                                                         |    16|   0|    16|          0|
    |layer2_out_98_V_reg_3449                                                         |    16|   0|    16|          0|
    |layer2_out_99_V_reg_3454                                                         |    16|   0|    16|          0|
    |layer2_out_9_V_reg_3004                                                          |    16|   0|    16|          0|
    |layer3_out_0_V_reg_3959                                                          |    16|   0|    16|          0|
    |layer3_out_100_V_reg_4459                                                        |    16|   0|    16|          0|
    |layer3_out_101_V_reg_4464                                                        |    16|   0|    16|          0|
    |layer3_out_102_V_reg_4469                                                        |    16|   0|    16|          0|
    |layer3_out_103_V_reg_4474                                                        |    16|   0|    16|          0|
    |layer3_out_104_V_reg_4479                                                        |    16|   0|    16|          0|
    |layer3_out_105_V_reg_4484                                                        |    16|   0|    16|          0|
    |layer3_out_106_V_reg_4489                                                        |    16|   0|    16|          0|
    |layer3_out_107_V_reg_4494                                                        |    16|   0|    16|          0|
    |layer3_out_108_V_reg_4499                                                        |    16|   0|    16|          0|
    |layer3_out_109_V_reg_4504                                                        |    16|   0|    16|          0|
    |layer3_out_10_V_reg_4009                                                         |    16|   0|    16|          0|
    |layer3_out_110_V_reg_4509                                                        |    16|   0|    16|          0|
    |layer3_out_111_V_reg_4514                                                        |    16|   0|    16|          0|
    |layer3_out_112_V_reg_4519                                                        |    16|   0|    16|          0|
    |layer3_out_113_V_reg_4524                                                        |    16|   0|    16|          0|
    |layer3_out_114_V_reg_4529                                                        |    16|   0|    16|          0|
    |layer3_out_115_V_reg_4534                                                        |    16|   0|    16|          0|
    |layer3_out_116_V_reg_4539                                                        |    16|   0|    16|          0|
    |layer3_out_117_V_reg_4544                                                        |    16|   0|    16|          0|
    |layer3_out_118_V_reg_4549                                                        |    16|   0|    16|          0|
    |layer3_out_119_V_reg_4554                                                        |    16|   0|    16|          0|
    |layer3_out_11_V_reg_4014                                                         |    16|   0|    16|          0|
    |layer3_out_120_V_reg_4559                                                        |    16|   0|    16|          0|
    |layer3_out_121_V_reg_4564                                                        |    16|   0|    16|          0|
    |layer3_out_122_V_reg_4569                                                        |    16|   0|    16|          0|
    |layer3_out_123_V_reg_4574                                                        |    16|   0|    16|          0|
    |layer3_out_124_V_reg_4579                                                        |    16|   0|    16|          0|
    |layer3_out_125_V_reg_4584                                                        |    16|   0|    16|          0|
    |layer3_out_126_V_reg_4589                                                        |    16|   0|    16|          0|
    |layer3_out_127_V_reg_4594                                                        |    16|   0|    16|          0|
    |layer3_out_128_V_reg_4599                                                        |    16|   0|    16|          0|
    |layer3_out_129_V_reg_4604                                                        |    16|   0|    16|          0|
    |layer3_out_12_V_reg_4019                                                         |    16|   0|    16|          0|
    |layer3_out_130_V_reg_4609                                                        |    16|   0|    16|          0|
    |layer3_out_131_V_reg_4614                                                        |    16|   0|    16|          0|
    |layer3_out_132_V_reg_4619                                                        |    16|   0|    16|          0|
    |layer3_out_133_V_reg_4624                                                        |    16|   0|    16|          0|
    |layer3_out_134_V_reg_4629                                                        |    16|   0|    16|          0|
    |layer3_out_135_V_reg_4634                                                        |    16|   0|    16|          0|
    |layer3_out_136_V_reg_4639                                                        |    16|   0|    16|          0|
    |layer3_out_137_V_reg_4644                                                        |    16|   0|    16|          0|
    |layer3_out_138_V_reg_4649                                                        |    16|   0|    16|          0|
    |layer3_out_139_V_reg_4654                                                        |    16|   0|    16|          0|
    |layer3_out_13_V_reg_4024                                                         |    16|   0|    16|          0|
    |layer3_out_140_V_reg_4659                                                        |    16|   0|    16|          0|
    |layer3_out_141_V_reg_4664                                                        |    16|   0|    16|          0|
    |layer3_out_142_V_reg_4669                                                        |    16|   0|    16|          0|
    |layer3_out_143_V_reg_4674                                                        |    16|   0|    16|          0|
    |layer3_out_144_V_reg_4679                                                        |    16|   0|    16|          0|
    |layer3_out_145_V_reg_4684                                                        |    16|   0|    16|          0|
    |layer3_out_146_V_reg_4689                                                        |    16|   0|    16|          0|
    |layer3_out_147_V_reg_4694                                                        |    16|   0|    16|          0|
    |layer3_out_148_V_reg_4699                                                        |    16|   0|    16|          0|
    |layer3_out_149_V_reg_4704                                                        |    16|   0|    16|          0|
    |layer3_out_14_V_reg_4029                                                         |    16|   0|    16|          0|
    |layer3_out_150_V_reg_4709                                                        |    16|   0|    16|          0|
    |layer3_out_151_V_reg_4714                                                        |    16|   0|    16|          0|
    |layer3_out_152_V_reg_4719                                                        |    16|   0|    16|          0|
    |layer3_out_153_V_reg_4724                                                        |    16|   0|    16|          0|
    |layer3_out_154_V_reg_4729                                                        |    16|   0|    16|          0|
    |layer3_out_155_V_reg_4734                                                        |    16|   0|    16|          0|
    |layer3_out_156_V_reg_4739                                                        |    16|   0|    16|          0|
    |layer3_out_157_V_reg_4744                                                        |    16|   0|    16|          0|
    |layer3_out_158_V_reg_4749                                                        |    16|   0|    16|          0|
    |layer3_out_159_V_reg_4754                                                        |    16|   0|    16|          0|
    |layer3_out_15_V_reg_4034                                                         |    16|   0|    16|          0|
    |layer3_out_160_V_reg_4759                                                        |    16|   0|    16|          0|
    |layer3_out_161_V_reg_4764                                                        |    16|   0|    16|          0|
    |layer3_out_162_V_reg_4769                                                        |    16|   0|    16|          0|
    |layer3_out_163_V_reg_4774                                                        |    16|   0|    16|          0|
    |layer3_out_164_V_reg_4779                                                        |    16|   0|    16|          0|
    |layer3_out_165_V_reg_4784                                                        |    16|   0|    16|          0|
    |layer3_out_166_V_reg_4789                                                        |    16|   0|    16|          0|
    |layer3_out_167_V_reg_4794                                                        |    16|   0|    16|          0|
    |layer3_out_168_V_reg_4799                                                        |    16|   0|    16|          0|
    |layer3_out_169_V_reg_4804                                                        |    16|   0|    16|          0|
    |layer3_out_16_V_reg_4039                                                         |    16|   0|    16|          0|
    |layer3_out_170_V_reg_4809                                                        |    16|   0|    16|          0|
    |layer3_out_171_V_reg_4814                                                        |    16|   0|    16|          0|
    |layer3_out_172_V_reg_4819                                                        |    16|   0|    16|          0|
    |layer3_out_173_V_reg_4824                                                        |    16|   0|    16|          0|
    |layer3_out_174_V_reg_4829                                                        |    16|   0|    16|          0|
    |layer3_out_175_V_reg_4834                                                        |    16|   0|    16|          0|
    |layer3_out_176_V_reg_4839                                                        |    16|   0|    16|          0|
    |layer3_out_177_V_reg_4844                                                        |    16|   0|    16|          0|
    |layer3_out_178_V_reg_4849                                                        |    16|   0|    16|          0|
    |layer3_out_179_V_reg_4854                                                        |    16|   0|    16|          0|
    |layer3_out_17_V_reg_4044                                                         |    16|   0|    16|          0|
    |layer3_out_180_V_reg_4859                                                        |    16|   0|    16|          0|
    |layer3_out_181_V_reg_4864                                                        |    16|   0|    16|          0|
    |layer3_out_182_V_reg_4869                                                        |    16|   0|    16|          0|
    |layer3_out_183_V_reg_4874                                                        |    16|   0|    16|          0|
    |layer3_out_184_V_reg_4879                                                        |    16|   0|    16|          0|
    |layer3_out_185_V_reg_4884                                                        |    16|   0|    16|          0|
    |layer3_out_186_V_reg_4889                                                        |    16|   0|    16|          0|
    |layer3_out_187_V_reg_4894                                                        |    16|   0|    16|          0|
    |layer3_out_188_V_reg_4899                                                        |    16|   0|    16|          0|
    |layer3_out_189_V_reg_4904                                                        |    16|   0|    16|          0|
    |layer3_out_18_V_reg_4049                                                         |    16|   0|    16|          0|
    |layer3_out_190_V_reg_4909                                                        |    16|   0|    16|          0|
    |layer3_out_191_V_reg_4914                                                        |    16|   0|    16|          0|
    |layer3_out_192_V_reg_4919                                                        |    16|   0|    16|          0|
    |layer3_out_193_V_reg_4924                                                        |    16|   0|    16|          0|
    |layer3_out_194_V_reg_4929                                                        |    16|   0|    16|          0|
    |layer3_out_195_V_reg_4934                                                        |    16|   0|    16|          0|
    |layer3_out_196_V_reg_4939                                                        |    16|   0|    16|          0|
    |layer3_out_197_V_reg_4944                                                        |    16|   0|    16|          0|
    |layer3_out_198_V_reg_4949                                                        |    16|   0|    16|          0|
    |layer3_out_199_V_reg_4954                                                        |    16|   0|    16|          0|
    |layer3_out_19_V_reg_4054                                                         |    16|   0|    16|          0|
    |layer3_out_1_V_reg_3964                                                          |    16|   0|    16|          0|
    |layer3_out_20_V_reg_4059                                                         |    16|   0|    16|          0|
    |layer3_out_21_V_reg_4064                                                         |    16|   0|    16|          0|
    |layer3_out_22_V_reg_4069                                                         |    16|   0|    16|          0|
    |layer3_out_23_V_reg_4074                                                         |    16|   0|    16|          0|
    |layer3_out_24_V_reg_4079                                                         |    16|   0|    16|          0|
    |layer3_out_25_V_reg_4084                                                         |    16|   0|    16|          0|
    |layer3_out_26_V_reg_4089                                                         |    16|   0|    16|          0|
    |layer3_out_27_V_reg_4094                                                         |    16|   0|    16|          0|
    |layer3_out_28_V_reg_4099                                                         |    16|   0|    16|          0|
    |layer3_out_29_V_reg_4104                                                         |    16|   0|    16|          0|
    |layer3_out_2_V_reg_3969                                                          |    16|   0|    16|          0|
    |layer3_out_30_V_reg_4109                                                         |    16|   0|    16|          0|
    |layer3_out_31_V_reg_4114                                                         |    16|   0|    16|          0|
    |layer3_out_32_V_reg_4119                                                         |    16|   0|    16|          0|
    |layer3_out_33_V_reg_4124                                                         |    16|   0|    16|          0|
    |layer3_out_34_V_reg_4129                                                         |    16|   0|    16|          0|
    |layer3_out_35_V_reg_4134                                                         |    16|   0|    16|          0|
    |layer3_out_36_V_reg_4139                                                         |    16|   0|    16|          0|
    |layer3_out_37_V_reg_4144                                                         |    16|   0|    16|          0|
    |layer3_out_38_V_reg_4149                                                         |    16|   0|    16|          0|
    |layer3_out_39_V_reg_4154                                                         |    16|   0|    16|          0|
    |layer3_out_3_V_reg_3974                                                          |    16|   0|    16|          0|
    |layer3_out_40_V_reg_4159                                                         |    16|   0|    16|          0|
    |layer3_out_41_V_reg_4164                                                         |    16|   0|    16|          0|
    |layer3_out_42_V_reg_4169                                                         |    16|   0|    16|          0|
    |layer3_out_43_V_reg_4174                                                         |    16|   0|    16|          0|
    |layer3_out_44_V_reg_4179                                                         |    16|   0|    16|          0|
    |layer3_out_45_V_reg_4184                                                         |    16|   0|    16|          0|
    |layer3_out_46_V_reg_4189                                                         |    16|   0|    16|          0|
    |layer3_out_47_V_reg_4194                                                         |    16|   0|    16|          0|
    |layer3_out_48_V_reg_4199                                                         |    16|   0|    16|          0|
    |layer3_out_49_V_reg_4204                                                         |    16|   0|    16|          0|
    |layer3_out_4_V_reg_3979                                                          |    16|   0|    16|          0|
    |layer3_out_50_V_reg_4209                                                         |    16|   0|    16|          0|
    |layer3_out_51_V_reg_4214                                                         |    16|   0|    16|          0|
    |layer3_out_52_V_reg_4219                                                         |    16|   0|    16|          0|
    |layer3_out_53_V_reg_4224                                                         |    16|   0|    16|          0|
    |layer3_out_54_V_reg_4229                                                         |    16|   0|    16|          0|
    |layer3_out_55_V_reg_4234                                                         |    16|   0|    16|          0|
    |layer3_out_56_V_reg_4239                                                         |    16|   0|    16|          0|
    |layer3_out_57_V_reg_4244                                                         |    16|   0|    16|          0|
    |layer3_out_58_V_reg_4249                                                         |    16|   0|    16|          0|
    |layer3_out_59_V_reg_4254                                                         |    16|   0|    16|          0|
    |layer3_out_5_V_reg_3984                                                          |    16|   0|    16|          0|
    |layer3_out_60_V_reg_4259                                                         |    16|   0|    16|          0|
    |layer3_out_61_V_reg_4264                                                         |    16|   0|    16|          0|
    |layer3_out_62_V_reg_4269                                                         |    16|   0|    16|          0|
    |layer3_out_63_V_reg_4274                                                         |    16|   0|    16|          0|
    |layer3_out_64_V_reg_4279                                                         |    16|   0|    16|          0|
    |layer3_out_65_V_reg_4284                                                         |    16|   0|    16|          0|
    |layer3_out_66_V_reg_4289                                                         |    16|   0|    16|          0|
    |layer3_out_67_V_reg_4294                                                         |    16|   0|    16|          0|
    |layer3_out_68_V_reg_4299                                                         |    16|   0|    16|          0|
    |layer3_out_69_V_reg_4304                                                         |    16|   0|    16|          0|
    |layer3_out_6_V_reg_3989                                                          |    16|   0|    16|          0|
    |layer3_out_70_V_reg_4309                                                         |    16|   0|    16|          0|
    |layer3_out_71_V_reg_4314                                                         |    16|   0|    16|          0|
    |layer3_out_72_V_reg_4319                                                         |    16|   0|    16|          0|
    |layer3_out_73_V_reg_4324                                                         |    16|   0|    16|          0|
    |layer3_out_74_V_reg_4329                                                         |    16|   0|    16|          0|
    |layer3_out_75_V_reg_4334                                                         |    16|   0|    16|          0|
    |layer3_out_76_V_reg_4339                                                         |    16|   0|    16|          0|
    |layer3_out_77_V_reg_4344                                                         |    16|   0|    16|          0|
    |layer3_out_78_V_reg_4349                                                         |    16|   0|    16|          0|
    |layer3_out_79_V_reg_4354                                                         |    16|   0|    16|          0|
    |layer3_out_7_V_reg_3994                                                          |    16|   0|    16|          0|
    |layer3_out_80_V_reg_4359                                                         |    16|   0|    16|          0|
    |layer3_out_81_V_reg_4364                                                         |    16|   0|    16|          0|
    |layer3_out_82_V_reg_4369                                                         |    16|   0|    16|          0|
    |layer3_out_83_V_reg_4374                                                         |    16|   0|    16|          0|
    |layer3_out_84_V_reg_4379                                                         |    16|   0|    16|          0|
    |layer3_out_85_V_reg_4384                                                         |    16|   0|    16|          0|
    |layer3_out_86_V_reg_4389                                                         |    16|   0|    16|          0|
    |layer3_out_87_V_reg_4394                                                         |    16|   0|    16|          0|
    |layer3_out_88_V_reg_4399                                                         |    16|   0|    16|          0|
    |layer3_out_89_V_reg_4404                                                         |    16|   0|    16|          0|
    |layer3_out_8_V_reg_3999                                                          |    16|   0|    16|          0|
    |layer3_out_90_V_reg_4409                                                         |    16|   0|    16|          0|
    |layer3_out_91_V_reg_4414                                                         |    16|   0|    16|          0|
    |layer3_out_92_V_reg_4419                                                         |    16|   0|    16|          0|
    |layer3_out_93_V_reg_4424                                                         |    16|   0|    16|          0|
    |layer3_out_94_V_reg_4429                                                         |    16|   0|    16|          0|
    |layer3_out_95_V_reg_4434                                                         |    16|   0|    16|          0|
    |layer3_out_96_V_reg_4439                                                         |    16|   0|    16|          0|
    |layer3_out_97_V_reg_4444                                                         |    16|   0|    16|          0|
    |layer3_out_98_V_reg_4449                                                         |    16|   0|    16|          0|
    |layer3_out_99_V_reg_4454                                                         |    16|   0|    16|          0|
    |layer3_out_9_V_reg_4004                                                          |    16|   0|    16|          0|
    |layer4_out_0_V_reg_4959                                                          |    16|   0|    16|          0|
    |layer4_out_10_V_reg_5009                                                         |    16|   0|    16|          0|
    |layer4_out_11_V_reg_5014                                                         |    16|   0|    16|          0|
    |layer4_out_12_V_reg_5019                                                         |    16|   0|    16|          0|
    |layer4_out_13_V_reg_5024                                                         |    16|   0|    16|          0|
    |layer4_out_14_V_reg_5029                                                         |    16|   0|    16|          0|
    |layer4_out_15_V_reg_5034                                                         |    16|   0|    16|          0|
    |layer4_out_16_V_reg_5039                                                         |    16|   0|    16|          0|
    |layer4_out_17_V_reg_5044                                                         |    16|   0|    16|          0|
    |layer4_out_18_V_reg_5049                                                         |    16|   0|    16|          0|
    |layer4_out_19_V_reg_5054                                                         |    16|   0|    16|          0|
    |layer4_out_1_V_reg_4964                                                          |    16|   0|    16|          0|
    |layer4_out_20_V_reg_5059                                                         |    16|   0|    16|          0|
    |layer4_out_21_V_reg_5064                                                         |    16|   0|    16|          0|
    |layer4_out_22_V_reg_5069                                                         |    16|   0|    16|          0|
    |layer4_out_23_V_reg_5074                                                         |    16|   0|    16|          0|
    |layer4_out_24_V_reg_5079                                                         |    16|   0|    16|          0|
    |layer4_out_25_V_reg_5084                                                         |    16|   0|    16|          0|
    |layer4_out_26_V_reg_5089                                                         |    16|   0|    16|          0|
    |layer4_out_27_V_reg_5094                                                         |    16|   0|    16|          0|
    |layer4_out_28_V_reg_5099                                                         |    16|   0|    16|          0|
    |layer4_out_29_V_reg_5104                                                         |    16|   0|    16|          0|
    |layer4_out_2_V_reg_4969                                                          |    16|   0|    16|          0|
    |layer4_out_30_V_reg_5109                                                         |    16|   0|    16|          0|
    |layer4_out_31_V_reg_5114                                                         |    16|   0|    16|          0|
    |layer4_out_32_V_reg_5119                                                         |    16|   0|    16|          0|
    |layer4_out_33_V_reg_5124                                                         |    16|   0|    16|          0|
    |layer4_out_34_V_reg_5129                                                         |    16|   0|    16|          0|
    |layer4_out_35_V_reg_5134                                                         |    16|   0|    16|          0|
    |layer4_out_36_V_reg_5139                                                         |    16|   0|    16|          0|
    |layer4_out_37_V_reg_5144                                                         |    16|   0|    16|          0|
    |layer4_out_38_V_reg_5149                                                         |    16|   0|    16|          0|
    |layer4_out_39_V_reg_5154                                                         |    16|   0|    16|          0|
    |layer4_out_3_V_reg_4974                                                          |    16|   0|    16|          0|
    |layer4_out_40_V_reg_5159                                                         |    16|   0|    16|          0|
    |layer4_out_41_V_reg_5164                                                         |    16|   0|    16|          0|
    |layer4_out_42_V_reg_5169                                                         |    16|   0|    16|          0|
    |layer4_out_43_V_reg_5174                                                         |    16|   0|    16|          0|
    |layer4_out_44_V_reg_5179                                                         |    16|   0|    16|          0|
    |layer4_out_45_V_reg_5184                                                         |    16|   0|    16|          0|
    |layer4_out_46_V_reg_5189                                                         |    16|   0|    16|          0|
    |layer4_out_47_V_reg_5194                                                         |    16|   0|    16|          0|
    |layer4_out_48_V_reg_5199                                                         |    16|   0|    16|          0|
    |layer4_out_49_V_reg_5204                                                         |    16|   0|    16|          0|
    |layer4_out_4_V_reg_4979                                                          |    16|   0|    16|          0|
    |layer4_out_5_V_reg_4984                                                          |    16|   0|    16|          0|
    |layer4_out_6_V_reg_4989                                                          |    16|   0|    16|          0|
    |layer4_out_7_V_reg_4994                                                          |    16|   0|    16|          0|
    |layer4_out_8_V_reg_4999                                                          |    16|   0|    16|          0|
    |layer4_out_9_V_reg_5004                                                          |    16|   0|    16|          0|
    |layer5_out_0_V_reg_5209                                                          |    16|   0|    16|          0|
    |layer5_out_10_V_reg_5259                                                         |    16|   0|    16|          0|
    |layer5_out_11_V_reg_5264                                                         |    16|   0|    16|          0|
    |layer5_out_12_V_reg_5269                                                         |    16|   0|    16|          0|
    |layer5_out_13_V_reg_5274                                                         |    16|   0|    16|          0|
    |layer5_out_14_V_reg_5279                                                         |    16|   0|    16|          0|
    |layer5_out_15_V_reg_5284                                                         |    16|   0|    16|          0|
    |layer5_out_16_V_reg_5289                                                         |    16|   0|    16|          0|
    |layer5_out_17_V_reg_5294                                                         |    16|   0|    16|          0|
    |layer5_out_18_V_reg_5299                                                         |    16|   0|    16|          0|
    |layer5_out_19_V_reg_5304                                                         |    16|   0|    16|          0|
    |layer5_out_1_V_reg_5214                                                          |    16|   0|    16|          0|
    |layer5_out_20_V_reg_5309                                                         |    16|   0|    16|          0|
    |layer5_out_21_V_reg_5314                                                         |    16|   0|    16|          0|
    |layer5_out_22_V_reg_5319                                                         |    16|   0|    16|          0|
    |layer5_out_23_V_reg_5324                                                         |    16|   0|    16|          0|
    |layer5_out_24_V_reg_5329                                                         |    16|   0|    16|          0|
    |layer5_out_25_V_reg_5334                                                         |    16|   0|    16|          0|
    |layer5_out_26_V_reg_5339                                                         |    16|   0|    16|          0|
    |layer5_out_27_V_reg_5344                                                         |    16|   0|    16|          0|
    |layer5_out_28_V_reg_5349                                                         |    16|   0|    16|          0|
    |layer5_out_29_V_reg_5354                                                         |    16|   0|    16|          0|
    |layer5_out_2_V_reg_5219                                                          |    16|   0|    16|          0|
    |layer5_out_30_V_reg_5359                                                         |    16|   0|    16|          0|
    |layer5_out_31_V_reg_5364                                                         |    16|   0|    16|          0|
    |layer5_out_32_V_reg_5369                                                         |    16|   0|    16|          0|
    |layer5_out_33_V_reg_5374                                                         |    16|   0|    16|          0|
    |layer5_out_34_V_reg_5379                                                         |    16|   0|    16|          0|
    |layer5_out_35_V_reg_5384                                                         |    16|   0|    16|          0|
    |layer5_out_36_V_reg_5389                                                         |    16|   0|    16|          0|
    |layer5_out_37_V_reg_5394                                                         |    16|   0|    16|          0|
    |layer5_out_38_V_reg_5399                                                         |    16|   0|    16|          0|
    |layer5_out_39_V_reg_5404                                                         |    16|   0|    16|          0|
    |layer5_out_3_V_reg_5224                                                          |    16|   0|    16|          0|
    |layer5_out_40_V_reg_5409                                                         |    16|   0|    16|          0|
    |layer5_out_41_V_reg_5414                                                         |    16|   0|    16|          0|
    |layer5_out_42_V_reg_5419                                                         |    16|   0|    16|          0|
    |layer5_out_43_V_reg_5424                                                         |    16|   0|    16|          0|
    |layer5_out_44_V_reg_5429                                                         |    16|   0|    16|          0|
    |layer5_out_45_V_reg_5434                                                         |    16|   0|    16|          0|
    |layer5_out_46_V_reg_5439                                                         |    16|   0|    16|          0|
    |layer5_out_47_V_reg_5444                                                         |    16|   0|    16|          0|
    |layer5_out_48_V_reg_5449                                                         |    16|   0|    16|          0|
    |layer5_out_49_V_reg_5454                                                         |    16|   0|    16|          0|
    |layer5_out_4_V_reg_5229                                                          |    16|   0|    16|          0|
    |layer5_out_5_V_reg_5234                                                          |    16|   0|    16|          0|
    |layer5_out_6_V_reg_5239                                                          |    16|   0|    16|          0|
    |layer5_out_7_V_reg_5244                                                          |    16|   0|    16|          0|
    |layer5_out_8_V_reg_5249                                                          |    16|   0|    16|          0|
    |layer5_out_9_V_reg_5254                                                          |    16|   0|    16|          0|
    |layer7_out_0_V_reg_5459                                                          |    16|   0|    16|          0|
    |layer7_out_10_V_reg_5509                                                         |    16|   0|    16|          0|
    |layer7_out_11_V_reg_5514                                                         |    16|   0|    16|          0|
    |layer7_out_12_V_reg_5519                                                         |    16|   0|    16|          0|
    |layer7_out_13_V_reg_5524                                                         |    16|   0|    16|          0|
    |layer7_out_14_V_reg_5529                                                         |    16|   0|    16|          0|
    |layer7_out_15_V_reg_5534                                                         |    16|   0|    16|          0|
    |layer7_out_16_V_reg_5539                                                         |    16|   0|    16|          0|
    |layer7_out_17_V_reg_5544                                                         |    16|   0|    16|          0|
    |layer7_out_18_V_reg_5549                                                         |    16|   0|    16|          0|
    |layer7_out_19_V_reg_5554                                                         |    16|   0|    16|          0|
    |layer7_out_1_V_reg_5464                                                          |    16|   0|    16|          0|
    |layer7_out_2_V_reg_5469                                                          |    16|   0|    16|          0|
    |layer7_out_3_V_reg_5474                                                          |    16|   0|    16|          0|
    |layer7_out_4_V_reg_5479                                                          |    16|   0|    16|          0|
    |layer7_out_5_V_reg_5484                                                          |    16|   0|    16|          0|
    |layer7_out_6_V_reg_5489                                                          |    16|   0|    16|          0|
    |layer7_out_7_V_reg_5494                                                          |    16|   0|    16|          0|
    |layer7_out_8_V_reg_5499                                                          |    16|   0|    16|          0|
    |layer7_out_9_V_reg_5504                                                          |    16|   0|    16|          0|
    |layer8_out_0_V_reg_5559                                                          |    16|   0|    16|          0|
    |layer8_out_1_V_reg_5564                                                          |    16|   0|    16|          0|
    |layer8_out_2_V_reg_5569                                                          |    16|   0|    16|          0|
    |layer8_out_3_V_reg_5574                                                          |    16|   0|    16|          0|
    |layer8_out_4_V_reg_5579                                                          |    16|   0|    16|          0|
    |layer8_out_5_V_reg_5584                                                          |    16|   0|    16|          0|
    |layer8_out_6_V_reg_5589                                                          |    16|   0|    16|          0|
    |layer8_out_7_V_reg_5594                                                          |    16|   0|    16|          0|
    |layer8_out_8_V_reg_5599                                                          |    16|   0|    16|          0|
    |layer8_out_9_V_reg_5604                                                          |    16|   0|    16|          0|
    |layer9_out_0_V_reg_5609                                                          |    16|   0|    16|          0|
    |layer9_out_1_V_reg_5614                                                          |    16|   0|    16|          0|
    |layer9_out_2_V_reg_5619                                                          |    16|   0|    16|          0|
    |layer9_out_3_V_reg_5624                                                          |    16|   0|    16|          0|
    |layer9_out_4_V_reg_5629                                                          |    16|   0|    16|          0|
    |layer9_out_5_V_reg_5634                                                          |    16|   0|    16|          0|
    |layer9_out_6_V_reg_5639                                                          |    16|   0|    16|          0|
    |layer9_out_7_V_reg_5644                                                          |    16|   0|    16|          0|
    |layer9_out_8_V_reg_5649                                                          |    16|   0|    16|          0|
    |layer9_out_9_V_reg_5654                                                          |    16|   0|    16|          0|
    +---------------------------------------------------------------------------------+------+----+------+-----------+
    |Total                                                                            | 10907|   0| 10907|          0|
    +---------------------------------------------------------------------------------+------+----+------+-----------+



================================================================
== Interface
================================================================
* Summary: 
+-------------------------+-----+------+------------+------------------+--------------+
|        RTL Ports        | Dir | Bits |  Protocol  |   Source Object  |    C Type    |
+-------------------------+-----+------+------------+------------------+--------------+
|ap_clk                   |  in |     1| ap_ctrl_hs |     myproject    | return value |
|ap_rst                   |  in |     1| ap_ctrl_hs |     myproject    | return value |
|ap_start                 |  in |     1| ap_ctrl_hs |     myproject    | return value |
|ap_done                  | out |     1| ap_ctrl_hs |     myproject    | return value |
|ap_idle                  | out |     1| ap_ctrl_hs |     myproject    | return value |
|ap_ready                 | out |     1| ap_ctrl_hs |     myproject    | return value |
|conv1d_input_V           |  in |  2240|   ap_vld   |  conv1d_input_V  |    pointer   |
|conv1d_input_V_ap_vld    |  in |     1|   ap_vld   |  conv1d_input_V  |    pointer   |
|layer11_out_0_V          | out |    16|   ap_vld   |  layer11_out_0_V |    pointer   |
|layer11_out_0_V_ap_vld   | out |     1|   ap_vld   |  layer11_out_0_V |    pointer   |
|const_size_in_1          | out |    16|   ap_vld   |  const_size_in_1 |    pointer   |
|const_size_in_1_ap_vld   | out |     1|   ap_vld   |  const_size_in_1 |    pointer   |
|const_size_out_1         | out |    16|   ap_vld   | const_size_out_1 |    pointer   |
|const_size_out_1_ap_vld  | out |     1|   ap_vld   | const_size_out_1 |    pointer   |
+-------------------------+-----+------+------------+------------------+--------------+

