

================================================================
== Vivado HLS Report for 'relu_ap_fixed_ap_fixed_16_8_5_3_0_relu_config7_s'
================================================================
* Date:           Sun Jun 20 16:03:15 2021

* Version:        2019.1 (Build 2552052 on Fri May 24 15:28:33 MDT 2019)
* Project:        myproject_prj
* Solution:       solution1
* Product family: virtexuplus
* Target device:  xcvu9p-flgb2104-2-i


================================================================
== Performance Estimates
================================================================
+ Timing (ns): 
    * Summary: 
    +--------+-------+----------+------------+
    |  Clock | Target| Estimated| Uncertainty|
    +--------+-------+----------+------------+
    |ap_clk  |   5.00|     0.969|        0.62|
    +--------+-------+----------+------------+

+ Latency (clock cycles): 
    * Summary: 
    +-----+-----+-----+-----+----------+
    |  Latency  |  Interval | Pipeline |
    | min | max | min | max |   Type   |
    +-----+-----+-----+-----+----------+
    |    0|    0|    1|    1| function |
    +-----+-----+-----+-----+----------+

    + Detail: 
        * Instance: 
        N/A

        * Loop: 
        N/A



================================================================
== Utilization Estimates
================================================================
* Summary: 
+---------------------+---------+-------+---------+---------+-----+
|         Name        | BRAM_18K| DSP48E|    FF   |   LUT   | URAM|
+---------------------+---------+-------+---------+---------+-----+
|DSP                  |        -|      -|        -|        -|    -|
|Expression           |        -|      -|        0|      560|    -|
|FIFO                 |        -|      -|        -|        -|    -|
|Instance             |        -|      -|        -|        -|    -|
|Memory               |        -|      -|        -|        -|    -|
|Multiplexer          |        -|      -|        -|        -|    -|
|Register             |        -|      -|        -|        -|    -|
+---------------------+---------+-------+---------+---------+-----+
|Total                |        0|      0|        0|      560|    0|
+---------------------+---------+-------+---------+---------+-----+
|Available SLR        |     1440|   2280|   788160|   394080|  320|
+---------------------+---------+-------+---------+---------+-----+
|Utilization SLR (%)  |        0|      0|        0|    ~0   |    0|
+---------------------+---------+-------+---------+---------+-----+
|Available            |     4320|   6840|  2364480|  1182240|  960|
+---------------------+---------+-------+---------+---------+-----+
|Utilization (%)      |        0|      0|        0|    ~0   |    0|
+---------------------+---------+-------+---------+---------+-----+

+ Detail: 
    * Instance: 
    N/A

    * DSP48E: 
    N/A

    * Memory: 
    N/A

    * FIFO: 
    N/A

    * Expression: 
    +--------------------------+----------+-------+---+----+------------+------------+
    |       Variable Name      | Operation| DSP48E| FF| LUT| Bitwidth P0| Bitwidth P1|
    +--------------------------+----------+-------+---+----+------------+------------+
    |icmp_ln1494_10_fu_404_p2  |   icmp   |      0|  0|  13|          16|           1|
    |icmp_ln1494_11_fu_426_p2  |   icmp   |      0|  0|  13|          16|           1|
    |icmp_ln1494_12_fu_448_p2  |   icmp   |      0|  0|  13|          16|           1|
    |icmp_ln1494_13_fu_470_p2  |   icmp   |      0|  0|  13|          16|           1|
    |icmp_ln1494_14_fu_492_p2  |   icmp   |      0|  0|  13|          16|           1|
    |icmp_ln1494_15_fu_514_p2  |   icmp   |      0|  0|  13|          16|           1|
    |icmp_ln1494_16_fu_536_p2  |   icmp   |      0|  0|  13|          16|           1|
    |icmp_ln1494_17_fu_558_p2  |   icmp   |      0|  0|  13|          16|           1|
    |icmp_ln1494_18_fu_580_p2  |   icmp   |      0|  0|  13|          16|           1|
    |icmp_ln1494_19_fu_602_p2  |   icmp   |      0|  0|  13|          16|           1|
    |icmp_ln1494_1_fu_206_p2   |   icmp   |      0|  0|  13|          16|           1|
    |icmp_ln1494_2_fu_228_p2   |   icmp   |      0|  0|  13|          16|           1|
    |icmp_ln1494_3_fu_250_p2   |   icmp   |      0|  0|  13|          16|           1|
    |icmp_ln1494_4_fu_272_p2   |   icmp   |      0|  0|  13|          16|           1|
    |icmp_ln1494_5_fu_294_p2   |   icmp   |      0|  0|  13|          16|           1|
    |icmp_ln1494_6_fu_316_p2   |   icmp   |      0|  0|  13|          16|           1|
    |icmp_ln1494_7_fu_338_p2   |   icmp   |      0|  0|  13|          16|           1|
    |icmp_ln1494_8_fu_360_p2   |   icmp   |      0|  0|  13|          16|           1|
    |icmp_ln1494_9_fu_382_p2   |   icmp   |      0|  0|  13|          16|           1|
    |icmp_ln1494_fu_184_p2     |   icmp   |      0|  0|  13|          16|           1|
    |select_ln81_10_fu_216_p3  |  select  |      0|  0|  15|           1|          15|
    |select_ln81_11_fu_238_p3  |  select  |      0|  0|  15|           1|          15|
    |select_ln81_12_fu_260_p3  |  select  |      0|  0|  15|           1|          15|
    |select_ln81_13_fu_282_p3  |  select  |      0|  0|  15|           1|          15|
    |select_ln81_14_fu_304_p3  |  select  |      0|  0|  15|           1|          15|
    |select_ln81_15_fu_326_p3  |  select  |      0|  0|  15|           1|          15|
    |select_ln81_16_fu_348_p3  |  select  |      0|  0|  15|           1|          15|
    |select_ln81_17_fu_370_p3  |  select  |      0|  0|  15|           1|          15|
    |select_ln81_18_fu_392_p3  |  select  |      0|  0|  15|           1|          15|
    |select_ln81_19_fu_414_p3  |  select  |      0|  0|  15|           1|          15|
    |select_ln81_20_fu_436_p3  |  select  |      0|  0|  15|           1|          15|
    |select_ln81_21_fu_458_p3  |  select  |      0|  0|  15|           1|          15|
    |select_ln81_22_fu_480_p3  |  select  |      0|  0|  15|           1|          15|
    |select_ln81_23_fu_502_p3  |  select  |      0|  0|  15|           1|          15|
    |select_ln81_24_fu_524_p3  |  select  |      0|  0|  15|           1|          15|
    |select_ln81_25_fu_546_p3  |  select  |      0|  0|  15|           1|          15|
    |select_ln81_26_fu_568_p3  |  select  |      0|  0|  15|           1|          15|
    |select_ln81_27_fu_590_p3  |  select  |      0|  0|  15|           1|          15|
    |select_ln81_28_fu_612_p3  |  select  |      0|  0|  15|           1|          15|
    |select_ln81_fu_194_p3     |  select  |      0|  0|  15|           1|          15|
    +--------------------------+----------+-------+---+----+------------+------------+
    |Total                     |          |      0|  0| 560|         340|         320|
    +--------------------------+----------+-------+---+----+------------+------------+

    * Multiplexer: 
    N/A

    * Register: 
    N/A



================================================================
== Interface
================================================================
* Summary: 
+----------------+-----+-----+------------+--------------------------------------------------+--------------+
|    RTL Ports   | Dir | Bits|  Protocol  |                   Source Object                  |    C Type    |
+----------------+-----+-----+------------+--------------------------------------------------+--------------+
|ap_ready        | out |    1| ap_ctrl_hs | relu<ap_fixed,ap_fixed<16,8,5,3,0>,relu_config7> | return value |
|ap_return_0     | out |   16| ap_ctrl_hs | relu<ap_fixed,ap_fixed<16,8,5,3,0>,relu_config7> | return value |
|ap_return_1     | out |   16| ap_ctrl_hs | relu<ap_fixed,ap_fixed<16,8,5,3,0>,relu_config7> | return value |
|ap_return_2     | out |   16| ap_ctrl_hs | relu<ap_fixed,ap_fixed<16,8,5,3,0>,relu_config7> | return value |
|ap_return_3     | out |   16| ap_ctrl_hs | relu<ap_fixed,ap_fixed<16,8,5,3,0>,relu_config7> | return value |
|ap_return_4     | out |   16| ap_ctrl_hs | relu<ap_fixed,ap_fixed<16,8,5,3,0>,relu_config7> | return value |
|ap_return_5     | out |   16| ap_ctrl_hs | relu<ap_fixed,ap_fixed<16,8,5,3,0>,relu_config7> | return value |
|ap_return_6     | out |   16| ap_ctrl_hs | relu<ap_fixed,ap_fixed<16,8,5,3,0>,relu_config7> | return value |
|ap_return_7     | out |   16| ap_ctrl_hs | relu<ap_fixed,ap_fixed<16,8,5,3,0>,relu_config7> | return value |
|ap_return_8     | out |   16| ap_ctrl_hs | relu<ap_fixed,ap_fixed<16,8,5,3,0>,relu_config7> | return value |
|ap_return_9     | out |   16| ap_ctrl_hs | relu<ap_fixed,ap_fixed<16,8,5,3,0>,relu_config7> | return value |
|ap_return_10    | out |   16| ap_ctrl_hs | relu<ap_fixed,ap_fixed<16,8,5,3,0>,relu_config7> | return value |
|ap_return_11    | out |   16| ap_ctrl_hs | relu<ap_fixed,ap_fixed<16,8,5,3,0>,relu_config7> | return value |
|ap_return_12    | out |   16| ap_ctrl_hs | relu<ap_fixed,ap_fixed<16,8,5,3,0>,relu_config7> | return value |
|ap_return_13    | out |   16| ap_ctrl_hs | relu<ap_fixed,ap_fixed<16,8,5,3,0>,relu_config7> | return value |
|ap_return_14    | out |   16| ap_ctrl_hs | relu<ap_fixed,ap_fixed<16,8,5,3,0>,relu_config7> | return value |
|ap_return_15    | out |   16| ap_ctrl_hs | relu<ap_fixed,ap_fixed<16,8,5,3,0>,relu_config7> | return value |
|ap_return_16    | out |   16| ap_ctrl_hs | relu<ap_fixed,ap_fixed<16,8,5,3,0>,relu_config7> | return value |
|ap_return_17    | out |   16| ap_ctrl_hs | relu<ap_fixed,ap_fixed<16,8,5,3,0>,relu_config7> | return value |
|ap_return_18    | out |   16| ap_ctrl_hs | relu<ap_fixed,ap_fixed<16,8,5,3,0>,relu_config7> | return value |
|ap_return_19    | out |   16| ap_ctrl_hs | relu<ap_fixed,ap_fixed<16,8,5,3,0>,relu_config7> | return value |
|data_0_V_read   |  in |   16|   ap_none  |                   data_0_V_read                  |    scalar    |
|data_1_V_read   |  in |   16|   ap_none  |                   data_1_V_read                  |    scalar    |
|data_2_V_read   |  in |   16|   ap_none  |                   data_2_V_read                  |    scalar    |
|data_3_V_read   |  in |   16|   ap_none  |                   data_3_V_read                  |    scalar    |
|data_4_V_read   |  in |   16|   ap_none  |                   data_4_V_read                  |    scalar    |
|data_5_V_read   |  in |   16|   ap_none  |                   data_5_V_read                  |    scalar    |
|data_6_V_read   |  in |   16|   ap_none  |                   data_6_V_read                  |    scalar    |
|data_7_V_read   |  in |   16|   ap_none  |                   data_7_V_read                  |    scalar    |
|data_8_V_read   |  in |   16|   ap_none  |                   data_8_V_read                  |    scalar    |
|data_9_V_read   |  in |   16|   ap_none  |                   data_9_V_read                  |    scalar    |
|data_10_V_read  |  in |   16|   ap_none  |                  data_10_V_read                  |    scalar    |
|data_11_V_read  |  in |   16|   ap_none  |                  data_11_V_read                  |    scalar    |
|data_12_V_read  |  in |   16|   ap_none  |                  data_12_V_read                  |    scalar    |
|data_13_V_read  |  in |   16|   ap_none  |                  data_13_V_read                  |    scalar    |
|data_14_V_read  |  in |   16|   ap_none  |                  data_14_V_read                  |    scalar    |
|data_15_V_read  |  in |   16|   ap_none  |                  data_15_V_read                  |    scalar    |
|data_16_V_read  |  in |   16|   ap_none  |                  data_16_V_read                  |    scalar    |
|data_17_V_read  |  in |   16|   ap_none  |                  data_17_V_read                  |    scalar    |
|data_18_V_read  |  in |   16|   ap_none  |                  data_18_V_read                  |    scalar    |
|data_19_V_read  |  in |   16|   ap_none  |                  data_19_V_read                  |    scalar    |
+----------------+-----+-----+------------+--------------------------------------------------+--------------+

