

================================================================
== Vivado HLS Report for 'sigmoid_ap_fixed_ap_fixed_sigmoid_config11_s'
================================================================
* Date:           Sun Jun 20 16:03:38 2021

* Version:        2019.1 (Build 2552052 on Fri May 24 15:28:33 MDT 2019)
* Project:        myproject_prj
* Solution:       solution1
* Product family: virtexuplus
* Target device:  xcvu9p-flgb2104-2-i


================================================================
== Performance Estimates
================================================================
+ Timing (ns): 
    * Summary: 
    +--------+-------+----------+------------+
    |  Clock | Target| Estimated| Uncertainty|
    +--------+-------+----------+------------+
    |ap_clk  |   5.00|     4.123|        0.62|
    +--------+-------+----------+------------+

+ Latency (clock cycles): 
    * Summary: 
    +-----+-----+-----+-----+----------+
    |  Latency  |  Interval | Pipeline |
    | min | max | min | max |   Type   |
    +-----+-----+-----+-----+----------+
    |    1|    1|    1|    1| function |
    +-----+-----+-----+-----+----------+

    + Detail: 
        * Instance: 
        N/A

        * Loop: 
        N/A



================================================================
== Utilization Estimates
================================================================
* Summary: 
+---------------------+---------+-------+---------+---------+-----+
|         Name        | BRAM_18K| DSP48E|    FF   |   LUT   | URAM|
+---------------------+---------+-------+---------+---------+-----+
|DSP                  |        -|      -|        -|        -|    -|
|Expression           |        -|      -|        0|      144|    -|
|FIFO                 |        -|      -|        -|        -|    -|
|Instance             |        -|      -|        -|        -|    -|
|Memory               |        1|      -|        0|        0|    -|
|Multiplexer          |        -|      -|        -|        -|    -|
|Register             |        -|      -|        2|        -|    -|
+---------------------+---------+-------+---------+---------+-----+
|Total                |        1|      0|        2|      144|    0|
+---------------------+---------+-------+---------+---------+-----+
|Available SLR        |     1440|   2280|   788160|   394080|  320|
+---------------------+---------+-------+---------+---------+-----+
|Utilization SLR (%)  |    ~0   |      0|    ~0   |    ~0   |    0|
+---------------------+---------+-------+---------+---------+-----+
|Available            |     4320|   6840|  2364480|  1182240|  960|
+---------------------+---------+-------+---------+---------+-----+
|Utilization (%)      |    ~0   |      0|    ~0   |    ~0   |    0|
+---------------------+---------+-------+---------+---------+-----+

+ Detail: 
    * Instance: 
    N/A

    * DSP48E: 
    N/A

    * Memory: 
    +------------------+-------------------------------------------------------------+---------+---+----+-----+------+-----+------+-------------+
    |      Memory      |                            Module                           | BRAM_18K| FF| LUT| URAM| Words| Bits| Banks| W*Bits*Banks|
    +------------------+-------------------------------------------------------------+---------+---+----+-----+------+-----+------+-------------+
    |sigmoid_table1_U  |sigmoid_ap_fixed_ap_fixed_sigmoid_config11_s_sigmoid_table1  |        1|  0|   0|    0|  1024|   10|     1|        10240|
    +------------------+-------------------------------------------------------------+---------+---+----+-----+------+-----+------+-------------+
    |Total             |                                                             |        1|  0|   0|    0|  1024|   10|     1|        10240|
    +------------------+-------------------------------------------------------------+---------+---+----+-----+------+-----+------+-------------+

    * FIFO: 
    N/A

    * Expression: 
    +-----------------------------+----------+-------+---+----+------------+------------+
    |        Variable Name        | Operation| DSP48E| FF| LUT| Bitwidth P0| Bitwidth P1|
    +-----------------------------+----------+-------+---+----+------------+------------+
    |add_ln167_1_fu_165_p2        |     +    |      0|  0|  14|          10|          14|
    |index_fu_159_p2              |     +    |      0|  0|  15|          10|          15|
    |ret_V_fu_133_p2              |     +    |      0|  0|  15|           1|          15|
    |ap_block_pp0_stage0_11001    |    and   |      0|  0|   2|           1|           1|
    |icmp_ln169_fu_201_p2         |   icmp   |      0|  0|   9|           4|           1|
    |icmp_ln851_fu_127_p2         |   icmp   |      0|  0|  11|           8|           1|
    |p_Result_s_fu_109_p2         |   icmp   |      0|  0|  20|          26|           5|
    |ap_block_pp0_stage0_subdone  |    or    |      0|  0|   2|           1|           1|
    |select_ln168_fu_179_p3       |  select  |      0|  0|  14|           1|           1|
    |select_ln169_fu_207_p3       |  select  |      0|  0|  10|           1|           2|
    |select_ln850_fu_147_p3       |  select  |      0|  0|  15|           1|          15|
    |select_ln851_fu_139_p3       |  select  |      0|  0|  15|           1|          15|
    |ap_enable_pp0                |    xor   |      0|  0|   2|           1|           2|
    +-----------------------------+----------+-------+---+----+------------+------------+
    |Total                        |          |      0|  0| 144|          66|          88|
    +-----------------------------+----------+-------+---+----+------------+------------+

    * Multiplexer: 
    N/A

    * Register: 
    +-------------------------+---+----+-----+-----------+
    |           Name          | FF| LUT| Bits| Const Bits|
    +-------------------------+---+----+-----+-----------+
    |ap_CS_fsm                |  1|   0|    1|          0|
    |ap_enable_reg_pp0_iter1  |  1|   0|    1|          0|
    +-------------------------+---+----+-----+-----------+
    |Total                    |  2|   0|    2|          0|
    +-------------------------+---+----+-----+-----------+



================================================================
== Interface
================================================================
* Summary: 
+-------------+-----+-----+------------+---------------------------------------------+--------------+
|  RTL Ports  | Dir | Bits|  Protocol  |                Source Object                |    C Type    |
+-------------+-----+-----+------------+---------------------------------------------+--------------+
|ap_clk       |  in |    1| ap_ctrl_hs | sigmoid<ap_fixed,ap_fixed,sigmoid_config11> | return value |
|ap_rst       |  in |    1| ap_ctrl_hs | sigmoid<ap_fixed,ap_fixed,sigmoid_config11> | return value |
|ap_start     |  in |    1| ap_ctrl_hs | sigmoid<ap_fixed,ap_fixed,sigmoid_config11> | return value |
|ap_done      | out |    1| ap_ctrl_hs | sigmoid<ap_fixed,ap_fixed,sigmoid_config11> | return value |
|ap_idle      | out |    1| ap_ctrl_hs | sigmoid<ap_fixed,ap_fixed,sigmoid_config11> | return value |
|ap_ready     | out |    1| ap_ctrl_hs | sigmoid<ap_fixed,ap_fixed,sigmoid_config11> | return value |
|ap_ce        |  in |    1| ap_ctrl_hs | sigmoid<ap_fixed,ap_fixed,sigmoid_config11> | return value |
|ap_return    | out |    8| ap_ctrl_hs | sigmoid<ap_fixed,ap_fixed,sigmoid_config11> | return value |
|data_V_read  |  in |   16|   ap_none  |                 data_V_read                 |    scalar    |
+-------------+-----+-----+------------+---------------------------------------------+--------------+

