

================================================================
== Vivado HLS Report for 'conv_1d_latency_cl_0_0_0_0_0_0_0_0_0_0_0_0_0_0_0_0_0_0_0_0_0_1'
================================================================
* Date:           Mon Sep 26 10:32:47 2022

* Version:        2019.1 (Build 2552052 on Fri May 24 15:28:33 MDT 2019)
* Project:        myproject_prj
* Solution:       solution1
* Product family: virtexuplus
* Target device:  xcvu9p-flga2104-2L-e


================================================================
== Performance Estimates
================================================================
+ Timing (ns): 
    * Summary: 
    +--------+-------+----------+------------+
    |  Clock | Target| Estimated| Uncertainty|
    +--------+-------+----------+------------+
    |ap_clk  |   5.00|     1.458|        0.62|
    +--------+-------+----------+------------+

+ Latency (clock cycles): 
    * Summary: 
    +-----+-----+-----+-----+---------+
    |  Latency  |  Interval | Pipeline|
    | min | max | min | max |   Type  |
    +-----+-----+-----+-----+---------+
    |    0|    0|    0|    0|   none  |
    +-----+-----+-----+-----+---------+

    + Detail: 
        * Instance: 
        N/A

        * Loop: 
        N/A



================================================================
== Utilization Estimates
================================================================
* Summary: 
+---------------------+---------+-------+---------+---------+-----+
|         Name        | BRAM_18K| DSP48E|    FF   |   LUT   | URAM|
+---------------------+---------+-------+---------+---------+-----+
|DSP                  |        -|      -|        -|        -|    -|
|Expression           |        -|      -|        0|        2|    -|
|FIFO                 |        -|      -|        -|        -|    -|
|Instance             |        -|      -|        -|        -|    -|
|Memory               |        -|      -|        -|        -|    -|
|Multiplexer          |        -|      -|        -|     1368|    -|
|Register             |        -|      -|     1502|        -|    -|
+---------------------+---------+-------+---------+---------+-----+
|Total                |        0|      0|     1502|     1370|    0|
+---------------------+---------+-------+---------+---------+-----+
|Available SLR        |     1440|   2280|   788160|   394080|  320|
+---------------------+---------+-------+---------+---------+-----+
|Utilization SLR (%)  |        0|      0|    ~0   |    ~0   |    0|
+---------------------+---------+-------+---------+---------+-----+
|Available            |     4320|   6840|  2364480|  1182240|  960|
+---------------------+---------+-------+---------+---------+-----+
|Utilization (%)      |        0|      0|    ~0   |    ~0   |    0|
+---------------------+---------+-------+---------+---------+-----+

+ Detail: 
    * Instance: 
    N/A

    * DSP48E: 
    N/A

    * Memory: 
    N/A

    * FIFO: 
    N/A

    * Expression: 
    +-----------------+----------+-------+---+----+------------+------------+
    |  Variable Name  | Operation| DSP48E| FF| LUT| Bitwidth P0| Bitwidth P1|
    +-----------------+----------+-------+---+----+------------+------------+
    |ap_block_state1  |    or    |      0|  0|   2|           1|           1|
    +-----------------+----------+-------+---+----+------------+------------+
    |Total            |          |      0|  0|   2|           1|           1|
    +-----------------+----------+-------+---+----+------------+------------+

    * Multiplexer: 
    +--------------------+----+-----------+-----+-----------+
    |        Name        | LUT| Input Size| Bits| Total Bits|
    +--------------------+----+-----------+-----+-----------+
    |ap_done             |   9|          2|    1|          2|
    |data_V_blk_n        |   9|          2|    1|          2|
    |dense_data_10_0_V   |   9|          2|   10|         20|
    |dense_data_10_10_V  |   9|          2|   10|         20|
    |dense_data_10_11_V  |   9|          2|   10|         20|
    |dense_data_10_12_V  |   9|          2|   10|         20|
    |dense_data_10_13_V  |   9|          2|   10|         20|
    |dense_data_10_14_V  |   9|          2|   10|         20|
    |dense_data_10_1_V   |   9|          2|   10|         20|
    |dense_data_10_2_V   |   9|          2|   10|         20|
    |dense_data_10_3_V   |   9|          2|   10|         20|
    |dense_data_10_4_V   |   9|          2|   10|         20|
    |dense_data_10_5_V   |   9|          2|   10|         20|
    |dense_data_10_6_V   |   9|          2|   10|         20|
    |dense_data_10_7_V   |   9|          2|   10|         20|
    |dense_data_10_8_V   |   9|          2|   10|         20|
    |dense_data_10_9_V   |   9|          2|   10|         20|
    |dense_data_1_0_V    |   9|          2|   10|         20|
    |dense_data_1_10_V   |   9|          2|   10|         20|
    |dense_data_1_11_V   |   9|          2|   10|         20|
    |dense_data_1_12_V   |   9|          2|   10|         20|
    |dense_data_1_13_V   |   9|          2|   10|         20|
    |dense_data_1_14_V   |   9|          2|   10|         20|
    |dense_data_1_1_V    |   9|          2|   10|         20|
    |dense_data_1_2_V    |   9|          2|   10|         20|
    |dense_data_1_3_V    |   9|          2|   10|         20|
    |dense_data_1_4_V    |   9|          2|   10|         20|
    |dense_data_1_5_V    |   9|          2|   10|         20|
    |dense_data_1_6_V    |   9|          2|   10|         20|
    |dense_data_1_7_V    |   9|          2|   10|         20|
    |dense_data_1_8_V    |   9|          2|   10|         20|
    |dense_data_1_9_V    |   9|          2|   10|         20|
    |dense_data_2_0_V    |   9|          2|   10|         20|
    |dense_data_2_10_V   |   9|          2|   10|         20|
    |dense_data_2_11_V   |   9|          2|   10|         20|
    |dense_data_2_12_V   |   9|          2|   10|         20|
    |dense_data_2_13_V   |   9|          2|   10|         20|
    |dense_data_2_14_V   |   9|          2|   10|         20|
    |dense_data_2_1_V    |   9|          2|   10|         20|
    |dense_data_2_2_V    |   9|          2|   10|         20|
    |dense_data_2_3_V    |   9|          2|   10|         20|
    |dense_data_2_4_V    |   9|          2|   10|         20|
    |dense_data_2_5_V    |   9|          2|   10|         20|
    |dense_data_2_6_V    |   9|          2|   10|         20|
    |dense_data_2_7_V    |   9|          2|   10|         20|
    |dense_data_2_8_V    |   9|          2|   10|         20|
    |dense_data_2_9_V    |   9|          2|   10|         20|
    |dense_data_3_0_V    |   9|          2|   10|         20|
    |dense_data_3_10_V   |   9|          2|   10|         20|
    |dense_data_3_11_V   |   9|          2|   10|         20|
    |dense_data_3_12_V   |   9|          2|   10|         20|
    |dense_data_3_13_V   |   9|          2|   10|         20|
    |dense_data_3_14_V   |   9|          2|   10|         20|
    |dense_data_3_1_V    |   9|          2|   10|         20|
    |dense_data_3_2_V    |   9|          2|   10|         20|
    |dense_data_3_3_V    |   9|          2|   10|         20|
    |dense_data_3_4_V    |   9|          2|   10|         20|
    |dense_data_3_5_V    |   9|          2|   10|         20|
    |dense_data_3_6_V    |   9|          2|   10|         20|
    |dense_data_3_7_V    |   9|          2|   10|         20|
    |dense_data_3_8_V    |   9|          2|   10|         20|
    |dense_data_3_9_V    |   9|          2|   10|         20|
    |dense_data_4_0_V    |   9|          2|   10|         20|
    |dense_data_4_10_V   |   9|          2|   10|         20|
    |dense_data_4_11_V   |   9|          2|   10|         20|
    |dense_data_4_12_V   |   9|          2|   10|         20|
    |dense_data_4_13_V   |   9|          2|   10|         20|
    |dense_data_4_14_V   |   9|          2|   10|         20|
    |dense_data_4_1_V    |   9|          2|   10|         20|
    |dense_data_4_2_V    |   9|          2|   10|         20|
    |dense_data_4_3_V    |   9|          2|   10|         20|
    |dense_data_4_4_V    |   9|          2|   10|         20|
    |dense_data_4_5_V    |   9|          2|   10|         20|
    |dense_data_4_6_V    |   9|          2|   10|         20|
    |dense_data_4_7_V    |   9|          2|   10|         20|
    |dense_data_4_8_V    |   9|          2|   10|         20|
    |dense_data_4_9_V    |   9|          2|   10|         20|
    |dense_data_5_0_V    |   9|          2|   10|         20|
    |dense_data_5_10_V   |   9|          2|   10|         20|
    |dense_data_5_11_V   |   9|          2|   10|         20|
    |dense_data_5_12_V   |   9|          2|   10|         20|
    |dense_data_5_13_V   |   9|          2|   10|         20|
    |dense_data_5_14_V   |   9|          2|   10|         20|
    |dense_data_5_1_V    |   9|          2|   10|         20|
    |dense_data_5_2_V    |   9|          2|   10|         20|
    |dense_data_5_3_V    |   9|          2|   10|         20|
    |dense_data_5_4_V    |   9|          2|   10|         20|
    |dense_data_5_5_V    |   9|          2|   10|         20|
    |dense_data_5_6_V    |   9|          2|   10|         20|
    |dense_data_5_7_V    |   9|          2|   10|         20|
    |dense_data_5_8_V    |   9|          2|   10|         20|
    |dense_data_5_9_V    |   9|          2|   10|         20|
    |dense_data_6_0_V    |   9|          2|   10|         20|
    |dense_data_6_10_V   |   9|          2|   10|         20|
    |dense_data_6_11_V   |   9|          2|   10|         20|
    |dense_data_6_12_V   |   9|          2|   10|         20|
    |dense_data_6_13_V   |   9|          2|   10|         20|
    |dense_data_6_14_V   |   9|          2|   10|         20|
    |dense_data_6_1_V    |   9|          2|   10|         20|
    |dense_data_6_2_V    |   9|          2|   10|         20|
    |dense_data_6_3_V    |   9|          2|   10|         20|
    |dense_data_6_4_V    |   9|          2|   10|         20|
    |dense_data_6_5_V    |   9|          2|   10|         20|
    |dense_data_6_6_V    |   9|          2|   10|         20|
    |dense_data_6_7_V    |   9|          2|   10|         20|
    |dense_data_6_8_V    |   9|          2|   10|         20|
    |dense_data_6_9_V    |   9|          2|   10|         20|
    |dense_data_7_0_V    |   9|          2|   10|         20|
    |dense_data_7_10_V   |   9|          2|   10|         20|
    |dense_data_7_11_V   |   9|          2|   10|         20|
    |dense_data_7_12_V   |   9|          2|   10|         20|
    |dense_data_7_13_V   |   9|          2|   10|         20|
    |dense_data_7_14_V   |   9|          2|   10|         20|
    |dense_data_7_1_V    |   9|          2|   10|         20|
    |dense_data_7_2_V    |   9|          2|   10|         20|
    |dense_data_7_3_V    |   9|          2|   10|         20|
    |dense_data_7_4_V    |   9|          2|   10|         20|
    |dense_data_7_5_V    |   9|          2|   10|         20|
    |dense_data_7_6_V    |   9|          2|   10|         20|
    |dense_data_7_7_V    |   9|          2|   10|         20|
    |dense_data_7_8_V    |   9|          2|   10|         20|
    |dense_data_7_9_V    |   9|          2|   10|         20|
    |dense_data_8_0_V    |   9|          2|   10|         20|
    |dense_data_8_10_V   |   9|          2|   10|         20|
    |dense_data_8_11_V   |   9|          2|   10|         20|
    |dense_data_8_12_V   |   9|          2|   10|         20|
    |dense_data_8_13_V   |   9|          2|   10|         20|
    |dense_data_8_14_V   |   9|          2|   10|         20|
    |dense_data_8_1_V    |   9|          2|   10|         20|
    |dense_data_8_2_V    |   9|          2|   10|         20|
    |dense_data_8_3_V    |   9|          2|   10|         20|
    |dense_data_8_4_V    |   9|          2|   10|         20|
    |dense_data_8_5_V    |   9|          2|   10|         20|
    |dense_data_8_6_V    |   9|          2|   10|         20|
    |dense_data_8_7_V    |   9|          2|   10|         20|
    |dense_data_8_8_V    |   9|          2|   10|         20|
    |dense_data_8_9_V    |   9|          2|   10|         20|
    |dense_data_9_0_V    |   9|          2|   10|         20|
    |dense_data_9_10_V   |   9|          2|   10|         20|
    |dense_data_9_11_V   |   9|          2|   10|         20|
    |dense_data_9_12_V   |   9|          2|   10|         20|
    |dense_data_9_13_V   |   9|          2|   10|         20|
    |dense_data_9_14_V   |   9|          2|   10|         20|
    |dense_data_9_1_V    |   9|          2|   10|         20|
    |dense_data_9_2_V    |   9|          2|   10|         20|
    |dense_data_9_3_V    |   9|          2|   10|         20|
    |dense_data_9_4_V    |   9|          2|   10|         20|
    |dense_data_9_5_V    |   9|          2|   10|         20|
    |dense_data_9_6_V    |   9|          2|   10|         20|
    |dense_data_9_7_V    |   9|          2|   10|         20|
    |dense_data_9_8_V    |   9|          2|   10|         20|
    |dense_data_9_9_V    |   9|          2|   10|         20|
    +--------------------+----+-----------+-----+-----------+
    |Total               |1368|        304| 1502|       3004|
    +--------------------+----+-----------+-----+-----------+

    * Register: 
    +-------------------------+----+----+-----+-----------+
    |           Name          | FF | LUT| Bits| Const Bits|
    +-------------------------+----+----+-----+-----------+
    |ap_CS_fsm                |   1|   0|    1|          0|
    |ap_done_reg              |   1|   0|    1|          0|
    |dense_data_10_0_V_preg   |  10|   0|   10|          0|
    |dense_data_10_10_V_preg  |  10|   0|   10|          0|
    |dense_data_10_11_V_preg  |  10|   0|   10|          0|
    |dense_data_10_12_V_preg  |  10|   0|   10|          0|
    |dense_data_10_13_V_preg  |  10|   0|   10|          0|
    |dense_data_10_14_V_preg  |  10|   0|   10|          0|
    |dense_data_10_1_V_preg   |  10|   0|   10|          0|
    |dense_data_10_2_V_preg   |  10|   0|   10|          0|
    |dense_data_10_3_V_preg   |  10|   0|   10|          0|
    |dense_data_10_4_V_preg   |  10|   0|   10|          0|
    |dense_data_10_5_V_preg   |  10|   0|   10|          0|
    |dense_data_10_6_V_preg   |  10|   0|   10|          0|
    |dense_data_10_7_V_preg   |  10|   0|   10|          0|
    |dense_data_10_8_V_preg   |  10|   0|   10|          0|
    |dense_data_10_9_V_preg   |  10|   0|   10|          0|
    |dense_data_1_0_V_preg    |  10|   0|   10|          0|
    |dense_data_1_10_V_preg   |  10|   0|   10|          0|
    |dense_data_1_11_V_preg   |  10|   0|   10|          0|
    |dense_data_1_12_V_preg   |  10|   0|   10|          0|
    |dense_data_1_13_V_preg   |  10|   0|   10|          0|
    |dense_data_1_14_V_preg   |  10|   0|   10|          0|
    |dense_data_1_1_V_preg    |  10|   0|   10|          0|
    |dense_data_1_2_V_preg    |  10|   0|   10|          0|
    |dense_data_1_3_V_preg    |  10|   0|   10|          0|
    |dense_data_1_4_V_preg    |  10|   0|   10|          0|
    |dense_data_1_5_V_preg    |  10|   0|   10|          0|
    |dense_data_1_6_V_preg    |  10|   0|   10|          0|
    |dense_data_1_7_V_preg    |  10|   0|   10|          0|
    |dense_data_1_8_V_preg    |  10|   0|   10|          0|
    |dense_data_1_9_V_preg    |  10|   0|   10|          0|
    |dense_data_2_0_V_preg    |  10|   0|   10|          0|
    |dense_data_2_10_V_preg   |  10|   0|   10|          0|
    |dense_data_2_11_V_preg   |  10|   0|   10|          0|
    |dense_data_2_12_V_preg   |  10|   0|   10|          0|
    |dense_data_2_13_V_preg   |  10|   0|   10|          0|
    |dense_data_2_14_V_preg   |  10|   0|   10|          0|
    |dense_data_2_1_V_preg    |  10|   0|   10|          0|
    |dense_data_2_2_V_preg    |  10|   0|   10|          0|
    |dense_data_2_3_V_preg    |  10|   0|   10|          0|
    |dense_data_2_4_V_preg    |  10|   0|   10|          0|
    |dense_data_2_5_V_preg    |  10|   0|   10|          0|
    |dense_data_2_6_V_preg    |  10|   0|   10|          0|
    |dense_data_2_7_V_preg    |  10|   0|   10|          0|
    |dense_data_2_8_V_preg    |  10|   0|   10|          0|
    |dense_data_2_9_V_preg    |  10|   0|   10|          0|
    |dense_data_3_0_V_preg    |  10|   0|   10|          0|
    |dense_data_3_10_V_preg   |  10|   0|   10|          0|
    |dense_data_3_11_V_preg   |  10|   0|   10|          0|
    |dense_data_3_12_V_preg   |  10|   0|   10|          0|
    |dense_data_3_13_V_preg   |  10|   0|   10|          0|
    |dense_data_3_14_V_preg   |  10|   0|   10|          0|
    |dense_data_3_1_V_preg    |  10|   0|   10|          0|
    |dense_data_3_2_V_preg    |  10|   0|   10|          0|
    |dense_data_3_3_V_preg    |  10|   0|   10|          0|
    |dense_data_3_4_V_preg    |  10|   0|   10|          0|
    |dense_data_3_5_V_preg    |  10|   0|   10|          0|
    |dense_data_3_6_V_preg    |  10|   0|   10|          0|
    |dense_data_3_7_V_preg    |  10|   0|   10|          0|
    |dense_data_3_8_V_preg    |  10|   0|   10|          0|
    |dense_data_3_9_V_preg    |  10|   0|   10|          0|
    |dense_data_4_0_V_preg    |  10|   0|   10|          0|
    |dense_data_4_10_V_preg   |  10|   0|   10|          0|
    |dense_data_4_11_V_preg   |  10|   0|   10|          0|
    |dense_data_4_12_V_preg   |  10|   0|   10|          0|
    |dense_data_4_13_V_preg   |  10|   0|   10|          0|
    |dense_data_4_14_V_preg   |  10|   0|   10|          0|
    |dense_data_4_1_V_preg    |  10|   0|   10|          0|
    |dense_data_4_2_V_preg    |  10|   0|   10|          0|
    |dense_data_4_3_V_preg    |  10|   0|   10|          0|
    |dense_data_4_4_V_preg    |  10|   0|   10|          0|
    |dense_data_4_5_V_preg    |  10|   0|   10|          0|
    |dense_data_4_6_V_preg    |  10|   0|   10|          0|
    |dense_data_4_7_V_preg    |  10|   0|   10|          0|
    |dense_data_4_8_V_preg    |  10|   0|   10|          0|
    |dense_data_4_9_V_preg    |  10|   0|   10|          0|
    |dense_data_5_0_V_preg    |  10|   0|   10|          0|
    |dense_data_5_10_V_preg   |  10|   0|   10|          0|
    |dense_data_5_11_V_preg   |  10|   0|   10|          0|
    |dense_data_5_12_V_preg   |  10|   0|   10|          0|
    |dense_data_5_13_V_preg   |  10|   0|   10|          0|
    |dense_data_5_14_V_preg   |  10|   0|   10|          0|
    |dense_data_5_1_V_preg    |  10|   0|   10|          0|
    |dense_data_5_2_V_preg    |  10|   0|   10|          0|
    |dense_data_5_3_V_preg    |  10|   0|   10|          0|
    |dense_data_5_4_V_preg    |  10|   0|   10|          0|
    |dense_data_5_5_V_preg    |  10|   0|   10|          0|
    |dense_data_5_6_V_preg    |  10|   0|   10|          0|
    |dense_data_5_7_V_preg    |  10|   0|   10|          0|
    |dense_data_5_8_V_preg    |  10|   0|   10|          0|
    |dense_data_5_9_V_preg    |  10|   0|   10|          0|
    |dense_data_6_0_V_preg    |  10|   0|   10|          0|
    |dense_data_6_10_V_preg   |  10|   0|   10|          0|
    |dense_data_6_11_V_preg   |  10|   0|   10|          0|
    |dense_data_6_12_V_preg   |  10|   0|   10|          0|
    |dense_data_6_13_V_preg   |  10|   0|   10|          0|
    |dense_data_6_14_V_preg   |  10|   0|   10|          0|
    |dense_data_6_1_V_preg    |  10|   0|   10|          0|
    |dense_data_6_2_V_preg    |  10|   0|   10|          0|
    |dense_data_6_3_V_preg    |  10|   0|   10|          0|
    |dense_data_6_4_V_preg    |  10|   0|   10|          0|
    |dense_data_6_5_V_preg    |  10|   0|   10|          0|
    |dense_data_6_6_V_preg    |  10|   0|   10|          0|
    |dense_data_6_7_V_preg    |  10|   0|   10|          0|
    |dense_data_6_8_V_preg    |  10|   0|   10|          0|
    |dense_data_6_9_V_preg    |  10|   0|   10|          0|
    |dense_data_7_0_V_preg    |  10|   0|   10|          0|
    |dense_data_7_10_V_preg   |  10|   0|   10|          0|
    |dense_data_7_11_V_preg   |  10|   0|   10|          0|
    |dense_data_7_12_V_preg   |  10|   0|   10|          0|
    |dense_data_7_13_V_preg   |  10|   0|   10|          0|
    |dense_data_7_14_V_preg   |  10|   0|   10|          0|
    |dense_data_7_1_V_preg    |  10|   0|   10|          0|
    |dense_data_7_2_V_preg    |  10|   0|   10|          0|
    |dense_data_7_3_V_preg    |  10|   0|   10|          0|
    |dense_data_7_4_V_preg    |  10|   0|   10|          0|
    |dense_data_7_5_V_preg    |  10|   0|   10|          0|
    |dense_data_7_6_V_preg    |  10|   0|   10|          0|
    |dense_data_7_7_V_preg    |  10|   0|   10|          0|
    |dense_data_7_8_V_preg    |  10|   0|   10|          0|
    |dense_data_7_9_V_preg    |  10|   0|   10|          0|
    |dense_data_8_0_V_preg    |  10|   0|   10|          0|
    |dense_data_8_10_V_preg   |  10|   0|   10|          0|
    |dense_data_8_11_V_preg   |  10|   0|   10|          0|
    |dense_data_8_12_V_preg   |  10|   0|   10|          0|
    |dense_data_8_13_V_preg   |  10|   0|   10|          0|
    |dense_data_8_14_V_preg   |  10|   0|   10|          0|
    |dense_data_8_1_V_preg    |  10|   0|   10|          0|
    |dense_data_8_2_V_preg    |  10|   0|   10|          0|
    |dense_data_8_3_V_preg    |  10|   0|   10|          0|
    |dense_data_8_4_V_preg    |  10|   0|   10|          0|
    |dense_data_8_5_V_preg    |  10|   0|   10|          0|
    |dense_data_8_6_V_preg    |  10|   0|   10|          0|
    |dense_data_8_7_V_preg    |  10|   0|   10|          0|
    |dense_data_8_8_V_preg    |  10|   0|   10|          0|
    |dense_data_8_9_V_preg    |  10|   0|   10|          0|
    |dense_data_9_0_V_preg    |  10|   0|   10|          0|
    |dense_data_9_10_V_preg   |  10|   0|   10|          0|
    |dense_data_9_11_V_preg   |  10|   0|   10|          0|
    |dense_data_9_12_V_preg   |  10|   0|   10|          0|
    |dense_data_9_13_V_preg   |  10|   0|   10|          0|
    |dense_data_9_14_V_preg   |  10|   0|   10|          0|
    |dense_data_9_1_V_preg    |  10|   0|   10|          0|
    |dense_data_9_2_V_preg    |  10|   0|   10|          0|
    |dense_data_9_3_V_preg    |  10|   0|   10|          0|
    |dense_data_9_4_V_preg    |  10|   0|   10|          0|
    |dense_data_9_5_V_preg    |  10|   0|   10|          0|
    |dense_data_9_6_V_preg    |  10|   0|   10|          0|
    |dense_data_9_7_V_preg    |  10|   0|   10|          0|
    |dense_data_9_8_V_preg    |  10|   0|   10|          0|
    |dense_data_9_9_V_preg    |  10|   0|   10|          0|
    +-------------------------+----+----+-----+-----------+
    |Total                    |1502|   0| 1502|          0|
    +-------------------------+----+----+-----+-----------+



================================================================
== Interface
================================================================
* Summary: 
+---------------------------+-----+------+------------+----------------------------------------------------------------+--------------+
|         RTL Ports         | Dir | Bits |  Protocol  |                          Source Object                         |    C Type    |
+---------------------------+-----+------+------------+----------------------------------------------------------------+--------------+
|ap_clk                     |  in |     1| ap_ctrl_hs | conv_1d_latency_cl.0.0.0.0.0.0.0.0.0.0.0.0.0.0.0.0.0.0.0.0.0.1 | return value |
|ap_rst                     |  in |     1| ap_ctrl_hs | conv_1d_latency_cl.0.0.0.0.0.0.0.0.0.0.0.0.0.0.0.0.0.0.0.0.0.1 | return value |
|ap_start                   |  in |     1| ap_ctrl_hs | conv_1d_latency_cl.0.0.0.0.0.0.0.0.0.0.0.0.0.0.0.0.0.0.0.0.0.1 | return value |
|ap_done                    | out |     1| ap_ctrl_hs | conv_1d_latency_cl.0.0.0.0.0.0.0.0.0.0.0.0.0.0.0.0.0.0.0.0.0.1 | return value |
|ap_continue                |  in |     1| ap_ctrl_hs | conv_1d_latency_cl.0.0.0.0.0.0.0.0.0.0.0.0.0.0.0.0.0.0.0.0.0.1 | return value |
|ap_idle                    | out |     1| ap_ctrl_hs | conv_1d_latency_cl.0.0.0.0.0.0.0.0.0.0.0.0.0.0.0.0.0.0.0.0.0.1 | return value |
|ap_ready                   | out |     1| ap_ctrl_hs | conv_1d_latency_cl.0.0.0.0.0.0.0.0.0.0.0.0.0.0.0.0.0.0.0.0.0.1 | return value |
|dense_data_1_0_V           | out |    10|   ap_vld   |                        dense_data_1_0_V                        |    pointer   |
|dense_data_1_0_V_ap_vld    | out |     1|   ap_vld   |                        dense_data_1_0_V                        |    pointer   |
|dense_data_1_1_V           | out |    10|   ap_vld   |                        dense_data_1_1_V                        |    pointer   |
|dense_data_1_1_V_ap_vld    | out |     1|   ap_vld   |                        dense_data_1_1_V                        |    pointer   |
|dense_data_1_2_V           | out |    10|   ap_vld   |                        dense_data_1_2_V                        |    pointer   |
|dense_data_1_2_V_ap_vld    | out |     1|   ap_vld   |                        dense_data_1_2_V                        |    pointer   |
|dense_data_1_3_V           | out |    10|   ap_vld   |                        dense_data_1_3_V                        |    pointer   |
|dense_data_1_3_V_ap_vld    | out |     1|   ap_vld   |                        dense_data_1_3_V                        |    pointer   |
|dense_data_1_4_V           | out |    10|   ap_vld   |                        dense_data_1_4_V                        |    pointer   |
|dense_data_1_4_V_ap_vld    | out |     1|   ap_vld   |                        dense_data_1_4_V                        |    pointer   |
|dense_data_1_5_V           | out |    10|   ap_vld   |                        dense_data_1_5_V                        |    pointer   |
|dense_data_1_5_V_ap_vld    | out |     1|   ap_vld   |                        dense_data_1_5_V                        |    pointer   |
|dense_data_1_6_V           | out |    10|   ap_vld   |                        dense_data_1_6_V                        |    pointer   |
|dense_data_1_6_V_ap_vld    | out |     1|   ap_vld   |                        dense_data_1_6_V                        |    pointer   |
|dense_data_1_7_V           | out |    10|   ap_vld   |                        dense_data_1_7_V                        |    pointer   |
|dense_data_1_7_V_ap_vld    | out |     1|   ap_vld   |                        dense_data_1_7_V                        |    pointer   |
|dense_data_1_8_V           | out |    10|   ap_vld   |                        dense_data_1_8_V                        |    pointer   |
|dense_data_1_8_V_ap_vld    | out |     1|   ap_vld   |                        dense_data_1_8_V                        |    pointer   |
|dense_data_1_9_V           | out |    10|   ap_vld   |                        dense_data_1_9_V                        |    pointer   |
|dense_data_1_9_V_ap_vld    | out |     1|   ap_vld   |                        dense_data_1_9_V                        |    pointer   |
|dense_data_1_10_V          | out |    10|   ap_vld   |                        dense_data_1_10_V                       |    pointer   |
|dense_data_1_10_V_ap_vld   | out |     1|   ap_vld   |                        dense_data_1_10_V                       |    pointer   |
|dense_data_1_11_V          | out |    10|   ap_vld   |                        dense_data_1_11_V                       |    pointer   |
|dense_data_1_11_V_ap_vld   | out |     1|   ap_vld   |                        dense_data_1_11_V                       |    pointer   |
|dense_data_1_12_V          | out |    10|   ap_vld   |                        dense_data_1_12_V                       |    pointer   |
|dense_data_1_12_V_ap_vld   | out |     1|   ap_vld   |                        dense_data_1_12_V                       |    pointer   |
|dense_data_1_13_V          | out |    10|   ap_vld   |                        dense_data_1_13_V                       |    pointer   |
|dense_data_1_13_V_ap_vld   | out |     1|   ap_vld   |                        dense_data_1_13_V                       |    pointer   |
|dense_data_1_14_V          | out |    10|   ap_vld   |                        dense_data_1_14_V                       |    pointer   |
|dense_data_1_14_V_ap_vld   | out |     1|   ap_vld   |                        dense_data_1_14_V                       |    pointer   |
|dense_data_2_0_V           | out |    10|   ap_vld   |                        dense_data_2_0_V                        |    pointer   |
|dense_data_2_0_V_ap_vld    | out |     1|   ap_vld   |                        dense_data_2_0_V                        |    pointer   |
|dense_data_2_1_V           | out |    10|   ap_vld   |                        dense_data_2_1_V                        |    pointer   |
|dense_data_2_1_V_ap_vld    | out |     1|   ap_vld   |                        dense_data_2_1_V                        |    pointer   |
|dense_data_2_2_V           | out |    10|   ap_vld   |                        dense_data_2_2_V                        |    pointer   |
|dense_data_2_2_V_ap_vld    | out |     1|   ap_vld   |                        dense_data_2_2_V                        |    pointer   |
|dense_data_2_3_V           | out |    10|   ap_vld   |                        dense_data_2_3_V                        |    pointer   |
|dense_data_2_3_V_ap_vld    | out |     1|   ap_vld   |                        dense_data_2_3_V                        |    pointer   |
|dense_data_2_4_V           | out |    10|   ap_vld   |                        dense_data_2_4_V                        |    pointer   |
|dense_data_2_4_V_ap_vld    | out |     1|   ap_vld   |                        dense_data_2_4_V                        |    pointer   |
|dense_data_2_5_V           | out |    10|   ap_vld   |                        dense_data_2_5_V                        |    pointer   |
|dense_data_2_5_V_ap_vld    | out |     1|   ap_vld   |                        dense_data_2_5_V                        |    pointer   |
|dense_data_2_6_V           | out |    10|   ap_vld   |                        dense_data_2_6_V                        |    pointer   |
|dense_data_2_6_V_ap_vld    | out |     1|   ap_vld   |                        dense_data_2_6_V                        |    pointer   |
|dense_data_2_7_V           | out |    10|   ap_vld   |                        dense_data_2_7_V                        |    pointer   |
|dense_data_2_7_V_ap_vld    | out |     1|   ap_vld   |                        dense_data_2_7_V                        |    pointer   |
|dense_data_2_8_V           | out |    10|   ap_vld   |                        dense_data_2_8_V                        |    pointer   |
|dense_data_2_8_V_ap_vld    | out |     1|   ap_vld   |                        dense_data_2_8_V                        |    pointer   |
|dense_data_2_9_V           | out |    10|   ap_vld   |                        dense_data_2_9_V                        |    pointer   |
|dense_data_2_9_V_ap_vld    | out |     1|   ap_vld   |                        dense_data_2_9_V                        |    pointer   |
|dense_data_2_10_V          | out |    10|   ap_vld   |                        dense_data_2_10_V                       |    pointer   |
|dense_data_2_10_V_ap_vld   | out |     1|   ap_vld   |                        dense_data_2_10_V                       |    pointer   |
|dense_data_2_11_V          | out |    10|   ap_vld   |                        dense_data_2_11_V                       |    pointer   |
|dense_data_2_11_V_ap_vld   | out |     1|   ap_vld   |                        dense_data_2_11_V                       |    pointer   |
|dense_data_2_12_V          | out |    10|   ap_vld   |                        dense_data_2_12_V                       |    pointer   |
|dense_data_2_12_V_ap_vld   | out |     1|   ap_vld   |                        dense_data_2_12_V                       |    pointer   |
|dense_data_2_13_V          | out |    10|   ap_vld   |                        dense_data_2_13_V                       |    pointer   |
|dense_data_2_13_V_ap_vld   | out |     1|   ap_vld   |                        dense_data_2_13_V                       |    pointer   |
|dense_data_2_14_V          | out |    10|   ap_vld   |                        dense_data_2_14_V                       |    pointer   |
|dense_data_2_14_V_ap_vld   | out |     1|   ap_vld   |                        dense_data_2_14_V                       |    pointer   |
|dense_data_3_0_V           | out |    10|   ap_vld   |                        dense_data_3_0_V                        |    pointer   |
|dense_data_3_0_V_ap_vld    | out |     1|   ap_vld   |                        dense_data_3_0_V                        |    pointer   |
|dense_data_3_1_V           | out |    10|   ap_vld   |                        dense_data_3_1_V                        |    pointer   |
|dense_data_3_1_V_ap_vld    | out |     1|   ap_vld   |                        dense_data_3_1_V                        |    pointer   |
|dense_data_3_2_V           | out |    10|   ap_vld   |                        dense_data_3_2_V                        |    pointer   |
|dense_data_3_2_V_ap_vld    | out |     1|   ap_vld   |                        dense_data_3_2_V                        |    pointer   |
|dense_data_3_3_V           | out |    10|   ap_vld   |                        dense_data_3_3_V                        |    pointer   |
|dense_data_3_3_V_ap_vld    | out |     1|   ap_vld   |                        dense_data_3_3_V                        |    pointer   |
|dense_data_3_4_V           | out |    10|   ap_vld   |                        dense_data_3_4_V                        |    pointer   |
|dense_data_3_4_V_ap_vld    | out |     1|   ap_vld   |                        dense_data_3_4_V                        |    pointer   |
|dense_data_3_5_V           | out |    10|   ap_vld   |                        dense_data_3_5_V                        |    pointer   |
|dense_data_3_5_V_ap_vld    | out |     1|   ap_vld   |                        dense_data_3_5_V                        |    pointer   |
|dense_data_3_6_V           | out |    10|   ap_vld   |                        dense_data_3_6_V                        |    pointer   |
|dense_data_3_6_V_ap_vld    | out |     1|   ap_vld   |                        dense_data_3_6_V                        |    pointer   |
|dense_data_3_7_V           | out |    10|   ap_vld   |                        dense_data_3_7_V                        |    pointer   |
|dense_data_3_7_V_ap_vld    | out |     1|   ap_vld   |                        dense_data_3_7_V                        |    pointer   |
|dense_data_3_8_V           | out |    10|   ap_vld   |                        dense_data_3_8_V                        |    pointer   |
|dense_data_3_8_V_ap_vld    | out |     1|   ap_vld   |                        dense_data_3_8_V                        |    pointer   |
|dense_data_3_9_V           | out |    10|   ap_vld   |                        dense_data_3_9_V                        |    pointer   |
|dense_data_3_9_V_ap_vld    | out |     1|   ap_vld   |                        dense_data_3_9_V                        |    pointer   |
|dense_data_3_10_V          | out |    10|   ap_vld   |                        dense_data_3_10_V                       |    pointer   |
|dense_data_3_10_V_ap_vld   | out |     1|   ap_vld   |                        dense_data_3_10_V                       |    pointer   |
|dense_data_3_11_V          | out |    10|   ap_vld   |                        dense_data_3_11_V                       |    pointer   |
|dense_data_3_11_V_ap_vld   | out |     1|   ap_vld   |                        dense_data_3_11_V                       |    pointer   |
|dense_data_3_12_V          | out |    10|   ap_vld   |                        dense_data_3_12_V                       |    pointer   |
|dense_data_3_12_V_ap_vld   | out |     1|   ap_vld   |                        dense_data_3_12_V                       |    pointer   |
|dense_data_3_13_V          | out |    10|   ap_vld   |                        dense_data_3_13_V                       |    pointer   |
|dense_data_3_13_V_ap_vld   | out |     1|   ap_vld   |                        dense_data_3_13_V                       |    pointer   |
|dense_data_3_14_V          | out |    10|   ap_vld   |                        dense_data_3_14_V                       |    pointer   |
|dense_data_3_14_V_ap_vld   | out |     1|   ap_vld   |                        dense_data_3_14_V                       |    pointer   |
|dense_data_4_0_V           | out |    10|   ap_vld   |                        dense_data_4_0_V                        |    pointer   |
|dense_data_4_0_V_ap_vld    | out |     1|   ap_vld   |                        dense_data_4_0_V                        |    pointer   |
|dense_data_4_1_V           | out |    10|   ap_vld   |                        dense_data_4_1_V                        |    pointer   |
|dense_data_4_1_V_ap_vld    | out |     1|   ap_vld   |                        dense_data_4_1_V                        |    pointer   |
|dense_data_4_2_V           | out |    10|   ap_vld   |                        dense_data_4_2_V                        |    pointer   |
|dense_data_4_2_V_ap_vld    | out |     1|   ap_vld   |                        dense_data_4_2_V                        |    pointer   |
|dense_data_4_3_V           | out |    10|   ap_vld   |                        dense_data_4_3_V                        |    pointer   |
|dense_data_4_3_V_ap_vld    | out |     1|   ap_vld   |                        dense_data_4_3_V                        |    pointer   |
|dense_data_4_4_V           | out |    10|   ap_vld   |                        dense_data_4_4_V                        |    pointer   |
|dense_data_4_4_V_ap_vld    | out |     1|   ap_vld   |                        dense_data_4_4_V                        |    pointer   |
|dense_data_4_5_V           | out |    10|   ap_vld   |                        dense_data_4_5_V                        |    pointer   |
|dense_data_4_5_V_ap_vld    | out |     1|   ap_vld   |                        dense_data_4_5_V                        |    pointer   |
|dense_data_4_6_V           | out |    10|   ap_vld   |                        dense_data_4_6_V                        |    pointer   |
|dense_data_4_6_V_ap_vld    | out |     1|   ap_vld   |                        dense_data_4_6_V                        |    pointer   |
|dense_data_4_7_V           | out |    10|   ap_vld   |                        dense_data_4_7_V                        |    pointer   |
|dense_data_4_7_V_ap_vld    | out |     1|   ap_vld   |                        dense_data_4_7_V                        |    pointer   |
|dense_data_4_8_V           | out |    10|   ap_vld   |                        dense_data_4_8_V                        |    pointer   |
|dense_data_4_8_V_ap_vld    | out |     1|   ap_vld   |                        dense_data_4_8_V                        |    pointer   |
|dense_data_4_9_V           | out |    10|   ap_vld   |                        dense_data_4_9_V                        |    pointer   |
|dense_data_4_9_V_ap_vld    | out |     1|   ap_vld   |                        dense_data_4_9_V                        |    pointer   |
|dense_data_4_10_V          | out |    10|   ap_vld   |                        dense_data_4_10_V                       |    pointer   |
|dense_data_4_10_V_ap_vld   | out |     1|   ap_vld   |                        dense_data_4_10_V                       |    pointer   |
|dense_data_4_11_V          | out |    10|   ap_vld   |                        dense_data_4_11_V                       |    pointer   |
|dense_data_4_11_V_ap_vld   | out |     1|   ap_vld   |                        dense_data_4_11_V                       |    pointer   |
|dense_data_4_12_V          | out |    10|   ap_vld   |                        dense_data_4_12_V                       |    pointer   |
|dense_data_4_12_V_ap_vld   | out |     1|   ap_vld   |                        dense_data_4_12_V                       |    pointer   |
|dense_data_4_13_V          | out |    10|   ap_vld   |                        dense_data_4_13_V                       |    pointer   |
|dense_data_4_13_V_ap_vld   | out |     1|   ap_vld   |                        dense_data_4_13_V                       |    pointer   |
|dense_data_4_14_V          | out |    10|   ap_vld   |                        dense_data_4_14_V                       |    pointer   |
|dense_data_4_14_V_ap_vld   | out |     1|   ap_vld   |                        dense_data_4_14_V                       |    pointer   |
|dense_data_5_0_V           | out |    10|   ap_vld   |                        dense_data_5_0_V                        |    pointer   |
|dense_data_5_0_V_ap_vld    | out |     1|   ap_vld   |                        dense_data_5_0_V                        |    pointer   |
|dense_data_5_1_V           | out |    10|   ap_vld   |                        dense_data_5_1_V                        |    pointer   |
|dense_data_5_1_V_ap_vld    | out |     1|   ap_vld   |                        dense_data_5_1_V                        |    pointer   |
|dense_data_5_2_V           | out |    10|   ap_vld   |                        dense_data_5_2_V                        |    pointer   |
|dense_data_5_2_V_ap_vld    | out |     1|   ap_vld   |                        dense_data_5_2_V                        |    pointer   |
|dense_data_5_3_V           | out |    10|   ap_vld   |                        dense_data_5_3_V                        |    pointer   |
|dense_data_5_3_V_ap_vld    | out |     1|   ap_vld   |                        dense_data_5_3_V                        |    pointer   |
|dense_data_5_4_V           | out |    10|   ap_vld   |                        dense_data_5_4_V                        |    pointer   |
|dense_data_5_4_V_ap_vld    | out |     1|   ap_vld   |                        dense_data_5_4_V                        |    pointer   |
|dense_data_5_5_V           | out |    10|   ap_vld   |                        dense_data_5_5_V                        |    pointer   |
|dense_data_5_5_V_ap_vld    | out |     1|   ap_vld   |                        dense_data_5_5_V                        |    pointer   |
|dense_data_5_6_V           | out |    10|   ap_vld   |                        dense_data_5_6_V                        |    pointer   |
|dense_data_5_6_V_ap_vld    | out |     1|   ap_vld   |                        dense_data_5_6_V                        |    pointer   |
|dense_data_5_7_V           | out |    10|   ap_vld   |                        dense_data_5_7_V                        |    pointer   |
|dense_data_5_7_V_ap_vld    | out |     1|   ap_vld   |                        dense_data_5_7_V                        |    pointer   |
|dense_data_5_8_V           | out |    10|   ap_vld   |                        dense_data_5_8_V                        |    pointer   |
|dense_data_5_8_V_ap_vld    | out |     1|   ap_vld   |                        dense_data_5_8_V                        |    pointer   |
|dense_data_5_9_V           | out |    10|   ap_vld   |                        dense_data_5_9_V                        |    pointer   |
|dense_data_5_9_V_ap_vld    | out |     1|   ap_vld   |                        dense_data_5_9_V                        |    pointer   |
|dense_data_5_10_V          | out |    10|   ap_vld   |                        dense_data_5_10_V                       |    pointer   |
|dense_data_5_10_V_ap_vld   | out |     1|   ap_vld   |                        dense_data_5_10_V                       |    pointer   |
|dense_data_5_11_V          | out |    10|   ap_vld   |                        dense_data_5_11_V                       |    pointer   |
|dense_data_5_11_V_ap_vld   | out |     1|   ap_vld   |                        dense_data_5_11_V                       |    pointer   |
|dense_data_5_12_V          | out |    10|   ap_vld   |                        dense_data_5_12_V                       |    pointer   |
|dense_data_5_12_V_ap_vld   | out |     1|   ap_vld   |                        dense_data_5_12_V                       |    pointer   |
|dense_data_5_13_V          | out |    10|   ap_vld   |                        dense_data_5_13_V                       |    pointer   |
|dense_data_5_13_V_ap_vld   | out |     1|   ap_vld   |                        dense_data_5_13_V                       |    pointer   |
|dense_data_5_14_V          | out |    10|   ap_vld   |                        dense_data_5_14_V                       |    pointer   |
|dense_data_5_14_V_ap_vld   | out |     1|   ap_vld   |                        dense_data_5_14_V                       |    pointer   |
|dense_data_6_0_V           | out |    10|   ap_vld   |                        dense_data_6_0_V                        |    pointer   |
|dense_data_6_0_V_ap_vld    | out |     1|   ap_vld   |                        dense_data_6_0_V                        |    pointer   |
|dense_data_6_1_V           | out |    10|   ap_vld   |                        dense_data_6_1_V                        |    pointer   |
|dense_data_6_1_V_ap_vld    | out |     1|   ap_vld   |                        dense_data_6_1_V                        |    pointer   |
|dense_data_6_2_V           | out |    10|   ap_vld   |                        dense_data_6_2_V                        |    pointer   |
|dense_data_6_2_V_ap_vld    | out |     1|   ap_vld   |                        dense_data_6_2_V                        |    pointer   |
|dense_data_6_3_V           | out |    10|   ap_vld   |                        dense_data_6_3_V                        |    pointer   |
|dense_data_6_3_V_ap_vld    | out |     1|   ap_vld   |                        dense_data_6_3_V                        |    pointer   |
|dense_data_6_4_V           | out |    10|   ap_vld   |                        dense_data_6_4_V                        |    pointer   |
|dense_data_6_4_V_ap_vld    | out |     1|   ap_vld   |                        dense_data_6_4_V                        |    pointer   |
|dense_data_6_5_V           | out |    10|   ap_vld   |                        dense_data_6_5_V                        |    pointer   |
|dense_data_6_5_V_ap_vld    | out |     1|   ap_vld   |                        dense_data_6_5_V                        |    pointer   |
|dense_data_6_6_V           | out |    10|   ap_vld   |                        dense_data_6_6_V                        |    pointer   |
|dense_data_6_6_V_ap_vld    | out |     1|   ap_vld   |                        dense_data_6_6_V                        |    pointer   |
|dense_data_6_7_V           | out |    10|   ap_vld   |                        dense_data_6_7_V                        |    pointer   |
|dense_data_6_7_V_ap_vld    | out |     1|   ap_vld   |                        dense_data_6_7_V                        |    pointer   |
|dense_data_6_8_V           | out |    10|   ap_vld   |                        dense_data_6_8_V                        |    pointer   |
|dense_data_6_8_V_ap_vld    | out |     1|   ap_vld   |                        dense_data_6_8_V                        |    pointer   |
|dense_data_6_9_V           | out |    10|   ap_vld   |                        dense_data_6_9_V                        |    pointer   |
|dense_data_6_9_V_ap_vld    | out |     1|   ap_vld   |                        dense_data_6_9_V                        |    pointer   |
|dense_data_6_10_V          | out |    10|   ap_vld   |                        dense_data_6_10_V                       |    pointer   |
|dense_data_6_10_V_ap_vld   | out |     1|   ap_vld   |                        dense_data_6_10_V                       |    pointer   |
|dense_data_6_11_V          | out |    10|   ap_vld   |                        dense_data_6_11_V                       |    pointer   |
|dense_data_6_11_V_ap_vld   | out |     1|   ap_vld   |                        dense_data_6_11_V                       |    pointer   |
|dense_data_6_12_V          | out |    10|   ap_vld   |                        dense_data_6_12_V                       |    pointer   |
|dense_data_6_12_V_ap_vld   | out |     1|   ap_vld   |                        dense_data_6_12_V                       |    pointer   |
|dense_data_6_13_V          | out |    10|   ap_vld   |                        dense_data_6_13_V                       |    pointer   |
|dense_data_6_13_V_ap_vld   | out |     1|   ap_vld   |                        dense_data_6_13_V                       |    pointer   |
|dense_data_6_14_V          | out |    10|   ap_vld   |                        dense_data_6_14_V                       |    pointer   |
|dense_data_6_14_V_ap_vld   | out |     1|   ap_vld   |                        dense_data_6_14_V                       |    pointer   |
|dense_data_7_0_V           | out |    10|   ap_vld   |                        dense_data_7_0_V                        |    pointer   |
|dense_data_7_0_V_ap_vld    | out |     1|   ap_vld   |                        dense_data_7_0_V                        |    pointer   |
|dense_data_7_1_V           | out |    10|   ap_vld   |                        dense_data_7_1_V                        |    pointer   |
|dense_data_7_1_V_ap_vld    | out |     1|   ap_vld   |                        dense_data_7_1_V                        |    pointer   |
|dense_data_7_2_V           | out |    10|   ap_vld   |                        dense_data_7_2_V                        |    pointer   |
|dense_data_7_2_V_ap_vld    | out |     1|   ap_vld   |                        dense_data_7_2_V                        |    pointer   |
|dense_data_7_3_V           | out |    10|   ap_vld   |                        dense_data_7_3_V                        |    pointer   |
|dense_data_7_3_V_ap_vld    | out |     1|   ap_vld   |                        dense_data_7_3_V                        |    pointer   |
|dense_data_7_4_V           | out |    10|   ap_vld   |                        dense_data_7_4_V                        |    pointer   |
|dense_data_7_4_V_ap_vld    | out |     1|   ap_vld   |                        dense_data_7_4_V                        |    pointer   |
|dense_data_7_5_V           | out |    10|   ap_vld   |                        dense_data_7_5_V                        |    pointer   |
|dense_data_7_5_V_ap_vld    | out |     1|   ap_vld   |                        dense_data_7_5_V                        |    pointer   |
|dense_data_7_6_V           | out |    10|   ap_vld   |                        dense_data_7_6_V                        |    pointer   |
|dense_data_7_6_V_ap_vld    | out |     1|   ap_vld   |                        dense_data_7_6_V                        |    pointer   |
|dense_data_7_7_V           | out |    10|   ap_vld   |                        dense_data_7_7_V                        |    pointer   |
|dense_data_7_7_V_ap_vld    | out |     1|   ap_vld   |                        dense_data_7_7_V                        |    pointer   |
|dense_data_7_8_V           | out |    10|   ap_vld   |                        dense_data_7_8_V                        |    pointer   |
|dense_data_7_8_V_ap_vld    | out |     1|   ap_vld   |                        dense_data_7_8_V                        |    pointer   |
|dense_data_7_9_V           | out |    10|   ap_vld   |                        dense_data_7_9_V                        |    pointer   |
|dense_data_7_9_V_ap_vld    | out |     1|   ap_vld   |                        dense_data_7_9_V                        |    pointer   |
|dense_data_7_10_V          | out |    10|   ap_vld   |                        dense_data_7_10_V                       |    pointer   |
|dense_data_7_10_V_ap_vld   | out |     1|   ap_vld   |                        dense_data_7_10_V                       |    pointer   |
|dense_data_7_11_V          | out |    10|   ap_vld   |                        dense_data_7_11_V                       |    pointer   |
|dense_data_7_11_V_ap_vld   | out |     1|   ap_vld   |                        dense_data_7_11_V                       |    pointer   |
|dense_data_7_12_V          | out |    10|   ap_vld   |                        dense_data_7_12_V                       |    pointer   |
|dense_data_7_12_V_ap_vld   | out |     1|   ap_vld   |                        dense_data_7_12_V                       |    pointer   |
|dense_data_7_13_V          | out |    10|   ap_vld   |                        dense_data_7_13_V                       |    pointer   |
|dense_data_7_13_V_ap_vld   | out |     1|   ap_vld   |                        dense_data_7_13_V                       |    pointer   |
|dense_data_7_14_V          | out |    10|   ap_vld   |                        dense_data_7_14_V                       |    pointer   |
|dense_data_7_14_V_ap_vld   | out |     1|   ap_vld   |                        dense_data_7_14_V                       |    pointer   |
|dense_data_8_0_V           | out |    10|   ap_vld   |                        dense_data_8_0_V                        |    pointer   |
|dense_data_8_0_V_ap_vld    | out |     1|   ap_vld   |                        dense_data_8_0_V                        |    pointer   |
|dense_data_8_1_V           | out |    10|   ap_vld   |                        dense_data_8_1_V                        |    pointer   |
|dense_data_8_1_V_ap_vld    | out |     1|   ap_vld   |                        dense_data_8_1_V                        |    pointer   |
|dense_data_8_2_V           | out |    10|   ap_vld   |                        dense_data_8_2_V                        |    pointer   |
|dense_data_8_2_V_ap_vld    | out |     1|   ap_vld   |                        dense_data_8_2_V                        |    pointer   |
|dense_data_8_3_V           | out |    10|   ap_vld   |                        dense_data_8_3_V                        |    pointer   |
|dense_data_8_3_V_ap_vld    | out |     1|   ap_vld   |                        dense_data_8_3_V                        |    pointer   |
|dense_data_8_4_V           | out |    10|   ap_vld   |                        dense_data_8_4_V                        |    pointer   |
|dense_data_8_4_V_ap_vld    | out |     1|   ap_vld   |                        dense_data_8_4_V                        |    pointer   |
|dense_data_8_5_V           | out |    10|   ap_vld   |                        dense_data_8_5_V                        |    pointer   |
|dense_data_8_5_V_ap_vld    | out |     1|   ap_vld   |                        dense_data_8_5_V                        |    pointer   |
|dense_data_8_6_V           | out |    10|   ap_vld   |                        dense_data_8_6_V                        |    pointer   |
|dense_data_8_6_V_ap_vld    | out |     1|   ap_vld   |                        dense_data_8_6_V                        |    pointer   |
|dense_data_8_7_V           | out |    10|   ap_vld   |                        dense_data_8_7_V                        |    pointer   |
|dense_data_8_7_V_ap_vld    | out |     1|   ap_vld   |                        dense_data_8_7_V                        |    pointer   |
|dense_data_8_8_V           | out |    10|   ap_vld   |                        dense_data_8_8_V                        |    pointer   |
|dense_data_8_8_V_ap_vld    | out |     1|   ap_vld   |                        dense_data_8_8_V                        |    pointer   |
|dense_data_8_9_V           | out |    10|   ap_vld   |                        dense_data_8_9_V                        |    pointer   |
|dense_data_8_9_V_ap_vld    | out |     1|   ap_vld   |                        dense_data_8_9_V                        |    pointer   |
|dense_data_8_10_V          | out |    10|   ap_vld   |                        dense_data_8_10_V                       |    pointer   |
|dense_data_8_10_V_ap_vld   | out |     1|   ap_vld   |                        dense_data_8_10_V                       |    pointer   |
|dense_data_8_11_V          | out |    10|   ap_vld   |                        dense_data_8_11_V                       |    pointer   |
|dense_data_8_11_V_ap_vld   | out |     1|   ap_vld   |                        dense_data_8_11_V                       |    pointer   |
|dense_data_8_12_V          | out |    10|   ap_vld   |                        dense_data_8_12_V                       |    pointer   |
|dense_data_8_12_V_ap_vld   | out |     1|   ap_vld   |                        dense_data_8_12_V                       |    pointer   |
|dense_data_8_13_V          | out |    10|   ap_vld   |                        dense_data_8_13_V                       |    pointer   |
|dense_data_8_13_V_ap_vld   | out |     1|   ap_vld   |                        dense_data_8_13_V                       |    pointer   |
|dense_data_8_14_V          | out |    10|   ap_vld   |                        dense_data_8_14_V                       |    pointer   |
|dense_data_8_14_V_ap_vld   | out |     1|   ap_vld   |                        dense_data_8_14_V                       |    pointer   |
|dense_data_9_0_V           | out |    10|   ap_vld   |                        dense_data_9_0_V                        |    pointer   |
|dense_data_9_0_V_ap_vld    | out |     1|   ap_vld   |                        dense_data_9_0_V                        |    pointer   |
|dense_data_9_1_V           | out |    10|   ap_vld   |                        dense_data_9_1_V                        |    pointer   |
|dense_data_9_1_V_ap_vld    | out |     1|   ap_vld   |                        dense_data_9_1_V                        |    pointer   |
|dense_data_9_2_V           | out |    10|   ap_vld   |                        dense_data_9_2_V                        |    pointer   |
|dense_data_9_2_V_ap_vld    | out |     1|   ap_vld   |                        dense_data_9_2_V                        |    pointer   |
|dense_data_9_3_V           | out |    10|   ap_vld   |                        dense_data_9_3_V                        |    pointer   |
|dense_data_9_3_V_ap_vld    | out |     1|   ap_vld   |                        dense_data_9_3_V                        |    pointer   |
|dense_data_9_4_V           | out |    10|   ap_vld   |                        dense_data_9_4_V                        |    pointer   |
|dense_data_9_4_V_ap_vld    | out |     1|   ap_vld   |                        dense_data_9_4_V                        |    pointer   |
|dense_data_9_5_V           | out |    10|   ap_vld   |                        dense_data_9_5_V                        |    pointer   |
|dense_data_9_5_V_ap_vld    | out |     1|   ap_vld   |                        dense_data_9_5_V                        |    pointer   |
|dense_data_9_6_V           | out |    10|   ap_vld   |                        dense_data_9_6_V                        |    pointer   |
|dense_data_9_6_V_ap_vld    | out |     1|   ap_vld   |                        dense_data_9_6_V                        |    pointer   |
|dense_data_9_7_V           | out |    10|   ap_vld   |                        dense_data_9_7_V                        |    pointer   |
|dense_data_9_7_V_ap_vld    | out |     1|   ap_vld   |                        dense_data_9_7_V                        |    pointer   |
|dense_data_9_8_V           | out |    10|   ap_vld   |                        dense_data_9_8_V                        |    pointer   |
|dense_data_9_8_V_ap_vld    | out |     1|   ap_vld   |                        dense_data_9_8_V                        |    pointer   |
|dense_data_9_9_V           | out |    10|   ap_vld   |                        dense_data_9_9_V                        |    pointer   |
|dense_data_9_9_V_ap_vld    | out |     1|   ap_vld   |                        dense_data_9_9_V                        |    pointer   |
|dense_data_9_10_V          | out |    10|   ap_vld   |                        dense_data_9_10_V                       |    pointer   |
|dense_data_9_10_V_ap_vld   | out |     1|   ap_vld   |                        dense_data_9_10_V                       |    pointer   |
|dense_data_9_11_V          | out |    10|   ap_vld   |                        dense_data_9_11_V                       |    pointer   |
|dense_data_9_11_V_ap_vld   | out |     1|   ap_vld   |                        dense_data_9_11_V                       |    pointer   |
|dense_data_9_12_V          | out |    10|   ap_vld   |                        dense_data_9_12_V                       |    pointer   |
|dense_data_9_12_V_ap_vld   | out |     1|   ap_vld   |                        dense_data_9_12_V                       |    pointer   |
|dense_data_9_13_V          | out |    10|   ap_vld   |                        dense_data_9_13_V                       |    pointer   |
|dense_data_9_13_V_ap_vld   | out |     1|   ap_vld   |                        dense_data_9_13_V                       |    pointer   |
|dense_data_9_14_V          | out |    10|   ap_vld   |                        dense_data_9_14_V                       |    pointer   |
|dense_data_9_14_V_ap_vld   | out |     1|   ap_vld   |                        dense_data_9_14_V                       |    pointer   |
|dense_data_10_0_V          | out |    10|   ap_vld   |                        dense_data_10_0_V                       |    pointer   |
|dense_data_10_0_V_ap_vld   | out |     1|   ap_vld   |                        dense_data_10_0_V                       |    pointer   |
|dense_data_10_1_V          | out |    10|   ap_vld   |                        dense_data_10_1_V                       |    pointer   |
|dense_data_10_1_V_ap_vld   | out |     1|   ap_vld   |                        dense_data_10_1_V                       |    pointer   |
|dense_data_10_2_V          | out |    10|   ap_vld   |                        dense_data_10_2_V                       |    pointer   |
|dense_data_10_2_V_ap_vld   | out |     1|   ap_vld   |                        dense_data_10_2_V                       |    pointer   |
|dense_data_10_3_V          | out |    10|   ap_vld   |                        dense_data_10_3_V                       |    pointer   |
|dense_data_10_3_V_ap_vld   | out |     1|   ap_vld   |                        dense_data_10_3_V                       |    pointer   |
|dense_data_10_4_V          | out |    10|   ap_vld   |                        dense_data_10_4_V                       |    pointer   |
|dense_data_10_4_V_ap_vld   | out |     1|   ap_vld   |                        dense_data_10_4_V                       |    pointer   |
|dense_data_10_5_V          | out |    10|   ap_vld   |                        dense_data_10_5_V                       |    pointer   |
|dense_data_10_5_V_ap_vld   | out |     1|   ap_vld   |                        dense_data_10_5_V                       |    pointer   |
|dense_data_10_6_V          | out |    10|   ap_vld   |                        dense_data_10_6_V                       |    pointer   |
|dense_data_10_6_V_ap_vld   | out |     1|   ap_vld   |                        dense_data_10_6_V                       |    pointer   |
|dense_data_10_7_V          | out |    10|   ap_vld   |                        dense_data_10_7_V                       |    pointer   |
|dense_data_10_7_V_ap_vld   | out |     1|   ap_vld   |                        dense_data_10_7_V                       |    pointer   |
|dense_data_10_8_V          | out |    10|   ap_vld   |                        dense_data_10_8_V                       |    pointer   |
|dense_data_10_8_V_ap_vld   | out |     1|   ap_vld   |                        dense_data_10_8_V                       |    pointer   |
|dense_data_10_9_V          | out |    10|   ap_vld   |                        dense_data_10_9_V                       |    pointer   |
|dense_data_10_9_V_ap_vld   | out |     1|   ap_vld   |                        dense_data_10_9_V                       |    pointer   |
|dense_data_10_10_V         | out |    10|   ap_vld   |                       dense_data_10_10_V                       |    pointer   |
|dense_data_10_10_V_ap_vld  | out |     1|   ap_vld   |                       dense_data_10_10_V                       |    pointer   |
|dense_data_10_11_V         | out |    10|   ap_vld   |                       dense_data_10_11_V                       |    pointer   |
|dense_data_10_11_V_ap_vld  | out |     1|   ap_vld   |                       dense_data_10_11_V                       |    pointer   |
|dense_data_10_12_V         | out |    10|   ap_vld   |                       dense_data_10_12_V                       |    pointer   |
|dense_data_10_12_V_ap_vld  | out |     1|   ap_vld   |                       dense_data_10_12_V                       |    pointer   |
|dense_data_10_13_V         | out |    10|   ap_vld   |                       dense_data_10_13_V                       |    pointer   |
|dense_data_10_13_V_ap_vld  | out |     1|   ap_vld   |                       dense_data_10_13_V                       |    pointer   |
|dense_data_10_14_V         | out |    10|   ap_vld   |                       dense_data_10_14_V                       |    pointer   |
|dense_data_10_14_V_ap_vld  | out |     1|   ap_vld   |                       dense_data_10_14_V                       |    pointer   |
|data_V_dout                |  in |  1500|   ap_fifo  |                             data_V                             |    pointer   |
|data_V_empty_n             |  in |     1|   ap_fifo  |                             data_V                             |    pointer   |
|data_V_read                | out |     1|   ap_fifo  |                             data_V                             |    pointer   |
+---------------------------+-----+------+------------+----------------------------------------------------------------+--------------+

