

================================================================
== Vivado HLS Report for 'dense_resource_rf_leq_nin_0_1_0_1_0_1_0_1_0_1_0_1_0_1_0_1_0_9'
================================================================
* Date:           Mon Sep 26 10:33:15 2022

* Version:        2019.1 (Build 2552052 on Fri May 24 15:28:33 MDT 2019)
* Project:        myproject_prj
* Solution:       solution1
* Product family: virtexuplus
* Target device:  xcvu9p-flga2104-2L-e


================================================================
== Performance Estimates
================================================================
+ Timing (ns): 
    * Summary: 
    +--------+-------+----------+------------+
    |  Clock | Target| Estimated| Uncertainty|
    +--------+-------+----------+------------+
    |ap_clk  |   5.00|     3.953|        0.62|
    +--------+-------+----------+------------+

+ Latency (clock cycles): 
    * Summary: 
    +-----+-----+-----+-----+---------------------------------------------+
    |  Latency  |  Interval |                   Pipeline                  |
    | min | max | min | max |                     Type                    |
    +-----+-----+-----+-----+---------------------------------------------+
    |    6|    7|    5|    5| loop rewind(delay=0 initiation interval(s)) |
    +-----+-----+-----+-----+---------------------------------------------+

    + Detail: 
        * Instance: 
        N/A

        * Loop: 
        +-------------+-----+-----+----------+-----------+-----------+------+----------+
        |             |  Latency  | Iteration|  Initiation Interval  | Trip |          |
        |  Loop Name  | min | max |  Latency |  achieved |   target  | Count| Pipelined|
        +-------------+-----+-----+----------+-----------+-----------+------+----------+
        |- ReuseLoop  |    6|    6|         3|          1|          1|     5|    yes   |
        +-------------+-----+-----+----------+-----------+-----------+------+----------+



================================================================
== Utilization Estimates
================================================================
* Summary: 
+---------------------+---------+-------+---------+---------+-----+
|         Name        | BRAM_18K| DSP48E|    FF   |   LUT   | URAM|
+---------------------+---------+-------+---------+---------+-----+
|DSP                  |        -|      -|        -|        -|    -|
|Expression           |        -|      0|        0|     4639|    -|
|FIFO                 |        -|      -|        -|        -|    -|
|Instance             |        -|      -|        0|     1980|    -|
|Memory               |       15|      -|        0|        0|    -|
|Multiplexer          |        -|      -|        -|      426|    -|
|Register             |        -|      -|     1103|        -|    -|
+---------------------+---------+-------+---------+---------+-----+
|Total                |       15|      0|     1103|     7045|    0|
+---------------------+---------+-------+---------+---------+-----+
|Available SLR        |     1440|   2280|   788160|   394080|  320|
+---------------------+---------+-------+---------+---------+-----+
|Utilization SLR (%)  |        1|      0|    ~0   |        1|    0|
+---------------------+---------+-------+---------+---------+-----+
|Available            |     4320|   6840|  2364480|  1182240|  960|
+---------------------+---------+-------+---------+---------+-----+
|Utilization (%)      |    ~0   |      0|    ~0   |    ~0   |    0|
+---------------------+---------+-------+---------+---------+-----+

+ Detail: 
    * Instance: 
    +------------------------------+-------------------------+---------+-------+---+----+-----+
    |           Instance           |          Module         | BRAM_18K| DSP48E| FF| LUT| URAM|
    +------------------------------+-------------------------+---------+-------+---+----+-----+
    |myproject_mux_83_10_1_1_U835  |myproject_mux_83_10_1_1  |        0|      0|  0|  33|    0|
    |myproject_mux_83_10_1_1_U836  |myproject_mux_83_10_1_1  |        0|      0|  0|  33|    0|
    |myproject_mux_83_10_1_1_U837  |myproject_mux_83_10_1_1  |        0|      0|  0|  33|    0|
    |myproject_mux_83_10_1_1_U838  |myproject_mux_83_10_1_1  |        0|      0|  0|  33|    0|
    |myproject_mux_83_10_1_1_U839  |myproject_mux_83_10_1_1  |        0|      0|  0|  33|    0|
    |myproject_mux_83_10_1_1_U840  |myproject_mux_83_10_1_1  |        0|      0|  0|  33|    0|
    |myproject_mux_83_10_1_1_U841  |myproject_mux_83_10_1_1  |        0|      0|  0|  33|    0|
    |myproject_mux_83_10_1_1_U842  |myproject_mux_83_10_1_1  |        0|      0|  0|  33|    0|
    |myproject_mux_83_10_1_1_U843  |myproject_mux_83_10_1_1  |        0|      0|  0|  33|    0|
    |myproject_mux_83_10_1_1_U844  |myproject_mux_83_10_1_1  |        0|      0|  0|  33|    0|
    |myproject_mux_83_10_1_1_U845  |myproject_mux_83_10_1_1  |        0|      0|  0|  33|    0|
    |myproject_mux_83_10_1_1_U846  |myproject_mux_83_10_1_1  |        0|      0|  0|  33|    0|
    |myproject_mux_83_10_1_1_U847  |myproject_mux_83_10_1_1  |        0|      0|  0|  33|    0|
    |myproject_mux_83_10_1_1_U848  |myproject_mux_83_10_1_1  |        0|      0|  0|  33|    0|
    |myproject_mux_83_10_1_1_U849  |myproject_mux_83_10_1_1  |        0|      0|  0|  33|    0|
    |myproject_mux_83_10_1_1_U850  |myproject_mux_83_10_1_1  |        0|      0|  0|  33|    0|
    |myproject_mux_83_10_1_1_U851  |myproject_mux_83_10_1_1  |        0|      0|  0|  33|    0|
    |myproject_mux_83_10_1_1_U852  |myproject_mux_83_10_1_1  |        0|      0|  0|  33|    0|
    |myproject_mux_83_10_1_1_U853  |myproject_mux_83_10_1_1  |        0|      0|  0|  33|    0|
    |myproject_mux_83_10_1_1_U854  |myproject_mux_83_10_1_1  |        0|      0|  0|  33|    0|
    |myproject_mux_83_10_1_1_U855  |myproject_mux_83_10_1_1  |        0|      0|  0|  33|    0|
    |myproject_mux_83_10_1_1_U856  |myproject_mux_83_10_1_1  |        0|      0|  0|  33|    0|
    |myproject_mux_83_10_1_1_U857  |myproject_mux_83_10_1_1  |        0|      0|  0|  33|    0|
    |myproject_mux_83_10_1_1_U858  |myproject_mux_83_10_1_1  |        0|      0|  0|  33|    0|
    |myproject_mux_83_10_1_1_U859  |myproject_mux_83_10_1_1  |        0|      0|  0|  33|    0|
    |myproject_mux_83_10_1_1_U860  |myproject_mux_83_10_1_1  |        0|      0|  0|  33|    0|
    |myproject_mux_83_10_1_1_U861  |myproject_mux_83_10_1_1  |        0|      0|  0|  33|    0|
    |myproject_mux_83_10_1_1_U862  |myproject_mux_83_10_1_1  |        0|      0|  0|  33|    0|
    |myproject_mux_83_10_1_1_U863  |myproject_mux_83_10_1_1  |        0|      0|  0|  33|    0|
    |myproject_mux_83_10_1_1_U864  |myproject_mux_83_10_1_1  |        0|      0|  0|  33|    0|
    |myproject_mux_83_10_1_1_U865  |myproject_mux_83_10_1_1  |        0|      0|  0|  33|    0|
    |myproject_mux_83_10_1_1_U866  |myproject_mux_83_10_1_1  |        0|      0|  0|  33|    0|
    |myproject_mux_83_10_1_1_U867  |myproject_mux_83_10_1_1  |        0|      0|  0|  33|    0|
    |myproject_mux_83_10_1_1_U868  |myproject_mux_83_10_1_1  |        0|      0|  0|  33|    0|
    |myproject_mux_83_10_1_1_U869  |myproject_mux_83_10_1_1  |        0|      0|  0|  33|    0|
    |myproject_mux_83_10_1_1_U870  |myproject_mux_83_10_1_1  |        0|      0|  0|  33|    0|
    |myproject_mux_83_10_1_1_U871  |myproject_mux_83_10_1_1  |        0|      0|  0|  33|    0|
    |myproject_mux_83_10_1_1_U872  |myproject_mux_83_10_1_1  |        0|      0|  0|  33|    0|
    |myproject_mux_83_10_1_1_U873  |myproject_mux_83_10_1_1  |        0|      0|  0|  33|    0|
    |myproject_mux_83_10_1_1_U874  |myproject_mux_83_10_1_1  |        0|      0|  0|  33|    0|
    |myproject_mux_83_10_1_1_U875  |myproject_mux_83_10_1_1  |        0|      0|  0|  33|    0|
    |myproject_mux_83_10_1_1_U876  |myproject_mux_83_10_1_1  |        0|      0|  0|  33|    0|
    |myproject_mux_83_10_1_1_U877  |myproject_mux_83_10_1_1  |        0|      0|  0|  33|    0|
    |myproject_mux_83_10_1_1_U878  |myproject_mux_83_10_1_1  |        0|      0|  0|  33|    0|
    |myproject_mux_83_10_1_1_U879  |myproject_mux_83_10_1_1  |        0|      0|  0|  33|    0|
    |myproject_mux_83_10_1_1_U880  |myproject_mux_83_10_1_1  |        0|      0|  0|  33|    0|
    |myproject_mux_83_10_1_1_U881  |myproject_mux_83_10_1_1  |        0|      0|  0|  33|    0|
    |myproject_mux_83_10_1_1_U882  |myproject_mux_83_10_1_1  |        0|      0|  0|  33|    0|
    |myproject_mux_83_10_1_1_U883  |myproject_mux_83_10_1_1  |        0|      0|  0|  33|    0|
    |myproject_mux_83_10_1_1_U884  |myproject_mux_83_10_1_1  |        0|      0|  0|  33|    0|
    |myproject_mux_83_10_1_1_U885  |myproject_mux_83_10_1_1  |        0|      0|  0|  33|    0|
    |myproject_mux_83_10_1_1_U886  |myproject_mux_83_10_1_1  |        0|      0|  0|  33|    0|
    |myproject_mux_83_10_1_1_U887  |myproject_mux_83_10_1_1  |        0|      0|  0|  33|    0|
    |myproject_mux_83_10_1_1_U888  |myproject_mux_83_10_1_1  |        0|      0|  0|  33|    0|
    |myproject_mux_83_10_1_1_U889  |myproject_mux_83_10_1_1  |        0|      0|  0|  33|    0|
    |myproject_mux_83_10_1_1_U890  |myproject_mux_83_10_1_1  |        0|      0|  0|  33|    0|
    |myproject_mux_83_10_1_1_U891  |myproject_mux_83_10_1_1  |        0|      0|  0|  33|    0|
    |myproject_mux_83_10_1_1_U892  |myproject_mux_83_10_1_1  |        0|      0|  0|  33|    0|
    |myproject_mux_83_10_1_1_U893  |myproject_mux_83_10_1_1  |        0|      0|  0|  33|    0|
    |myproject_mux_83_10_1_1_U894  |myproject_mux_83_10_1_1  |        0|      0|  0|  33|    0|
    +------------------------------+-------------------------+---------+-------+---+----+-----+
    |Total                         |                         |        0|      0|  0|1980|    0|
    +------------------------------+-------------------------+---------+-------+---+----+-----+

    * DSP48E: 
    N/A

    * Memory: 
    +-----------+--------------------------------------------------------------+---------+---+----+-----+------+-----+------+-------------+
    |   Memory  |                            Module                            | BRAM_18K| FF| LUT| URAM| Words| Bits| Banks| W*Bits*Banks|
    +-----------+--------------------------------------------------------------+---------+---+----+-----+------+-----+------+-------------+
    |w2_V224_U  |dense_resource_rf_leq_nin_0_1_0_1_0_1_0_1_0_1_0_1_0_1_0_1bkb  |       15|  0|   0|    0|     5|  540|     1|         2700|
    +-----------+--------------------------------------------------------------+---------+---+----+-----+------+-----+------+-------------+
    |Total      |                                                              |       15|  0|   0|    0|     5|  540|     1|         2700|
    +-----------+--------------------------------------------------------------+---------+---+----+-----+------+-----+------+-------------+

    * FIFO: 
    N/A

    * Expression: 
    +---------------------------+----------+-------+---+----+------------+------------+
    |       Variable Name       | Operation| DSP48E| FF| LUT| Bitwidth P0| Bitwidth P1|
    +---------------------------+----------+-------+---+----+------------+------------+
    |mul_ln1118_154_fu_856_p2   |     *    |      0|  0|  62|           9|          10|
    |mul_ln1118_155_fu_908_p2   |     *    |      0|  0|  62|           9|          10|
    |mul_ln1118_156_fu_976_p2   |     *    |      0|  0|  62|           9|          10|
    |mul_ln1118_157_fu_1028_p2  |     *    |      0|  0|  62|           9|          10|
    |mul_ln1118_158_fu_1080_p2  |     *    |      0|  0|  62|           9|          10|
    |mul_ln1118_159_fu_1148_p2  |     *    |      0|  0|  62|           9|          10|
    |mul_ln1118_160_fu_1200_p2  |     *    |      0|  0|  62|           9|          10|
    |mul_ln1118_161_fu_1252_p2  |     *    |      0|  0|  62|           9|          10|
    |mul_ln1118_162_fu_1320_p2  |     *    |      0|  0|  62|           9|          10|
    |mul_ln1118_163_fu_1372_p2  |     *    |      0|  0|  62|           9|          10|
    |mul_ln1118_164_fu_1424_p2  |     *    |      0|  0|  62|           9|          10|
    |mul_ln1118_165_fu_1492_p2  |     *    |      0|  0|  62|           9|          10|
    |mul_ln1118_166_fu_1544_p2  |     *    |      0|  0|  62|           9|          10|
    |mul_ln1118_167_fu_1596_p2  |     *    |      0|  0|  62|           9|          10|
    |mul_ln1118_168_fu_1664_p2  |     *    |      0|  0|  62|           9|          10|
    |mul_ln1118_169_fu_1716_p2  |     *    |      0|  0|  62|           9|          10|
    |mul_ln1118_170_fu_1768_p2  |     *    |      0|  0|  62|           9|          10|
    |mul_ln1118_171_fu_1836_p2  |     *    |      0|  0|  62|           9|          10|
    |mul_ln1118_172_fu_1888_p2  |     *    |      0|  0|  62|           9|          10|
    |mul_ln1118_173_fu_1940_p2  |     *    |      0|  0|  62|           9|          10|
    |mul_ln1118_174_fu_2008_p2  |     *    |      0|  0|  62|           9|          10|
    |mul_ln1118_175_fu_2060_p2  |     *    |      0|  0|  62|           9|          10|
    |mul_ln1118_176_fu_2112_p2  |     *    |      0|  0|  62|           9|          10|
    |mul_ln1118_177_fu_2180_p2  |     *    |      0|  0|  62|           9|          10|
    |mul_ln1118_178_fu_2232_p2  |     *    |      0|  0|  62|           9|          10|
    |mul_ln1118_179_fu_2284_p2  |     *    |      0|  0|  62|           9|          10|
    |mul_ln1118_180_fu_2352_p2  |     *    |      0|  0|  62|           9|          10|
    |mul_ln1118_181_fu_2404_p2  |     *    |      0|  0|  62|           9|          10|
    |mul_ln1118_182_fu_2456_p2  |     *    |      0|  0|  62|           9|          10|
    |mul_ln1118_183_fu_2524_p2  |     *    |      0|  0|  62|           9|          10|
    |mul_ln1118_184_fu_2576_p2  |     *    |      0|  0|  62|           9|          10|
    |mul_ln1118_185_fu_2628_p2  |     *    |      0|  0|  62|           9|          10|
    |mul_ln1118_186_fu_2696_p2  |     *    |      0|  0|  62|           9|          10|
    |mul_ln1118_187_fu_2748_p2  |     *    |      0|  0|  62|           9|          10|
    |mul_ln1118_188_fu_2800_p2  |     *    |      0|  0|  62|           9|          10|
    |mul_ln1118_189_fu_2868_p2  |     *    |      0|  0|  62|           9|          10|
    |mul_ln1118_190_fu_2920_p2  |     *    |      0|  0|  62|           9|          10|
    |mul_ln1118_191_fu_2972_p2  |     *    |      0|  0|  62|           9|          10|
    |mul_ln1118_192_fu_3040_p2  |     *    |      0|  0|  62|           9|          10|
    |mul_ln1118_193_fu_3092_p2  |     *    |      0|  0|  62|           9|          10|
    |mul_ln1118_194_fu_3144_p2  |     *    |      0|  0|  62|           9|          10|
    |mul_ln1118_195_fu_3212_p2  |     *    |      0|  0|  62|           9|          10|
    |mul_ln1118_196_fu_3264_p2  |     *    |      0|  0|  62|           9|          10|
    |mul_ln1118_197_fu_3316_p2  |     *    |      0|  0|  62|           9|          10|
    |mul_ln1118_198_fu_3384_p2  |     *    |      0|  0|  62|           9|          10|
    |mul_ln1118_199_fu_3436_p2  |     *    |      0|  0|  62|           9|          10|
    |mul_ln1118_200_fu_3488_p2  |     *    |      0|  0|  62|           9|          10|
    |mul_ln1118_201_fu_3556_p2  |     *    |      0|  0|  62|           9|          10|
    |mul_ln1118_202_fu_3608_p2  |     *    |      0|  0|  62|           9|          10|
    |mul_ln1118_203_fu_3660_p2  |     *    |      0|  0|  62|           9|          10|
    |mul_ln1118_204_fu_3728_p2  |     *    |      0|  0|  62|           9|          10|
    |mul_ln1118_205_fu_3780_p2  |     *    |      0|  0|  62|           9|          10|
    |mul_ln1118_206_fu_3832_p2  |     *    |      0|  0|  62|           9|          10|
    |mul_ln1118_207_fu_3900_p2  |     *    |      0|  0|  62|           9|          10|
    |mul_ln1118_208_fu_3952_p2  |     *    |      0|  0|  62|           9|          10|
    |mul_ln1118_209_fu_4004_p2  |     *    |      0|  0|  62|           9|          10|
    |mul_ln1118_210_fu_4072_p2  |     *    |      0|  0|  62|           9|          10|
    |mul_ln1118_211_fu_4124_p2  |     *    |      0|  0|  62|           9|          10|
    |mul_ln1118_212_fu_4176_p2  |     *    |      0|  0|  62|           9|          10|
    |mul_ln1118_fu_804_p2       |     *    |      0|  0|  62|           9|          10|
    |acc_0_V_fu_4215_p2         |     +    |      0|  0|  16|          16|          16|
    |acc_10_V_fu_4305_p2        |     +    |      0|  0|  16|          16|          16|
    |acc_11_V_fu_4314_p2        |     +    |      0|  0|  16|          16|          16|
    |acc_12_V_fu_4323_p2        |     +    |      0|  0|  16|          16|          16|
    |acc_13_V_fu_4332_p2        |     +    |      0|  0|  16|          16|          16|
    |acc_14_V_fu_4341_p2        |     +    |      0|  0|  16|          16|          16|
    |acc_15_V_fu_4350_p2        |     +    |      0|  0|  16|          16|          16|
    |acc_16_V_fu_4359_p2        |     +    |      0|  0|  16|          16|          16|
    |acc_17_V_fu_4368_p2        |     +    |      0|  0|  16|          16|          16|
    |acc_18_V_fu_4377_p2        |     +    |      0|  0|  16|          16|          16|
    |acc_19_V_fu_4386_p2        |     +    |      0|  0|  16|          16|          16|
    |acc_1_V_fu_4224_p2         |     +    |      0|  0|  16|          16|          16|
    |acc_2_V_fu_4233_p2         |     +    |      0|  0|  16|          16|          16|
    |acc_3_V_fu_4242_p2         |     +    |      0|  0|  16|          16|          16|
    |acc_4_V_fu_4251_p2         |     +    |      0|  0|  16|          16|          16|
    |acc_5_V_fu_4260_p2         |     +    |      0|  0|  16|          16|          16|
    |acc_6_V_fu_4269_p2         |     +    |      0|  0|  16|          16|          16|
    |acc_7_V_fu_4278_p2         |     +    |      0|  0|  16|          16|          16|
    |acc_8_V_fu_4287_p2         |     +    |      0|  0|  16|          16|          16|
    |acc_9_V_fu_4296_p2         |     +    |      0|  0|  16|          16|          16|
    |add_ln703_154_fu_938_p2    |     +    |      0|  0|  15|          15|          15|
    |add_ln703_156_fu_1100_p2   |     +    |      0|  0|  14|          14|          14|
    |add_ln703_157_fu_1110_p2   |     +    |      0|  0|  15|          15|          15|
    |add_ln703_159_fu_1272_p2   |     +    |      0|  0|  14|          14|          14|
    |add_ln703_160_fu_1282_p2   |     +    |      0|  0|  15|          15|          15|
    |add_ln703_162_fu_1444_p2   |     +    |      0|  0|  14|          14|          14|
    |add_ln703_163_fu_1454_p2   |     +    |      0|  0|  15|          15|          15|
    |add_ln703_165_fu_1616_p2   |     +    |      0|  0|  14|          14|          14|
    |add_ln703_166_fu_1626_p2   |     +    |      0|  0|  15|          15|          15|
    |add_ln703_168_fu_1788_p2   |     +    |      0|  0|  14|          14|          14|
    |add_ln703_169_fu_1798_p2   |     +    |      0|  0|  15|          15|          15|
    |add_ln703_171_fu_1960_p2   |     +    |      0|  0|  14|          14|          14|
    |add_ln703_172_fu_1970_p2   |     +    |      0|  0|  15|          15|          15|
    |add_ln703_174_fu_2132_p2   |     +    |      0|  0|  14|          14|          14|
    |add_ln703_175_fu_2142_p2   |     +    |      0|  0|  15|          15|          15|
    |add_ln703_177_fu_2304_p2   |     +    |      0|  0|  14|          14|          14|
    |add_ln703_178_fu_2314_p2   |     +    |      0|  0|  15|          15|          15|
    |add_ln703_180_fu_2476_p2   |     +    |      0|  0|  14|          14|          14|
    |add_ln703_181_fu_2486_p2   |     +    |      0|  0|  15|          15|          15|
    |add_ln703_183_fu_2648_p2   |     +    |      0|  0|  14|          14|          14|
    |add_ln703_184_fu_2658_p2   |     +    |      0|  0|  15|          15|          15|
    |add_ln703_186_fu_2820_p2   |     +    |      0|  0|  14|          14|          14|
    |add_ln703_187_fu_2830_p2   |     +    |      0|  0|  15|          15|          15|
    |add_ln703_189_fu_2992_p2   |     +    |      0|  0|  14|          14|          14|
    |add_ln703_190_fu_3002_p2   |     +    |      0|  0|  15|          15|          15|
    |add_ln703_192_fu_3164_p2   |     +    |      0|  0|  14|          14|          14|
    |add_ln703_193_fu_3174_p2   |     +    |      0|  0|  15|          15|          15|
    |add_ln703_195_fu_3336_p2   |     +    |      0|  0|  14|          14|          14|
    |add_ln703_196_fu_3346_p2   |     +    |      0|  0|  15|          15|          15|
    |add_ln703_198_fu_3508_p2   |     +    |      0|  0|  14|          14|          14|
    |add_ln703_199_fu_3518_p2   |     +    |      0|  0|  15|          15|          15|
    |add_ln703_201_fu_3680_p2   |     +    |      0|  0|  14|          14|          14|
    |add_ln703_202_fu_3690_p2   |     +    |      0|  0|  15|          15|          15|
    |add_ln703_204_fu_3852_p2   |     +    |      0|  0|  14|          14|          14|
    |add_ln703_205_fu_3862_p2   |     +    |      0|  0|  15|          15|          15|
    |add_ln703_207_fu_4024_p2   |     +    |      0|  0|  14|          14|          14|
    |add_ln703_208_fu_4034_p2   |     +    |      0|  0|  15|          15|          15|
    |add_ln703_210_fu_4196_p2   |     +    |      0|  0|  14|          14|          14|
    |add_ln703_211_fu_4206_p2   |     +    |      0|  0|  15|          15|          15|
    |add_ln703_fu_928_p2        |     +    |      0|  0|  14|          14|          14|
    |w_index_fu_766_p2          |     +    |      0|  0|   4|           1|           3|
    |ap_condition_272           |    and   |      0|  0|   2|           1|           1|
    |icmp_ln64_fu_772_p2        |   icmp   |      0|  0|   9|           3|           4|
    |ap_block_state1            |    or    |      0|  0|   2|           1|           1|
    |ap_enable_pp0              |    xor   |      0|  0|   2|           1|           2|
    +---------------------------+----------+-------+---+----+------------+------------+
    |Total                      |          |      0|  0|4639|        1447|        1511|
    +---------------------------+----------+-------+---+----+------------+------------+

    * Multiplexer: 
    +------------------------------------+----+-----------+-----+-----------+
    |                Name                | LUT| Input Size| Bits| Total Bits|
    +------------------------------------+----+-----------+-----+-----------+
    |ap_NS_fsm                           |  15|          3|    1|          3|
    |ap_done                             |   9|          2|    1|          2|
    |ap_enable_reg_pp0_iter1             |   9|          2|    1|          2|
    |ap_enable_reg_pp0_iter2             |   9|          2|    1|          2|
    |ap_phi_mux_w_index43_phi_fu_470_p6  |  15|          3|    3|          9|
    |ap_return_0                         |   9|          2|   16|         32|
    |ap_return_1                         |   9|          2|   16|         32|
    |ap_return_10                        |   9|          2|   16|         32|
    |ap_return_11                        |   9|          2|   16|         32|
    |ap_return_12                        |   9|          2|   16|         32|
    |ap_return_13                        |   9|          2|   16|         32|
    |ap_return_14                        |   9|          2|   16|         32|
    |ap_return_15                        |   9|          2|   16|         32|
    |ap_return_16                        |   9|          2|   16|         32|
    |ap_return_17                        |   9|          2|   16|         32|
    |ap_return_18                        |   9|          2|   16|         32|
    |ap_return_19                        |   9|          2|   16|         32|
    |ap_return_2                         |   9|          2|   16|         32|
    |ap_return_3                         |   9|          2|   16|         32|
    |ap_return_4                         |   9|          2|   16|         32|
    |ap_return_5                         |   9|          2|   16|         32|
    |ap_return_6                         |   9|          2|   16|         32|
    |ap_return_7                         |   9|          2|   16|         32|
    |ap_return_8                         |   9|          2|   16|         32|
    |ap_return_9                         |   9|          2|   16|         32|
    |res_0_V_write_assign41_reg_481      |   9|          2|   16|         32|
    |res_10_V_write_assign21_reg_621     |   9|          2|   16|         32|
    |res_11_V_write_assign19_reg_635     |   9|          2|   16|         32|
    |res_12_V_write_assign17_reg_649     |   9|          2|   16|         32|
    |res_13_V_write_assign15_reg_663     |   9|          2|   16|         32|
    |res_14_V_write_assign13_reg_677     |   9|          2|   16|         32|
    |res_15_V_write_assign11_reg_691     |   9|          2|   16|         32|
    |res_16_V_write_assign9_reg_705      |   9|          2|   16|         32|
    |res_17_V_write_assign7_reg_719      |   9|          2|   16|         32|
    |res_18_V_write_assign5_reg_733      |   9|          2|   16|         32|
    |res_19_V_write_assign3_reg_747      |   9|          2|   16|         32|
    |res_1_V_write_assign39_reg_495      |   9|          2|   16|         32|
    |res_2_V_write_assign37_reg_509      |   9|          2|   16|         32|
    |res_3_V_write_assign35_reg_523      |   9|          2|   16|         32|
    |res_4_V_write_assign33_reg_537      |   9|          2|   16|         32|
    |res_5_V_write_assign31_reg_551      |   9|          2|   16|         32|
    |res_6_V_write_assign29_reg_565      |   9|          2|   16|         32|
    |res_7_V_write_assign27_reg_579      |   9|          2|   16|         32|
    |res_8_V_write_assign25_reg_593      |   9|          2|   16|         32|
    |res_9_V_write_assign23_reg_607      |   9|          2|   16|         32|
    |w_index43_reg_466                   |   9|          2|    3|          6|
    +------------------------------------+----+-----------+-----+-----------+
    |Total                               | 426|         94|  650|       1304|
    +------------------------------------+----+-----------+-----+-----------+

    * Register: 
    +----------------------------------+----+----+-----+-----------+
    |               Name               | FF | LUT| Bits| Const Bits|
    +----------------------------------+----+----+-----+-----------+
    |add_ln703_154_reg_5070            |  15|   0|   15|          0|
    |add_ln703_157_reg_5075            |  15|   0|   15|          0|
    |add_ln703_160_reg_5080            |  15|   0|   15|          0|
    |add_ln703_163_reg_5085            |  15|   0|   15|          0|
    |add_ln703_166_reg_5090            |  15|   0|   15|          0|
    |add_ln703_169_reg_5095            |  15|   0|   15|          0|
    |add_ln703_172_reg_5100            |  15|   0|   15|          0|
    |add_ln703_175_reg_5105            |  15|   0|   15|          0|
    |add_ln703_178_reg_5110            |  15|   0|   15|          0|
    |add_ln703_181_reg_5115            |  15|   0|   15|          0|
    |add_ln703_184_reg_5120            |  15|   0|   15|          0|
    |add_ln703_187_reg_5125            |  15|   0|   15|          0|
    |add_ln703_190_reg_5130            |  15|   0|   15|          0|
    |add_ln703_193_reg_5135            |  15|   0|   15|          0|
    |add_ln703_196_reg_5140            |  15|   0|   15|          0|
    |add_ln703_199_reg_5145            |  15|   0|   15|          0|
    |add_ln703_202_reg_5150            |  15|   0|   15|          0|
    |add_ln703_205_reg_5155            |  15|   0|   15|          0|
    |add_ln703_208_reg_5160            |  15|   0|   15|          0|
    |add_ln703_211_reg_5165            |  15|   0|   15|          0|
    |ap_CS_fsm                         |   2|   0|    2|          0|
    |ap_done_reg                       |   1|   0|    1|          0|
    |ap_enable_reg_pp0_iter1           |   1|   0|    1|          0|
    |ap_enable_reg_pp0_iter2           |   1|   0|    1|          0|
    |ap_return_0_preg                  |  16|   0|   16|          0|
    |ap_return_10_preg                 |  16|   0|   16|          0|
    |ap_return_11_preg                 |  16|   0|   16|          0|
    |ap_return_12_preg                 |  16|   0|   16|          0|
    |ap_return_13_preg                 |  16|   0|   16|          0|
    |ap_return_14_preg                 |  16|   0|   16|          0|
    |ap_return_15_preg                 |  16|   0|   16|          0|
    |ap_return_16_preg                 |  16|   0|   16|          0|
    |ap_return_17_preg                 |  16|   0|   16|          0|
    |ap_return_18_preg                 |  16|   0|   16|          0|
    |ap_return_19_preg                 |  16|   0|   16|          0|
    |ap_return_1_preg                  |  16|   0|   16|          0|
    |ap_return_2_preg                  |  16|   0|   16|          0|
    |ap_return_3_preg                  |  16|   0|   16|          0|
    |ap_return_4_preg                  |  16|   0|   16|          0|
    |ap_return_5_preg                  |  16|   0|   16|          0|
    |ap_return_6_preg                  |  16|   0|   16|          0|
    |ap_return_7_preg                  |  16|   0|   16|          0|
    |ap_return_8_preg                  |  16|   0|   16|          0|
    |ap_return_9_preg                  |  16|   0|   16|          0|
    |data_0_V_read_reg_4516            |  10|   0|   10|          0|
    |data_10_V_read_reg_4881           |  10|   0|   10|          0|
    |data_11_V_read_reg_4905           |  10|   0|   10|          0|
    |data_12_V_read_reg_4929           |  10|   0|   10|          0|
    |data_13_V_read_reg_4953           |  10|   0|   10|          0|
    |data_14_V_read_reg_4977           |  10|   0|   10|          0|
    |data_1_V_read_reg_4540            |  10|   0|   10|          0|
    |data_2_V_read_reg_4564            |  10|   0|   10|          0|
    |data_3_V_read_reg_4588            |  10|   0|   10|          0|
    |data_4_V_read_reg_4612            |  10|   0|   10|          0|
    |data_5_V_read_reg_4701            |  10|   0|   10|          0|
    |data_6_V_read_reg_4725            |  10|   0|   10|          0|
    |data_7_V_read_reg_4749            |  10|   0|   10|          0|
    |data_8_V_read_reg_4773            |  10|   0|   10|          0|
    |data_9_V_read_reg_4797            |  10|   0|   10|          0|
    |icmp_ln64_reg_5066                |   1|   0|    1|          0|
    |icmp_ln64_reg_5066_pp0_iter1_reg  |   1|   0|    1|          0|
    |res_0_V_write_assign41_reg_481    |  16|   0|   16|          0|
    |res_10_V_write_assign21_reg_621   |  16|   0|   16|          0|
    |res_11_V_write_assign19_reg_635   |  16|   0|   16|          0|
    |res_12_V_write_assign17_reg_649   |  16|   0|   16|          0|
    |res_13_V_write_assign15_reg_663   |  16|   0|   16|          0|
    |res_14_V_write_assign13_reg_677   |  16|   0|   16|          0|
    |res_15_V_write_assign11_reg_691   |  16|   0|   16|          0|
    |res_16_V_write_assign9_reg_705    |  16|   0|   16|          0|
    |res_17_V_write_assign7_reg_719    |  16|   0|   16|          0|
    |res_18_V_write_assign5_reg_733    |  16|   0|   16|          0|
    |res_19_V_write_assign3_reg_747    |  16|   0|   16|          0|
    |res_1_V_write_assign39_reg_495    |  16|   0|   16|          0|
    |res_2_V_write_assign37_reg_509    |  16|   0|   16|          0|
    |res_3_V_write_assign35_reg_523    |  16|   0|   16|          0|
    |res_4_V_write_assign33_reg_537    |  16|   0|   16|          0|
    |res_5_V_write_assign31_reg_551    |  16|   0|   16|          0|
    |res_6_V_write_assign29_reg_565    |  16|   0|   16|          0|
    |res_7_V_write_assign27_reg_579    |  16|   0|   16|          0|
    |res_8_V_write_assign25_reg_593    |  16|   0|   16|          0|
    |res_9_V_write_assign23_reg_607    |  16|   0|   16|          0|
    |w_index43_reg_466                 |   3|   0|    3|          0|
    |w_index_reg_5061                  |   3|   0|    3|          0|
    +----------------------------------+----+----+-----+-----------+
    |Total                             |1103|   0| 1103|          0|
    +----------------------------------+----+----+-----+-----------+



================================================================
== Interface
================================================================
* Summary: 
+--------------+-----+-----+------------+----------------------------------------------------------------+--------------+
|   RTL Ports  | Dir | Bits|  Protocol  |                          Source Object                         |    C Type    |
+--------------+-----+-----+------------+----------------------------------------------------------------+--------------+
|ap_clk        |  in |    1| ap_ctrl_hs | dense_resource_rf_leq_nin.0.1.0.1.0.1.0.1.0.1.0.1.0.1.0.1.0..9 | return value |
|ap_rst        |  in |    1| ap_ctrl_hs | dense_resource_rf_leq_nin.0.1.0.1.0.1.0.1.0.1.0.1.0.1.0.1.0..9 | return value |
|ap_start      |  in |    1| ap_ctrl_hs | dense_resource_rf_leq_nin.0.1.0.1.0.1.0.1.0.1.0.1.0.1.0.1.0..9 | return value |
|ap_done       | out |    1| ap_ctrl_hs | dense_resource_rf_leq_nin.0.1.0.1.0.1.0.1.0.1.0.1.0.1.0.1.0..9 | return value |
|ap_continue   |  in |    1| ap_ctrl_hs | dense_resource_rf_leq_nin.0.1.0.1.0.1.0.1.0.1.0.1.0.1.0.1.0..9 | return value |
|ap_idle       | out |    1| ap_ctrl_hs | dense_resource_rf_leq_nin.0.1.0.1.0.1.0.1.0.1.0.1.0.1.0.1.0..9 | return value |
|ap_ready      | out |    1| ap_ctrl_hs | dense_resource_rf_leq_nin.0.1.0.1.0.1.0.1.0.1.0.1.0.1.0.1.0..9 | return value |
|ap_return_0   | out |   16| ap_ctrl_hs | dense_resource_rf_leq_nin.0.1.0.1.0.1.0.1.0.1.0.1.0.1.0.1.0..9 | return value |
|ap_return_1   | out |   16| ap_ctrl_hs | dense_resource_rf_leq_nin.0.1.0.1.0.1.0.1.0.1.0.1.0.1.0.1.0..9 | return value |
|ap_return_2   | out |   16| ap_ctrl_hs | dense_resource_rf_leq_nin.0.1.0.1.0.1.0.1.0.1.0.1.0.1.0.1.0..9 | return value |
|ap_return_3   | out |   16| ap_ctrl_hs | dense_resource_rf_leq_nin.0.1.0.1.0.1.0.1.0.1.0.1.0.1.0.1.0..9 | return value |
|ap_return_4   | out |   16| ap_ctrl_hs | dense_resource_rf_leq_nin.0.1.0.1.0.1.0.1.0.1.0.1.0.1.0.1.0..9 | return value |
|ap_return_5   | out |   16| ap_ctrl_hs | dense_resource_rf_leq_nin.0.1.0.1.0.1.0.1.0.1.0.1.0.1.0.1.0..9 | return value |
|ap_return_6   | out |   16| ap_ctrl_hs | dense_resource_rf_leq_nin.0.1.0.1.0.1.0.1.0.1.0.1.0.1.0.1.0..9 | return value |
|ap_return_7   | out |   16| ap_ctrl_hs | dense_resource_rf_leq_nin.0.1.0.1.0.1.0.1.0.1.0.1.0.1.0.1.0..9 | return value |
|ap_return_8   | out |   16| ap_ctrl_hs | dense_resource_rf_leq_nin.0.1.0.1.0.1.0.1.0.1.0.1.0.1.0.1.0..9 | return value |
|ap_return_9   | out |   16| ap_ctrl_hs | dense_resource_rf_leq_nin.0.1.0.1.0.1.0.1.0.1.0.1.0.1.0.1.0..9 | return value |
|ap_return_10  | out |   16| ap_ctrl_hs | dense_resource_rf_leq_nin.0.1.0.1.0.1.0.1.0.1.0.1.0.1.0.1.0..9 | return value |
|ap_return_11  | out |   16| ap_ctrl_hs | dense_resource_rf_leq_nin.0.1.0.1.0.1.0.1.0.1.0.1.0.1.0.1.0..9 | return value |
|ap_return_12  | out |   16| ap_ctrl_hs | dense_resource_rf_leq_nin.0.1.0.1.0.1.0.1.0.1.0.1.0.1.0.1.0..9 | return value |
|ap_return_13  | out |   16| ap_ctrl_hs | dense_resource_rf_leq_nin.0.1.0.1.0.1.0.1.0.1.0.1.0.1.0.1.0..9 | return value |
|ap_return_14  | out |   16| ap_ctrl_hs | dense_resource_rf_leq_nin.0.1.0.1.0.1.0.1.0.1.0.1.0.1.0.1.0..9 | return value |
|ap_return_15  | out |   16| ap_ctrl_hs | dense_resource_rf_leq_nin.0.1.0.1.0.1.0.1.0.1.0.1.0.1.0.1.0..9 | return value |
|ap_return_16  | out |   16| ap_ctrl_hs | dense_resource_rf_leq_nin.0.1.0.1.0.1.0.1.0.1.0.1.0.1.0.1.0..9 | return value |
|ap_return_17  | out |   16| ap_ctrl_hs | dense_resource_rf_leq_nin.0.1.0.1.0.1.0.1.0.1.0.1.0.1.0.1.0..9 | return value |
|ap_return_18  | out |   16| ap_ctrl_hs | dense_resource_rf_leq_nin.0.1.0.1.0.1.0.1.0.1.0.1.0.1.0.1.0..9 | return value |
|ap_return_19  | out |   16| ap_ctrl_hs | dense_resource_rf_leq_nin.0.1.0.1.0.1.0.1.0.1.0.1.0.1.0.1.0..9 | return value |
|data_0_V      |  in |   10|   ap_none  |                            data_0_V                            |    pointer   |
|data_1_V      |  in |   10|   ap_none  |                            data_1_V                            |    pointer   |
|data_2_V      |  in |   10|   ap_none  |                            data_2_V                            |    pointer   |
|data_3_V      |  in |   10|   ap_none  |                            data_3_V                            |    pointer   |
|data_4_V      |  in |   10|   ap_none  |                            data_4_V                            |    pointer   |
|data_5_V      |  in |   10|   ap_none  |                            data_5_V                            |    pointer   |
|data_6_V      |  in |   10|   ap_none  |                            data_6_V                            |    pointer   |
|data_7_V      |  in |   10|   ap_none  |                            data_7_V                            |    pointer   |
|data_8_V      |  in |   10|   ap_none  |                            data_8_V                            |    pointer   |
|data_9_V      |  in |   10|   ap_none  |                            data_9_V                            |    pointer   |
|data_10_V     |  in |   10|   ap_none  |                            data_10_V                           |    pointer   |
|data_11_V     |  in |   10|   ap_none  |                            data_11_V                           |    pointer   |
|data_12_V     |  in |   10|   ap_none  |                            data_12_V                           |    pointer   |
|data_13_V     |  in |   10|   ap_none  |                            data_13_V                           |    pointer   |
|data_14_V     |  in |   10|   ap_none  |                            data_14_V                           |    pointer   |
+--------------+-----+-----+------------+----------------------------------------------------------------+--------------+

