

================================================================
== Vivado HLS Report for 'dense_resource_rf_leq_nin_0_1_0_1_0_4'
================================================================
* Date:           Mon Sep 26 10:34:13 2022

* Version:        2019.1 (Build 2552052 on Fri May 24 15:28:33 MDT 2019)
* Project:        myproject_prj
* Solution:       solution1
* Product family: virtexuplus
* Target device:  xcvu9p-flga2104-2L-e


================================================================
== Performance Estimates
================================================================
+ Timing (ns): 
    * Summary: 
    +--------+-------+----------+------------+
    |  Clock | Target| Estimated| Uncertainty|
    +--------+-------+----------+------------+
    |ap_clk  |   5.00|     4.286|        0.62|
    +--------+-------+----------+------------+

+ Latency (clock cycles): 
    * Summary: 
    +-----+-----+-----+-----+---------------------------------------------+
    |  Latency  |  Interval |                   Pipeline                  |
    | min | max | min | max |                     Type                    |
    +-----+-----+-----+-----+---------------------------------------------+
    |    5|    6|    5|    5| loop rewind(delay=0 initiation interval(s)) |
    +-----+-----+-----+-----+---------------------------------------------+

    + Detail: 
        * Instance: 
        N/A

        * Loop: 
        +-------------+-----+-----+----------+-----------+-----------+------+----------+
        |             |  Latency  | Iteration|  Initiation Interval  | Trip |          |
        |  Loop Name  | min | max |  Latency |  achieved |   target  | Count| Pipelined|
        +-------------+-----+-----+----------+-----------+-----------+------+----------+
        |- ReuseLoop  |    5|    5|         2|          1|          1|     5|    yes   |
        +-------------+-----+-----+----------+-----------+-----------+------+----------+



================================================================
== Utilization Estimates
================================================================
* Summary: 
+---------------------+---------+-------+---------+---------+-----+
|         Name        | BRAM_18K| DSP48E|    FF   |   LUT   | URAM|
+---------------------+---------+-------+---------+---------+-----+
|DSP                  |        -|      -|        -|        -|    -|
|Expression           |        -|      0|        0|     1264|    -|
|FIFO                 |        -|      -|        -|        -|    -|
|Instance             |        -|      -|        0|      660|    -|
|Memory               |        0|      -|      180|       15|    -|
|Multiplexer          |        -|      -|        -|      147|    -|
|Register             |        -|      -|      351|        -|    -|
+---------------------+---------+-------+---------+---------+-----+
|Total                |        0|      0|      531|     2086|    0|
+---------------------+---------+-------+---------+---------+-----+
|Available SLR        |     1440|   2280|   788160|   394080|  320|
+---------------------+---------+-------+---------+---------+-----+
|Utilization SLR (%)  |        0|      0|    ~0   |    ~0   |    0|
+---------------------+---------+-------+---------+---------+-----+
|Available            |     4320|   6840|  2364480|  1182240|  960|
+---------------------+---------+-------+---------+---------+-----+
|Utilization (%)      |        0|      0|    ~0   |    ~0   |    0|
+---------------------+---------+-------+---------+---------+-----+

+ Detail: 
    * Instance: 
    +------------------------------+------------------------+---------+-------+---+----+-----+
    |           Instance           |         Module         | BRAM_18K| DSP48E| FF| LUT| URAM|
    +------------------------------+------------------------+---------+-------+---+----+-----+
    |myproject_mux_83_9_1_1_U2925  |myproject_mux_83_9_1_1  |        0|      0|  0|  33|    0|
    |myproject_mux_83_9_1_1_U2926  |myproject_mux_83_9_1_1  |        0|      0|  0|  33|    0|
    |myproject_mux_83_9_1_1_U2927  |myproject_mux_83_9_1_1  |        0|      0|  0|  33|    0|
    |myproject_mux_83_9_1_1_U2928  |myproject_mux_83_9_1_1  |        0|      0|  0|  33|    0|
    |myproject_mux_83_9_1_1_U2929  |myproject_mux_83_9_1_1  |        0|      0|  0|  33|    0|
    |myproject_mux_83_9_1_1_U2930  |myproject_mux_83_9_1_1  |        0|      0|  0|  33|    0|
    |myproject_mux_83_9_1_1_U2931  |myproject_mux_83_9_1_1  |        0|      0|  0|  33|    0|
    |myproject_mux_83_9_1_1_U2932  |myproject_mux_83_9_1_1  |        0|      0|  0|  33|    0|
    |myproject_mux_83_9_1_1_U2933  |myproject_mux_83_9_1_1  |        0|      0|  0|  33|    0|
    |myproject_mux_83_9_1_1_U2934  |myproject_mux_83_9_1_1  |        0|      0|  0|  33|    0|
    |myproject_mux_83_9_1_1_U2935  |myproject_mux_83_9_1_1  |        0|      0|  0|  33|    0|
    |myproject_mux_83_9_1_1_U2936  |myproject_mux_83_9_1_1  |        0|      0|  0|  33|    0|
    |myproject_mux_83_9_1_1_U2937  |myproject_mux_83_9_1_1  |        0|      0|  0|  33|    0|
    |myproject_mux_83_9_1_1_U2938  |myproject_mux_83_9_1_1  |        0|      0|  0|  33|    0|
    |myproject_mux_83_9_1_1_U2939  |myproject_mux_83_9_1_1  |        0|      0|  0|  33|    0|
    |myproject_mux_83_9_1_1_U2940  |myproject_mux_83_9_1_1  |        0|      0|  0|  33|    0|
    |myproject_mux_83_9_1_1_U2941  |myproject_mux_83_9_1_1  |        0|      0|  0|  33|    0|
    |myproject_mux_83_9_1_1_U2942  |myproject_mux_83_9_1_1  |        0|      0|  0|  33|    0|
    |myproject_mux_83_9_1_1_U2943  |myproject_mux_83_9_1_1  |        0|      0|  0|  33|    0|
    |myproject_mux_83_9_1_1_U2944  |myproject_mux_83_9_1_1  |        0|      0|  0|  33|    0|
    +------------------------------+------------------------+---------+-------+---+----+-----+
    |Total                         |                        |        0|      0|  0| 660|    0|
    +------------------------------+------------------------+---------+-------+---+----+-----+

    * DSP48E: 
    N/A

    * Memory: 
    +------------+------------------------------------------------+---------+-----+----+-----+------+-----+------+-------------+
    |   Memory   |                     Module                     | BRAM_18K|  FF | LUT| URAM| Words| Bits| Banks| W*Bits*Banks|
    +------------+------------------------------------------------+---------+-----+----+-----+------+-----+------+-------------+
    |w18_V209_U  |dense_resource_rf_leq_nin_0_1_0_1_0_8_w18_V213  |        0|  180|  15|    0|     5|  180|     1|          900|
    +------------+------------------------------------------------+---------+-----+----+-----+------+-----+------+-------------+
    |Total       |                                                |        0|  180|  15|    0|     5|  180|     1|          900|
    +------------+------------------------------------------------+---------+-----+----+-----+------+-----+------+-------------+

    * FIFO: 
    N/A

    * Expression: 
    +---------------------------+----------+-------+---+----+------------+------------+
    |       Variable Name       | Operation| DSP48E| FF| LUT| Bitwidth P0| Bitwidth P1|
    +---------------------------+----------+-------+---+----+------------+------------+
    |mul_ln1118_100_fu_1056_p2  |     *    |      0|  0|  49|           9|           9|
    |mul_ln1118_101_fu_1093_p2  |     *    |      0|  0|  49|           9|           9|
    |mul_ln1118_102_fu_1130_p2  |     *    |      0|  0|  49|           9|           9|
    |mul_ln1118_103_fu_1167_p2  |     *    |      0|  0|  49|           9|           9|
    |mul_ln1118_104_fu_1240_p2  |     *    |      0|  0|  49|           9|           9|
    |mul_ln1118_105_fu_1277_p2  |     *    |      0|  0|  49|           9|           9|
    |mul_ln1118_106_fu_1314_p2  |     *    |      0|  0|  49|           9|           9|
    |mul_ln1118_107_fu_1351_p2  |     *    |      0|  0|  49|           9|           9|
    |mul_ln1118_108_fu_1424_p2  |     *    |      0|  0|  49|           9|           9|
    |mul_ln1118_109_fu_1461_p2  |     *    |      0|  0|  49|           9|           9|
    |mul_ln1118_110_fu_1498_p2  |     *    |      0|  0|  49|           9|           9|
    |mul_ln1118_111_fu_1535_p2  |     *    |      0|  0|  49|           9|           9|
    |mul_ln1118_112_fu_1608_p2  |     *    |      0|  0|  49|           9|           9|
    |mul_ln1118_113_fu_1645_p2  |     *    |      0|  0|  49|           9|           9|
    |mul_ln1118_114_fu_1682_p2  |     *    |      0|  0|  49|           9|           9|
    |mul_ln1118_115_fu_1719_p2  |     *    |      0|  0|  49|           9|           9|
    |mul_ln1118_97_fu_909_p2    |     *    |      0|  0|  49|           9|           9|
    |mul_ln1118_98_fu_946_p2    |     *    |      0|  0|  49|           9|           9|
    |mul_ln1118_99_fu_983_p2    |     *    |      0|  0|  49|           9|           9|
    |mul_ln1118_fu_872_p2       |     *    |      0|  0|  49|           9|           9|
    |acc_0_V_fu_1033_p2         |     +    |      0|  0|  16|          16|          16|
    |acc_1_V_fu_1217_p2         |     +    |      0|  0|  16|          16|          16|
    |acc_2_V_fu_1401_p2         |     +    |      0|  0|  16|          16|          16|
    |acc_3_V_fu_1585_p2         |     +    |      0|  0|  16|          16|          16|
    |acc_4_V_fu_1769_p2         |     +    |      0|  0|  16|          16|          16|
    |add_ln703_100_fu_1187_p2   |     +    |      0|  0|  12|          12|          12|
    |add_ln703_101_fu_1197_p2   |     +    |      0|  0|  12|          12|          12|
    |add_ln703_102_fu_1207_p2   |     +    |      0|  0|  13|          13|          13|
    |add_ln703_104_fu_1371_p2   |     +    |      0|  0|  12|          12|          12|
    |add_ln703_105_fu_1381_p2   |     +    |      0|  0|  12|          12|          12|
    |add_ln703_106_fu_1391_p2   |     +    |      0|  0|  13|          13|          13|
    |add_ln703_108_fu_1555_p2   |     +    |      0|  0|  12|          12|          12|
    |add_ln703_109_fu_1565_p2   |     +    |      0|  0|  12|          12|          12|
    |add_ln703_110_fu_1575_p2   |     +    |      0|  0|  13|          13|          13|
    |add_ln703_112_fu_1739_p2   |     +    |      0|  0|  12|          12|          12|
    |add_ln703_113_fu_1749_p2   |     +    |      0|  0|  12|          12|          12|
    |add_ln703_114_fu_1759_p2   |     +    |      0|  0|  13|          13|          13|
    |add_ln703_97_fu_1013_p2    |     +    |      0|  0|  12|          12|          12|
    |add_ln703_98_fu_1023_p2    |     +    |      0|  0|  13|          13|          13|
    |add_ln703_fu_1003_p2       |     +    |      0|  0|  12|          12|          12|
    |w_index_fu_849_p2          |     +    |      0|  0|   4|           1|           3|
    |ap_condition_167           |    and   |      0|  0|   2|           1|           1|
    |icmp_ln64_fu_855_p2        |   icmp   |      0|  0|   9|           3|           4|
    |ap_block_state1            |    or    |      0|  0|   2|           1|           1|
    |ap_enable_pp0              |    xor   |      0|  0|   2|           1|           2|
    +---------------------------+----------+-------+---+----+------------+------------+
    |Total                      |          |      0|  0|1264|         452|         456|
    +---------------------------+----------+-------+---+----+------------+------------+

    * Multiplexer: 
    +------------------------------------+----+-----------+-----+-----------+
    |                Name                | LUT| Input Size| Bits| Total Bits|
    +------------------------------------+----+-----------+-----+-----------+
    |ap_NS_fsm                           |  15|          3|    1|          3|
    |ap_done                             |   9|          2|    1|          2|
    |ap_enable_reg_pp0_iter1             |   9|          2|    1|          2|
    |ap_phi_mux_w_index13_phi_fu_309_p6  |  15|          3|    3|          9|
    |ap_return_0                         |   9|          2|   16|         32|
    |ap_return_1                         |   9|          2|   16|         32|
    |ap_return_2                         |   9|          2|   16|         32|
    |ap_return_3                         |   9|          2|   16|         32|
    |ap_return_4                         |   9|          2|   16|         32|
    |res_0_V_write_assign11_reg_334      |   9|          2|   16|         32|
    |res_1_V_write_assign9_reg_348       |   9|          2|   16|         32|
    |res_2_V_write_assign7_reg_362       |   9|          2|   16|         32|
    |res_3_V_write_assign5_reg_376       |   9|          2|   16|         32|
    |res_4_V_write_assign3_reg_390       |   9|          2|   16|         32|
    |w_index13_reg_305                   |   9|          2|    3|          6|
    +------------------------------------+----+-----------+-----+-----------+
    |Total                               | 147|         32|  169|        342|
    +------------------------------------+----+-----------+-----+-----------+

    * Register: 
    +--------------------------------+----+----+-----+-----------+
    |              Name              | FF | LUT| Bits| Const Bits|
    +--------------------------------+----+----+-----+-----------+
    |ap_CS_fsm                       |   2|   0|    2|          0|
    |ap_done_reg                     |   1|   0|    1|          0|
    |ap_enable_reg_pp0_iter1         |   1|   0|    1|          0|
    |ap_return_0_preg                |  16|   0|   16|          0|
    |ap_return_1_preg                |  16|   0|   16|          0|
    |ap_return_2_preg                |  16|   0|   16|          0|
    |ap_return_3_preg                |  16|   0|   16|          0|
    |ap_return_4_preg                |  16|   0|   16|          0|
    |icmp_ln64_reg_1919              |   1|   0|    1|          0|
    |phi_ln77_100_reg_1864           |   9|   0|    9|          0|
    |phi_ln77_101_reg_1869           |   9|   0|    9|          0|
    |phi_ln77_102_reg_1874           |   9|   0|    9|          0|
    |phi_ln77_103_reg_1879           |   9|   0|    9|          0|
    |phi_ln77_104_reg_1884           |   9|   0|    9|          0|
    |phi_ln77_105_reg_1889           |   9|   0|    9|          0|
    |phi_ln77_106_reg_1894           |   9|   0|    9|          0|
    |phi_ln77_107_reg_1899           |   9|   0|    9|          0|
    |phi_ln77_108_reg_1904           |   9|   0|    9|          0|
    |phi_ln77_91_reg_1819            |   9|   0|    9|          0|
    |phi_ln77_92_reg_1824            |   9|   0|    9|          0|
    |phi_ln77_93_reg_1829            |   9|   0|    9|          0|
    |phi_ln77_94_reg_1834            |   9|   0|    9|          0|
    |phi_ln77_95_reg_1839            |   9|   0|    9|          0|
    |phi_ln77_96_reg_1844            |   9|   0|    9|          0|
    |phi_ln77_97_reg_1849            |   9|   0|    9|          0|
    |phi_ln77_98_reg_1854            |   9|   0|    9|          0|
    |phi_ln77_99_reg_1859            |   9|   0|    9|          0|
    |phi_ln77_s_reg_1909             |   9|   0|    9|          0|
    |phi_ln_reg_1809                 |   9|   0|    9|          0|
    |res_0_V_write_assign11_reg_334  |  16|   0|   16|          0|
    |res_1_V_write_assign9_reg_348   |  16|   0|   16|          0|
    |res_2_V_write_assign7_reg_362   |  16|   0|   16|          0|
    |res_3_V_write_assign5_reg_376   |  16|   0|   16|          0|
    |res_4_V_write_assign3_reg_390   |  16|   0|   16|          0|
    |w_index13_reg_305               |   3|   0|    3|          0|
    |w_index_reg_1914                |   3|   0|    3|          0|
    +--------------------------------+----+----+-----+-----------+
    |Total                           | 351|   0|  351|          0|
    +--------------------------------+----+----+-----+-----------+



================================================================
== Interface
================================================================
* Summary: 
+-------------+-----+-----+------------+---------------------------------------+--------------+
|  RTL Ports  | Dir | Bits|  Protocol  |             Source Object             |    C Type    |
+-------------+-----+-----+------------+---------------------------------------+--------------+
|ap_clk       |  in |    1| ap_ctrl_hs | dense_resource_rf_leq_nin.0.1.0.1.0.4 | return value |
|ap_rst       |  in |    1| ap_ctrl_hs | dense_resource_rf_leq_nin.0.1.0.1.0.4 | return value |
|ap_start     |  in |    1| ap_ctrl_hs | dense_resource_rf_leq_nin.0.1.0.1.0.4 | return value |
|ap_done      | out |    1| ap_ctrl_hs | dense_resource_rf_leq_nin.0.1.0.1.0.4 | return value |
|ap_continue  |  in |    1| ap_ctrl_hs | dense_resource_rf_leq_nin.0.1.0.1.0.4 | return value |
|ap_idle      | out |    1| ap_ctrl_hs | dense_resource_rf_leq_nin.0.1.0.1.0.4 | return value |
|ap_ready     | out |    1| ap_ctrl_hs | dense_resource_rf_leq_nin.0.1.0.1.0.4 | return value |
|ap_return_0  | out |   16| ap_ctrl_hs | dense_resource_rf_leq_nin.0.1.0.1.0.4 | return value |
|ap_return_1  | out |   16| ap_ctrl_hs | dense_resource_rf_leq_nin.0.1.0.1.0.4 | return value |
|ap_return_2  | out |   16| ap_ctrl_hs | dense_resource_rf_leq_nin.0.1.0.1.0.4 | return value |
|ap_return_3  | out |   16| ap_ctrl_hs | dense_resource_rf_leq_nin.0.1.0.1.0.4 | return value |
|ap_return_4  | out |   16| ap_ctrl_hs | dense_resource_rf_leq_nin.0.1.0.1.0.4 | return value |
|data_0_V     |  in |    9|   ap_none  |                data_0_V               |    pointer   |
|data_1_V     |  in |    9|   ap_none  |                data_1_V               |    pointer   |
|data_2_V     |  in |    9|   ap_none  |                data_2_V               |    pointer   |
|data_3_V     |  in |    9|   ap_none  |                data_3_V               |    pointer   |
|data_4_V     |  in |    9|   ap_none  |                data_4_V               |    pointer   |
|data_5_V     |  in |    9|   ap_none  |                data_5_V               |    pointer   |
|data_6_V     |  in |    9|   ap_none  |                data_6_V               |    pointer   |
|data_7_V     |  in |    9|   ap_none  |                data_7_V               |    pointer   |
|data_8_V     |  in |    9|   ap_none  |                data_8_V               |    pointer   |
|data_9_V     |  in |    9|   ap_none  |                data_9_V               |    pointer   |
|data_10_V    |  in |    9|   ap_none  |               data_10_V               |    pointer   |
|data_11_V    |  in |    9|   ap_none  |               data_11_V               |    pointer   |
|data_12_V    |  in |    9|   ap_none  |               data_12_V               |    pointer   |
|data_13_V    |  in |    9|   ap_none  |               data_13_V               |    pointer   |
|data_14_V    |  in |    9|   ap_none  |               data_14_V               |    pointer   |
|data_15_V    |  in |    9|   ap_none  |               data_15_V               |    pointer   |
|data_16_V    |  in |    9|   ap_none  |               data_16_V               |    pointer   |
|data_17_V    |  in |    9|   ap_none  |               data_17_V               |    pointer   |
|data_18_V    |  in |    9|   ap_none  |               data_18_V               |    pointer   |
|data_19_V    |  in |    9|   ap_none  |               data_19_V               |    pointer   |
+-------------+-----+-----+------------+---------------------------------------+--------------+

