

================================================================
== Vivado HLS Report for 'linear_ap_fixed_ap_fixed_16_6_0_0_0_linear_config3_s'
================================================================
* Date:           Mon Sep 26 10:33:36 2022

* Version:        2019.1 (Build 2552052 on Fri May 24 15:28:33 MDT 2019)
* Project:        myproject_prj
* Solution:       solution1
* Product family: virtexuplus
* Target device:  xcvu9p-flga2104-2L-e


================================================================
== Performance Estimates
================================================================
+ Timing (ns): 
    * Summary: 
    +--------+-------+----------+------------+
    |  Clock | Target| Estimated| Uncertainty|
    +--------+-------+----------+------------+
    |ap_clk  |   5.00|     0.000|        0.62|
    +--------+-------+----------+------------+

+ Latency (clock cycles): 
    * Summary: 
    +-----+-----+-----+-----+----------+
    |  Latency  |  Interval | Pipeline |
    | min | max | min | max |   Type   |
    +-----+-----+-----+-----+----------+
    |    0|    0|    1|    1| function |
    +-----+-----+-----+-----+----------+

    + Detail: 
        * Instance: 
        N/A

        * Loop: 
        N/A



================================================================
== Utilization Estimates
================================================================
* Summary: 
+---------------------+---------+-------+---------+---------+-----+
|         Name        | BRAM_18K| DSP48E|    FF   |   LUT   | URAM|
+---------------------+---------+-------+---------+---------+-----+
|DSP                  |        -|      -|        -|        -|    -|
|Expression           |        -|      -|        0|        2|    -|
|FIFO                 |        -|      -|        -|        -|    -|
|Instance             |        -|      -|        -|        -|    -|
|Memory               |        -|      -|        -|        -|    -|
|Multiplexer          |        -|      -|        -|     1809|    -|
|Register             |        -|      -|     3202|        -|    -|
+---------------------+---------+-------+---------+---------+-----+
|Total                |        0|      0|     3202|     1811|    0|
+---------------------+---------+-------+---------+---------+-----+
|Available SLR        |     1440|   2280|   788160|   394080|  320|
+---------------------+---------+-------+---------+---------+-----+
|Utilization SLR (%)  |        0|      0|    ~0   |    ~0   |    0|
+---------------------+---------+-------+---------+---------+-----+
|Available            |     4320|   6840|  2364480|  1182240|  960|
+---------------------+---------+-------+---------+---------+-----+
|Utilization (%)      |        0|      0|    ~0   |    ~0   |    0|
+---------------------+---------+-------+---------+---------+-----+

+ Detail: 
    * Instance: 
    N/A

    * DSP48E: 
    N/A

    * Memory: 
    N/A

    * FIFO: 
    N/A

    * Expression: 
    +-----------------+----------+-------+---+----+------------+------------+
    |  Variable Name  | Operation| DSP48E| FF| LUT| Bitwidth P0| Bitwidth P1|
    +-----------------+----------+-------+---+----+------------+------------+
    |ap_block_state1  |    or    |      0|  0|   2|           1|           1|
    +-----------------+----------+-------+---+----+------------+------------+
    |Total            |          |      0|  0|   2|           1|           1|
    +-----------------+----------+-------+---+----+------------+------------+

    * Multiplexer: 
    +---------------+----+-----------+-----+-----------+
    |      Name     | LUT| Input Size| Bits| Total Bits|
    +---------------+----+-----------+-----+-----------+
    |ap_done        |   9|          2|    1|          2|
    |ap_return_0    |   9|          2|   16|         32|
    |ap_return_1    |   9|          2|   16|         32|
    |ap_return_10   |   9|          2|   16|         32|
    |ap_return_100  |   9|          2|   16|         32|
    |ap_return_101  |   9|          2|   16|         32|
    |ap_return_102  |   9|          2|   16|         32|
    |ap_return_103  |   9|          2|   16|         32|
    |ap_return_104  |   9|          2|   16|         32|
    |ap_return_105  |   9|          2|   16|         32|
    |ap_return_106  |   9|          2|   16|         32|
    |ap_return_107  |   9|          2|   16|         32|
    |ap_return_108  |   9|          2|   16|         32|
    |ap_return_109  |   9|          2|   16|         32|
    |ap_return_11   |   9|          2|   16|         32|
    |ap_return_110  |   9|          2|   16|         32|
    |ap_return_111  |   9|          2|   16|         32|
    |ap_return_112  |   9|          2|   16|         32|
    |ap_return_113  |   9|          2|   16|         32|
    |ap_return_114  |   9|          2|   16|         32|
    |ap_return_115  |   9|          2|   16|         32|
    |ap_return_116  |   9|          2|   16|         32|
    |ap_return_117  |   9|          2|   16|         32|
    |ap_return_118  |   9|          2|   16|         32|
    |ap_return_119  |   9|          2|   16|         32|
    |ap_return_12   |   9|          2|   16|         32|
    |ap_return_120  |   9|          2|   16|         32|
    |ap_return_121  |   9|          2|   16|         32|
    |ap_return_122  |   9|          2|   16|         32|
    |ap_return_123  |   9|          2|   16|         32|
    |ap_return_124  |   9|          2|   16|         32|
    |ap_return_125  |   9|          2|   16|         32|
    |ap_return_126  |   9|          2|   16|         32|
    |ap_return_127  |   9|          2|   16|         32|
    |ap_return_128  |   9|          2|   16|         32|
    |ap_return_129  |   9|          2|   16|         32|
    |ap_return_13   |   9|          2|   16|         32|
    |ap_return_130  |   9|          2|   16|         32|
    |ap_return_131  |   9|          2|   16|         32|
    |ap_return_132  |   9|          2|   16|         32|
    |ap_return_133  |   9|          2|   16|         32|
    |ap_return_134  |   9|          2|   16|         32|
    |ap_return_135  |   9|          2|   16|         32|
    |ap_return_136  |   9|          2|   16|         32|
    |ap_return_137  |   9|          2|   16|         32|
    |ap_return_138  |   9|          2|   16|         32|
    |ap_return_139  |   9|          2|   16|         32|
    |ap_return_14   |   9|          2|   16|         32|
    |ap_return_140  |   9|          2|   16|         32|
    |ap_return_141  |   9|          2|   16|         32|
    |ap_return_142  |   9|          2|   16|         32|
    |ap_return_143  |   9|          2|   16|         32|
    |ap_return_144  |   9|          2|   16|         32|
    |ap_return_145  |   9|          2|   16|         32|
    |ap_return_146  |   9|          2|   16|         32|
    |ap_return_147  |   9|          2|   16|         32|
    |ap_return_148  |   9|          2|   16|         32|
    |ap_return_149  |   9|          2|   16|         32|
    |ap_return_15   |   9|          2|   16|         32|
    |ap_return_150  |   9|          2|   16|         32|
    |ap_return_151  |   9|          2|   16|         32|
    |ap_return_152  |   9|          2|   16|         32|
    |ap_return_153  |   9|          2|   16|         32|
    |ap_return_154  |   9|          2|   16|         32|
    |ap_return_155  |   9|          2|   16|         32|
    |ap_return_156  |   9|          2|   16|         32|
    |ap_return_157  |   9|          2|   16|         32|
    |ap_return_158  |   9|          2|   16|         32|
    |ap_return_159  |   9|          2|   16|         32|
    |ap_return_16   |   9|          2|   16|         32|
    |ap_return_160  |   9|          2|   16|         32|
    |ap_return_161  |   9|          2|   16|         32|
    |ap_return_162  |   9|          2|   16|         32|
    |ap_return_163  |   9|          2|   16|         32|
    |ap_return_164  |   9|          2|   16|         32|
    |ap_return_165  |   9|          2|   16|         32|
    |ap_return_166  |   9|          2|   16|         32|
    |ap_return_167  |   9|          2|   16|         32|
    |ap_return_168  |   9|          2|   16|         32|
    |ap_return_169  |   9|          2|   16|         32|
    |ap_return_17   |   9|          2|   16|         32|
    |ap_return_170  |   9|          2|   16|         32|
    |ap_return_171  |   9|          2|   16|         32|
    |ap_return_172  |   9|          2|   16|         32|
    |ap_return_173  |   9|          2|   16|         32|
    |ap_return_174  |   9|          2|   16|         32|
    |ap_return_175  |   9|          2|   16|         32|
    |ap_return_176  |   9|          2|   16|         32|
    |ap_return_177  |   9|          2|   16|         32|
    |ap_return_178  |   9|          2|   16|         32|
    |ap_return_179  |   9|          2|   16|         32|
    |ap_return_18   |   9|          2|   16|         32|
    |ap_return_180  |   9|          2|   16|         32|
    |ap_return_181  |   9|          2|   16|         32|
    |ap_return_182  |   9|          2|   16|         32|
    |ap_return_183  |   9|          2|   16|         32|
    |ap_return_184  |   9|          2|   16|         32|
    |ap_return_185  |   9|          2|   16|         32|
    |ap_return_186  |   9|          2|   16|         32|
    |ap_return_187  |   9|          2|   16|         32|
    |ap_return_188  |   9|          2|   16|         32|
    |ap_return_189  |   9|          2|   16|         32|
    |ap_return_19   |   9|          2|   16|         32|
    |ap_return_190  |   9|          2|   16|         32|
    |ap_return_191  |   9|          2|   16|         32|
    |ap_return_192  |   9|          2|   16|         32|
    |ap_return_193  |   9|          2|   16|         32|
    |ap_return_194  |   9|          2|   16|         32|
    |ap_return_195  |   9|          2|   16|         32|
    |ap_return_196  |   9|          2|   16|         32|
    |ap_return_197  |   9|          2|   16|         32|
    |ap_return_198  |   9|          2|   16|         32|
    |ap_return_199  |   9|          2|   16|         32|
    |ap_return_2    |   9|          2|   16|         32|
    |ap_return_20   |   9|          2|   16|         32|
    |ap_return_21   |   9|          2|   16|         32|
    |ap_return_22   |   9|          2|   16|         32|
    |ap_return_23   |   9|          2|   16|         32|
    |ap_return_24   |   9|          2|   16|         32|
    |ap_return_25   |   9|          2|   16|         32|
    |ap_return_26   |   9|          2|   16|         32|
    |ap_return_27   |   9|          2|   16|         32|
    |ap_return_28   |   9|          2|   16|         32|
    |ap_return_29   |   9|          2|   16|         32|
    |ap_return_3    |   9|          2|   16|         32|
    |ap_return_30   |   9|          2|   16|         32|
    |ap_return_31   |   9|          2|   16|         32|
    |ap_return_32   |   9|          2|   16|         32|
    |ap_return_33   |   9|          2|   16|         32|
    |ap_return_34   |   9|          2|   16|         32|
    |ap_return_35   |   9|          2|   16|         32|
    |ap_return_36   |   9|          2|   16|         32|
    |ap_return_37   |   9|          2|   16|         32|
    |ap_return_38   |   9|          2|   16|         32|
    |ap_return_39   |   9|          2|   16|         32|
    |ap_return_4    |   9|          2|   16|         32|
    |ap_return_40   |   9|          2|   16|         32|
    |ap_return_41   |   9|          2|   16|         32|
    |ap_return_42   |   9|          2|   16|         32|
    |ap_return_43   |   9|          2|   16|         32|
    |ap_return_44   |   9|          2|   16|         32|
    |ap_return_45   |   9|          2|   16|         32|
    |ap_return_46   |   9|          2|   16|         32|
    |ap_return_47   |   9|          2|   16|         32|
    |ap_return_48   |   9|          2|   16|         32|
    |ap_return_49   |   9|          2|   16|         32|
    |ap_return_5    |   9|          2|   16|         32|
    |ap_return_50   |   9|          2|   16|         32|
    |ap_return_51   |   9|          2|   16|         32|
    |ap_return_52   |   9|          2|   16|         32|
    |ap_return_53   |   9|          2|   16|         32|
    |ap_return_54   |   9|          2|   16|         32|
    |ap_return_55   |   9|          2|   16|         32|
    |ap_return_56   |   9|          2|   16|         32|
    |ap_return_57   |   9|          2|   16|         32|
    |ap_return_58   |   9|          2|   16|         32|
    |ap_return_59   |   9|          2|   16|         32|
    |ap_return_6    |   9|          2|   16|         32|
    |ap_return_60   |   9|          2|   16|         32|
    |ap_return_61   |   9|          2|   16|         32|
    |ap_return_62   |   9|          2|   16|         32|
    |ap_return_63   |   9|          2|   16|         32|
    |ap_return_64   |   9|          2|   16|         32|
    |ap_return_65   |   9|          2|   16|         32|
    |ap_return_66   |   9|          2|   16|         32|
    |ap_return_67   |   9|          2|   16|         32|
    |ap_return_68   |   9|          2|   16|         32|
    |ap_return_69   |   9|          2|   16|         32|
    |ap_return_7    |   9|          2|   16|         32|
    |ap_return_70   |   9|          2|   16|         32|
    |ap_return_71   |   9|          2|   16|         32|
    |ap_return_72   |   9|          2|   16|         32|
    |ap_return_73   |   9|          2|   16|         32|
    |ap_return_74   |   9|          2|   16|         32|
    |ap_return_75   |   9|          2|   16|         32|
    |ap_return_76   |   9|          2|   16|         32|
    |ap_return_77   |   9|          2|   16|         32|
    |ap_return_78   |   9|          2|   16|         32|
    |ap_return_79   |   9|          2|   16|         32|
    |ap_return_8    |   9|          2|   16|         32|
    |ap_return_80   |   9|          2|   16|         32|
    |ap_return_81   |   9|          2|   16|         32|
    |ap_return_82   |   9|          2|   16|         32|
    |ap_return_83   |   9|          2|   16|         32|
    |ap_return_84   |   9|          2|   16|         32|
    |ap_return_85   |   9|          2|   16|         32|
    |ap_return_86   |   9|          2|   16|         32|
    |ap_return_87   |   9|          2|   16|         32|
    |ap_return_88   |   9|          2|   16|         32|
    |ap_return_89   |   9|          2|   16|         32|
    |ap_return_9    |   9|          2|   16|         32|
    |ap_return_90   |   9|          2|   16|         32|
    |ap_return_91   |   9|          2|   16|         32|
    |ap_return_92   |   9|          2|   16|         32|
    |ap_return_93   |   9|          2|   16|         32|
    |ap_return_94   |   9|          2|   16|         32|
    |ap_return_95   |   9|          2|   16|         32|
    |ap_return_96   |   9|          2|   16|         32|
    |ap_return_97   |   9|          2|   16|         32|
    |ap_return_98   |   9|          2|   16|         32|
    |ap_return_99   |   9|          2|   16|         32|
    +---------------+----+-----------+-----+-----------+
    |Total          |1809|        402| 3201|       6402|
    +---------------+----+-----------+-----+-----------+

    * Register: 
    +--------------------+----+----+-----+-----------+
    |        Name        | FF | LUT| Bits| Const Bits|
    +--------------------+----+----+-----+-----------+
    |ap_CS_fsm           |   1|   0|    1|          0|
    |ap_done_reg         |   1|   0|    1|          0|
    |ap_return_0_preg    |  16|   0|   16|          0|
    |ap_return_100_preg  |  16|   0|   16|          0|
    |ap_return_101_preg  |  16|   0|   16|          0|
    |ap_return_102_preg  |  16|   0|   16|          0|
    |ap_return_103_preg  |  16|   0|   16|          0|
    |ap_return_104_preg  |  16|   0|   16|          0|
    |ap_return_105_preg  |  16|   0|   16|          0|
    |ap_return_106_preg  |  16|   0|   16|          0|
    |ap_return_107_preg  |  16|   0|   16|          0|
    |ap_return_108_preg  |  16|   0|   16|          0|
    |ap_return_109_preg  |  16|   0|   16|          0|
    |ap_return_10_preg   |  16|   0|   16|          0|
    |ap_return_110_preg  |  16|   0|   16|          0|
    |ap_return_111_preg  |  16|   0|   16|          0|
    |ap_return_112_preg  |  16|   0|   16|          0|
    |ap_return_113_preg  |  16|   0|   16|          0|
    |ap_return_114_preg  |  16|   0|   16|          0|
    |ap_return_115_preg  |  16|   0|   16|          0|
    |ap_return_116_preg  |  16|   0|   16|          0|
    |ap_return_117_preg  |  16|   0|   16|          0|
    |ap_return_118_preg  |  16|   0|   16|          0|
    |ap_return_119_preg  |  16|   0|   16|          0|
    |ap_return_11_preg   |  16|   0|   16|          0|
    |ap_return_120_preg  |  16|   0|   16|          0|
    |ap_return_121_preg  |  16|   0|   16|          0|
    |ap_return_122_preg  |  16|   0|   16|          0|
    |ap_return_123_preg  |  16|   0|   16|          0|
    |ap_return_124_preg  |  16|   0|   16|          0|
    |ap_return_125_preg  |  16|   0|   16|          0|
    |ap_return_126_preg  |  16|   0|   16|          0|
    |ap_return_127_preg  |  16|   0|   16|          0|
    |ap_return_128_preg  |  16|   0|   16|          0|
    |ap_return_129_preg  |  16|   0|   16|          0|
    |ap_return_12_preg   |  16|   0|   16|          0|
    |ap_return_130_preg  |  16|   0|   16|          0|
    |ap_return_131_preg  |  16|   0|   16|          0|
    |ap_return_132_preg  |  16|   0|   16|          0|
    |ap_return_133_preg  |  16|   0|   16|          0|
    |ap_return_134_preg  |  16|   0|   16|          0|
    |ap_return_135_preg  |  16|   0|   16|          0|
    |ap_return_136_preg  |  16|   0|   16|          0|
    |ap_return_137_preg  |  16|   0|   16|          0|
    |ap_return_138_preg  |  16|   0|   16|          0|
    |ap_return_139_preg  |  16|   0|   16|          0|
    |ap_return_13_preg   |  16|   0|   16|          0|
    |ap_return_140_preg  |  16|   0|   16|          0|
    |ap_return_141_preg  |  16|   0|   16|          0|
    |ap_return_142_preg  |  16|   0|   16|          0|
    |ap_return_143_preg  |  16|   0|   16|          0|
    |ap_return_144_preg  |  16|   0|   16|          0|
    |ap_return_145_preg  |  16|   0|   16|          0|
    |ap_return_146_preg  |  16|   0|   16|          0|
    |ap_return_147_preg  |  16|   0|   16|          0|
    |ap_return_148_preg  |  16|   0|   16|          0|
    |ap_return_149_preg  |  16|   0|   16|          0|
    |ap_return_14_preg   |  16|   0|   16|          0|
    |ap_return_150_preg  |  16|   0|   16|          0|
    |ap_return_151_preg  |  16|   0|   16|          0|
    |ap_return_152_preg  |  16|   0|   16|          0|
    |ap_return_153_preg  |  16|   0|   16|          0|
    |ap_return_154_preg  |  16|   0|   16|          0|
    |ap_return_155_preg  |  16|   0|   16|          0|
    |ap_return_156_preg  |  16|   0|   16|          0|
    |ap_return_157_preg  |  16|   0|   16|          0|
    |ap_return_158_preg  |  16|   0|   16|          0|
    |ap_return_159_preg  |  16|   0|   16|          0|
    |ap_return_15_preg   |  16|   0|   16|          0|
    |ap_return_160_preg  |  16|   0|   16|          0|
    |ap_return_161_preg  |  16|   0|   16|          0|
    |ap_return_162_preg  |  16|   0|   16|          0|
    |ap_return_163_preg  |  16|   0|   16|          0|
    |ap_return_164_preg  |  16|   0|   16|          0|
    |ap_return_165_preg  |  16|   0|   16|          0|
    |ap_return_166_preg  |  16|   0|   16|          0|
    |ap_return_167_preg  |  16|   0|   16|          0|
    |ap_return_168_preg  |  16|   0|   16|          0|
    |ap_return_169_preg  |  16|   0|   16|          0|
    |ap_return_16_preg   |  16|   0|   16|          0|
    |ap_return_170_preg  |  16|   0|   16|          0|
    |ap_return_171_preg  |  16|   0|   16|          0|
    |ap_return_172_preg  |  16|   0|   16|          0|
    |ap_return_173_preg  |  16|   0|   16|          0|
    |ap_return_174_preg  |  16|   0|   16|          0|
    |ap_return_175_preg  |  16|   0|   16|          0|
    |ap_return_176_preg  |  16|   0|   16|          0|
    |ap_return_177_preg  |  16|   0|   16|          0|
    |ap_return_178_preg  |  16|   0|   16|          0|
    |ap_return_179_preg  |  16|   0|   16|          0|
    |ap_return_17_preg   |  16|   0|   16|          0|
    |ap_return_180_preg  |  16|   0|   16|          0|
    |ap_return_181_preg  |  16|   0|   16|          0|
    |ap_return_182_preg  |  16|   0|   16|          0|
    |ap_return_183_preg  |  16|   0|   16|          0|
    |ap_return_184_preg  |  16|   0|   16|          0|
    |ap_return_185_preg  |  16|   0|   16|          0|
    |ap_return_186_preg  |  16|   0|   16|          0|
    |ap_return_187_preg  |  16|   0|   16|          0|
    |ap_return_188_preg  |  16|   0|   16|          0|
    |ap_return_189_preg  |  16|   0|   16|          0|
    |ap_return_18_preg   |  16|   0|   16|          0|
    |ap_return_190_preg  |  16|   0|   16|          0|
    |ap_return_191_preg  |  16|   0|   16|          0|
    |ap_return_192_preg  |  16|   0|   16|          0|
    |ap_return_193_preg  |  16|   0|   16|          0|
    |ap_return_194_preg  |  16|   0|   16|          0|
    |ap_return_195_preg  |  16|   0|   16|          0|
    |ap_return_196_preg  |  16|   0|   16|          0|
    |ap_return_197_preg  |  16|   0|   16|          0|
    |ap_return_198_preg  |  16|   0|   16|          0|
    |ap_return_199_preg  |  16|   0|   16|          0|
    |ap_return_19_preg   |  16|   0|   16|          0|
    |ap_return_1_preg    |  16|   0|   16|          0|
    |ap_return_20_preg   |  16|   0|   16|          0|
    |ap_return_21_preg   |  16|   0|   16|          0|
    |ap_return_22_preg   |  16|   0|   16|          0|
    |ap_return_23_preg   |  16|   0|   16|          0|
    |ap_return_24_preg   |  16|   0|   16|          0|
    |ap_return_25_preg   |  16|   0|   16|          0|
    |ap_return_26_preg   |  16|   0|   16|          0|
    |ap_return_27_preg   |  16|   0|   16|          0|
    |ap_return_28_preg   |  16|   0|   16|          0|
    |ap_return_29_preg   |  16|   0|   16|          0|
    |ap_return_2_preg    |  16|   0|   16|          0|
    |ap_return_30_preg   |  16|   0|   16|          0|
    |ap_return_31_preg   |  16|   0|   16|          0|
    |ap_return_32_preg   |  16|   0|   16|          0|
    |ap_return_33_preg   |  16|   0|   16|          0|
    |ap_return_34_preg   |  16|   0|   16|          0|
    |ap_return_35_preg   |  16|   0|   16|          0|
    |ap_return_36_preg   |  16|   0|   16|          0|
    |ap_return_37_preg   |  16|   0|   16|          0|
    |ap_return_38_preg   |  16|   0|   16|          0|
    |ap_return_39_preg   |  16|   0|   16|          0|
    |ap_return_3_preg    |  16|   0|   16|          0|
    |ap_return_40_preg   |  16|   0|   16|          0|
    |ap_return_41_preg   |  16|   0|   16|          0|
    |ap_return_42_preg   |  16|   0|   16|          0|
    |ap_return_43_preg   |  16|   0|   16|          0|
    |ap_return_44_preg   |  16|   0|   16|          0|
    |ap_return_45_preg   |  16|   0|   16|          0|
    |ap_return_46_preg   |  16|   0|   16|          0|
    |ap_return_47_preg   |  16|   0|   16|          0|
    |ap_return_48_preg   |  16|   0|   16|          0|
    |ap_return_49_preg   |  16|   0|   16|          0|
    |ap_return_4_preg    |  16|   0|   16|          0|
    |ap_return_50_preg   |  16|   0|   16|          0|
    |ap_return_51_preg   |  16|   0|   16|          0|
    |ap_return_52_preg   |  16|   0|   16|          0|
    |ap_return_53_preg   |  16|   0|   16|          0|
    |ap_return_54_preg   |  16|   0|   16|          0|
    |ap_return_55_preg   |  16|   0|   16|          0|
    |ap_return_56_preg   |  16|   0|   16|          0|
    |ap_return_57_preg   |  16|   0|   16|          0|
    |ap_return_58_preg   |  16|   0|   16|          0|
    |ap_return_59_preg   |  16|   0|   16|          0|
    |ap_return_5_preg    |  16|   0|   16|          0|
    |ap_return_60_preg   |  16|   0|   16|          0|
    |ap_return_61_preg   |  16|   0|   16|          0|
    |ap_return_62_preg   |  16|   0|   16|          0|
    |ap_return_63_preg   |  16|   0|   16|          0|
    |ap_return_64_preg   |  16|   0|   16|          0|
    |ap_return_65_preg   |  16|   0|   16|          0|
    |ap_return_66_preg   |  16|   0|   16|          0|
    |ap_return_67_preg   |  16|   0|   16|          0|
    |ap_return_68_preg   |  16|   0|   16|          0|
    |ap_return_69_preg   |  16|   0|   16|          0|
    |ap_return_6_preg    |  16|   0|   16|          0|
    |ap_return_70_preg   |  16|   0|   16|          0|
    |ap_return_71_preg   |  16|   0|   16|          0|
    |ap_return_72_preg   |  16|   0|   16|          0|
    |ap_return_73_preg   |  16|   0|   16|          0|
    |ap_return_74_preg   |  16|   0|   16|          0|
    |ap_return_75_preg   |  16|   0|   16|          0|
    |ap_return_76_preg   |  16|   0|   16|          0|
    |ap_return_77_preg   |  16|   0|   16|          0|
    |ap_return_78_preg   |  16|   0|   16|          0|
    |ap_return_79_preg   |  16|   0|   16|          0|
    |ap_return_7_preg    |  16|   0|   16|          0|
    |ap_return_80_preg   |  16|   0|   16|          0|
    |ap_return_81_preg   |  16|   0|   16|          0|
    |ap_return_82_preg   |  16|   0|   16|          0|
    |ap_return_83_preg   |  16|   0|   16|          0|
    |ap_return_84_preg   |  16|   0|   16|          0|
    |ap_return_85_preg   |  16|   0|   16|          0|
    |ap_return_86_preg   |  16|   0|   16|          0|
    |ap_return_87_preg   |  16|   0|   16|          0|
    |ap_return_88_preg   |  16|   0|   16|          0|
    |ap_return_89_preg   |  16|   0|   16|          0|
    |ap_return_8_preg    |  16|   0|   16|          0|
    |ap_return_90_preg   |  16|   0|   16|          0|
    |ap_return_91_preg   |  16|   0|   16|          0|
    |ap_return_92_preg   |  16|   0|   16|          0|
    |ap_return_93_preg   |  16|   0|   16|          0|
    |ap_return_94_preg   |  16|   0|   16|          0|
    |ap_return_95_preg   |  16|   0|   16|          0|
    |ap_return_96_preg   |  16|   0|   16|          0|
    |ap_return_97_preg   |  16|   0|   16|          0|
    |ap_return_98_preg   |  16|   0|   16|          0|
    |ap_return_99_preg   |  16|   0|   16|          0|
    |ap_return_9_preg    |  16|   0|   16|          0|
    +--------------------+----+----+-----+-----------+
    |Total               |3202|   0| 3202|          0|
    +--------------------+----+----+-----+-----------+



================================================================
== Interface
================================================================
* Summary: 
+---------------+-----+-----+------------+------------------------------------------------------+--------------+
|   RTL Ports   | Dir | Bits|  Protocol  |                     Source Object                    |    C Type    |
+---------------+-----+-----+------------+------------------------------------------------------+--------------+
|ap_clk         |  in |    1| ap_ctrl_hs | linear<ap_fixed,ap_fixed<16,6,0,0,0>,linear_config3> | return value |
|ap_rst         |  in |    1| ap_ctrl_hs | linear<ap_fixed,ap_fixed<16,6,0,0,0>,linear_config3> | return value |
|ap_start       |  in |    1| ap_ctrl_hs | linear<ap_fixed,ap_fixed<16,6,0,0,0>,linear_config3> | return value |
|ap_done        | out |    1| ap_ctrl_hs | linear<ap_fixed,ap_fixed<16,6,0,0,0>,linear_config3> | return value |
|ap_continue    |  in |    1| ap_ctrl_hs | linear<ap_fixed,ap_fixed<16,6,0,0,0>,linear_config3> | return value |
|ap_idle        | out |    1| ap_ctrl_hs | linear<ap_fixed,ap_fixed<16,6,0,0,0>,linear_config3> | return value |
|ap_ready       | out |    1| ap_ctrl_hs | linear<ap_fixed,ap_fixed<16,6,0,0,0>,linear_config3> | return value |
|ap_return_0    | out |   16| ap_ctrl_hs | linear<ap_fixed,ap_fixed<16,6,0,0,0>,linear_config3> | return value |
|ap_return_1    | out |   16| ap_ctrl_hs | linear<ap_fixed,ap_fixed<16,6,0,0,0>,linear_config3> | return value |
|ap_return_2    | out |   16| ap_ctrl_hs | linear<ap_fixed,ap_fixed<16,6,0,0,0>,linear_config3> | return value |
|ap_return_3    | out |   16| ap_ctrl_hs | linear<ap_fixed,ap_fixed<16,6,0,0,0>,linear_config3> | return value |
|ap_return_4    | out |   16| ap_ctrl_hs | linear<ap_fixed,ap_fixed<16,6,0,0,0>,linear_config3> | return value |
|ap_return_5    | out |   16| ap_ctrl_hs | linear<ap_fixed,ap_fixed<16,6,0,0,0>,linear_config3> | return value |
|ap_return_6    | out |   16| ap_ctrl_hs | linear<ap_fixed,ap_fixed<16,6,0,0,0>,linear_config3> | return value |
|ap_return_7    | out |   16| ap_ctrl_hs | linear<ap_fixed,ap_fixed<16,6,0,0,0>,linear_config3> | return value |
|ap_return_8    | out |   16| ap_ctrl_hs | linear<ap_fixed,ap_fixed<16,6,0,0,0>,linear_config3> | return value |
|ap_return_9    | out |   16| ap_ctrl_hs | linear<ap_fixed,ap_fixed<16,6,0,0,0>,linear_config3> | return value |
|ap_return_10   | out |   16| ap_ctrl_hs | linear<ap_fixed,ap_fixed<16,6,0,0,0>,linear_config3> | return value |
|ap_return_11   | out |   16| ap_ctrl_hs | linear<ap_fixed,ap_fixed<16,6,0,0,0>,linear_config3> | return value |
|ap_return_12   | out |   16| ap_ctrl_hs | linear<ap_fixed,ap_fixed<16,6,0,0,0>,linear_config3> | return value |
|ap_return_13   | out |   16| ap_ctrl_hs | linear<ap_fixed,ap_fixed<16,6,0,0,0>,linear_config3> | return value |
|ap_return_14   | out |   16| ap_ctrl_hs | linear<ap_fixed,ap_fixed<16,6,0,0,0>,linear_config3> | return value |
|ap_return_15   | out |   16| ap_ctrl_hs | linear<ap_fixed,ap_fixed<16,6,0,0,0>,linear_config3> | return value |
|ap_return_16   | out |   16| ap_ctrl_hs | linear<ap_fixed,ap_fixed<16,6,0,0,0>,linear_config3> | return value |
|ap_return_17   | out |   16| ap_ctrl_hs | linear<ap_fixed,ap_fixed<16,6,0,0,0>,linear_config3> | return value |
|ap_return_18   | out |   16| ap_ctrl_hs | linear<ap_fixed,ap_fixed<16,6,0,0,0>,linear_config3> | return value |
|ap_return_19   | out |   16| ap_ctrl_hs | linear<ap_fixed,ap_fixed<16,6,0,0,0>,linear_config3> | return value |
|ap_return_20   | out |   16| ap_ctrl_hs | linear<ap_fixed,ap_fixed<16,6,0,0,0>,linear_config3> | return value |
|ap_return_21   | out |   16| ap_ctrl_hs | linear<ap_fixed,ap_fixed<16,6,0,0,0>,linear_config3> | return value |
|ap_return_22   | out |   16| ap_ctrl_hs | linear<ap_fixed,ap_fixed<16,6,0,0,0>,linear_config3> | return value |
|ap_return_23   | out |   16| ap_ctrl_hs | linear<ap_fixed,ap_fixed<16,6,0,0,0>,linear_config3> | return value |
|ap_return_24   | out |   16| ap_ctrl_hs | linear<ap_fixed,ap_fixed<16,6,0,0,0>,linear_config3> | return value |
|ap_return_25   | out |   16| ap_ctrl_hs | linear<ap_fixed,ap_fixed<16,6,0,0,0>,linear_config3> | return value |
|ap_return_26   | out |   16| ap_ctrl_hs | linear<ap_fixed,ap_fixed<16,6,0,0,0>,linear_config3> | return value |
|ap_return_27   | out |   16| ap_ctrl_hs | linear<ap_fixed,ap_fixed<16,6,0,0,0>,linear_config3> | return value |
|ap_return_28   | out |   16| ap_ctrl_hs | linear<ap_fixed,ap_fixed<16,6,0,0,0>,linear_config3> | return value |
|ap_return_29   | out |   16| ap_ctrl_hs | linear<ap_fixed,ap_fixed<16,6,0,0,0>,linear_config3> | return value |
|ap_return_30   | out |   16| ap_ctrl_hs | linear<ap_fixed,ap_fixed<16,6,0,0,0>,linear_config3> | return value |
|ap_return_31   | out |   16| ap_ctrl_hs | linear<ap_fixed,ap_fixed<16,6,0,0,0>,linear_config3> | return value |
|ap_return_32   | out |   16| ap_ctrl_hs | linear<ap_fixed,ap_fixed<16,6,0,0,0>,linear_config3> | return value |
|ap_return_33   | out |   16| ap_ctrl_hs | linear<ap_fixed,ap_fixed<16,6,0,0,0>,linear_config3> | return value |
|ap_return_34   | out |   16| ap_ctrl_hs | linear<ap_fixed,ap_fixed<16,6,0,0,0>,linear_config3> | return value |
|ap_return_35   | out |   16| ap_ctrl_hs | linear<ap_fixed,ap_fixed<16,6,0,0,0>,linear_config3> | return value |
|ap_return_36   | out |   16| ap_ctrl_hs | linear<ap_fixed,ap_fixed<16,6,0,0,0>,linear_config3> | return value |
|ap_return_37   | out |   16| ap_ctrl_hs | linear<ap_fixed,ap_fixed<16,6,0,0,0>,linear_config3> | return value |
|ap_return_38   | out |   16| ap_ctrl_hs | linear<ap_fixed,ap_fixed<16,6,0,0,0>,linear_config3> | return value |
|ap_return_39   | out |   16| ap_ctrl_hs | linear<ap_fixed,ap_fixed<16,6,0,0,0>,linear_config3> | return value |
|ap_return_40   | out |   16| ap_ctrl_hs | linear<ap_fixed,ap_fixed<16,6,0,0,0>,linear_config3> | return value |
|ap_return_41   | out |   16| ap_ctrl_hs | linear<ap_fixed,ap_fixed<16,6,0,0,0>,linear_config3> | return value |
|ap_return_42   | out |   16| ap_ctrl_hs | linear<ap_fixed,ap_fixed<16,6,0,0,0>,linear_config3> | return value |
|ap_return_43   | out |   16| ap_ctrl_hs | linear<ap_fixed,ap_fixed<16,6,0,0,0>,linear_config3> | return value |
|ap_return_44   | out |   16| ap_ctrl_hs | linear<ap_fixed,ap_fixed<16,6,0,0,0>,linear_config3> | return value |
|ap_return_45   | out |   16| ap_ctrl_hs | linear<ap_fixed,ap_fixed<16,6,0,0,0>,linear_config3> | return value |
|ap_return_46   | out |   16| ap_ctrl_hs | linear<ap_fixed,ap_fixed<16,6,0,0,0>,linear_config3> | return value |
|ap_return_47   | out |   16| ap_ctrl_hs | linear<ap_fixed,ap_fixed<16,6,0,0,0>,linear_config3> | return value |
|ap_return_48   | out |   16| ap_ctrl_hs | linear<ap_fixed,ap_fixed<16,6,0,0,0>,linear_config3> | return value |
|ap_return_49   | out |   16| ap_ctrl_hs | linear<ap_fixed,ap_fixed<16,6,0,0,0>,linear_config3> | return value |
|ap_return_50   | out |   16| ap_ctrl_hs | linear<ap_fixed,ap_fixed<16,6,0,0,0>,linear_config3> | return value |
|ap_return_51   | out |   16| ap_ctrl_hs | linear<ap_fixed,ap_fixed<16,6,0,0,0>,linear_config3> | return value |
|ap_return_52   | out |   16| ap_ctrl_hs | linear<ap_fixed,ap_fixed<16,6,0,0,0>,linear_config3> | return value |
|ap_return_53   | out |   16| ap_ctrl_hs | linear<ap_fixed,ap_fixed<16,6,0,0,0>,linear_config3> | return value |
|ap_return_54   | out |   16| ap_ctrl_hs | linear<ap_fixed,ap_fixed<16,6,0,0,0>,linear_config3> | return value |
|ap_return_55   | out |   16| ap_ctrl_hs | linear<ap_fixed,ap_fixed<16,6,0,0,0>,linear_config3> | return value |
|ap_return_56   | out |   16| ap_ctrl_hs | linear<ap_fixed,ap_fixed<16,6,0,0,0>,linear_config3> | return value |
|ap_return_57   | out |   16| ap_ctrl_hs | linear<ap_fixed,ap_fixed<16,6,0,0,0>,linear_config3> | return value |
|ap_return_58   | out |   16| ap_ctrl_hs | linear<ap_fixed,ap_fixed<16,6,0,0,0>,linear_config3> | return value |
|ap_return_59   | out |   16| ap_ctrl_hs | linear<ap_fixed,ap_fixed<16,6,0,0,0>,linear_config3> | return value |
|ap_return_60   | out |   16| ap_ctrl_hs | linear<ap_fixed,ap_fixed<16,6,0,0,0>,linear_config3> | return value |
|ap_return_61   | out |   16| ap_ctrl_hs | linear<ap_fixed,ap_fixed<16,6,0,0,0>,linear_config3> | return value |
|ap_return_62   | out |   16| ap_ctrl_hs | linear<ap_fixed,ap_fixed<16,6,0,0,0>,linear_config3> | return value |
|ap_return_63   | out |   16| ap_ctrl_hs | linear<ap_fixed,ap_fixed<16,6,0,0,0>,linear_config3> | return value |
|ap_return_64   | out |   16| ap_ctrl_hs | linear<ap_fixed,ap_fixed<16,6,0,0,0>,linear_config3> | return value |
|ap_return_65   | out |   16| ap_ctrl_hs | linear<ap_fixed,ap_fixed<16,6,0,0,0>,linear_config3> | return value |
|ap_return_66   | out |   16| ap_ctrl_hs | linear<ap_fixed,ap_fixed<16,6,0,0,0>,linear_config3> | return value |
|ap_return_67   | out |   16| ap_ctrl_hs | linear<ap_fixed,ap_fixed<16,6,0,0,0>,linear_config3> | return value |
|ap_return_68   | out |   16| ap_ctrl_hs | linear<ap_fixed,ap_fixed<16,6,0,0,0>,linear_config3> | return value |
|ap_return_69   | out |   16| ap_ctrl_hs | linear<ap_fixed,ap_fixed<16,6,0,0,0>,linear_config3> | return value |
|ap_return_70   | out |   16| ap_ctrl_hs | linear<ap_fixed,ap_fixed<16,6,0,0,0>,linear_config3> | return value |
|ap_return_71   | out |   16| ap_ctrl_hs | linear<ap_fixed,ap_fixed<16,6,0,0,0>,linear_config3> | return value |
|ap_return_72   | out |   16| ap_ctrl_hs | linear<ap_fixed,ap_fixed<16,6,0,0,0>,linear_config3> | return value |
|ap_return_73   | out |   16| ap_ctrl_hs | linear<ap_fixed,ap_fixed<16,6,0,0,0>,linear_config3> | return value |
|ap_return_74   | out |   16| ap_ctrl_hs | linear<ap_fixed,ap_fixed<16,6,0,0,0>,linear_config3> | return value |
|ap_return_75   | out |   16| ap_ctrl_hs | linear<ap_fixed,ap_fixed<16,6,0,0,0>,linear_config3> | return value |
|ap_return_76   | out |   16| ap_ctrl_hs | linear<ap_fixed,ap_fixed<16,6,0,0,0>,linear_config3> | return value |
|ap_return_77   | out |   16| ap_ctrl_hs | linear<ap_fixed,ap_fixed<16,6,0,0,0>,linear_config3> | return value |
|ap_return_78   | out |   16| ap_ctrl_hs | linear<ap_fixed,ap_fixed<16,6,0,0,0>,linear_config3> | return value |
|ap_return_79   | out |   16| ap_ctrl_hs | linear<ap_fixed,ap_fixed<16,6,0,0,0>,linear_config3> | return value |
|ap_return_80   | out |   16| ap_ctrl_hs | linear<ap_fixed,ap_fixed<16,6,0,0,0>,linear_config3> | return value |
|ap_return_81   | out |   16| ap_ctrl_hs | linear<ap_fixed,ap_fixed<16,6,0,0,0>,linear_config3> | return value |
|ap_return_82   | out |   16| ap_ctrl_hs | linear<ap_fixed,ap_fixed<16,6,0,0,0>,linear_config3> | return value |
|ap_return_83   | out |   16| ap_ctrl_hs | linear<ap_fixed,ap_fixed<16,6,0,0,0>,linear_config3> | return value |
|ap_return_84   | out |   16| ap_ctrl_hs | linear<ap_fixed,ap_fixed<16,6,0,0,0>,linear_config3> | return value |
|ap_return_85   | out |   16| ap_ctrl_hs | linear<ap_fixed,ap_fixed<16,6,0,0,0>,linear_config3> | return value |
|ap_return_86   | out |   16| ap_ctrl_hs | linear<ap_fixed,ap_fixed<16,6,0,0,0>,linear_config3> | return value |
|ap_return_87   | out |   16| ap_ctrl_hs | linear<ap_fixed,ap_fixed<16,6,0,0,0>,linear_config3> | return value |
|ap_return_88   | out |   16| ap_ctrl_hs | linear<ap_fixed,ap_fixed<16,6,0,0,0>,linear_config3> | return value |
|ap_return_89   | out |   16| ap_ctrl_hs | linear<ap_fixed,ap_fixed<16,6,0,0,0>,linear_config3> | return value |
|ap_return_90   | out |   16| ap_ctrl_hs | linear<ap_fixed,ap_fixed<16,6,0,0,0>,linear_config3> | return value |
|ap_return_91   | out |   16| ap_ctrl_hs | linear<ap_fixed,ap_fixed<16,6,0,0,0>,linear_config3> | return value |
|ap_return_92   | out |   16| ap_ctrl_hs | linear<ap_fixed,ap_fixed<16,6,0,0,0>,linear_config3> | return value |
|ap_return_93   | out |   16| ap_ctrl_hs | linear<ap_fixed,ap_fixed<16,6,0,0,0>,linear_config3> | return value |
|ap_return_94   | out |   16| ap_ctrl_hs | linear<ap_fixed,ap_fixed<16,6,0,0,0>,linear_config3> | return value |
|ap_return_95   | out |   16| ap_ctrl_hs | linear<ap_fixed,ap_fixed<16,6,0,0,0>,linear_config3> | return value |
|ap_return_96   | out |   16| ap_ctrl_hs | linear<ap_fixed,ap_fixed<16,6,0,0,0>,linear_config3> | return value |
|ap_return_97   | out |   16| ap_ctrl_hs | linear<ap_fixed,ap_fixed<16,6,0,0,0>,linear_config3> | return value |
|ap_return_98   | out |   16| ap_ctrl_hs | linear<ap_fixed,ap_fixed<16,6,0,0,0>,linear_config3> | return value |
|ap_return_99   | out |   16| ap_ctrl_hs | linear<ap_fixed,ap_fixed<16,6,0,0,0>,linear_config3> | return value |
|ap_return_100  | out |   16| ap_ctrl_hs | linear<ap_fixed,ap_fixed<16,6,0,0,0>,linear_config3> | return value |
|ap_return_101  | out |   16| ap_ctrl_hs | linear<ap_fixed,ap_fixed<16,6,0,0,0>,linear_config3> | return value |
|ap_return_102  | out |   16| ap_ctrl_hs | linear<ap_fixed,ap_fixed<16,6,0,0,0>,linear_config3> | return value |
|ap_return_103  | out |   16| ap_ctrl_hs | linear<ap_fixed,ap_fixed<16,6,0,0,0>,linear_config3> | return value |
|ap_return_104  | out |   16| ap_ctrl_hs | linear<ap_fixed,ap_fixed<16,6,0,0,0>,linear_config3> | return value |
|ap_return_105  | out |   16| ap_ctrl_hs | linear<ap_fixed,ap_fixed<16,6,0,0,0>,linear_config3> | return value |
|ap_return_106  | out |   16| ap_ctrl_hs | linear<ap_fixed,ap_fixed<16,6,0,0,0>,linear_config3> | return value |
|ap_return_107  | out |   16| ap_ctrl_hs | linear<ap_fixed,ap_fixed<16,6,0,0,0>,linear_config3> | return value |
|ap_return_108  | out |   16| ap_ctrl_hs | linear<ap_fixed,ap_fixed<16,6,0,0,0>,linear_config3> | return value |
|ap_return_109  | out |   16| ap_ctrl_hs | linear<ap_fixed,ap_fixed<16,6,0,0,0>,linear_config3> | return value |
|ap_return_110  | out |   16| ap_ctrl_hs | linear<ap_fixed,ap_fixed<16,6,0,0,0>,linear_config3> | return value |
|ap_return_111  | out |   16| ap_ctrl_hs | linear<ap_fixed,ap_fixed<16,6,0,0,0>,linear_config3> | return value |
|ap_return_112  | out |   16| ap_ctrl_hs | linear<ap_fixed,ap_fixed<16,6,0,0,0>,linear_config3> | return value |
|ap_return_113  | out |   16| ap_ctrl_hs | linear<ap_fixed,ap_fixed<16,6,0,0,0>,linear_config3> | return value |
|ap_return_114  | out |   16| ap_ctrl_hs | linear<ap_fixed,ap_fixed<16,6,0,0,0>,linear_config3> | return value |
|ap_return_115  | out |   16| ap_ctrl_hs | linear<ap_fixed,ap_fixed<16,6,0,0,0>,linear_config3> | return value |
|ap_return_116  | out |   16| ap_ctrl_hs | linear<ap_fixed,ap_fixed<16,6,0,0,0>,linear_config3> | return value |
|ap_return_117  | out |   16| ap_ctrl_hs | linear<ap_fixed,ap_fixed<16,6,0,0,0>,linear_config3> | return value |
|ap_return_118  | out |   16| ap_ctrl_hs | linear<ap_fixed,ap_fixed<16,6,0,0,0>,linear_config3> | return value |
|ap_return_119  | out |   16| ap_ctrl_hs | linear<ap_fixed,ap_fixed<16,6,0,0,0>,linear_config3> | return value |
|ap_return_120  | out |   16| ap_ctrl_hs | linear<ap_fixed,ap_fixed<16,6,0,0,0>,linear_config3> | return value |
|ap_return_121  | out |   16| ap_ctrl_hs | linear<ap_fixed,ap_fixed<16,6,0,0,0>,linear_config3> | return value |
|ap_return_122  | out |   16| ap_ctrl_hs | linear<ap_fixed,ap_fixed<16,6,0,0,0>,linear_config3> | return value |
|ap_return_123  | out |   16| ap_ctrl_hs | linear<ap_fixed,ap_fixed<16,6,0,0,0>,linear_config3> | return value |
|ap_return_124  | out |   16| ap_ctrl_hs | linear<ap_fixed,ap_fixed<16,6,0,0,0>,linear_config3> | return value |
|ap_return_125  | out |   16| ap_ctrl_hs | linear<ap_fixed,ap_fixed<16,6,0,0,0>,linear_config3> | return value |
|ap_return_126  | out |   16| ap_ctrl_hs | linear<ap_fixed,ap_fixed<16,6,0,0,0>,linear_config3> | return value |
|ap_return_127  | out |   16| ap_ctrl_hs | linear<ap_fixed,ap_fixed<16,6,0,0,0>,linear_config3> | return value |
|ap_return_128  | out |   16| ap_ctrl_hs | linear<ap_fixed,ap_fixed<16,6,0,0,0>,linear_config3> | return value |
|ap_return_129  | out |   16| ap_ctrl_hs | linear<ap_fixed,ap_fixed<16,6,0,0,0>,linear_config3> | return value |
|ap_return_130  | out |   16| ap_ctrl_hs | linear<ap_fixed,ap_fixed<16,6,0,0,0>,linear_config3> | return value |
|ap_return_131  | out |   16| ap_ctrl_hs | linear<ap_fixed,ap_fixed<16,6,0,0,0>,linear_config3> | return value |
|ap_return_132  | out |   16| ap_ctrl_hs | linear<ap_fixed,ap_fixed<16,6,0,0,0>,linear_config3> | return value |
|ap_return_133  | out |   16| ap_ctrl_hs | linear<ap_fixed,ap_fixed<16,6,0,0,0>,linear_config3> | return value |
|ap_return_134  | out |   16| ap_ctrl_hs | linear<ap_fixed,ap_fixed<16,6,0,0,0>,linear_config3> | return value |
|ap_return_135  | out |   16| ap_ctrl_hs | linear<ap_fixed,ap_fixed<16,6,0,0,0>,linear_config3> | return value |
|ap_return_136  | out |   16| ap_ctrl_hs | linear<ap_fixed,ap_fixed<16,6,0,0,0>,linear_config3> | return value |
|ap_return_137  | out |   16| ap_ctrl_hs | linear<ap_fixed,ap_fixed<16,6,0,0,0>,linear_config3> | return value |
|ap_return_138  | out |   16| ap_ctrl_hs | linear<ap_fixed,ap_fixed<16,6,0,0,0>,linear_config3> | return value |
|ap_return_139  | out |   16| ap_ctrl_hs | linear<ap_fixed,ap_fixed<16,6,0,0,0>,linear_config3> | return value |
|ap_return_140  | out |   16| ap_ctrl_hs | linear<ap_fixed,ap_fixed<16,6,0,0,0>,linear_config3> | return value |
|ap_return_141  | out |   16| ap_ctrl_hs | linear<ap_fixed,ap_fixed<16,6,0,0,0>,linear_config3> | return value |
|ap_return_142  | out |   16| ap_ctrl_hs | linear<ap_fixed,ap_fixed<16,6,0,0,0>,linear_config3> | return value |
|ap_return_143  | out |   16| ap_ctrl_hs | linear<ap_fixed,ap_fixed<16,6,0,0,0>,linear_config3> | return value |
|ap_return_144  | out |   16| ap_ctrl_hs | linear<ap_fixed,ap_fixed<16,6,0,0,0>,linear_config3> | return value |
|ap_return_145  | out |   16| ap_ctrl_hs | linear<ap_fixed,ap_fixed<16,6,0,0,0>,linear_config3> | return value |
|ap_return_146  | out |   16| ap_ctrl_hs | linear<ap_fixed,ap_fixed<16,6,0,0,0>,linear_config3> | return value |
|ap_return_147  | out |   16| ap_ctrl_hs | linear<ap_fixed,ap_fixed<16,6,0,0,0>,linear_config3> | return value |
|ap_return_148  | out |   16| ap_ctrl_hs | linear<ap_fixed,ap_fixed<16,6,0,0,0>,linear_config3> | return value |
|ap_return_149  | out |   16| ap_ctrl_hs | linear<ap_fixed,ap_fixed<16,6,0,0,0>,linear_config3> | return value |
|ap_return_150  | out |   16| ap_ctrl_hs | linear<ap_fixed,ap_fixed<16,6,0,0,0>,linear_config3> | return value |
|ap_return_151  | out |   16| ap_ctrl_hs | linear<ap_fixed,ap_fixed<16,6,0,0,0>,linear_config3> | return value |
|ap_return_152  | out |   16| ap_ctrl_hs | linear<ap_fixed,ap_fixed<16,6,0,0,0>,linear_config3> | return value |
|ap_return_153  | out |   16| ap_ctrl_hs | linear<ap_fixed,ap_fixed<16,6,0,0,0>,linear_config3> | return value |
|ap_return_154  | out |   16| ap_ctrl_hs | linear<ap_fixed,ap_fixed<16,6,0,0,0>,linear_config3> | return value |
|ap_return_155  | out |   16| ap_ctrl_hs | linear<ap_fixed,ap_fixed<16,6,0,0,0>,linear_config3> | return value |
|ap_return_156  | out |   16| ap_ctrl_hs | linear<ap_fixed,ap_fixed<16,6,0,0,0>,linear_config3> | return value |
|ap_return_157  | out |   16| ap_ctrl_hs | linear<ap_fixed,ap_fixed<16,6,0,0,0>,linear_config3> | return value |
|ap_return_158  | out |   16| ap_ctrl_hs | linear<ap_fixed,ap_fixed<16,6,0,0,0>,linear_config3> | return value |
|ap_return_159  | out |   16| ap_ctrl_hs | linear<ap_fixed,ap_fixed<16,6,0,0,0>,linear_config3> | return value |
|ap_return_160  | out |   16| ap_ctrl_hs | linear<ap_fixed,ap_fixed<16,6,0,0,0>,linear_config3> | return value |
|ap_return_161  | out |   16| ap_ctrl_hs | linear<ap_fixed,ap_fixed<16,6,0,0,0>,linear_config3> | return value |
|ap_return_162  | out |   16| ap_ctrl_hs | linear<ap_fixed,ap_fixed<16,6,0,0,0>,linear_config3> | return value |
|ap_return_163  | out |   16| ap_ctrl_hs | linear<ap_fixed,ap_fixed<16,6,0,0,0>,linear_config3> | return value |
|ap_return_164  | out |   16| ap_ctrl_hs | linear<ap_fixed,ap_fixed<16,6,0,0,0>,linear_config3> | return value |
|ap_return_165  | out |   16| ap_ctrl_hs | linear<ap_fixed,ap_fixed<16,6,0,0,0>,linear_config3> | return value |
|ap_return_166  | out |   16| ap_ctrl_hs | linear<ap_fixed,ap_fixed<16,6,0,0,0>,linear_config3> | return value |
|ap_return_167  | out |   16| ap_ctrl_hs | linear<ap_fixed,ap_fixed<16,6,0,0,0>,linear_config3> | return value |
|ap_return_168  | out |   16| ap_ctrl_hs | linear<ap_fixed,ap_fixed<16,6,0,0,0>,linear_config3> | return value |
|ap_return_169  | out |   16| ap_ctrl_hs | linear<ap_fixed,ap_fixed<16,6,0,0,0>,linear_config3> | return value |
|ap_return_170  | out |   16| ap_ctrl_hs | linear<ap_fixed,ap_fixed<16,6,0,0,0>,linear_config3> | return value |
|ap_return_171  | out |   16| ap_ctrl_hs | linear<ap_fixed,ap_fixed<16,6,0,0,0>,linear_config3> | return value |
|ap_return_172  | out |   16| ap_ctrl_hs | linear<ap_fixed,ap_fixed<16,6,0,0,0>,linear_config3> | return value |
|ap_return_173  | out |   16| ap_ctrl_hs | linear<ap_fixed,ap_fixed<16,6,0,0,0>,linear_config3> | return value |
|ap_return_174  | out |   16| ap_ctrl_hs | linear<ap_fixed,ap_fixed<16,6,0,0,0>,linear_config3> | return value |
|ap_return_175  | out |   16| ap_ctrl_hs | linear<ap_fixed,ap_fixed<16,6,0,0,0>,linear_config3> | return value |
|ap_return_176  | out |   16| ap_ctrl_hs | linear<ap_fixed,ap_fixed<16,6,0,0,0>,linear_config3> | return value |
|ap_return_177  | out |   16| ap_ctrl_hs | linear<ap_fixed,ap_fixed<16,6,0,0,0>,linear_config3> | return value |
|ap_return_178  | out |   16| ap_ctrl_hs | linear<ap_fixed,ap_fixed<16,6,0,0,0>,linear_config3> | return value |
|ap_return_179  | out |   16| ap_ctrl_hs | linear<ap_fixed,ap_fixed<16,6,0,0,0>,linear_config3> | return value |
|ap_return_180  | out |   16| ap_ctrl_hs | linear<ap_fixed,ap_fixed<16,6,0,0,0>,linear_config3> | return value |
|ap_return_181  | out |   16| ap_ctrl_hs | linear<ap_fixed,ap_fixed<16,6,0,0,0>,linear_config3> | return value |
|ap_return_182  | out |   16| ap_ctrl_hs | linear<ap_fixed,ap_fixed<16,6,0,0,0>,linear_config3> | return value |
|ap_return_183  | out |   16| ap_ctrl_hs | linear<ap_fixed,ap_fixed<16,6,0,0,0>,linear_config3> | return value |
|ap_return_184  | out |   16| ap_ctrl_hs | linear<ap_fixed,ap_fixed<16,6,0,0,0>,linear_config3> | return value |
|ap_return_185  | out |   16| ap_ctrl_hs | linear<ap_fixed,ap_fixed<16,6,0,0,0>,linear_config3> | return value |
|ap_return_186  | out |   16| ap_ctrl_hs | linear<ap_fixed,ap_fixed<16,6,0,0,0>,linear_config3> | return value |
|ap_return_187  | out |   16| ap_ctrl_hs | linear<ap_fixed,ap_fixed<16,6,0,0,0>,linear_config3> | return value |
|ap_return_188  | out |   16| ap_ctrl_hs | linear<ap_fixed,ap_fixed<16,6,0,0,0>,linear_config3> | return value |
|ap_return_189  | out |   16| ap_ctrl_hs | linear<ap_fixed,ap_fixed<16,6,0,0,0>,linear_config3> | return value |
|ap_return_190  | out |   16| ap_ctrl_hs | linear<ap_fixed,ap_fixed<16,6,0,0,0>,linear_config3> | return value |
|ap_return_191  | out |   16| ap_ctrl_hs | linear<ap_fixed,ap_fixed<16,6,0,0,0>,linear_config3> | return value |
|ap_return_192  | out |   16| ap_ctrl_hs | linear<ap_fixed,ap_fixed<16,6,0,0,0>,linear_config3> | return value |
|ap_return_193  | out |   16| ap_ctrl_hs | linear<ap_fixed,ap_fixed<16,6,0,0,0>,linear_config3> | return value |
|ap_return_194  | out |   16| ap_ctrl_hs | linear<ap_fixed,ap_fixed<16,6,0,0,0>,linear_config3> | return value |
|ap_return_195  | out |   16| ap_ctrl_hs | linear<ap_fixed,ap_fixed<16,6,0,0,0>,linear_config3> | return value |
|ap_return_196  | out |   16| ap_ctrl_hs | linear<ap_fixed,ap_fixed<16,6,0,0,0>,linear_config3> | return value |
|ap_return_197  | out |   16| ap_ctrl_hs | linear<ap_fixed,ap_fixed<16,6,0,0,0>,linear_config3> | return value |
|ap_return_198  | out |   16| ap_ctrl_hs | linear<ap_fixed,ap_fixed<16,6,0,0,0>,linear_config3> | return value |
|ap_return_199  | out |   16| ap_ctrl_hs | linear<ap_fixed,ap_fixed<16,6,0,0,0>,linear_config3> | return value |
|data_0_V       |  in |   16|   ap_none  |                       data_0_V                       |    pointer   |
|data_1_V       |  in |   16|   ap_none  |                       data_1_V                       |    pointer   |
|data_2_V       |  in |   16|   ap_none  |                       data_2_V                       |    pointer   |
|data_3_V       |  in |   16|   ap_none  |                       data_3_V                       |    pointer   |
|data_4_V       |  in |   16|   ap_none  |                       data_4_V                       |    pointer   |
|data_5_V       |  in |   16|   ap_none  |                       data_5_V                       |    pointer   |
|data_6_V       |  in |   16|   ap_none  |                       data_6_V                       |    pointer   |
|data_7_V       |  in |   16|   ap_none  |                       data_7_V                       |    pointer   |
|data_8_V       |  in |   16|   ap_none  |                       data_8_V                       |    pointer   |
|data_9_V       |  in |   16|   ap_none  |                       data_9_V                       |    pointer   |
|data_10_V      |  in |   16|   ap_none  |                       data_10_V                      |    pointer   |
|data_11_V      |  in |   16|   ap_none  |                       data_11_V                      |    pointer   |
|data_12_V      |  in |   16|   ap_none  |                       data_12_V                      |    pointer   |
|data_13_V      |  in |   16|   ap_none  |                       data_13_V                      |    pointer   |
|data_14_V      |  in |   16|   ap_none  |                       data_14_V                      |    pointer   |
|data_15_V      |  in |   16|   ap_none  |                       data_15_V                      |    pointer   |
|data_16_V      |  in |   16|   ap_none  |                       data_16_V                      |    pointer   |
|data_17_V      |  in |   16|   ap_none  |                       data_17_V                      |    pointer   |
|data_18_V      |  in |   16|   ap_none  |                       data_18_V                      |    pointer   |
|data_19_V      |  in |   16|   ap_none  |                       data_19_V                      |    pointer   |
|data_20_V      |  in |   16|   ap_none  |                       data_20_V                      |    pointer   |
|data_21_V      |  in |   16|   ap_none  |                       data_21_V                      |    pointer   |
|data_22_V      |  in |   16|   ap_none  |                       data_22_V                      |    pointer   |
|data_23_V      |  in |   16|   ap_none  |                       data_23_V                      |    pointer   |
|data_24_V      |  in |   16|   ap_none  |                       data_24_V                      |    pointer   |
|data_25_V      |  in |   16|   ap_none  |                       data_25_V                      |    pointer   |
|data_26_V      |  in |   16|   ap_none  |                       data_26_V                      |    pointer   |
|data_27_V      |  in |   16|   ap_none  |                       data_27_V                      |    pointer   |
|data_28_V      |  in |   16|   ap_none  |                       data_28_V                      |    pointer   |
|data_29_V      |  in |   16|   ap_none  |                       data_29_V                      |    pointer   |
|data_30_V      |  in |   16|   ap_none  |                       data_30_V                      |    pointer   |
|data_31_V      |  in |   16|   ap_none  |                       data_31_V                      |    pointer   |
|data_32_V      |  in |   16|   ap_none  |                       data_32_V                      |    pointer   |
|data_33_V      |  in |   16|   ap_none  |                       data_33_V                      |    pointer   |
|data_34_V      |  in |   16|   ap_none  |                       data_34_V                      |    pointer   |
|data_35_V      |  in |   16|   ap_none  |                       data_35_V                      |    pointer   |
|data_36_V      |  in |   16|   ap_none  |                       data_36_V                      |    pointer   |
|data_37_V      |  in |   16|   ap_none  |                       data_37_V                      |    pointer   |
|data_38_V      |  in |   16|   ap_none  |                       data_38_V                      |    pointer   |
|data_39_V      |  in |   16|   ap_none  |                       data_39_V                      |    pointer   |
|data_40_V      |  in |   16|   ap_none  |                       data_40_V                      |    pointer   |
|data_41_V      |  in |   16|   ap_none  |                       data_41_V                      |    pointer   |
|data_42_V      |  in |   16|   ap_none  |                       data_42_V                      |    pointer   |
|data_43_V      |  in |   16|   ap_none  |                       data_43_V                      |    pointer   |
|data_44_V      |  in |   16|   ap_none  |                       data_44_V                      |    pointer   |
|data_45_V      |  in |   16|   ap_none  |                       data_45_V                      |    pointer   |
|data_46_V      |  in |   16|   ap_none  |                       data_46_V                      |    pointer   |
|data_47_V      |  in |   16|   ap_none  |                       data_47_V                      |    pointer   |
|data_48_V      |  in |   16|   ap_none  |                       data_48_V                      |    pointer   |
|data_49_V      |  in |   16|   ap_none  |                       data_49_V                      |    pointer   |
|data_50_V      |  in |   16|   ap_none  |                       data_50_V                      |    pointer   |
|data_51_V      |  in |   16|   ap_none  |                       data_51_V                      |    pointer   |
|data_52_V      |  in |   16|   ap_none  |                       data_52_V                      |    pointer   |
|data_53_V      |  in |   16|   ap_none  |                       data_53_V                      |    pointer   |
|data_54_V      |  in |   16|   ap_none  |                       data_54_V                      |    pointer   |
|data_55_V      |  in |   16|   ap_none  |                       data_55_V                      |    pointer   |
|data_56_V      |  in |   16|   ap_none  |                       data_56_V                      |    pointer   |
|data_57_V      |  in |   16|   ap_none  |                       data_57_V                      |    pointer   |
|data_58_V      |  in |   16|   ap_none  |                       data_58_V                      |    pointer   |
|data_59_V      |  in |   16|   ap_none  |                       data_59_V                      |    pointer   |
|data_60_V      |  in |   16|   ap_none  |                       data_60_V                      |    pointer   |
|data_61_V      |  in |   16|   ap_none  |                       data_61_V                      |    pointer   |
|data_62_V      |  in |   16|   ap_none  |                       data_62_V                      |    pointer   |
|data_63_V      |  in |   16|   ap_none  |                       data_63_V                      |    pointer   |
|data_64_V      |  in |   16|   ap_none  |                       data_64_V                      |    pointer   |
|data_65_V      |  in |   16|   ap_none  |                       data_65_V                      |    pointer   |
|data_66_V      |  in |   16|   ap_none  |                       data_66_V                      |    pointer   |
|data_67_V      |  in |   16|   ap_none  |                       data_67_V                      |    pointer   |
|data_68_V      |  in |   16|   ap_none  |                       data_68_V                      |    pointer   |
|data_69_V      |  in |   16|   ap_none  |                       data_69_V                      |    pointer   |
|data_70_V      |  in |   16|   ap_none  |                       data_70_V                      |    pointer   |
|data_71_V      |  in |   16|   ap_none  |                       data_71_V                      |    pointer   |
|data_72_V      |  in |   16|   ap_none  |                       data_72_V                      |    pointer   |
|data_73_V      |  in |   16|   ap_none  |                       data_73_V                      |    pointer   |
|data_74_V      |  in |   16|   ap_none  |                       data_74_V                      |    pointer   |
|data_75_V      |  in |   16|   ap_none  |                       data_75_V                      |    pointer   |
|data_76_V      |  in |   16|   ap_none  |                       data_76_V                      |    pointer   |
|data_77_V      |  in |   16|   ap_none  |                       data_77_V                      |    pointer   |
|data_78_V      |  in |   16|   ap_none  |                       data_78_V                      |    pointer   |
|data_79_V      |  in |   16|   ap_none  |                       data_79_V                      |    pointer   |
|data_80_V      |  in |   16|   ap_none  |                       data_80_V                      |    pointer   |
|data_81_V      |  in |   16|   ap_none  |                       data_81_V                      |    pointer   |
|data_82_V      |  in |   16|   ap_none  |                       data_82_V                      |    pointer   |
|data_83_V      |  in |   16|   ap_none  |                       data_83_V                      |    pointer   |
|data_84_V      |  in |   16|   ap_none  |                       data_84_V                      |    pointer   |
|data_85_V      |  in |   16|   ap_none  |                       data_85_V                      |    pointer   |
|data_86_V      |  in |   16|   ap_none  |                       data_86_V                      |    pointer   |
|data_87_V      |  in |   16|   ap_none  |                       data_87_V                      |    pointer   |
|data_88_V      |  in |   16|   ap_none  |                       data_88_V                      |    pointer   |
|data_89_V      |  in |   16|   ap_none  |                       data_89_V                      |    pointer   |
|data_90_V      |  in |   16|   ap_none  |                       data_90_V                      |    pointer   |
|data_91_V      |  in |   16|   ap_none  |                       data_91_V                      |    pointer   |
|data_92_V      |  in |   16|   ap_none  |                       data_92_V                      |    pointer   |
|data_93_V      |  in |   16|   ap_none  |                       data_93_V                      |    pointer   |
|data_94_V      |  in |   16|   ap_none  |                       data_94_V                      |    pointer   |
|data_95_V      |  in |   16|   ap_none  |                       data_95_V                      |    pointer   |
|data_96_V      |  in |   16|   ap_none  |                       data_96_V                      |    pointer   |
|data_97_V      |  in |   16|   ap_none  |                       data_97_V                      |    pointer   |
|data_98_V      |  in |   16|   ap_none  |                       data_98_V                      |    pointer   |
|data_99_V      |  in |   16|   ap_none  |                       data_99_V                      |    pointer   |
|data_100_V     |  in |   16|   ap_none  |                      data_100_V                      |    pointer   |
|data_101_V     |  in |   16|   ap_none  |                      data_101_V                      |    pointer   |
|data_102_V     |  in |   16|   ap_none  |                      data_102_V                      |    pointer   |
|data_103_V     |  in |   16|   ap_none  |                      data_103_V                      |    pointer   |
|data_104_V     |  in |   16|   ap_none  |                      data_104_V                      |    pointer   |
|data_105_V     |  in |   16|   ap_none  |                      data_105_V                      |    pointer   |
|data_106_V     |  in |   16|   ap_none  |                      data_106_V                      |    pointer   |
|data_107_V     |  in |   16|   ap_none  |                      data_107_V                      |    pointer   |
|data_108_V     |  in |   16|   ap_none  |                      data_108_V                      |    pointer   |
|data_109_V     |  in |   16|   ap_none  |                      data_109_V                      |    pointer   |
|data_110_V     |  in |   16|   ap_none  |                      data_110_V                      |    pointer   |
|data_111_V     |  in |   16|   ap_none  |                      data_111_V                      |    pointer   |
|data_112_V     |  in |   16|   ap_none  |                      data_112_V                      |    pointer   |
|data_113_V     |  in |   16|   ap_none  |                      data_113_V                      |    pointer   |
|data_114_V     |  in |   16|   ap_none  |                      data_114_V                      |    pointer   |
|data_115_V     |  in |   16|   ap_none  |                      data_115_V                      |    pointer   |
|data_116_V     |  in |   16|   ap_none  |                      data_116_V                      |    pointer   |
|data_117_V     |  in |   16|   ap_none  |                      data_117_V                      |    pointer   |
|data_118_V     |  in |   16|   ap_none  |                      data_118_V                      |    pointer   |
|data_119_V     |  in |   16|   ap_none  |                      data_119_V                      |    pointer   |
|data_120_V     |  in |   16|   ap_none  |                      data_120_V                      |    pointer   |
|data_121_V     |  in |   16|   ap_none  |                      data_121_V                      |    pointer   |
|data_122_V     |  in |   16|   ap_none  |                      data_122_V                      |    pointer   |
|data_123_V     |  in |   16|   ap_none  |                      data_123_V                      |    pointer   |
|data_124_V     |  in |   16|   ap_none  |                      data_124_V                      |    pointer   |
|data_125_V     |  in |   16|   ap_none  |                      data_125_V                      |    pointer   |
|data_126_V     |  in |   16|   ap_none  |                      data_126_V                      |    pointer   |
|data_127_V     |  in |   16|   ap_none  |                      data_127_V                      |    pointer   |
|data_128_V     |  in |   16|   ap_none  |                      data_128_V                      |    pointer   |
|data_129_V     |  in |   16|   ap_none  |                      data_129_V                      |    pointer   |
|data_130_V     |  in |   16|   ap_none  |                      data_130_V                      |    pointer   |
|data_131_V     |  in |   16|   ap_none  |                      data_131_V                      |    pointer   |
|data_132_V     |  in |   16|   ap_none  |                      data_132_V                      |    pointer   |
|data_133_V     |  in |   16|   ap_none  |                      data_133_V                      |    pointer   |
|data_134_V     |  in |   16|   ap_none  |                      data_134_V                      |    pointer   |
|data_135_V     |  in |   16|   ap_none  |                      data_135_V                      |    pointer   |
|data_136_V     |  in |   16|   ap_none  |                      data_136_V                      |    pointer   |
|data_137_V     |  in |   16|   ap_none  |                      data_137_V                      |    pointer   |
|data_138_V     |  in |   16|   ap_none  |                      data_138_V                      |    pointer   |
|data_139_V     |  in |   16|   ap_none  |                      data_139_V                      |    pointer   |
|data_140_V     |  in |   16|   ap_none  |                      data_140_V                      |    pointer   |
|data_141_V     |  in |   16|   ap_none  |                      data_141_V                      |    pointer   |
|data_142_V     |  in |   16|   ap_none  |                      data_142_V                      |    pointer   |
|data_143_V     |  in |   16|   ap_none  |                      data_143_V                      |    pointer   |
|data_144_V     |  in |   16|   ap_none  |                      data_144_V                      |    pointer   |
|data_145_V     |  in |   16|   ap_none  |                      data_145_V                      |    pointer   |
|data_146_V     |  in |   16|   ap_none  |                      data_146_V                      |    pointer   |
|data_147_V     |  in |   16|   ap_none  |                      data_147_V                      |    pointer   |
|data_148_V     |  in |   16|   ap_none  |                      data_148_V                      |    pointer   |
|data_149_V     |  in |   16|   ap_none  |                      data_149_V                      |    pointer   |
|data_150_V     |  in |   16|   ap_none  |                      data_150_V                      |    pointer   |
|data_151_V     |  in |   16|   ap_none  |                      data_151_V                      |    pointer   |
|data_152_V     |  in |   16|   ap_none  |                      data_152_V                      |    pointer   |
|data_153_V     |  in |   16|   ap_none  |                      data_153_V                      |    pointer   |
|data_154_V     |  in |   16|   ap_none  |                      data_154_V                      |    pointer   |
|data_155_V     |  in |   16|   ap_none  |                      data_155_V                      |    pointer   |
|data_156_V     |  in |   16|   ap_none  |                      data_156_V                      |    pointer   |
|data_157_V     |  in |   16|   ap_none  |                      data_157_V                      |    pointer   |
|data_158_V     |  in |   16|   ap_none  |                      data_158_V                      |    pointer   |
|data_159_V     |  in |   16|   ap_none  |                      data_159_V                      |    pointer   |
|data_160_V     |  in |   16|   ap_none  |                      data_160_V                      |    pointer   |
|data_161_V     |  in |   16|   ap_none  |                      data_161_V                      |    pointer   |
|data_162_V     |  in |   16|   ap_none  |                      data_162_V                      |    pointer   |
|data_163_V     |  in |   16|   ap_none  |                      data_163_V                      |    pointer   |
|data_164_V     |  in |   16|   ap_none  |                      data_164_V                      |    pointer   |
|data_165_V     |  in |   16|   ap_none  |                      data_165_V                      |    pointer   |
|data_166_V     |  in |   16|   ap_none  |                      data_166_V                      |    pointer   |
|data_167_V     |  in |   16|   ap_none  |                      data_167_V                      |    pointer   |
|data_168_V     |  in |   16|   ap_none  |                      data_168_V                      |    pointer   |
|data_169_V     |  in |   16|   ap_none  |                      data_169_V                      |    pointer   |
|data_170_V     |  in |   16|   ap_none  |                      data_170_V                      |    pointer   |
|data_171_V     |  in |   16|   ap_none  |                      data_171_V                      |    pointer   |
|data_172_V     |  in |   16|   ap_none  |                      data_172_V                      |    pointer   |
|data_173_V     |  in |   16|   ap_none  |                      data_173_V                      |    pointer   |
|data_174_V     |  in |   16|   ap_none  |                      data_174_V                      |    pointer   |
|data_175_V     |  in |   16|   ap_none  |                      data_175_V                      |    pointer   |
|data_176_V     |  in |   16|   ap_none  |                      data_176_V                      |    pointer   |
|data_177_V     |  in |   16|   ap_none  |                      data_177_V                      |    pointer   |
|data_178_V     |  in |   16|   ap_none  |                      data_178_V                      |    pointer   |
|data_179_V     |  in |   16|   ap_none  |                      data_179_V                      |    pointer   |
|data_180_V     |  in |   16|   ap_none  |                      data_180_V                      |    pointer   |
|data_181_V     |  in |   16|   ap_none  |                      data_181_V                      |    pointer   |
|data_182_V     |  in |   16|   ap_none  |                      data_182_V                      |    pointer   |
|data_183_V     |  in |   16|   ap_none  |                      data_183_V                      |    pointer   |
|data_184_V     |  in |   16|   ap_none  |                      data_184_V                      |    pointer   |
|data_185_V     |  in |   16|   ap_none  |                      data_185_V                      |    pointer   |
|data_186_V     |  in |   16|   ap_none  |                      data_186_V                      |    pointer   |
|data_187_V     |  in |   16|   ap_none  |                      data_187_V                      |    pointer   |
|data_188_V     |  in |   16|   ap_none  |                      data_188_V                      |    pointer   |
|data_189_V     |  in |   16|   ap_none  |                      data_189_V                      |    pointer   |
|data_190_V     |  in |   16|   ap_none  |                      data_190_V                      |    pointer   |
|data_191_V     |  in |   16|   ap_none  |                      data_191_V                      |    pointer   |
|data_192_V     |  in |   16|   ap_none  |                      data_192_V                      |    pointer   |
|data_193_V     |  in |   16|   ap_none  |                      data_193_V                      |    pointer   |
|data_194_V     |  in |   16|   ap_none  |                      data_194_V                      |    pointer   |
|data_195_V     |  in |   16|   ap_none  |                      data_195_V                      |    pointer   |
|data_196_V     |  in |   16|   ap_none  |                      data_196_V                      |    pointer   |
|data_197_V     |  in |   16|   ap_none  |                      data_197_V                      |    pointer   |
|data_198_V     |  in |   16|   ap_none  |                      data_198_V                      |    pointer   |
|data_199_V     |  in |   16|   ap_none  |                      data_199_V                      |    pointer   |
+---------------+-----+-----+------------+------------------------------------------------------+--------------+

