

================================================================
== Vivado HLS Report for 'linear_ap_fixed_ap_fixed_16_6_0_0_0_linear_config6_s'
================================================================
* Date:           Mon Sep 26 10:34:47 2022

* Version:        2019.1 (Build 2552052 on Fri May 24 15:28:33 MDT 2019)
* Project:        myproject_prj
* Solution:       solution1
* Product family: virtexuplus
* Target device:  xcvu9p-flga2104-2L-e


================================================================
== Performance Estimates
================================================================
+ Timing (ns): 
    * Summary: 
    +--------+-------+----------+------------+
    |  Clock | Target| Estimated| Uncertainty|
    +--------+-------+----------+------------+
    |ap_clk  |   5.00|     0.000|        0.62|
    +--------+-------+----------+------------+

+ Latency (clock cycles): 
    * Summary: 
    +-----+-----+-----+-----+----------+
    |  Latency  |  Interval | Pipeline |
    | min | max | min | max |   Type   |
    +-----+-----+-----+-----+----------+
    |    0|    0|    1|    1| function |
    +-----+-----+-----+-----+----------+

    + Detail: 
        * Instance: 
        N/A

        * Loop: 
        N/A



================================================================
== Utilization Estimates
================================================================
* Summary: 
+---------------------+---------+-------+---------+---------+-----+
|         Name        | BRAM_18K| DSP48E|    FF   |   LUT   | URAM|
+---------------------+---------+-------+---------+---------+-----+
|DSP                  |        -|      -|        -|        -|    -|
|Expression           |        -|      -|        0|        2|    -|
|FIFO                 |        -|      -|        -|        -|    -|
|Instance             |        -|      -|        -|        -|    -|
|Memory               |        -|      -|        -|        -|    -|
|Multiplexer          |        -|      -|        -|      459|    -|
|Register             |        -|      -|      802|        -|    -|
+---------------------+---------+-------+---------+---------+-----+
|Total                |        0|      0|      802|      461|    0|
+---------------------+---------+-------+---------+---------+-----+
|Available SLR        |     1440|   2280|   788160|   394080|  320|
+---------------------+---------+-------+---------+---------+-----+
|Utilization SLR (%)  |        0|      0|    ~0   |    ~0   |    0|
+---------------------+---------+-------+---------+---------+-----+
|Available            |     4320|   6840|  2364480|  1182240|  960|
+---------------------+---------+-------+---------+---------+-----+
|Utilization (%)      |        0|      0|    ~0   |    ~0   |    0|
+---------------------+---------+-------+---------+---------+-----+

+ Detail: 
    * Instance: 
    N/A

    * DSP48E: 
    N/A

    * Memory: 
    N/A

    * FIFO: 
    N/A

    * Expression: 
    +-----------------+----------+-------+---+----+------------+------------+
    |  Variable Name  | Operation| DSP48E| FF| LUT| Bitwidth P0| Bitwidth P1|
    +-----------------+----------+-------+---+----+------------+------------+
    |ap_block_state1  |    or    |      0|  0|   2|           1|           1|
    +-----------------+----------+-------+---+----+------------+------------+
    |Total            |          |      0|  0|   2|           1|           1|
    +-----------------+----------+-------+---+----+------------+------------+

    * Multiplexer: 
    +--------------+----+-----------+-----+-----------+
    |     Name     | LUT| Input Size| Bits| Total Bits|
    +--------------+----+-----------+-----+-----------+
    |ap_done       |   9|          2|    1|          2|
    |ap_return_0   |   9|          2|   16|         32|
    |ap_return_1   |   9|          2|   16|         32|
    |ap_return_10  |   9|          2|   16|         32|
    |ap_return_11  |   9|          2|   16|         32|
    |ap_return_12  |   9|          2|   16|         32|
    |ap_return_13  |   9|          2|   16|         32|
    |ap_return_14  |   9|          2|   16|         32|
    |ap_return_15  |   9|          2|   16|         32|
    |ap_return_16  |   9|          2|   16|         32|
    |ap_return_17  |   9|          2|   16|         32|
    |ap_return_18  |   9|          2|   16|         32|
    |ap_return_19  |   9|          2|   16|         32|
    |ap_return_2   |   9|          2|   16|         32|
    |ap_return_20  |   9|          2|   16|         32|
    |ap_return_21  |   9|          2|   16|         32|
    |ap_return_22  |   9|          2|   16|         32|
    |ap_return_23  |   9|          2|   16|         32|
    |ap_return_24  |   9|          2|   16|         32|
    |ap_return_25  |   9|          2|   16|         32|
    |ap_return_26  |   9|          2|   16|         32|
    |ap_return_27  |   9|          2|   16|         32|
    |ap_return_28  |   9|          2|   16|         32|
    |ap_return_29  |   9|          2|   16|         32|
    |ap_return_3   |   9|          2|   16|         32|
    |ap_return_30  |   9|          2|   16|         32|
    |ap_return_31  |   9|          2|   16|         32|
    |ap_return_32  |   9|          2|   16|         32|
    |ap_return_33  |   9|          2|   16|         32|
    |ap_return_34  |   9|          2|   16|         32|
    |ap_return_35  |   9|          2|   16|         32|
    |ap_return_36  |   9|          2|   16|         32|
    |ap_return_37  |   9|          2|   16|         32|
    |ap_return_38  |   9|          2|   16|         32|
    |ap_return_39  |   9|          2|   16|         32|
    |ap_return_4   |   9|          2|   16|         32|
    |ap_return_40  |   9|          2|   16|         32|
    |ap_return_41  |   9|          2|   16|         32|
    |ap_return_42  |   9|          2|   16|         32|
    |ap_return_43  |   9|          2|   16|         32|
    |ap_return_44  |   9|          2|   16|         32|
    |ap_return_45  |   9|          2|   16|         32|
    |ap_return_46  |   9|          2|   16|         32|
    |ap_return_47  |   9|          2|   16|         32|
    |ap_return_48  |   9|          2|   16|         32|
    |ap_return_49  |   9|          2|   16|         32|
    |ap_return_5   |   9|          2|   16|         32|
    |ap_return_6   |   9|          2|   16|         32|
    |ap_return_7   |   9|          2|   16|         32|
    |ap_return_8   |   9|          2|   16|         32|
    |ap_return_9   |   9|          2|   16|         32|
    +--------------+----+-----------+-----+-----------+
    |Total         | 459|        102|  801|       1602|
    +--------------+----+-----------+-----+-----------+

    * Register: 
    +-------------------+----+----+-----+-----------+
    |        Name       | FF | LUT| Bits| Const Bits|
    +-------------------+----+----+-----+-----------+
    |ap_CS_fsm          |   1|   0|    1|          0|
    |ap_done_reg        |   1|   0|    1|          0|
    |ap_return_0_preg   |  16|   0|   16|          0|
    |ap_return_10_preg  |  16|   0|   16|          0|
    |ap_return_11_preg  |  16|   0|   16|          0|
    |ap_return_12_preg  |  16|   0|   16|          0|
    |ap_return_13_preg  |  16|   0|   16|          0|
    |ap_return_14_preg  |  16|   0|   16|          0|
    |ap_return_15_preg  |  16|   0|   16|          0|
    |ap_return_16_preg  |  16|   0|   16|          0|
    |ap_return_17_preg  |  16|   0|   16|          0|
    |ap_return_18_preg  |  16|   0|   16|          0|
    |ap_return_19_preg  |  16|   0|   16|          0|
    |ap_return_1_preg   |  16|   0|   16|          0|
    |ap_return_20_preg  |  16|   0|   16|          0|
    |ap_return_21_preg  |  16|   0|   16|          0|
    |ap_return_22_preg  |  16|   0|   16|          0|
    |ap_return_23_preg  |  16|   0|   16|          0|
    |ap_return_24_preg  |  16|   0|   16|          0|
    |ap_return_25_preg  |  16|   0|   16|          0|
    |ap_return_26_preg  |  16|   0|   16|          0|
    |ap_return_27_preg  |  16|   0|   16|          0|
    |ap_return_28_preg  |  16|   0|   16|          0|
    |ap_return_29_preg  |  16|   0|   16|          0|
    |ap_return_2_preg   |  16|   0|   16|          0|
    |ap_return_30_preg  |  16|   0|   16|          0|
    |ap_return_31_preg  |  16|   0|   16|          0|
    |ap_return_32_preg  |  16|   0|   16|          0|
    |ap_return_33_preg  |  16|   0|   16|          0|
    |ap_return_34_preg  |  16|   0|   16|          0|
    |ap_return_35_preg  |  16|   0|   16|          0|
    |ap_return_36_preg  |  16|   0|   16|          0|
    |ap_return_37_preg  |  16|   0|   16|          0|
    |ap_return_38_preg  |  16|   0|   16|          0|
    |ap_return_39_preg  |  16|   0|   16|          0|
    |ap_return_3_preg   |  16|   0|   16|          0|
    |ap_return_40_preg  |  16|   0|   16|          0|
    |ap_return_41_preg  |  16|   0|   16|          0|
    |ap_return_42_preg  |  16|   0|   16|          0|
    |ap_return_43_preg  |  16|   0|   16|          0|
    |ap_return_44_preg  |  16|   0|   16|          0|
    |ap_return_45_preg  |  16|   0|   16|          0|
    |ap_return_46_preg  |  16|   0|   16|          0|
    |ap_return_47_preg  |  16|   0|   16|          0|
    |ap_return_48_preg  |  16|   0|   16|          0|
    |ap_return_49_preg  |  16|   0|   16|          0|
    |ap_return_4_preg   |  16|   0|   16|          0|
    |ap_return_5_preg   |  16|   0|   16|          0|
    |ap_return_6_preg   |  16|   0|   16|          0|
    |ap_return_7_preg   |  16|   0|   16|          0|
    |ap_return_8_preg   |  16|   0|   16|          0|
    |ap_return_9_preg   |  16|   0|   16|          0|
    +-------------------+----+----+-----+-----------+
    |Total              | 802|   0|  802|          0|
    +-------------------+----+----+-----+-----------+



================================================================
== Interface
================================================================
* Summary: 
+--------------+-----+-----+------------+------------------------------------------------------+--------------+
|   RTL Ports  | Dir | Bits|  Protocol  |                     Source Object                    |    C Type    |
+--------------+-----+-----+------------+------------------------------------------------------+--------------+
|ap_clk        |  in |    1| ap_ctrl_hs | linear<ap_fixed,ap_fixed<16,6,0,0,0>,linear_config6> | return value |
|ap_rst        |  in |    1| ap_ctrl_hs | linear<ap_fixed,ap_fixed<16,6,0,0,0>,linear_config6> | return value |
|ap_start      |  in |    1| ap_ctrl_hs | linear<ap_fixed,ap_fixed<16,6,0,0,0>,linear_config6> | return value |
|ap_done       | out |    1| ap_ctrl_hs | linear<ap_fixed,ap_fixed<16,6,0,0,0>,linear_config6> | return value |
|ap_continue   |  in |    1| ap_ctrl_hs | linear<ap_fixed,ap_fixed<16,6,0,0,0>,linear_config6> | return value |
|ap_idle       | out |    1| ap_ctrl_hs | linear<ap_fixed,ap_fixed<16,6,0,0,0>,linear_config6> | return value |
|ap_ready      | out |    1| ap_ctrl_hs | linear<ap_fixed,ap_fixed<16,6,0,0,0>,linear_config6> | return value |
|ap_return_0   | out |   16| ap_ctrl_hs | linear<ap_fixed,ap_fixed<16,6,0,0,0>,linear_config6> | return value |
|ap_return_1   | out |   16| ap_ctrl_hs | linear<ap_fixed,ap_fixed<16,6,0,0,0>,linear_config6> | return value |
|ap_return_2   | out |   16| ap_ctrl_hs | linear<ap_fixed,ap_fixed<16,6,0,0,0>,linear_config6> | return value |
|ap_return_3   | out |   16| ap_ctrl_hs | linear<ap_fixed,ap_fixed<16,6,0,0,0>,linear_config6> | return value |
|ap_return_4   | out |   16| ap_ctrl_hs | linear<ap_fixed,ap_fixed<16,6,0,0,0>,linear_config6> | return value |
|ap_return_5   | out |   16| ap_ctrl_hs | linear<ap_fixed,ap_fixed<16,6,0,0,0>,linear_config6> | return value |
|ap_return_6   | out |   16| ap_ctrl_hs | linear<ap_fixed,ap_fixed<16,6,0,0,0>,linear_config6> | return value |
|ap_return_7   | out |   16| ap_ctrl_hs | linear<ap_fixed,ap_fixed<16,6,0,0,0>,linear_config6> | return value |
|ap_return_8   | out |   16| ap_ctrl_hs | linear<ap_fixed,ap_fixed<16,6,0,0,0>,linear_config6> | return value |
|ap_return_9   | out |   16| ap_ctrl_hs | linear<ap_fixed,ap_fixed<16,6,0,0,0>,linear_config6> | return value |
|ap_return_10  | out |   16| ap_ctrl_hs | linear<ap_fixed,ap_fixed<16,6,0,0,0>,linear_config6> | return value |
|ap_return_11  | out |   16| ap_ctrl_hs | linear<ap_fixed,ap_fixed<16,6,0,0,0>,linear_config6> | return value |
|ap_return_12  | out |   16| ap_ctrl_hs | linear<ap_fixed,ap_fixed<16,6,0,0,0>,linear_config6> | return value |
|ap_return_13  | out |   16| ap_ctrl_hs | linear<ap_fixed,ap_fixed<16,6,0,0,0>,linear_config6> | return value |
|ap_return_14  | out |   16| ap_ctrl_hs | linear<ap_fixed,ap_fixed<16,6,0,0,0>,linear_config6> | return value |
|ap_return_15  | out |   16| ap_ctrl_hs | linear<ap_fixed,ap_fixed<16,6,0,0,0>,linear_config6> | return value |
|ap_return_16  | out |   16| ap_ctrl_hs | linear<ap_fixed,ap_fixed<16,6,0,0,0>,linear_config6> | return value |
|ap_return_17  | out |   16| ap_ctrl_hs | linear<ap_fixed,ap_fixed<16,6,0,0,0>,linear_config6> | return value |
|ap_return_18  | out |   16| ap_ctrl_hs | linear<ap_fixed,ap_fixed<16,6,0,0,0>,linear_config6> | return value |
|ap_return_19  | out |   16| ap_ctrl_hs | linear<ap_fixed,ap_fixed<16,6,0,0,0>,linear_config6> | return value |
|ap_return_20  | out |   16| ap_ctrl_hs | linear<ap_fixed,ap_fixed<16,6,0,0,0>,linear_config6> | return value |
|ap_return_21  | out |   16| ap_ctrl_hs | linear<ap_fixed,ap_fixed<16,6,0,0,0>,linear_config6> | return value |
|ap_return_22  | out |   16| ap_ctrl_hs | linear<ap_fixed,ap_fixed<16,6,0,0,0>,linear_config6> | return value |
|ap_return_23  | out |   16| ap_ctrl_hs | linear<ap_fixed,ap_fixed<16,6,0,0,0>,linear_config6> | return value |
|ap_return_24  | out |   16| ap_ctrl_hs | linear<ap_fixed,ap_fixed<16,6,0,0,0>,linear_config6> | return value |
|ap_return_25  | out |   16| ap_ctrl_hs | linear<ap_fixed,ap_fixed<16,6,0,0,0>,linear_config6> | return value |
|ap_return_26  | out |   16| ap_ctrl_hs | linear<ap_fixed,ap_fixed<16,6,0,0,0>,linear_config6> | return value |
|ap_return_27  | out |   16| ap_ctrl_hs | linear<ap_fixed,ap_fixed<16,6,0,0,0>,linear_config6> | return value |
|ap_return_28  | out |   16| ap_ctrl_hs | linear<ap_fixed,ap_fixed<16,6,0,0,0>,linear_config6> | return value |
|ap_return_29  | out |   16| ap_ctrl_hs | linear<ap_fixed,ap_fixed<16,6,0,0,0>,linear_config6> | return value |
|ap_return_30  | out |   16| ap_ctrl_hs | linear<ap_fixed,ap_fixed<16,6,0,0,0>,linear_config6> | return value |
|ap_return_31  | out |   16| ap_ctrl_hs | linear<ap_fixed,ap_fixed<16,6,0,0,0>,linear_config6> | return value |
|ap_return_32  | out |   16| ap_ctrl_hs | linear<ap_fixed,ap_fixed<16,6,0,0,0>,linear_config6> | return value |
|ap_return_33  | out |   16| ap_ctrl_hs | linear<ap_fixed,ap_fixed<16,6,0,0,0>,linear_config6> | return value |
|ap_return_34  | out |   16| ap_ctrl_hs | linear<ap_fixed,ap_fixed<16,6,0,0,0>,linear_config6> | return value |
|ap_return_35  | out |   16| ap_ctrl_hs | linear<ap_fixed,ap_fixed<16,6,0,0,0>,linear_config6> | return value |
|ap_return_36  | out |   16| ap_ctrl_hs | linear<ap_fixed,ap_fixed<16,6,0,0,0>,linear_config6> | return value |
|ap_return_37  | out |   16| ap_ctrl_hs | linear<ap_fixed,ap_fixed<16,6,0,0,0>,linear_config6> | return value |
|ap_return_38  | out |   16| ap_ctrl_hs | linear<ap_fixed,ap_fixed<16,6,0,0,0>,linear_config6> | return value |
|ap_return_39  | out |   16| ap_ctrl_hs | linear<ap_fixed,ap_fixed<16,6,0,0,0>,linear_config6> | return value |
|ap_return_40  | out |   16| ap_ctrl_hs | linear<ap_fixed,ap_fixed<16,6,0,0,0>,linear_config6> | return value |
|ap_return_41  | out |   16| ap_ctrl_hs | linear<ap_fixed,ap_fixed<16,6,0,0,0>,linear_config6> | return value |
|ap_return_42  | out |   16| ap_ctrl_hs | linear<ap_fixed,ap_fixed<16,6,0,0,0>,linear_config6> | return value |
|ap_return_43  | out |   16| ap_ctrl_hs | linear<ap_fixed,ap_fixed<16,6,0,0,0>,linear_config6> | return value |
|ap_return_44  | out |   16| ap_ctrl_hs | linear<ap_fixed,ap_fixed<16,6,0,0,0>,linear_config6> | return value |
|ap_return_45  | out |   16| ap_ctrl_hs | linear<ap_fixed,ap_fixed<16,6,0,0,0>,linear_config6> | return value |
|ap_return_46  | out |   16| ap_ctrl_hs | linear<ap_fixed,ap_fixed<16,6,0,0,0>,linear_config6> | return value |
|ap_return_47  | out |   16| ap_ctrl_hs | linear<ap_fixed,ap_fixed<16,6,0,0,0>,linear_config6> | return value |
|ap_return_48  | out |   16| ap_ctrl_hs | linear<ap_fixed,ap_fixed<16,6,0,0,0>,linear_config6> | return value |
|ap_return_49  | out |   16| ap_ctrl_hs | linear<ap_fixed,ap_fixed<16,6,0,0,0>,linear_config6> | return value |
|data_0_V      |  in |   16|   ap_none  |                       data_0_V                       |    pointer   |
|data_1_V      |  in |   16|   ap_none  |                       data_1_V                       |    pointer   |
|data_2_V      |  in |   16|   ap_none  |                       data_2_V                       |    pointer   |
|data_3_V      |  in |   16|   ap_none  |                       data_3_V                       |    pointer   |
|data_4_V      |  in |   16|   ap_none  |                       data_4_V                       |    pointer   |
|data_5_V      |  in |   16|   ap_none  |                       data_5_V                       |    pointer   |
|data_6_V      |  in |   16|   ap_none  |                       data_6_V                       |    pointer   |
|data_7_V      |  in |   16|   ap_none  |                       data_7_V                       |    pointer   |
|data_8_V      |  in |   16|   ap_none  |                       data_8_V                       |    pointer   |
|data_9_V      |  in |   16|   ap_none  |                       data_9_V                       |    pointer   |
|data_10_V     |  in |   16|   ap_none  |                       data_10_V                      |    pointer   |
|data_11_V     |  in |   16|   ap_none  |                       data_11_V                      |    pointer   |
|data_12_V     |  in |   16|   ap_none  |                       data_12_V                      |    pointer   |
|data_13_V     |  in |   16|   ap_none  |                       data_13_V                      |    pointer   |
|data_14_V     |  in |   16|   ap_none  |                       data_14_V                      |    pointer   |
|data_15_V     |  in |   16|   ap_none  |                       data_15_V                      |    pointer   |
|data_16_V     |  in |   16|   ap_none  |                       data_16_V                      |    pointer   |
|data_17_V     |  in |   16|   ap_none  |                       data_17_V                      |    pointer   |
|data_18_V     |  in |   16|   ap_none  |                       data_18_V                      |    pointer   |
|data_19_V     |  in |   16|   ap_none  |                       data_19_V                      |    pointer   |
|data_20_V     |  in |   16|   ap_none  |                       data_20_V                      |    pointer   |
|data_21_V     |  in |   16|   ap_none  |                       data_21_V                      |    pointer   |
|data_22_V     |  in |   16|   ap_none  |                       data_22_V                      |    pointer   |
|data_23_V     |  in |   16|   ap_none  |                       data_23_V                      |    pointer   |
|data_24_V     |  in |   16|   ap_none  |                       data_24_V                      |    pointer   |
|data_25_V     |  in |   16|   ap_none  |                       data_25_V                      |    pointer   |
|data_26_V     |  in |   16|   ap_none  |                       data_26_V                      |    pointer   |
|data_27_V     |  in |   16|   ap_none  |                       data_27_V                      |    pointer   |
|data_28_V     |  in |   16|   ap_none  |                       data_28_V                      |    pointer   |
|data_29_V     |  in |   16|   ap_none  |                       data_29_V                      |    pointer   |
|data_30_V     |  in |   16|   ap_none  |                       data_30_V                      |    pointer   |
|data_31_V     |  in |   16|   ap_none  |                       data_31_V                      |    pointer   |
|data_32_V     |  in |   16|   ap_none  |                       data_32_V                      |    pointer   |
|data_33_V     |  in |   16|   ap_none  |                       data_33_V                      |    pointer   |
|data_34_V     |  in |   16|   ap_none  |                       data_34_V                      |    pointer   |
|data_35_V     |  in |   16|   ap_none  |                       data_35_V                      |    pointer   |
|data_36_V     |  in |   16|   ap_none  |                       data_36_V                      |    pointer   |
|data_37_V     |  in |   16|   ap_none  |                       data_37_V                      |    pointer   |
|data_38_V     |  in |   16|   ap_none  |                       data_38_V                      |    pointer   |
|data_39_V     |  in |   16|   ap_none  |                       data_39_V                      |    pointer   |
|data_40_V     |  in |   16|   ap_none  |                       data_40_V                      |    pointer   |
|data_41_V     |  in |   16|   ap_none  |                       data_41_V                      |    pointer   |
|data_42_V     |  in |   16|   ap_none  |                       data_42_V                      |    pointer   |
|data_43_V     |  in |   16|   ap_none  |                       data_43_V                      |    pointer   |
|data_44_V     |  in |   16|   ap_none  |                       data_44_V                      |    pointer   |
|data_45_V     |  in |   16|   ap_none  |                       data_45_V                      |    pointer   |
|data_46_V     |  in |   16|   ap_none  |                       data_46_V                      |    pointer   |
|data_47_V     |  in |   16|   ap_none  |                       data_47_V                      |    pointer   |
|data_48_V     |  in |   16|   ap_none  |                       data_48_V                      |    pointer   |
|data_49_V     |  in |   16|   ap_none  |                       data_49_V                      |    pointer   |
+--------------+-----+-----+------------+------------------------------------------------------+--------------+

