

================================================================
== Vivado HLS Report for 'relu_ap_fixed_ap_ufixed_9_0_0_0_0_relu_config7_s'
================================================================
* Date:           Mon Sep 26 10:34:50 2022

* Version:        2019.1 (Build 2552052 on Fri May 24 15:28:33 MDT 2019)
* Project:        myproject_prj
* Solution:       solution1
* Product family: virtexuplus
* Target device:  xcvu9p-flga2104-2L-e


================================================================
== Performance Estimates
================================================================
+ Timing (ns): 
    * Summary: 
    +--------+-------+----------+------------+
    |  Clock | Target| Estimated| Uncertainty|
    +--------+-------+----------+------------+
    |ap_clk  |   5.00|     0.979|        0.62|
    +--------+-------+----------+------------+

+ Latency (clock cycles): 
    * Summary: 
    +-----+-----+-----+-----+----------+
    |  Latency  |  Interval | Pipeline |
    | min | max | min | max |   Type   |
    +-----+-----+-----+-----+----------+
    |    0|    0|    1|    1| function |
    +-----+-----+-----+-----+----------+

    + Detail: 
        * Instance: 
        N/A

        * Loop: 
        N/A



================================================================
== Utilization Estimates
================================================================
* Summary: 
+---------------------+---------+-------+---------+---------+-----+
|         Name        | BRAM_18K| DSP48E|    FF   |   LUT   | URAM|
+---------------------+---------+-------+---------+---------+-----+
|DSP                  |        -|      -|        -|        -|    -|
|Expression           |        -|      -|        0|     3402|    -|
|FIFO                 |        -|      -|        -|        -|    -|
|Instance             |        -|      -|        -|        -|    -|
|Memory               |        -|      -|        -|        -|    -|
|Multiplexer          |        -|      -|        -|      459|    -|
|Register             |        -|      -|      452|        -|    -|
+---------------------+---------+-------+---------+---------+-----+
|Total                |        0|      0|      452|     3861|    0|
+---------------------+---------+-------+---------+---------+-----+
|Available SLR        |     1440|   2280|   788160|   394080|  320|
+---------------------+---------+-------+---------+---------+-----+
|Utilization SLR (%)  |        0|      0|    ~0   |    ~0   |    0|
+---------------------+---------+-------+---------+---------+-----+
|Available            |     4320|   6840|  2364480|  1182240|  960|
+---------------------+---------+-------+---------+---------+-----+
|Utilization (%)      |        0|      0|    ~0   |    ~0   |    0|
+---------------------+---------+-------+---------+---------+-----+

+ Detail: 
    * Instance: 
    N/A

    * DSP48E: 
    N/A

    * Memory: 
    N/A

    * FIFO: 
    N/A

    * Expression: 
    +-----------------------------+----------+-------+---+----+------------+------------+
    |        Variable Name        | Operation| DSP48E| FF| LUT| Bitwidth P0| Bitwidth P1|
    +-----------------------------+----------+-------+---+----+------------+------------+
    |add_ln415_10_fu_1520_p2      |     +    |      0|  0|   9|           9|           9|
    |add_ln415_11_fu_1624_p2      |     +    |      0|  0|   9|           9|           9|
    |add_ln415_12_fu_1728_p2      |     +    |      0|  0|   9|           9|           9|
    |add_ln415_13_fu_1832_p2      |     +    |      0|  0|   9|           9|           9|
    |add_ln415_14_fu_1936_p2      |     +    |      0|  0|   9|           9|           9|
    |add_ln415_15_fu_2040_p2      |     +    |      0|  0|   9|           9|           9|
    |add_ln415_16_fu_2144_p2      |     +    |      0|  0|   9|           9|           9|
    |add_ln415_17_fu_2248_p2      |     +    |      0|  0|   9|           9|           9|
    |add_ln415_18_fu_2352_p2      |     +    |      0|  0|   9|           9|           9|
    |add_ln415_19_fu_2456_p2      |     +    |      0|  0|   9|           9|           9|
    |add_ln415_1_fu_584_p2        |     +    |      0|  0|   9|           9|           9|
    |add_ln415_20_fu_2560_p2      |     +    |      0|  0|   9|           9|           9|
    |add_ln415_21_fu_2664_p2      |     +    |      0|  0|   9|           9|           9|
    |add_ln415_22_fu_2768_p2      |     +    |      0|  0|   9|           9|           9|
    |add_ln415_23_fu_2872_p2      |     +    |      0|  0|   9|           9|           9|
    |add_ln415_24_fu_2976_p2      |     +    |      0|  0|   9|           9|           9|
    |add_ln415_25_fu_3080_p2      |     +    |      0|  0|   9|           9|           9|
    |add_ln415_26_fu_3184_p2      |     +    |      0|  0|   9|           9|           9|
    |add_ln415_27_fu_3288_p2      |     +    |      0|  0|   9|           9|           9|
    |add_ln415_28_fu_3392_p2      |     +    |      0|  0|   9|           9|           9|
    |add_ln415_29_fu_3496_p2      |     +    |      0|  0|   9|           9|           9|
    |add_ln415_2_fu_688_p2        |     +    |      0|  0|   9|           9|           9|
    |add_ln415_30_fu_3600_p2      |     +    |      0|  0|   9|           9|           9|
    |add_ln415_31_fu_3704_p2      |     +    |      0|  0|   9|           9|           9|
    |add_ln415_32_fu_3808_p2      |     +    |      0|  0|   9|           9|           9|
    |add_ln415_33_fu_3912_p2      |     +    |      0|  0|   9|           9|           9|
    |add_ln415_34_fu_4016_p2      |     +    |      0|  0|   9|           9|           9|
    |add_ln415_35_fu_4120_p2      |     +    |      0|  0|   9|           9|           9|
    |add_ln415_36_fu_4224_p2      |     +    |      0|  0|   9|           9|           9|
    |add_ln415_37_fu_4328_p2      |     +    |      0|  0|   9|           9|           9|
    |add_ln415_38_fu_4432_p2      |     +    |      0|  0|   9|           9|           9|
    |add_ln415_39_fu_4536_p2      |     +    |      0|  0|   9|           9|           9|
    |add_ln415_3_fu_792_p2        |     +    |      0|  0|   9|           9|           9|
    |add_ln415_40_fu_4640_p2      |     +    |      0|  0|   9|           9|           9|
    |add_ln415_41_fu_4744_p2      |     +    |      0|  0|   9|           9|           9|
    |add_ln415_42_fu_4848_p2      |     +    |      0|  0|   9|           9|           9|
    |add_ln415_43_fu_4952_p2      |     +    |      0|  0|   9|           9|           9|
    |add_ln415_44_fu_5056_p2      |     +    |      0|  0|   9|           9|           9|
    |add_ln415_45_fu_5160_p2      |     +    |      0|  0|   9|           9|           9|
    |add_ln415_46_fu_5264_p2      |     +    |      0|  0|   9|           9|           9|
    |add_ln415_47_fu_5368_p2      |     +    |      0|  0|   9|           9|           9|
    |add_ln415_48_fu_5472_p2      |     +    |      0|  0|   9|           9|           9|
    |add_ln415_49_fu_5576_p2      |     +    |      0|  0|   9|           9|           9|
    |add_ln415_4_fu_896_p2        |     +    |      0|  0|   9|           9|           9|
    |add_ln415_5_fu_1000_p2       |     +    |      0|  0|   9|           9|           9|
    |add_ln415_6_fu_1104_p2       |     +    |      0|  0|   9|           9|           9|
    |add_ln415_7_fu_1208_p2       |     +    |      0|  0|   9|           9|           9|
    |add_ln415_8_fu_1312_p2       |     +    |      0|  0|   9|           9|           9|
    |add_ln415_9_fu_1416_p2       |     +    |      0|  0|   9|           9|           9|
    |add_ln415_fu_480_p2          |     +    |      0|  0|   9|           9|           9|
    |and_ln416_10_fu_1540_p2      |    and   |      0|  0|   2|           1|           1|
    |and_ln416_11_fu_1644_p2      |    and   |      0|  0|   2|           1|           1|
    |and_ln416_12_fu_1748_p2      |    and   |      0|  0|   2|           1|           1|
    |and_ln416_13_fu_1852_p2      |    and   |      0|  0|   2|           1|           1|
    |and_ln416_14_fu_1956_p2      |    and   |      0|  0|   2|           1|           1|
    |and_ln416_15_fu_2060_p2      |    and   |      0|  0|   2|           1|           1|
    |and_ln416_16_fu_2164_p2      |    and   |      0|  0|   2|           1|           1|
    |and_ln416_17_fu_2268_p2      |    and   |      0|  0|   2|           1|           1|
    |and_ln416_18_fu_2372_p2      |    and   |      0|  0|   2|           1|           1|
    |and_ln416_19_fu_2476_p2      |    and   |      0|  0|   2|           1|           1|
    |and_ln416_1_fu_604_p2        |    and   |      0|  0|   2|           1|           1|
    |and_ln416_20_fu_2580_p2      |    and   |      0|  0|   2|           1|           1|
    |and_ln416_21_fu_2684_p2      |    and   |      0|  0|   2|           1|           1|
    |and_ln416_22_fu_2788_p2      |    and   |      0|  0|   2|           1|           1|
    |and_ln416_23_fu_2892_p2      |    and   |      0|  0|   2|           1|           1|
    |and_ln416_24_fu_2996_p2      |    and   |      0|  0|   2|           1|           1|
    |and_ln416_25_fu_3100_p2      |    and   |      0|  0|   2|           1|           1|
    |and_ln416_26_fu_3204_p2      |    and   |      0|  0|   2|           1|           1|
    |and_ln416_27_fu_3308_p2      |    and   |      0|  0|   2|           1|           1|
    |and_ln416_28_fu_3412_p2      |    and   |      0|  0|   2|           1|           1|
    |and_ln416_29_fu_3516_p2      |    and   |      0|  0|   2|           1|           1|
    |and_ln416_2_fu_708_p2        |    and   |      0|  0|   2|           1|           1|
    |and_ln416_30_fu_3620_p2      |    and   |      0|  0|   2|           1|           1|
    |and_ln416_31_fu_3724_p2      |    and   |      0|  0|   2|           1|           1|
    |and_ln416_32_fu_3828_p2      |    and   |      0|  0|   2|           1|           1|
    |and_ln416_33_fu_3932_p2      |    and   |      0|  0|   2|           1|           1|
    |and_ln416_34_fu_4036_p2      |    and   |      0|  0|   2|           1|           1|
    |and_ln416_35_fu_4140_p2      |    and   |      0|  0|   2|           1|           1|
    |and_ln416_36_fu_4244_p2      |    and   |      0|  0|   2|           1|           1|
    |and_ln416_37_fu_4348_p2      |    and   |      0|  0|   2|           1|           1|
    |and_ln416_38_fu_4452_p2      |    and   |      0|  0|   2|           1|           1|
    |and_ln416_39_fu_4556_p2      |    and   |      0|  0|   2|           1|           1|
    |and_ln416_3_fu_812_p2        |    and   |      0|  0|   2|           1|           1|
    |and_ln416_40_fu_4660_p2      |    and   |      0|  0|   2|           1|           1|
    |and_ln416_41_fu_4764_p2      |    and   |      0|  0|   2|           1|           1|
    |and_ln416_42_fu_4868_p2      |    and   |      0|  0|   2|           1|           1|
    |and_ln416_43_fu_4972_p2      |    and   |      0|  0|   2|           1|           1|
    |and_ln416_44_fu_5076_p2      |    and   |      0|  0|   2|           1|           1|
    |and_ln416_45_fu_5180_p2      |    and   |      0|  0|   2|           1|           1|
    |and_ln416_46_fu_5284_p2      |    and   |      0|  0|   2|           1|           1|
    |and_ln416_47_fu_5388_p2      |    and   |      0|  0|   2|           1|           1|
    |and_ln416_48_fu_5492_p2      |    and   |      0|  0|   2|           1|           1|
    |and_ln416_49_fu_5596_p2      |    and   |      0|  0|   2|           1|           1|
    |and_ln416_4_fu_916_p2        |    and   |      0|  0|   2|           1|           1|
    |and_ln416_5_fu_1020_p2       |    and   |      0|  0|   2|           1|           1|
    |and_ln416_6_fu_1124_p2       |    and   |      0|  0|   2|           1|           1|
    |and_ln416_7_fu_1228_p2       |    and   |      0|  0|   2|           1|           1|
    |and_ln416_8_fu_1332_p2       |    and   |      0|  0|   2|           1|           1|
    |and_ln416_9_fu_1436_p2       |    and   |      0|  0|   2|           1|           1|
    |and_ln416_fu_500_p2          |    and   |      0|  0|   2|           1|           1|
    |icmp_ln1494_10_fu_1488_p2    |   icmp   |      0|  0|  13|          16|           1|
    |icmp_ln1494_11_fu_1592_p2    |   icmp   |      0|  0|  13|          16|           1|
    |icmp_ln1494_12_fu_1696_p2    |   icmp   |      0|  0|  13|          16|           1|
    |icmp_ln1494_13_fu_1800_p2    |   icmp   |      0|  0|  13|          16|           1|
    |icmp_ln1494_14_fu_1904_p2    |   icmp   |      0|  0|  13|          16|           1|
    |icmp_ln1494_15_fu_2008_p2    |   icmp   |      0|  0|  13|          16|           1|
    |icmp_ln1494_16_fu_2112_p2    |   icmp   |      0|  0|  13|          16|           1|
    |icmp_ln1494_17_fu_2216_p2    |   icmp   |      0|  0|  13|          16|           1|
    |icmp_ln1494_18_fu_2320_p2    |   icmp   |      0|  0|  13|          16|           1|
    |icmp_ln1494_19_fu_2424_p2    |   icmp   |      0|  0|  13|          16|           1|
    |icmp_ln1494_1_fu_552_p2      |   icmp   |      0|  0|  13|          16|           1|
    |icmp_ln1494_20_fu_2528_p2    |   icmp   |      0|  0|  13|          16|           1|
    |icmp_ln1494_21_fu_2632_p2    |   icmp   |      0|  0|  13|          16|           1|
    |icmp_ln1494_22_fu_2736_p2    |   icmp   |      0|  0|  13|          16|           1|
    |icmp_ln1494_23_fu_2840_p2    |   icmp   |      0|  0|  13|          16|           1|
    |icmp_ln1494_24_fu_2944_p2    |   icmp   |      0|  0|  13|          16|           1|
    |icmp_ln1494_25_fu_3048_p2    |   icmp   |      0|  0|  13|          16|           1|
    |icmp_ln1494_26_fu_3152_p2    |   icmp   |      0|  0|  13|          16|           1|
    |icmp_ln1494_27_fu_3256_p2    |   icmp   |      0|  0|  13|          16|           1|
    |icmp_ln1494_28_fu_3360_p2    |   icmp   |      0|  0|  13|          16|           1|
    |icmp_ln1494_29_fu_3464_p2    |   icmp   |      0|  0|  13|          16|           1|
    |icmp_ln1494_2_fu_656_p2      |   icmp   |      0|  0|  13|          16|           1|
    |icmp_ln1494_30_fu_3568_p2    |   icmp   |      0|  0|  13|          16|           1|
    |icmp_ln1494_31_fu_3672_p2    |   icmp   |      0|  0|  13|          16|           1|
    |icmp_ln1494_32_fu_3776_p2    |   icmp   |      0|  0|  13|          16|           1|
    |icmp_ln1494_33_fu_3880_p2    |   icmp   |      0|  0|  13|          16|           1|
    |icmp_ln1494_34_fu_3984_p2    |   icmp   |      0|  0|  13|          16|           1|
    |icmp_ln1494_35_fu_4088_p2    |   icmp   |      0|  0|  13|          16|           1|
    |icmp_ln1494_36_fu_4192_p2    |   icmp   |      0|  0|  13|          16|           1|
    |icmp_ln1494_37_fu_4296_p2    |   icmp   |      0|  0|  13|          16|           1|
    |icmp_ln1494_38_fu_4400_p2    |   icmp   |      0|  0|  13|          16|           1|
    |icmp_ln1494_39_fu_4504_p2    |   icmp   |      0|  0|  13|          16|           1|
    |icmp_ln1494_3_fu_760_p2      |   icmp   |      0|  0|  13|          16|           1|
    |icmp_ln1494_40_fu_4608_p2    |   icmp   |      0|  0|  13|          16|           1|
    |icmp_ln1494_41_fu_4712_p2    |   icmp   |      0|  0|  13|          16|           1|
    |icmp_ln1494_42_fu_4816_p2    |   icmp   |      0|  0|  13|          16|           1|
    |icmp_ln1494_43_fu_4920_p2    |   icmp   |      0|  0|  13|          16|           1|
    |icmp_ln1494_44_fu_5024_p2    |   icmp   |      0|  0|  13|          16|           1|
    |icmp_ln1494_45_fu_5128_p2    |   icmp   |      0|  0|  13|          16|           1|
    |icmp_ln1494_46_fu_5232_p2    |   icmp   |      0|  0|  13|          16|           1|
    |icmp_ln1494_47_fu_5336_p2    |   icmp   |      0|  0|  13|          16|           1|
    |icmp_ln1494_48_fu_5440_p2    |   icmp   |      0|  0|  13|          16|           1|
    |icmp_ln1494_49_fu_5544_p2    |   icmp   |      0|  0|  13|          16|           1|
    |icmp_ln1494_4_fu_864_p2      |   icmp   |      0|  0|  13|          16|           1|
    |icmp_ln1494_5_fu_968_p2      |   icmp   |      0|  0|  13|          16|           1|
    |icmp_ln1494_6_fu_1072_p2     |   icmp   |      0|  0|  13|          16|           1|
    |icmp_ln1494_7_fu_1176_p2     |   icmp   |      0|  0|  13|          16|           1|
    |icmp_ln1494_8_fu_1280_p2     |   icmp   |      0|  0|  13|          16|           1|
    |icmp_ln1494_9_fu_1384_p2     |   icmp   |      0|  0|  13|          16|           1|
    |icmp_ln1494_fu_448_p2        |   icmp   |      0|  0|  13|          16|           1|
    |icmp_ln768_10_fu_1562_p2     |   icmp   |      0|  0|  11|           6|           1|
    |icmp_ln768_11_fu_1666_p2     |   icmp   |      0|  0|  11|           6|           1|
    |icmp_ln768_12_fu_1770_p2     |   icmp   |      0|  0|  11|           6|           1|
    |icmp_ln768_13_fu_1874_p2     |   icmp   |      0|  0|  11|           6|           1|
    |icmp_ln768_14_fu_1978_p2     |   icmp   |      0|  0|  11|           6|           1|
    |icmp_ln768_15_fu_2082_p2     |   icmp   |      0|  0|  11|           6|           1|
    |icmp_ln768_16_fu_2186_p2     |   icmp   |      0|  0|  11|           6|           1|
    |icmp_ln768_17_fu_2290_p2     |   icmp   |      0|  0|  11|           6|           1|
    |icmp_ln768_18_fu_2394_p2     |   icmp   |      0|  0|  11|           6|           1|
    |icmp_ln768_19_fu_2498_p2     |   icmp   |      0|  0|  11|           6|           1|
    |icmp_ln768_1_fu_626_p2       |   icmp   |      0|  0|  11|           6|           1|
    |icmp_ln768_20_fu_2602_p2     |   icmp   |      0|  0|  11|           6|           1|
    |icmp_ln768_21_fu_2706_p2     |   icmp   |      0|  0|  11|           6|           1|
    |icmp_ln768_22_fu_2810_p2     |   icmp   |      0|  0|  11|           6|           1|
    |icmp_ln768_23_fu_2914_p2     |   icmp   |      0|  0|  11|           6|           1|
    |icmp_ln768_24_fu_3018_p2     |   icmp   |      0|  0|  11|           6|           1|
    |icmp_ln768_25_fu_3122_p2     |   icmp   |      0|  0|  11|           6|           1|
    |icmp_ln768_26_fu_3226_p2     |   icmp   |      0|  0|  11|           6|           1|
    |icmp_ln768_27_fu_3330_p2     |   icmp   |      0|  0|  11|           6|           1|
    |icmp_ln768_28_fu_3434_p2     |   icmp   |      0|  0|  11|           6|           1|
    |icmp_ln768_29_fu_3538_p2     |   icmp   |      0|  0|  11|           6|           1|
    |icmp_ln768_2_fu_730_p2       |   icmp   |      0|  0|  11|           6|           1|
    |icmp_ln768_30_fu_3642_p2     |   icmp   |      0|  0|  11|           6|           1|
    |icmp_ln768_31_fu_3746_p2     |   icmp   |      0|  0|  11|           6|           1|
    |icmp_ln768_32_fu_3850_p2     |   icmp   |      0|  0|  11|           6|           1|
    |icmp_ln768_33_fu_3954_p2     |   icmp   |      0|  0|  11|           6|           1|
    |icmp_ln768_34_fu_4058_p2     |   icmp   |      0|  0|  11|           6|           1|
    |icmp_ln768_35_fu_4162_p2     |   icmp   |      0|  0|  11|           6|           1|
    |icmp_ln768_36_fu_4266_p2     |   icmp   |      0|  0|  11|           6|           1|
    |icmp_ln768_37_fu_4370_p2     |   icmp   |      0|  0|  11|           6|           1|
    |icmp_ln768_38_fu_4474_p2     |   icmp   |      0|  0|  11|           6|           1|
    |icmp_ln768_39_fu_4578_p2     |   icmp   |      0|  0|  11|           6|           1|
    |icmp_ln768_3_fu_834_p2       |   icmp   |      0|  0|  11|           6|           1|
    |icmp_ln768_40_fu_4682_p2     |   icmp   |      0|  0|  11|           6|           1|
    |icmp_ln768_41_fu_4786_p2     |   icmp   |      0|  0|  11|           6|           1|
    |icmp_ln768_42_fu_4890_p2     |   icmp   |      0|  0|  11|           6|           1|
    |icmp_ln768_43_fu_4994_p2     |   icmp   |      0|  0|  11|           6|           1|
    |icmp_ln768_44_fu_5098_p2     |   icmp   |      0|  0|  11|           6|           1|
    |icmp_ln768_45_fu_5202_p2     |   icmp   |      0|  0|  11|           6|           1|
    |icmp_ln768_46_fu_5306_p2     |   icmp   |      0|  0|  11|           6|           1|
    |icmp_ln768_47_fu_5410_p2     |   icmp   |      0|  0|  11|           6|           1|
    |icmp_ln768_48_fu_5514_p2     |   icmp   |      0|  0|  11|           6|           1|
    |icmp_ln768_49_fu_5618_p2     |   icmp   |      0|  0|  11|           6|           1|
    |icmp_ln768_4_fu_938_p2       |   icmp   |      0|  0|  11|           6|           1|
    |icmp_ln768_5_fu_1042_p2      |   icmp   |      0|  0|  11|           6|           1|
    |icmp_ln768_6_fu_1146_p2      |   icmp   |      0|  0|  11|           6|           1|
    |icmp_ln768_7_fu_1250_p2      |   icmp   |      0|  0|  11|           6|           1|
    |icmp_ln768_8_fu_1354_p2      |   icmp   |      0|  0|  11|           6|           1|
    |icmp_ln768_9_fu_1458_p2      |   icmp   |      0|  0|  11|           6|           1|
    |icmp_ln768_fu_522_p2         |   icmp   |      0|  0|  11|           6|           1|
    |icmp_ln879_10_fu_1556_p2     |   icmp   |      0|  0|  11|           6|           2|
    |icmp_ln879_11_fu_1660_p2     |   icmp   |      0|  0|  11|           6|           2|
    |icmp_ln879_12_fu_1764_p2     |   icmp   |      0|  0|  11|           6|           2|
    |icmp_ln879_13_fu_1868_p2     |   icmp   |      0|  0|  11|           6|           2|
    |icmp_ln879_14_fu_1972_p2     |   icmp   |      0|  0|  11|           6|           2|
    |icmp_ln879_15_fu_2076_p2     |   icmp   |      0|  0|  11|           6|           2|
    |icmp_ln879_16_fu_2180_p2     |   icmp   |      0|  0|  11|           6|           2|
    |icmp_ln879_17_fu_2284_p2     |   icmp   |      0|  0|  11|           6|           2|
    |icmp_ln879_18_fu_2388_p2     |   icmp   |      0|  0|  11|           6|           2|
    |icmp_ln879_19_fu_2492_p2     |   icmp   |      0|  0|  11|           6|           2|
    |icmp_ln879_1_fu_620_p2       |   icmp   |      0|  0|  11|           6|           2|
    |icmp_ln879_20_fu_2596_p2     |   icmp   |      0|  0|  11|           6|           2|
    |icmp_ln879_21_fu_2700_p2     |   icmp   |      0|  0|  11|           6|           2|
    |icmp_ln879_22_fu_2804_p2     |   icmp   |      0|  0|  11|           6|           2|
    |icmp_ln879_23_fu_2908_p2     |   icmp   |      0|  0|  11|           6|           2|
    |icmp_ln879_24_fu_3012_p2     |   icmp   |      0|  0|  11|           6|           2|
    |icmp_ln879_25_fu_3116_p2     |   icmp   |      0|  0|  11|           6|           2|
    |icmp_ln879_26_fu_3220_p2     |   icmp   |      0|  0|  11|           6|           2|
    |icmp_ln879_27_fu_3324_p2     |   icmp   |      0|  0|  11|           6|           2|
    |icmp_ln879_28_fu_3428_p2     |   icmp   |      0|  0|  11|           6|           2|
    |icmp_ln879_29_fu_3532_p2     |   icmp   |      0|  0|  11|           6|           2|
    |icmp_ln879_2_fu_724_p2       |   icmp   |      0|  0|  11|           6|           2|
    |icmp_ln879_30_fu_3636_p2     |   icmp   |      0|  0|  11|           6|           2|
    |icmp_ln879_31_fu_3740_p2     |   icmp   |      0|  0|  11|           6|           2|
    |icmp_ln879_32_fu_3844_p2     |   icmp   |      0|  0|  11|           6|           2|
    |icmp_ln879_33_fu_3948_p2     |   icmp   |      0|  0|  11|           6|           2|
    |icmp_ln879_34_fu_4052_p2     |   icmp   |      0|  0|  11|           6|           2|
    |icmp_ln879_35_fu_4156_p2     |   icmp   |      0|  0|  11|           6|           2|
    |icmp_ln879_36_fu_4260_p2     |   icmp   |      0|  0|  11|           6|           2|
    |icmp_ln879_37_fu_4364_p2     |   icmp   |      0|  0|  11|           6|           2|
    |icmp_ln879_38_fu_4468_p2     |   icmp   |      0|  0|  11|           6|           2|
    |icmp_ln879_39_fu_4572_p2     |   icmp   |      0|  0|  11|           6|           2|
    |icmp_ln879_3_fu_828_p2       |   icmp   |      0|  0|  11|           6|           2|
    |icmp_ln879_40_fu_4676_p2     |   icmp   |      0|  0|  11|           6|           2|
    |icmp_ln879_41_fu_4780_p2     |   icmp   |      0|  0|  11|           6|           2|
    |icmp_ln879_42_fu_4884_p2     |   icmp   |      0|  0|  11|           6|           2|
    |icmp_ln879_43_fu_4988_p2     |   icmp   |      0|  0|  11|           6|           2|
    |icmp_ln879_44_fu_5092_p2     |   icmp   |      0|  0|  11|           6|           2|
    |icmp_ln879_45_fu_5196_p2     |   icmp   |      0|  0|  11|           6|           2|
    |icmp_ln879_46_fu_5300_p2     |   icmp   |      0|  0|  11|           6|           2|
    |icmp_ln879_47_fu_5404_p2     |   icmp   |      0|  0|  11|           6|           2|
    |icmp_ln879_48_fu_5508_p2     |   icmp   |      0|  0|  11|           6|           2|
    |icmp_ln879_49_fu_5612_p2     |   icmp   |      0|  0|  11|           6|           2|
    |icmp_ln879_4_fu_932_p2       |   icmp   |      0|  0|  11|           6|           2|
    |icmp_ln879_5_fu_1036_p2      |   icmp   |      0|  0|  11|           6|           2|
    |icmp_ln879_6_fu_1140_p2      |   icmp   |      0|  0|  11|           6|           2|
    |icmp_ln879_7_fu_1244_p2      |   icmp   |      0|  0|  11|           6|           2|
    |icmp_ln879_8_fu_1348_p2      |   icmp   |      0|  0|  11|           6|           2|
    |icmp_ln879_9_fu_1452_p2      |   icmp   |      0|  0|  11|           6|           2|
    |icmp_ln879_fu_516_p2         |   icmp   |      0|  0|  11|           6|           2|
    |ap_block_state1              |    or    |      0|  0|   2|           1|           1|
    |select_ln1494_10_fu_1584_p3  |  select  |      0|  0|   9|           1|           9|
    |select_ln1494_11_fu_1688_p3  |  select  |      0|  0|   9|           1|           9|
    |select_ln1494_12_fu_1792_p3  |  select  |      0|  0|   9|           1|           9|
    |select_ln1494_13_fu_1896_p3  |  select  |      0|  0|   9|           1|           9|
    |select_ln1494_14_fu_2000_p3  |  select  |      0|  0|   9|           1|           9|
    |select_ln1494_15_fu_2104_p3  |  select  |      0|  0|   9|           1|           9|
    |select_ln1494_16_fu_2208_p3  |  select  |      0|  0|   9|           1|           9|
    |select_ln1494_17_fu_2312_p3  |  select  |      0|  0|   9|           1|           9|
    |select_ln1494_18_fu_2416_p3  |  select  |      0|  0|   9|           1|           9|
    |select_ln1494_19_fu_2520_p3  |  select  |      0|  0|   9|           1|           9|
    |select_ln1494_1_fu_648_p3    |  select  |      0|  0|   9|           1|           9|
    |select_ln1494_20_fu_2624_p3  |  select  |      0|  0|   9|           1|           9|
    |select_ln1494_21_fu_2728_p3  |  select  |      0|  0|   9|           1|           9|
    |select_ln1494_22_fu_2832_p3  |  select  |      0|  0|   9|           1|           9|
    |select_ln1494_23_fu_2936_p3  |  select  |      0|  0|   9|           1|           9|
    |select_ln1494_24_fu_3040_p3  |  select  |      0|  0|   9|           1|           9|
    |select_ln1494_25_fu_3144_p3  |  select  |      0|  0|   9|           1|           9|
    |select_ln1494_26_fu_3248_p3  |  select  |      0|  0|   9|           1|           9|
    |select_ln1494_27_fu_3352_p3  |  select  |      0|  0|   9|           1|           9|
    |select_ln1494_28_fu_3456_p3  |  select  |      0|  0|   9|           1|           9|
    |select_ln1494_29_fu_3560_p3  |  select  |      0|  0|   9|           1|           9|
    |select_ln1494_2_fu_752_p3    |  select  |      0|  0|   9|           1|           9|
    |select_ln1494_30_fu_3664_p3  |  select  |      0|  0|   9|           1|           9|
    |select_ln1494_31_fu_3768_p3  |  select  |      0|  0|   9|           1|           9|
    |select_ln1494_32_fu_3872_p3  |  select  |      0|  0|   9|           1|           9|
    |select_ln1494_33_fu_3976_p3  |  select  |      0|  0|   9|           1|           9|
    |select_ln1494_34_fu_4080_p3  |  select  |      0|  0|   9|           1|           9|
    |select_ln1494_35_fu_4184_p3  |  select  |      0|  0|   9|           1|           9|
    |select_ln1494_36_fu_4288_p3  |  select  |      0|  0|   9|           1|           9|
    |select_ln1494_37_fu_4392_p3  |  select  |      0|  0|   9|           1|           9|
    |select_ln1494_38_fu_4496_p3  |  select  |      0|  0|   9|           1|           9|
    |select_ln1494_39_fu_4600_p3  |  select  |      0|  0|   9|           1|           9|
    |select_ln1494_3_fu_856_p3    |  select  |      0|  0|   9|           1|           9|
    |select_ln1494_40_fu_4704_p3  |  select  |      0|  0|   9|           1|           9|
    |select_ln1494_41_fu_4808_p3  |  select  |      0|  0|   9|           1|           9|
    |select_ln1494_42_fu_4912_p3  |  select  |      0|  0|   9|           1|           9|
    |select_ln1494_43_fu_5016_p3  |  select  |      0|  0|   9|           1|           9|
    |select_ln1494_44_fu_5120_p3  |  select  |      0|  0|   9|           1|           9|
    |select_ln1494_45_fu_5224_p3  |  select  |      0|  0|   9|           1|           9|
    |select_ln1494_46_fu_5328_p3  |  select  |      0|  0|   9|           1|           9|
    |select_ln1494_47_fu_5432_p3  |  select  |      0|  0|   9|           1|           9|
    |select_ln1494_48_fu_5536_p3  |  select  |      0|  0|   9|           1|           9|
    |select_ln1494_49_fu_5640_p3  |  select  |      0|  0|   9|           1|           9|
    |select_ln1494_4_fu_960_p3    |  select  |      0|  0|   9|           1|           9|
    |select_ln1494_5_fu_1064_p3   |  select  |      0|  0|   9|           1|           9|
    |select_ln1494_6_fu_1168_p3   |  select  |      0|  0|   9|           1|           9|
    |select_ln1494_7_fu_1272_p3   |  select  |      0|  0|   9|           1|           9|
    |select_ln1494_8_fu_1376_p3   |  select  |      0|  0|   9|           1|           9|
    |select_ln1494_9_fu_1480_p3   |  select  |      0|  0|   9|           1|           9|
    |select_ln1494_fu_544_p3      |  select  |      0|  0|   9|           1|           9|
    |select_ln340_10_fu_1576_p3   |  select  |      0|  0|   9|           1|           9|
    |select_ln340_11_fu_1680_p3   |  select  |      0|  0|   9|           1|           9|
    |select_ln340_12_fu_1784_p3   |  select  |      0|  0|   9|           1|           9|
    |select_ln340_13_fu_1888_p3   |  select  |      0|  0|   9|           1|           9|
    |select_ln340_14_fu_1992_p3   |  select  |      0|  0|   9|           1|           9|
    |select_ln340_15_fu_2096_p3   |  select  |      0|  0|   9|           1|           9|
    |select_ln340_16_fu_2200_p3   |  select  |      0|  0|   9|           1|           9|
    |select_ln340_17_fu_2304_p3   |  select  |      0|  0|   9|           1|           9|
    |select_ln340_18_fu_2408_p3   |  select  |      0|  0|   9|           1|           9|
    |select_ln340_19_fu_2512_p3   |  select  |      0|  0|   9|           1|           9|
    |select_ln340_1_fu_640_p3     |  select  |      0|  0|   9|           1|           9|
    |select_ln340_20_fu_2616_p3   |  select  |      0|  0|   9|           1|           9|
    |select_ln340_21_fu_2720_p3   |  select  |      0|  0|   9|           1|           9|
    |select_ln340_22_fu_2824_p3   |  select  |      0|  0|   9|           1|           9|
    |select_ln340_23_fu_2928_p3   |  select  |      0|  0|   9|           1|           9|
    |select_ln340_24_fu_3032_p3   |  select  |      0|  0|   9|           1|           9|
    |select_ln340_25_fu_3136_p3   |  select  |      0|  0|   9|           1|           9|
    |select_ln340_26_fu_3240_p3   |  select  |      0|  0|   9|           1|           9|
    |select_ln340_27_fu_3344_p3   |  select  |      0|  0|   9|           1|           9|
    |select_ln340_28_fu_3448_p3   |  select  |      0|  0|   9|           1|           9|
    |select_ln340_29_fu_3552_p3   |  select  |      0|  0|   9|           1|           9|
    |select_ln340_2_fu_744_p3     |  select  |      0|  0|   9|           1|           9|
    |select_ln340_30_fu_3656_p3   |  select  |      0|  0|   9|           1|           9|
    |select_ln340_31_fu_3760_p3   |  select  |      0|  0|   9|           1|           9|
    |select_ln340_32_fu_3864_p3   |  select  |      0|  0|   9|           1|           9|
    |select_ln340_33_fu_3968_p3   |  select  |      0|  0|   9|           1|           9|
    |select_ln340_34_fu_4072_p3   |  select  |      0|  0|   9|           1|           9|
    |select_ln340_35_fu_4176_p3   |  select  |      0|  0|   9|           1|           9|
    |select_ln340_36_fu_4280_p3   |  select  |      0|  0|   9|           1|           9|
    |select_ln340_37_fu_4384_p3   |  select  |      0|  0|   9|           1|           9|
    |select_ln340_38_fu_4488_p3   |  select  |      0|  0|   9|           1|           9|
    |select_ln340_39_fu_4592_p3   |  select  |      0|  0|   9|           1|           9|
    |select_ln340_3_fu_848_p3     |  select  |      0|  0|   9|           1|           9|
    |select_ln340_40_fu_4696_p3   |  select  |      0|  0|   9|           1|           9|
    |select_ln340_41_fu_4800_p3   |  select  |      0|  0|   9|           1|           9|
    |select_ln340_42_fu_4904_p3   |  select  |      0|  0|   9|           1|           9|
    |select_ln340_43_fu_5008_p3   |  select  |      0|  0|   9|           1|           9|
    |select_ln340_44_fu_5112_p3   |  select  |      0|  0|   9|           1|           9|
    |select_ln340_45_fu_5216_p3   |  select  |      0|  0|   9|           1|           9|
    |select_ln340_46_fu_5320_p3   |  select  |      0|  0|   9|           1|           9|
    |select_ln340_47_fu_5424_p3   |  select  |      0|  0|   9|           1|           9|
    |select_ln340_48_fu_5528_p3   |  select  |      0|  0|   9|           1|           9|
    |select_ln340_49_fu_5632_p3   |  select  |      0|  0|   9|           1|           9|
    |select_ln340_4_fu_952_p3     |  select  |      0|  0|   9|           1|           9|
    |select_ln340_5_fu_1056_p3    |  select  |      0|  0|   9|           1|           9|
    |select_ln340_6_fu_1160_p3    |  select  |      0|  0|   9|           1|           9|
    |select_ln340_7_fu_1264_p3    |  select  |      0|  0|   9|           1|           9|
    |select_ln340_8_fu_1368_p3    |  select  |      0|  0|   9|           1|           9|
    |select_ln340_9_fu_1472_p3    |  select  |      0|  0|   9|           1|           9|
    |select_ln340_fu_536_p3       |  select  |      0|  0|   9|           1|           9|
    |select_ln777_10_fu_1568_p3   |  select  |      0|  0|   2|           1|           1|
    |select_ln777_11_fu_1672_p3   |  select  |      0|  0|   2|           1|           1|
    |select_ln777_12_fu_1776_p3   |  select  |      0|  0|   2|           1|           1|
    |select_ln777_13_fu_1880_p3   |  select  |      0|  0|   2|           1|           1|
    |select_ln777_14_fu_1984_p3   |  select  |      0|  0|   2|           1|           1|
    |select_ln777_15_fu_2088_p3   |  select  |      0|  0|   2|           1|           1|
    |select_ln777_16_fu_2192_p3   |  select  |      0|  0|   2|           1|           1|
    |select_ln777_17_fu_2296_p3   |  select  |      0|  0|   2|           1|           1|
    |select_ln777_18_fu_2400_p3   |  select  |      0|  0|   2|           1|           1|
    |select_ln777_19_fu_2504_p3   |  select  |      0|  0|   2|           1|           1|
    |select_ln777_1_fu_632_p3     |  select  |      0|  0|   2|           1|           1|
    |select_ln777_20_fu_2608_p3   |  select  |      0|  0|   2|           1|           1|
    |select_ln777_21_fu_2712_p3   |  select  |      0|  0|   2|           1|           1|
    |select_ln777_22_fu_2816_p3   |  select  |      0|  0|   2|           1|           1|
    |select_ln777_23_fu_2920_p3   |  select  |      0|  0|   2|           1|           1|
    |select_ln777_24_fu_3024_p3   |  select  |      0|  0|   2|           1|           1|
    |select_ln777_25_fu_3128_p3   |  select  |      0|  0|   2|           1|           1|
    |select_ln777_26_fu_3232_p3   |  select  |      0|  0|   2|           1|           1|
    |select_ln777_27_fu_3336_p3   |  select  |      0|  0|   2|           1|           1|
    |select_ln777_28_fu_3440_p3   |  select  |      0|  0|   2|           1|           1|
    |select_ln777_29_fu_3544_p3   |  select  |      0|  0|   2|           1|           1|
    |select_ln777_2_fu_736_p3     |  select  |      0|  0|   2|           1|           1|
    |select_ln777_30_fu_3648_p3   |  select  |      0|  0|   2|           1|           1|
    |select_ln777_31_fu_3752_p3   |  select  |      0|  0|   2|           1|           1|
    |select_ln777_32_fu_3856_p3   |  select  |      0|  0|   2|           1|           1|
    |select_ln777_33_fu_3960_p3   |  select  |      0|  0|   2|           1|           1|
    |select_ln777_34_fu_4064_p3   |  select  |      0|  0|   2|           1|           1|
    |select_ln777_35_fu_4168_p3   |  select  |      0|  0|   2|           1|           1|
    |select_ln777_36_fu_4272_p3   |  select  |      0|  0|   2|           1|           1|
    |select_ln777_37_fu_4376_p3   |  select  |      0|  0|   2|           1|           1|
    |select_ln777_38_fu_4480_p3   |  select  |      0|  0|   2|           1|           1|
    |select_ln777_39_fu_4584_p3   |  select  |      0|  0|   2|           1|           1|
    |select_ln777_3_fu_840_p3     |  select  |      0|  0|   2|           1|           1|
    |select_ln777_40_fu_4688_p3   |  select  |      0|  0|   2|           1|           1|
    |select_ln777_41_fu_4792_p3   |  select  |      0|  0|   2|           1|           1|
    |select_ln777_42_fu_4896_p3   |  select  |      0|  0|   2|           1|           1|
    |select_ln777_43_fu_5000_p3   |  select  |      0|  0|   2|           1|           1|
    |select_ln777_44_fu_5104_p3   |  select  |      0|  0|   2|           1|           1|
    |select_ln777_45_fu_5208_p3   |  select  |      0|  0|   2|           1|           1|
    |select_ln777_46_fu_5312_p3   |  select  |      0|  0|   2|           1|           1|
    |select_ln777_47_fu_5416_p3   |  select  |      0|  0|   2|           1|           1|
    |select_ln777_48_fu_5520_p3   |  select  |      0|  0|   2|           1|           1|
    |select_ln777_49_fu_5624_p3   |  select  |      0|  0|   2|           1|           1|
    |select_ln777_4_fu_944_p3     |  select  |      0|  0|   2|           1|           1|
    |select_ln777_5_fu_1048_p3    |  select  |      0|  0|   2|           1|           1|
    |select_ln777_6_fu_1152_p3    |  select  |      0|  0|   2|           1|           1|
    |select_ln777_7_fu_1256_p3    |  select  |      0|  0|   2|           1|           1|
    |select_ln777_8_fu_1360_p3    |  select  |      0|  0|   2|           1|           1|
    |select_ln777_9_fu_1464_p3    |  select  |      0|  0|   2|           1|           1|
    |select_ln777_fu_528_p3       |  select  |      0|  0|   2|           1|           1|
    |xor_ln416_10_fu_1534_p2      |    xor   |      0|  0|   2|           1|           2|
    |xor_ln416_11_fu_1638_p2      |    xor   |      0|  0|   2|           1|           2|
    |xor_ln416_12_fu_1742_p2      |    xor   |      0|  0|   2|           1|           2|
    |xor_ln416_13_fu_1846_p2      |    xor   |      0|  0|   2|           1|           2|
    |xor_ln416_14_fu_1950_p2      |    xor   |      0|  0|   2|           1|           2|
    |xor_ln416_15_fu_2054_p2      |    xor   |      0|  0|   2|           1|           2|
    |xor_ln416_16_fu_2158_p2      |    xor   |      0|  0|   2|           1|           2|
    |xor_ln416_17_fu_2262_p2      |    xor   |      0|  0|   2|           1|           2|
    |xor_ln416_18_fu_2366_p2      |    xor   |      0|  0|   2|           1|           2|
    |xor_ln416_19_fu_2470_p2      |    xor   |      0|  0|   2|           1|           2|
    |xor_ln416_1_fu_598_p2        |    xor   |      0|  0|   2|           1|           2|
    |xor_ln416_20_fu_2574_p2      |    xor   |      0|  0|   2|           1|           2|
    |xor_ln416_21_fu_2678_p2      |    xor   |      0|  0|   2|           1|           2|
    |xor_ln416_22_fu_2782_p2      |    xor   |      0|  0|   2|           1|           2|
    |xor_ln416_23_fu_2886_p2      |    xor   |      0|  0|   2|           1|           2|
    |xor_ln416_24_fu_2990_p2      |    xor   |      0|  0|   2|           1|           2|
    |xor_ln416_25_fu_3094_p2      |    xor   |      0|  0|   2|           1|           2|
    |xor_ln416_26_fu_3198_p2      |    xor   |      0|  0|   2|           1|           2|
    |xor_ln416_27_fu_3302_p2      |    xor   |      0|  0|   2|           1|           2|
    |xor_ln416_28_fu_3406_p2      |    xor   |      0|  0|   2|           1|           2|
    |xor_ln416_29_fu_3510_p2      |    xor   |      0|  0|   2|           1|           2|
    |xor_ln416_2_fu_702_p2        |    xor   |      0|  0|   2|           1|           2|
    |xor_ln416_30_fu_3614_p2      |    xor   |      0|  0|   2|           1|           2|
    |xor_ln416_31_fu_3718_p2      |    xor   |      0|  0|   2|           1|           2|
    |xor_ln416_32_fu_3822_p2      |    xor   |      0|  0|   2|           1|           2|
    |xor_ln416_33_fu_3926_p2      |    xor   |      0|  0|   2|           1|           2|
    |xor_ln416_34_fu_4030_p2      |    xor   |      0|  0|   2|           1|           2|
    |xor_ln416_35_fu_4134_p2      |    xor   |      0|  0|   2|           1|           2|
    |xor_ln416_36_fu_4238_p2      |    xor   |      0|  0|   2|           1|           2|
    |xor_ln416_37_fu_4342_p2      |    xor   |      0|  0|   2|           1|           2|
    |xor_ln416_38_fu_4446_p2      |    xor   |      0|  0|   2|           1|           2|
    |xor_ln416_39_fu_4550_p2      |    xor   |      0|  0|   2|           1|           2|
    |xor_ln416_3_fu_806_p2        |    xor   |      0|  0|   2|           1|           2|
    |xor_ln416_40_fu_4654_p2      |    xor   |      0|  0|   2|           1|           2|
    |xor_ln416_41_fu_4758_p2      |    xor   |      0|  0|   2|           1|           2|
    |xor_ln416_42_fu_4862_p2      |    xor   |      0|  0|   2|           1|           2|
    |xor_ln416_43_fu_4966_p2      |    xor   |      0|  0|   2|           1|           2|
    |xor_ln416_44_fu_5070_p2      |    xor   |      0|  0|   2|           1|           2|
    |xor_ln416_45_fu_5174_p2      |    xor   |      0|  0|   2|           1|           2|
    |xor_ln416_46_fu_5278_p2      |    xor   |      0|  0|   2|           1|           2|
    |xor_ln416_47_fu_5382_p2      |    xor   |      0|  0|   2|           1|           2|
    |xor_ln416_48_fu_5486_p2      |    xor   |      0|  0|   2|           1|           2|
    |xor_ln416_49_fu_5590_p2      |    xor   |      0|  0|   2|           1|           2|
    |xor_ln416_4_fu_910_p2        |    xor   |      0|  0|   2|           1|           2|
    |xor_ln416_5_fu_1014_p2       |    xor   |      0|  0|   2|           1|           2|
    |xor_ln416_6_fu_1118_p2       |    xor   |      0|  0|   2|           1|           2|
    |xor_ln416_7_fu_1222_p2       |    xor   |      0|  0|   2|           1|           2|
    |xor_ln416_8_fu_1326_p2       |    xor   |      0|  0|   2|           1|           2|
    |xor_ln416_9_fu_1430_p2       |    xor   |      0|  0|   2|           1|           2|
    |xor_ln416_fu_494_p2          |    xor   |      0|  0|   2|           1|           2|
    +-----------------------------+----------+-------+---+----+------------+------------+
    |Total                        |          |      0|  0|3402|        2101|        1751|
    +-----------------------------+----------+-------+---+----+------------+------------+

    * Multiplexer: 
    +--------------+----+-----------+-----+-----------+
    |     Name     | LUT| Input Size| Bits| Total Bits|
    +--------------+----+-----------+-----+-----------+
    |ap_done       |   9|          2|    1|          2|
    |ap_return_0   |   9|          2|    9|         18|
    |ap_return_1   |   9|          2|    9|         18|
    |ap_return_10  |   9|          2|    9|         18|
    |ap_return_11  |   9|          2|    9|         18|
    |ap_return_12  |   9|          2|    9|         18|
    |ap_return_13  |   9|          2|    9|         18|
    |ap_return_14  |   9|          2|    9|         18|
    |ap_return_15  |   9|          2|    9|         18|
    |ap_return_16  |   9|          2|    9|         18|
    |ap_return_17  |   9|          2|    9|         18|
    |ap_return_18  |   9|          2|    9|         18|
    |ap_return_19  |   9|          2|    9|         18|
    |ap_return_2   |   9|          2|    9|         18|
    |ap_return_20  |   9|          2|    9|         18|
    |ap_return_21  |   9|          2|    9|         18|
    |ap_return_22  |   9|          2|    9|         18|
    |ap_return_23  |   9|          2|    9|         18|
    |ap_return_24  |   9|          2|    9|         18|
    |ap_return_25  |   9|          2|    9|         18|
    |ap_return_26  |   9|          2|    9|         18|
    |ap_return_27  |   9|          2|    9|         18|
    |ap_return_28  |   9|          2|    9|         18|
    |ap_return_29  |   9|          2|    9|         18|
    |ap_return_3   |   9|          2|    9|         18|
    |ap_return_30  |   9|          2|    9|         18|
    |ap_return_31  |   9|          2|    9|         18|
    |ap_return_32  |   9|          2|    9|         18|
    |ap_return_33  |   9|          2|    9|         18|
    |ap_return_34  |   9|          2|    9|         18|
    |ap_return_35  |   9|          2|    9|         18|
    |ap_return_36  |   9|          2|    9|         18|
    |ap_return_37  |   9|          2|    9|         18|
    |ap_return_38  |   9|          2|    9|         18|
    |ap_return_39  |   9|          2|    9|         18|
    |ap_return_4   |   9|          2|    9|         18|
    |ap_return_40  |   9|          2|    9|         18|
    |ap_return_41  |   9|          2|    9|         18|
    |ap_return_42  |   9|          2|    9|         18|
    |ap_return_43  |   9|          2|    9|         18|
    |ap_return_44  |   9|          2|    9|         18|
    |ap_return_45  |   9|          2|    9|         18|
    |ap_return_46  |   9|          2|    9|         18|
    |ap_return_47  |   9|          2|    9|         18|
    |ap_return_48  |   9|          2|    9|         18|
    |ap_return_49  |   9|          2|    9|         18|
    |ap_return_5   |   9|          2|    9|         18|
    |ap_return_6   |   9|          2|    9|         18|
    |ap_return_7   |   9|          2|    9|         18|
    |ap_return_8   |   9|          2|    9|         18|
    |ap_return_9   |   9|          2|    9|         18|
    +--------------+----+-----------+-----+-----------+
    |Total         | 459|        102|  451|        902|
    +--------------+----+-----------+-----+-----------+

    * Register: 
    +-------------------+---+----+-----+-----------+
    |        Name       | FF| LUT| Bits| Const Bits|
    +-------------------+---+----+-----+-----------+
    |ap_CS_fsm          |  1|   0|    1|          0|
    |ap_done_reg        |  1|   0|    1|          0|
    |ap_return_0_preg   |  9|   0|    9|          0|
    |ap_return_10_preg  |  9|   0|    9|          0|
    |ap_return_11_preg  |  9|   0|    9|          0|
    |ap_return_12_preg  |  9|   0|    9|          0|
    |ap_return_13_preg  |  9|   0|    9|          0|
    |ap_return_14_preg  |  9|   0|    9|          0|
    |ap_return_15_preg  |  9|   0|    9|          0|
    |ap_return_16_preg  |  9|   0|    9|          0|
    |ap_return_17_preg  |  9|   0|    9|          0|
    |ap_return_18_preg  |  9|   0|    9|          0|
    |ap_return_19_preg  |  9|   0|    9|          0|
    |ap_return_1_preg   |  9|   0|    9|          0|
    |ap_return_20_preg  |  9|   0|    9|          0|
    |ap_return_21_preg  |  9|   0|    9|          0|
    |ap_return_22_preg  |  9|   0|    9|          0|
    |ap_return_23_preg  |  9|   0|    9|          0|
    |ap_return_24_preg  |  9|   0|    9|          0|
    |ap_return_25_preg  |  9|   0|    9|          0|
    |ap_return_26_preg  |  9|   0|    9|          0|
    |ap_return_27_preg  |  9|   0|    9|          0|
    |ap_return_28_preg  |  9|   0|    9|          0|
    |ap_return_29_preg  |  9|   0|    9|          0|
    |ap_return_2_preg   |  9|   0|    9|          0|
    |ap_return_30_preg  |  9|   0|    9|          0|
    |ap_return_31_preg  |  9|   0|    9|          0|
    |ap_return_32_preg  |  9|   0|    9|          0|
    |ap_return_33_preg  |  9|   0|    9|          0|
    |ap_return_34_preg  |  9|   0|    9|          0|
    |ap_return_35_preg  |  9|   0|    9|          0|
    |ap_return_36_preg  |  9|   0|    9|          0|
    |ap_return_37_preg  |  9|   0|    9|          0|
    |ap_return_38_preg  |  9|   0|    9|          0|
    |ap_return_39_preg  |  9|   0|    9|          0|
    |ap_return_3_preg   |  9|   0|    9|          0|
    |ap_return_40_preg  |  9|   0|    9|          0|
    |ap_return_41_preg  |  9|   0|    9|          0|
    |ap_return_42_preg  |  9|   0|    9|          0|
    |ap_return_43_preg  |  9|   0|    9|          0|
    |ap_return_44_preg  |  9|   0|    9|          0|
    |ap_return_45_preg  |  9|   0|    9|          0|
    |ap_return_46_preg  |  9|   0|    9|          0|
    |ap_return_47_preg  |  9|   0|    9|          0|
    |ap_return_48_preg  |  9|   0|    9|          0|
    |ap_return_49_preg  |  9|   0|    9|          0|
    |ap_return_4_preg   |  9|   0|    9|          0|
    |ap_return_5_preg   |  9|   0|    9|          0|
    |ap_return_6_preg   |  9|   0|    9|          0|
    |ap_return_7_preg   |  9|   0|    9|          0|
    |ap_return_8_preg   |  9|   0|    9|          0|
    |ap_return_9_preg   |  9|   0|    9|          0|
    +-------------------+---+----+-----+-----------+
    |Total              |452|   0|  452|          0|
    +-------------------+---+----+-----+-----------+



================================================================
== Interface
================================================================
* Summary: 
+----------------+-----+-----+------------+--------------------------------------------------+--------------+
|    RTL Ports   | Dir | Bits|  Protocol  |                   Source Object                  |    C Type    |
+----------------+-----+-----+------------+--------------------------------------------------+--------------+
|ap_clk          |  in |    1| ap_ctrl_hs | relu<ap_fixed,ap_ufixed<9,0,0,0,0>,relu_config7> | return value |
|ap_rst          |  in |    1| ap_ctrl_hs | relu<ap_fixed,ap_ufixed<9,0,0,0,0>,relu_config7> | return value |
|ap_start        |  in |    1| ap_ctrl_hs | relu<ap_fixed,ap_ufixed<9,0,0,0,0>,relu_config7> | return value |
|ap_done         | out |    1| ap_ctrl_hs | relu<ap_fixed,ap_ufixed<9,0,0,0,0>,relu_config7> | return value |
|ap_continue     |  in |    1| ap_ctrl_hs | relu<ap_fixed,ap_ufixed<9,0,0,0,0>,relu_config7> | return value |
|ap_idle         | out |    1| ap_ctrl_hs | relu<ap_fixed,ap_ufixed<9,0,0,0,0>,relu_config7> | return value |
|ap_ready        | out |    1| ap_ctrl_hs | relu<ap_fixed,ap_ufixed<9,0,0,0,0>,relu_config7> | return value |
|ap_return_0     | out |    9| ap_ctrl_hs | relu<ap_fixed,ap_ufixed<9,0,0,0,0>,relu_config7> | return value |
|ap_return_1     | out |    9| ap_ctrl_hs | relu<ap_fixed,ap_ufixed<9,0,0,0,0>,relu_config7> | return value |
|ap_return_2     | out |    9| ap_ctrl_hs | relu<ap_fixed,ap_ufixed<9,0,0,0,0>,relu_config7> | return value |
|ap_return_3     | out |    9| ap_ctrl_hs | relu<ap_fixed,ap_ufixed<9,0,0,0,0>,relu_config7> | return value |
|ap_return_4     | out |    9| ap_ctrl_hs | relu<ap_fixed,ap_ufixed<9,0,0,0,0>,relu_config7> | return value |
|ap_return_5     | out |    9| ap_ctrl_hs | relu<ap_fixed,ap_ufixed<9,0,0,0,0>,relu_config7> | return value |
|ap_return_6     | out |    9| ap_ctrl_hs | relu<ap_fixed,ap_ufixed<9,0,0,0,0>,relu_config7> | return value |
|ap_return_7     | out |    9| ap_ctrl_hs | relu<ap_fixed,ap_ufixed<9,0,0,0,0>,relu_config7> | return value |
|ap_return_8     | out |    9| ap_ctrl_hs | relu<ap_fixed,ap_ufixed<9,0,0,0,0>,relu_config7> | return value |
|ap_return_9     | out |    9| ap_ctrl_hs | relu<ap_fixed,ap_ufixed<9,0,0,0,0>,relu_config7> | return value |
|ap_return_10    | out |    9| ap_ctrl_hs | relu<ap_fixed,ap_ufixed<9,0,0,0,0>,relu_config7> | return value |
|ap_return_11    | out |    9| ap_ctrl_hs | relu<ap_fixed,ap_ufixed<9,0,0,0,0>,relu_config7> | return value |
|ap_return_12    | out |    9| ap_ctrl_hs | relu<ap_fixed,ap_ufixed<9,0,0,0,0>,relu_config7> | return value |
|ap_return_13    | out |    9| ap_ctrl_hs | relu<ap_fixed,ap_ufixed<9,0,0,0,0>,relu_config7> | return value |
|ap_return_14    | out |    9| ap_ctrl_hs | relu<ap_fixed,ap_ufixed<9,0,0,0,0>,relu_config7> | return value |
|ap_return_15    | out |    9| ap_ctrl_hs | relu<ap_fixed,ap_ufixed<9,0,0,0,0>,relu_config7> | return value |
|ap_return_16    | out |    9| ap_ctrl_hs | relu<ap_fixed,ap_ufixed<9,0,0,0,0>,relu_config7> | return value |
|ap_return_17    | out |    9| ap_ctrl_hs | relu<ap_fixed,ap_ufixed<9,0,0,0,0>,relu_config7> | return value |
|ap_return_18    | out |    9| ap_ctrl_hs | relu<ap_fixed,ap_ufixed<9,0,0,0,0>,relu_config7> | return value |
|ap_return_19    | out |    9| ap_ctrl_hs | relu<ap_fixed,ap_ufixed<9,0,0,0,0>,relu_config7> | return value |
|ap_return_20    | out |    9| ap_ctrl_hs | relu<ap_fixed,ap_ufixed<9,0,0,0,0>,relu_config7> | return value |
|ap_return_21    | out |    9| ap_ctrl_hs | relu<ap_fixed,ap_ufixed<9,0,0,0,0>,relu_config7> | return value |
|ap_return_22    | out |    9| ap_ctrl_hs | relu<ap_fixed,ap_ufixed<9,0,0,0,0>,relu_config7> | return value |
|ap_return_23    | out |    9| ap_ctrl_hs | relu<ap_fixed,ap_ufixed<9,0,0,0,0>,relu_config7> | return value |
|ap_return_24    | out |    9| ap_ctrl_hs | relu<ap_fixed,ap_ufixed<9,0,0,0,0>,relu_config7> | return value |
|ap_return_25    | out |    9| ap_ctrl_hs | relu<ap_fixed,ap_ufixed<9,0,0,0,0>,relu_config7> | return value |
|ap_return_26    | out |    9| ap_ctrl_hs | relu<ap_fixed,ap_ufixed<9,0,0,0,0>,relu_config7> | return value |
|ap_return_27    | out |    9| ap_ctrl_hs | relu<ap_fixed,ap_ufixed<9,0,0,0,0>,relu_config7> | return value |
|ap_return_28    | out |    9| ap_ctrl_hs | relu<ap_fixed,ap_ufixed<9,0,0,0,0>,relu_config7> | return value |
|ap_return_29    | out |    9| ap_ctrl_hs | relu<ap_fixed,ap_ufixed<9,0,0,0,0>,relu_config7> | return value |
|ap_return_30    | out |    9| ap_ctrl_hs | relu<ap_fixed,ap_ufixed<9,0,0,0,0>,relu_config7> | return value |
|ap_return_31    | out |    9| ap_ctrl_hs | relu<ap_fixed,ap_ufixed<9,0,0,0,0>,relu_config7> | return value |
|ap_return_32    | out |    9| ap_ctrl_hs | relu<ap_fixed,ap_ufixed<9,0,0,0,0>,relu_config7> | return value |
|ap_return_33    | out |    9| ap_ctrl_hs | relu<ap_fixed,ap_ufixed<9,0,0,0,0>,relu_config7> | return value |
|ap_return_34    | out |    9| ap_ctrl_hs | relu<ap_fixed,ap_ufixed<9,0,0,0,0>,relu_config7> | return value |
|ap_return_35    | out |    9| ap_ctrl_hs | relu<ap_fixed,ap_ufixed<9,0,0,0,0>,relu_config7> | return value |
|ap_return_36    | out |    9| ap_ctrl_hs | relu<ap_fixed,ap_ufixed<9,0,0,0,0>,relu_config7> | return value |
|ap_return_37    | out |    9| ap_ctrl_hs | relu<ap_fixed,ap_ufixed<9,0,0,0,0>,relu_config7> | return value |
|ap_return_38    | out |    9| ap_ctrl_hs | relu<ap_fixed,ap_ufixed<9,0,0,0,0>,relu_config7> | return value |
|ap_return_39    | out |    9| ap_ctrl_hs | relu<ap_fixed,ap_ufixed<9,0,0,0,0>,relu_config7> | return value |
|ap_return_40    | out |    9| ap_ctrl_hs | relu<ap_fixed,ap_ufixed<9,0,0,0,0>,relu_config7> | return value |
|ap_return_41    | out |    9| ap_ctrl_hs | relu<ap_fixed,ap_ufixed<9,0,0,0,0>,relu_config7> | return value |
|ap_return_42    | out |    9| ap_ctrl_hs | relu<ap_fixed,ap_ufixed<9,0,0,0,0>,relu_config7> | return value |
|ap_return_43    | out |    9| ap_ctrl_hs | relu<ap_fixed,ap_ufixed<9,0,0,0,0>,relu_config7> | return value |
|ap_return_44    | out |    9| ap_ctrl_hs | relu<ap_fixed,ap_ufixed<9,0,0,0,0>,relu_config7> | return value |
|ap_return_45    | out |    9| ap_ctrl_hs | relu<ap_fixed,ap_ufixed<9,0,0,0,0>,relu_config7> | return value |
|ap_return_46    | out |    9| ap_ctrl_hs | relu<ap_fixed,ap_ufixed<9,0,0,0,0>,relu_config7> | return value |
|ap_return_47    | out |    9| ap_ctrl_hs | relu<ap_fixed,ap_ufixed<9,0,0,0,0>,relu_config7> | return value |
|ap_return_48    | out |    9| ap_ctrl_hs | relu<ap_fixed,ap_ufixed<9,0,0,0,0>,relu_config7> | return value |
|ap_return_49    | out |    9| ap_ctrl_hs | relu<ap_fixed,ap_ufixed<9,0,0,0,0>,relu_config7> | return value |
|data_0_V_read   |  in |   16|   ap_none  |                   data_0_V_read                  |    scalar    |
|data_1_V_read   |  in |   16|   ap_none  |                   data_1_V_read                  |    scalar    |
|data_2_V_read   |  in |   16|   ap_none  |                   data_2_V_read                  |    scalar    |
|data_3_V_read   |  in |   16|   ap_none  |                   data_3_V_read                  |    scalar    |
|data_4_V_read   |  in |   16|   ap_none  |                   data_4_V_read                  |    scalar    |
|data_5_V_read   |  in |   16|   ap_none  |                   data_5_V_read                  |    scalar    |
|data_6_V_read   |  in |   16|   ap_none  |                   data_6_V_read                  |    scalar    |
|data_7_V_read   |  in |   16|   ap_none  |                   data_7_V_read                  |    scalar    |
|data_8_V_read   |  in |   16|   ap_none  |                   data_8_V_read                  |    scalar    |
|data_9_V_read   |  in |   16|   ap_none  |                   data_9_V_read                  |    scalar    |
|data_10_V_read  |  in |   16|   ap_none  |                  data_10_V_read                  |    scalar    |
|data_11_V_read  |  in |   16|   ap_none  |                  data_11_V_read                  |    scalar    |
|data_12_V_read  |  in |   16|   ap_none  |                  data_12_V_read                  |    scalar    |
|data_13_V_read  |  in |   16|   ap_none  |                  data_13_V_read                  |    scalar    |
|data_14_V_read  |  in |   16|   ap_none  |                  data_14_V_read                  |    scalar    |
|data_15_V_read  |  in |   16|   ap_none  |                  data_15_V_read                  |    scalar    |
|data_16_V_read  |  in |   16|   ap_none  |                  data_16_V_read                  |    scalar    |
|data_17_V_read  |  in |   16|   ap_none  |                  data_17_V_read                  |    scalar    |
|data_18_V_read  |  in |   16|   ap_none  |                  data_18_V_read                  |    scalar    |
|data_19_V_read  |  in |   16|   ap_none  |                  data_19_V_read                  |    scalar    |
|data_20_V_read  |  in |   16|   ap_none  |                  data_20_V_read                  |    scalar    |
|data_21_V_read  |  in |   16|   ap_none  |                  data_21_V_read                  |    scalar    |
|data_22_V_read  |  in |   16|   ap_none  |                  data_22_V_read                  |    scalar    |
|data_23_V_read  |  in |   16|   ap_none  |                  data_23_V_read                  |    scalar    |
|data_24_V_read  |  in |   16|   ap_none  |                  data_24_V_read                  |    scalar    |
|data_25_V_read  |  in |   16|   ap_none  |                  data_25_V_read                  |    scalar    |
|data_26_V_read  |  in |   16|   ap_none  |                  data_26_V_read                  |    scalar    |
|data_27_V_read  |  in |   16|   ap_none  |                  data_27_V_read                  |    scalar    |
|data_28_V_read  |  in |   16|   ap_none  |                  data_28_V_read                  |    scalar    |
|data_29_V_read  |  in |   16|   ap_none  |                  data_29_V_read                  |    scalar    |
|data_30_V_read  |  in |   16|   ap_none  |                  data_30_V_read                  |    scalar    |
|data_31_V_read  |  in |   16|   ap_none  |                  data_31_V_read                  |    scalar    |
|data_32_V_read  |  in |   16|   ap_none  |                  data_32_V_read                  |    scalar    |
|data_33_V_read  |  in |   16|   ap_none  |                  data_33_V_read                  |    scalar    |
|data_34_V_read  |  in |   16|   ap_none  |                  data_34_V_read                  |    scalar    |
|data_35_V_read  |  in |   16|   ap_none  |                  data_35_V_read                  |    scalar    |
|data_36_V_read  |  in |   16|   ap_none  |                  data_36_V_read                  |    scalar    |
|data_37_V_read  |  in |   16|   ap_none  |                  data_37_V_read                  |    scalar    |
|data_38_V_read  |  in |   16|   ap_none  |                  data_38_V_read                  |    scalar    |
|data_39_V_read  |  in |   16|   ap_none  |                  data_39_V_read                  |    scalar    |
|data_40_V_read  |  in |   16|   ap_none  |                  data_40_V_read                  |    scalar    |
|data_41_V_read  |  in |   16|   ap_none  |                  data_41_V_read                  |    scalar    |
|data_42_V_read  |  in |   16|   ap_none  |                  data_42_V_read                  |    scalar    |
|data_43_V_read  |  in |   16|   ap_none  |                  data_43_V_read                  |    scalar    |
|data_44_V_read  |  in |   16|   ap_none  |                  data_44_V_read                  |    scalar    |
|data_45_V_read  |  in |   16|   ap_none  |                  data_45_V_read                  |    scalar    |
|data_46_V_read  |  in |   16|   ap_none  |                  data_46_V_read                  |    scalar    |
|data_47_V_read  |  in |   16|   ap_none  |                  data_47_V_read                  |    scalar    |
|data_48_V_read  |  in |   16|   ap_none  |                  data_48_V_read                  |    scalar    |
|data_49_V_read  |  in |   16|   ap_none  |                  data_49_V_read                  |    scalar    |
+----------------+-----+-----+------------+--------------------------------------------------+--------------+

