

================================================================
== Vivado HLS Report for 'relu_ap_fixed_ap_ufixed_9_0_0_0_0_relu_config11_s'
================================================================
* Date:           Mon Sep 26 10:35:08 2022

* Version:        2019.1 (Build 2552052 on Fri May 24 15:28:33 MDT 2019)
* Project:        myproject_prj
* Solution:       solution1
* Product family: virtexuplus
* Target device:  xcvu9p-flga2104-2L-e


================================================================
== Performance Estimates
================================================================
+ Timing (ns): 
    * Summary: 
    +--------+-------+----------+------------+
    |  Clock | Target| Estimated| Uncertainty|
    +--------+-------+----------+------------+
    |ap_clk  |   5.00|     0.979|        0.62|
    +--------+-------+----------+------------+

+ Latency (clock cycles): 
    * Summary: 
    +-----+-----+-----+-----+----------+
    |  Latency  |  Interval | Pipeline |
    | min | max | min | max |   Type   |
    +-----+-----+-----+-----+----------+
    |    0|    0|    1|    1| function |
    +-----+-----+-----+-----+----------+

    + Detail: 
        * Instance: 
        N/A

        * Loop: 
        N/A



================================================================
== Utilization Estimates
================================================================
* Summary: 
+---------------------+---------+-------+---------+---------+-----+
|         Name        | BRAM_18K| DSP48E|    FF   |   LUT   | URAM|
+---------------------+---------+-------+---------+---------+-----+
|DSP                  |        -|      -|        -|        -|    -|
|Expression           |        -|      -|        0|     1362|    -|
|FIFO                 |        -|      -|        -|        -|    -|
|Instance             |        -|      -|        -|        -|    -|
|Memory               |        -|      -|        -|        -|    -|
|Multiplexer          |        -|      -|        -|      189|    -|
|Register             |        -|      -|      182|        -|    -|
+---------------------+---------+-------+---------+---------+-----+
|Total                |        0|      0|      182|     1551|    0|
+---------------------+---------+-------+---------+---------+-----+
|Available SLR        |     1440|   2280|   788160|   394080|  320|
+---------------------+---------+-------+---------+---------+-----+
|Utilization SLR (%)  |        0|      0|    ~0   |    ~0   |    0|
+---------------------+---------+-------+---------+---------+-----+
|Available            |     4320|   6840|  2364480|  1182240|  960|
+---------------------+---------+-------+---------+---------+-----+
|Utilization (%)      |        0|      0|    ~0   |    ~0   |    0|
+---------------------+---------+-------+---------+---------+-----+

+ Detail: 
    * Instance: 
    N/A

    * DSP48E: 
    N/A

    * Memory: 
    N/A

    * FIFO: 
    N/A

    * Expression: 
    +------------------------------+----------+-------+---+----+------------+------------+
    |         Variable Name        | Operation| DSP48E| FF| LUT| Bitwidth P0| Bitwidth P1|
    +------------------------------+----------+-------+---+----+------------+------------+
    |add_ln415_258_fu_344_p2       |     +    |      0|  0|   9|           9|           9|
    |add_ln415_259_fu_448_p2       |     +    |      0|  0|   9|           9|           9|
    |add_ln415_260_fu_552_p2       |     +    |      0|  0|   9|           9|           9|
    |add_ln415_261_fu_656_p2       |     +    |      0|  0|   9|           9|           9|
    |add_ln415_262_fu_760_p2       |     +    |      0|  0|   9|           9|           9|
    |add_ln415_263_fu_864_p2       |     +    |      0|  0|   9|           9|           9|
    |add_ln415_264_fu_968_p2       |     +    |      0|  0|   9|           9|           9|
    |add_ln415_265_fu_1072_p2      |     +    |      0|  0|   9|           9|           9|
    |add_ln415_266_fu_1176_p2      |     +    |      0|  0|   9|           9|           9|
    |add_ln415_267_fu_1280_p2      |     +    |      0|  0|   9|           9|           9|
    |add_ln415_268_fu_1384_p2      |     +    |      0|  0|   9|           9|           9|
    |add_ln415_269_fu_1488_p2      |     +    |      0|  0|   9|           9|           9|
    |add_ln415_270_fu_1592_p2      |     +    |      0|  0|   9|           9|           9|
    |add_ln415_271_fu_1696_p2      |     +    |      0|  0|   9|           9|           9|
    |add_ln415_272_fu_1800_p2      |     +    |      0|  0|   9|           9|           9|
    |add_ln415_273_fu_1904_p2      |     +    |      0|  0|   9|           9|           9|
    |add_ln415_274_fu_2008_p2      |     +    |      0|  0|   9|           9|           9|
    |add_ln415_275_fu_2112_p2      |     +    |      0|  0|   9|           9|           9|
    |add_ln415_276_fu_2216_p2      |     +    |      0|  0|   9|           9|           9|
    |add_ln415_fu_240_p2           |     +    |      0|  0|   9|           9|           9|
    |and_ln416_258_fu_364_p2       |    and   |      0|  0|   2|           1|           1|
    |and_ln416_259_fu_468_p2       |    and   |      0|  0|   2|           1|           1|
    |and_ln416_260_fu_572_p2       |    and   |      0|  0|   2|           1|           1|
    |and_ln416_261_fu_676_p2       |    and   |      0|  0|   2|           1|           1|
    |and_ln416_262_fu_780_p2       |    and   |      0|  0|   2|           1|           1|
    |and_ln416_263_fu_884_p2       |    and   |      0|  0|   2|           1|           1|
    |and_ln416_264_fu_988_p2       |    and   |      0|  0|   2|           1|           1|
    |and_ln416_265_fu_1092_p2      |    and   |      0|  0|   2|           1|           1|
    |and_ln416_266_fu_1196_p2      |    and   |      0|  0|   2|           1|           1|
    |and_ln416_267_fu_1300_p2      |    and   |      0|  0|   2|           1|           1|
    |and_ln416_268_fu_1404_p2      |    and   |      0|  0|   2|           1|           1|
    |and_ln416_269_fu_1508_p2      |    and   |      0|  0|   2|           1|           1|
    |and_ln416_270_fu_1612_p2      |    and   |      0|  0|   2|           1|           1|
    |and_ln416_271_fu_1716_p2      |    and   |      0|  0|   2|           1|           1|
    |and_ln416_272_fu_1820_p2      |    and   |      0|  0|   2|           1|           1|
    |and_ln416_273_fu_1924_p2      |    and   |      0|  0|   2|           1|           1|
    |and_ln416_274_fu_2028_p2      |    and   |      0|  0|   2|           1|           1|
    |and_ln416_275_fu_2132_p2      |    and   |      0|  0|   2|           1|           1|
    |and_ln416_276_fu_2236_p2      |    and   |      0|  0|   2|           1|           1|
    |and_ln416_fu_260_p2           |    and   |      0|  0|   2|           1|           1|
    |icmp_ln1494_10_fu_1248_p2     |   icmp   |      0|  0|  13|          16|           1|
    |icmp_ln1494_11_fu_1352_p2     |   icmp   |      0|  0|  13|          16|           1|
    |icmp_ln1494_12_fu_1456_p2     |   icmp   |      0|  0|  13|          16|           1|
    |icmp_ln1494_13_fu_1560_p2     |   icmp   |      0|  0|  13|          16|           1|
    |icmp_ln1494_14_fu_1664_p2     |   icmp   |      0|  0|  13|          16|           1|
    |icmp_ln1494_15_fu_1768_p2     |   icmp   |      0|  0|  13|          16|           1|
    |icmp_ln1494_16_fu_1872_p2     |   icmp   |      0|  0|  13|          16|           1|
    |icmp_ln1494_17_fu_1976_p2     |   icmp   |      0|  0|  13|          16|           1|
    |icmp_ln1494_18_fu_2080_p2     |   icmp   |      0|  0|  13|          16|           1|
    |icmp_ln1494_19_fu_2184_p2     |   icmp   |      0|  0|  13|          16|           1|
    |icmp_ln1494_1_fu_312_p2       |   icmp   |      0|  0|  13|          16|           1|
    |icmp_ln1494_2_fu_416_p2       |   icmp   |      0|  0|  13|          16|           1|
    |icmp_ln1494_3_fu_520_p2       |   icmp   |      0|  0|  13|          16|           1|
    |icmp_ln1494_4_fu_624_p2       |   icmp   |      0|  0|  13|          16|           1|
    |icmp_ln1494_5_fu_728_p2       |   icmp   |      0|  0|  13|          16|           1|
    |icmp_ln1494_6_fu_832_p2       |   icmp   |      0|  0|  13|          16|           1|
    |icmp_ln1494_7_fu_936_p2       |   icmp   |      0|  0|  13|          16|           1|
    |icmp_ln1494_8_fu_1040_p2      |   icmp   |      0|  0|  13|          16|           1|
    |icmp_ln1494_9_fu_1144_p2      |   icmp   |      0|  0|  13|          16|           1|
    |icmp_ln1494_fu_208_p2         |   icmp   |      0|  0|  13|          16|           1|
    |icmp_ln768_258_fu_386_p2      |   icmp   |      0|  0|  11|           6|           1|
    |icmp_ln768_259_fu_490_p2      |   icmp   |      0|  0|  11|           6|           1|
    |icmp_ln768_260_fu_594_p2      |   icmp   |      0|  0|  11|           6|           1|
    |icmp_ln768_261_fu_698_p2      |   icmp   |      0|  0|  11|           6|           1|
    |icmp_ln768_262_fu_802_p2      |   icmp   |      0|  0|  11|           6|           1|
    |icmp_ln768_263_fu_906_p2      |   icmp   |      0|  0|  11|           6|           1|
    |icmp_ln768_264_fu_1010_p2     |   icmp   |      0|  0|  11|           6|           1|
    |icmp_ln768_265_fu_1114_p2     |   icmp   |      0|  0|  11|           6|           1|
    |icmp_ln768_266_fu_1218_p2     |   icmp   |      0|  0|  11|           6|           1|
    |icmp_ln768_267_fu_1322_p2     |   icmp   |      0|  0|  11|           6|           1|
    |icmp_ln768_268_fu_1426_p2     |   icmp   |      0|  0|  11|           6|           1|
    |icmp_ln768_269_fu_1530_p2     |   icmp   |      0|  0|  11|           6|           1|
    |icmp_ln768_270_fu_1634_p2     |   icmp   |      0|  0|  11|           6|           1|
    |icmp_ln768_271_fu_1738_p2     |   icmp   |      0|  0|  11|           6|           1|
    |icmp_ln768_272_fu_1842_p2     |   icmp   |      0|  0|  11|           6|           1|
    |icmp_ln768_273_fu_1946_p2     |   icmp   |      0|  0|  11|           6|           1|
    |icmp_ln768_274_fu_2050_p2     |   icmp   |      0|  0|  11|           6|           1|
    |icmp_ln768_275_fu_2154_p2     |   icmp   |      0|  0|  11|           6|           1|
    |icmp_ln768_276_fu_2258_p2     |   icmp   |      0|  0|  11|           6|           1|
    |icmp_ln768_fu_282_p2          |   icmp   |      0|  0|  11|           6|           1|
    |icmp_ln879_258_fu_380_p2      |   icmp   |      0|  0|  11|           6|           2|
    |icmp_ln879_259_fu_484_p2      |   icmp   |      0|  0|  11|           6|           2|
    |icmp_ln879_260_fu_588_p2      |   icmp   |      0|  0|  11|           6|           2|
    |icmp_ln879_261_fu_692_p2      |   icmp   |      0|  0|  11|           6|           2|
    |icmp_ln879_262_fu_796_p2      |   icmp   |      0|  0|  11|           6|           2|
    |icmp_ln879_263_fu_900_p2      |   icmp   |      0|  0|  11|           6|           2|
    |icmp_ln879_264_fu_1004_p2     |   icmp   |      0|  0|  11|           6|           2|
    |icmp_ln879_265_fu_1108_p2     |   icmp   |      0|  0|  11|           6|           2|
    |icmp_ln879_266_fu_1212_p2     |   icmp   |      0|  0|  11|           6|           2|
    |icmp_ln879_267_fu_1316_p2     |   icmp   |      0|  0|  11|           6|           2|
    |icmp_ln879_268_fu_1420_p2     |   icmp   |      0|  0|  11|           6|           2|
    |icmp_ln879_269_fu_1524_p2     |   icmp   |      0|  0|  11|           6|           2|
    |icmp_ln879_270_fu_1628_p2     |   icmp   |      0|  0|  11|           6|           2|
    |icmp_ln879_271_fu_1732_p2     |   icmp   |      0|  0|  11|           6|           2|
    |icmp_ln879_272_fu_1836_p2     |   icmp   |      0|  0|  11|           6|           2|
    |icmp_ln879_273_fu_1940_p2     |   icmp   |      0|  0|  11|           6|           2|
    |icmp_ln879_274_fu_2044_p2     |   icmp   |      0|  0|  11|           6|           2|
    |icmp_ln879_275_fu_2148_p2     |   icmp   |      0|  0|  11|           6|           2|
    |icmp_ln879_276_fu_2252_p2     |   icmp   |      0|  0|  11|           6|           2|
    |icmp_ln879_fu_276_p2          |   icmp   |      0|  0|  11|           6|           2|
    |ap_block_state1               |    or    |      0|  0|   2|           1|           1|
    |select_ln1494_258_fu_408_p3   |  select  |      0|  0|   9|           1|           9|
    |select_ln1494_259_fu_512_p3   |  select  |      0|  0|   9|           1|           9|
    |select_ln1494_260_fu_616_p3   |  select  |      0|  0|   9|           1|           9|
    |select_ln1494_261_fu_720_p3   |  select  |      0|  0|   9|           1|           9|
    |select_ln1494_262_fu_824_p3   |  select  |      0|  0|   9|           1|           9|
    |select_ln1494_263_fu_928_p3   |  select  |      0|  0|   9|           1|           9|
    |select_ln1494_264_fu_1032_p3  |  select  |      0|  0|   9|           1|           9|
    |select_ln1494_265_fu_1136_p3  |  select  |      0|  0|   9|           1|           9|
    |select_ln1494_266_fu_1240_p3  |  select  |      0|  0|   9|           1|           9|
    |select_ln1494_267_fu_1344_p3  |  select  |      0|  0|   9|           1|           9|
    |select_ln1494_268_fu_1448_p3  |  select  |      0|  0|   9|           1|           9|
    |select_ln1494_269_fu_1552_p3  |  select  |      0|  0|   9|           1|           9|
    |select_ln1494_270_fu_1656_p3  |  select  |      0|  0|   9|           1|           9|
    |select_ln1494_271_fu_1760_p3  |  select  |      0|  0|   9|           1|           9|
    |select_ln1494_272_fu_1864_p3  |  select  |      0|  0|   9|           1|           9|
    |select_ln1494_273_fu_1968_p3  |  select  |      0|  0|   9|           1|           9|
    |select_ln1494_274_fu_2072_p3  |  select  |      0|  0|   9|           1|           9|
    |select_ln1494_275_fu_2176_p3  |  select  |      0|  0|   9|           1|           9|
    |select_ln1494_276_fu_2280_p3  |  select  |      0|  0|   9|           1|           9|
    |select_ln1494_fu_304_p3       |  select  |      0|  0|   9|           1|           9|
    |select_ln340_10_fu_1336_p3    |  select  |      0|  0|   9|           1|           9|
    |select_ln340_11_fu_1440_p3    |  select  |      0|  0|   9|           1|           9|
    |select_ln340_12_fu_1544_p3    |  select  |      0|  0|   9|           1|           9|
    |select_ln340_13_fu_1648_p3    |  select  |      0|  0|   9|           1|           9|
    |select_ln340_14_fu_1752_p3    |  select  |      0|  0|   9|           1|           9|
    |select_ln340_15_fu_1856_p3    |  select  |      0|  0|   9|           1|           9|
    |select_ln340_16_fu_1960_p3    |  select  |      0|  0|   9|           1|           9|
    |select_ln340_17_fu_2064_p3    |  select  |      0|  0|   9|           1|           9|
    |select_ln340_18_fu_2168_p3    |  select  |      0|  0|   9|           1|           9|
    |select_ln340_19_fu_2272_p3    |  select  |      0|  0|   9|           1|           9|
    |select_ln340_1_fu_400_p3      |  select  |      0|  0|   9|           1|           9|
    |select_ln340_2_fu_504_p3      |  select  |      0|  0|   9|           1|           9|
    |select_ln340_3_fu_608_p3      |  select  |      0|  0|   9|           1|           9|
    |select_ln340_4_fu_712_p3      |  select  |      0|  0|   9|           1|           9|
    |select_ln340_5_fu_816_p3      |  select  |      0|  0|   9|           1|           9|
    |select_ln340_6_fu_920_p3      |  select  |      0|  0|   9|           1|           9|
    |select_ln340_7_fu_1024_p3     |  select  |      0|  0|   9|           1|           9|
    |select_ln340_8_fu_1128_p3     |  select  |      0|  0|   9|           1|           9|
    |select_ln340_9_fu_1232_p3     |  select  |      0|  0|   9|           1|           9|
    |select_ln340_fu_296_p3        |  select  |      0|  0|   9|           1|           9|
    |select_ln777_258_fu_392_p3    |  select  |      0|  0|   2|           1|           1|
    |select_ln777_259_fu_496_p3    |  select  |      0|  0|   2|           1|           1|
    |select_ln777_260_fu_600_p3    |  select  |      0|  0|   2|           1|           1|
    |select_ln777_261_fu_704_p3    |  select  |      0|  0|   2|           1|           1|
    |select_ln777_262_fu_808_p3    |  select  |      0|  0|   2|           1|           1|
    |select_ln777_263_fu_912_p3    |  select  |      0|  0|   2|           1|           1|
    |select_ln777_264_fu_1016_p3   |  select  |      0|  0|   2|           1|           1|
    |select_ln777_265_fu_1120_p3   |  select  |      0|  0|   2|           1|           1|
    |select_ln777_266_fu_1224_p3   |  select  |      0|  0|   2|           1|           1|
    |select_ln777_267_fu_1328_p3   |  select  |      0|  0|   2|           1|           1|
    |select_ln777_268_fu_1432_p3   |  select  |      0|  0|   2|           1|           1|
    |select_ln777_269_fu_1536_p3   |  select  |      0|  0|   2|           1|           1|
    |select_ln777_270_fu_1640_p3   |  select  |      0|  0|   2|           1|           1|
    |select_ln777_271_fu_1744_p3   |  select  |      0|  0|   2|           1|           1|
    |select_ln777_272_fu_1848_p3   |  select  |      0|  0|   2|           1|           1|
    |select_ln777_273_fu_1952_p3   |  select  |      0|  0|   2|           1|           1|
    |select_ln777_274_fu_2056_p3   |  select  |      0|  0|   2|           1|           1|
    |select_ln777_275_fu_2160_p3   |  select  |      0|  0|   2|           1|           1|
    |select_ln777_276_fu_2264_p3   |  select  |      0|  0|   2|           1|           1|
    |select_ln777_fu_288_p3        |  select  |      0|  0|   2|           1|           1|
    |xor_ln416_258_fu_358_p2       |    xor   |      0|  0|   2|           1|           2|
    |xor_ln416_259_fu_462_p2       |    xor   |      0|  0|   2|           1|           2|
    |xor_ln416_260_fu_566_p2       |    xor   |      0|  0|   2|           1|           2|
    |xor_ln416_261_fu_670_p2       |    xor   |      0|  0|   2|           1|           2|
    |xor_ln416_262_fu_774_p2       |    xor   |      0|  0|   2|           1|           2|
    |xor_ln416_263_fu_878_p2       |    xor   |      0|  0|   2|           1|           2|
    |xor_ln416_264_fu_982_p2       |    xor   |      0|  0|   2|           1|           2|
    |xor_ln416_265_fu_1086_p2      |    xor   |      0|  0|   2|           1|           2|
    |xor_ln416_266_fu_1190_p2      |    xor   |      0|  0|   2|           1|           2|
    |xor_ln416_267_fu_1294_p2      |    xor   |      0|  0|   2|           1|           2|
    |xor_ln416_268_fu_1398_p2      |    xor   |      0|  0|   2|           1|           2|
    |xor_ln416_269_fu_1502_p2      |    xor   |      0|  0|   2|           1|           2|
    |xor_ln416_270_fu_1606_p2      |    xor   |      0|  0|   2|           1|           2|
    |xor_ln416_271_fu_1710_p2      |    xor   |      0|  0|   2|           1|           2|
    |xor_ln416_272_fu_1814_p2      |    xor   |      0|  0|   2|           1|           2|
    |xor_ln416_273_fu_1918_p2      |    xor   |      0|  0|   2|           1|           2|
    |xor_ln416_274_fu_2022_p2      |    xor   |      0|  0|   2|           1|           2|
    |xor_ln416_275_fu_2126_p2      |    xor   |      0|  0|   2|           1|           2|
    |xor_ln416_276_fu_2230_p2      |    xor   |      0|  0|   2|           1|           2|
    |xor_ln416_fu_254_p2           |    xor   |      0|  0|   2|           1|           2|
    +------------------------------+----------+-------+---+----+------------+------------+
    |Total                         |          |      0|  0|1362|         841|         701|
    +------------------------------+----------+-------+---+----+------------+------------+

    * Multiplexer: 
    +--------------+----+-----------+-----+-----------+
    |     Name     | LUT| Input Size| Bits| Total Bits|
    +--------------+----+-----------+-----+-----------+
    |ap_done       |   9|          2|    1|          2|
    |ap_return_0   |   9|          2|    9|         18|
    |ap_return_1   |   9|          2|    9|         18|
    |ap_return_10  |   9|          2|    9|         18|
    |ap_return_11  |   9|          2|    9|         18|
    |ap_return_12  |   9|          2|    9|         18|
    |ap_return_13  |   9|          2|    9|         18|
    |ap_return_14  |   9|          2|    9|         18|
    |ap_return_15  |   9|          2|    9|         18|
    |ap_return_16  |   9|          2|    9|         18|
    |ap_return_17  |   9|          2|    9|         18|
    |ap_return_18  |   9|          2|    9|         18|
    |ap_return_19  |   9|          2|    9|         18|
    |ap_return_2   |   9|          2|    9|         18|
    |ap_return_3   |   9|          2|    9|         18|
    |ap_return_4   |   9|          2|    9|         18|
    |ap_return_5   |   9|          2|    9|         18|
    |ap_return_6   |   9|          2|    9|         18|
    |ap_return_7   |   9|          2|    9|         18|
    |ap_return_8   |   9|          2|    9|         18|
    |ap_return_9   |   9|          2|    9|         18|
    +--------------+----+-----------+-----+-----------+
    |Total         | 189|         42|  181|        362|
    +--------------+----+-----------+-----+-----------+

    * Register: 
    +-------------------+---+----+-----+-----------+
    |        Name       | FF| LUT| Bits| Const Bits|
    +-------------------+---+----+-----+-----------+
    |ap_CS_fsm          |  1|   0|    1|          0|
    |ap_done_reg        |  1|   0|    1|          0|
    |ap_return_0_preg   |  9|   0|    9|          0|
    |ap_return_10_preg  |  9|   0|    9|          0|
    |ap_return_11_preg  |  9|   0|    9|          0|
    |ap_return_12_preg  |  9|   0|    9|          0|
    |ap_return_13_preg  |  9|   0|    9|          0|
    |ap_return_14_preg  |  9|   0|    9|          0|
    |ap_return_15_preg  |  9|   0|    9|          0|
    |ap_return_16_preg  |  9|   0|    9|          0|
    |ap_return_17_preg  |  9|   0|    9|          0|
    |ap_return_18_preg  |  9|   0|    9|          0|
    |ap_return_19_preg  |  9|   0|    9|          0|
    |ap_return_1_preg   |  9|   0|    9|          0|
    |ap_return_2_preg   |  9|   0|    9|          0|
    |ap_return_3_preg   |  9|   0|    9|          0|
    |ap_return_4_preg   |  9|   0|    9|          0|
    |ap_return_5_preg   |  9|   0|    9|          0|
    |ap_return_6_preg   |  9|   0|    9|          0|
    |ap_return_7_preg   |  9|   0|    9|          0|
    |ap_return_8_preg   |  9|   0|    9|          0|
    |ap_return_9_preg   |  9|   0|    9|          0|
    +-------------------+---+----+-----+-----------+
    |Total              |182|   0|  182|          0|
    +-------------------+---+----+-----+-----------+



================================================================
== Interface
================================================================
* Summary: 
+----------------+-----+-----+------------+---------------------------------------------------+--------------+
|    RTL Ports   | Dir | Bits|  Protocol  |                   Source Object                   |    C Type    |
+----------------+-----+-----+------------+---------------------------------------------------+--------------+
|ap_clk          |  in |    1| ap_ctrl_hs | relu<ap_fixed,ap_ufixed<9,0,0,0,0>,relu_config11> | return value |
|ap_rst          |  in |    1| ap_ctrl_hs | relu<ap_fixed,ap_ufixed<9,0,0,0,0>,relu_config11> | return value |
|ap_start        |  in |    1| ap_ctrl_hs | relu<ap_fixed,ap_ufixed<9,0,0,0,0>,relu_config11> | return value |
|ap_done         | out |    1| ap_ctrl_hs | relu<ap_fixed,ap_ufixed<9,0,0,0,0>,relu_config11> | return value |
|ap_continue     |  in |    1| ap_ctrl_hs | relu<ap_fixed,ap_ufixed<9,0,0,0,0>,relu_config11> | return value |
|ap_idle         | out |    1| ap_ctrl_hs | relu<ap_fixed,ap_ufixed<9,0,0,0,0>,relu_config11> | return value |
|ap_ready        | out |    1| ap_ctrl_hs | relu<ap_fixed,ap_ufixed<9,0,0,0,0>,relu_config11> | return value |
|ap_return_0     | out |    9| ap_ctrl_hs | relu<ap_fixed,ap_ufixed<9,0,0,0,0>,relu_config11> | return value |
|ap_return_1     | out |    9| ap_ctrl_hs | relu<ap_fixed,ap_ufixed<9,0,0,0,0>,relu_config11> | return value |
|ap_return_2     | out |    9| ap_ctrl_hs | relu<ap_fixed,ap_ufixed<9,0,0,0,0>,relu_config11> | return value |
|ap_return_3     | out |    9| ap_ctrl_hs | relu<ap_fixed,ap_ufixed<9,0,0,0,0>,relu_config11> | return value |
|ap_return_4     | out |    9| ap_ctrl_hs | relu<ap_fixed,ap_ufixed<9,0,0,0,0>,relu_config11> | return value |
|ap_return_5     | out |    9| ap_ctrl_hs | relu<ap_fixed,ap_ufixed<9,0,0,0,0>,relu_config11> | return value |
|ap_return_6     | out |    9| ap_ctrl_hs | relu<ap_fixed,ap_ufixed<9,0,0,0,0>,relu_config11> | return value |
|ap_return_7     | out |    9| ap_ctrl_hs | relu<ap_fixed,ap_ufixed<9,0,0,0,0>,relu_config11> | return value |
|ap_return_8     | out |    9| ap_ctrl_hs | relu<ap_fixed,ap_ufixed<9,0,0,0,0>,relu_config11> | return value |
|ap_return_9     | out |    9| ap_ctrl_hs | relu<ap_fixed,ap_ufixed<9,0,0,0,0>,relu_config11> | return value |
|ap_return_10    | out |    9| ap_ctrl_hs | relu<ap_fixed,ap_ufixed<9,0,0,0,0>,relu_config11> | return value |
|ap_return_11    | out |    9| ap_ctrl_hs | relu<ap_fixed,ap_ufixed<9,0,0,0,0>,relu_config11> | return value |
|ap_return_12    | out |    9| ap_ctrl_hs | relu<ap_fixed,ap_ufixed<9,0,0,0,0>,relu_config11> | return value |
|ap_return_13    | out |    9| ap_ctrl_hs | relu<ap_fixed,ap_ufixed<9,0,0,0,0>,relu_config11> | return value |
|ap_return_14    | out |    9| ap_ctrl_hs | relu<ap_fixed,ap_ufixed<9,0,0,0,0>,relu_config11> | return value |
|ap_return_15    | out |    9| ap_ctrl_hs | relu<ap_fixed,ap_ufixed<9,0,0,0,0>,relu_config11> | return value |
|ap_return_16    | out |    9| ap_ctrl_hs | relu<ap_fixed,ap_ufixed<9,0,0,0,0>,relu_config11> | return value |
|ap_return_17    | out |    9| ap_ctrl_hs | relu<ap_fixed,ap_ufixed<9,0,0,0,0>,relu_config11> | return value |
|ap_return_18    | out |    9| ap_ctrl_hs | relu<ap_fixed,ap_ufixed<9,0,0,0,0>,relu_config11> | return value |
|ap_return_19    | out |    9| ap_ctrl_hs | relu<ap_fixed,ap_ufixed<9,0,0,0,0>,relu_config11> | return value |
|data_0_V_read   |  in |   16|   ap_none  |                   data_0_V_read                   |    scalar    |
|data_1_V_read   |  in |   16|   ap_none  |                   data_1_V_read                   |    scalar    |
|data_2_V_read   |  in |   16|   ap_none  |                   data_2_V_read                   |    scalar    |
|data_3_V_read   |  in |   16|   ap_none  |                   data_3_V_read                   |    scalar    |
|data_4_V_read   |  in |   16|   ap_none  |                   data_4_V_read                   |    scalar    |
|data_5_V_read   |  in |   16|   ap_none  |                   data_5_V_read                   |    scalar    |
|data_6_V_read   |  in |   16|   ap_none  |                   data_6_V_read                   |    scalar    |
|data_7_V_read   |  in |   16|   ap_none  |                   data_7_V_read                   |    scalar    |
|data_8_V_read   |  in |   16|   ap_none  |                   data_8_V_read                   |    scalar    |
|data_9_V_read   |  in |   16|   ap_none  |                   data_9_V_read                   |    scalar    |
|data_10_V_read  |  in |   16|   ap_none  |                   data_10_V_read                  |    scalar    |
|data_11_V_read  |  in |   16|   ap_none  |                   data_11_V_read                  |    scalar    |
|data_12_V_read  |  in |   16|   ap_none  |                   data_12_V_read                  |    scalar    |
|data_13_V_read  |  in |   16|   ap_none  |                   data_13_V_read                  |    scalar    |
|data_14_V_read  |  in |   16|   ap_none  |                   data_14_V_read                  |    scalar    |
|data_15_V_read  |  in |   16|   ap_none  |                   data_15_V_read                  |    scalar    |
|data_16_V_read  |  in |   16|   ap_none  |                   data_16_V_read                  |    scalar    |
|data_17_V_read  |  in |   16|   ap_none  |                   data_17_V_read                  |    scalar    |
|data_18_V_read  |  in |   16|   ap_none  |                   data_18_V_read                  |    scalar    |
|data_19_V_read  |  in |   16|   ap_none  |                   data_19_V_read                  |    scalar    |
+----------------+-----+-----+------------+---------------------------------------------------+--------------+

