

================================================================
== Vivado HLS Report for 'dense_latency_0_0_0_0_0_0_0_0_0_0_0'
================================================================
* Date:           Fri Jun 25 16:35:07 2021

* Version:        2019.1 (Build 2552052 on Fri May 24 15:28:33 MDT 2019)
* Project:        proj_b
* Solution:       solution1
* Product family: virtexuplus
* Target device:  xcvu9p-flgb2104-2-i


================================================================
== Performance Estimates
================================================================
+ Timing (ns): 
    * Summary: 
    +--------+-------+----------+------------+
    |  Clock | Target| Estimated| Uncertainty|
    +--------+-------+----------+------------+
    |ap_clk  |   5.00|     3.965|        0.50|
    +--------+-------+----------+------------+

+ Latency (clock cycles): 
    * Summary: 
    +-----+-----+-----+-----+----------+
    |  Latency  |  Interval | Pipeline |
    | min | max | min | max |   Type   |
    +-----+-----+-----+-----+----------+
    |    1|    1|    1|    1| function |
    +-----+-----+-----+-----+----------+

    + Detail: 
        * Instance: 
        N/A

        * Loop: 
        N/A



================================================================
== Utilization Estimates
================================================================
* Summary: 
+---------------------+---------+-------+---------+---------+-----+
|         Name        | BRAM_18K| DSP48E|    FF   |   LUT   | URAM|
+---------------------+---------+-------+---------+---------+-----+
|DSP                  |        -|      -|        -|        -|    -|
|Expression           |        -|    130|        0|     5258|    -|
|FIFO                 |        -|      -|        -|        -|    -|
|Instance             |        -|      -|        -|        -|    -|
|Memory               |        -|      -|        -|        -|    -|
|Multiplexer          |        -|      -|        -|       90|    -|
|Register             |        -|      -|      570|        -|    -|
+---------------------+---------+-------+---------+---------+-----+
|Total                |        0|    130|      570|     5348|    0|
+---------------------+---------+-------+---------+---------+-----+
|Available SLR        |     1440|   2280|   788160|   394080|  320|
+---------------------+---------+-------+---------+---------+-----+
|Utilization SLR (%)  |        0|      5|    ~0   |        1|    0|
+---------------------+---------+-------+---------+---------+-----+
|Available            |     4320|   6840|  2364480|  1182240|  960|
+---------------------+---------+-------+---------+---------+-----+
|Utilization (%)      |        0|      1|    ~0   |    ~0   |    0|
+---------------------+---------+-------+---------+---------+-----+

+ Detail: 
    * Instance: 
    N/A

    * DSP48E: 
    N/A

    * Memory: 
    N/A

    * FIFO: 
    N/A

    * Expression: 
    +----------------------------+----------+-------+---+----+------------+------------+
    |        Variable Name       | Operation| DSP48E| FF| LUT| Bitwidth P0| Bitwidth P1|
    +----------------------------+----------+-------+---+----+------------+------------+
    |mul_ln1118_100_fu_540_p2    |     *    |      1|  0|   5|          16|           6|
    |mul_ln1118_101_fu_657_p2    |     *    |      1|  0|   5|          16|           7|
    |mul_ln1118_102_fu_641_p2    |     *    |      1|  0|   5|          16|           6|
    |mul_ln1118_103_fu_582_p2    |     *    |      1|  0|   5|          16|           7|
    |mul_ln1118_104_fu_669_p2    |     *    |      1|  0|   5|          16|           9|
    |mul_ln1118_105_fu_570_p2    |     *    |      1|  0|   5|          16|           5|
    |mul_ln1118_106_fu_672_p2    |     *    |      1|  0|   5|          16|           6|
    |mul_ln1118_107_fu_620_p2    |     *    |      1|  0|   5|          16|           7|
    |mul_ln1118_108_fu_638_p2    |     *    |      1|  0|   5|          16|           7|
    |mul_ln1118_109_fu_714_p2    |     *    |      1|  0|   5|          16|           7|
    |mul_ln1118_10_fu_555_p2     |     *    |      1|  0|   5|          16|           8|
    |mul_ln1118_110_fu_559_p2    |     *    |      1|  0|   5|          16|          10|
    |mul_ln1118_111_fu_699_p2    |     *    |      1|  0|   5|          16|           8|
    |mul_ln1118_112_fu_677_p2    |     *    |      1|  0|   5|          16|           5|
    |mul_ln1118_113_fu_569_p2    |     *    |      1|  0|   5|          16|           7|
    |mul_ln1118_114_fu_717_p2    |     *    |      1|  0|   5|          16|           9|
    |mul_ln1118_115_fu_681_p2    |     *    |      1|  0|   5|          16|           9|
    |mul_ln1118_116_fu_724_p2    |     *    |      1|  0|   5|          16|           8|
    |mul_ln1118_117_fu_718_p2    |     *    |      1|  0|   5|          16|           8|
    |mul_ln1118_118_fu_719_p2    |     *    |      1|  0|   5|          16|           6|
    |mul_ln1118_119_fu_596_p2    |     *    |      1|  0|   5|          16|           7|
    |mul_ln1118_11_fu_588_p2     |     *    |      1|  0|   5|          16|           9|
    |mul_ln1118_121_fu_624_p2    |     *    |      1|  0|   5|          16|           8|
    |mul_ln1118_122_fu_580_p2    |     *    |      1|  0|   5|          16|           7|
    |mul_ln1118_123_fu_706_p2    |     *    |      1|  0|   5|          16|           8|
    |mul_ln1118_124_fu_710_p2    |     *    |      1|  0|   5|          16|           5|
    |mul_ln1118_125_fu_534_p2    |     *    |      1|  0|   5|          16|           7|
    |mul_ln1118_126_fu_605_p2    |     *    |      1|  0|   5|          16|           8|
    |mul_ln1118_127_fu_606_p2    |     *    |      1|  0|   5|          16|           7|
    |mul_ln1118_128_fu_644_p2    |     *    |      1|  0|   5|          16|           8|
    |mul_ln1118_129_fu_557_p2    |     *    |      1|  0|   5|          16|           8|
    |mul_ln1118_12_fu_592_p2     |     *    |      1|  0|   5|          16|           8|
    |mul_ln1118_130_fu_659_p2    |     *    |      1|  0|   5|          16|           5|
    |mul_ln1118_131_fu_708_p2    |     *    |      1|  0|   5|          16|           8|
    |mul_ln1118_132_fu_721_p2    |     *    |      1|  0|   5|          16|           8|
    |mul_ln1118_133_fu_690_p2    |     *    |      1|  0|   5|          16|           9|
    |mul_ln1118_134_fu_649_p2    |     *    |      1|  0|   5|          16|           8|
    |mul_ln1118_135_fu_629_p2    |     *    |      1|  0|   5|          16|           8|
    |mul_ln1118_136_fu_635_p2    |     *    |      1|  0|   5|          16|           9|
    |mul_ln1118_13_fu_585_p2     |     *    |      1|  0|   5|          16|           8|
    |mul_ln1118_14_fu_725_p2     |     *    |      1|  0|   5|          16|           8|
    |mul_ln1118_15_fu_698_p2     |     *    |      1|  0|   5|          16|           6|
    |mul_ln1118_16_fu_589_p2     |     *    |      1|  0|   5|          16|           8|
    |mul_ln1118_17_fu_614_p2     |     *    |      1|  0|   5|          16|           8|
    |mul_ln1118_18_fu_615_p2     |     *    |      1|  0|   5|          16|           8|
    |mul_ln1118_19_fu_544_p2     |     *    |      1|  0|   5|          16|           7|
    |mul_ln1118_1_fu_586_p2      |     *    |      1|  0|   5|          16|          10|
    |mul_ln1118_20_fu_668_p2     |     *    |      1|  0|   5|          16|           9|
    |mul_ln1118_21_fu_662_p2     |     *    |      1|  0|   5|          16|           7|
    |mul_ln1118_22_fu_575_p2     |     *    |      1|  0|   5|          16|           8|
    |mul_ln1118_23_fu_623_p2     |     *    |      1|  0|   5|          16|           8|
    |mul_ln1118_24_fu_687_p2     |     *    |      1|  0|   5|          16|           8|
    |mul_ln1118_25_fu_637_p2     |     *    |      1|  0|   5|          16|           8|
    |mul_ln1118_26_fu_579_p2     |     *    |      1|  0|   5|          16|           7|
    |mul_ln1118_27_fu_536_p2     |     *    |      1|  0|   5|          16|           9|
    |mul_ln1118_28_fu_604_p2     |     *    |      1|  0|   5|          16|           8|
    |mul_ln1118_29_fu_546_p2     |     *    |      1|  0|   5|          16|           9|
    |mul_ln1118_2_fu_568_p2      |     *    |      1|  0|   5|          16|           8|
    |mul_ln1118_30_fu_652_p2     |     *    |      1|  0|   5|          16|           9|
    |mul_ln1118_31_fu_697_p2     |     *    |      1|  0|   5|          16|           8|
    |mul_ln1118_32_fu_683_p2     |     *    |      1|  0|   5|          16|           7|
    |mul_ln1118_34_fu_676_p2     |     *    |      1|  0|   5|          16|           9|
    |mul_ln1118_35_fu_626_p2     |     *    |      1|  0|   5|          16|           8|
    |mul_ln1118_36_fu_613_p2     |     *    |      1|  0|   5|          16|           8|
    |mul_ln1118_37_fu_682_p2     |     *    |      1|  0|   5|          16|           7|
    |mul_ln1118_38_fu_553_p2     |     *    |      1|  0|   5|          16|           8|
    |mul_ln1118_39_fu_535_p2     |     *    |      1|  0|   5|          16|           8|
    |mul_ln1118_3_fu_732_p2      |     *    |      1|  0|   5|          16|           9|
    |mul_ln1118_40_fu_617_p2     |     *    |      1|  0|   5|          16|           9|
    |mul_ln1118_41_fu_574_p2     |     *    |      1|  0|   5|          16|           8|
    |mul_ln1118_42_fu_612_p2     |     *    |      1|  0|   5|          16|           7|
    |mul_ln1118_43_fu_625_p2     |     *    |      1|  0|   5|          16|           9|
    |mul_ln1118_44_fu_609_p2     |     *    |      1|  0|   5|          16|           8|
    |mul_ln1118_45_fu_691_p2     |     *    |      1|  0|   5|          16|           5|
    |mul_ln1118_46_fu_600_p2     |     *    |      1|  0|   5|          16|           7|
    |mul_ln1118_47_fu_542_p2     |     *    |      1|  0|   5|          16|           7|
    |mul_ln1118_48_fu_671_p2     |     *    |      1|  0|   5|          16|           7|
    |mul_ln1118_49_fu_651_p2     |     *    |      1|  0|   5|          16|           6|
    |mul_ln1118_4_fu_733_p2      |     *    |      1|  0|   5|          16|           6|
    |mul_ln1118_50_fu_730_p2     |     *    |      1|  0|   5|          16|           7|
    |mul_ln1118_51_fu_692_p2     |     *    |      1|  0|   5|          16|           8|
    |mul_ln1118_52_fu_685_p2     |     *    |      1|  0|   5|          16|           8|
    |mul_ln1118_53_fu_655_p2     |     *    |      1|  0|   5|          16|           6|
    |mul_ln1118_54_fu_700_p2     |     *    |      1|  0|   5|          16|           7|
    |mul_ln1118_55_fu_660_p2     |     *    |      1|  0|   5|          16|           6|
    |mul_ln1118_56_fu_622_p2     |     *    |      1|  0|   5|          16|           7|
    |mul_ln1118_57_fu_595_p2     |     *    |      1|  0|   5|          16|           8|
    |mul_ln1118_58_fu_572_p2     |     *    |      1|  0|   5|          16|           8|
    |mul_ln1118_59_fu_573_p2     |     *    |      1|  0|   5|          16|           7|
    |mul_ln1118_5_fu_645_p2      |     *    |      1|  0|   5|          16|           8|
    |mul_ln1118_60_fu_539_p2     |     *    |      1|  0|   5|          16|           7|
    |mul_ln1118_61_fu_552_p2     |     *    |      1|  0|   5|          16|           7|
    |mul_ln1118_62_fu_576_p2     |     *    |      1|  0|   5|          16|           8|
    |mul_ln1118_63_fu_707_p2     |     *    |      1|  0|   5|          16|           8|
    |mul_ln1118_64_fu_578_p2     |     *    |      1|  0|   5|          16|           8|
    |mul_ln1118_65_fu_611_p2     |     *    |      1|  0|   5|          16|           5|
    |mul_ln1118_66_fu_584_p2     |     *    |      1|  0|   5|          16|           8|
    |mul_ln1118_67_fu_694_p2     |     *    |      1|  0|   5|          16|           8|
    |mul_ln1118_68_fu_728_p2     |     *    |      1|  0|   5|          16|           8|
    |mul_ln1118_69_fu_597_p2     |     *    |      1|  0|   5|          16|           8|
    |mul_ln1118_6_fu_567_p2      |     *    |      1|  0|   5|          16|          10|
    |mul_ln1118_70_fu_679_p2     |     *    |      1|  0|   5|          16|           7|
    |mul_ln1118_71_fu_650_p2     |     *    |      1|  0|   5|          16|           8|
    |mul_ln1118_72_fu_630_p2     |     *    |      1|  0|   5|          16|           7|
    |mul_ln1118_73_fu_607_p2     |     *    |      1|  0|   5|          16|           7|
    |mul_ln1118_74_fu_720_p2     |     *    |      1|  0|   5|          16|           8|
    |mul_ln1118_75_fu_705_p2     |     *    |      1|  0|   5|          16|           8|
    |mul_ln1118_76_fu_591_p2     |     *    |      1|  0|   5|          16|           8|
    |mul_ln1118_77_fu_716_p2     |     *    |      0|  0|   5|          16|           4|
    |mul_ln1118_79_fu_658_p2     |     *    |      1|  0|   5|          16|           8|
    |mul_ln1118_7_fu_665_p2      |     *    |      1|  0|   5|          16|           8|
    |mul_ln1118_80_fu_551_p2     |     *    |      1|  0|   5|          16|           8|
    |mul_ln1118_82_fu_594_p2     |     *    |      1|  0|   5|          16|           6|
    |mul_ln1118_83_fu_561_p2     |     *    |      1|  0|   5|          16|           8|
    |mul_ln1118_84_fu_547_p2     |     *    |      1|  0|   5|          16|           8|
    |mul_ln1118_85_fu_537_p2     |     *    |      1|  0|   5|          16|           6|
    |mul_ln1118_86_fu_618_p2     |     *    |      1|  0|   5|          16|           8|
    |mul_ln1118_87_fu_639_p2     |     *    |      1|  0|   5|          16|           9|
    |mul_ln1118_89_fu_632_p2     |     *    |      1|  0|   5|          16|           8|
    |mul_ln1118_8_fu_693_p2      |     *    |      1|  0|   5|          16|           9|
    |mul_ln1118_90_fu_633_p2     |     *    |      1|  0|   5|          16|           7|
    |mul_ln1118_91_fu_634_p2     |     *    |      1|  0|   5|          16|           5|
    |mul_ln1118_92_fu_628_p2     |     *    |      1|  0|   5|          16|           9|
    |mul_ln1118_93_fu_689_p2     |     *    |      1|  0|   5|          16|           8|
    |mul_ln1118_95_fu_564_p2     |     *    |      1|  0|   5|          16|           8|
    |mul_ln1118_96_fu_636_p2     |     *    |      1|  0|   5|          16|           8|
    |mul_ln1118_97_fu_704_p2     |     *    |      1|  0|   5|          16|          10|
    |mul_ln1118_98_fu_598_p2     |     *    |      1|  0|   5|          16|           7|
    |mul_ln1118_99_fu_674_p2     |     *    |      1|  0|   5|          16|           6|
    |mul_ln1118_9_fu_684_p2      |     *    |      1|  0|   5|          16|           8|
    |mul_ln1118_fu_616_p2        |     *    |      1|  0|   5|          16|           9|
    |acc_1_V_fu_93953_p2         |     +    |      0|  0|  16|          16|          16|
    |acc_2_V_fu_94009_p2         |     +    |      0|  0|  16|          16|          16|
    |acc_3_V_fu_94078_p2         |     +    |      0|  0|  16|          16|          16|
    |acc_4_V_fu_94147_p2         |     +    |      0|  0|  16|          16|          16|
    |acc_5_V_fu_94203_p2         |     +    |      0|  0|  16|          16|          16|
    |acc_6_V_fu_94280_p2         |     +    |      0|  0|  16|          16|          16|
    |acc_7_V_fu_94349_p2         |     +    |      0|  0|  16|          16|          16|
    |acc_8_V_fu_94426_p2         |     +    |      0|  0|  16|          16|          16|
    |acc_9_V_fu_94495_p2         |     +    |      0|  0|  16|          16|          16|
    |add_ln1118_10_fu_92485_p2   |     +    |      0|  0|  24|          24|          24|
    |add_ln1118_11_fu_92653_p2   |     +    |      0|  0|  22|          22|          22|
    |add_ln1118_12_fu_93414_p2   |     +    |      0|  0|  21|          21|          21|
    |add_ln1118_1_fu_89927_p2    |     +    |      0|  0|  19|          19|          19|
    |add_ln1118_2_fu_90275_p2    |     +    |      0|  0|  20|          20|          20|
    |add_ln1118_3_fu_90345_p2    |     +    |      0|  0|  24|          24|          24|
    |add_ln1118_4_fu_90447_p2    |     +    |      0|  0|  23|          23|          23|
    |add_ln1118_5_fu_90639_p2    |     +    |      0|  0|  19|          19|          19|
    |add_ln1118_6_fu_90743_p2    |     +    |      0|  0|  23|          23|          23|
    |add_ln1118_7_fu_90972_p2    |     +    |      0|  0|  24|          24|          24|
    |add_ln1118_8_fu_92252_p2    |     +    |      0|  0|  24|          24|          24|
    |add_ln1118_9_fu_92424_p2    |     +    |      0|  0|  22|          22|          22|
    |add_ln1118_fu_89832_p2      |     +    |      0|  0|  24|          24|          24|
    |add_ln703_1007_fu_93888_p2  |     +    |      0|  0|  16|          16|          16|
    |add_ln703_100_fu_91714_p2   |     +    |      0|  0|  16|          16|          16|
    |add_ln703_101_fu_91720_p2   |     +    |      0|  0|  16|          16|          16|
    |add_ln703_102_fu_91726_p2   |     +    |      0|  0|  16|          16|          16|
    |add_ln703_103_fu_91732_p2   |     +    |      0|  0|  16|          16|          16|
    |add_ln703_104_fu_91738_p2   |     +    |      0|  0|  16|          16|          16|
    |add_ln703_105_fu_91744_p2   |     +    |      0|  0|  16|          16|          16|
    |add_ln703_106_fu_91750_p2   |     +    |      0|  0|  16|          16|          16|
    |add_ln703_107_fu_91756_p2   |     +    |      0|  0|  16|          16|          16|
    |add_ln703_108_fu_94152_p2   |     +    |      0|  0|  16|          16|          16|
    |add_ln703_109_fu_94158_p2   |     +    |      0|  0|  16|          16|          16|
    |add_ln703_10_fu_93840_p2    |     +    |      0|  0|  16|          16|          16|
    |add_ln703_110_fu_94164_p2   |     +    |      0|  0|  16|          16|          16|
    |add_ln703_111_fu_94170_p2   |     +    |      0|  0|  16|          16|          16|
    |add_ln703_112_fu_94176_p2   |     +    |      0|  0|  16|          16|          16|
    |add_ln703_113_fu_94182_p2   |     +    |      0|  0|  16|          16|          16|
    |add_ln703_114_fu_91762_p2   |     +    |      0|  0|  11|          11|           7|
    |add_ln703_115_fu_91772_p2   |     +    |      0|  0|  14|          14|          14|
    |add_ln703_116_fu_94191_p2   |     +    |      0|  0|  16|          16|          16|
    |add_ln703_117_fu_94197_p2   |     +    |      0|  0|  16|          16|          16|
    |add_ln703_119_fu_91778_p2   |     +    |      0|  0|  16|          16|          16|
    |add_ln703_11_fu_93846_p2    |     +    |      0|  0|  16|          16|          16|
    |add_ln703_120_fu_91784_p2   |     +    |      0|  0|  16|          16|          16|
    |add_ln703_121_fu_91790_p2   |     +    |      0|  0|  16|          16|          16|
    |add_ln703_122_fu_91796_p2   |     +    |      0|  0|  16|          16|          16|
    |add_ln703_123_fu_91802_p2   |     +    |      0|  0|  16|          16|          16|
    |add_ln703_124_fu_91808_p2   |     +    |      0|  0|  16|          16|          16|
    |add_ln703_125_fu_91814_p2   |     +    |      0|  0|  16|          16|          16|
    |add_ln703_126_fu_91820_p2   |     +    |      0|  0|  16|          16|          16|
    |add_ln703_127_fu_91826_p2   |     +    |      0|  0|  16|          16|          16|
    |add_ln703_128_fu_94208_p2   |     +    |      0|  0|  15|          15|          15|
    |add_ln703_129_fu_94218_p2   |     +    |      0|  0|  16|          16|          16|
    |add_ln703_12_fu_93852_p2    |     +    |      0|  0|  16|          16|          16|
    |add_ln703_130_fu_94224_p2   |     +    |      0|  0|  16|          16|          16|
    |add_ln703_131_fu_94230_p2   |     +    |      0|  0|  16|          16|          16|
    |add_ln703_132_fu_94236_p2   |     +    |      0|  0|  16|          16|          16|
    |add_ln703_133_fu_94242_p2   |     +    |      0|  0|  16|          16|          16|
    |add_ln703_134_fu_94248_p2   |     +    |      0|  0|  12|          12|           6|
    |add_ln703_135_fu_94258_p2   |     +    |      0|  0|  13|          13|          13|
    |add_ln703_136_fu_94268_p2   |     +    |      0|  0|  16|          16|          16|
    |add_ln703_137_fu_94274_p2   |     +    |      0|  0|  16|          16|          16|
    |add_ln703_139_fu_91832_p2   |     +    |      0|  0|  16|          16|          16|
    |add_ln703_13_fu_93858_p2    |     +    |      0|  0|  16|          16|          16|
    |add_ln703_140_fu_91838_p2   |     +    |      0|  0|  16|          16|          16|
    |add_ln703_141_fu_91844_p2   |     +    |      0|  0|  16|          16|          16|
    |add_ln703_142_fu_91850_p2   |     +    |      0|  0|  16|          16|          16|
    |add_ln703_143_fu_91856_p2   |     +    |      0|  0|  16|          16|          16|
    |add_ln703_144_fu_91862_p2   |     +    |      0|  0|  16|          16|          16|
    |add_ln703_145_fu_91868_p2   |     +    |      0|  0|  16|          16|          16|
    |add_ln703_146_fu_91874_p2   |     +    |      0|  0|  16|          16|          16|
    |add_ln703_147_fu_91880_p2   |     +    |      0|  0|  16|          16|          16|
    |add_ln703_148_fu_94285_p2   |     +    |      0|  0|  16|          16|          16|
    |add_ln703_149_fu_94291_p2   |     +    |      0|  0|  16|          16|          16|
    |add_ln703_14_fu_93864_p2    |     +    |      0|  0|  16|          16|           8|
    |add_ln703_150_fu_94297_p2   |     +    |      0|  0|  16|          16|          16|
    |add_ln703_151_fu_94303_p2   |     +    |      0|  0|  16|          16|          16|
    |add_ln703_152_fu_94309_p2   |     +    |      0|  0|  16|          16|          16|
    |add_ln703_153_fu_94315_p2   |     +    |      0|  0|  16|          16|          16|
    |add_ln703_154_fu_94321_p2   |     +    |      0|  0|  15|          15|           7|
    |add_ln703_155_fu_94331_p2   |     +    |      0|  0|  16|          16|          16|
    |add_ln703_156_fu_94337_p2   |     +    |      0|  0|  16|          16|          16|
    |add_ln703_157_fu_94343_p2   |     +    |      0|  0|  16|          16|          16|
    |add_ln703_159_fu_91886_p2   |     +    |      0|  0|  16|          16|          16|
    |add_ln703_15_fu_93870_p2    |     +    |      0|  0|  16|          16|          16|
    |add_ln703_160_fu_91892_p2   |     +    |      0|  0|  16|          16|          16|
    |add_ln703_161_fu_91898_p2   |     +    |      0|  0|  16|          16|          16|
    |add_ln703_162_fu_91904_p2   |     +    |      0|  0|  16|          16|          16|
    |add_ln703_163_fu_91910_p2   |     +    |      0|  0|  16|          16|          16|
    |add_ln703_164_fu_91916_p2   |     +    |      0|  0|  16|          16|          16|
    |add_ln703_165_fu_91922_p2   |     +    |      0|  0|  16|          16|          16|
    |add_ln703_166_fu_91928_p2   |     +    |      0|  0|  16|          16|          16|
    |add_ln703_167_fu_91934_p2   |     +    |      0|  0|  16|          16|          16|
    |add_ln703_168_fu_94354_p2   |     +    |      0|  0|  16|          16|          16|
    |add_ln703_169_fu_94360_p2   |     +    |      0|  0|  15|          15|          15|
    |add_ln703_16_fu_93876_p2    |     +    |      0|  0|  16|          16|          16|
    |add_ln703_170_fu_94370_p2   |     +    |      0|  0|  16|          16|          16|
    |add_ln703_171_fu_94376_p2   |     +    |      0|  0|  16|          16|          16|
    |add_ln703_172_fu_94382_p2   |     +    |      0|  0|  16|          16|          16|
    |add_ln703_173_fu_94388_p2   |     +    |      0|  0|  16|          16|          16|
    |add_ln703_174_fu_94394_p2   |     +    |      0|  0|  12|          12|           7|
    |add_ln703_175_fu_94404_p2   |     +    |      0|  0|  15|          15|          15|
    |add_ln703_176_fu_94414_p2   |     +    |      0|  0|  16|          16|          16|
    |add_ln703_177_fu_94420_p2   |     +    |      0|  0|  16|          16|          16|
    |add_ln703_179_fu_91940_p2   |     +    |      0|  0|  16|          16|          16|
    |add_ln703_17_fu_93882_p2    |     +    |      0|  0|  16|          16|          16|
    |add_ln703_180_fu_91946_p2   |     +    |      0|  0|  16|          16|          16|
    |add_ln703_181_fu_91952_p2   |     +    |      0|  0|  16|          16|          16|
    |add_ln703_182_fu_91958_p2   |     +    |      0|  0|  16|          16|          16|
    |add_ln703_183_fu_91964_p2   |     +    |      0|  0|  16|          16|          16|
    |add_ln703_184_fu_91970_p2   |     +    |      0|  0|  16|          16|          16|
    |add_ln703_185_fu_91976_p2   |     +    |      0|  0|  16|          16|          16|
    |add_ln703_186_fu_91982_p2   |     +    |      0|  0|  16|          16|          16|
    |add_ln703_187_fu_91988_p2   |     +    |      0|  0|  16|          16|          16|
    |add_ln703_188_fu_94431_p2   |     +    |      0|  0|  16|          16|          16|
    |add_ln703_189_fu_94437_p2   |     +    |      0|  0|  16|          16|          16|
    |add_ln703_190_fu_94443_p2   |     +    |      0|  0|  16|          16|          16|
    |add_ln703_191_fu_94449_p2   |     +    |      0|  0|  16|          16|          16|
    |add_ln703_192_fu_94455_p2   |     +    |      0|  0|  16|          16|          16|
    |add_ln703_193_fu_94461_p2   |     +    |      0|  0|  16|          16|          16|
    |add_ln703_194_fu_94467_p2   |     +    |      0|  0|  15|          15|           5|
    |add_ln703_195_fu_94477_p2   |     +    |      0|  0|  16|          16|          16|
    |add_ln703_196_fu_94483_p2   |     +    |      0|  0|  16|          16|          16|
    |add_ln703_197_fu_94489_p2   |     +    |      0|  0|  16|          16|          16|
    |add_ln703_19_fu_91476_p2    |     +    |      0|  0|  16|          16|          16|
    |add_ln703_1_fu_91428_p2     |     +    |      0|  0|  16|          16|          16|
    |add_ln703_20_fu_91482_p2    |     +    |      0|  0|  16|          16|          16|
    |add_ln703_21_fu_91488_p2    |     +    |      0|  0|  16|          16|          16|
    |add_ln703_22_fu_91494_p2    |     +    |      0|  0|  16|          16|          16|
    |add_ln703_23_fu_91500_p2    |     +    |      0|  0|  16|          16|          16|
    |add_ln703_24_fu_91506_p2    |     +    |      0|  0|  16|          16|          16|
    |add_ln703_25_fu_91512_p2    |     +    |      0|  0|  16|          16|          16|
    |add_ln703_26_fu_91518_p2    |     +    |      0|  0|  16|          16|          16|
    |add_ln703_27_fu_91524_p2    |     +    |      0|  0|  16|          16|          16|
    |add_ln703_28_fu_93893_p2    |     +    |      0|  0|  16|          16|          16|
    |add_ln703_29_fu_93899_p2    |     +    |      0|  0|  16|          16|          16|
    |add_ln703_2_fu_91434_p2     |     +    |      0|  0|  16|          16|          16|
    |add_ln703_30_fu_93905_p2    |     +    |      0|  0|  16|          16|          16|
    |add_ln703_31_fu_93911_p2    |     +    |      0|  0|  16|          16|          16|
    |add_ln703_32_fu_93917_p2    |     +    |      0|  0|  16|          16|          16|
    |add_ln703_33_fu_93923_p2    |     +    |      0|  0|  16|          16|          16|
    |add_ln703_34_fu_93929_p2    |     +    |      0|  0|  16|          16|           4|
    |add_ln703_35_fu_93935_p2    |     +    |      0|  0|  16|          16|          16|
    |add_ln703_36_fu_93941_p2    |     +    |      0|  0|  16|          16|          16|
    |add_ln703_37_fu_93947_p2    |     +    |      0|  0|  16|          16|          16|
    |add_ln703_39_fu_91530_p2    |     +    |      0|  0|  16|          16|          16|
    |add_ln703_3_fu_91440_p2     |     +    |      0|  0|  16|          16|          16|
    |add_ln703_40_fu_91536_p2    |     +    |      0|  0|  16|          16|          16|
    |add_ln703_41_fu_91542_p2    |     +    |      0|  0|  16|          16|          16|
    |add_ln703_42_fu_91548_p2    |     +    |      0|  0|  16|          16|          16|
    |add_ln703_43_fu_91554_p2    |     +    |      0|  0|  16|          16|          16|
    |add_ln703_44_fu_91560_p2    |     +    |      0|  0|  16|          16|          16|
    |add_ln703_45_fu_91566_p2    |     +    |      0|  0|  16|          16|          16|
    |add_ln703_46_fu_91572_p2    |     +    |      0|  0|  16|          16|          16|
    |add_ln703_47_fu_91578_p2    |     +    |      0|  0|  16|          16|          16|
    |add_ln703_48_fu_93958_p2    |     +    |      0|  0|  16|          16|          16|
    |add_ln703_49_fu_93964_p2    |     +    |      0|  0|  16|          16|          16|
    |add_ln703_4_fu_91446_p2     |     +    |      0|  0|  16|          16|          16|
    |add_ln703_50_fu_93970_p2    |     +    |      0|  0|  16|          16|          16|
    |add_ln703_51_fu_93976_p2    |     +    |      0|  0|  16|          16|          16|
    |add_ln703_52_fu_93982_p2    |     +    |      0|  0|  16|          16|          16|
    |add_ln703_53_fu_93988_p2    |     +    |      0|  0|  16|          16|          16|
    |add_ln703_54_fu_91584_p2    |     +    |      0|  0|  12|          12|           8|
    |add_ln703_55_fu_91594_p2    |     +    |      0|  0|  13|          13|          13|
    |add_ln703_56_fu_93997_p2    |     +    |      0|  0|  16|          16|          16|
    |add_ln703_57_fu_94003_p2    |     +    |      0|  0|  16|          16|          16|
    |add_ln703_59_fu_91600_p2    |     +    |      0|  0|  16|          16|          16|
    |add_ln703_5_fu_91452_p2     |     +    |      0|  0|  16|          16|          16|
    |add_ln703_60_fu_91606_p2    |     +    |      0|  0|  16|          16|          16|
    |add_ln703_61_fu_91612_p2    |     +    |      0|  0|  16|          16|          16|
    |add_ln703_62_fu_91618_p2    |     +    |      0|  0|  16|          16|          16|
    |add_ln703_63_fu_91624_p2    |     +    |      0|  0|  16|          16|          16|
    |add_ln703_64_fu_91630_p2    |     +    |      0|  0|  16|          16|          16|
    |add_ln703_65_fu_91636_p2    |     +    |      0|  0|  16|          16|          16|
    |add_ln703_66_fu_91642_p2    |     +    |      0|  0|  16|          16|          16|
    |add_ln703_67_fu_91648_p2    |     +    |      0|  0|  16|          16|          16|
    |add_ln703_68_fu_94014_p2    |     +    |      0|  0|  16|          16|          16|
    |add_ln703_69_fu_94020_p2    |     +    |      0|  0|  16|          16|          16|
    |add_ln703_6_fu_91458_p2     |     +    |      0|  0|  16|          16|          16|
    |add_ln703_70_fu_94026_p2    |     +    |      0|  0|  16|          16|          16|
    |add_ln703_71_fu_94032_p2    |     +    |      0|  0|  16|          16|          16|
    |add_ln703_72_fu_94038_p2    |     +    |      0|  0|  16|          16|          16|
    |add_ln703_73_fu_94044_p2    |     +    |      0|  0|  16|          16|          16|
    |add_ln703_74_fu_94050_p2    |     +    |      0|  0|  14|          14|           8|
    |add_ln703_75_fu_94060_p2    |     +    |      0|  0|  16|          16|          16|
    |add_ln703_76_fu_94066_p2    |     +    |      0|  0|  16|          16|          16|
    |add_ln703_77_fu_94072_p2    |     +    |      0|  0|  16|          16|          16|
    |add_ln703_79_fu_91654_p2    |     +    |      0|  0|  16|          16|          16|
    |add_ln703_7_fu_91464_p2     |     +    |      0|  0|  16|          16|          16|
    |add_ln703_80_fu_91660_p2    |     +    |      0|  0|  16|          16|          16|
    |add_ln703_81_fu_91666_p2    |     +    |      0|  0|  16|          16|          16|
    |add_ln703_82_fu_91672_p2    |     +    |      0|  0|  16|          16|          16|
    |add_ln703_83_fu_91678_p2    |     +    |      0|  0|  16|          16|          16|
    |add_ln703_84_fu_91684_p2    |     +    |      0|  0|  16|          16|          16|
    |add_ln703_85_fu_91690_p2    |     +    |      0|  0|  16|          16|          16|
    |add_ln703_86_fu_91696_p2    |     +    |      0|  0|  16|          16|          16|
    |add_ln703_87_fu_91702_p2    |     +    |      0|  0|  16|          16|          16|
    |add_ln703_88_fu_94083_p2    |     +    |      0|  0|  16|          16|          16|
    |add_ln703_89_fu_94089_p2    |     +    |      0|  0|  16|          16|          16|
    |add_ln703_8_fu_91470_p2     |     +    |      0|  0|  16|          16|          16|
    |add_ln703_90_fu_94095_p2    |     +    |      0|  0|  16|          16|          16|
    |add_ln703_91_fu_94101_p2    |     +    |      0|  0|  16|          16|          16|
    |add_ln703_92_fu_94107_p2    |     +    |      0|  0|  16|          16|          16|
    |add_ln703_93_fu_94113_p2    |     +    |      0|  0|  16|          16|          16|
    |add_ln703_94_fu_94119_p2    |     +    |      0|  0|  15|          15|           9|
    |add_ln703_95_fu_94129_p2    |     +    |      0|  0|  16|          16|          16|
    |add_ln703_96_fu_94135_p2    |     +    |      0|  0|  16|          16|          16|
    |add_ln703_97_fu_94141_p2    |     +    |      0|  0|  16|          16|          16|
    |add_ln703_99_fu_91708_p2    |     +    |      0|  0|  16|          16|          16|
    |add_ln703_9_fu_93834_p2     |     +    |      0|  0|  16|          16|          16|
    |add_ln703_fu_91422_p2       |     +    |      0|  0|  16|          16|          16|
    |sub_ln1118_10_fu_90165_p2   |     -    |      0|  0|  24|          24|          24|
    |sub_ln1118_11_fu_90203_p2   |     -    |      0|  0|  24|          24|          24|
    |sub_ln1118_12_fu_90259_p2   |     -    |      0|  0|  24|          24|          24|
    |sub_ln1118_13_fu_90589_p2   |     -    |      0|  0|  24|          24|          24|
    |sub_ln1118_14_fu_90605_p2   |     -    |      0|  0|  16|           1|          24|
    |sub_ln1118_15_fu_90611_p2   |     -    |      0|  0|  16|          24|          24|
    |sub_ln1118_16_fu_90659_p2   |     -    |      0|  0|  16|           1|          22|
    |sub_ln1118_17_fu_90677_p2   |     -    |      0|  0|  16|          22|          22|
    |sub_ln1118_18_fu_90807_p2   |     -    |      0|  0|  24|          24|          24|
    |sub_ln1118_19_fu_90823_p2   |     -    |      0|  0|  23|          23|          23|
    |sub_ln1118_1_fu_89680_p2    |     -    |      0|  0|  16|           1|          19|
    |sub_ln1118_20_fu_90903_p2   |     -    |      0|  0|  20|          20|          20|
    |sub_ln1118_21_fu_91014_p2   |     -    |      0|  0|  16|           1|          22|
    |sub_ln1118_22_fu_91036_p2   |     -    |      0|  0|  16|          22|          22|
    |sub_ln1118_23_fu_91110_p2   |     -    |      0|  0|  18|           1|          18|
    |sub_ln1118_24_fu_91244_p2   |     -    |      0|  0|  21|          21|          21|
    |sub_ln1118_25_fu_91276_p2   |     -    |      0|  0|  16|           1|          22|
    |sub_ln1118_263_fu_90239_p2  |     -    |      0|  0|  20|          20|          20|
    |sub_ln1118_264_fu_92108_p2  |     -    |      0|  0|  23|          23|          23|
    |sub_ln1118_265_fu_92162_p2  |     -    |      0|  0|  24|          24|          24|
    |sub_ln1118_266_fu_92444_p2  |     -    |      0|  0|  22|          22|          22|
    |sub_ln1118_267_fu_92603_p2  |     -    |      0|  0|  22|          22|          22|
    |sub_ln1118_268_fu_93373_p2  |     -    |      0|  0|  20|          20|          20|
    |sub_ln1118_26_fu_91282_p2   |     -    |      0|  0|  16|          22|          22|
    |sub_ln1118_27_fu_91340_p2   |     -    |      0|  0|  20|           1|          20|
    |sub_ln1118_28_fu_92214_p2   |     -    |      0|  0|  21|          21|          21|
    |sub_ln1118_29_fu_92342_p2   |     -    |      0|  0|  22|          22|          22|
    |sub_ln1118_2_fu_89686_p2    |     -    |      0|  0|  16|          19|          19|
    |sub_ln1118_30_fu_92404_p2   |     -    |      0|  0|  23|          23|          23|
    |sub_ln1118_31_fu_92562_p2   |     -    |      0|  0|  19|           1|          19|
    |sub_ln1118_32_fu_92695_p2   |     -    |      0|  0|  20|          20|          20|
    |sub_ln1118_33_fu_92755_p2   |     -    |      0|  0|  24|           1|          24|
    |sub_ln1118_34_fu_92797_p2   |     -    |      0|  0|  21|          21|          21|
    |sub_ln1118_35_fu_92866_p2   |     -    |      0|  0|  16|           1|          23|
    |sub_ln1118_36_fu_92872_p2   |     -    |      0|  0|  16|          23|          23|
    |sub_ln1118_37_fu_92917_p2   |     -    |      0|  0|  16|           1|          20|
    |sub_ln1118_38_fu_92923_p2   |     -    |      0|  0|  16|          20|          20|
    |sub_ln1118_39_fu_93074_p2   |     -    |      0|  0|  24|          24|          24|
    |sub_ln1118_3_fu_89718_p2    |     -    |      0|  0|  16|           1|          24|
    |sub_ln1118_40_fu_93138_p2   |     -    |      0|  0|  23|          23|          23|
    |sub_ln1118_41_fu_93233_p2   |     -    |      0|  0|  21|           1|          21|
    |sub_ln1118_42_fu_93264_p2   |     -    |      0|  0|  23|          23|          23|
    |sub_ln1118_43_fu_93330_p2   |     -    |      0|  0|  16|           1|          24|
    |sub_ln1118_44_fu_93336_p2   |     -    |      0|  0|  16|          24|          24|
    |sub_ln1118_45_fu_93505_p2   |     -    |      0|  0|  16|           1|          24|
    |sub_ln1118_46_fu_93511_p2   |     -    |      0|  0|  16|          24|          24|
    |sub_ln1118_47_fu_93559_p2   |     -    |      0|  0|  22|          22|          22|
    |sub_ln1118_48_fu_93678_p2   |     -    |      0|  0|  22|           1|          22|
    |sub_ln1118_49_fu_93708_p2   |     -    |      0|  0|  22|          22|          22|
    |sub_ln1118_4_fu_89724_p2    |     -    |      0|  0|  16|          24|          24|
    |sub_ln1118_50_fu_93749_p2   |     -    |      0|  0|  20|          20|          20|
    |sub_ln1118_51_fu_93794_p2   |     -    |      0|  0|  19|           1|          19|
    |sub_ln1118_52_fu_93814_p2   |     -    |      0|  0|  22|          22|          22|
    |sub_ln1118_5_fu_89772_p2    |     -    |      0|  0|  16|           1|          23|
    |sub_ln1118_6_fu_89798_p2    |     -    |      0|  0|  16|          23|          23|
    |sub_ln1118_7_fu_89860_p2    |     -    |      0|  0|  22|          22|          22|
    |sub_ln1118_8_fu_90001_p2    |     -    |      0|  0|  22|          22|          22|
    |sub_ln1118_9_fu_90075_p2    |     -    |      0|  0|  23|          23|          23|
    |sub_ln1118_fu_89533_p2      |     -    |      0|  0|  23|          23|          23|
    +----------------------------+----------+-------+---+----+------------+------------+
    |Total                       |          |    130|  0|5258|        6469|        5671|
    +----------------------------+----------+-------+---+----+------------+------------+

    * Multiplexer: 
    +-------------+----+-----------+-----+-----------+
    |     Name    | LUT| Input Size| Bits| Total Bits|
    +-------------+----+-----------+-----+-----------+
    |ap_return_0  |   9|          2|   16|         32|
    |ap_return_1  |   9|          2|   16|         32|
    |ap_return_2  |   9|          2|   16|         32|
    |ap_return_3  |   9|          2|   16|         32|
    |ap_return_4  |   9|          2|   16|         32|
    |ap_return_5  |   9|          2|   16|         32|
    |ap_return_6  |   9|          2|   16|         32|
    |ap_return_7  |   9|          2|   16|         32|
    |ap_return_8  |   9|          2|   16|         32|
    |ap_return_9  |   9|          2|   16|         32|
    +-------------+----+-----------+-----+-----------+
    |Total        |  90|         20|  160|        320|
    +-------------+----+-----------+-----+-----------+

    * Register: 
    +----------------------------+----+----+-----+-----------+
    |            Name            | FF | LUT| Bits| Const Bits|
    +----------------------------+----+----+-----+-----------+
    |add_ln703_107_reg_94717     |  16|   0|   16|          0|
    |add_ln703_115_reg_94722     |  14|   0|   14|          0|
    |add_ln703_127_reg_94727     |  16|   0|   16|          0|
    |add_ln703_147_reg_94732     |  16|   0|   16|          0|
    |add_ln703_167_reg_94737     |  16|   0|   16|          0|
    |add_ln703_187_reg_94742     |  16|   0|   16|          0|
    |add_ln703_27_reg_94692      |  16|   0|   16|          0|
    |add_ln703_47_reg_94697      |  16|   0|   16|          0|
    |add_ln703_55_reg_94702      |  13|   0|   13|          0|
    |add_ln703_67_reg_94707      |  16|   0|   16|          0|
    |add_ln703_87_reg_94712      |  16|   0|   16|          0|
    |add_ln703_8_reg_94687       |  16|   0|   16|          0|
    |ap_ce_reg                   |   1|   0|    1|          0|
    |ap_return_0_int_reg         |  16|   0|   16|          0|
    |ap_return_1_int_reg         |  16|   0|   16|          0|
    |ap_return_2_int_reg         |  16|   0|   16|          0|
    |ap_return_3_int_reg         |  16|   0|   16|          0|
    |ap_return_4_int_reg         |  16|   0|   16|          0|
    |ap_return_5_int_reg         |  16|   0|   16|          0|
    |ap_return_6_int_reg         |  16|   0|   16|          0|
    |ap_return_7_int_reg         |  16|   0|   16|          0|
    |ap_return_8_int_reg         |  16|   0|   16|          0|
    |ap_return_9_int_reg         |  16|   0|   16|          0|
    |data_10_V_read21_reg_94657  |  16|   0|   16|          0|
    |data_11_V_read22_reg_94645  |  16|   0|   16|          0|
    |data_12_V_read23_reg_94633  |  16|   0|   16|          0|
    |data_13_V_read_4_reg_94623  |  16|   0|   16|          0|
    |data_14_V_read_4_reg_94611  |  16|   0|   16|          0|
    |data_15_V_read_5_reg_94602  |  16|   0|   16|          0|
    |data_16_V_read_5_reg_94591  |  16|   0|   16|          0|
    |data_17_V_read_5_reg_94579  |  16|   0|   16|          0|
    |data_18_V_read_5_reg_94570  |  16|   0|   16|          0|
    |data_19_V_read_5_reg_94560  |  16|   0|   16|          0|
    |sext_ln1118_65_reg_94673    |  24|   0|   24|          0|
    |trunc_ln708_13_reg_94663    |  14|   0|   14|          0|
    |trunc_ln708_148_reg_94682   |  13|   0|   13|          0|
    |trunc_ln708_81_reg_94668    |  11|   0|   11|          0|
    +----------------------------+----+----+-----+-----------+
    |Total                       | 570|   0|  570|          0|
    +----------------------------+----+----+-----+-----------+



================================================================
== Interface
================================================================
* Summary: 
+----------------+-----+-----+------------+-------------------------------------+--------------+
|    RTL Ports   | Dir | Bits|  Protocol  |            Source Object            |    C Type    |
+----------------+-----+-----+------------+-------------------------------------+--------------+
|ap_clk          |  in |    1| ap_ctrl_hs | dense_latency.0.0.0.0.0.0.0.0.0.0.0 | return value |
|ap_rst          |  in |    1| ap_ctrl_hs | dense_latency.0.0.0.0.0.0.0.0.0.0.0 | return value |
|ap_return_0     | out |   16| ap_ctrl_hs | dense_latency.0.0.0.0.0.0.0.0.0.0.0 | return value |
|ap_return_1     | out |   16| ap_ctrl_hs | dense_latency.0.0.0.0.0.0.0.0.0.0.0 | return value |
|ap_return_2     | out |   16| ap_ctrl_hs | dense_latency.0.0.0.0.0.0.0.0.0.0.0 | return value |
|ap_return_3     | out |   16| ap_ctrl_hs | dense_latency.0.0.0.0.0.0.0.0.0.0.0 | return value |
|ap_return_4     | out |   16| ap_ctrl_hs | dense_latency.0.0.0.0.0.0.0.0.0.0.0 | return value |
|ap_return_5     | out |   16| ap_ctrl_hs | dense_latency.0.0.0.0.0.0.0.0.0.0.0 | return value |
|ap_return_6     | out |   16| ap_ctrl_hs | dense_latency.0.0.0.0.0.0.0.0.0.0.0 | return value |
|ap_return_7     | out |   16| ap_ctrl_hs | dense_latency.0.0.0.0.0.0.0.0.0.0.0 | return value |
|ap_return_8     | out |   16| ap_ctrl_hs | dense_latency.0.0.0.0.0.0.0.0.0.0.0 | return value |
|ap_return_9     | out |   16| ap_ctrl_hs | dense_latency.0.0.0.0.0.0.0.0.0.0.0 | return value |
|ap_ce           |  in |    1| ap_ctrl_hs | dense_latency.0.0.0.0.0.0.0.0.0.0.0 | return value |
|data_0_V_read   |  in |   16|   ap_none  |            data_0_V_read            |    scalar    |
|data_1_V_read   |  in |   16|   ap_none  |            data_1_V_read            |    scalar    |
|data_2_V_read   |  in |   16|   ap_none  |            data_2_V_read            |    scalar    |
|data_3_V_read   |  in |   16|   ap_none  |            data_3_V_read            |    scalar    |
|data_4_V_read   |  in |   16|   ap_none  |            data_4_V_read            |    scalar    |
|data_5_V_read   |  in |   16|   ap_none  |            data_5_V_read            |    scalar    |
|data_6_V_read   |  in |   16|   ap_none  |            data_6_V_read            |    scalar    |
|data_7_V_read   |  in |   16|   ap_none  |            data_7_V_read            |    scalar    |
|data_8_V_read   |  in |   16|   ap_none  |            data_8_V_read            |    scalar    |
|data_9_V_read   |  in |   16|   ap_none  |            data_9_V_read            |    scalar    |
|data_10_V_read  |  in |   16|   ap_none  |            data_10_V_read           |    scalar    |
|data_11_V_read  |  in |   16|   ap_none  |            data_11_V_read           |    scalar    |
|data_12_V_read  |  in |   16|   ap_none  |            data_12_V_read           |    scalar    |
|data_13_V_read  |  in |   16|   ap_none  |            data_13_V_read           |    scalar    |
|data_14_V_read  |  in |   16|   ap_none  |            data_14_V_read           |    scalar    |
|data_15_V_read  |  in |   16|   ap_none  |            data_15_V_read           |    scalar    |
|data_16_V_read  |  in |   16|   ap_none  |            data_16_V_read           |    scalar    |
|data_17_V_read  |  in |   16|   ap_none  |            data_17_V_read           |    scalar    |
|data_18_V_read  |  in |   16|   ap_none  |            data_18_V_read           |    scalar    |
|data_19_V_read  |  in |   16|   ap_none  |            data_19_V_read           |    scalar    |
+----------------+-----+-----+------------+-------------------------------------+--------------+

