

================================================================
== Vivado HLS Report for 'make_inputs_10u_s'
================================================================
* Date:           Fri Jun 25 16:33:10 2021

* Version:        2019.1 (Build 2552052 on Fri May 24 15:28:33 MDT 2019)
* Project:        proj_b
* Solution:       solution1
* Product family: virtexuplus
* Target device:  xcvu9p-flgb2104-2-i


================================================================
== Performance Estimates
================================================================
+ Timing (ns): 
    * Summary: 
    +--------+-------+----------+------------+
    |  Clock | Target| Estimated| Uncertainty|
    +--------+-------+----------+------------+
    |ap_clk  |   5.00|     0.500|        0.50|
    +--------+-------+----------+------------+

+ Latency (clock cycles): 
    * Summary: 
    +-----+-----+-----+-----+----------+
    |  Latency  |  Interval | Pipeline |
    | min | max | min | max |   Type   |
    +-----+-----+-----+-----+----------+
    |    0|    0|    1|    1| function |
    +-----+-----+-----+-----+----------+

    + Detail: 
        * Instance: 
        N/A

        * Loop: 
        N/A



================================================================
== Utilization Estimates
================================================================
* Summary: 
+---------------------+---------+-------+---------+---------+-----+
|         Name        | BRAM_18K| DSP48E|    FF   |   LUT   | URAM|
+---------------------+---------+-------+---------+---------+-----+
|DSP                  |        -|      -|        -|        -|    -|
|Expression           |        -|      -|        0|      720|    -|
|FIFO                 |        -|      -|        -|        -|    -|
|Instance             |        -|      -|        -|        -|    -|
|Memory               |        -|      -|        -|        -|    -|
|Multiplexer          |        -|      -|        -|        -|    -|
|Register             |        -|      -|        -|        -|    -|
+---------------------+---------+-------+---------+---------+-----+
|Total                |        0|      0|        0|      720|    0|
+---------------------+---------+-------+---------+---------+-----+
|Available SLR        |     1440|   2280|   788160|   394080|  320|
+---------------------+---------+-------+---------+---------+-----+
|Utilization SLR (%)  |        0|      0|        0|    ~0   |    0|
+---------------------+---------+-------+---------+---------+-----+
|Available            |     4320|   6840|  2364480|  1182240|  960|
+---------------------+---------+-------+---------+---------+-----+
|Utilization (%)      |        0|      0|        0|    ~0   |    0|
+---------------------+---------+-------+---------+---------+-----+

+ Detail: 
    * Instance: 
    N/A

    * DSP48E: 
    N/A

    * Memory: 
    N/A

    * FIFO: 
    N/A

    * Expression: 
    +--------------------------+----------+-------+---+----+------------+------------+
    |       Variable Name      | Operation| DSP48E| FF| LUT| Bitwidth P0| Bitwidth P1|
    +--------------------------+----------+-------+---+----+------------+------------+
    |icmp_ln879_10_fu_346_p2   |   icmp   |      0|  0|   9|           3|           4|
    |icmp_ln879_11_fu_364_p2   |   icmp   |      0|  0|   9|           3|           3|
    |icmp_ln879_12_fu_382_p2   |   icmp   |      0|  0|   9|           3|           3|
    |icmp_ln879_13_fu_400_p2   |   icmp   |      0|  0|   9|           3|           2|
    |icmp_ln879_14_fu_418_p2   |   icmp   |      0|  0|   9|           3|           1|
    |icmp_ln879_15_fu_436_p2   |   icmp   |      0|  0|   9|           3|           1|
    |icmp_ln879_16_fu_454_p2   |   icmp   |      0|  0|   9|           3|           2|
    |icmp_ln879_17_fu_472_p2   |   icmp   |      0|  0|   9|           3|           2|
    |icmp_ln879_18_fu_544_p2   |   icmp   |      0|  0|   9|           3|           4|
    |icmp_ln879_19_fu_562_p2   |   icmp   |      0|  0|   9|           3|           3|
    |icmp_ln879_1_fu_166_p2    |   icmp   |      0|  0|   9|           3|           3|
    |icmp_ln879_20_fu_580_p2   |   icmp   |      0|  0|   9|           3|           3|
    |icmp_ln879_21_fu_598_p2   |   icmp   |      0|  0|   9|           3|           2|
    |icmp_ln879_22_fu_616_p2   |   icmp   |      0|  0|   9|           3|           1|
    |icmp_ln879_23_fu_634_p2   |   icmp   |      0|  0|   9|           3|           1|
    |icmp_ln879_24_fu_652_p2   |   icmp   |      0|  0|   9|           3|           2|
    |icmp_ln879_25_fu_670_p2   |   icmp   |      0|  0|   9|           3|           2|
    |icmp_ln879_26_fu_742_p2   |   icmp   |      0|  0|   9|           3|           4|
    |icmp_ln879_27_fu_760_p2   |   icmp   |      0|  0|   9|           3|           3|
    |icmp_ln879_28_fu_778_p2   |   icmp   |      0|  0|   9|           3|           3|
    |icmp_ln879_29_fu_796_p2   |   icmp   |      0|  0|   9|           3|           2|
    |icmp_ln879_2_fu_184_p2    |   icmp   |      0|  0|   9|           3|           3|
    |icmp_ln879_30_fu_814_p2   |   icmp   |      0|  0|   9|           3|           1|
    |icmp_ln879_31_fu_832_p2   |   icmp   |      0|  0|   9|           3|           1|
    |icmp_ln879_32_fu_850_p2   |   icmp   |      0|  0|   9|           3|           2|
    |icmp_ln879_33_fu_868_p2   |   icmp   |      0|  0|   9|           3|           2|
    |icmp_ln879_34_fu_940_p2   |   icmp   |      0|  0|   9|           3|           4|
    |icmp_ln879_35_fu_958_p2   |   icmp   |      0|  0|   9|           3|           3|
    |icmp_ln879_36_fu_976_p2   |   icmp   |      0|  0|   9|           3|           3|
    |icmp_ln879_37_fu_994_p2   |   icmp   |      0|  0|   9|           3|           2|
    |icmp_ln879_38_fu_1012_p2  |   icmp   |      0|  0|   9|           3|           1|
    |icmp_ln879_39_fu_1030_p2  |   icmp   |      0|  0|   9|           3|           1|
    |icmp_ln879_3_fu_202_p2    |   icmp   |      0|  0|   9|           3|           2|
    |icmp_ln879_40_fu_1048_p2  |   icmp   |      0|  0|   9|           3|           2|
    |icmp_ln879_41_fu_1066_p2  |   icmp   |      0|  0|   9|           3|           2|
    |icmp_ln879_42_fu_1138_p2  |   icmp   |      0|  0|   9|           3|           4|
    |icmp_ln879_43_fu_1156_p2  |   icmp   |      0|  0|   9|           3|           3|
    |icmp_ln879_44_fu_1174_p2  |   icmp   |      0|  0|   9|           3|           3|
    |icmp_ln879_45_fu_1192_p2  |   icmp   |      0|  0|   9|           3|           2|
    |icmp_ln879_46_fu_1210_p2  |   icmp   |      0|  0|   9|           3|           1|
    |icmp_ln879_47_fu_1228_p2  |   icmp   |      0|  0|   9|           3|           1|
    |icmp_ln879_48_fu_1246_p2  |   icmp   |      0|  0|   9|           3|           2|
    |icmp_ln879_49_fu_1264_p2  |   icmp   |      0|  0|   9|           3|           2|
    |icmp_ln879_4_fu_220_p2    |   icmp   |      0|  0|   9|           3|           1|
    |icmp_ln879_50_fu_1336_p2  |   icmp   |      0|  0|   9|           3|           4|
    |icmp_ln879_51_fu_1354_p2  |   icmp   |      0|  0|   9|           3|           3|
    |icmp_ln879_52_fu_1372_p2  |   icmp   |      0|  0|   9|           3|           3|
    |icmp_ln879_53_fu_1390_p2  |   icmp   |      0|  0|   9|           3|           2|
    |icmp_ln879_54_fu_1408_p2  |   icmp   |      0|  0|   9|           3|           1|
    |icmp_ln879_55_fu_1426_p2  |   icmp   |      0|  0|   9|           3|           1|
    |icmp_ln879_56_fu_1444_p2  |   icmp   |      0|  0|   9|           3|           2|
    |icmp_ln879_57_fu_1462_p2  |   icmp   |      0|  0|   9|           3|           2|
    |icmp_ln879_58_fu_1534_p2  |   icmp   |      0|  0|   9|           3|           4|
    |icmp_ln879_59_fu_1552_p2  |   icmp   |      0|  0|   9|           3|           3|
    |icmp_ln879_5_fu_238_p2    |   icmp   |      0|  0|   9|           3|           1|
    |icmp_ln879_60_fu_1570_p2  |   icmp   |      0|  0|   9|           3|           3|
    |icmp_ln879_61_fu_1588_p2  |   icmp   |      0|  0|   9|           3|           2|
    |icmp_ln879_62_fu_1606_p2  |   icmp   |      0|  0|   9|           3|           1|
    |icmp_ln879_63_fu_1624_p2  |   icmp   |      0|  0|   9|           3|           1|
    |icmp_ln879_64_fu_1642_p2  |   icmp   |      0|  0|   9|           3|           2|
    |icmp_ln879_65_fu_1660_p2  |   icmp   |      0|  0|   9|           3|           2|
    |icmp_ln879_66_fu_1750_p2  |   icmp   |      0|  0|   9|           3|           3|
    |icmp_ln879_67_fu_1768_p2  |   icmp   |      0|  0|   9|           3|           3|
    |icmp_ln879_68_fu_1786_p2  |   icmp   |      0|  0|   9|           3|           2|
    |icmp_ln879_69_fu_1804_p2  |   icmp   |      0|  0|   9|           3|           1|
    |icmp_ln879_6_fu_256_p2    |   icmp   |      0|  0|   9|           3|           2|
    |icmp_ln879_70_fu_1822_p2  |   icmp   |      0|  0|   9|           3|           1|
    |icmp_ln879_71_fu_1840_p2  |   icmp   |      0|  0|   9|           3|           2|
    |icmp_ln879_72_fu_1858_p2  |   icmp   |      0|  0|   9|           3|           2|
    |icmp_ln879_73_fu_1948_p2  |   icmp   |      0|  0|   9|           3|           3|
    |icmp_ln879_74_fu_1966_p2  |   icmp   |      0|  0|   9|           3|           3|
    |icmp_ln879_75_fu_1984_p2  |   icmp   |      0|  0|   9|           3|           2|
    |icmp_ln879_76_fu_2002_p2  |   icmp   |      0|  0|   9|           3|           1|
    |icmp_ln879_77_fu_2020_p2  |   icmp   |      0|  0|   9|           3|           1|
    |icmp_ln879_78_fu_2038_p2  |   icmp   |      0|  0|   9|           3|           2|
    |icmp_ln879_79_fu_2056_p2  |   icmp   |      0|  0|   9|           3|           2|
    |icmp_ln879_7_fu_274_p2    |   icmp   |      0|  0|   9|           3|           2|
    |icmp_ln879_8_fu_1732_p2   |   icmp   |      0|  0|   9|           3|           4|
    |icmp_ln879_9_fu_1930_p2   |   icmp   |      0|  0|   9|           3|           4|
    |icmp_ln879_fu_148_p2      |   icmp   |      0|  0|   9|           3|           4|
    +--------------------------+----------+-------+---+----+------------+------------+
    |Total                     |          |      0|  0| 720|         240|         180|
    +--------------------------+----------+-------+---+----+------------+------------+

    * Multiplexer: 
    N/A

    * Register: 
    N/A



================================================================
== Interface
================================================================
* Summary: 
+--------------------------+-----+------+------------+--------------------------+--------------+
|         RTL Ports        | Dir | Bits |  Protocol  |       Source Object      |    C Type    |
+--------------------------+-----+------+------------+--------------------------+--------------+
|ap_ready                  | out |     1| ap_ctrl_hs |     make_inputs<10u>     | return value |
|ap_return                 | out |  2080| ap_ctrl_hs |     make_inputs<10u>     | return value |
|puppi_candidate_0_V_read  |  in |    64|   ap_none  | puppi_candidate_0_V_read |    scalar    |
|puppi_candidate_1_V_read  |  in |    64|   ap_none  | puppi_candidate_1_V_read |    scalar    |
|puppi_candidate_2_V_read  |  in |    64|   ap_none  | puppi_candidate_2_V_read |    scalar    |
|puppi_candidate_3_V_read  |  in |    64|   ap_none  | puppi_candidate_3_V_read |    scalar    |
|puppi_candidate_4_V_read  |  in |    64|   ap_none  | puppi_candidate_4_V_read |    scalar    |
|puppi_candidate_5_V_read  |  in |    64|   ap_none  | puppi_candidate_5_V_read |    scalar    |
|puppi_candidate_6_V_read  |  in |    64|   ap_none  | puppi_candidate_6_V_read |    scalar    |
|puppi_candidate_7_V_read  |  in |    64|   ap_none  | puppi_candidate_7_V_read |    scalar    |
|puppi_candidate_8_V_read  |  in |    64|   ap_none  | puppi_candidate_8_V_read |    scalar    |
|puppi_candidate_9_V_read  |  in |    64|   ap_none  | puppi_candidate_9_V_read |    scalar    |
+--------------------------+-----+------+------------+--------------------------+--------------+

