

================================================================
== Vivado HLS Report for 'dense_latency_ap_fixed_ap_fixed_config11_0_0'
================================================================
* Date:           Mon Jun  6 10:33:36 2022

* Version:        2019.1 (Build 2552052 on Fri May 24 15:28:33 MDT 2019)
* Project:        myproject_prj
* Solution:       solution1
* Product family: virtexuplus
* Target device:  xcvu9p-flgb2104-2-i


================================================================
== Performance Estimates
================================================================
+ Timing (ns): 
    * Summary: 
    +--------+-------+----------+------------+
    |  Clock | Target| Estimated| Uncertainty|
    +--------+-------+----------+------------+
    |ap_clk  |   2.50|     2.053|        0.31|
    +--------+-------+----------+------------+

+ Latency (clock cycles): 
    * Summary: 
    +-----+-----+-----+-----+----------+
    |  Latency  |  Interval | Pipeline |
    | min | max | min | max |   Type   |
    +-----+-----+-----+-----+----------+
    |    3|    3|    4|    4| function |
    +-----+-----+-----+-----+----------+

    + Detail: 
        * Instance: 
        N/A

        * Loop: 
        N/A

============================================================
+ Verbose Summary: Synthesis Manager
============================================================
InlineROM: 1
ExposeGlobal: 0
============================================================
+ Verbose Summary: CDFG Model
============================================================
IsTopModel: 0
ResetActiveHigh: 1
IsCombinational: 0
IsDatapathOnly: 0
HasWiredReturn: 1
HasMFsm: 2
HasVarLatency: 0
IsPipeline: 1
IsRtlPipelined: 0
IsInstanceOverlapped: 0
IsDontTouch: 0
HasImplIP: 0
IsGatedGlobalClock: 0

+ Individual pipeline summary: 
  * Pipeline-0: initiation interval (II) = 4, depth = 4


============================================================
+ Verbose Summary: Schedule
============================================================
* Number of FSM states : 4
* Pipeline : 1
  Pipeline-0 : II = 4, D = 4, States = { 1 2 3 4 }
* Dataflow Pipeline: 0

* FSM state transitions: 
1 --> 2 
2 --> 3 
3 --> 4 
4 --> 

* FSM state operations: 

State 1 <SV = 0> <Delay = 1.94>
ST_1 : Operation 5 [1/1] (0.00ns)   --->   "%data_2_V_read_4 = call i16 @_ssdm_op_Read.ap_auto.i16(i16 %data_2_V_read)" [firmware/nnet_utils/nnet_dense_latency.h:33]   --->   Operation 5 'read' 'data_2_V_read_4' <Predicate = true> <Delay = 0.00>
ST_1 : Operation 6 [1/1] (0.00ns)   --->   "%data_1_V_read_6 = call i16 @_ssdm_op_Read.ap_auto.i16(i16 %data_1_V_read)" [firmware/nnet_utils/nnet_dense_latency.h:33]   --->   Operation 6 'read' 'data_1_V_read_6' <Predicate = true> <Delay = 0.00>
ST_1 : Operation 7 [1/1] (0.00ns)   --->   "%sext_ln1118_66 = sext i16 %data_1_V_read_6 to i24" [firmware/nnet_utils/nnet_mult.h:78->firmware/nnet_utils/nnet_dense_latency.h:96]   --->   Operation 7 'sext' 'sext_ln1118_66' <Predicate = true> <Delay = 0.00>
ST_1 : Operation 8 [1/1] (1.94ns)   --->   "%mul_ln1118 = mul i24 %sext_ln1118_66, 71" [firmware/nnet_utils/nnet_mult.h:78->firmware/nnet_utils/nnet_dense_latency.h:96]   --->   Operation 8 'mul' 'mul_ln1118' <Predicate = true> <Delay = 1.94> <Core = "Mul">   --->   Core 16 'Mul' <Latency = 0> <II = 1> <Delay = 1.94> <FuncUnit> <Opcode : 'mul'> <InPorts = 2> <OutPorts = 1>
ST_1 : Operation 9 [1/1] (0.00ns)   --->   "%trunc_ln708_1 = call i16 @_ssdm_op_PartSelect.i16.i24.i32.i32(i24 %mul_ln1118, i32 8, i32 23)" [firmware/nnet_utils/nnet_dense_latency.h:96]   --->   Operation 9 'partselect' 'trunc_ln708_1' <Predicate = true> <Delay = 0.00>
ST_1 : Operation 10 [1/1] (0.00ns)   --->   "%sext_ln1118_67 = sext i16 %data_2_V_read_4 to i23" [firmware/nnet_utils/nnet_mult.h:78->firmware/nnet_utils/nnet_dense_latency.h:96]   --->   Operation 10 'sext' 'sext_ln1118_67' <Predicate = true> <Delay = 0.00>
ST_1 : Operation 11 [1/1] (1.94ns)   --->   "%mul_ln1118_71 = mul i23 %sext_ln1118_67, -52" [firmware/nnet_utils/nnet_mult.h:78->firmware/nnet_utils/nnet_dense_latency.h:96]   --->   Operation 11 'mul' 'mul_ln1118_71' <Predicate = true> <Delay = 1.94> <Core = "Mul">   --->   Core 16 'Mul' <Latency = 0> <II = 1> <Delay = 1.94> <FuncUnit> <Opcode : 'mul'> <InPorts = 2> <OutPorts = 1>
ST_1 : Operation 12 [1/1] (0.00ns)   --->   "%trunc_ln708_s = call i15 @_ssdm_op_PartSelect.i15.i23.i32.i32(i23 %mul_ln1118_71, i32 8, i32 22)" [firmware/nnet_utils/nnet_dense_latency.h:96]   --->   Operation 12 'partselect' 'trunc_ln708_s' <Predicate = true> <Delay = 0.00>

State 2 <SV = 1> <Delay = 1.94>
ST_2 : Operation 13 [1/1] (0.00ns)   --->   "%data_6_V_read_6 = call i16 @_ssdm_op_Read.ap_auto.i16(i16 %data_6_V_read)" [firmware/nnet_utils/nnet_dense_latency.h:33]   --->   Operation 13 'read' 'data_6_V_read_6' <Predicate = true> <Delay = 0.00>
ST_2 : Operation 14 [1/1] (0.00ns)   --->   "%data_4_V_read_6 = call i16 @_ssdm_op_Read.ap_auto.i16(i16 %data_4_V_read)" [firmware/nnet_utils/nnet_dense_latency.h:33]   --->   Operation 14 'read' 'data_4_V_read_6' <Predicate = true> <Delay = 0.00>
ST_2 : Operation 15 [1/1] (0.00ns)   --->   "%sext_ln1118_70 = sext i16 %data_4_V_read_6 to i24" [firmware/nnet_utils/nnet_mult.h:78->firmware/nnet_utils/nnet_dense_latency.h:96]   --->   Operation 15 'sext' 'sext_ln1118_70' <Predicate = true> <Delay = 0.00>
ST_2 : Operation 16 [1/1] (1.94ns)   --->   "%mul_ln1118_72 = mul i24 %sext_ln1118_70, -194" [firmware/nnet_utils/nnet_mult.h:78->firmware/nnet_utils/nnet_dense_latency.h:96]   --->   Operation 16 'mul' 'mul_ln1118_72' <Predicate = true> <Delay = 1.94> <Core = "Mul">   --->   Core 16 'Mul' <Latency = 0> <II = 1> <Delay = 1.94> <FuncUnit> <Opcode : 'mul'> <InPorts = 2> <OutPorts = 1>
ST_2 : Operation 17 [1/1] (0.00ns)   --->   "%trunc_ln708_4 = call i16 @_ssdm_op_PartSelect.i16.i24.i32.i32(i24 %mul_ln1118_72, i32 8, i32 23)" [firmware/nnet_utils/nnet_dense_latency.h:96]   --->   Operation 17 'partselect' 'trunc_ln708_4' <Predicate = true> <Delay = 0.00>
ST_2 : Operation 18 [1/1] (0.00ns)   --->   "%sext_ln1118_73 = sext i16 %data_6_V_read_6 to i24" [firmware/nnet_utils/nnet_mult.h:78->firmware/nnet_utils/nnet_dense_latency.h:96]   --->   Operation 18 'sext' 'sext_ln1118_73' <Predicate = true> <Delay = 0.00>
ST_2 : Operation 19 [1/1] (1.94ns)   --->   "%mul_ln1118_73 = mul i24 %sext_ln1118_73, 167" [firmware/nnet_utils/nnet_mult.h:78->firmware/nnet_utils/nnet_dense_latency.h:96]   --->   Operation 19 'mul' 'mul_ln1118_73' <Predicate = true> <Delay = 1.94> <Core = "Mul">   --->   Core 16 'Mul' <Latency = 0> <II = 1> <Delay = 1.94> <FuncUnit> <Opcode : 'mul'> <InPorts = 2> <OutPorts = 1>
ST_2 : Operation 20 [1/1] (0.00ns)   --->   "%trunc_ln708_6 = call i16 @_ssdm_op_PartSelect.i16.i24.i32.i32(i24 %mul_ln1118_73, i32 8, i32 23)" [firmware/nnet_utils/nnet_dense_latency.h:96]   --->   Operation 20 'partselect' 'trunc_ln708_6' <Predicate = true> <Delay = 0.00>

State 3 <SV = 2> <Delay = 1.94>
ST_3 : Operation 21 [1/1] (0.00ns)   --->   "%data_9_V_read_6 = call i16 @_ssdm_op_Read.ap_auto.i16(i16 %data_9_V_read)" [firmware/nnet_utils/nnet_dense_latency.h:33]   --->   Operation 21 'read' 'data_9_V_read_6' <Predicate = true> <Delay = 0.00>
ST_3 : Operation 22 [1/1] (0.00ns)   --->   "%data_7_V_read_6 = call i16 @_ssdm_op_Read.ap_auto.i16(i16 %data_7_V_read)" [firmware/nnet_utils/nnet_dense_latency.h:33]   --->   Operation 22 'read' 'data_7_V_read_6' <Predicate = true> <Delay = 0.00>
ST_3 : Operation 23 [1/1] (0.00ns)   --->   "%data_3_V_read_5 = call i16 @_ssdm_op_Read.ap_auto.i16(i16 %data_3_V_read)" [firmware/nnet_utils/nnet_dense_latency.h:33]   --->   Operation 23 'read' 'data_3_V_read_5' <Predicate = true> <Delay = 0.00>
ST_3 : Operation 24 [1/1] (0.00ns)   --->   "%data_0_V_read_6 = call i16 @_ssdm_op_Read.ap_auto.i16(i16 %data_0_V_read)" [firmware/nnet_utils/nnet_dense_latency.h:33]   --->   Operation 24 'read' 'data_0_V_read_6' <Predicate = true> <Delay = 0.00>
ST_3 : Operation 25 [1/1] (0.00ns)   --->   "%shl_ln = call i23 @_ssdm_op_BitConcatenate.i23.i16.i7(i16 %data_0_V_read_6, i7 0)" [firmware/nnet_utils/nnet_mult.h:78->firmware/nnet_utils/nnet_dense_latency.h:96]   --->   Operation 25 'bitconcatenate' 'shl_ln' <Predicate = true> <Delay = 0.00>
ST_3 : Operation 26 [1/1] (0.00ns)   --->   "%sext_ln1118 = sext i23 %shl_ln to i24" [firmware/nnet_utils/nnet_mult.h:78->firmware/nnet_utils/nnet_dense_latency.h:96]   --->   Operation 26 'sext' 'sext_ln1118' <Predicate = true> <Delay = 0.00>
ST_3 : Operation 27 [1/1] (0.00ns) (grouped into TernaryAdder)   --->   "%sub_ln1118 = sub i24 0, %sext_ln1118" [firmware/nnet_utils/nnet_mult.h:78->firmware/nnet_utils/nnet_dense_latency.h:96]   --->   Operation 27 'sub' 'sub_ln1118' <Predicate = true> <Delay = 0.00> <Core = "TAddSub">   --->   Core 83 'TAddSub' <Latency = 0> <II = 1> <Delay = 0.33> <IPBlock> <Opcode : 'add' 'sub'> <InPorts = 3> <OutPorts = 1> <Sync> <CReg>
ST_3 : Operation 28 [1/1] (0.00ns)   --->   "%shl_ln1118_s = call i21 @_ssdm_op_BitConcatenate.i21.i16.i5(i16 %data_0_V_read_6, i5 0)" [firmware/nnet_utils/nnet_mult.h:78->firmware/nnet_utils/nnet_dense_latency.h:96]   --->   Operation 28 'bitconcatenate' 'shl_ln1118_s' <Predicate = true> <Delay = 0.00>
ST_3 : Operation 29 [1/1] (0.00ns)   --->   "%sext_ln1118_65 = sext i21 %shl_ln1118_s to i24" [firmware/nnet_utils/nnet_mult.h:78->firmware/nnet_utils/nnet_dense_latency.h:96]   --->   Operation 29 'sext' 'sext_ln1118_65' <Predicate = true> <Delay = 0.00>
ST_3 : Operation 30 [1/1] (0.70ns) (root node of TernaryAdder)   --->   "%sub_ln1118_22 = sub i24 %sub_ln1118, %sext_ln1118_65" [firmware/nnet_utils/nnet_mult.h:78->firmware/nnet_utils/nnet_dense_latency.h:96]   --->   Operation 30 'sub' 'sub_ln1118_22' <Predicate = true> <Delay = 0.70> <Core = "TAddSub">   --->   Core 83 'TAddSub' <Latency = 0> <II = 1> <Delay = 0.33> <IPBlock> <Opcode : 'add' 'sub'> <InPorts = 3> <OutPorts = 1> <Sync> <CReg>
ST_3 : Operation 31 [1/1] (0.00ns)   --->   "%trunc_ln = call i16 @_ssdm_op_PartSelect.i16.i24.i32.i32(i24 %sub_ln1118_22, i32 8, i32 23)" [firmware/nnet_utils/nnet_dense_latency.h:96]   --->   Operation 31 'partselect' 'trunc_ln' <Predicate = true> <Delay = 0.00>
ST_3 : Operation 32 [1/1] (0.00ns)   --->   "%sext_ln708 = sext i15 %trunc_ln708_s to i16" [firmware/nnet_utils/nnet_dense_latency.h:96]   --->   Operation 32 'sext' 'sext_ln708' <Predicate = true> <Delay = 0.00>
ST_3 : Operation 33 [1/1] (0.00ns)   --->   "%shl_ln1118_37 = call i22 @_ssdm_op_BitConcatenate.i22.i16.i6(i16 %data_3_V_read_5, i6 0)" [firmware/nnet_utils/nnet_mult.h:78->firmware/nnet_utils/nnet_dense_latency.h:96]   --->   Operation 33 'bitconcatenate' 'shl_ln1118_37' <Predicate = true> <Delay = 0.00>
ST_3 : Operation 34 [1/1] (0.00ns)   --->   "%sext_ln1118_68 = sext i22 %shl_ln1118_37 to i23" [firmware/nnet_utils/nnet_mult.h:78->firmware/nnet_utils/nnet_dense_latency.h:96]   --->   Operation 34 'sext' 'sext_ln1118_68' <Predicate = true> <Delay = 0.00>
ST_3 : Operation 35 [1/1] (0.00ns) (grouped into TernaryAdder)   --->   "%sub_ln1118_23 = sub i23 0, %sext_ln1118_68" [firmware/nnet_utils/nnet_mult.h:78->firmware/nnet_utils/nnet_dense_latency.h:96]   --->   Operation 35 'sub' 'sub_ln1118_23' <Predicate = true> <Delay = 0.00> <Core = "TAddSub">   --->   Core 83 'TAddSub' <Latency = 0> <II = 1> <Delay = 0.33> <IPBlock> <Opcode : 'add' 'sub'> <InPorts = 3> <OutPorts = 1> <Sync> <CReg>
ST_3 : Operation 36 [1/1] (0.00ns)   --->   "%shl_ln1118_38 = call i17 @_ssdm_op_BitConcatenate.i17.i16.i1(i16 %data_3_V_read_5, i1 false)" [firmware/nnet_utils/nnet_mult.h:78->firmware/nnet_utils/nnet_dense_latency.h:96]   --->   Operation 36 'bitconcatenate' 'shl_ln1118_38' <Predicate = true> <Delay = 0.00>
ST_3 : Operation 37 [1/1] (0.00ns)   --->   "%sext_ln1118_69 = sext i17 %shl_ln1118_38 to i23" [firmware/nnet_utils/nnet_mult.h:78->firmware/nnet_utils/nnet_dense_latency.h:96]   --->   Operation 37 'sext' 'sext_ln1118_69' <Predicate = true> <Delay = 0.00>
ST_3 : Operation 38 [1/1] (0.69ns) (root node of TernaryAdder)   --->   "%sub_ln1118_24 = sub i23 %sub_ln1118_23, %sext_ln1118_69" [firmware/nnet_utils/nnet_mult.h:78->firmware/nnet_utils/nnet_dense_latency.h:96]   --->   Operation 38 'sub' 'sub_ln1118_24' <Predicate = true> <Delay = 0.69> <Core = "TAddSub">   --->   Core 83 'TAddSub' <Latency = 0> <II = 1> <Delay = 0.33> <IPBlock> <Opcode : 'add' 'sub'> <InPorts = 3> <OutPorts = 1> <Sync> <CReg>
ST_3 : Operation 39 [1/1] (0.00ns)   --->   "%trunc_ln708_24 = call i15 @_ssdm_op_PartSelect.i15.i23.i32.i32(i23 %sub_ln1118_24, i32 8, i32 22)" [firmware/nnet_utils/nnet_dense_latency.h:96]   --->   Operation 39 'partselect' 'trunc_ln708_24' <Predicate = true> <Delay = 0.00>
ST_3 : Operation 40 [1/1] (0.00ns)   --->   "%sext_ln708_1 = sext i15 %trunc_ln708_24 to i16" [firmware/nnet_utils/nnet_dense_latency.h:96]   --->   Operation 40 'sext' 'sext_ln708_1' <Predicate = true> <Delay = 0.00>
ST_3 : Operation 41 [1/1] (0.00ns)   --->   "%sext_ln1118_74 = sext i16 %data_7_V_read_6 to i24" [firmware/nnet_utils/nnet_mult.h:78->firmware/nnet_utils/nnet_dense_latency.h:96]   --->   Operation 41 'sext' 'sext_ln1118_74' <Predicate = true> <Delay = 0.00>
ST_3 : Operation 42 [1/1] (1.94ns)   --->   "%mul_ln1118_74 = mul i24 %sext_ln1118_74, 235" [firmware/nnet_utils/nnet_mult.h:78->firmware/nnet_utils/nnet_dense_latency.h:96]   --->   Operation 42 'mul' 'mul_ln1118_74' <Predicate = true> <Delay = 1.94> <Core = "Mul">   --->   Core 16 'Mul' <Latency = 0> <II = 1> <Delay = 1.94> <FuncUnit> <Opcode : 'mul'> <InPorts = 2> <OutPorts = 1>
ST_3 : Operation 43 [1/1] (0.00ns)   --->   "%trunc_ln708_7 = call i16 @_ssdm_op_PartSelect.i16.i24.i32.i32(i24 %mul_ln1118_74, i32 8, i32 23)" [firmware/nnet_utils/nnet_dense_latency.h:96]   --->   Operation 43 'partselect' 'trunc_ln708_7' <Predicate = true> <Delay = 0.00>
ST_3 : Operation 44 [1/1] (0.00ns)   --->   "%shl_ln1118_42 = call i21 @_ssdm_op_BitConcatenate.i21.i16.i5(i16 %data_9_V_read_6, i5 0)" [firmware/nnet_utils/nnet_mult.h:78->firmware/nnet_utils/nnet_dense_latency.h:96]   --->   Operation 44 'bitconcatenate' 'shl_ln1118_42' <Predicate = true> <Delay = 0.00>
ST_3 : Operation 45 [1/1] (0.00ns)   --->   "%sext_ln1118_77 = sext i21 %shl_ln1118_42 to i22" [firmware/nnet_utils/nnet_mult.h:78->firmware/nnet_utils/nnet_dense_latency.h:96]   --->   Operation 45 'sext' 'sext_ln1118_77' <Predicate = true> <Delay = 0.00>
ST_3 : Operation 46 [1/1] (0.00ns)   --->   "%shl_ln1118_43 = call i18 @_ssdm_op_BitConcatenate.i18.i16.i2(i16 %data_9_V_read_6, i2 0)" [firmware/nnet_utils/nnet_mult.h:78->firmware/nnet_utils/nnet_dense_latency.h:96]   --->   Operation 46 'bitconcatenate' 'shl_ln1118_43' <Predicate = true> <Delay = 0.00>
ST_3 : Operation 47 [1/1] (0.00ns)   --->   "%sext_ln1118_78 = sext i18 %shl_ln1118_43 to i22" [firmware/nnet_utils/nnet_mult.h:78->firmware/nnet_utils/nnet_dense_latency.h:96]   --->   Operation 47 'sext' 'sext_ln1118_78' <Predicate = true> <Delay = 0.00>
ST_3 : Operation 48 [1/1] (0.57ns)   --->   "%sub_ln1118_28 = sub i22 %sext_ln1118_78, %sext_ln1118_77" [firmware/nnet_utils/nnet_mult.h:78->firmware/nnet_utils/nnet_dense_latency.h:96]   --->   Operation 48 'sub' 'sub_ln1118_28' <Predicate = true> <Delay = 0.57> <Core = "AddSub">   --->   Core 14 'AddSub' <Latency = 0> <II = 1> <Delay = 0.60> <FuncUnit> <Opcode : 'add' 'sub'> <InPorts = 2> <OutPorts = 1>
ST_3 : Operation 49 [1/1] (0.00ns)   --->   "%trunc_ln708_26 = call i14 @_ssdm_op_PartSelect.i14.i22.i32.i32(i22 %sub_ln1118_28, i32 8, i32 21)" [firmware/nnet_utils/nnet_dense_latency.h:96]   --->   Operation 49 'partselect' 'trunc_ln708_26' <Predicate = true> <Delay = 0.00>
ST_3 : Operation 50 [1/1] (0.60ns)   --->   "%add_ln703 = add i16 %trunc_ln708_1, %sext_ln708_1" [firmware/nnet_utils/nnet_dense_latency.h:147]   --->   Operation 50 'add' 'add_ln703' <Predicate = true> <Delay = 0.60> <Core = "AddSub">   --->   Core 14 'AddSub' <Latency = 0> <II = 1> <Delay = 0.60> <FuncUnit> <Opcode : 'add' 'sub'> <InPorts = 2> <OutPorts = 1>
ST_3 : Operation 51 [1/1] (0.00ns) (grouped into TernaryAdder)   --->   "%add_ln703_118 = add i16 %trunc_ln708_4, %sext_ln708" [firmware/nnet_utils/nnet_dense_latency.h:147]   --->   Operation 51 'add' 'add_ln703_118' <Predicate = true> <Delay = 0.00> <Core = "TAddSub">   --->   Core 83 'TAddSub' <Latency = 0> <II = 1> <Delay = 0.33> <IPBlock> <Opcode : 'add' 'sub'> <InPorts = 3> <OutPorts = 1> <Sync> <CReg>
ST_3 : Operation 52 [1/1] (0.67ns) (root node of TernaryAdder)   --->   "%add_ln703_119 = add i16 %trunc_ln, %add_ln703_118" [firmware/nnet_utils/nnet_dense_latency.h:147]   --->   Operation 52 'add' 'add_ln703_119' <Predicate = true> <Delay = 0.67> <Core = "TAddSub">   --->   Core 83 'TAddSub' <Latency = 0> <II = 1> <Delay = 0.33> <IPBlock> <Opcode : 'add' 'sub'> <InPorts = 3> <OutPorts = 1> <Sync> <CReg>

State 4 <SV = 3> <Delay = 2.05>
ST_4 : Operation 53 [1/1] (0.00ns)   --->   "%data_8_V_read_6 = call i16 @_ssdm_op_Read.ap_auto.i16(i16 %data_8_V_read)" [firmware/nnet_utils/nnet_dense_latency.h:33]   --->   Operation 53 'read' 'data_8_V_read_6' <Predicate = true> <Delay = 0.00>
ST_4 : Operation 54 [1/1] (0.00ns)   --->   "%data_5_V_read_6 = call i16 @_ssdm_op_Read.ap_auto.i16(i16 %data_5_V_read)" [firmware/nnet_utils/nnet_dense_latency.h:33]   --->   Operation 54 'read' 'data_5_V_read_6' <Predicate = true> <Delay = 0.00>
ST_4 : Operation 55 [1/1] (0.00ns)   --->   "%tmp = call i32 (...)* @_ssdm_op_SpecRegionBegin([13 x i8]* @p_str16)" [firmware/nnet_utils/nnet_dense_latency.h:45]   --->   Operation 55 'specregionbegin' 'tmp' <Predicate = true> <Delay = 0.00>
ST_4 : Operation 56 [1/1] (0.00ns)   --->   "call void (...)* @_ssdm_op_SpecPipeline(i32 5, i32 1, i32 1, i32 0, [1 x i8]* @p_str13) nounwind" [firmware/nnet_utils/nnet_dense_latency.h:49]   --->   Operation 56 'specpipeline' <Predicate = true> <Delay = 0.00>
ST_4 : Operation 57 [1/1] (0.00ns)   --->   "call void (...)* @_ssdm_op_SpecResourceLimit(i32 2, [4 x i8]* @p_str26, [1 x i8]* @p_str13, [1 x i8]* @p_str13, [1 x i8]* @p_str13) nounwind" [firmware/nnet_utils/nnet_mult.h:82->firmware/nnet_utils/nnet_dense_latency.h:57]   --->   Operation 57 'specresourcelimit' <Predicate = true> <Delay = 0.00>
ST_4 : Operation 58 [1/1] (0.00ns)   --->   "%empty = call i32 (...)* @_ssdm_op_SpecRegionEnd([13 x i8]* @p_str16, i32 %tmp)" [firmware/nnet_utils/nnet_dense_latency.h:59]   --->   Operation 58 'specregionend' 'empty' <Predicate = true> <Delay = 0.00>
ST_4 : Operation 59 [1/1] (0.00ns)   --->   "%sext_ln1118_71 = sext i16 %data_5_V_read_6 to i24" [firmware/nnet_utils/nnet_mult.h:78->firmware/nnet_utils/nnet_dense_latency.h:96]   --->   Operation 59 'sext' 'sext_ln1118_71' <Predicate = true> <Delay = 0.00>
ST_4 : Operation 60 [1/1] (0.00ns)   --->   "%shl_ln1118_39 = call i23 @_ssdm_op_BitConcatenate.i23.i16.i7(i16 %data_5_V_read_6, i7 0)" [firmware/nnet_utils/nnet_mult.h:78->firmware/nnet_utils/nnet_dense_latency.h:96]   --->   Operation 60 'bitconcatenate' 'shl_ln1118_39' <Predicate = true> <Delay = 0.00>
ST_4 : Operation 61 [1/1] (0.00ns)   --->   "%sext_ln1118_72 = sext i23 %shl_ln1118_39 to i24" [firmware/nnet_utils/nnet_mult.h:78->firmware/nnet_utils/nnet_dense_latency.h:96]   --->   Operation 61 'sext' 'sext_ln1118_72' <Predicate = true> <Delay = 0.00>
ST_4 : Operation 62 [1/1] (0.00ns) (grouped into TernaryAdder)   --->   "%sub_ln1118_25 = sub i24 0, %sext_ln1118_72" [firmware/nnet_utils/nnet_mult.h:78->firmware/nnet_utils/nnet_dense_latency.h:96]   --->   Operation 62 'sub' 'sub_ln1118_25' <Predicate = true> <Delay = 0.00> <Core = "TAddSub">   --->   Core 83 'TAddSub' <Latency = 0> <II = 1> <Delay = 0.33> <IPBlock> <Opcode : 'add' 'sub'> <InPorts = 3> <OutPorts = 1> <Sync> <CReg>
ST_4 : Operation 63 [1/1] (0.70ns) (root node of TernaryAdder)   --->   "%sub_ln1118_26 = sub i24 %sub_ln1118_25, %sext_ln1118_71" [firmware/nnet_utils/nnet_mult.h:78->firmware/nnet_utils/nnet_dense_latency.h:96]   --->   Operation 63 'sub' 'sub_ln1118_26' <Predicate = true> <Delay = 0.70> <Core = "TAddSub">   --->   Core 83 'TAddSub' <Latency = 0> <II = 1> <Delay = 0.33> <IPBlock> <Opcode : 'add' 'sub'> <InPorts = 3> <OutPorts = 1> <Sync> <CReg>
ST_4 : Operation 64 [1/1] (0.00ns)   --->   "%trunc_ln708_5 = call i16 @_ssdm_op_PartSelect.i16.i24.i32.i32(i24 %sub_ln1118_26, i32 8, i32 23)" [firmware/nnet_utils/nnet_dense_latency.h:96]   --->   Operation 64 'partselect' 'trunc_ln708_5' <Predicate = true> <Delay = 0.00>
ST_4 : Operation 65 [1/1] (0.00ns)   --->   "%shl_ln1118_40 = call i22 @_ssdm_op_BitConcatenate.i22.i16.i6(i16 %data_8_V_read_6, i6 0)" [firmware/nnet_utils/nnet_mult.h:78->firmware/nnet_utils/nnet_dense_latency.h:96]   --->   Operation 65 'bitconcatenate' 'shl_ln1118_40' <Predicate = true> <Delay = 0.00>
ST_4 : Operation 66 [1/1] (0.00ns)   --->   "%sext_ln1118_75 = sext i22 %shl_ln1118_40 to i23" [firmware/nnet_utils/nnet_mult.h:78->firmware/nnet_utils/nnet_dense_latency.h:96]   --->   Operation 66 'sext' 'sext_ln1118_75' <Predicate = true> <Delay = 0.00>
ST_4 : Operation 67 [1/1] (0.00ns)   --->   "%shl_ln1118_41 = call i19 @_ssdm_op_BitConcatenate.i19.i16.i3(i16 %data_8_V_read_6, i3 0)" [firmware/nnet_utils/nnet_mult.h:78->firmware/nnet_utils/nnet_dense_latency.h:96]   --->   Operation 67 'bitconcatenate' 'shl_ln1118_41' <Predicate = true> <Delay = 0.00>
ST_4 : Operation 68 [1/1] (0.00ns)   --->   "%sext_ln1118_76 = sext i19 %shl_ln1118_41 to i23" [firmware/nnet_utils/nnet_mult.h:78->firmware/nnet_utils/nnet_dense_latency.h:96]   --->   Operation 68 'sext' 'sext_ln1118_76' <Predicate = true> <Delay = 0.00>
ST_4 : Operation 69 [1/1] (0.58ns)   --->   "%sub_ln1118_27 = sub i23 %sext_ln1118_76, %sext_ln1118_75" [firmware/nnet_utils/nnet_mult.h:78->firmware/nnet_utils/nnet_dense_latency.h:96]   --->   Operation 69 'sub' 'sub_ln1118_27' <Predicate = true> <Delay = 0.58> <Core = "AddSub">   --->   Core 14 'AddSub' <Latency = 0> <II = 1> <Delay = 0.60> <FuncUnit> <Opcode : 'add' 'sub'> <InPorts = 2> <OutPorts = 1>
ST_4 : Operation 70 [1/1] (0.00ns)   --->   "%trunc_ln708_25 = call i15 @_ssdm_op_PartSelect.i15.i23.i32.i32(i23 %sub_ln1118_27, i32 8, i32 22)" [firmware/nnet_utils/nnet_dense_latency.h:96]   --->   Operation 70 'partselect' 'trunc_ln708_25' <Predicate = true> <Delay = 0.00>
ST_4 : Operation 71 [1/1] (0.00ns)   --->   "%sext_ln708_2 = sext i15 %trunc_ln708_25 to i16" [firmware/nnet_utils/nnet_dense_latency.h:96]   --->   Operation 71 'sext' 'sext_ln708_2' <Predicate = true> <Delay = 0.00>
ST_4 : Operation 72 [1/1] (0.00ns)   --->   "%sext_ln708_3 = sext i14 %trunc_ln708_26 to i16" [firmware/nnet_utils/nnet_dense_latency.h:96]   --->   Operation 72 'sext' 'sext_ln708_3' <Predicate = true> <Delay = 0.00>
ST_4 : Operation 73 [1/1] (0.00ns)   --->   "call void (...)* @_ssdm_op_SpecLoopName([11 x i8]* @p_str19) nounwind" [firmware/nnet_utils/nnet_dense_latency.h:101]   --->   Operation 73 'specloopname' <Predicate = true> <Delay = 0.00>
ST_4 : Operation 74 [1/1] (0.00ns)   --->   "call void (...)* @_ssdm_op_SpecLoopName([15 x i8]* @p_str20) nounwind" [firmware/nnet_utils/nnet_dense_latency.h:125]   --->   Operation 74 'specloopname' <Predicate = true> <Delay = 0.00>
ST_4 : Operation 75 [1/1] (0.60ns)   --->   "%add_ln703_115 = add i16 %sext_ln708_3, %trunc_ln708_7" [firmware/nnet_utils/nnet_dense_latency.h:147]   --->   Operation 75 'add' 'add_ln703_115' <Predicate = true> <Delay = 0.60> <Core = "AddSub">   --->   Core 14 'AddSub' <Latency = 0> <II = 1> <Delay = 0.60> <FuncUnit> <Opcode : 'add' 'sub'> <InPorts = 2> <OutPorts = 1>
ST_4 : Operation 76 [1/1] (0.00ns) (grouped into TernaryAdder)   --->   "%add_ln703_116 = add i16 %trunc_ln708_5, %add_ln703_115" [firmware/nnet_utils/nnet_dense_latency.h:147]   --->   Operation 76 'add' 'add_ln703_116' <Predicate = true> <Delay = 0.00> <Core = "TAddSub">   --->   Core 83 'TAddSub' <Latency = 0> <II = 1> <Delay = 0.33> <IPBlock> <Opcode : 'add' 'sub'> <InPorts = 3> <OutPorts = 1> <Sync> <CReg>
ST_4 : Operation 77 [1/1] (0.67ns) (root node of TernaryAdder)   --->   "%add_ln703_117 = add i16 %add_ln703, %add_ln703_116" [firmware/nnet_utils/nnet_dense_latency.h:147]   --->   Operation 77 'add' 'add_ln703_117' <Predicate = true> <Delay = 0.67> <Core = "TAddSub">   --->   Core 83 'TAddSub' <Latency = 0> <II = 1> <Delay = 0.33> <IPBlock> <Opcode : 'add' 'sub'> <InPorts = 3> <OutPorts = 1> <Sync> <CReg>
ST_4 : Operation 78 [1/1] (0.00ns) (grouped into TernaryAdder)   --->   "%add_ln703_120 = add i16 %sext_ln708_2, 20" [firmware/nnet_utils/nnet_dense_latency.h:147]   --->   Operation 78 'add' 'add_ln703_120' <Predicate = true> <Delay = 0.00> <Core = "TAddSub">   --->   Core 83 'TAddSub' <Latency = 0> <II = 1> <Delay = 0.33> <IPBlock> <Opcode : 'add' 'sub'> <InPorts = 3> <OutPorts = 1> <Sync> <CReg>
ST_4 : Operation 79 [1/1] (0.67ns) (root node of TernaryAdder)   --->   "%add_ln703_121 = add i16 %trunc_ln708_6, %add_ln703_120" [firmware/nnet_utils/nnet_dense_latency.h:147]   --->   Operation 79 'add' 'add_ln703_121' <Predicate = true> <Delay = 0.67> <Core = "TAddSub">   --->   Core 83 'TAddSub' <Latency = 0> <II = 1> <Delay = 0.33> <IPBlock> <Opcode : 'add' 'sub'> <InPorts = 3> <OutPorts = 1> <Sync> <CReg>
ST_4 : Operation 80 [1/1] (0.00ns) (grouped into TernaryAdder)   --->   "%add_ln703_122 = add i16 %add_ln703_119, %add_ln703_121" [firmware/nnet_utils/nnet_dense_latency.h:147]   --->   Operation 80 'add' 'add_ln703_122' <Predicate = true> <Delay = 0.00> <Core = "TAddSub">   --->   Core 83 'TAddSub' <Latency = 0> <II = 1> <Delay = 0.33> <IPBlock> <Opcode : 'add' 'sub'> <InPorts = 3> <OutPorts = 1> <Sync> <CReg>
ST_4 : Operation 81 [1/1] (0.67ns) (root node of TernaryAdder)   --->   "%add_ln703_123 = add i16 %add_ln703_117, %add_ln703_122" [firmware/nnet_utils/nnet_dense_latency.h:147]   --->   Operation 81 'add' 'add_ln703_123' <Predicate = true> <Delay = 0.67> <Core = "TAddSub">   --->   Core 83 'TAddSub' <Latency = 0> <II = 1> <Delay = 0.33> <IPBlock> <Opcode : 'add' 'sub'> <InPorts = 3> <OutPorts = 1> <Sync> <CReg>
ST_4 : Operation 82 [1/1] (0.00ns)   --->   "call void (...)* @_ssdm_op_SpecLoopName([7 x i8]* @p_str25) nounwind" [firmware/nnet_utils/nnet_dense_latency.h:152]   --->   Operation 82 'specloopname' <Predicate = true> <Delay = 0.00>
ST_4 : Operation 83 [1/1] (0.00ns)   --->   "ret i16 %add_ln703_123" [firmware/nnet_utils/nnet_dense_latency.h:159]   --->   Operation 83 'ret' <Predicate = true> <Delay = 0.00>


============================================================
+ Verbose Summary: Timing violations
============================================================
Target clock period: 2.5ns, clock uncertainty: 0.312ns.

 <State 1>: 1.94ns
The critical path consists of the following:
	wire read on port 'data_2_V_read' (firmware/nnet_utils/nnet_dense_latency.h:33) [18]  (0 ns)
	'mul' operation ('mul_ln1118_71', firmware/nnet_utils/nnet_mult.h:78->firmware/nnet_utils/nnet_dense_latency.h:96) [36]  (1.94 ns)

 <State 2>: 1.94ns
The critical path consists of the following:
	wire read on port 'data_6_V_read' (firmware/nnet_utils/nnet_dense_latency.h:33) [14]  (0 ns)
	'mul' operation ('mul_ln1118_73', firmware/nnet_utils/nnet_mult.h:78->firmware/nnet_utils/nnet_dense_latency.h:96) [57]  (1.94 ns)

 <State 3>: 1.94ns
The critical path consists of the following:
	wire read on port 'data_7_V_read' (firmware/nnet_utils/nnet_dense_latency.h:33) [13]  (0 ns)
	'mul' operation ('mul_ln1118_74', firmware/nnet_utils/nnet_mult.h:78->firmware/nnet_utils/nnet_dense_latency.h:96) [60]  (1.94 ns)

 <State 4>: 2.05ns
The critical path consists of the following:
	wire read on port 'data_5_V_read' (firmware/nnet_utils/nnet_dense_latency.h:33) [15]  (0 ns)
	'sub' operation ('sub_ln1118_26', firmware/nnet_utils/nnet_mult.h:78->firmware/nnet_utils/nnet_dense_latency.h:96) [54]  (0.703 ns)
	'add' operation ('add_ln703_116', firmware/nnet_utils/nnet_dense_latency.h:147) [80]  (0 ns)
	'add' operation ('add_ln703_117', firmware/nnet_utils/nnet_dense_latency.h:147) [81]  (0.675 ns)
	'add' operation ('res.V', firmware/nnet_utils/nnet_dense_latency.h:147) [87]  (0.675 ns)


============================================================
+ Verbose Summary: Binding
============================================================
N/A
* FSMD analyzer results:
  - Output states:
 - Input state : 
  - Chain level:
	State 1
	State 2
	State 3
	State 4


============================================================
+ Verbose Summary: Datapath Resource usage 
============================================================
N/A
