

================================================================
== Vivado HLS Report for 'dense_resource_ap_fixed_ap_fixed_16_8_5_3_0_config11_s'
================================================================
* Date:           Fri Jun  3 16:16:28 2022

* Version:        2019.1 (Build 2552052 on Fri May 24 15:28:33 MDT 2019)
* Project:        myproject_prj
* Solution:       solution1
* Product family: virtexuplus
* Target device:  xcvu9p-flgb2104-2-i


================================================================
== Performance Estimates
================================================================
+ Timing (ns): 
    * Summary: 
    +--------+-------+----------+------------+
    |  Clock | Target| Estimated| Uncertainty|
    +--------+-------+----------+------------+
    |ap_clk  |   5.00|     4.366|        0.62|
    +--------+-------+----------+------------+

+ Latency (clock cycles): 
    * Summary: 
    +-----+-----+-----+-----+---------------------------------------------+
    |  Latency  |  Interval |                   Pipeline                  |
    | min | max | min | max |                     Type                    |
    +-----+-----+-----+-----+---------------------------------------------+
    |    5|    6|    5|    5| loop rewind(delay=0 initiation interval(s)) |
    +-----+-----+-----+-----+---------------------------------------------+

    + Detail: 
        * Instance: 
        N/A

        * Loop: 
        +-------------+-----+-----+----------+-----------+-----------+------+----------+
        |             |  Latency  | Iteration|  Initiation Interval  | Trip |          |
        |  Loop Name  | min | max |  Latency |  achieved |   target  | Count| Pipelined|
        +-------------+-----+-----+----------+-----------+-----------+------+----------+
        |- ReuseLoop  |    5|    5|         2|          1|          1|     5|    yes   |
        +-------------+-----+-----+----------+-----------+-----------+------+----------+

============================================================
+ Verbose Summary: Synthesis Manager
============================================================
InlineROM: 1
ExposeGlobal: 0
============================================================
+ Verbose Summary: CDFG Model
============================================================
IsTopModel: 0
ResetActiveHigh: 1
IsCombinational: 2
IsDatapathOnly: 0
HasWiredReturn: 1
HasMFsm: 0
HasVarLatency: 1
IsPipeline: 0
IsRtlPipelined: 0
IsInstanceOverlapped: 0
IsDontTouch: 0
HasImplIP: 0
IsGatedGlobalClock: 0

+ Individual pipeline summary: 
  * Pipeline-0: initiation interval (II) = 1, depth = 2


============================================================
+ Verbose Summary: Schedule
============================================================
* Number of FSM states : 3
* Pipeline : 1
  Pipeline-0 : II = 1, D = 2, States = { 2 3 }
* Dataflow Pipeline: 0

* FSM state transitions: 
1 --> 2 
2 --> 3 
3 --> 2 

* FSM state operations: 

State 1 <SV = 0> <Delay = 0.60>
ST_1 : Operation 4 [1/1] (0.60ns)   --->   "br label %rewind_header" [firmware/nnet_utils/nnet_dense_resource.h:64->firmware/nnet_utils/nnet_dense_resource.h:276]   --->   Operation 4 'br' <Predicate = true> <Delay = 0.60>

State 2 <SV = 1> <Delay = 1.15>
ST_2 : Operation 5 [1/1] (0.00ns)   --->   "%do_init = phi i1 [ true, %0 ], [ false, %ReuseLoop ], [ true, %"dense_resource_rf_leq_nin<ap_fixed<16, 8, 5, 3, 0>, ap_fixed<16, 8, 5, 3, 0>, config11>.exit" ]"   --->   Operation 5 'phi' 'do_init' <Predicate = true> <Delay = 0.00>
ST_2 : Operation 6 [1/1] (0.00ns)   --->   "%w_index3 = phi i3 [ 0, %0 ], [ %w_index, %ReuseLoop ], [ 0, %"dense_resource_rf_leq_nin<ap_fixed<16, 8, 5, 3, 0>, ap_fixed<16, 8, 5, 3, 0>, config11>.exit" ]"   --->   Operation 6 'phi' 'w_index3' <Predicate = true> <Delay = 0.00>
ST_2 : Operation 7 [1/1] (0.00ns)   --->   "%data_9_V_read13 = call i15 @_ssdm_op_Read.ap_auto.i15(i15 %data_9_V_read)" [firmware/nnet_utils/nnet_dense_resource.h:268]   --->   Operation 7 'read' 'data_9_V_read13' <Predicate = (do_init)> <Delay = 0.00>
ST_2 : Operation 8 [1/1] (0.00ns)   --->   "%data_8_V_read12 = call i15 @_ssdm_op_Read.ap_auto.i15(i15 %data_8_V_read)" [firmware/nnet_utils/nnet_dense_resource.h:268]   --->   Operation 8 'read' 'data_8_V_read12' <Predicate = (do_init)> <Delay = 0.00>
ST_2 : Operation 9 [1/1] (0.00ns)   --->   "%data_7_V_read11 = call i15 @_ssdm_op_Read.ap_auto.i15(i15 %data_7_V_read)" [firmware/nnet_utils/nnet_dense_resource.h:268]   --->   Operation 9 'read' 'data_7_V_read11' <Predicate = (do_init)> <Delay = 0.00>
ST_2 : Operation 10 [1/1] (0.00ns)   --->   "%data_6_V_read_6 = call i15 @_ssdm_op_Read.ap_auto.i15(i15 %data_6_V_read)" [firmware/nnet_utils/nnet_dense_resource.h:268]   --->   Operation 10 'read' 'data_6_V_read_6' <Predicate = (do_init)> <Delay = 0.00>
ST_2 : Operation 11 [1/1] (0.00ns)   --->   "%data_5_V_read_6 = call i15 @_ssdm_op_Read.ap_auto.i15(i15 %data_5_V_read)" [firmware/nnet_utils/nnet_dense_resource.h:268]   --->   Operation 11 'read' 'data_5_V_read_6' <Predicate = (do_init)> <Delay = 0.00>
ST_2 : Operation 12 [1/1] (0.00ns)   --->   "%data_4_V_read_6 = call i15 @_ssdm_op_Read.ap_auto.i15(i15 %data_4_V_read)" [firmware/nnet_utils/nnet_dense_resource.h:268]   --->   Operation 12 'read' 'data_4_V_read_6' <Predicate = (do_init)> <Delay = 0.00>
ST_2 : Operation 13 [1/1] (0.00ns)   --->   "%data_3_V_read_6 = call i15 @_ssdm_op_Read.ap_auto.i15(i15 %data_3_V_read)" [firmware/nnet_utils/nnet_dense_resource.h:268]   --->   Operation 13 'read' 'data_3_V_read_6' <Predicate = (do_init)> <Delay = 0.00>
ST_2 : Operation 14 [1/1] (0.00ns)   --->   "%data_2_V_read_5 = call i15 @_ssdm_op_Read.ap_auto.i15(i15 %data_2_V_read)" [firmware/nnet_utils/nnet_dense_resource.h:268]   --->   Operation 14 'read' 'data_2_V_read_5' <Predicate = (do_init)> <Delay = 0.00>
ST_2 : Operation 15 [1/1] (0.00ns)   --->   "%data_1_V_read_4 = call i15 @_ssdm_op_Read.ap_auto.i15(i15 %data_1_V_read)" [firmware/nnet_utils/nnet_dense_resource.h:268]   --->   Operation 15 'read' 'data_1_V_read_4' <Predicate = (do_init)> <Delay = 0.00>
ST_2 : Operation 16 [1/1] (0.00ns)   --->   "%data_0_V_read_4 = call i15 @_ssdm_op_Read.ap_auto.i15(i15 %data_0_V_read)" [firmware/nnet_utils/nnet_dense_resource.h:268]   --->   Operation 16 'read' 'data_0_V_read_4' <Predicate = (do_init)> <Delay = 0.00>
ST_2 : Operation 17 [1/1] (0.60ns)   --->   "br label %ReuseLoop" [firmware/nnet_utils/nnet_dense_resource.h:64->firmware/nnet_utils/nnet_dense_resource.h:276]   --->   Operation 17 'br' <Predicate = (do_init)> <Delay = 0.60>
ST_2 : Operation 18 [1/1] (0.00ns)   --->   "%zext_ln77 = zext i3 %w_index3 to i64" [firmware/nnet_utils/nnet_dense_resource.h:77->firmware/nnet_utils/nnet_dense_resource.h:276]   --->   Operation 18 'zext' 'zext_ln77' <Predicate = true> <Delay = 0.00>
ST_2 : Operation 19 [1/1] (0.00ns)   --->   "%w11_V_addr = getelementptr [5 x i25]* @w11_V, i64 0, i64 %zext_ln77" [firmware/nnet_utils/nnet_dense_resource.h:77->firmware/nnet_utils/nnet_dense_resource.h:276]   --->   Operation 19 'getelementptr' 'w11_V_addr' <Predicate = true> <Delay = 0.00>
ST_2 : Operation 20 [2/2] (1.15ns)   --->   "%w11_V_load = load i25* %w11_V_addr, align 4" [firmware/nnet_utils/nnet_dense_resource.h:77->firmware/nnet_utils/nnet_dense_resource.h:276]   --->   Operation 20 'load' 'w11_V_load' <Predicate = true> <Delay = 1.15> <Core = "ROM_nP">   --->   Core 52 'ROM_nP' <Latency = 1> <II = 1> <Delay = 1.15> <Storage> <Opcode : 'load'> <Ports = 0> <Width = 25> <Depth = 5> <ROM>
ST_2 : Operation 21 [1/1] (0.26ns)   --->   "%w_index = add i3 1, %w_index3" [firmware/nnet_utils/nnet_dense_resource.h:64->firmware/nnet_utils/nnet_dense_resource.h:276]   --->   Operation 21 'add' 'w_index' <Predicate = true> <Delay = 0.26> <Core = "AddSub">   --->   Core 14 'AddSub' <Latency = 0> <II = 1> <Delay = 0.26> <FuncUnit> <Opcode : 'add' 'sub'> <InPorts = 2> <OutPorts = 1>
ST_2 : Operation 22 [1/1] (0.49ns)   --->   "%icmp_ln64 = icmp eq i3 %w_index3, -4" [firmware/nnet_utils/nnet_dense_resource.h:64->firmware/nnet_utils/nnet_dense_resource.h:276]   --->   Operation 22 'icmp' 'icmp_ln64' <Predicate = true> <Delay = 0.49> <Core = "Cmp">   --->   Core 25 'Cmp' <Latency = 0> <II = 1> <Delay = 0.49> <FuncUnit> <Opcode : 'icmp'> <InPorts = 2> <OutPorts = 1>
ST_2 : Operation 23 [1/1] (0.00ns)   --->   "br i1 %icmp_ln64, label %"dense_resource_rf_leq_nin<ap_fixed<16, 8, 5, 3, 0>, ap_fixed<16, 8, 5, 3, 0>, config11>.exit", label %rewind_header" [firmware/nnet_utils/nnet_dense_resource.h:64->firmware/nnet_utils/nnet_dense_resource.h:276]   --->   Operation 23 'br' <Predicate = true> <Delay = 0.00>
ST_2 : Operation 24 [1/1] (0.00ns)   --->   "br label %rewind_header" [firmware/nnet_utils/nnet_dense_resource.h:282]   --->   Operation 24 'br' <Predicate = (icmp_ln64)> <Delay = 0.00>

State 3 <SV = 2> <Delay = 4.36>
ST_3 : Operation 25 [1/1] (0.00ns)   --->   "%data_0_V_read4_rewind = phi i15 [ undef, %0 ], [ %data_0_V_read4_phi, %ReuseLoop ], [ undef, %"dense_resource_rf_leq_nin<ap_fixed<16, 8, 5, 3, 0>, ap_fixed<16, 8, 5, 3, 0>, config11>.exit" ]" [firmware/nnet_utils/nnet_dense_resource.h:268]   --->   Operation 25 'phi' 'data_0_V_read4_rewind' <Predicate = true> <Delay = 0.00>
ST_3 : Operation 26 [1/1] (0.00ns)   --->   "%data_1_V_read5_rewind = phi i15 [ undef, %0 ], [ %data_1_V_read5_phi, %ReuseLoop ], [ undef, %"dense_resource_rf_leq_nin<ap_fixed<16, 8, 5, 3, 0>, ap_fixed<16, 8, 5, 3, 0>, config11>.exit" ]" [firmware/nnet_utils/nnet_dense_resource.h:268]   --->   Operation 26 'phi' 'data_1_V_read5_rewind' <Predicate = true> <Delay = 0.00>
ST_3 : Operation 27 [1/1] (0.00ns)   --->   "%data_2_V_read6_rewind = phi i15 [ undef, %0 ], [ %data_2_V_read6_phi, %ReuseLoop ], [ undef, %"dense_resource_rf_leq_nin<ap_fixed<16, 8, 5, 3, 0>, ap_fixed<16, 8, 5, 3, 0>, config11>.exit" ]" [firmware/nnet_utils/nnet_dense_resource.h:268]   --->   Operation 27 'phi' 'data_2_V_read6_rewind' <Predicate = true> <Delay = 0.00>
ST_3 : Operation 28 [1/1] (0.00ns)   --->   "%data_3_V_read7_rewind = phi i15 [ undef, %0 ], [ %data_3_V_read7_phi, %ReuseLoop ], [ undef, %"dense_resource_rf_leq_nin<ap_fixed<16, 8, 5, 3, 0>, ap_fixed<16, 8, 5, 3, 0>, config11>.exit" ]" [firmware/nnet_utils/nnet_dense_resource.h:268]   --->   Operation 28 'phi' 'data_3_V_read7_rewind' <Predicate = true> <Delay = 0.00>
ST_3 : Operation 29 [1/1] (0.00ns)   --->   "%data_4_V_read8_rewind = phi i15 [ undef, %0 ], [ %data_4_V_read8_phi, %ReuseLoop ], [ undef, %"dense_resource_rf_leq_nin<ap_fixed<16, 8, 5, 3, 0>, ap_fixed<16, 8, 5, 3, 0>, config11>.exit" ]" [firmware/nnet_utils/nnet_dense_resource.h:268]   --->   Operation 29 'phi' 'data_4_V_read8_rewind' <Predicate = true> <Delay = 0.00>
ST_3 : Operation 30 [1/1] (0.00ns)   --->   "%data_5_V_read9_rewind = phi i15 [ undef, %0 ], [ %data_5_V_read9_phi, %ReuseLoop ], [ undef, %"dense_resource_rf_leq_nin<ap_fixed<16, 8, 5, 3, 0>, ap_fixed<16, 8, 5, 3, 0>, config11>.exit" ]" [firmware/nnet_utils/nnet_dense_resource.h:268]   --->   Operation 30 'phi' 'data_5_V_read9_rewind' <Predicate = true> <Delay = 0.00>
ST_3 : Operation 31 [1/1] (0.00ns)   --->   "%data_6_V_read10_rewind = phi i15 [ undef, %0 ], [ %data_6_V_read10_phi, %ReuseLoop ], [ undef, %"dense_resource_rf_leq_nin<ap_fixed<16, 8, 5, 3, 0>, ap_fixed<16, 8, 5, 3, 0>, config11>.exit" ]" [firmware/nnet_utils/nnet_dense_resource.h:268]   --->   Operation 31 'phi' 'data_6_V_read10_rewind' <Predicate = true> <Delay = 0.00>
ST_3 : Operation 32 [1/1] (0.00ns)   --->   "%data_7_V_read11_rewind = phi i15 [ undef, %0 ], [ %data_7_V_read11_phi, %ReuseLoop ], [ undef, %"dense_resource_rf_leq_nin<ap_fixed<16, 8, 5, 3, 0>, ap_fixed<16, 8, 5, 3, 0>, config11>.exit" ]" [firmware/nnet_utils/nnet_dense_resource.h:268]   --->   Operation 32 'phi' 'data_7_V_read11_rewind' <Predicate = true> <Delay = 0.00>
ST_3 : Operation 33 [1/1] (0.00ns)   --->   "%data_8_V_read12_rewind = phi i15 [ undef, %0 ], [ %data_8_V_read12_phi, %ReuseLoop ], [ undef, %"dense_resource_rf_leq_nin<ap_fixed<16, 8, 5, 3, 0>, ap_fixed<16, 8, 5, 3, 0>, config11>.exit" ]" [firmware/nnet_utils/nnet_dense_resource.h:268]   --->   Operation 33 'phi' 'data_8_V_read12_rewind' <Predicate = true> <Delay = 0.00>
ST_3 : Operation 34 [1/1] (0.00ns)   --->   "%data_9_V_read13_rewind = phi i15 [ undef, %0 ], [ %data_9_V_read13_phi, %ReuseLoop ], [ undef, %"dense_resource_rf_leq_nin<ap_fixed<16, 8, 5, 3, 0>, ap_fixed<16, 8, 5, 3, 0>, config11>.exit" ]" [firmware/nnet_utils/nnet_dense_resource.h:268]   --->   Operation 34 'phi' 'data_9_V_read13_rewind' <Predicate = true> <Delay = 0.00>
ST_3 : Operation 35 [1/1] (0.00ns)   --->   "%res_V_write_assign1 = phi i16 [ 20, %0 ], [ %acc_0_V, %ReuseLoop ], [ 20, %"dense_resource_rf_leq_nin<ap_fixed<16, 8, 5, 3, 0>, ap_fixed<16, 8, 5, 3, 0>, config11>.exit" ]"   --->   Operation 35 'phi' 'res_V_write_assign1' <Predicate = true> <Delay = 0.00>
ST_3 : Operation 36 [1/1] (0.60ns)   --->   "br i1 %do_init, label %rewind_init, label %ReuseLoop"   --->   Operation 36 'br' <Predicate = true> <Delay = 0.60>
ST_3 : Operation 37 [1/1] (0.00ns)   --->   "%data_0_V_read4_phi = phi i15 [ %data_0_V_read_4, %rewind_init ], [ %data_0_V_read4_rewind, %rewind_header ]" [firmware/nnet_utils/nnet_dense_resource.h:268]   --->   Operation 37 'phi' 'data_0_V_read4_phi' <Predicate = true> <Delay = 0.00>
ST_3 : Operation 38 [1/1] (0.00ns)   --->   "%data_1_V_read5_phi = phi i15 [ %data_1_V_read_4, %rewind_init ], [ %data_1_V_read5_rewind, %rewind_header ]" [firmware/nnet_utils/nnet_dense_resource.h:268]   --->   Operation 38 'phi' 'data_1_V_read5_phi' <Predicate = true> <Delay = 0.00>
ST_3 : Operation 39 [1/1] (0.00ns)   --->   "%data_2_V_read6_phi = phi i15 [ %data_2_V_read_5, %rewind_init ], [ %data_2_V_read6_rewind, %rewind_header ]" [firmware/nnet_utils/nnet_dense_resource.h:268]   --->   Operation 39 'phi' 'data_2_V_read6_phi' <Predicate = true> <Delay = 0.00>
ST_3 : Operation 40 [1/1] (0.00ns)   --->   "%data_3_V_read7_phi = phi i15 [ %data_3_V_read_6, %rewind_init ], [ %data_3_V_read7_rewind, %rewind_header ]" [firmware/nnet_utils/nnet_dense_resource.h:268]   --->   Operation 40 'phi' 'data_3_V_read7_phi' <Predicate = true> <Delay = 0.00>
ST_3 : Operation 41 [1/1] (0.00ns)   --->   "%data_4_V_read8_phi = phi i15 [ %data_4_V_read_6, %rewind_init ], [ %data_4_V_read8_rewind, %rewind_header ]" [firmware/nnet_utils/nnet_dense_resource.h:268]   --->   Operation 41 'phi' 'data_4_V_read8_phi' <Predicate = true> <Delay = 0.00>
ST_3 : Operation 42 [1/1] (0.00ns)   --->   "%data_5_V_read9_phi = phi i15 [ %data_5_V_read_6, %rewind_init ], [ %data_5_V_read9_rewind, %rewind_header ]" [firmware/nnet_utils/nnet_dense_resource.h:268]   --->   Operation 42 'phi' 'data_5_V_read9_phi' <Predicate = true> <Delay = 0.00>
ST_3 : Operation 43 [1/1] (0.00ns)   --->   "%data_6_V_read10_phi = phi i15 [ %data_6_V_read_6, %rewind_init ], [ %data_6_V_read10_rewind, %rewind_header ]" [firmware/nnet_utils/nnet_dense_resource.h:268]   --->   Operation 43 'phi' 'data_6_V_read10_phi' <Predicate = true> <Delay = 0.00>
ST_3 : Operation 44 [1/1] (0.00ns)   --->   "%data_7_V_read11_phi = phi i15 [ %data_7_V_read11, %rewind_init ], [ %data_7_V_read11_rewind, %rewind_header ]" [firmware/nnet_utils/nnet_dense_resource.h:268]   --->   Operation 44 'phi' 'data_7_V_read11_phi' <Predicate = true> <Delay = 0.00>
ST_3 : Operation 45 [1/1] (0.00ns)   --->   "%data_8_V_read12_phi = phi i15 [ %data_8_V_read12, %rewind_init ], [ %data_8_V_read12_rewind, %rewind_header ]" [firmware/nnet_utils/nnet_dense_resource.h:268]   --->   Operation 45 'phi' 'data_8_V_read12_phi' <Predicate = true> <Delay = 0.00>
ST_3 : Operation 46 [1/1] (0.00ns)   --->   "%data_9_V_read13_phi = phi i15 [ %data_9_V_read13, %rewind_init ], [ %data_9_V_read13_rewind, %rewind_header ]" [firmware/nnet_utils/nnet_dense_resource.h:268]   --->   Operation 46 'phi' 'data_9_V_read13_phi' <Predicate = true> <Delay = 0.00>
ST_3 : Operation 47 [1/1] (0.00ns)   --->   "call void (...)* @_ssdm_op_SpecLoopName([10 x i8]* @p_str18) nounwind" [firmware/nnet_utils/nnet_dense_resource.h:64->firmware/nnet_utils/nnet_dense_resource.h:276]   --->   Operation 47 'specloopname' <Predicate = true> <Delay = 0.00>
ST_3 : Operation 48 [1/1] (0.00ns)   --->   "%tmp = call i32 (...)* @_ssdm_op_SpecRegionBegin([10 x i8]* @p_str18)" [firmware/nnet_utils/nnet_dense_resource.h:64->firmware/nnet_utils/nnet_dense_resource.h:276]   --->   Operation 48 'specregionbegin' 'tmp' <Predicate = true> <Delay = 0.00>
ST_3 : Operation 49 [1/1] (0.00ns)   --->   "call void (...)* @_ssdm_op_SpecPipeline(i32 1, i32 1, i32 1, i32 0, [1 x i8]* @p_str13) nounwind" [firmware/nnet_utils/nnet_dense_resource.h:65->firmware/nnet_utils/nnet_dense_resource.h:276]   --->   Operation 49 'specpipeline' <Predicate = true> <Delay = 0.00>
ST_3 : Operation 50 [1/1] (0.41ns)   --->   "%phi_ln = call i15 @_ssdm_op_Mux.ap_auto.8i15.i3(i15 %data_0_V_read4_phi, i15 %data_1_V_read5_phi, i15 %data_2_V_read6_phi, i15 %data_3_V_read7_phi, i15 %data_4_V_read8_phi, i15 %data_4_V_read8_phi, i15 %data_4_V_read8_phi, i15 %data_4_V_read8_phi, i3 %w_index3)" [firmware/nnet_utils/nnet_dense_resource.h:77->firmware/nnet_utils/nnet_dense_resource.h:276]   --->   Operation 50 'mux' 'phi_ln' <Predicate = true> <Delay = 0.41> <Core = "MuxnS">   --->   Core 31 'MuxnS' <Latency = 0> <II = 1> <Delay = 0.41> <FuncUnit> <Opcode : 'mux'> <InPorts = 2> <OutPorts = 1>
ST_3 : Operation 51 [1/2] (1.15ns)   --->   "%w11_V_load = load i25* %w11_V_addr, align 4" [firmware/nnet_utils/nnet_dense_resource.h:77->firmware/nnet_utils/nnet_dense_resource.h:276]   --->   Operation 51 'load' 'w11_V_load' <Predicate = true> <Delay = 1.15> <Core = "ROM_nP">   --->   Core 52 'ROM_nP' <Latency = 1> <II = 1> <Delay = 1.15> <Storage> <Opcode : 'load'> <Ports = 0> <Width = 25> <Depth = 5> <ROM>
ST_3 : Operation 52 [1/1] (0.00ns)   --->   "%trunc_ln77 = trunc i25 %w11_V_load to i16" [firmware/nnet_utils/nnet_dense_resource.h:77->firmware/nnet_utils/nnet_dense_resource.h:276]   --->   Operation 52 'trunc' 'trunc_ln77' <Predicate = true> <Delay = 0.00>
ST_3 : Operation 53 [1/1] (0.00ns)   --->   "%sext_ln1116_cast = zext i15 %phi_ln to i24" [firmware/nnet_utils/nnet_dense_resource.h:77->firmware/nnet_utils/nnet_dense_resource.h:276]   --->   Operation 53 'zext' 'sext_ln1116_cast' <Predicate = true> <Delay = 0.00>
ST_3 : Operation 54 [1/1] (0.00ns)   --->   "%sext_ln1118 = sext i16 %trunc_ln77 to i24" [firmware/nnet_utils/nnet_mult.h:78->firmware/nnet_utils/nnet_dense_resource.h:77->firmware/nnet_utils/nnet_dense_resource.h:276]   --->   Operation 54 'sext' 'sext_ln1118' <Predicate = true> <Delay = 0.00>
ST_3 : Operation 55 [1/1] (2.53ns) (root node of the DSP)   --->   "%mul_ln1118 = mul i24 %sext_ln1118, %sext_ln1116_cast" [firmware/nnet_utils/nnet_mult.h:78->firmware/nnet_utils/nnet_dense_resource.h:77->firmware/nnet_utils/nnet_dense_resource.h:276]   --->   Operation 55 'mul' 'mul_ln1118' <Predicate = true> <Delay = 2.53> <Core = "DSP48">   --->   Core 88 'DSP48' <Latency = 0> <II = 1> <Delay = 2.53> <IPBlock> <Opcode : 'mul' 'add' 'sub' 'select'> <InPorts = 2> <OutPorts = 1> <Sync> <CReg>
ST_3 : Operation 56 [1/1] (0.00ns)   --->   "%trunc_ln = call i16 @_ssdm_op_PartSelect.i16.i24.i32.i32(i24 %mul_ln1118, i32 8, i32 23)" [firmware/nnet_utils/nnet_dense_resource.h:77->firmware/nnet_utils/nnet_dense_resource.h:276]   --->   Operation 56 'partselect' 'trunc_ln' <Predicate = true> <Delay = 0.00>
ST_3 : Operation 57 [1/1] (0.41ns)   --->   "%phi_ln77_s = call i15 @_ssdm_op_Mux.ap_auto.8i15.i3(i15 %data_5_V_read9_phi, i15 %data_6_V_read10_phi, i15 %data_7_V_read11_phi, i15 %data_8_V_read12_phi, i15 %data_9_V_read13_phi, i15 %data_9_V_read13_phi, i15 %data_9_V_read13_phi, i15 %data_9_V_read13_phi, i3 %w_index3)" [firmware/nnet_utils/nnet_dense_resource.h:77->firmware/nnet_utils/nnet_dense_resource.h:276]   --->   Operation 57 'mux' 'phi_ln77_s' <Predicate = true> <Delay = 0.41> <Core = "MuxnS">   --->   Core 31 'MuxnS' <Latency = 0> <II = 1> <Delay = 0.41> <FuncUnit> <Opcode : 'mux'> <InPorts = 2> <OutPorts = 1>
ST_3 : Operation 58 [1/1] (0.00ns)   --->   "%tmp_3 = call i9 @_ssdm_op_PartSelect.i9.i25.i32.i32(i25 %w11_V_load, i32 16, i32 24)" [firmware/nnet_utils/nnet_dense_resource.h:77->firmware/nnet_utils/nnet_dense_resource.h:276]   --->   Operation 58 'partselect' 'tmp_3' <Predicate = true> <Delay = 0.00>
ST_3 : Operation 59 [1/1] (0.00ns)   --->   "%sext_ln1116_450_cast = zext i15 %phi_ln77_s to i24" [firmware/nnet_utils/nnet_dense_resource.h:77->firmware/nnet_utils/nnet_dense_resource.h:276]   --->   Operation 59 'zext' 'sext_ln1116_450_cast' <Predicate = true> <Delay = 0.00>
ST_3 : Operation 60 [1/1] (0.00ns)   --->   "%sext_ln1118_278 = sext i9 %tmp_3 to i24" [firmware/nnet_utils/nnet_mult.h:78->firmware/nnet_utils/nnet_dense_resource.h:77->firmware/nnet_utils/nnet_dense_resource.h:276]   --->   Operation 60 'sext' 'sext_ln1118_278' <Predicate = true> <Delay = 0.00>
ST_3 : Operation 61 [1/1] (2.53ns) (root node of the DSP)   --->   "%mul_ln1118_858 = mul i24 %sext_ln1116_450_cast, %sext_ln1118_278" [firmware/nnet_utils/nnet_mult.h:78->firmware/nnet_utils/nnet_dense_resource.h:77->firmware/nnet_utils/nnet_dense_resource.h:276]   --->   Operation 61 'mul' 'mul_ln1118_858' <Predicate = true> <Delay = 2.53> <Core = "DSP48">   --->   Core 88 'DSP48' <Latency = 0> <II = 1> <Delay = 2.53> <IPBlock> <Opcode : 'mul' 'add' 'sub' 'select'> <InPorts = 2> <OutPorts = 1> <Sync> <CReg>
ST_3 : Operation 62 [1/1] (0.00ns)   --->   "%trunc_ln708_s = call i16 @_ssdm_op_PartSelect.i16.i24.i32.i32(i24 %mul_ln1118_858, i32 8, i32 23)" [firmware/nnet_utils/nnet_dense_resource.h:77->firmware/nnet_utils/nnet_dense_resource.h:276]   --->   Operation 62 'partselect' 'trunc_ln708_s' <Predicate = true> <Delay = 0.00>
ST_3 : Operation 63 [1/1] (0.00ns) (grouped into TernaryAdder)   --->   "%add_ln703 = add i16 %trunc_ln708_s, %trunc_ln" [firmware/nnet_utils/nnet_dense_resource.h:77->firmware/nnet_utils/nnet_dense_resource.h:276]   --->   Operation 63 'add' 'add_ln703' <Predicate = true> <Delay = 0.00> <Core = "TAddSub">   --->   Core 83 'TAddSub' <Latency = 0> <II = 1> <Delay = 0.33> <IPBlock> <Opcode : 'add' 'sub'> <InPorts = 3> <OutPorts = 1> <Sync> <CReg>
ST_3 : Operation 64 [1/1] (0.67ns) (root node of TernaryAdder)   --->   "%acc_0_V = add i16 %res_V_write_assign1, %add_ln703" [firmware/nnet_utils/nnet_dense_resource.h:77->firmware/nnet_utils/nnet_dense_resource.h:276]   --->   Operation 64 'add' 'acc_0_V' <Predicate = true> <Delay = 0.67> <Core = "TAddSub">   --->   Core 83 'TAddSub' <Latency = 0> <II = 1> <Delay = 0.33> <IPBlock> <Opcode : 'add' 'sub'> <InPorts = 3> <OutPorts = 1> <Sync> <CReg>
ST_3 : Operation 65 [1/1] (0.00ns)   --->   "%empty = call i32 (...)* @_ssdm_op_SpecRegionEnd([10 x i8]* @p_str18, i32 %tmp)" [firmware/nnet_utils/nnet_dense_resource.h:94->firmware/nnet_utils/nnet_dense_resource.h:276]   --->   Operation 65 'specregionend' 'empty' <Predicate = true> <Delay = 0.00>
ST_3 : Operation 66 [1/1] (0.00ns)   --->   "%empty_252 = call i32 (...)* @_ssdm_op_SpecLoopTripCount(i64 5, i64 5, i64 5)"   --->   Operation 66 'speclooptripcount' 'empty_252' <Predicate = true> <Delay = 0.00>
ST_3 : Operation 67 [1/1] (0.00ns)   --->   "call void (...)* @_ssdm_op_Return(i16 %acc_0_V)" [firmware/nnet_utils/nnet_dense_resource.h:282]   --->   Operation 67 'return' <Predicate = (icmp_ln64)> <Delay = 0.00>


============================================================
+ Verbose Summary: Binding
============================================================
STG Binding: 
---------------- STG Properties BEGIN ----------------
- Is combinational: 0
- Is one-state seq: 0
- Is datapath-only: 0
- Is pipelined: 0
- Is top level: 0
Port [ Return ] is wired: 1; IO mode=ap_ctrl_hs:ce=0
Port [ data_0_V_read]:  wired=1; compound=0; hidden=0; nouse=0; global=0; static=0; extern=0; dir=0; type=0; pingpong=0; private_global=0; IO mode=ap_none:ce=0
Port [ data_1_V_read]:  wired=1; compound=0; hidden=0; nouse=0; global=0; static=0; extern=0; dir=0; type=0; pingpong=0; private_global=0; IO mode=ap_none:ce=0
Port [ data_2_V_read]:  wired=1; compound=0; hidden=0; nouse=0; global=0; static=0; extern=0; dir=0; type=0; pingpong=0; private_global=0; IO mode=ap_none:ce=0
Port [ data_3_V_read]:  wired=1; compound=0; hidden=0; nouse=0; global=0; static=0; extern=0; dir=0; type=0; pingpong=0; private_global=0; IO mode=ap_none:ce=0
Port [ data_4_V_read]:  wired=1; compound=0; hidden=0; nouse=0; global=0; static=0; extern=0; dir=0; type=0; pingpong=0; private_global=0; IO mode=ap_none:ce=0
Port [ data_5_V_read]:  wired=1; compound=0; hidden=0; nouse=0; global=0; static=0; extern=0; dir=0; type=0; pingpong=0; private_global=0; IO mode=ap_none:ce=0
Port [ data_6_V_read]:  wired=1; compound=0; hidden=0; nouse=0; global=0; static=0; extern=0; dir=0; type=0; pingpong=0; private_global=0; IO mode=ap_none:ce=0
Port [ data_7_V_read]:  wired=1; compound=0; hidden=0; nouse=0; global=0; static=0; extern=0; dir=0; type=0; pingpong=0; private_global=0; IO mode=ap_none:ce=0
Port [ data_8_V_read]:  wired=1; compound=0; hidden=0; nouse=0; global=0; static=0; extern=0; dir=0; type=0; pingpong=0; private_global=0; IO mode=ap_none:ce=0
Port [ data_9_V_read]:  wired=1; compound=0; hidden=0; nouse=0; global=0; static=0; extern=0; dir=0; type=0; pingpong=0; private_global=0; IO mode=ap_none:ce=0
Port [ w11_V]:  wired=0; compound=1; hidden=1; nouse=0; global=1; static=1; extern=0; dir=0; type=1; pingpong=0; private_global=1; linkage=7; visibility=0; MemPort=[1]; IO mode=ap_memory:ce=0
---------------- STG Properties END ------------------

---------------- Datapath Model BEGIN ----------------

<LifeTime>
<method=bitvector/>
br_ln64                (br               ) [ 0111]
do_init                (phi              ) [ 0011]
w_index3               (phi              ) [ 0011]
data_9_V_read13        (read             ) [ 0011]
data_8_V_read12        (read             ) [ 0011]
data_7_V_read11        (read             ) [ 0011]
data_6_V_read_6        (read             ) [ 0011]
data_5_V_read_6        (read             ) [ 0011]
data_4_V_read_6        (read             ) [ 0011]
data_3_V_read_6        (read             ) [ 0011]
data_2_V_read_5        (read             ) [ 0011]
data_1_V_read_4        (read             ) [ 0011]
data_0_V_read_4        (read             ) [ 0011]
br_ln64                (br               ) [ 0011]
zext_ln77              (zext             ) [ 0000]
w11_V_addr             (getelementptr    ) [ 0011]
w_index                (add              ) [ 0111]
icmp_ln64              (icmp             ) [ 0011]
br_ln64                (br               ) [ 0111]
br_ln282               (br               ) [ 0111]
data_0_V_read4_rewind  (phi              ) [ 0011]
data_1_V_read5_rewind  (phi              ) [ 0011]
data_2_V_read6_rewind  (phi              ) [ 0011]
data_3_V_read7_rewind  (phi              ) [ 0011]
data_4_V_read8_rewind  (phi              ) [ 0011]
data_5_V_read9_rewind  (phi              ) [ 0011]
data_6_V_read10_rewind (phi              ) [ 0011]
data_7_V_read11_rewind (phi              ) [ 0011]
data_8_V_read12_rewind (phi              ) [ 0011]
data_9_V_read13_rewind (phi              ) [ 0011]
res_V_write_assign1    (phi              ) [ 0011]
br_ln0                 (br               ) [ 0000]
data_0_V_read4_phi     (phi              ) [ 0111]
data_1_V_read5_phi     (phi              ) [ 0111]
data_2_V_read6_phi     (phi              ) [ 0111]
data_3_V_read7_phi     (phi              ) [ 0111]
data_4_V_read8_phi     (phi              ) [ 0111]
data_5_V_read9_phi     (phi              ) [ 0111]
data_6_V_read10_phi    (phi              ) [ 0111]
data_7_V_read11_phi    (phi              ) [ 0111]
data_8_V_read12_phi    (phi              ) [ 0111]
data_9_V_read13_phi    (phi              ) [ 0111]
specloopname_ln64      (specloopname     ) [ 0000]
tmp                    (specregionbegin  ) [ 0000]
specpipeline_ln65      (specpipeline     ) [ 0000]
phi_ln                 (mux              ) [ 0000]
w11_V_load             (load             ) [ 0000]
trunc_ln77             (trunc            ) [ 0000]
sext_ln1116_cast       (zext             ) [ 0000]
sext_ln1118            (sext             ) [ 0000]
mul_ln1118             (mul              ) [ 0000]
trunc_ln               (partselect       ) [ 0000]
phi_ln77_s             (mux              ) [ 0000]
tmp_3                  (partselect       ) [ 0000]
sext_ln1116_450_cast   (zext             ) [ 0000]
sext_ln1118_278        (sext             ) [ 0000]
mul_ln1118_858         (mul              ) [ 0000]
trunc_ln708_s          (partselect       ) [ 0000]
add_ln703              (add              ) [ 0000]
acc_0_V                (add              ) [ 0111]
empty                  (specregionend    ) [ 0000]
empty_252              (speclooptripcount) [ 0000]
return_ln282           (return           ) [ 0000]
</LifeTime>

<model>

<comp_list>
<comp id="0" class="1000" name="data_0_V_read">
<pin_list>
<pin id="1" dir="1" index="0" bw="1" slack="0"/>
</pin_list>
<bind>
<StgValue><ssdm name="data_0_V_read"/></StgValue>
</bind>
</comp>

<comp id="2" class="1000" name="data_1_V_read">
<pin_list>
<pin id="3" dir="1" index="0" bw="1" slack="0"/>
</pin_list>
<bind>
<StgValue><ssdm name="data_1_V_read"/></StgValue>
</bind>
</comp>

<comp id="4" class="1000" name="data_2_V_read">
<pin_list>
<pin id="5" dir="1" index="0" bw="1" slack="0"/>
</pin_list>
<bind>
<StgValue><ssdm name="data_2_V_read"/></StgValue>
</bind>
</comp>

<comp id="6" class="1000" name="data_3_V_read">
<pin_list>
<pin id="7" dir="1" index="0" bw="1" slack="0"/>
</pin_list>
<bind>
<StgValue><ssdm name="data_3_V_read"/></StgValue>
</bind>
</comp>

<comp id="8" class="1000" name="data_4_V_read">
<pin_list>
<pin id="9" dir="1" index="0" bw="1" slack="0"/>
</pin_list>
<bind>
<StgValue><ssdm name="data_4_V_read"/></StgValue>
</bind>
</comp>

<comp id="10" class="1000" name="data_5_V_read">
<pin_list>
<pin id="11" dir="1" index="0" bw="1" slack="0"/>
</pin_list>
<bind>
<StgValue><ssdm name="data_5_V_read"/></StgValue>
</bind>
</comp>

<comp id="12" class="1000" name="data_6_V_read">
<pin_list>
<pin id="13" dir="1" index="0" bw="1" slack="0"/>
</pin_list>
<bind>
<StgValue><ssdm name="data_6_V_read"/></StgValue>
</bind>
</comp>

<comp id="14" class="1000" name="data_7_V_read">
<pin_list>
<pin id="15" dir="1" index="0" bw="1" slack="0"/>
</pin_list>
<bind>
<StgValue><ssdm name="data_7_V_read"/></StgValue>
</bind>
</comp>

<comp id="16" class="1000" name="data_8_V_read">
<pin_list>
<pin id="17" dir="1" index="0" bw="1" slack="0"/>
</pin_list>
<bind>
<StgValue><ssdm name="data_8_V_read"/></StgValue>
</bind>
</comp>

<comp id="18" class="1000" name="data_9_V_read">
<pin_list>
<pin id="19" dir="1" index="0" bw="1" slack="0"/>
</pin_list>
<bind>
<StgValue><ssdm name="data_9_V_read"/></StgValue>
</bind>
</comp>

<comp id="20" class="1000" name="w11_V">
<pin_list>
<pin id="21" dir="1" index="0" bw="1" slack="0"/>
</pin_list>
<bind>
<StgValue><ssdm name="w11_V"/><MemPortTyVec>1 </MemPortTyVec>
</StgValue>
</bind>
</comp>

<comp id="22" class="1001" name="const_22">
<pin_list>
<pin id="23" dir="1" index="0" bw="1" slack="0"/>
</pin_list>
<bind>
<StgValue><ssdm name=""/></StgValue>
</bind>
</comp>

<comp id="24" class="1001" name="const_24">
<pin_list>
<pin id="25" dir="1" index="0" bw="1" slack="0"/>
</pin_list>
<bind>
<StgValue><ssdm name=""/></StgValue>
</bind>
</comp>

<comp id="26" class="1001" name="const_26">
<pin_list>
<pin id="27" dir="1" index="0" bw="1" slack="0"/>
</pin_list>
<bind>
<StgValue><ssdm name=""/></StgValue>
</bind>
</comp>

<comp id="28" class="1001" name="const_28">
<pin_list>
<pin id="29" dir="1" index="0" bw="1" slack="0"/>
</pin_list>
<bind>
<StgValue><ssdm name="_ssdm_op_Read.ap_auto.i15"/></StgValue>
</bind>
</comp>

<comp id="30" class="1001" name="const_30">
<pin_list>
<pin id="31" dir="1" index="0" bw="1" slack="0"/>
</pin_list>
<bind>
<StgValue><ssdm name=""/></StgValue>
</bind>
</comp>

<comp id="32" class="1001" name="const_32">
<pin_list>
<pin id="33" dir="1" index="0" bw="1" slack="0"/>
</pin_list>
<bind>
<StgValue><ssdm name=""/></StgValue>
</bind>
</comp>

<comp id="34" class="1001" name="const_34">
<pin_list>
<pin id="35" dir="1" index="0" bw="1" slack="0"/>
</pin_list>
<bind>
<StgValue><ssdm name=""/></StgValue>
</bind>
</comp>

<comp id="36" class="1001" name="const_36">
<pin_list>
<pin id="37" dir="1" index="0" bw="1" slack="1"/>
</pin_list>
<bind>
<StgValue><ssdm name=""/></StgValue>
</bind>
</comp>

<comp id="38" class="1001" name="const_38">
<pin_list>
<pin id="39" dir="1" index="0" bw="1" slack="1"/>
</pin_list>
<bind>
<StgValue><ssdm name=""/></StgValue>
</bind>
</comp>

<comp id="40" class="1001" name="const_40">
<pin_list>
<pin id="41" dir="1" index="0" bw="1" slack="2147483647"/>
</pin_list>
<bind>
<StgValue><ssdm name="_ssdm_op_SpecLoopName"/></StgValue>
</bind>
</comp>

<comp id="42" class="1001" name="const_42">
<pin_list>
<pin id="43" dir="1" index="0" bw="1" slack="2147483647"/>
</pin_list>
<bind>
<StgValue><ssdm name="p_str18"/></StgValue>
</bind>
</comp>

<comp id="44" class="1001" name="const_44">
<pin_list>
<pin id="45" dir="1" index="0" bw="1" slack="2147483647"/>
</pin_list>
<bind>
<StgValue><ssdm name="_ssdm_op_SpecRegionBegin"/></StgValue>
</bind>
</comp>

<comp id="46" class="1001" name="const_46">
<pin_list>
<pin id="47" dir="1" index="0" bw="1" slack="2147483647"/>
</pin_list>
<bind>
<StgValue><ssdm name="_ssdm_op_SpecPipeline"/></StgValue>
</bind>
</comp>

<comp id="48" class="1001" name="const_48">
<pin_list>
<pin id="49" dir="1" index="0" bw="1" slack="2147483647"/>
</pin_list>
<bind>
<StgValue><ssdm name=""/></StgValue>
</bind>
</comp>

<comp id="50" class="1001" name="const_50">
<pin_list>
<pin id="51" dir="1" index="0" bw="1" slack="2147483647"/>
</pin_list>
<bind>
<StgValue><ssdm name=""/></StgValue>
</bind>
</comp>

<comp id="52" class="1001" name="const_52">
<pin_list>
<pin id="53" dir="1" index="0" bw="1" slack="2147483647"/>
</pin_list>
<bind>
<StgValue><ssdm name="p_str13"/></StgValue>
</bind>
</comp>

<comp id="54" class="1001" name="const_54">
<pin_list>
<pin id="55" dir="1" index="0" bw="1" slack="0"/>
</pin_list>
<bind>
<StgValue><ssdm name="_ssdm_op_Mux.ap_auto.8i15.i3"/></StgValue>
</bind>
</comp>

<comp id="56" class="1001" name="const_56">
<pin_list>
<pin id="57" dir="1" index="0" bw="1" slack="0"/>
</pin_list>
<bind>
<StgValue><ssdm name="_ssdm_op_PartSelect.i16.i24.i32.i32"/></StgValue>
</bind>
</comp>

<comp id="58" class="1001" name="const_58">
<pin_list>
<pin id="59" dir="1" index="0" bw="1" slack="0"/>
</pin_list>
<bind>
<StgValue><ssdm name=""/></StgValue>
</bind>
</comp>

<comp id="60" class="1001" name="const_60">
<pin_list>
<pin id="61" dir="1" index="0" bw="1" slack="0"/>
</pin_list>
<bind>
<StgValue><ssdm name=""/></StgValue>
</bind>
</comp>

<comp id="62" class="1001" name="const_62">
<pin_list>
<pin id="63" dir="1" index="0" bw="1" slack="0"/>
</pin_list>
<bind>
<StgValue><ssdm name="_ssdm_op_PartSelect.i9.i25.i32.i32"/></StgValue>
</bind>
</comp>

<comp id="64" class="1001" name="const_64">
<pin_list>
<pin id="65" dir="1" index="0" bw="1" slack="0"/>
</pin_list>
<bind>
<StgValue><ssdm name=""/></StgValue>
</bind>
</comp>

<comp id="66" class="1001" name="const_66">
<pin_list>
<pin id="67" dir="1" index="0" bw="1" slack="0"/>
</pin_list>
<bind>
<StgValue><ssdm name=""/></StgValue>
</bind>
</comp>

<comp id="68" class="1001" name="const_68">
<pin_list>
<pin id="69" dir="1" index="0" bw="1" slack="2147483647"/>
</pin_list>
<bind>
<StgValue><ssdm name="_ssdm_op_SpecRegionEnd"/></StgValue>
</bind>
</comp>

<comp id="70" class="1001" name="const_70">
<pin_list>
<pin id="71" dir="1" index="0" bw="1" slack="2147483647"/>
</pin_list>
<bind>
<StgValue><ssdm name="_ssdm_op_SpecLoopTripCount"/></StgValue>
</bind>
</comp>

<comp id="72" class="1001" name="const_72">
<pin_list>
<pin id="73" dir="1" index="0" bw="1" slack="2147483647"/>
</pin_list>
<bind>
<StgValue><ssdm name=""/></StgValue>
</bind>
</comp>

<comp id="74" class="1004" name="data_9_V_read13_read_fu_74">
<pin_list>
<pin id="75" dir="0" index="0" bw="15" slack="0"/>
<pin id="76" dir="0" index="1" bw="15" slack="0"/>
<pin id="77" dir="1" index="2" bw="15" slack="1"/>
</pin_list>
<bind>
<opcode="read(1150) " fcode="read"/>
<opset="data_9_V_read13/2 "/>
</bind>
</comp>

<comp id="80" class="1004" name="data_8_V_read12_read_fu_80">
<pin_list>
<pin id="81" dir="0" index="0" bw="15" slack="0"/>
<pin id="82" dir="0" index="1" bw="15" slack="0"/>
<pin id="83" dir="1" index="2" bw="15" slack="1"/>
</pin_list>
<bind>
<opcode="read(1150) " fcode="read"/>
<opset="data_8_V_read12/2 "/>
</bind>
</comp>

<comp id="86" class="1004" name="data_7_V_read11_read_fu_86">
<pin_list>
<pin id="87" dir="0" index="0" bw="15" slack="0"/>
<pin id="88" dir="0" index="1" bw="15" slack="0"/>
<pin id="89" dir="1" index="2" bw="15" slack="1"/>
</pin_list>
<bind>
<opcode="read(1150) " fcode="read"/>
<opset="data_7_V_read11/2 "/>
</bind>
</comp>

<comp id="92" class="1004" name="data_6_V_read_6_read_fu_92">
<pin_list>
<pin id="93" dir="0" index="0" bw="15" slack="0"/>
<pin id="94" dir="0" index="1" bw="15" slack="0"/>
<pin id="95" dir="1" index="2" bw="15" slack="1"/>
</pin_list>
<bind>
<opcode="read(1150) " fcode="read"/>
<opset="data_6_V_read_6/2 "/>
</bind>
</comp>

<comp id="98" class="1004" name="data_5_V_read_6_read_fu_98">
<pin_list>
<pin id="99" dir="0" index="0" bw="15" slack="0"/>
<pin id="100" dir="0" index="1" bw="15" slack="0"/>
<pin id="101" dir="1" index="2" bw="15" slack="1"/>
</pin_list>
<bind>
<opcode="read(1150) " fcode="read"/>
<opset="data_5_V_read_6/2 "/>
</bind>
</comp>

<comp id="104" class="1004" name="data_4_V_read_6_read_fu_104">
<pin_list>
<pin id="105" dir="0" index="0" bw="15" slack="0"/>
<pin id="106" dir="0" index="1" bw="15" slack="0"/>
<pin id="107" dir="1" index="2" bw="15" slack="1"/>
</pin_list>
<bind>
<opcode="read(1150) " fcode="read"/>
<opset="data_4_V_read_6/2 "/>
</bind>
</comp>

<comp id="110" class="1004" name="data_3_V_read_6_read_fu_110">
<pin_list>
<pin id="111" dir="0" index="0" bw="15" slack="0"/>
<pin id="112" dir="0" index="1" bw="15" slack="0"/>
<pin id="113" dir="1" index="2" bw="15" slack="1"/>
</pin_list>
<bind>
<opcode="read(1150) " fcode="read"/>
<opset="data_3_V_read_6/2 "/>
</bind>
</comp>

<comp id="116" class="1004" name="data_2_V_read_5_read_fu_116">
<pin_list>
<pin id="117" dir="0" index="0" bw="15" slack="0"/>
<pin id="118" dir="0" index="1" bw="15" slack="0"/>
<pin id="119" dir="1" index="2" bw="15" slack="1"/>
</pin_list>
<bind>
<opcode="read(1150) " fcode="read"/>
<opset="data_2_V_read_5/2 "/>
</bind>
</comp>

<comp id="122" class="1004" name="data_1_V_read_4_read_fu_122">
<pin_list>
<pin id="123" dir="0" index="0" bw="15" slack="0"/>
<pin id="124" dir="0" index="1" bw="15" slack="0"/>
<pin id="125" dir="1" index="2" bw="15" slack="1"/>
</pin_list>
<bind>
<opcode="read(1150) " fcode="read"/>
<opset="data_1_V_read_4/2 "/>
</bind>
</comp>

<comp id="128" class="1004" name="data_0_V_read_4_read_fu_128">
<pin_list>
<pin id="129" dir="0" index="0" bw="15" slack="0"/>
<pin id="130" dir="0" index="1" bw="15" slack="0"/>
<pin id="131" dir="1" index="2" bw="15" slack="1"/>
</pin_list>
<bind>
<opcode="read(1150) " fcode="read"/>
<opset="data_0_V_read_4/2 "/>
</bind>
</comp>

<comp id="134" class="1004" name="w11_V_addr_gep_fu_134">
<pin_list>
<pin id="135" dir="0" index="0" bw="25" slack="0"/>
<pin id="136" dir="0" index="1" bw="1" slack="0"/>
<pin id="137" dir="0" index="2" bw="3" slack="0"/>
<pin id="138" dir="1" index="3" bw="3" slack="0"/>
</pin_list>
<bind>
<opcode="getelementptr(29) " fcode="getelementptr"/>
<opset="w11_V_addr/2 "/>
</bind>
</comp>

<comp id="141" class="1004" name="grp_access_fu_141">
<pin_list>
<pin id="142" dir="0" index="0" bw="3" slack="0"/>
<pin id="143" dir="0" index="1" bw="25" slack="2147483647"/>
<pin id="144" dir="0" index="2" bw="0" slack="2147483647"/>
<pin id="145" dir="1" index="3" bw="25" slack="0"/>
</pin_list>
<bind>
<opcode="load(27) " fcode="load"/>
<opset="w11_V_load/2 "/>
</bind>
</comp>

<comp id="147" class="1005" name="do_init_reg_147">
<pin_list>
<pin id="148" dir="0" index="0" bw="1" slack="1"/>
<pin id="149" dir="1" index="1" bw="1" slack="1"/>
</pin_list>
<bind>
<opset="do_init (phireg) "/>
</bind>
</comp>

<comp id="151" class="1004" name="do_init_phi_fu_151">
<pin_list>
<pin id="152" dir="0" index="0" bw="1" slack="1"/>
<pin id="153" dir="0" index="1" bw="0" slack="2147483647"/>
<pin id="154" dir="0" index="2" bw="1" slack="0"/>
<pin id="155" dir="0" index="3" bw="0" slack="2147483647"/>
<pin id="156" dir="0" index="4" bw="1" slack="0"/>
<pin id="157" dir="0" index="5" bw="0" slack="2147483647"/>
<pin id="158" dir="1" index="6" bw="1" slack="1"/>
</pin_list>
<bind>
<opcode="phi(47) " fcode="phi"/>
<opset="do_init/2 "/>
</bind>
</comp>

<comp id="163" class="1005" name="w_index3_reg_163">
<pin_list>
<pin id="164" dir="0" index="0" bw="3" slack="1"/>
<pin id="165" dir="1" index="1" bw="3" slack="1"/>
</pin_list>
<bind>
<opset="w_index3 (phireg) "/>
</bind>
</comp>

<comp id="167" class="1004" name="w_index3_phi_fu_167">
<pin_list>
<pin id="168" dir="0" index="0" bw="1" slack="1"/>
<pin id="169" dir="0" index="1" bw="0" slack="2147483647"/>
<pin id="170" dir="0" index="2" bw="3" slack="0"/>
<pin id="171" dir="0" index="3" bw="0" slack="2147483647"/>
<pin id="172" dir="0" index="4" bw="1" slack="0"/>
<pin id="173" dir="0" index="5" bw="0" slack="2147483647"/>
<pin id="174" dir="1" index="6" bw="3" slack="0"/>
</pin_list>
<bind>
<opcode="phi(47) " fcode="phi"/>
<opset="w_index3/2 "/>
</bind>
</comp>

<comp id="178" class="1005" name="data_0_V_read4_rewind_reg_178">
<pin_list>
<pin id="179" dir="0" index="0" bw="15" slack="1"/>
<pin id="180" dir="1" index="1" bw="15" slack="1"/>
</pin_list>
<bind>
<opset="data_0_V_read4_rewind (phireg) "/>
</bind>
</comp>

<comp id="182" class="1004" name="data_0_V_read4_rewind_phi_fu_182">
<pin_list>
<pin id="183" dir="0" index="0" bw="1" slack="2"/>
<pin id="184" dir="0" index="1" bw="0" slack="2147483647"/>
<pin id="185" dir="0" index="2" bw="15" slack="0"/>
<pin id="186" dir="0" index="3" bw="0" slack="2147483647"/>
<pin id="187" dir="0" index="4" bw="1" slack="1"/>
<pin id="188" dir="0" index="5" bw="0" slack="2147483647"/>
<pin id="189" dir="1" index="6" bw="15" slack="0"/>
</pin_list>
<bind>
<opcode="phi(47) " fcode="phi"/>
<opset="data_0_V_read4_rewind/3 "/>
</bind>
</comp>

<comp id="192" class="1005" name="data_1_V_read5_rewind_reg_192">
<pin_list>
<pin id="193" dir="0" index="0" bw="15" slack="1"/>
<pin id="194" dir="1" index="1" bw="15" slack="1"/>
</pin_list>
<bind>
<opset="data_1_V_read5_rewind (phireg) "/>
</bind>
</comp>

<comp id="196" class="1004" name="data_1_V_read5_rewind_phi_fu_196">
<pin_list>
<pin id="197" dir="0" index="0" bw="1" slack="2"/>
<pin id="198" dir="0" index="1" bw="0" slack="2147483647"/>
<pin id="199" dir="0" index="2" bw="15" slack="0"/>
<pin id="200" dir="0" index="3" bw="0" slack="2147483647"/>
<pin id="201" dir="0" index="4" bw="1" slack="1"/>
<pin id="202" dir="0" index="5" bw="0" slack="2147483647"/>
<pin id="203" dir="1" index="6" bw="15" slack="0"/>
</pin_list>
<bind>
<opcode="phi(47) " fcode="phi"/>
<opset="data_1_V_read5_rewind/3 "/>
</bind>
</comp>

<comp id="206" class="1005" name="data_2_V_read6_rewind_reg_206">
<pin_list>
<pin id="207" dir="0" index="0" bw="15" slack="1"/>
<pin id="208" dir="1" index="1" bw="15" slack="1"/>
</pin_list>
<bind>
<opset="data_2_V_read6_rewind (phireg) "/>
</bind>
</comp>

<comp id="210" class="1004" name="data_2_V_read6_rewind_phi_fu_210">
<pin_list>
<pin id="211" dir="0" index="0" bw="1" slack="2"/>
<pin id="212" dir="0" index="1" bw="0" slack="2147483647"/>
<pin id="213" dir="0" index="2" bw="15" slack="0"/>
<pin id="214" dir="0" index="3" bw="0" slack="2147483647"/>
<pin id="215" dir="0" index="4" bw="1" slack="1"/>
<pin id="216" dir="0" index="5" bw="0" slack="2147483647"/>
<pin id="217" dir="1" index="6" bw="15" slack="0"/>
</pin_list>
<bind>
<opcode="phi(47) " fcode="phi"/>
<opset="data_2_V_read6_rewind/3 "/>
</bind>
</comp>

<comp id="220" class="1005" name="data_3_V_read7_rewind_reg_220">
<pin_list>
<pin id="221" dir="0" index="0" bw="15" slack="1"/>
<pin id="222" dir="1" index="1" bw="15" slack="1"/>
</pin_list>
<bind>
<opset="data_3_V_read7_rewind (phireg) "/>
</bind>
</comp>

<comp id="224" class="1004" name="data_3_V_read7_rewind_phi_fu_224">
<pin_list>
<pin id="225" dir="0" index="0" bw="1" slack="2"/>
<pin id="226" dir="0" index="1" bw="0" slack="2147483647"/>
<pin id="227" dir="0" index="2" bw="15" slack="0"/>
<pin id="228" dir="0" index="3" bw="0" slack="2147483647"/>
<pin id="229" dir="0" index="4" bw="1" slack="1"/>
<pin id="230" dir="0" index="5" bw="0" slack="2147483647"/>
<pin id="231" dir="1" index="6" bw="15" slack="0"/>
</pin_list>
<bind>
<opcode="phi(47) " fcode="phi"/>
<opset="data_3_V_read7_rewind/3 "/>
</bind>
</comp>

<comp id="234" class="1005" name="data_4_V_read8_rewind_reg_234">
<pin_list>
<pin id="235" dir="0" index="0" bw="15" slack="1"/>
<pin id="236" dir="1" index="1" bw="15" slack="1"/>
</pin_list>
<bind>
<opset="data_4_V_read8_rewind (phireg) "/>
</bind>
</comp>

<comp id="238" class="1004" name="data_4_V_read8_rewind_phi_fu_238">
<pin_list>
<pin id="239" dir="0" index="0" bw="1" slack="2"/>
<pin id="240" dir="0" index="1" bw="0" slack="2147483647"/>
<pin id="241" dir="0" index="2" bw="15" slack="0"/>
<pin id="242" dir="0" index="3" bw="0" slack="2147483647"/>
<pin id="243" dir="0" index="4" bw="1" slack="1"/>
<pin id="244" dir="0" index="5" bw="0" slack="2147483647"/>
<pin id="245" dir="1" index="6" bw="15" slack="0"/>
</pin_list>
<bind>
<opcode="phi(47) " fcode="phi"/>
<opset="data_4_V_read8_rewind/3 "/>
</bind>
</comp>

<comp id="248" class="1005" name="data_5_V_read9_rewind_reg_248">
<pin_list>
<pin id="249" dir="0" index="0" bw="15" slack="1"/>
<pin id="250" dir="1" index="1" bw="15" slack="1"/>
</pin_list>
<bind>
<opset="data_5_V_read9_rewind (phireg) "/>
</bind>
</comp>

<comp id="252" class="1004" name="data_5_V_read9_rewind_phi_fu_252">
<pin_list>
<pin id="253" dir="0" index="0" bw="1" slack="2"/>
<pin id="254" dir="0" index="1" bw="0" slack="2147483647"/>
<pin id="255" dir="0" index="2" bw="15" slack="0"/>
<pin id="256" dir="0" index="3" bw="0" slack="2147483647"/>
<pin id="257" dir="0" index="4" bw="1" slack="1"/>
<pin id="258" dir="0" index="5" bw="0" slack="2147483647"/>
<pin id="259" dir="1" index="6" bw="15" slack="0"/>
</pin_list>
<bind>
<opcode="phi(47) " fcode="phi"/>
<opset="data_5_V_read9_rewind/3 "/>
</bind>
</comp>

<comp id="262" class="1005" name="data_6_V_read10_rewind_reg_262">
<pin_list>
<pin id="263" dir="0" index="0" bw="15" slack="1"/>
<pin id="264" dir="1" index="1" bw="15" slack="1"/>
</pin_list>
<bind>
<opset="data_6_V_read10_rewind (phireg) "/>
</bind>
</comp>

<comp id="266" class="1004" name="data_6_V_read10_rewind_phi_fu_266">
<pin_list>
<pin id="267" dir="0" index="0" bw="1" slack="2"/>
<pin id="268" dir="0" index="1" bw="0" slack="2147483647"/>
<pin id="269" dir="0" index="2" bw="15" slack="0"/>
<pin id="270" dir="0" index="3" bw="0" slack="2147483647"/>
<pin id="271" dir="0" index="4" bw="1" slack="1"/>
<pin id="272" dir="0" index="5" bw="0" slack="2147483647"/>
<pin id="273" dir="1" index="6" bw="15" slack="0"/>
</pin_list>
<bind>
<opcode="phi(47) " fcode="phi"/>
<opset="data_6_V_read10_rewind/3 "/>
</bind>
</comp>

<comp id="276" class="1005" name="data_7_V_read11_rewind_reg_276">
<pin_list>
<pin id="277" dir="0" index="0" bw="15" slack="1"/>
<pin id="278" dir="1" index="1" bw="15" slack="1"/>
</pin_list>
<bind>
<opset="data_7_V_read11_rewind (phireg) "/>
</bind>
</comp>

<comp id="280" class="1004" name="data_7_V_read11_rewind_phi_fu_280">
<pin_list>
<pin id="281" dir="0" index="0" bw="1" slack="2"/>
<pin id="282" dir="0" index="1" bw="0" slack="2147483647"/>
<pin id="283" dir="0" index="2" bw="15" slack="0"/>
<pin id="284" dir="0" index="3" bw="0" slack="2147483647"/>
<pin id="285" dir="0" index="4" bw="1" slack="1"/>
<pin id="286" dir="0" index="5" bw="0" slack="2147483647"/>
<pin id="287" dir="1" index="6" bw="15" slack="0"/>
</pin_list>
<bind>
<opcode="phi(47) " fcode="phi"/>
<opset="data_7_V_read11_rewind/3 "/>
</bind>
</comp>

<comp id="290" class="1005" name="data_8_V_read12_rewind_reg_290">
<pin_list>
<pin id="291" dir="0" index="0" bw="15" slack="1"/>
<pin id="292" dir="1" index="1" bw="15" slack="1"/>
</pin_list>
<bind>
<opset="data_8_V_read12_rewind (phireg) "/>
</bind>
</comp>

<comp id="294" class="1004" name="data_8_V_read12_rewind_phi_fu_294">
<pin_list>
<pin id="295" dir="0" index="0" bw="1" slack="2"/>
<pin id="296" dir="0" index="1" bw="0" slack="2147483647"/>
<pin id="297" dir="0" index="2" bw="15" slack="0"/>
<pin id="298" dir="0" index="3" bw="0" slack="2147483647"/>
<pin id="299" dir="0" index="4" bw="1" slack="1"/>
<pin id="300" dir="0" index="5" bw="0" slack="2147483647"/>
<pin id="301" dir="1" index="6" bw="15" slack="0"/>
</pin_list>
<bind>
<opcode="phi(47) " fcode="phi"/>
<opset="data_8_V_read12_rewind/3 "/>
</bind>
</comp>

<comp id="304" class="1005" name="data_9_V_read13_rewind_reg_304">
<pin_list>
<pin id="305" dir="0" index="0" bw="15" slack="1"/>
<pin id="306" dir="1" index="1" bw="15" slack="1"/>
</pin_list>
<bind>
<opset="data_9_V_read13_rewind (phireg) "/>
</bind>
</comp>

<comp id="308" class="1004" name="data_9_V_read13_rewind_phi_fu_308">
<pin_list>
<pin id="309" dir="0" index="0" bw="1" slack="2"/>
<pin id="310" dir="0" index="1" bw="0" slack="2147483647"/>
<pin id="311" dir="0" index="2" bw="15" slack="0"/>
<pin id="312" dir="0" index="3" bw="0" slack="2147483647"/>
<pin id="313" dir="0" index="4" bw="1" slack="1"/>
<pin id="314" dir="0" index="5" bw="0" slack="2147483647"/>
<pin id="315" dir="1" index="6" bw="15" slack="0"/>
</pin_list>
<bind>
<opcode="phi(47) " fcode="phi"/>
<opset="data_9_V_read13_rewind/3 "/>
</bind>
</comp>

<comp id="318" class="1005" name="res_V_write_assign1_reg_318">
<pin_list>
<pin id="319" dir="0" index="0" bw="16" slack="1"/>
<pin id="320" dir="1" index="1" bw="16" slack="1"/>
</pin_list>
<bind>
<opset="res_V_write_assign1 (phireg) "/>
</bind>
</comp>

<comp id="322" class="1004" name="res_V_write_assign1_phi_fu_322">
<pin_list>
<pin id="323" dir="0" index="0" bw="6" slack="2"/>
<pin id="324" dir="0" index="1" bw="0" slack="2147483647"/>
<pin id="325" dir="0" index="2" bw="16" slack="0"/>
<pin id="326" dir="0" index="3" bw="0" slack="2147483647"/>
<pin id="327" dir="0" index="4" bw="6" slack="1"/>
<pin id="328" dir="0" index="5" bw="0" slack="2147483647"/>
<pin id="329" dir="1" index="6" bw="16" slack="0"/>
</pin_list>
<bind>
<opcode="phi(47) " fcode="phi"/>
<opset="res_V_write_assign1/3 "/>
</bind>
</comp>

<comp id="332" class="1005" name="data_0_V_read4_phi_reg_332">
<pin_list>
<pin id="333" dir="0" index="0" bw="15" slack="0"/>
<pin id="334" dir="1" index="1" bw="15" slack="0"/>
</pin_list>
<bind>
<opset="data_0_V_read4_phi (phireg) "/>
</bind>
</comp>

<comp id="336" class="1004" name="data_0_V_read4_phi_phi_fu_336">
<pin_list>
<pin id="337" dir="0" index="0" bw="15" slack="1"/>
<pin id="338" dir="0" index="1" bw="0" slack="2147483647"/>
<pin id="339" dir="0" index="2" bw="15" slack="0"/>
<pin id="340" dir="0" index="3" bw="0" slack="2147483647"/>
<pin id="341" dir="1" index="4" bw="15" slack="0"/>
</pin_list>
<bind>
<opcode="phi(47) " fcode="phi"/>
<opset="data_0_V_read4_phi/3 "/>
</bind>
</comp>

<comp id="344" class="1005" name="data_1_V_read5_phi_reg_344">
<pin_list>
<pin id="345" dir="0" index="0" bw="15" slack="0"/>
<pin id="346" dir="1" index="1" bw="15" slack="0"/>
</pin_list>
<bind>
<opset="data_1_V_read5_phi (phireg) "/>
</bind>
</comp>

<comp id="348" class="1004" name="data_1_V_read5_phi_phi_fu_348">
<pin_list>
<pin id="349" dir="0" index="0" bw="15" slack="1"/>
<pin id="350" dir="0" index="1" bw="0" slack="2147483647"/>
<pin id="351" dir="0" index="2" bw="15" slack="0"/>
<pin id="352" dir="0" index="3" bw="0" slack="2147483647"/>
<pin id="353" dir="1" index="4" bw="15" slack="0"/>
</pin_list>
<bind>
<opcode="phi(47) " fcode="phi"/>
<opset="data_1_V_read5_phi/3 "/>
</bind>
</comp>

<comp id="356" class="1005" name="data_2_V_read6_phi_reg_356">
<pin_list>
<pin id="357" dir="0" index="0" bw="15" slack="0"/>
<pin id="358" dir="1" index="1" bw="15" slack="0"/>
</pin_list>
<bind>
<opset="data_2_V_read6_phi (phireg) "/>
</bind>
</comp>

<comp id="360" class="1004" name="data_2_V_read6_phi_phi_fu_360">
<pin_list>
<pin id="361" dir="0" index="0" bw="15" slack="1"/>
<pin id="362" dir="0" index="1" bw="0" slack="2147483647"/>
<pin id="363" dir="0" index="2" bw="15" slack="0"/>
<pin id="364" dir="0" index="3" bw="0" slack="2147483647"/>
<pin id="365" dir="1" index="4" bw="15" slack="0"/>
</pin_list>
<bind>
<opcode="phi(47) " fcode="phi"/>
<opset="data_2_V_read6_phi/3 "/>
</bind>
</comp>

<comp id="368" class="1005" name="data_3_V_read7_phi_reg_368">
<pin_list>
<pin id="369" dir="0" index="0" bw="15" slack="0"/>
<pin id="370" dir="1" index="1" bw="15" slack="0"/>
</pin_list>
<bind>
<opset="data_3_V_read7_phi (phireg) "/>
</bind>
</comp>

<comp id="372" class="1004" name="data_3_V_read7_phi_phi_fu_372">
<pin_list>
<pin id="373" dir="0" index="0" bw="15" slack="1"/>
<pin id="374" dir="0" index="1" bw="0" slack="2147483647"/>
<pin id="375" dir="0" index="2" bw="15" slack="0"/>
<pin id="376" dir="0" index="3" bw="0" slack="2147483647"/>
<pin id="377" dir="1" index="4" bw="15" slack="0"/>
</pin_list>
<bind>
<opcode="phi(47) " fcode="phi"/>
<opset="data_3_V_read7_phi/3 "/>
</bind>
</comp>

<comp id="380" class="1005" name="data_4_V_read8_phi_reg_380">
<pin_list>
<pin id="381" dir="0" index="0" bw="15" slack="0"/>
<pin id="382" dir="1" index="1" bw="15" slack="0"/>
</pin_list>
<bind>
<opset="data_4_V_read8_phi (phireg) "/>
</bind>
</comp>

<comp id="384" class="1004" name="data_4_V_read8_phi_phi_fu_384">
<pin_list>
<pin id="385" dir="0" index="0" bw="15" slack="1"/>
<pin id="386" dir="0" index="1" bw="0" slack="2147483647"/>
<pin id="387" dir="0" index="2" bw="15" slack="0"/>
<pin id="388" dir="0" index="3" bw="0" slack="2147483647"/>
<pin id="389" dir="1" index="4" bw="15" slack="0"/>
</pin_list>
<bind>
<opcode="phi(47) " fcode="phi"/>
<opset="data_4_V_read8_phi/3 "/>
</bind>
</comp>

<comp id="392" class="1005" name="data_5_V_read9_phi_reg_392">
<pin_list>
<pin id="393" dir="0" index="0" bw="15" slack="0"/>
<pin id="394" dir="1" index="1" bw="15" slack="0"/>
</pin_list>
<bind>
<opset="data_5_V_read9_phi (phireg) "/>
</bind>
</comp>

<comp id="396" class="1004" name="data_5_V_read9_phi_phi_fu_396">
<pin_list>
<pin id="397" dir="0" index="0" bw="15" slack="1"/>
<pin id="398" dir="0" index="1" bw="0" slack="2147483647"/>
<pin id="399" dir="0" index="2" bw="15" slack="0"/>
<pin id="400" dir="0" index="3" bw="0" slack="2147483647"/>
<pin id="401" dir="1" index="4" bw="15" slack="0"/>
</pin_list>
<bind>
<opcode="phi(47) " fcode="phi"/>
<opset="data_5_V_read9_phi/3 "/>
</bind>
</comp>

<comp id="404" class="1005" name="data_6_V_read10_phi_reg_404">
<pin_list>
<pin id="405" dir="0" index="0" bw="15" slack="0"/>
<pin id="406" dir="1" index="1" bw="15" slack="0"/>
</pin_list>
<bind>
<opset="data_6_V_read10_phi (phireg) "/>
</bind>
</comp>

<comp id="408" class="1004" name="data_6_V_read10_phi_phi_fu_408">
<pin_list>
<pin id="409" dir="0" index="0" bw="15" slack="1"/>
<pin id="410" dir="0" index="1" bw="0" slack="2147483647"/>
<pin id="411" dir="0" index="2" bw="15" slack="0"/>
<pin id="412" dir="0" index="3" bw="0" slack="2147483647"/>
<pin id="413" dir="1" index="4" bw="15" slack="0"/>
</pin_list>
<bind>
<opcode="phi(47) " fcode="phi"/>
<opset="data_6_V_read10_phi/3 "/>
</bind>
</comp>

<comp id="416" class="1005" name="data_7_V_read11_phi_reg_416">
<pin_list>
<pin id="417" dir="0" index="0" bw="15" slack="0"/>
<pin id="418" dir="1" index="1" bw="15" slack="0"/>
</pin_list>
<bind>
<opset="data_7_V_read11_phi (phireg) "/>
</bind>
</comp>

<comp id="420" class="1004" name="data_7_V_read11_phi_phi_fu_420">
<pin_list>
<pin id="421" dir="0" index="0" bw="15" slack="1"/>
<pin id="422" dir="0" index="1" bw="0" slack="2147483647"/>
<pin id="423" dir="0" index="2" bw="15" slack="0"/>
<pin id="424" dir="0" index="3" bw="0" slack="2147483647"/>
<pin id="425" dir="1" index="4" bw="15" slack="0"/>
</pin_list>
<bind>
<opcode="phi(47) " fcode="phi"/>
<opset="data_7_V_read11_phi/3 "/>
</bind>
</comp>

<comp id="428" class="1005" name="data_8_V_read12_phi_reg_428">
<pin_list>
<pin id="429" dir="0" index="0" bw="15" slack="0"/>
<pin id="430" dir="1" index="1" bw="15" slack="0"/>
</pin_list>
<bind>
<opset="data_8_V_read12_phi (phireg) "/>
</bind>
</comp>

<comp id="432" class="1004" name="data_8_V_read12_phi_phi_fu_432">
<pin_list>
<pin id="433" dir="0" index="0" bw="15" slack="1"/>
<pin id="434" dir="0" index="1" bw="0" slack="2147483647"/>
<pin id="435" dir="0" index="2" bw="15" slack="0"/>
<pin id="436" dir="0" index="3" bw="0" slack="2147483647"/>
<pin id="437" dir="1" index="4" bw="15" slack="0"/>
</pin_list>
<bind>
<opcode="phi(47) " fcode="phi"/>
<opset="data_8_V_read12_phi/3 "/>
</bind>
</comp>

<comp id="440" class="1005" name="data_9_V_read13_phi_reg_440">
<pin_list>
<pin id="441" dir="0" index="0" bw="15" slack="0"/>
<pin id="442" dir="1" index="1" bw="15" slack="0"/>
</pin_list>
<bind>
<opset="data_9_V_read13_phi (phireg) "/>
</bind>
</comp>

<comp id="444" class="1004" name="data_9_V_read13_phi_phi_fu_444">
<pin_list>
<pin id="445" dir="0" index="0" bw="15" slack="1"/>
<pin id="446" dir="0" index="1" bw="0" slack="2147483647"/>
<pin id="447" dir="0" index="2" bw="15" slack="0"/>
<pin id="448" dir="0" index="3" bw="0" slack="2147483647"/>
<pin id="449" dir="1" index="4" bw="15" slack="0"/>
</pin_list>
<bind>
<opcode="phi(47) " fcode="phi"/>
<opset="data_9_V_read13_phi/3 "/>
</bind>
</comp>

<comp id="452" class="1004" name="zext_ln77_fu_452">
<pin_list>
<pin id="453" dir="0" index="0" bw="3" slack="0"/>
<pin id="454" dir="1" index="1" bw="64" slack="0"/>
</pin_list>
<bind>
<opcode="zext(34) " fcode="zext"/>
<opset="zext_ln77/2 "/>
</bind>
</comp>

<comp id="457" class="1004" name="w_index_fu_457">
<pin_list>
<pin id="458" dir="0" index="0" bw="1" slack="0"/>
<pin id="459" dir="0" index="1" bw="3" slack="0"/>
<pin id="460" dir="1" index="2" bw="3" slack="0"/>
</pin_list>
<bind>
<opcode="add(8) " fcode="add"/>
<opset="w_index/2 "/>
</bind>
</comp>

<comp id="463" class="1004" name="icmp_ln64_fu_463">
<pin_list>
<pin id="464" dir="0" index="0" bw="3" slack="0"/>
<pin id="465" dir="0" index="1" bw="3" slack="0"/>
<pin id="466" dir="1" index="2" bw="1" slack="1"/>
</pin_list>
<bind>
<opcode="icmp(45) " fcode="icmp"/>
<opset="icmp_ln64/2 "/>
</bind>
</comp>

<comp id="469" class="1004" name="phi_ln_fu_469">
<pin_list>
<pin id="470" dir="0" index="0" bw="15" slack="0"/>
<pin id="471" dir="0" index="1" bw="15" slack="0"/>
<pin id="472" dir="0" index="2" bw="15" slack="0"/>
<pin id="473" dir="0" index="3" bw="15" slack="0"/>
<pin id="474" dir="0" index="4" bw="15" slack="0"/>
<pin id="475" dir="0" index="5" bw="15" slack="0"/>
<pin id="476" dir="0" index="6" bw="15" slack="0"/>
<pin id="477" dir="0" index="7" bw="15" slack="0"/>
<pin id="478" dir="0" index="8" bw="15" slack="0"/>
<pin id="479" dir="0" index="9" bw="3" slack="1"/>
<pin id="480" dir="1" index="10" bw="15" slack="0"/>
</pin_list>
<bind>
<opcode="mux(1196) " fcode="mux"/>
<opset="phi_ln/3 "/>
</bind>
</comp>

<comp id="491" class="1004" name="trunc_ln77_fu_491">
<pin_list>
<pin id="492" dir="0" index="0" bw="25" slack="0"/>
<pin id="493" dir="1" index="1" bw="16" slack="0"/>
</pin_list>
<bind>
<opcode="trunc(33) " fcode="trunc"/>
<opset="trunc_ln77/3 "/>
</bind>
</comp>

<comp id="495" class="1004" name="sext_ln1116_cast_fu_495">
<pin_list>
<pin id="496" dir="0" index="0" bw="15" slack="0"/>
<pin id="497" dir="1" index="1" bw="24" slack="0"/>
</pin_list>
<bind>
<opcode="zext(34) " fcode="zext"/>
<opset="sext_ln1116_cast/3 "/>
</bind>
</comp>

<comp id="499" class="1004" name="sext_ln1118_fu_499">
<pin_list>
<pin id="500" dir="0" index="0" bw="16" slack="0"/>
<pin id="501" dir="1" index="1" bw="24" slack="0"/>
</pin_list>
<bind>
<opcode="sext(35) " fcode="sext"/>
<opset="sext_ln1118/3 "/>
</bind>
</comp>

<comp id="503" class="1004" name="trunc_ln_fu_503">
<pin_list>
<pin id="504" dir="0" index="0" bw="16" slack="0"/>
<pin id="505" dir="0" index="1" bw="24" slack="0"/>
<pin id="506" dir="0" index="2" bw="5" slack="0"/>
<pin id="507" dir="0" index="3" bw="6" slack="0"/>
<pin id="508" dir="1" index="4" bw="16" slack="0"/>
</pin_list>
<bind>
<opcode="partselect(1002) " fcode="partselect"/>
<opset="trunc_ln/3 "/>
</bind>
</comp>

<comp id="512" class="1004" name="phi_ln77_s_fu_512">
<pin_list>
<pin id="513" dir="0" index="0" bw="15" slack="0"/>
<pin id="514" dir="0" index="1" bw="15" slack="0"/>
<pin id="515" dir="0" index="2" bw="15" slack="0"/>
<pin id="516" dir="0" index="3" bw="15" slack="0"/>
<pin id="517" dir="0" index="4" bw="15" slack="0"/>
<pin id="518" dir="0" index="5" bw="15" slack="0"/>
<pin id="519" dir="0" index="6" bw="15" slack="0"/>
<pin id="520" dir="0" index="7" bw="15" slack="0"/>
<pin id="521" dir="0" index="8" bw="15" slack="0"/>
<pin id="522" dir="0" index="9" bw="3" slack="1"/>
<pin id="523" dir="1" index="10" bw="15" slack="0"/>
</pin_list>
<bind>
<opcode="mux(1196) " fcode="mux"/>
<opset="phi_ln77_s/3 "/>
</bind>
</comp>

<comp id="534" class="1004" name="tmp_3_fu_534">
<pin_list>
<pin id="535" dir="0" index="0" bw="9" slack="0"/>
<pin id="536" dir="0" index="1" bw="25" slack="0"/>
<pin id="537" dir="0" index="2" bw="6" slack="0"/>
<pin id="538" dir="0" index="3" bw="6" slack="0"/>
<pin id="539" dir="1" index="4" bw="9" slack="0"/>
</pin_list>
<bind>
<opcode="partselect(1002) " fcode="partselect"/>
<opset="tmp_3/3 "/>
</bind>
</comp>

<comp id="544" class="1004" name="sext_ln1116_450_cast_fu_544">
<pin_list>
<pin id="545" dir="0" index="0" bw="15" slack="0"/>
<pin id="546" dir="1" index="1" bw="24" slack="0"/>
</pin_list>
<bind>
<opcode="zext(34) " fcode="zext"/>
<opset="sext_ln1116_450_cast/3 "/>
</bind>
</comp>

<comp id="548" class="1004" name="sext_ln1118_278_fu_548">
<pin_list>
<pin id="549" dir="0" index="0" bw="9" slack="0"/>
<pin id="550" dir="1" index="1" bw="24" slack="0"/>
</pin_list>
<bind>
<opcode="sext(35) " fcode="sext"/>
<opset="sext_ln1118_278/3 "/>
</bind>
</comp>

<comp id="552" class="1004" name="trunc_ln708_s_fu_552">
<pin_list>
<pin id="553" dir="0" index="0" bw="16" slack="0"/>
<pin id="554" dir="0" index="1" bw="24" slack="0"/>
<pin id="555" dir="0" index="2" bw="5" slack="0"/>
<pin id="556" dir="0" index="3" bw="6" slack="0"/>
<pin id="557" dir="1" index="4" bw="16" slack="0"/>
</pin_list>
<bind>
<opcode="partselect(1002) " fcode="partselect"/>
<opset="trunc_ln708_s/3 "/>
</bind>
</comp>

<comp id="561" class="1004" name="add_ln703_fu_561">
<pin_list>
<pin id="562" dir="0" index="0" bw="16" slack="0"/>
<pin id="563" dir="0" index="1" bw="16" slack="0"/>
<pin id="564" dir="1" index="2" bw="16" slack="0"/>
</pin_list>
<bind>
<opcode="add(8) " fcode="add"/>
<opset="add_ln703/3 "/>
</bind>
</comp>

<comp id="567" class="1004" name="acc_0_V_fu_567">
<pin_list>
<pin id="568" dir="0" index="0" bw="16" slack="0"/>
<pin id="569" dir="0" index="1" bw="16" slack="0"/>
<pin id="570" dir="1" index="2" bw="16" slack="0"/>
</pin_list>
<bind>
<opcode="add(8) " fcode="add"/>
<opset="acc_0_V/3 "/>
</bind>
</comp>

<comp id="573" class="1004" name="return_ln282_fu_573">
<pin_list>
<pin id="574" dir="0" index="0" bw="16" slack="0"/>
<pin id="575" dir="1" index="1" bw="0" slack="2147483647"/>
</pin_list>
<bind>
<opcode="return(1203) " fcode="return"/>
<opset="return_ln282/3 "/>
</bind>
</comp>

<comp id="577" class="1007" name="mul_ln1118_fu_577">
<pin_list>
<pin id="578" dir="0" index="0" bw="16" slack="0"/>
<pin id="579" dir="0" index="1" bw="15" slack="0"/>
<pin id="580" dir="1" index="2" bw="24" slack="0"/>
</pin_list>
<bind>
<opcode="mul(12) " fcode="mul"/>
<opset="mul_ln1118/3 "/>
</bind>
</comp>

<comp id="584" class="1007" name="mul_ln1118_858_fu_584">
<pin_list>
<pin id="585" dir="0" index="0" bw="15" slack="0"/>
<pin id="586" dir="0" index="1" bw="9" slack="0"/>
<pin id="587" dir="1" index="2" bw="24" slack="0"/>
</pin_list>
<bind>
<opcode="mul(12) " fcode="mul"/>
<opset="mul_ln1118_858/3 "/>
</bind>
</comp>

<comp id="591" class="1005" name="data_9_V_read13_reg_591">
<pin_list>
<pin id="592" dir="0" index="0" bw="15" slack="1"/>
<pin id="593" dir="1" index="1" bw="15" slack="1"/>
</pin_list>
<bind>
<opset="data_9_V_read13 "/>
</bind>
</comp>

<comp id="596" class="1005" name="data_8_V_read12_reg_596">
<pin_list>
<pin id="597" dir="0" index="0" bw="15" slack="1"/>
<pin id="598" dir="1" index="1" bw="15" slack="1"/>
</pin_list>
<bind>
<opset="data_8_V_read12 "/>
</bind>
</comp>

<comp id="601" class="1005" name="data_7_V_read11_reg_601">
<pin_list>
<pin id="602" dir="0" index="0" bw="15" slack="1"/>
<pin id="603" dir="1" index="1" bw="15" slack="1"/>
</pin_list>
<bind>
<opset="data_7_V_read11 "/>
</bind>
</comp>

<comp id="606" class="1005" name="data_6_V_read_6_reg_606">
<pin_list>
<pin id="607" dir="0" index="0" bw="15" slack="1"/>
<pin id="608" dir="1" index="1" bw="15" slack="1"/>
</pin_list>
<bind>
<opset="data_6_V_read_6 "/>
</bind>
</comp>

<comp id="611" class="1005" name="data_5_V_read_6_reg_611">
<pin_list>
<pin id="612" dir="0" index="0" bw="15" slack="1"/>
<pin id="613" dir="1" index="1" bw="15" slack="1"/>
</pin_list>
<bind>
<opset="data_5_V_read_6 "/>
</bind>
</comp>

<comp id="616" class="1005" name="data_4_V_read_6_reg_616">
<pin_list>
<pin id="617" dir="0" index="0" bw="15" slack="1"/>
<pin id="618" dir="1" index="1" bw="15" slack="1"/>
</pin_list>
<bind>
<opset="data_4_V_read_6 "/>
</bind>
</comp>

<comp id="621" class="1005" name="data_3_V_read_6_reg_621">
<pin_list>
<pin id="622" dir="0" index="0" bw="15" slack="1"/>
<pin id="623" dir="1" index="1" bw="15" slack="1"/>
</pin_list>
<bind>
<opset="data_3_V_read_6 "/>
</bind>
</comp>

<comp id="626" class="1005" name="data_2_V_read_5_reg_626">
<pin_list>
<pin id="627" dir="0" index="0" bw="15" slack="1"/>
<pin id="628" dir="1" index="1" bw="15" slack="1"/>
</pin_list>
<bind>
<opset="data_2_V_read_5 "/>
</bind>
</comp>

<comp id="631" class="1005" name="data_1_V_read_4_reg_631">
<pin_list>
<pin id="632" dir="0" index="0" bw="15" slack="1"/>
<pin id="633" dir="1" index="1" bw="15" slack="1"/>
</pin_list>
<bind>
<opset="data_1_V_read_4 "/>
</bind>
</comp>

<comp id="636" class="1005" name="data_0_V_read_4_reg_636">
<pin_list>
<pin id="637" dir="0" index="0" bw="15" slack="1"/>
<pin id="638" dir="1" index="1" bw="15" slack="1"/>
</pin_list>
<bind>
<opset="data_0_V_read_4 "/>
</bind>
</comp>

<comp id="641" class="1005" name="w11_V_addr_reg_641">
<pin_list>
<pin id="642" dir="0" index="0" bw="3" slack="1"/>
<pin id="643" dir="1" index="1" bw="3" slack="1"/>
</pin_list>
<bind>
<opset="w11_V_addr "/>
</bind>
</comp>

<comp id="646" class="1005" name="w_index_reg_646">
<pin_list>
<pin id="647" dir="0" index="0" bw="3" slack="0"/>
<pin id="648" dir="1" index="1" bw="3" slack="0"/>
</pin_list>
<bind>
<opset="w_index "/>
</bind>
</comp>

<comp id="651" class="1005" name="icmp_ln64_reg_651">
<pin_list>
<pin id="652" dir="0" index="0" bw="1" slack="1"/>
<pin id="653" dir="1" index="1" bw="1" slack="2147483647"/>
</pin_list>
<bind>
<opset="icmp_ln64 "/>
</bind>
</comp>

<comp id="655" class="1005" name="acc_0_V_reg_655">
<pin_list>
<pin id="656" dir="0" index="0" bw="16" slack="0"/>
<pin id="657" dir="1" index="1" bw="16" slack="0"/>
</pin_list>
<bind>
<opset="acc_0_V "/>
</bind>
</comp>

</comp_list>

<net_list>
<net id="78"><net_src comp="28" pin="0"/><net_sink comp="74" pin=0"/></net>

<net id="79"><net_src comp="18" pin="0"/><net_sink comp="74" pin=1"/></net>

<net id="84"><net_src comp="28" pin="0"/><net_sink comp="80" pin=0"/></net>

<net id="85"><net_src comp="16" pin="0"/><net_sink comp="80" pin=1"/></net>

<net id="90"><net_src comp="28" pin="0"/><net_sink comp="86" pin=0"/></net>

<net id="91"><net_src comp="14" pin="0"/><net_sink comp="86" pin=1"/></net>

<net id="96"><net_src comp="28" pin="0"/><net_sink comp="92" pin=0"/></net>

<net id="97"><net_src comp="12" pin="0"/><net_sink comp="92" pin=1"/></net>

<net id="102"><net_src comp="28" pin="0"/><net_sink comp="98" pin=0"/></net>

<net id="103"><net_src comp="10" pin="0"/><net_sink comp="98" pin=1"/></net>

<net id="108"><net_src comp="28" pin="0"/><net_sink comp="104" pin=0"/></net>

<net id="109"><net_src comp="8" pin="0"/><net_sink comp="104" pin=1"/></net>

<net id="114"><net_src comp="28" pin="0"/><net_sink comp="110" pin=0"/></net>

<net id="115"><net_src comp="6" pin="0"/><net_sink comp="110" pin=1"/></net>

<net id="120"><net_src comp="28" pin="0"/><net_sink comp="116" pin=0"/></net>

<net id="121"><net_src comp="4" pin="0"/><net_sink comp="116" pin=1"/></net>

<net id="126"><net_src comp="28" pin="0"/><net_sink comp="122" pin=0"/></net>

<net id="127"><net_src comp="2" pin="0"/><net_sink comp="122" pin=1"/></net>

<net id="132"><net_src comp="28" pin="0"/><net_sink comp="128" pin=0"/></net>

<net id="133"><net_src comp="0" pin="0"/><net_sink comp="128" pin=1"/></net>

<net id="139"><net_src comp="20" pin="0"/><net_sink comp="134" pin=0"/></net>

<net id="140"><net_src comp="30" pin="0"/><net_sink comp="134" pin=1"/></net>

<net id="146"><net_src comp="134" pin="3"/><net_sink comp="141" pin=0"/></net>

<net id="150"><net_src comp="22" pin="0"/><net_sink comp="147" pin=0"/></net>

<net id="159"><net_src comp="147" pin="1"/><net_sink comp="151" pin=0"/></net>

<net id="160"><net_src comp="24" pin="0"/><net_sink comp="151" pin=2"/></net>

<net id="161"><net_src comp="22" pin="0"/><net_sink comp="151" pin=4"/></net>

<net id="162"><net_src comp="151" pin="6"/><net_sink comp="147" pin=0"/></net>

<net id="166"><net_src comp="26" pin="0"/><net_sink comp="163" pin=0"/></net>

<net id="175"><net_src comp="163" pin="1"/><net_sink comp="167" pin=0"/></net>

<net id="176"><net_src comp="26" pin="0"/><net_sink comp="167" pin=4"/></net>

<net id="177"><net_src comp="167" pin="6"/><net_sink comp="163" pin=0"/></net>

<net id="181"><net_src comp="36" pin="0"/><net_sink comp="178" pin=0"/></net>

<net id="190"><net_src comp="178" pin="1"/><net_sink comp="182" pin=0"/></net>

<net id="191"><net_src comp="178" pin="1"/><net_sink comp="182" pin=4"/></net>

<net id="195"><net_src comp="36" pin="0"/><net_sink comp="192" pin=0"/></net>

<net id="204"><net_src comp="192" pin="1"/><net_sink comp="196" pin=0"/></net>

<net id="205"><net_src comp="192" pin="1"/><net_sink comp="196" pin=4"/></net>

<net id="209"><net_src comp="36" pin="0"/><net_sink comp="206" pin=0"/></net>

<net id="218"><net_src comp="206" pin="1"/><net_sink comp="210" pin=0"/></net>

<net id="219"><net_src comp="206" pin="1"/><net_sink comp="210" pin=4"/></net>

<net id="223"><net_src comp="36" pin="0"/><net_sink comp="220" pin=0"/></net>

<net id="232"><net_src comp="220" pin="1"/><net_sink comp="224" pin=0"/></net>

<net id="233"><net_src comp="220" pin="1"/><net_sink comp="224" pin=4"/></net>

<net id="237"><net_src comp="36" pin="0"/><net_sink comp="234" pin=0"/></net>

<net id="246"><net_src comp="234" pin="1"/><net_sink comp="238" pin=0"/></net>

<net id="247"><net_src comp="234" pin="1"/><net_sink comp="238" pin=4"/></net>

<net id="251"><net_src comp="36" pin="0"/><net_sink comp="248" pin=0"/></net>

<net id="260"><net_src comp="248" pin="1"/><net_sink comp="252" pin=0"/></net>

<net id="261"><net_src comp="248" pin="1"/><net_sink comp="252" pin=4"/></net>

<net id="265"><net_src comp="36" pin="0"/><net_sink comp="262" pin=0"/></net>

<net id="274"><net_src comp="262" pin="1"/><net_sink comp="266" pin=0"/></net>

<net id="275"><net_src comp="262" pin="1"/><net_sink comp="266" pin=4"/></net>

<net id="279"><net_src comp="36" pin="0"/><net_sink comp="276" pin=0"/></net>

<net id="288"><net_src comp="276" pin="1"/><net_sink comp="280" pin=0"/></net>

<net id="289"><net_src comp="276" pin="1"/><net_sink comp="280" pin=4"/></net>

<net id="293"><net_src comp="36" pin="0"/><net_sink comp="290" pin=0"/></net>

<net id="302"><net_src comp="290" pin="1"/><net_sink comp="294" pin=0"/></net>

<net id="303"><net_src comp="290" pin="1"/><net_sink comp="294" pin=4"/></net>

<net id="307"><net_src comp="36" pin="0"/><net_sink comp="304" pin=0"/></net>

<net id="316"><net_src comp="304" pin="1"/><net_sink comp="308" pin=0"/></net>

<net id="317"><net_src comp="304" pin="1"/><net_sink comp="308" pin=4"/></net>

<net id="321"><net_src comp="38" pin="0"/><net_sink comp="318" pin=0"/></net>

<net id="330"><net_src comp="318" pin="1"/><net_sink comp="322" pin=0"/></net>

<net id="331"><net_src comp="318" pin="1"/><net_sink comp="322" pin=4"/></net>

<net id="335"><net_src comp="332" pin="1"/><net_sink comp="182" pin=2"/></net>

<net id="342"><net_src comp="182" pin="6"/><net_sink comp="336" pin=2"/></net>

<net id="343"><net_src comp="336" pin="4"/><net_sink comp="332" pin=0"/></net>

<net id="347"><net_src comp="344" pin="1"/><net_sink comp="196" pin=2"/></net>

<net id="354"><net_src comp="196" pin="6"/><net_sink comp="348" pin=2"/></net>

<net id="355"><net_src comp="348" pin="4"/><net_sink comp="344" pin=0"/></net>

<net id="359"><net_src comp="356" pin="1"/><net_sink comp="210" pin=2"/></net>

<net id="366"><net_src comp="210" pin="6"/><net_sink comp="360" pin=2"/></net>

<net id="367"><net_src comp="360" pin="4"/><net_sink comp="356" pin=0"/></net>

<net id="371"><net_src comp="368" pin="1"/><net_sink comp="224" pin=2"/></net>

<net id="378"><net_src comp="224" pin="6"/><net_sink comp="372" pin=2"/></net>

<net id="379"><net_src comp="372" pin="4"/><net_sink comp="368" pin=0"/></net>

<net id="383"><net_src comp="380" pin="1"/><net_sink comp="238" pin=2"/></net>

<net id="390"><net_src comp="238" pin="6"/><net_sink comp="384" pin=2"/></net>

<net id="391"><net_src comp="384" pin="4"/><net_sink comp="380" pin=0"/></net>

<net id="395"><net_src comp="392" pin="1"/><net_sink comp="252" pin=2"/></net>

<net id="402"><net_src comp="252" pin="6"/><net_sink comp="396" pin=2"/></net>

<net id="403"><net_src comp="396" pin="4"/><net_sink comp="392" pin=0"/></net>

<net id="407"><net_src comp="404" pin="1"/><net_sink comp="266" pin=2"/></net>

<net id="414"><net_src comp="266" pin="6"/><net_sink comp="408" pin=2"/></net>

<net id="415"><net_src comp="408" pin="4"/><net_sink comp="404" pin=0"/></net>

<net id="419"><net_src comp="416" pin="1"/><net_sink comp="280" pin=2"/></net>

<net id="426"><net_src comp="280" pin="6"/><net_sink comp="420" pin=2"/></net>

<net id="427"><net_src comp="420" pin="4"/><net_sink comp="416" pin=0"/></net>

<net id="431"><net_src comp="428" pin="1"/><net_sink comp="294" pin=2"/></net>

<net id="438"><net_src comp="294" pin="6"/><net_sink comp="432" pin=2"/></net>

<net id="439"><net_src comp="432" pin="4"/><net_sink comp="428" pin=0"/></net>

<net id="443"><net_src comp="440" pin="1"/><net_sink comp="308" pin=2"/></net>

<net id="450"><net_src comp="308" pin="6"/><net_sink comp="444" pin=2"/></net>

<net id="451"><net_src comp="444" pin="4"/><net_sink comp="440" pin=0"/></net>

<net id="455"><net_src comp="167" pin="6"/><net_sink comp="452" pin=0"/></net>

<net id="456"><net_src comp="452" pin="1"/><net_sink comp="134" pin=2"/></net>

<net id="461"><net_src comp="32" pin="0"/><net_sink comp="457" pin=0"/></net>

<net id="462"><net_src comp="167" pin="6"/><net_sink comp="457" pin=1"/></net>

<net id="467"><net_src comp="167" pin="6"/><net_sink comp="463" pin=0"/></net>

<net id="468"><net_src comp="34" pin="0"/><net_sink comp="463" pin=1"/></net>

<net id="481"><net_src comp="54" pin="0"/><net_sink comp="469" pin=0"/></net>

<net id="482"><net_src comp="336" pin="4"/><net_sink comp="469" pin=1"/></net>

<net id="483"><net_src comp="348" pin="4"/><net_sink comp="469" pin=2"/></net>

<net id="484"><net_src comp="360" pin="4"/><net_sink comp="469" pin=3"/></net>

<net id="485"><net_src comp="372" pin="4"/><net_sink comp="469" pin=4"/></net>

<net id="486"><net_src comp="384" pin="4"/><net_sink comp="469" pin=5"/></net>

<net id="487"><net_src comp="384" pin="4"/><net_sink comp="469" pin=6"/></net>

<net id="488"><net_src comp="384" pin="4"/><net_sink comp="469" pin=7"/></net>

<net id="489"><net_src comp="384" pin="4"/><net_sink comp="469" pin=8"/></net>

<net id="490"><net_src comp="163" pin="1"/><net_sink comp="469" pin=9"/></net>

<net id="494"><net_src comp="141" pin="3"/><net_sink comp="491" pin=0"/></net>

<net id="498"><net_src comp="469" pin="10"/><net_sink comp="495" pin=0"/></net>

<net id="502"><net_src comp="491" pin="1"/><net_sink comp="499" pin=0"/></net>

<net id="509"><net_src comp="56" pin="0"/><net_sink comp="503" pin=0"/></net>

<net id="510"><net_src comp="58" pin="0"/><net_sink comp="503" pin=2"/></net>

<net id="511"><net_src comp="60" pin="0"/><net_sink comp="503" pin=3"/></net>

<net id="524"><net_src comp="54" pin="0"/><net_sink comp="512" pin=0"/></net>

<net id="525"><net_src comp="396" pin="4"/><net_sink comp="512" pin=1"/></net>

<net id="526"><net_src comp="408" pin="4"/><net_sink comp="512" pin=2"/></net>

<net id="527"><net_src comp="420" pin="4"/><net_sink comp="512" pin=3"/></net>

<net id="528"><net_src comp="432" pin="4"/><net_sink comp="512" pin=4"/></net>

<net id="529"><net_src comp="444" pin="4"/><net_sink comp="512" pin=5"/></net>

<net id="530"><net_src comp="444" pin="4"/><net_sink comp="512" pin=6"/></net>

<net id="531"><net_src comp="444" pin="4"/><net_sink comp="512" pin=7"/></net>

<net id="532"><net_src comp="444" pin="4"/><net_sink comp="512" pin=8"/></net>

<net id="533"><net_src comp="163" pin="1"/><net_sink comp="512" pin=9"/></net>

<net id="540"><net_src comp="62" pin="0"/><net_sink comp="534" pin=0"/></net>

<net id="541"><net_src comp="141" pin="3"/><net_sink comp="534" pin=1"/></net>

<net id="542"><net_src comp="64" pin="0"/><net_sink comp="534" pin=2"/></net>

<net id="543"><net_src comp="66" pin="0"/><net_sink comp="534" pin=3"/></net>

<net id="547"><net_src comp="512" pin="10"/><net_sink comp="544" pin=0"/></net>

<net id="551"><net_src comp="534" pin="4"/><net_sink comp="548" pin=0"/></net>

<net id="558"><net_src comp="56" pin="0"/><net_sink comp="552" pin=0"/></net>

<net id="559"><net_src comp="58" pin="0"/><net_sink comp="552" pin=2"/></net>

<net id="560"><net_src comp="60" pin="0"/><net_sink comp="552" pin=3"/></net>

<net id="565"><net_src comp="552" pin="4"/><net_sink comp="561" pin=0"/></net>

<net id="566"><net_src comp="503" pin="4"/><net_sink comp="561" pin=1"/></net>

<net id="571"><net_src comp="322" pin="6"/><net_sink comp="567" pin=0"/></net>

<net id="572"><net_src comp="561" pin="2"/><net_sink comp="567" pin=1"/></net>

<net id="576"><net_src comp="567" pin="2"/><net_sink comp="573" pin=0"/></net>

<net id="581"><net_src comp="499" pin="1"/><net_sink comp="577" pin=0"/></net>

<net id="582"><net_src comp="495" pin="1"/><net_sink comp="577" pin=1"/></net>

<net id="583"><net_src comp="577" pin="2"/><net_sink comp="503" pin=1"/></net>

<net id="588"><net_src comp="544" pin="1"/><net_sink comp="584" pin=0"/></net>

<net id="589"><net_src comp="548" pin="1"/><net_sink comp="584" pin=1"/></net>

<net id="590"><net_src comp="584" pin="2"/><net_sink comp="552" pin=1"/></net>

<net id="594"><net_src comp="74" pin="2"/><net_sink comp="591" pin=0"/></net>

<net id="595"><net_src comp="591" pin="1"/><net_sink comp="444" pin=0"/></net>

<net id="599"><net_src comp="80" pin="2"/><net_sink comp="596" pin=0"/></net>

<net id="600"><net_src comp="596" pin="1"/><net_sink comp="432" pin=0"/></net>

<net id="604"><net_src comp="86" pin="2"/><net_sink comp="601" pin=0"/></net>

<net id="605"><net_src comp="601" pin="1"/><net_sink comp="420" pin=0"/></net>

<net id="609"><net_src comp="92" pin="2"/><net_sink comp="606" pin=0"/></net>

<net id="610"><net_src comp="606" pin="1"/><net_sink comp="408" pin=0"/></net>

<net id="614"><net_src comp="98" pin="2"/><net_sink comp="611" pin=0"/></net>

<net id="615"><net_src comp="611" pin="1"/><net_sink comp="396" pin=0"/></net>

<net id="619"><net_src comp="104" pin="2"/><net_sink comp="616" pin=0"/></net>

<net id="620"><net_src comp="616" pin="1"/><net_sink comp="384" pin=0"/></net>

<net id="624"><net_src comp="110" pin="2"/><net_sink comp="621" pin=0"/></net>

<net id="625"><net_src comp="621" pin="1"/><net_sink comp="372" pin=0"/></net>

<net id="629"><net_src comp="116" pin="2"/><net_sink comp="626" pin=0"/></net>

<net id="630"><net_src comp="626" pin="1"/><net_sink comp="360" pin=0"/></net>

<net id="634"><net_src comp="122" pin="2"/><net_sink comp="631" pin=0"/></net>

<net id="635"><net_src comp="631" pin="1"/><net_sink comp="348" pin=0"/></net>

<net id="639"><net_src comp="128" pin="2"/><net_sink comp="636" pin=0"/></net>

<net id="640"><net_src comp="636" pin="1"/><net_sink comp="336" pin=0"/></net>

<net id="644"><net_src comp="134" pin="3"/><net_sink comp="641" pin=0"/></net>

<net id="645"><net_src comp="641" pin="1"/><net_sink comp="141" pin=0"/></net>

<net id="649"><net_src comp="457" pin="2"/><net_sink comp="646" pin=0"/></net>

<net id="650"><net_src comp="646" pin="1"/><net_sink comp="167" pin=2"/></net>

<net id="654"><net_src comp="463" pin="2"/><net_sink comp="651" pin=0"/></net>

<net id="658"><net_src comp="567" pin="2"/><net_sink comp="655" pin=0"/></net>

<net id="659"><net_src comp="655" pin="1"/><net_sink comp="322" pin=2"/></net>

</net_list>

</model> 
---------------- Datapath Model END ------------------

* FSMD analyzer results:
  - Output states:
 - Input state : 
	Port: dense_resource<ap_fixed,ap_fixed<16,8,5,3,0>,config11> : data_0_V_read | {2 }
	Port: dense_resource<ap_fixed,ap_fixed<16,8,5,3,0>,config11> : data_1_V_read | {2 }
	Port: dense_resource<ap_fixed,ap_fixed<16,8,5,3,0>,config11> : data_2_V_read | {2 }
	Port: dense_resource<ap_fixed,ap_fixed<16,8,5,3,0>,config11> : data_3_V_read | {2 }
	Port: dense_resource<ap_fixed,ap_fixed<16,8,5,3,0>,config11> : data_4_V_read | {2 }
	Port: dense_resource<ap_fixed,ap_fixed<16,8,5,3,0>,config11> : data_5_V_read | {2 }
	Port: dense_resource<ap_fixed,ap_fixed<16,8,5,3,0>,config11> : data_6_V_read | {2 }
	Port: dense_resource<ap_fixed,ap_fixed<16,8,5,3,0>,config11> : data_7_V_read | {2 }
	Port: dense_resource<ap_fixed,ap_fixed<16,8,5,3,0>,config11> : data_8_V_read | {2 }
	Port: dense_resource<ap_fixed,ap_fixed<16,8,5,3,0>,config11> : data_9_V_read | {2 }
	Port: dense_resource<ap_fixed,ap_fixed<16,8,5,3,0>,config11> : w11_V | {2 3 }
  - Chain level:
	State 1
	State 2
		zext_ln77 : 1
		w11_V_addr : 2
		w11_V_load : 3
		w_index : 1
		icmp_ln64 : 1
		br_ln64 : 2
	State 3
		data_0_V_read4_phi : 1
		data_1_V_read5_phi : 1
		data_2_V_read6_phi : 1
		data_3_V_read7_phi : 1
		data_4_V_read8_phi : 1
		data_5_V_read9_phi : 1
		data_6_V_read10_phi : 1
		data_7_V_read11_phi : 1
		data_8_V_read12_phi : 1
		data_9_V_read13_phi : 1
		phi_ln : 2
		trunc_ln77 : 1
		sext_ln1116_cast : 3
		sext_ln1118 : 2
		mul_ln1118 : 4
		trunc_ln : 5
		phi_ln77_s : 2
		tmp_3 : 1
		sext_ln1116_450_cast : 3
		sext_ln1118_278 : 2
		mul_ln1118_858 : 4
		trunc_ln708_s : 5
		add_ln703 : 6
		acc_0_V : 7
		empty : 1
		return_ln282 : 8


============================================================
+ Verbose Summary: Datapath Resource usage 
============================================================

* Functional unit list:
|----------|-----------------------------|---------|---------|---------|
| Operation|       Functional Unit       |  DSP48E |    FF   |   LUT   |
|----------|-----------------------------|---------|---------|---------|
|    mux   |        phi_ln_fu_469        |    0    |    0    |    33   |
|          |      phi_ln77_s_fu_512      |    0    |    0    |    33   |
|----------|-----------------------------|---------|---------|---------|
|          |        w_index_fu_457       |    0    |    0    |    4    |
|    add   |       add_ln703_fu_561      |    0    |    0    |    16   |
|          |        acc_0_V_fu_567       |    0    |    0    |    16   |
|----------|-----------------------------|---------|---------|---------|
|   icmp   |       icmp_ln64_fu_463      |    0    |    0    |    9    |
|----------|-----------------------------|---------|---------|---------|
|    mul   |      mul_ln1118_fu_577      |    1    |    0    |    0    |
|          |    mul_ln1118_858_fu_584    |    1    |    0    |    0    |
|----------|-----------------------------|---------|---------|---------|
|          |  data_9_V_read13_read_fu_74 |    0    |    0    |    0    |
|          |  data_8_V_read12_read_fu_80 |    0    |    0    |    0    |
|          |  data_7_V_read11_read_fu_86 |    0    |    0    |    0    |
|          |  data_6_V_read_6_read_fu_92 |    0    |    0    |    0    |
|   read   |  data_5_V_read_6_read_fu_98 |    0    |    0    |    0    |
|          | data_4_V_read_6_read_fu_104 |    0    |    0    |    0    |
|          | data_3_V_read_6_read_fu_110 |    0    |    0    |    0    |
|          | data_2_V_read_5_read_fu_116 |    0    |    0    |    0    |
|          | data_1_V_read_4_read_fu_122 |    0    |    0    |    0    |
|          | data_0_V_read_4_read_fu_128 |    0    |    0    |    0    |
|----------|-----------------------------|---------|---------|---------|
|          |       zext_ln77_fu_452      |    0    |    0    |    0    |
|   zext   |   sext_ln1116_cast_fu_495   |    0    |    0    |    0    |
|          | sext_ln1116_450_cast_fu_544 |    0    |    0    |    0    |
|----------|-----------------------------|---------|---------|---------|
|   trunc  |      trunc_ln77_fu_491      |    0    |    0    |    0    |
|----------|-----------------------------|---------|---------|---------|
|   sext   |      sext_ln1118_fu_499     |    0    |    0    |    0    |
|          |    sext_ln1118_278_fu_548   |    0    |    0    |    0    |
|----------|-----------------------------|---------|---------|---------|
|          |       trunc_ln_fu_503       |    0    |    0    |    0    |
|partselect|         tmp_3_fu_534        |    0    |    0    |    0    |
|          |     trunc_ln708_s_fu_552    |    0    |    0    |    0    |
|----------|-----------------------------|---------|---------|---------|
|  return  |     return_ln282_fu_573     |    0    |    0    |    0    |
|----------|-----------------------------|---------|---------|---------|
|   Total  |                             |    2    |    0    |   111   |
|----------|-----------------------------|---------|---------|---------|

Memories:
N/A

* Register list:
+------------------------------+--------+
|                              |   FF   |
+------------------------------+--------+
|        acc_0_V_reg_655       |   16   |
|  data_0_V_read4_phi_reg_332  |   15   |
| data_0_V_read4_rewind_reg_178|   15   |
|    data_0_V_read_4_reg_636   |   15   |
|  data_1_V_read5_phi_reg_344  |   15   |
| data_1_V_read5_rewind_reg_192|   15   |
|    data_1_V_read_4_reg_631   |   15   |
|  data_2_V_read6_phi_reg_356  |   15   |
| data_2_V_read6_rewind_reg_206|   15   |
|    data_2_V_read_5_reg_626   |   15   |
|  data_3_V_read7_phi_reg_368  |   15   |
| data_3_V_read7_rewind_reg_220|   15   |
|    data_3_V_read_6_reg_621   |   15   |
|  data_4_V_read8_phi_reg_380  |   15   |
| data_4_V_read8_rewind_reg_234|   15   |
|    data_4_V_read_6_reg_616   |   15   |
|  data_5_V_read9_phi_reg_392  |   15   |
| data_5_V_read9_rewind_reg_248|   15   |
|    data_5_V_read_6_reg_611   |   15   |
|  data_6_V_read10_phi_reg_404 |   15   |
|data_6_V_read10_rewind_reg_262|   15   |
|    data_6_V_read_6_reg_606   |   15   |
|  data_7_V_read11_phi_reg_416 |   15   |
|    data_7_V_read11_reg_601   |   15   |
|data_7_V_read11_rewind_reg_276|   15   |
|  data_8_V_read12_phi_reg_428 |   15   |
|    data_8_V_read12_reg_596   |   15   |
|data_8_V_read12_rewind_reg_290|   15   |
|  data_9_V_read13_phi_reg_440 |   15   |
|    data_9_V_read13_reg_591   |   15   |
|data_9_V_read13_rewind_reg_304|   15   |
|        do_init_reg_147       |    1   |
|       icmp_ln64_reg_651      |    1   |
|  res_V_write_assign1_reg_318 |   16   |
|      w11_V_addr_reg_641      |    3   |
|       w_index3_reg_163       |    3   |
|        w_index_reg_646       |    3   |
+------------------------------+--------+
|             Total            |   493  |
+------------------------------+--------+

* Multiplexer (MUX) list: 
|-------------------|------|------|------|--------||---------||---------|
|        Comp       |  Pin | Size |  BW  | S x BW ||  Delay  ||   LUT   |
|-------------------|------|------|------|--------||---------||---------|
| grp_access_fu_141 |  p0  |   2  |   3  |    6   ||    9    |
|  do_init_reg_147  |  p0  |   2  |   1  |    2   ||    9    |
|  w_index3_reg_163 |  p0  |   2  |   3  |    6   ||    9    |
|-------------------|------|------|------|--------||---------||---------|
|       Total       |      |      |      |   14   ||  1.809  ||    27   |
|-------------------|------|------|------|--------||---------||---------|



* Summary:
+-----------+--------+--------+--------+--------+
|           | DSP48E |  Delay |   FF   |   LUT  |
+-----------+--------+--------+--------+--------+
|  Function |    2   |    -   |    0   |   111  |
|   Memory  |    -   |    -   |    -   |    -   |
|Multiplexer|    -   |    1   |    -   |   27   |
|  Register |    -   |    -   |   493  |    -   |
+-----------+--------+--------+--------+--------+
|   Total   |    2   |    1   |   493  |   138  |
+-----------+--------+--------+--------+--------+
