

================================================================
== Vivado HLS Report for 'dense_latency_ap_fixed_ap_fixed_config11_0_0'
================================================================
* Date:           Mon Jun  6 10:35:05 2022

* Version:        2019.1 (Build 2552052 on Fri May 24 15:28:33 MDT 2019)
* Project:        myproject_prj
* Solution:       solution1
* Product family: virtexuplus
* Target device:  xcvu9p-flgb2104-2-i


================================================================
== Performance Estimates
================================================================
+ Timing (ns): 
    * Summary: 
    +--------+-------+----------+------------+
    |  Clock | Target| Estimated| Uncertainty|
    +--------+-------+----------+------------+
    |ap_clk  |   2.50|     2.053|        0.31|
    +--------+-------+----------+------------+

+ Latency (clock cycles): 
    * Summary: 
    +-----+-----+-----+-----+----------+
    |  Latency  |  Interval | Pipeline |
    | min | max | min | max |   Type   |
    +-----+-----+-----+-----+----------+
    |    3|    3|    4|    4| function |
    +-----+-----+-----+-----+----------+

    + Detail: 
        * Instance: 
        N/A

        * Loop: 
        N/A



================================================================
== Utilization Estimates
================================================================
* Summary: 
+---------------------+---------+-------+---------+---------+-----+
|         Name        | BRAM_18K| DSP48E|    FF   |   LUT   | URAM|
+---------------------+---------+-------+---------+---------+-----+
|DSP                  |        -|      -|        -|        -|    -|
|Expression           |        -|      2|        0|      311|    -|
|FIFO                 |        -|      -|        -|        -|    -|
|Instance             |        -|      -|        -|        -|    -|
|Memory               |        -|      -|        -|        -|    -|
|Multiplexer          |        -|      -|        -|       99|    -|
|Register             |        -|      -|      241|        -|    -|
+---------------------+---------+-------+---------+---------+-----+
|Total                |        0|      2|      241|      410|    0|
+---------------------+---------+-------+---------+---------+-----+
|Available SLR        |     1440|   2280|   788160|   394080|  320|
+---------------------+---------+-------+---------+---------+-----+
|Utilization SLR (%)  |        0|   ~0  |    ~0   |    ~0   |    0|
+---------------------+---------+-------+---------+---------+-----+
|Available            |     4320|   6840|  2364480|  1182240|  960|
+---------------------+---------+-------+---------+---------+-----+
|Utilization (%)      |        0|   ~0  |    ~0   |    ~0   |    0|
+---------------------+---------+-------+---------+---------+-----+

+ Detail: 
    * Instance: 
    N/A

    * DSP48E: 
    N/A

    * Memory: 
    N/A

    * FIFO: 
    N/A

    * Expression: 
    +-------------------------+----------+-------+---+----+------------+------------+
    |      Variable Name      | Operation| DSP48E| FF| LUT| Bitwidth P0| Bitwidth P1|
    +-------------------------+----------+-------+---+----+------------+------------+
    |grp_fu_166_p2            |     *    |      1|  0|   5|          16|          10|
    |grp_fu_167_p2            |     *    |      1|  0|   5|          16|          10|
    |add_ln703_115_fu_517_p2  |     +    |      0|  0|  16|          16|          16|
    |add_ln703_116_fu_523_p2  |     +    |      0|  0|  16|          16|          16|
    |add_ln703_117_fu_529_p2  |     +    |      0|  0|  16|          16|          16|
    |add_ln703_118_fu_421_p2  |     +    |      0|  0|  16|          16|          16|
    |add_ln703_119_fu_426_p2  |     +    |      0|  0|  16|          16|          16|
    |add_ln703_120_fu_534_p2  |     +    |      0|  0|  16|          16|           5|
    |add_ln703_121_fu_540_p2  |     +    |      0|  0|  16|          16|          16|
    |add_ln703_122_fu_545_p2  |     +    |      0|  0|  16|          16|          16|
    |add_ln703_fu_415_p2      |     +    |      0|  0|  16|          16|          16|
    |ap_return                |     +    |      0|  0|  16|          16|          16|
    |sub_ln1118_22_fu_301_p2  |     -    |      0|  0|  16|          24|          24|
    |sub_ln1118_23_fu_332_p2  |     -    |      0|  0|  16|           1|          23|
    |sub_ln1118_24_fu_350_p2  |     -    |      0|  0|  16|          23|          23|
    |sub_ln1118_25_fu_448_p2  |     -    |      0|  0|  16|           1|          24|
    |sub_ln1118_26_fu_454_p2  |     -    |      0|  0|  16|          24|          24|
    |sub_ln1118_27_fu_494_p2  |     -    |      0|  0|  23|          23|          23|
    |sub_ln1118_28_fu_399_p2  |     -    |      0|  0|  22|          22|          22|
    |sub_ln1118_fu_283_p2     |     -    |      0|  0|  16|           1|          24|
    +-------------------------+----------+-------+---+----+------------+------------+
    |Total                    |          |      2|  0| 311|         311|         356|
    +-------------------------+----------+-------+---+----+------------+------------+

    * Multiplexer: 
    +---------------+----+-----------+-----+-----------+
    |      Name     | LUT| Input Size| Bits| Total Bits|
    +---------------+----+-----------+-----+-----------+
    |ap_NS_fsm      |  27|          5|    1|          5|
    |grp_fu_166_p0  |  21|          4|   16|         64|
    |grp_fu_166_p1  |  21|          4|   10|         40|
    |grp_fu_167_p0  |  15|          3|   16|         48|
    |grp_fu_167_p1  |  15|          3|   10|         30|
    +---------------+----+-----------+-----+-----------+
    |Total          |  99|         19|   53|        187|
    +---------------+----+-----------+-----+-----------+

    * Register: 
    +---------------------------+----+----+-----+-----------+
    |            Name           | FF | LUT| Bits| Const Bits|
    +---------------------------+----+----+-----+-----------+
    |add_ln703_119_reg_581      |  16|   0|   16|          0|
    |add_ln703_reg_576          |  16|   0|   16|          0|
    |ap_CS_fsm                  |   4|   0|    4|          0|
    |ap_port_reg_data_0_V_read  |  16|   0|   16|          0|
    |ap_port_reg_data_3_V_read  |  16|   0|   16|          0|
    |ap_port_reg_data_4_V_read  |  16|   0|   16|          0|
    |ap_port_reg_data_5_V_read  |  16|   0|   16|          0|
    |ap_port_reg_data_6_V_read  |  16|   0|   16|          0|
    |ap_port_reg_data_7_V_read  |  16|   0|   16|          0|
    |ap_port_reg_data_8_V_read  |  16|   0|   16|          0|
    |ap_port_reg_data_9_V_read  |  16|   0|   16|          0|
    |reg_227                    |  16|   0|   16|          0|
    |trunc_ln708_26_reg_571     |  14|   0|   14|          0|
    |trunc_ln708_4_reg_561      |  16|   0|   16|          0|
    |trunc_ln708_6_reg_566      |  16|   0|   16|          0|
    |trunc_ln708_s_reg_556      |  15|   0|   15|          0|
    +---------------------------+----+----+-----+-----------+
    |Total                      | 241|   0|  241|          0|
    +---------------------------+----+----+-----+-----------+



================================================================
== Interface
================================================================
* Summary: 
+---------------+-----+-----+------------+-----------------------------------------------+--------------+
|   RTL Ports   | Dir | Bits|  Protocol  |                 Source Object                 |    C Type    |
+---------------+-----+-----+------------+-----------------------------------------------+--------------+
|ap_clk         |  in |    1| ap_ctrl_hs | dense_latency<ap_fixed,ap_fixed,config11>.0.0 | return value |
|ap_rst         |  in |    1| ap_ctrl_hs | dense_latency<ap_fixed,ap_fixed,config11>.0.0 | return value |
|ap_start       |  in |    1| ap_ctrl_hs | dense_latency<ap_fixed,ap_fixed,config11>.0.0 | return value |
|ap_done        | out |    1| ap_ctrl_hs | dense_latency<ap_fixed,ap_fixed,config11>.0.0 | return value |
|ap_idle        | out |    1| ap_ctrl_hs | dense_latency<ap_fixed,ap_fixed,config11>.0.0 | return value |
|ap_ready       | out |    1| ap_ctrl_hs | dense_latency<ap_fixed,ap_fixed,config11>.0.0 | return value |
|ap_return      | out |   16| ap_ctrl_hs | dense_latency<ap_fixed,ap_fixed,config11>.0.0 | return value |
|ap_ce          |  in |    1| ap_ctrl_hs | dense_latency<ap_fixed,ap_fixed,config11>.0.0 | return value |
|data_0_V_read  |  in |   16|   ap_none  |                 data_0_V_read                 |    scalar    |
|data_1_V_read  |  in |   16|   ap_none  |                 data_1_V_read                 |    scalar    |
|data_2_V_read  |  in |   16|   ap_none  |                 data_2_V_read                 |    scalar    |
|data_3_V_read  |  in |   16|   ap_none  |                 data_3_V_read                 |    scalar    |
|data_4_V_read  |  in |   16|   ap_none  |                 data_4_V_read                 |    scalar    |
|data_5_V_read  |  in |   16|   ap_none  |                 data_5_V_read                 |    scalar    |
|data_6_V_read  |  in |   16|   ap_none  |                 data_6_V_read                 |    scalar    |
|data_7_V_read  |  in |   16|   ap_none  |                 data_7_V_read                 |    scalar    |
|data_8_V_read  |  in |   16|   ap_none  |                 data_8_V_read                 |    scalar    |
|data_9_V_read  |  in |   16|   ap_none  |                 data_9_V_read                 |    scalar    |
+---------------+-----+-----+------------+-----------------------------------------------+--------------+

============================================================
+ Verbose Summary: Synthesis Manager
============================================================
InlineROM: 1
ExposeGlobal: 0
============================================================
+ Verbose Summary: CDFG Model
============================================================
IsTopModel: 0
ResetActiveHigh: 1
IsCombinational: 2
IsDatapathOnly: 2
HasWiredReturn: 1
HasMFsm: 2
HasVarLatency: 0
IsPipeline: 1
IsRtlPipelined: 0
IsInstanceOverlapped: 0
IsDontTouch: 0
HasImplIP: 0
IsGatedGlobalClock: 0

+ Individual pipeline summary: 
  * Pipeline-0: initiation interval (II) = 4, depth = 4


============================================================
+ Verbose Summary: Schedule
============================================================
* Number of FSM states : 4
* Pipeline : 1
  Pipeline-0 : II = 4, D = 4, States = { 1 2 3 4 }
* Dataflow Pipeline: 0

* FSM state transitions: 
1 --> 2 
2 --> 3 
3 --> 4 
4 --> 

* FSM state operations: 

State 1 <SV = 0> <Delay = 1.94>
ST_1 : Operation 5 [1/1] (0.00ns)   --->   "%data_2_V_read_4 = call i16 @_ssdm_op_Read.ap_auto.i16(i16 %data_2_V_read)" [firmware/nnet_utils/nnet_dense_latency.h:33]   --->   Operation 5 'read' 'data_2_V_read_4' <Predicate = true> <Delay = 0.00>
ST_1 : Operation 6 [1/1] (0.00ns)   --->   "%data_1_V_read_6 = call i16 @_ssdm_op_Read.ap_auto.i16(i16 %data_1_V_read)" [firmware/nnet_utils/nnet_dense_latency.h:33]   --->   Operation 6 'read' 'data_1_V_read_6' <Predicate = true> <Delay = 0.00>
ST_1 : Operation 7 [1/1] (0.00ns)   --->   "%sext_ln1118_66 = sext i16 %data_1_V_read_6 to i24" [firmware/nnet_utils/nnet_mult.h:78->firmware/nnet_utils/nnet_dense_latency.h:96]   --->   Operation 7 'sext' 'sext_ln1118_66' <Predicate = true> <Delay = 0.00>
ST_1 : Operation 8 [1/1] (1.94ns)   --->   "%mul_ln1118 = mul i24 %sext_ln1118_66, 71" [firmware/nnet_utils/nnet_mult.h:78->firmware/nnet_utils/nnet_dense_latency.h:96]   --->   Operation 8 'mul' 'mul_ln1118' <Predicate = true> <Delay = 1.94> <Core = "Mul">   --->   Core 16 'Mul' <Latency = 0> <II = 1> <Delay = 1.94> <FuncUnit> <Opcode : 'mul'> <InPorts = 2> <OutPorts = 1>
ST_1 : Operation 9 [1/1] (0.00ns)   --->   "%trunc_ln708_1 = call i16 @_ssdm_op_PartSelect.i16.i24.i32.i32(i24 %mul_ln1118, i32 8, i32 23)" [firmware/nnet_utils/nnet_dense_latency.h:96]   --->   Operation 9 'partselect' 'trunc_ln708_1' <Predicate = true> <Delay = 0.00>
ST_1 : Operation 10 [1/1] (0.00ns)   --->   "%sext_ln1118_67 = sext i16 %data_2_V_read_4 to i23" [firmware/nnet_utils/nnet_mult.h:78->firmware/nnet_utils/nnet_dense_latency.h:96]   --->   Operation 10 'sext' 'sext_ln1118_67' <Predicate = true> <Delay = 0.00>
ST_1 : Operation 11 [1/1] (1.94ns)   --->   "%mul_ln1118_71 = mul i23 %sext_ln1118_67, -52" [firmware/nnet_utils/nnet_mult.h:78->firmware/nnet_utils/nnet_dense_latency.h:96]   --->   Operation 11 'mul' 'mul_ln1118_71' <Predicate = true> <Delay = 1.94> <Core = "Mul">   --->   Core 16 'Mul' <Latency = 0> <II = 1> <Delay = 1.94> <FuncUnit> <Opcode : 'mul'> <InPorts = 2> <OutPorts = 1>
ST_1 : Operation 12 [1/1] (0.00ns)   --->   "%trunc_ln708_s = call i15 @_ssdm_op_PartSelect.i15.i23.i32.i32(i23 %mul_ln1118_71, i32 8, i32 22)" [firmware/nnet_utils/nnet_dense_latency.h:96]   --->   Operation 12 'partselect' 'trunc_ln708_s' <Predicate = true> <Delay = 0.00>

State 2 <SV = 1> <Delay = 1.94>
ST_2 : Operation 13 [1/1] (0.00ns)   --->   "%data_6_V_read_6 = call i16 @_ssdm_op_Read.ap_auto.i16(i16 %data_6_V_read)" [firmware/nnet_utils/nnet_dense_latency.h:33]   --->   Operation 13 'read' 'data_6_V_read_6' <Predicate = true> <Delay = 0.00>
ST_2 : Operation 14 [1/1] (0.00ns)   --->   "%data_4_V_read_6 = call i16 @_ssdm_op_Read.ap_auto.i16(i16 %data_4_V_read)" [firmware/nnet_utils/nnet_dense_latency.h:33]   --->   Operation 14 'read' 'data_4_V_read_6' <Predicate = true> <Delay = 0.00>
ST_2 : Operation 15 [1/1] (0.00ns)   --->   "%sext_ln1118_70 = sext i16 %data_4_V_read_6 to i24" [firmware/nnet_utils/nnet_mult.h:78->firmware/nnet_utils/nnet_dense_latency.h:96]   --->   Operation 15 'sext' 'sext_ln1118_70' <Predicate = true> <Delay = 0.00>
ST_2 : Operation 16 [1/1] (1.94ns)   --->   "%mul_ln1118_72 = mul i24 %sext_ln1118_70, -194" [firmware/nnet_utils/nnet_mult.h:78->firmware/nnet_utils/nnet_dense_latency.h:96]   --->   Operation 16 'mul' 'mul_ln1118_72' <Predicate = true> <Delay = 1.94> <Core = "Mul">   --->   Core 16 'Mul' <Latency = 0> <II = 1> <Delay = 1.94> <FuncUnit> <Opcode : 'mul'> <InPorts = 2> <OutPorts = 1>
ST_2 : Operation 17 [1/1] (0.00ns)   --->   "%trunc_ln708_4 = call i16 @_ssdm_op_PartSelect.i16.i24.i32.i32(i24 %mul_ln1118_72, i32 8, i32 23)" [firmware/nnet_utils/nnet_dense_latency.h:96]   --->   Operation 17 'partselect' 'trunc_ln708_4' <Predicate = true> <Delay = 0.00>
ST_2 : Operation 18 [1/1] (0.00ns)   --->   "%sext_ln1118_73 = sext i16 %data_6_V_read_6 to i24" [firmware/nnet_utils/nnet_mult.h:78->firmware/nnet_utils/nnet_dense_latency.h:96]   --->   Operation 18 'sext' 'sext_ln1118_73' <Predicate = true> <Delay = 0.00>
ST_2 : Operation 19 [1/1] (1.94ns)   --->   "%mul_ln1118_73 = mul i24 %sext_ln1118_73, 167" [firmware/nnet_utils/nnet_mult.h:78->firmware/nnet_utils/nnet_dense_latency.h:96]   --->   Operation 19 'mul' 'mul_ln1118_73' <Predicate = true> <Delay = 1.94> <Core = "Mul">   --->   Core 16 'Mul' <Latency = 0> <II = 1> <Delay = 1.94> <FuncUnit> <Opcode : 'mul'> <InPorts = 2> <OutPorts = 1>
ST_2 : Operation 20 [1/1] (0.00ns)   --->   "%trunc_ln708_6 = call i16 @_ssdm_op_PartSelect.i16.i24.i32.i32(i24 %mul_ln1118_73, i32 8, i32 23)" [firmware/nnet_utils/nnet_dense_latency.h:96]   --->   Operation 20 'partselect' 'trunc_ln708_6' <Predicate = true> <Delay = 0.00>

State 3 <SV = 2> <Delay = 1.94>
ST_3 : Operation 21 [1/1] (0.00ns)   --->   "%data_9_V_read_6 = call i16 @_ssdm_op_Read.ap_auto.i16(i16 %data_9_V_read)" [firmware/nnet_utils/nnet_dense_latency.h:33]   --->   Operation 21 'read' 'data_9_V_read_6' <Predicate = true> <Delay = 0.00>
ST_3 : Operation 22 [1/1] (0.00ns)   --->   "%data_7_V_read_6 = call i16 @_ssdm_op_Read.ap_auto.i16(i16 %data_7_V_read)" [firmware/nnet_utils/nnet_dense_latency.h:33]   --->   Operation 22 'read' 'data_7_V_read_6' <Predicate = true> <Delay = 0.00>
ST_3 : Operation 23 [1/1] (0.00ns)   --->   "%data_3_V_read_5 = call i16 @_ssdm_op_Read.ap_auto.i16(i16 %data_3_V_read)" [firmware/nnet_utils/nnet_dense_latency.h:33]   --->   Operation 23 'read' 'data_3_V_read_5' <Predicate = true> <Delay = 0.00>
ST_3 : Operation 24 [1/1] (0.00ns)   --->   "%data_0_V_read_6 = call i16 @_ssdm_op_Read.ap_auto.i16(i16 %data_0_V_read)" [firmware/nnet_utils/nnet_dense_latency.h:33]   --->   Operation 24 'read' 'data_0_V_read_6' <Predicate = true> <Delay = 0.00>
ST_3 : Operation 25 [1/1] (0.00ns)   --->   "%shl_ln = call i23 @_ssdm_op_BitConcatenate.i23.i16.i7(i16 %data_0_V_read_6, i7 0)" [firmware/nnet_utils/nnet_mult.h:78->firmware/nnet_utils/nnet_dense_latency.h:96]   --->   Operation 25 'bitconcatenate' 'shl_ln' <Predicate = true> <Delay = 0.00>
ST_3 : Operation 26 [1/1] (0.00ns)   --->   "%sext_ln1118 = sext i23 %shl_ln to i24" [firmware/nnet_utils/nnet_mult.h:78->firmware/nnet_utils/nnet_dense_latency.h:96]   --->   Operation 26 'sext' 'sext_ln1118' <Predicate = true> <Delay = 0.00>
ST_3 : Operation 27 [1/1] (0.00ns) (grouped into TernaryAdder)   --->   "%sub_ln1118 = sub i24 0, %sext_ln1118" [firmware/nnet_utils/nnet_mult.h:78->firmware/nnet_utils/nnet_dense_latency.h:96]   --->   Operation 27 'sub' 'sub_ln1118' <Predicate = true> <Delay = 0.00> <Core = "TAddSub">   --->   Core 83 'TAddSub' <Latency = 0> <II = 1> <Delay = 0.33> <IPBlock> <Opcode : 'add' 'sub'> <InPorts = 3> <OutPorts = 1> <Sync> <CReg>
ST_3 : Operation 28 [1/1] (0.00ns)   --->   "%shl_ln1118_s = call i21 @_ssdm_op_BitConcatenate.i21.i16.i5(i16 %data_0_V_read_6, i5 0)" [firmware/nnet_utils/nnet_mult.h:78->firmware/nnet_utils/nnet_dense_latency.h:96]   --->   Operation 28 'bitconcatenate' 'shl_ln1118_s' <Predicate = true> <Delay = 0.00>
ST_3 : Operation 29 [1/1] (0.00ns)   --->   "%sext_ln1118_65 = sext i21 %shl_ln1118_s to i24" [firmware/nnet_utils/nnet_mult.h:78->firmware/nnet_utils/nnet_dense_latency.h:96]   --->   Operation 29 'sext' 'sext_ln1118_65' <Predicate = true> <Delay = 0.00>
ST_3 : Operation 30 [1/1] (0.70ns) (root node of TernaryAdder)   --->   "%sub_ln1118_22 = sub i24 %sub_ln1118, %sext_ln1118_65" [firmware/nnet_utils/nnet_mult.h:78->firmware/nnet_utils/nnet_dense_latency.h:96]   --->   Operation 30 'sub' 'sub_ln1118_22' <Predicate = true> <Delay = 0.70> <Core = "TAddSub">   --->   Core 83 'TAddSub' <Latency = 0> <II = 1> <Delay = 0.33> <IPBlock> <Opcode : 'add' 'sub'> <InPorts = 3> <OutPorts = 1> <Sync> <CReg>
ST_3 : Operation 31 [1/1] (0.00ns)   --->   "%trunc_ln = call i16 @_ssdm_op_PartSelect.i16.i24.i32.i32(i24 %sub_ln1118_22, i32 8, i32 23)" [firmware/nnet_utils/nnet_dense_latency.h:96]   --->   Operation 31 'partselect' 'trunc_ln' <Predicate = true> <Delay = 0.00>
ST_3 : Operation 32 [1/1] (0.00ns)   --->   "%sext_ln708 = sext i15 %trunc_ln708_s to i16" [firmware/nnet_utils/nnet_dense_latency.h:96]   --->   Operation 32 'sext' 'sext_ln708' <Predicate = true> <Delay = 0.00>
ST_3 : Operation 33 [1/1] (0.00ns)   --->   "%shl_ln1118_37 = call i22 @_ssdm_op_BitConcatenate.i22.i16.i6(i16 %data_3_V_read_5, i6 0)" [firmware/nnet_utils/nnet_mult.h:78->firmware/nnet_utils/nnet_dense_latency.h:96]   --->   Operation 33 'bitconcatenate' 'shl_ln1118_37' <Predicate = true> <Delay = 0.00>
ST_3 : Operation 34 [1/1] (0.00ns)   --->   "%sext_ln1118_68 = sext i22 %shl_ln1118_37 to i23" [firmware/nnet_utils/nnet_mult.h:78->firmware/nnet_utils/nnet_dense_latency.h:96]   --->   Operation 34 'sext' 'sext_ln1118_68' <Predicate = true> <Delay = 0.00>
ST_3 : Operation 35 [1/1] (0.00ns) (grouped into TernaryAdder)   --->   "%sub_ln1118_23 = sub i23 0, %sext_ln1118_68" [firmware/nnet_utils/nnet_mult.h:78->firmware/nnet_utils/nnet_dense_latency.h:96]   --->   Operation 35 'sub' 'sub_ln1118_23' <Predicate = true> <Delay = 0.00> <Core = "TAddSub">   --->   Core 83 'TAddSub' <Latency = 0> <II = 1> <Delay = 0.33> <IPBlock> <Opcode : 'add' 'sub'> <InPorts = 3> <OutPorts = 1> <Sync> <CReg>
ST_3 : Operation 36 [1/1] (0.00ns)   --->   "%shl_ln1118_38 = call i17 @_ssdm_op_BitConcatenate.i17.i16.i1(i16 %data_3_V_read_5, i1 false)" [firmware/nnet_utils/nnet_mult.h:78->firmware/nnet_utils/nnet_dense_latency.h:96]   --->   Operation 36 'bitconcatenate' 'shl_ln1118_38' <Predicate = true> <Delay = 0.00>
ST_3 : Operation 37 [1/1] (0.00ns)   --->   "%sext_ln1118_69 = sext i17 %shl_ln1118_38 to i23" [firmware/nnet_utils/nnet_mult.h:78->firmware/nnet_utils/nnet_dense_latency.h:96]   --->   Operation 37 'sext' 'sext_ln1118_69' <Predicate = true> <Delay = 0.00>
ST_3 : Operation 38 [1/1] (0.69ns) (root node of TernaryAdder)   --->   "%sub_ln1118_24 = sub i23 %sub_ln1118_23, %sext_ln1118_69" [firmware/nnet_utils/nnet_mult.h:78->firmware/nnet_utils/nnet_dense_latency.h:96]   --->   Operation 38 'sub' 'sub_ln1118_24' <Predicate = true> <Delay = 0.69> <Core = "TAddSub">   --->   Core 83 'TAddSub' <Latency = 0> <II = 1> <Delay = 0.33> <IPBlock> <Opcode : 'add' 'sub'> <InPorts = 3> <OutPorts = 1> <Sync> <CReg>
ST_3 : Operation 39 [1/1] (0.00ns)   --->   "%trunc_ln708_24 = call i15 @_ssdm_op_PartSelect.i15.i23.i32.i32(i23 %sub_ln1118_24, i32 8, i32 22)" [firmware/nnet_utils/nnet_dense_latency.h:96]   --->   Operation 39 'partselect' 'trunc_ln708_24' <Predicate = true> <Delay = 0.00>
ST_3 : Operation 40 [1/1] (0.00ns)   --->   "%sext_ln708_1 = sext i15 %trunc_ln708_24 to i16" [firmware/nnet_utils/nnet_dense_latency.h:96]   --->   Operation 40 'sext' 'sext_ln708_1' <Predicate = true> <Delay = 0.00>
ST_3 : Operation 41 [1/1] (0.00ns)   --->   "%sext_ln1118_74 = sext i16 %data_7_V_read_6 to i24" [firmware/nnet_utils/nnet_mult.h:78->firmware/nnet_utils/nnet_dense_latency.h:96]   --->   Operation 41 'sext' 'sext_ln1118_74' <Predicate = true> <Delay = 0.00>
ST_3 : Operation 42 [1/1] (1.94ns)   --->   "%mul_ln1118_74 = mul i24 %sext_ln1118_74, 235" [firmware/nnet_utils/nnet_mult.h:78->firmware/nnet_utils/nnet_dense_latency.h:96]   --->   Operation 42 'mul' 'mul_ln1118_74' <Predicate = true> <Delay = 1.94> <Core = "Mul">   --->   Core 16 'Mul' <Latency = 0> <II = 1> <Delay = 1.94> <FuncUnit> <Opcode : 'mul'> <InPorts = 2> <OutPorts = 1>
ST_3 : Operation 43 [1/1] (0.00ns)   --->   "%trunc_ln708_7 = call i16 @_ssdm_op_PartSelect.i16.i24.i32.i32(i24 %mul_ln1118_74, i32 8, i32 23)" [firmware/nnet_utils/nnet_dense_latency.h:96]   --->   Operation 43 'partselect' 'trunc_ln708_7' <Predicate = true> <Delay = 0.00>
ST_3 : Operation 44 [1/1] (0.00ns)   --->   "%shl_ln1118_42 = call i21 @_ssdm_op_BitConcatenate.i21.i16.i5(i16 %data_9_V_read_6, i5 0)" [firmware/nnet_utils/nnet_mult.h:78->firmware/nnet_utils/nnet_dense_latency.h:96]   --->   Operation 44 'bitconcatenate' 'shl_ln1118_42' <Predicate = true> <Delay = 0.00>
ST_3 : Operation 45 [1/1] (0.00ns)   --->   "%sext_ln1118_77 = sext i21 %shl_ln1118_42 to i22" [firmware/nnet_utils/nnet_mult.h:78->firmware/nnet_utils/nnet_dense_latency.h:96]   --->   Operation 45 'sext' 'sext_ln1118_77' <Predicate = true> <Delay = 0.00>
ST_3 : Operation 46 [1/1] (0.00ns)   --->   "%shl_ln1118_43 = call i18 @_ssdm_op_BitConcatenate.i18.i16.i2(i16 %data_9_V_read_6, i2 0)" [firmware/nnet_utils/nnet_mult.h:78->firmware/nnet_utils/nnet_dense_latency.h:96]   --->   Operation 46 'bitconcatenate' 'shl_ln1118_43' <Predicate = true> <Delay = 0.00>
ST_3 : Operation 47 [1/1] (0.00ns)   --->   "%sext_ln1118_78 = sext i18 %shl_ln1118_43 to i22" [firmware/nnet_utils/nnet_mult.h:78->firmware/nnet_utils/nnet_dense_latency.h:96]   --->   Operation 47 'sext' 'sext_ln1118_78' <Predicate = true> <Delay = 0.00>
ST_3 : Operation 48 [1/1] (0.57ns)   --->   "%sub_ln1118_28 = sub i22 %sext_ln1118_78, %sext_ln1118_77" [firmware/nnet_utils/nnet_mult.h:78->firmware/nnet_utils/nnet_dense_latency.h:96]   --->   Operation 48 'sub' 'sub_ln1118_28' <Predicate = true> <Delay = 0.57> <Core = "AddSub">   --->   Core 14 'AddSub' <Latency = 0> <II = 1> <Delay = 0.58> <FuncUnit> <Opcode : 'add' 'sub'> <InPorts = 2> <OutPorts = 1>
ST_3 : Operation 49 [1/1] (0.00ns)   --->   "%trunc_ln708_26 = call i14 @_ssdm_op_PartSelect.i14.i22.i32.i32(i22 %sub_ln1118_28, i32 8, i32 21)" [firmware/nnet_utils/nnet_dense_latency.h:96]   --->   Operation 49 'partselect' 'trunc_ln708_26' <Predicate = true> <Delay = 0.00>
ST_3 : Operation 50 [1/1] (0.60ns)   --->   "%add_ln703 = add i16 %trunc_ln708_1, %sext_ln708_1" [firmware/nnet_utils/nnet_dense_latency.h:147]   --->   Operation 50 'add' 'add_ln703' <Predicate = true> <Delay = 0.60> <Core = "AddSub">   --->   Core 14 'AddSub' <Latency = 0> <II = 1> <Delay = 0.58> <FuncUnit> <Opcode : 'add' 'sub'> <InPorts = 2> <OutPorts = 1>
ST_3 : Operation 51 [1/1] (0.00ns) (grouped into TernaryAdder)   --->   "%add_ln703_118 = add i16 %trunc_ln708_4, %sext_ln708" [firmware/nnet_utils/nnet_dense_latency.h:147]   --->   Operation 51 'add' 'add_ln703_118' <Predicate = true> <Delay = 0.00> <Core = "TAddSub">   --->   Core 83 'TAddSub' <Latency = 0> <II = 1> <Delay = 0.33> <IPBlock> <Opcode : 'add' 'sub'> <InPorts = 3> <OutPorts = 1> <Sync> <CReg>
ST_3 : Operation 52 [1/1] (0.67ns) (root node of TernaryAdder)   --->   "%add_ln703_119 = add i16 %trunc_ln, %add_ln703_118" [firmware/nnet_utils/nnet_dense_latency.h:147]   --->   Operation 52 'add' 'add_ln703_119' <Predicate = true> <Delay = 0.67> <Core = "TAddSub">   --->   Core 83 'TAddSub' <Latency = 0> <II = 1> <Delay = 0.33> <IPBlock> <Opcode : 'add' 'sub'> <InPorts = 3> <OutPorts = 1> <Sync> <CReg>

State 4 <SV = 3> <Delay = 2.05>
ST_4 : Operation 53 [1/1] (0.00ns)   --->   "%data_8_V_read_6 = call i16 @_ssdm_op_Read.ap_auto.i16(i16 %data_8_V_read)" [firmware/nnet_utils/nnet_dense_latency.h:33]   --->   Operation 53 'read' 'data_8_V_read_6' <Predicate = true> <Delay = 0.00>
ST_4 : Operation 54 [1/1] (0.00ns)   --->   "%data_5_V_read_6 = call i16 @_ssdm_op_Read.ap_auto.i16(i16 %data_5_V_read)" [firmware/nnet_utils/nnet_dense_latency.h:33]   --->   Operation 54 'read' 'data_5_V_read_6' <Predicate = true> <Delay = 0.00>
ST_4 : Operation 55 [1/1] (0.00ns)   --->   "%tmp = call i32 (...)* @_ssdm_op_SpecRegionBegin([13 x i8]* @p_str16)" [firmware/nnet_utils/nnet_dense_latency.h:45]   --->   Operation 55 'specregionbegin' 'tmp' <Predicate = true> <Delay = 0.00>
ST_4 : Operation 56 [1/1] (0.00ns)   --->   "call void (...)* @_ssdm_op_SpecPipeline(i32 5, i32 1, i32 1, i32 0, [1 x i8]* @p_str13) nounwind" [firmware/nnet_utils/nnet_dense_latency.h:49]   --->   Operation 56 'specpipeline' <Predicate = true> <Delay = 0.00>
ST_4 : Operation 57 [1/1] (0.00ns)   --->   "call void (...)* @_ssdm_op_SpecResourceLimit(i32 2, [4 x i8]* @p_str26, [1 x i8]* @p_str13, [1 x i8]* @p_str13, [1 x i8]* @p_str13) nounwind" [firmware/nnet_utils/nnet_mult.h:82->firmware/nnet_utils/nnet_dense_latency.h:57]   --->   Operation 57 'specresourcelimit' <Predicate = true> <Delay = 0.00>
ST_4 : Operation 58 [1/1] (0.00ns)   --->   "%empty = call i32 (...)* @_ssdm_op_SpecRegionEnd([13 x i8]* @p_str16, i32 %tmp)" [firmware/nnet_utils/nnet_dense_latency.h:59]   --->   Operation 58 'specregionend' 'empty' <Predicate = true> <Delay = 0.00>
ST_4 : Operation 59 [1/1] (0.00ns)   --->   "%sext_ln1118_71 = sext i16 %data_5_V_read_6 to i24" [firmware/nnet_utils/nnet_mult.h:78->firmware/nnet_utils/nnet_dense_latency.h:96]   --->   Operation 59 'sext' 'sext_ln1118_71' <Predicate = true> <Delay = 0.00>
ST_4 : Operation 60 [1/1] (0.00ns)   --->   "%shl_ln1118_39 = call i23 @_ssdm_op_BitConcatenate.i23.i16.i7(i16 %data_5_V_read_6, i7 0)" [firmware/nnet_utils/nnet_mult.h:78->firmware/nnet_utils/nnet_dense_latency.h:96]   --->   Operation 60 'bitconcatenate' 'shl_ln1118_39' <Predicate = true> <Delay = 0.00>
ST_4 : Operation 61 [1/1] (0.00ns)   --->   "%sext_ln1118_72 = sext i23 %shl_ln1118_39 to i24" [firmware/nnet_utils/nnet_mult.h:78->firmware/nnet_utils/nnet_dense_latency.h:96]   --->   Operation 61 'sext' 'sext_ln1118_72' <Predicate = true> <Delay = 0.00>
ST_4 : Operation 62 [1/1] (0.00ns) (grouped into TernaryAdder)   --->   "%sub_ln1118_25 = sub i24 0, %sext_ln1118_72" [firmware/nnet_utils/nnet_mult.h:78->firmware/nnet_utils/nnet_dense_latency.h:96]   --->   Operation 62 'sub' 'sub_ln1118_25' <Predicate = true> <Delay = 0.00> <Core = "TAddSub">   --->   Core 83 'TAddSub' <Latency = 0> <II = 1> <Delay = 0.33> <IPBlock> <Opcode : 'add' 'sub'> <InPorts = 3> <OutPorts = 1> <Sync> <CReg>
ST_4 : Operation 63 [1/1] (0.70ns) (root node of TernaryAdder)   --->   "%sub_ln1118_26 = sub i24 %sub_ln1118_25, %sext_ln1118_71" [firmware/nnet_utils/nnet_mult.h:78->firmware/nnet_utils/nnet_dense_latency.h:96]   --->   Operation 63 'sub' 'sub_ln1118_26' <Predicate = true> <Delay = 0.70> <Core = "TAddSub">   --->   Core 83 'TAddSub' <Latency = 0> <II = 1> <Delay = 0.33> <IPBlock> <Opcode : 'add' 'sub'> <InPorts = 3> <OutPorts = 1> <Sync> <CReg>
ST_4 : Operation 64 [1/1] (0.00ns)   --->   "%trunc_ln708_5 = call i16 @_ssdm_op_PartSelect.i16.i24.i32.i32(i24 %sub_ln1118_26, i32 8, i32 23)" [firmware/nnet_utils/nnet_dense_latency.h:96]   --->   Operation 64 'partselect' 'trunc_ln708_5' <Predicate = true> <Delay = 0.00>
ST_4 : Operation 65 [1/1] (0.00ns)   --->   "%shl_ln1118_40 = call i22 @_ssdm_op_BitConcatenate.i22.i16.i6(i16 %data_8_V_read_6, i6 0)" [firmware/nnet_utils/nnet_mult.h:78->firmware/nnet_utils/nnet_dense_latency.h:96]   --->   Operation 65 'bitconcatenate' 'shl_ln1118_40' <Predicate = true> <Delay = 0.00>
ST_4 : Operation 66 [1/1] (0.00ns)   --->   "%sext_ln1118_75 = sext i22 %shl_ln1118_40 to i23" [firmware/nnet_utils/nnet_mult.h:78->firmware/nnet_utils/nnet_dense_latency.h:96]   --->   Operation 66 'sext' 'sext_ln1118_75' <Predicate = true> <Delay = 0.00>
ST_4 : Operation 67 [1/1] (0.00ns)   --->   "%shl_ln1118_41 = call i19 @_ssdm_op_BitConcatenate.i19.i16.i3(i16 %data_8_V_read_6, i3 0)" [firmware/nnet_utils/nnet_mult.h:78->firmware/nnet_utils/nnet_dense_latency.h:96]   --->   Operation 67 'bitconcatenate' 'shl_ln1118_41' <Predicate = true> <Delay = 0.00>
ST_4 : Operation 68 [1/1] (0.00ns)   --->   "%sext_ln1118_76 = sext i19 %shl_ln1118_41 to i23" [firmware/nnet_utils/nnet_mult.h:78->firmware/nnet_utils/nnet_dense_latency.h:96]   --->   Operation 68 'sext' 'sext_ln1118_76' <Predicate = true> <Delay = 0.00>
ST_4 : Operation 69 [1/1] (0.58ns)   --->   "%sub_ln1118_27 = sub i23 %sext_ln1118_76, %sext_ln1118_75" [firmware/nnet_utils/nnet_mult.h:78->firmware/nnet_utils/nnet_dense_latency.h:96]   --->   Operation 69 'sub' 'sub_ln1118_27' <Predicate = true> <Delay = 0.58> <Core = "AddSub">   --->   Core 14 'AddSub' <Latency = 0> <II = 1> <Delay = 0.58> <FuncUnit> <Opcode : 'add' 'sub'> <InPorts = 2> <OutPorts = 1>
ST_4 : Operation 70 [1/1] (0.00ns)   --->   "%trunc_ln708_25 = call i15 @_ssdm_op_PartSelect.i15.i23.i32.i32(i23 %sub_ln1118_27, i32 8, i32 22)" [firmware/nnet_utils/nnet_dense_latency.h:96]   --->   Operation 70 'partselect' 'trunc_ln708_25' <Predicate = true> <Delay = 0.00>
ST_4 : Operation 71 [1/1] (0.00ns)   --->   "%sext_ln708_2 = sext i15 %trunc_ln708_25 to i16" [firmware/nnet_utils/nnet_dense_latency.h:96]   --->   Operation 71 'sext' 'sext_ln708_2' <Predicate = true> <Delay = 0.00>
ST_4 : Operation 72 [1/1] (0.00ns)   --->   "%sext_ln708_3 = sext i14 %trunc_ln708_26 to i16" [firmware/nnet_utils/nnet_dense_latency.h:96]   --->   Operation 72 'sext' 'sext_ln708_3' <Predicate = true> <Delay = 0.00>
ST_4 : Operation 73 [1/1] (0.00ns)   --->   "call void (...)* @_ssdm_op_SpecLoopName([11 x i8]* @p_str19) nounwind" [firmware/nnet_utils/nnet_dense_latency.h:101]   --->   Operation 73 'specloopname' <Predicate = true> <Delay = 0.00>
ST_4 : Operation 74 [1/1] (0.00ns)   --->   "call void (...)* @_ssdm_op_SpecLoopName([15 x i8]* @p_str20) nounwind" [firmware/nnet_utils/nnet_dense_latency.h:125]   --->   Operation 74 'specloopname' <Predicate = true> <Delay = 0.00>
ST_4 : Operation 75 [1/1] (0.60ns)   --->   "%add_ln703_115 = add i16 %sext_ln708_3, %trunc_ln708_7" [firmware/nnet_utils/nnet_dense_latency.h:147]   --->   Operation 75 'add' 'add_ln703_115' <Predicate = true> <Delay = 0.60> <Core = "AddSub">   --->   Core 14 'AddSub' <Latency = 0> <II = 1> <Delay = 0.58> <FuncUnit> <Opcode : 'add' 'sub'> <InPorts = 2> <OutPorts = 1>
ST_4 : Operation 76 [1/1] (0.00ns) (grouped into TernaryAdder)   --->   "%add_ln703_116 = add i16 %trunc_ln708_5, %add_ln703_115" [firmware/nnet_utils/nnet_dense_latency.h:147]   --->   Operation 76 'add' 'add_ln703_116' <Predicate = true> <Delay = 0.00> <Core = "TAddSub">   --->   Core 83 'TAddSub' <Latency = 0> <II = 1> <Delay = 0.33> <IPBlock> <Opcode : 'add' 'sub'> <InPorts = 3> <OutPorts = 1> <Sync> <CReg>
ST_4 : Operation 77 [1/1] (0.67ns) (root node of TernaryAdder)   --->   "%add_ln703_117 = add i16 %add_ln703, %add_ln703_116" [firmware/nnet_utils/nnet_dense_latency.h:147]   --->   Operation 77 'add' 'add_ln703_117' <Predicate = true> <Delay = 0.67> <Core = "TAddSub">   --->   Core 83 'TAddSub' <Latency = 0> <II = 1> <Delay = 0.33> <IPBlock> <Opcode : 'add' 'sub'> <InPorts = 3> <OutPorts = 1> <Sync> <CReg>
ST_4 : Operation 78 [1/1] (0.00ns) (grouped into TernaryAdder)   --->   "%add_ln703_120 = add i16 %sext_ln708_2, 20" [firmware/nnet_utils/nnet_dense_latency.h:147]   --->   Operation 78 'add' 'add_ln703_120' <Predicate = true> <Delay = 0.00> <Core = "TAddSub">   --->   Core 83 'TAddSub' <Latency = 0> <II = 1> <Delay = 0.33> <IPBlock> <Opcode : 'add' 'sub'> <InPorts = 3> <OutPorts = 1> <Sync> <CReg>
ST_4 : Operation 79 [1/1] (0.67ns) (root node of TernaryAdder)   --->   "%add_ln703_121 = add i16 %trunc_ln708_6, %add_ln703_120" [firmware/nnet_utils/nnet_dense_latency.h:147]   --->   Operation 79 'add' 'add_ln703_121' <Predicate = true> <Delay = 0.67> <Core = "TAddSub">   --->   Core 83 'TAddSub' <Latency = 0> <II = 1> <Delay = 0.33> <IPBlock> <Opcode : 'add' 'sub'> <InPorts = 3> <OutPorts = 1> <Sync> <CReg>
ST_4 : Operation 80 [1/1] (0.00ns) (grouped into TernaryAdder)   --->   "%add_ln703_122 = add i16 %add_ln703_119, %add_ln703_121" [firmware/nnet_utils/nnet_dense_latency.h:147]   --->   Operation 80 'add' 'add_ln703_122' <Predicate = true> <Delay = 0.00> <Core = "TAddSub">   --->   Core 83 'TAddSub' <Latency = 0> <II = 1> <Delay = 0.33> <IPBlock> <Opcode : 'add' 'sub'> <InPorts = 3> <OutPorts = 1> <Sync> <CReg>
ST_4 : Operation 81 [1/1] (0.67ns) (root node of TernaryAdder)   --->   "%add_ln703_123 = add i16 %add_ln703_117, %add_ln703_122" [firmware/nnet_utils/nnet_dense_latency.h:147]   --->   Operation 81 'add' 'add_ln703_123' <Predicate = true> <Delay = 0.67> <Core = "TAddSub">   --->   Core 83 'TAddSub' <Latency = 0> <II = 1> <Delay = 0.33> <IPBlock> <Opcode : 'add' 'sub'> <InPorts = 3> <OutPorts = 1> <Sync> <CReg>
ST_4 : Operation 82 [1/1] (0.00ns)   --->   "call void (...)* @_ssdm_op_SpecLoopName([7 x i8]* @p_str25) nounwind" [firmware/nnet_utils/nnet_dense_latency.h:152]   --->   Operation 82 'specloopname' <Predicate = true> <Delay = 0.00>
ST_4 : Operation 83 [1/1] (0.00ns)   --->   "ret i16 %add_ln703_123" [firmware/nnet_utils/nnet_dense_latency.h:159]   --->   Operation 83 'ret' <Predicate = true> <Delay = 0.00>


============================================================
+ Verbose Summary: Binding
============================================================
STG Binding: 
---------------- STG Properties BEGIN ----------------
- Is combinational: 0
- Is one-state seq: 0
- Is datapath-only: 0
- Is pipelined: 1
- Is top level: 0
Port [ Return ] is wired: 1; IO mode=ap_ctrl_hs:ce=0
Port [ data_0_V_read]:  wired=1; compound=0; hidden=0; nouse=0; global=0; static=0; extern=0; dir=0; type=0; pingpong=0; private_global=0; IO mode=ap_none:ce=0
Port [ data_1_V_read]:  wired=1; compound=0; hidden=0; nouse=0; global=0; static=0; extern=0; dir=0; type=0; pingpong=0; private_global=0; IO mode=ap_none:ce=0
Port [ data_2_V_read]:  wired=1; compound=0; hidden=0; nouse=0; global=0; static=0; extern=0; dir=0; type=0; pingpong=0; private_global=0; IO mode=ap_none:ce=0
Port [ data_3_V_read]:  wired=1; compound=0; hidden=0; nouse=0; global=0; static=0; extern=0; dir=0; type=0; pingpong=0; private_global=0; IO mode=ap_none:ce=0
Port [ data_4_V_read]:  wired=1; compound=0; hidden=0; nouse=0; global=0; static=0; extern=0; dir=0; type=0; pingpong=0; private_global=0; IO mode=ap_none:ce=0
Port [ data_5_V_read]:  wired=1; compound=0; hidden=0; nouse=0; global=0; static=0; extern=0; dir=0; type=0; pingpong=0; private_global=0; IO mode=ap_none:ce=0
Port [ data_6_V_read]:  wired=1; compound=0; hidden=0; nouse=0; global=0; static=0; extern=0; dir=0; type=0; pingpong=0; private_global=0; IO mode=ap_none:ce=0
Port [ data_7_V_read]:  wired=1; compound=0; hidden=0; nouse=0; global=0; static=0; extern=0; dir=0; type=0; pingpong=0; private_global=0; IO mode=ap_none:ce=0
Port [ data_8_V_read]:  wired=1; compound=0; hidden=0; nouse=0; global=0; static=0; extern=0; dir=0; type=0; pingpong=0; private_global=0; IO mode=ap_none:ce=0
Port [ data_9_V_read]:  wired=1; compound=0; hidden=0; nouse=0; global=0; static=0; extern=0; dir=0; type=0; pingpong=0; private_global=0; IO mode=ap_none:ce=0
---------------- STG Properties END ------------------

---------------- Datapath Model BEGIN ----------------

<LifeTime>
<method=bitvector/>
data_2_V_read_4        (read             ) [ 00000]
data_1_V_read_6        (read             ) [ 00000]
sext_ln1118_66         (sext             ) [ 00000]
mul_ln1118             (mul              ) [ 00000]
trunc_ln708_1          (partselect       ) [ 00110]
sext_ln1118_67         (sext             ) [ 00000]
mul_ln1118_71          (mul              ) [ 00000]
trunc_ln708_s          (partselect       ) [ 00110]
data_6_V_read_6        (read             ) [ 00000]
data_4_V_read_6        (read             ) [ 00000]
sext_ln1118_70         (sext             ) [ 00000]
mul_ln1118_72          (mul              ) [ 00000]
trunc_ln708_4          (partselect       ) [ 00010]
sext_ln1118_73         (sext             ) [ 00000]
mul_ln1118_73          (mul              ) [ 00000]
trunc_ln708_6          (partselect       ) [ 00011]
data_9_V_read_6        (read             ) [ 00000]
data_7_V_read_6        (read             ) [ 00000]
data_3_V_read_5        (read             ) [ 00000]
data_0_V_read_6        (read             ) [ 00000]
shl_ln                 (bitconcatenate   ) [ 00000]
sext_ln1118            (sext             ) [ 00000]
sub_ln1118             (sub              ) [ 00000]
shl_ln1118_s           (bitconcatenate   ) [ 00000]
sext_ln1118_65         (sext             ) [ 00000]
sub_ln1118_22          (sub              ) [ 00000]
trunc_ln               (partselect       ) [ 00000]
sext_ln708             (sext             ) [ 00000]
shl_ln1118_37          (bitconcatenate   ) [ 00000]
sext_ln1118_68         (sext             ) [ 00000]
sub_ln1118_23          (sub              ) [ 00000]
shl_ln1118_38          (bitconcatenate   ) [ 00000]
sext_ln1118_69         (sext             ) [ 00000]
sub_ln1118_24          (sub              ) [ 00000]
trunc_ln708_24         (partselect       ) [ 00000]
sext_ln708_1           (sext             ) [ 00000]
sext_ln1118_74         (sext             ) [ 00000]
mul_ln1118_74          (mul              ) [ 00000]
trunc_ln708_7          (partselect       ) [ 00001]
shl_ln1118_42          (bitconcatenate   ) [ 00000]
sext_ln1118_77         (sext             ) [ 00000]
shl_ln1118_43          (bitconcatenate   ) [ 00000]
sext_ln1118_78         (sext             ) [ 00000]
sub_ln1118_28          (sub              ) [ 00000]
trunc_ln708_26         (partselect       ) [ 00001]
add_ln703              (add              ) [ 00001]
add_ln703_118          (add              ) [ 00000]
add_ln703_119          (add              ) [ 00001]
data_8_V_read_6        (read             ) [ 00000]
data_5_V_read_6        (read             ) [ 00000]
tmp                    (specregionbegin  ) [ 00000]
specpipeline_ln49      (specpipeline     ) [ 00000]
specresourcelimit_ln82 (specresourcelimit) [ 00000]
empty                  (specregionend    ) [ 00000]
sext_ln1118_71         (sext             ) [ 00000]
shl_ln1118_39          (bitconcatenate   ) [ 00000]
sext_ln1118_72         (sext             ) [ 00000]
sub_ln1118_25          (sub              ) [ 00000]
sub_ln1118_26          (sub              ) [ 00000]
trunc_ln708_5          (partselect       ) [ 00000]
shl_ln1118_40          (bitconcatenate   ) [ 00000]
sext_ln1118_75         (sext             ) [ 00000]
shl_ln1118_41          (bitconcatenate   ) [ 00000]
sext_ln1118_76         (sext             ) [ 00000]
sub_ln1118_27          (sub              ) [ 00000]
trunc_ln708_25         (partselect       ) [ 00000]
sext_ln708_2           (sext             ) [ 00000]
sext_ln708_3           (sext             ) [ 00000]
specloopname_ln101     (specloopname     ) [ 00000]
specloopname_ln125     (specloopname     ) [ 00000]
add_ln703_115          (add              ) [ 00000]
add_ln703_116          (add              ) [ 00000]
add_ln703_117          (add              ) [ 00000]
add_ln703_120          (add              ) [ 00000]
add_ln703_121          (add              ) [ 00000]
add_ln703_122          (add              ) [ 00000]
add_ln703_123          (add              ) [ 00000]
specloopname_ln152     (specloopname     ) [ 00000]
ret_ln159              (ret              ) [ 00000]
</LifeTime>

<model>

<comp_list>
<comp id="0" class="1000" name="data_0_V_read">
<pin_list>
<pin id="1" dir="1" index="0" bw="1" slack="0"/>
</pin_list>
<bind>
<StgValue><ssdm name="data_0_V_read"/></StgValue>
</bind>
</comp>

<comp id="2" class="1000" name="data_1_V_read">
<pin_list>
<pin id="3" dir="1" index="0" bw="1" slack="0"/>
</pin_list>
<bind>
<StgValue><ssdm name="data_1_V_read"/></StgValue>
</bind>
</comp>

<comp id="4" class="1000" name="data_2_V_read">
<pin_list>
<pin id="5" dir="1" index="0" bw="1" slack="0"/>
</pin_list>
<bind>
<StgValue><ssdm name="data_2_V_read"/></StgValue>
</bind>
</comp>

<comp id="6" class="1000" name="data_3_V_read">
<pin_list>
<pin id="7" dir="1" index="0" bw="1" slack="0"/>
</pin_list>
<bind>
<StgValue><ssdm name="data_3_V_read"/></StgValue>
</bind>
</comp>

<comp id="8" class="1000" name="data_4_V_read">
<pin_list>
<pin id="9" dir="1" index="0" bw="1" slack="0"/>
</pin_list>
<bind>
<StgValue><ssdm name="data_4_V_read"/></StgValue>
</bind>
</comp>

<comp id="10" class="1000" name="data_5_V_read">
<pin_list>
<pin id="11" dir="1" index="0" bw="1" slack="0"/>
</pin_list>
<bind>
<StgValue><ssdm name="data_5_V_read"/></StgValue>
</bind>
</comp>

<comp id="12" class="1000" name="data_6_V_read">
<pin_list>
<pin id="13" dir="1" index="0" bw="1" slack="0"/>
</pin_list>
<bind>
<StgValue><ssdm name="data_6_V_read"/></StgValue>
</bind>
</comp>

<comp id="14" class="1000" name="data_7_V_read">
<pin_list>
<pin id="15" dir="1" index="0" bw="1" slack="0"/>
</pin_list>
<bind>
<StgValue><ssdm name="data_7_V_read"/></StgValue>
</bind>
</comp>

<comp id="16" class="1000" name="data_8_V_read">
<pin_list>
<pin id="17" dir="1" index="0" bw="1" slack="0"/>
</pin_list>
<bind>
<StgValue><ssdm name="data_8_V_read"/></StgValue>
</bind>
</comp>

<comp id="18" class="1000" name="data_9_V_read">
<pin_list>
<pin id="19" dir="1" index="0" bw="1" slack="0"/>
</pin_list>
<bind>
<StgValue><ssdm name="data_9_V_read"/></StgValue>
</bind>
</comp>

<comp id="20" class="1001" name="const_20">
<pin_list>
<pin id="21" dir="1" index="0" bw="1" slack="0"/>
</pin_list>
<bind>
<StgValue><ssdm name="_ssdm_op_Read.ap_auto.i16"/></StgValue>
</bind>
</comp>

<comp id="22" class="1001" name="const_22">
<pin_list>
<pin id="23" dir="1" index="0" bw="1" slack="0"/>
</pin_list>
<bind>
<StgValue><ssdm name=""/></StgValue>
</bind>
</comp>

<comp id="24" class="1001" name="const_24">
<pin_list>
<pin id="25" dir="1" index="0" bw="1" slack="0"/>
</pin_list>
<bind>
<StgValue><ssdm name="_ssdm_op_PartSelect.i16.i24.i32.i32"/></StgValue>
</bind>
</comp>

<comp id="26" class="1001" name="const_26">
<pin_list>
<pin id="27" dir="1" index="0" bw="1" slack="0"/>
</pin_list>
<bind>
<StgValue><ssdm name=""/></StgValue>
</bind>
</comp>

<comp id="28" class="1001" name="const_28">
<pin_list>
<pin id="29" dir="1" index="0" bw="1" slack="0"/>
</pin_list>
<bind>
<StgValue><ssdm name=""/></StgValue>
</bind>
</comp>

<comp id="30" class="1001" name="const_30">
<pin_list>
<pin id="31" dir="1" index="0" bw="1" slack="0"/>
</pin_list>
<bind>
<StgValue><ssdm name=""/></StgValue>
</bind>
</comp>

<comp id="32" class="1001" name="const_32">
<pin_list>
<pin id="33" dir="1" index="0" bw="1" slack="0"/>
</pin_list>
<bind>
<StgValue><ssdm name="_ssdm_op_PartSelect.i15.i23.i32.i32"/></StgValue>
</bind>
</comp>

<comp id="34" class="1001" name="const_34">
<pin_list>
<pin id="35" dir="1" index="0" bw="1" slack="0"/>
</pin_list>
<bind>
<StgValue><ssdm name=""/></StgValue>
</bind>
</comp>

<comp id="36" class="1001" name="const_36">
<pin_list>
<pin id="37" dir="1" index="0" bw="1" slack="0"/>
</pin_list>
<bind>
<StgValue><ssdm name=""/></StgValue>
</bind>
</comp>

<comp id="38" class="1001" name="const_38">
<pin_list>
<pin id="39" dir="1" index="0" bw="1" slack="0"/>
</pin_list>
<bind>
<StgValue><ssdm name=""/></StgValue>
</bind>
</comp>

<comp id="40" class="1001" name="const_40">
<pin_list>
<pin id="41" dir="1" index="0" bw="1" slack="0"/>
</pin_list>
<bind>
<StgValue><ssdm name="_ssdm_op_BitConcatenate.i23.i16.i7"/></StgValue>
</bind>
</comp>

<comp id="42" class="1001" name="const_42">
<pin_list>
<pin id="43" dir="1" index="0" bw="1" slack="0"/>
</pin_list>
<bind>
<StgValue><ssdm name=""/></StgValue>
</bind>
</comp>

<comp id="44" class="1001" name="const_44">
<pin_list>
<pin id="45" dir="1" index="0" bw="1" slack="0"/>
</pin_list>
<bind>
<StgValue><ssdm name=""/></StgValue>
</bind>
</comp>

<comp id="46" class="1001" name="const_46">
<pin_list>
<pin id="47" dir="1" index="0" bw="1" slack="0"/>
</pin_list>
<bind>
<StgValue><ssdm name="_ssdm_op_BitConcatenate.i21.i16.i5"/></StgValue>
</bind>
</comp>

<comp id="48" class="1001" name="const_48">
<pin_list>
<pin id="49" dir="1" index="0" bw="1" slack="0"/>
</pin_list>
<bind>
<StgValue><ssdm name=""/></StgValue>
</bind>
</comp>

<comp id="50" class="1001" name="const_50">
<pin_list>
<pin id="51" dir="1" index="0" bw="1" slack="0"/>
</pin_list>
<bind>
<StgValue><ssdm name="_ssdm_op_BitConcatenate.i22.i16.i6"/></StgValue>
</bind>
</comp>

<comp id="52" class="1001" name="const_52">
<pin_list>
<pin id="53" dir="1" index="0" bw="1" slack="0"/>
</pin_list>
<bind>
<StgValue><ssdm name=""/></StgValue>
</bind>
</comp>

<comp id="54" class="1001" name="const_54">
<pin_list>
<pin id="55" dir="1" index="0" bw="1" slack="0"/>
</pin_list>
<bind>
<StgValue><ssdm name=""/></StgValue>
</bind>
</comp>

<comp id="56" class="1001" name="const_56">
<pin_list>
<pin id="57" dir="1" index="0" bw="1" slack="0"/>
</pin_list>
<bind>
<StgValue><ssdm name="_ssdm_op_BitConcatenate.i17.i16.i1"/></StgValue>
</bind>
</comp>

<comp id="58" class="1001" name="const_58">
<pin_list>
<pin id="59" dir="1" index="0" bw="1" slack="0"/>
</pin_list>
<bind>
<StgValue><ssdm name=""/></StgValue>
</bind>
</comp>

<comp id="60" class="1001" name="const_60">
<pin_list>
<pin id="61" dir="1" index="0" bw="1" slack="0"/>
</pin_list>
<bind>
<StgValue><ssdm name=""/></StgValue>
</bind>
</comp>

<comp id="62" class="1001" name="const_62">
<pin_list>
<pin id="63" dir="1" index="0" bw="1" slack="0"/>
</pin_list>
<bind>
<StgValue><ssdm name="_ssdm_op_BitConcatenate.i18.i16.i2"/></StgValue>
</bind>
</comp>

<comp id="64" class="1001" name="const_64">
<pin_list>
<pin id="65" dir="1" index="0" bw="1" slack="0"/>
</pin_list>
<bind>
<StgValue><ssdm name=""/></StgValue>
</bind>
</comp>

<comp id="66" class="1001" name="const_66">
<pin_list>
<pin id="67" dir="1" index="0" bw="1" slack="0"/>
</pin_list>
<bind>
<StgValue><ssdm name="_ssdm_op_PartSelect.i14.i22.i32.i32"/></StgValue>
</bind>
</comp>

<comp id="68" class="1001" name="const_68">
<pin_list>
<pin id="69" dir="1" index="0" bw="1" slack="0"/>
</pin_list>
<bind>
<StgValue><ssdm name=""/></StgValue>
</bind>
</comp>

<comp id="70" class="1001" name="const_70">
<pin_list>
<pin id="71" dir="1" index="0" bw="1" slack="2147483647"/>
</pin_list>
<bind>
<StgValue><ssdm name="_ssdm_op_SpecRegionBegin"/></StgValue>
</bind>
</comp>

<comp id="72" class="1001" name="const_72">
<pin_list>
<pin id="73" dir="1" index="0" bw="1" slack="2147483647"/>
</pin_list>
<bind>
<StgValue><ssdm name="p_str16"/></StgValue>
</bind>
</comp>

<comp id="74" class="1001" name="const_74">
<pin_list>
<pin id="75" dir="1" index="0" bw="1" slack="2147483647"/>
</pin_list>
<bind>
<StgValue><ssdm name="_ssdm_op_SpecPipeline"/></StgValue>
</bind>
</comp>

<comp id="76" class="1001" name="const_76">
<pin_list>
<pin id="77" dir="1" index="0" bw="1" slack="2147483647"/>
</pin_list>
<bind>
<StgValue><ssdm name=""/></StgValue>
</bind>
</comp>

<comp id="78" class="1001" name="const_78">
<pin_list>
<pin id="79" dir="1" index="0" bw="1" slack="2147483647"/>
</pin_list>
<bind>
<StgValue><ssdm name=""/></StgValue>
</bind>
</comp>

<comp id="80" class="1001" name="const_80">
<pin_list>
<pin id="81" dir="1" index="0" bw="1" slack="2147483647"/>
</pin_list>
<bind>
<StgValue><ssdm name=""/></StgValue>
</bind>
</comp>

<comp id="82" class="1001" name="const_82">
<pin_list>
<pin id="83" dir="1" index="0" bw="1" slack="2147483647"/>
</pin_list>
<bind>
<StgValue><ssdm name="p_str13"/></StgValue>
</bind>
</comp>

<comp id="84" class="1001" name="const_84">
<pin_list>
<pin id="85" dir="1" index="0" bw="1" slack="2147483647"/>
</pin_list>
<bind>
<StgValue><ssdm name="_ssdm_op_SpecResourceLimit"/></StgValue>
</bind>
</comp>

<comp id="86" class="1001" name="const_86">
<pin_list>
<pin id="87" dir="1" index="0" bw="1" slack="2147483647"/>
</pin_list>
<bind>
<StgValue><ssdm name=""/></StgValue>
</bind>
</comp>

<comp id="88" class="1001" name="const_88">
<pin_list>
<pin id="89" dir="1" index="0" bw="1" slack="2147483647"/>
</pin_list>
<bind>
<StgValue><ssdm name="p_str26"/></StgValue>
</bind>
</comp>

<comp id="90" class="1001" name="const_90">
<pin_list>
<pin id="91" dir="1" index="0" bw="1" slack="2147483647"/>
</pin_list>
<bind>
<StgValue><ssdm name="_ssdm_op_SpecRegionEnd"/></StgValue>
</bind>
</comp>

<comp id="92" class="1001" name="const_92">
<pin_list>
<pin id="93" dir="1" index="0" bw="1" slack="0"/>
</pin_list>
<bind>
<StgValue><ssdm name="_ssdm_op_BitConcatenate.i19.i16.i3"/></StgValue>
</bind>
</comp>

<comp id="94" class="1001" name="const_94">
<pin_list>
<pin id="95" dir="1" index="0" bw="1" slack="0"/>
</pin_list>
<bind>
<StgValue><ssdm name=""/></StgValue>
</bind>
</comp>

<comp id="96" class="1001" name="const_96">
<pin_list>
<pin id="97" dir="1" index="0" bw="1" slack="2147483647"/>
</pin_list>
<bind>
<StgValue><ssdm name="_ssdm_op_SpecLoopName"/></StgValue>
</bind>
</comp>

<comp id="98" class="1001" name="const_98">
<pin_list>
<pin id="99" dir="1" index="0" bw="1" slack="2147483647"/>
</pin_list>
<bind>
<StgValue><ssdm name="p_str19"/></StgValue>
</bind>
</comp>

<comp id="100" class="1001" name="const_100">
<pin_list>
<pin id="101" dir="1" index="0" bw="1" slack="2147483647"/>
</pin_list>
<bind>
<StgValue><ssdm name="p_str20"/></StgValue>
</bind>
</comp>

<comp id="102" class="1001" name="const_102">
<pin_list>
<pin id="103" dir="1" index="0" bw="1" slack="0"/>
</pin_list>
<bind>
<StgValue><ssdm name=""/></StgValue>
</bind>
</comp>

<comp id="104" class="1001" name="const_104">
<pin_list>
<pin id="105" dir="1" index="0" bw="1" slack="2147483647"/>
</pin_list>
<bind>
<StgValue><ssdm name="p_str25"/></StgValue>
</bind>
</comp>

<comp id="106" class="1004" name="data_2_V_read_4_read_fu_106">
<pin_list>
<pin id="107" dir="0" index="0" bw="16" slack="0"/>
<pin id="108" dir="0" index="1" bw="16" slack="0"/>
<pin id="109" dir="1" index="2" bw="16" slack="0"/>
</pin_list>
<bind>
<opcode="read(1150) " fcode="read"/>
<opset="data_2_V_read_4/1 "/>
</bind>
</comp>

<comp id="112" class="1004" name="data_1_V_read_6_read_fu_112">
<pin_list>
<pin id="113" dir="0" index="0" bw="16" slack="0"/>
<pin id="114" dir="0" index="1" bw="16" slack="0"/>
<pin id="115" dir="1" index="2" bw="16" slack="0"/>
</pin_list>
<bind>
<opcode="read(1150) " fcode="read"/>
<opset="data_1_V_read_6/1 "/>
</bind>
</comp>

<comp id="118" class="1004" name="data_6_V_read_6_read_fu_118">
<pin_list>
<pin id="119" dir="0" index="0" bw="16" slack="0"/>
<pin id="120" dir="0" index="1" bw="16" slack="0"/>
<pin id="121" dir="1" index="2" bw="16" slack="0"/>
</pin_list>
<bind>
<opcode="read(1150) " fcode="read"/>
<opset="data_6_V_read_6/2 "/>
</bind>
</comp>

<comp id="124" class="1004" name="data_4_V_read_6_read_fu_124">
<pin_list>
<pin id="125" dir="0" index="0" bw="16" slack="0"/>
<pin id="126" dir="0" index="1" bw="16" slack="0"/>
<pin id="127" dir="1" index="2" bw="16" slack="0"/>
</pin_list>
<bind>
<opcode="read(1150) " fcode="read"/>
<opset="data_4_V_read_6/2 "/>
</bind>
</comp>

<comp id="130" class="1004" name="data_9_V_read_6_read_fu_130">
<pin_list>
<pin id="131" dir="0" index="0" bw="16" slack="0"/>
<pin id="132" dir="0" index="1" bw="16" slack="0"/>
<pin id="133" dir="1" index="2" bw="16" slack="0"/>
</pin_list>
<bind>
<opcode="read(1150) " fcode="read"/>
<opset="data_9_V_read_6/3 "/>
</bind>
</comp>

<comp id="136" class="1004" name="data_7_V_read_6_read_fu_136">
<pin_list>
<pin id="137" dir="0" index="0" bw="16" slack="0"/>
<pin id="138" dir="0" index="1" bw="16" slack="0"/>
<pin id="139" dir="1" index="2" bw="16" slack="0"/>
</pin_list>
<bind>
<opcode="read(1150) " fcode="read"/>
<opset="data_7_V_read_6/3 "/>
</bind>
</comp>

<comp id="142" class="1004" name="data_3_V_read_5_read_fu_142">
<pin_list>
<pin id="143" dir="0" index="0" bw="16" slack="0"/>
<pin id="144" dir="0" index="1" bw="16" slack="0"/>
<pin id="145" dir="1" index="2" bw="16" slack="0"/>
</pin_list>
<bind>
<opcode="read(1150) " fcode="read"/>
<opset="data_3_V_read_5/3 "/>
</bind>
</comp>

<comp id="148" class="1004" name="data_0_V_read_6_read_fu_148">
<pin_list>
<pin id="149" dir="0" index="0" bw="16" slack="0"/>
<pin id="150" dir="0" index="1" bw="16" slack="0"/>
<pin id="151" dir="1" index="2" bw="16" slack="0"/>
</pin_list>
<bind>
<opcode="read(1150) " fcode="read"/>
<opset="data_0_V_read_6/3 "/>
</bind>
</comp>

<comp id="154" class="1004" name="data_8_V_read_6_read_fu_154">
<pin_list>
<pin id="155" dir="0" index="0" bw="16" slack="0"/>
<pin id="156" dir="0" index="1" bw="16" slack="0"/>
<pin id="157" dir="1" index="2" bw="16" slack="0"/>
</pin_list>
<bind>
<opcode="read(1150) " fcode="read"/>
<opset="data_8_V_read_6/4 "/>
</bind>
</comp>

<comp id="160" class="1004" name="data_5_V_read_6_read_fu_160">
<pin_list>
<pin id="161" dir="0" index="0" bw="16" slack="0"/>
<pin id="162" dir="0" index="1" bw="16" slack="0"/>
<pin id="163" dir="1" index="2" bw="16" slack="0"/>
</pin_list>
<bind>
<opcode="read(1150) " fcode="read"/>
<opset="data_5_V_read_6/4 "/>
</bind>
</comp>

<comp id="166" class="1004" name="grp_fu_166">
<pin_list>
<pin id="184" dir="0" index="0" bw="16" slack="0"/>
<pin id="185" dir="0" index="1" bw="9" slack="0"/>
<pin id="186" dir="1" index="2" bw="24" slack="0"/>
</pin_list>
<bind>
<opcode="mul(12) " fcode="mul"/>
<opset="mul_ln1118/1 mul_ln1118_72/2 mul_ln1118_74/3 "/>
</bind>
</comp>

<comp id="167" class="1004" name="grp_fu_167">
<pin_list>
<pin id="188" dir="0" index="0" bw="16" slack="0"/>
<pin id="189" dir="0" index="1" bw="9" slack="0"/>
<pin id="190" dir="1" index="2" bw="24" slack="0"/>
</pin_list>
<bind>
<opcode="mul(12) " fcode="mul"/>
<opset="mul_ln1118_71/1 mul_ln1118_73/2 "/>
</bind>
</comp>

<comp id="217" class="1004" name="grp_fu_217">
<pin_list>
<pin id="218" dir="0" index="0" bw="16" slack="0"/>
<pin id="219" dir="0" index="1" bw="24" slack="0"/>
<pin id="220" dir="0" index="2" bw="5" slack="0"/>
<pin id="221" dir="0" index="3" bw="6" slack="0"/>
<pin id="222" dir="1" index="4" bw="16" slack="1"/>
</pin_list>
<bind>
<opcode="partselect(1002) " fcode="partselect"/>
<opset="trunc_ln708_1/1 trunc_ln708_4/2 trunc_ln708_7/3 "/>
</bind>
</comp>

<comp id="227" class="1005" name="reg_227">
<pin_list>
<pin id="228" dir="0" index="0" bw="16" slack="1"/>
<pin id="229" dir="1" index="1" bw="16" slack="1"/>
</pin_list>
<bind>
<opset="trunc_ln708_1 trunc_ln708_7 "/>
</bind>
</comp>

<comp id="231" class="1004" name="sext_ln1118_66_fu_231">
<pin_list>
<pin id="232" dir="0" index="0" bw="16" slack="0"/>
<pin id="233" dir="1" index="1" bw="24" slack="0"/>
</pin_list>
<bind>
<opcode="sext(35) " fcode="sext"/>
<opset="sext_ln1118_66/1 "/>
</bind>
</comp>

<comp id="236" class="1004" name="sext_ln1118_67_fu_236">
<pin_list>
<pin id="237" dir="0" index="0" bw="16" slack="0"/>
<pin id="238" dir="1" index="1" bw="23" slack="0"/>
</pin_list>
<bind>
<opcode="sext(35) " fcode="sext"/>
<opset="sext_ln1118_67/1 "/>
</bind>
</comp>

<comp id="241" class="1004" name="trunc_ln708_s_fu_241">
<pin_list>
<pin id="242" dir="0" index="0" bw="15" slack="0"/>
<pin id="243" dir="0" index="1" bw="23" slack="0"/>
<pin id="244" dir="0" index="2" bw="5" slack="0"/>
<pin id="245" dir="0" index="3" bw="6" slack="0"/>
<pin id="246" dir="1" index="4" bw="15" slack="2"/>
</pin_list>
<bind>
<opcode="partselect(1002) " fcode="partselect"/>
<opset="trunc_ln708_s/1 "/>
</bind>
</comp>

<comp id="251" class="1004" name="sext_ln1118_70_fu_251">
<pin_list>
<pin id="252" dir="0" index="0" bw="16" slack="0"/>
<pin id="253" dir="1" index="1" bw="24" slack="0"/>
</pin_list>
<bind>
<opcode="sext(35) " fcode="sext"/>
<opset="sext_ln1118_70/2 "/>
</bind>
</comp>

<comp id="256" class="1004" name="sext_ln1118_73_fu_256">
<pin_list>
<pin id="257" dir="0" index="0" bw="16" slack="0"/>
<pin id="258" dir="1" index="1" bw="24" slack="0"/>
</pin_list>
<bind>
<opcode="sext(35) " fcode="sext"/>
<opset="sext_ln1118_73/2 "/>
</bind>
</comp>

<comp id="261" class="1004" name="trunc_ln708_6_fu_261">
<pin_list>
<pin id="262" dir="0" index="0" bw="16" slack="0"/>
<pin id="263" dir="0" index="1" bw="24" slack="0"/>
<pin id="264" dir="0" index="2" bw="5" slack="0"/>
<pin id="265" dir="0" index="3" bw="6" slack="0"/>
<pin id="266" dir="1" index="4" bw="16" slack="2"/>
</pin_list>
<bind>
<opcode="partselect(1002) " fcode="partselect"/>
<opset="trunc_ln708_6/2 "/>
</bind>
</comp>

<comp id="271" class="1004" name="shl_ln_fu_271">
<pin_list>
<pin id="272" dir="0" index="0" bw="23" slack="0"/>
<pin id="273" dir="0" index="1" bw="16" slack="0"/>
<pin id="274" dir="0" index="2" bw="1" slack="0"/>
<pin id="275" dir="1" index="3" bw="23" slack="0"/>
</pin_list>
<bind>
<opcode="bitconcatenate(1004) " fcode="bitconcatenate"/>
<opset="shl_ln/3 "/>
</bind>
</comp>

<comp id="279" class="1004" name="sext_ln1118_fu_279">
<pin_list>
<pin id="280" dir="0" index="0" bw="23" slack="0"/>
<pin id="281" dir="1" index="1" bw="24" slack="0"/>
</pin_list>
<bind>
<opcode="sext(35) " fcode="sext"/>
<opset="sext_ln1118/3 "/>
</bind>
</comp>

<comp id="283" class="1004" name="sub_ln1118_fu_283">
<pin_list>
<pin id="284" dir="0" index="0" bw="1" slack="0"/>
<pin id="285" dir="0" index="1" bw="23" slack="0"/>
<pin id="286" dir="1" index="2" bw="24" slack="0"/>
</pin_list>
<bind>
<opcode="sub(10) " fcode="sub"/>
<opset="sub_ln1118/3 "/>
</bind>
</comp>

<comp id="289" class="1004" name="shl_ln1118_s_fu_289">
<pin_list>
<pin id="290" dir="0" index="0" bw="21" slack="0"/>
<pin id="291" dir="0" index="1" bw="16" slack="0"/>
<pin id="292" dir="0" index="2" bw="1" slack="0"/>
<pin id="293" dir="1" index="3" bw="21" slack="0"/>
</pin_list>
<bind>
<opcode="bitconcatenate(1004) " fcode="bitconcatenate"/>
<opset="shl_ln1118_s/3 "/>
</bind>
</comp>

<comp id="297" class="1004" name="sext_ln1118_65_fu_297">
<pin_list>
<pin id="298" dir="0" index="0" bw="21" slack="0"/>
<pin id="299" dir="1" index="1" bw="24" slack="0"/>
</pin_list>
<bind>
<opcode="sext(35) " fcode="sext"/>
<opset="sext_ln1118_65/3 "/>
</bind>
</comp>

<comp id="301" class="1004" name="sub_ln1118_22_fu_301">
<pin_list>
<pin id="302" dir="0" index="0" bw="24" slack="0"/>
<pin id="303" dir="0" index="1" bw="21" slack="0"/>
<pin id="304" dir="1" index="2" bw="24" slack="0"/>
</pin_list>
<bind>
<opcode="sub(10) " fcode="sub"/>
<opset="sub_ln1118_22/3 "/>
</bind>
</comp>

<comp id="307" class="1004" name="trunc_ln_fu_307">
<pin_list>
<pin id="308" dir="0" index="0" bw="16" slack="0"/>
<pin id="309" dir="0" index="1" bw="24" slack="0"/>
<pin id="310" dir="0" index="2" bw="5" slack="0"/>
<pin id="311" dir="0" index="3" bw="6" slack="0"/>
<pin id="312" dir="1" index="4" bw="16" slack="0"/>
</pin_list>
<bind>
<opcode="partselect(1002) " fcode="partselect"/>
<opset="trunc_ln/3 "/>
</bind>
</comp>

<comp id="317" class="1004" name="sext_ln708_fu_317">
<pin_list>
<pin id="318" dir="0" index="0" bw="15" slack="2"/>
<pin id="319" dir="1" index="1" bw="16" slack="0"/>
</pin_list>
<bind>
<opcode="sext(35) " fcode="sext"/>
<opset="sext_ln708/3 "/>
</bind>
</comp>

<comp id="320" class="1004" name="shl_ln1118_37_fu_320">
<pin_list>
<pin id="321" dir="0" index="0" bw="22" slack="0"/>
<pin id="322" dir="0" index="1" bw="16" slack="0"/>
<pin id="323" dir="0" index="2" bw="1" slack="0"/>
<pin id="324" dir="1" index="3" bw="22" slack="0"/>
</pin_list>
<bind>
<opcode="bitconcatenate(1004) " fcode="bitconcatenate"/>
<opset="shl_ln1118_37/3 "/>
</bind>
</comp>

<comp id="328" class="1004" name="sext_ln1118_68_fu_328">
<pin_list>
<pin id="329" dir="0" index="0" bw="22" slack="0"/>
<pin id="330" dir="1" index="1" bw="23" slack="0"/>
</pin_list>
<bind>
<opcode="sext(35) " fcode="sext"/>
<opset="sext_ln1118_68/3 "/>
</bind>
</comp>

<comp id="332" class="1004" name="sub_ln1118_23_fu_332">
<pin_list>
<pin id="333" dir="0" index="0" bw="1" slack="0"/>
<pin id="334" dir="0" index="1" bw="22" slack="0"/>
<pin id="335" dir="1" index="2" bw="23" slack="0"/>
</pin_list>
<bind>
<opcode="sub(10) " fcode="sub"/>
<opset="sub_ln1118_23/3 "/>
</bind>
</comp>

<comp id="338" class="1004" name="shl_ln1118_38_fu_338">
<pin_list>
<pin id="339" dir="0" index="0" bw="17" slack="0"/>
<pin id="340" dir="0" index="1" bw="16" slack="0"/>
<pin id="341" dir="0" index="2" bw="1" slack="0"/>
<pin id="342" dir="1" index="3" bw="17" slack="0"/>
</pin_list>
<bind>
<opcode="bitconcatenate(1004) " fcode="bitconcatenate"/>
<opset="shl_ln1118_38/3 "/>
</bind>
</comp>

<comp id="346" class="1004" name="sext_ln1118_69_fu_346">
<pin_list>
<pin id="347" dir="0" index="0" bw="17" slack="0"/>
<pin id="348" dir="1" index="1" bw="23" slack="0"/>
</pin_list>
<bind>
<opcode="sext(35) " fcode="sext"/>
<opset="sext_ln1118_69/3 "/>
</bind>
</comp>

<comp id="350" class="1004" name="sub_ln1118_24_fu_350">
<pin_list>
<pin id="351" dir="0" index="0" bw="23" slack="0"/>
<pin id="352" dir="0" index="1" bw="17" slack="0"/>
<pin id="353" dir="1" index="2" bw="23" slack="0"/>
</pin_list>
<bind>
<opcode="sub(10) " fcode="sub"/>
<opset="sub_ln1118_24/3 "/>
</bind>
</comp>

<comp id="356" class="1004" name="trunc_ln708_24_fu_356">
<pin_list>
<pin id="357" dir="0" index="0" bw="15" slack="0"/>
<pin id="358" dir="0" index="1" bw="23" slack="0"/>
<pin id="359" dir="0" index="2" bw="5" slack="0"/>
<pin id="360" dir="0" index="3" bw="6" slack="0"/>
<pin id="361" dir="1" index="4" bw="15" slack="0"/>
</pin_list>
<bind>
<opcode="partselect(1002) " fcode="partselect"/>
<opset="trunc_ln708_24/3 "/>
</bind>
</comp>

<comp id="366" class="1004" name="sext_ln708_1_fu_366">
<pin_list>
<pin id="367" dir="0" index="0" bw="15" slack="0"/>
<pin id="368" dir="1" index="1" bw="16" slack="0"/>
</pin_list>
<bind>
<opcode="sext(35) " fcode="sext"/>
<opset="sext_ln708_1/3 "/>
</bind>
</comp>

<comp id="370" class="1004" name="sext_ln1118_74_fu_370">
<pin_list>
<pin id="371" dir="0" index="0" bw="16" slack="0"/>
<pin id="372" dir="1" index="1" bw="24" slack="0"/>
</pin_list>
<bind>
<opcode="sext(35) " fcode="sext"/>
<opset="sext_ln1118_74/3 "/>
</bind>
</comp>

<comp id="375" class="1004" name="shl_ln1118_42_fu_375">
<pin_list>
<pin id="376" dir="0" index="0" bw="21" slack="0"/>
<pin id="377" dir="0" index="1" bw="16" slack="0"/>
<pin id="378" dir="0" index="2" bw="1" slack="0"/>
<pin id="379" dir="1" index="3" bw="21" slack="0"/>
</pin_list>
<bind>
<opcode="bitconcatenate(1004) " fcode="bitconcatenate"/>
<opset="shl_ln1118_42/3 "/>
</bind>
</comp>

<comp id="383" class="1004" name="sext_ln1118_77_fu_383">
<pin_list>
<pin id="384" dir="0" index="0" bw="21" slack="0"/>
<pin id="385" dir="1" index="1" bw="22" slack="0"/>
</pin_list>
<bind>
<opcode="sext(35) " fcode="sext"/>
<opset="sext_ln1118_77/3 "/>
</bind>
</comp>

<comp id="387" class="1004" name="shl_ln1118_43_fu_387">
<pin_list>
<pin id="388" dir="0" index="0" bw="18" slack="0"/>
<pin id="389" dir="0" index="1" bw="16" slack="0"/>
<pin id="390" dir="0" index="2" bw="1" slack="0"/>
<pin id="391" dir="1" index="3" bw="18" slack="0"/>
</pin_list>
<bind>
<opcode="bitconcatenate(1004) " fcode="bitconcatenate"/>
<opset="shl_ln1118_43/3 "/>
</bind>
</comp>

<comp id="395" class="1004" name="sext_ln1118_78_fu_395">
<pin_list>
<pin id="396" dir="0" index="0" bw="18" slack="0"/>
<pin id="397" dir="1" index="1" bw="22" slack="0"/>
</pin_list>
<bind>
<opcode="sext(35) " fcode="sext"/>
<opset="sext_ln1118_78/3 "/>
</bind>
</comp>

<comp id="399" class="1004" name="sub_ln1118_28_fu_399">
<pin_list>
<pin id="400" dir="0" index="0" bw="18" slack="0"/>
<pin id="401" dir="0" index="1" bw="21" slack="0"/>
<pin id="402" dir="1" index="2" bw="22" slack="0"/>
</pin_list>
<bind>
<opcode="sub(10) " fcode="sub"/>
<opset="sub_ln1118_28/3 "/>
</bind>
</comp>

<comp id="405" class="1004" name="trunc_ln708_26_fu_405">
<pin_list>
<pin id="406" dir="0" index="0" bw="14" slack="0"/>
<pin id="407" dir="0" index="1" bw="22" slack="0"/>
<pin id="408" dir="0" index="2" bw="5" slack="0"/>
<pin id="409" dir="0" index="3" bw="6" slack="0"/>
<pin id="410" dir="1" index="4" bw="14" slack="1"/>
</pin_list>
<bind>
<opcode="partselect(1002) " fcode="partselect"/>
<opset="trunc_ln708_26/3 "/>
</bind>
</comp>

<comp id="415" class="1004" name="add_ln703_fu_415">
<pin_list>
<pin id="416" dir="0" index="0" bw="16" slack="2"/>
<pin id="417" dir="0" index="1" bw="15" slack="0"/>
<pin id="418" dir="1" index="2" bw="16" slack="1"/>
</pin_list>
<bind>
<opcode="add(8) " fcode="add"/>
<opset="add_ln703/3 "/>
</bind>
</comp>

<comp id="421" class="1004" name="add_ln703_118_fu_421">
<pin_list>
<pin id="422" dir="0" index="0" bw="16" slack="1"/>
<pin id="423" dir="0" index="1" bw="15" slack="0"/>
<pin id="424" dir="1" index="2" bw="16" slack="0"/>
</pin_list>
<bind>
<opcode="add(8) " fcode="add"/>
<opset="add_ln703_118/3 "/>
</bind>
</comp>

<comp id="426" class="1004" name="add_ln703_119_fu_426">
<pin_list>
<pin id="427" dir="0" index="0" bw="16" slack="0"/>
<pin id="428" dir="0" index="1" bw="16" slack="0"/>
<pin id="429" dir="1" index="2" bw="16" slack="1"/>
</pin_list>
<bind>
<opcode="add(8) " fcode="add"/>
<opset="add_ln703_119/3 "/>
</bind>
</comp>

<comp id="432" class="1004" name="sext_ln1118_71_fu_432">
<pin_list>
<pin id="433" dir="0" index="0" bw="16" slack="0"/>
<pin id="434" dir="1" index="1" bw="24" slack="0"/>
</pin_list>
<bind>
<opcode="sext(35) " fcode="sext"/>
<opset="sext_ln1118_71/4 "/>
</bind>
</comp>

<comp id="436" class="1004" name="shl_ln1118_39_fu_436">
<pin_list>
<pin id="437" dir="0" index="0" bw="23" slack="0"/>
<pin id="438" dir="0" index="1" bw="16" slack="0"/>
<pin id="439" dir="0" index="2" bw="1" slack="0"/>
<pin id="440" dir="1" index="3" bw="23" slack="0"/>
</pin_list>
<bind>
<opcode="bitconcatenate(1004) " fcode="bitconcatenate"/>
<opset="shl_ln1118_39/4 "/>
</bind>
</comp>

<comp id="444" class="1004" name="sext_ln1118_72_fu_444">
<pin_list>
<pin id="445" dir="0" index="0" bw="23" slack="0"/>
<pin id="446" dir="1" index="1" bw="24" slack="0"/>
</pin_list>
<bind>
<opcode="sext(35) " fcode="sext"/>
<opset="sext_ln1118_72/4 "/>
</bind>
</comp>

<comp id="448" class="1004" name="sub_ln1118_25_fu_448">
<pin_list>
<pin id="449" dir="0" index="0" bw="1" slack="0"/>
<pin id="450" dir="0" index="1" bw="23" slack="0"/>
<pin id="451" dir="1" index="2" bw="24" slack="0"/>
</pin_list>
<bind>
<opcode="sub(10) " fcode="sub"/>
<opset="sub_ln1118_25/4 "/>
</bind>
</comp>

<comp id="454" class="1004" name="sub_ln1118_26_fu_454">
<pin_list>
<pin id="455" dir="0" index="0" bw="24" slack="0"/>
<pin id="456" dir="0" index="1" bw="16" slack="0"/>
<pin id="457" dir="1" index="2" bw="24" slack="0"/>
</pin_list>
<bind>
<opcode="sub(10) " fcode="sub"/>
<opset="sub_ln1118_26/4 "/>
</bind>
</comp>

<comp id="460" class="1004" name="trunc_ln708_5_fu_460">
<pin_list>
<pin id="461" dir="0" index="0" bw="16" slack="0"/>
<pin id="462" dir="0" index="1" bw="24" slack="0"/>
<pin id="463" dir="0" index="2" bw="5" slack="0"/>
<pin id="464" dir="0" index="3" bw="6" slack="0"/>
<pin id="465" dir="1" index="4" bw="16" slack="0"/>
</pin_list>
<bind>
<opcode="partselect(1002) " fcode="partselect"/>
<opset="trunc_ln708_5/4 "/>
</bind>
</comp>

<comp id="470" class="1004" name="shl_ln1118_40_fu_470">
<pin_list>
<pin id="471" dir="0" index="0" bw="22" slack="0"/>
<pin id="472" dir="0" index="1" bw="16" slack="0"/>
<pin id="473" dir="0" index="2" bw="1" slack="0"/>
<pin id="474" dir="1" index="3" bw="22" slack="0"/>
</pin_list>
<bind>
<opcode="bitconcatenate(1004) " fcode="bitconcatenate"/>
<opset="shl_ln1118_40/4 "/>
</bind>
</comp>

<comp id="478" class="1004" name="sext_ln1118_75_fu_478">
<pin_list>
<pin id="479" dir="0" index="0" bw="22" slack="0"/>
<pin id="480" dir="1" index="1" bw="23" slack="0"/>
</pin_list>
<bind>
<opcode="sext(35) " fcode="sext"/>
<opset="sext_ln1118_75/4 "/>
</bind>
</comp>

<comp id="482" class="1004" name="shl_ln1118_41_fu_482">
<pin_list>
<pin id="483" dir="0" index="0" bw="19" slack="0"/>
<pin id="484" dir="0" index="1" bw="16" slack="0"/>
<pin id="485" dir="0" index="2" bw="1" slack="0"/>
<pin id="486" dir="1" index="3" bw="19" slack="0"/>
</pin_list>
<bind>
<opcode="bitconcatenate(1004) " fcode="bitconcatenate"/>
<opset="shl_ln1118_41/4 "/>
</bind>
</comp>

<comp id="490" class="1004" name="sext_ln1118_76_fu_490">
<pin_list>
<pin id="491" dir="0" index="0" bw="19" slack="0"/>
<pin id="492" dir="1" index="1" bw="23" slack="0"/>
</pin_list>
<bind>
<opcode="sext(35) " fcode="sext"/>
<opset="sext_ln1118_76/4 "/>
</bind>
</comp>

<comp id="494" class="1004" name="sub_ln1118_27_fu_494">
<pin_list>
<pin id="495" dir="0" index="0" bw="19" slack="0"/>
<pin id="496" dir="0" index="1" bw="22" slack="0"/>
<pin id="497" dir="1" index="2" bw="23" slack="0"/>
</pin_list>
<bind>
<opcode="sub(10) " fcode="sub"/>
<opset="sub_ln1118_27/4 "/>
</bind>
</comp>

<comp id="500" class="1004" name="trunc_ln708_25_fu_500">
<pin_list>
<pin id="501" dir="0" index="0" bw="15" slack="0"/>
<pin id="502" dir="0" index="1" bw="23" slack="0"/>
<pin id="503" dir="0" index="2" bw="5" slack="0"/>
<pin id="504" dir="0" index="3" bw="6" slack="0"/>
<pin id="505" dir="1" index="4" bw="15" slack="0"/>
</pin_list>
<bind>
<opcode="partselect(1002) " fcode="partselect"/>
<opset="trunc_ln708_25/4 "/>
</bind>
</comp>

<comp id="510" class="1004" name="sext_ln708_2_fu_510">
<pin_list>
<pin id="511" dir="0" index="0" bw="15" slack="0"/>
<pin id="512" dir="1" index="1" bw="16" slack="0"/>
</pin_list>
<bind>
<opcode="sext(35) " fcode="sext"/>
<opset="sext_ln708_2/4 "/>
</bind>
</comp>

<comp id="514" class="1004" name="sext_ln708_3_fu_514">
<pin_list>
<pin id="515" dir="0" index="0" bw="14" slack="1"/>
<pin id="516" dir="1" index="1" bw="16" slack="0"/>
</pin_list>
<bind>
<opcode="sext(35) " fcode="sext"/>
<opset="sext_ln708_3/4 "/>
</bind>
</comp>

<comp id="517" class="1004" name="add_ln703_115_fu_517">
<pin_list>
<pin id="518" dir="0" index="0" bw="14" slack="0"/>
<pin id="519" dir="0" index="1" bw="16" slack="1"/>
<pin id="520" dir="1" index="2" bw="16" slack="0"/>
</pin_list>
<bind>
<opcode="add(8) " fcode="add"/>
<opset="add_ln703_115/4 "/>
</bind>
</comp>

<comp id="523" class="1004" name="add_ln703_116_fu_523">
<pin_list>
<pin id="524" dir="0" index="0" bw="16" slack="0"/>
<pin id="525" dir="0" index="1" bw="16" slack="0"/>
<pin id="526" dir="1" index="2" bw="16" slack="0"/>
</pin_list>
<bind>
<opcode="add(8) " fcode="add"/>
<opset="add_ln703_116/4 "/>
</bind>
</comp>

<comp id="529" class="1004" name="add_ln703_117_fu_529">
<pin_list>
<pin id="530" dir="0" index="0" bw="16" slack="1"/>
<pin id="531" dir="0" index="1" bw="16" slack="0"/>
<pin id="532" dir="1" index="2" bw="16" slack="0"/>
</pin_list>
<bind>
<opcode="add(8) " fcode="add"/>
<opset="add_ln703_117/4 "/>
</bind>
</comp>

<comp id="534" class="1004" name="add_ln703_120_fu_534">
<pin_list>
<pin id="535" dir="0" index="0" bw="15" slack="0"/>
<pin id="536" dir="0" index="1" bw="6" slack="0"/>
<pin id="537" dir="1" index="2" bw="16" slack="0"/>
</pin_list>
<bind>
<opcode="add(8) " fcode="add"/>
<opset="add_ln703_120/4 "/>
</bind>
</comp>

<comp id="540" class="1004" name="add_ln703_121_fu_540">
<pin_list>
<pin id="541" dir="0" index="0" bw="16" slack="2"/>
<pin id="542" dir="0" index="1" bw="16" slack="0"/>
<pin id="543" dir="1" index="2" bw="16" slack="0"/>
</pin_list>
<bind>
<opcode="add(8) " fcode="add"/>
<opset="add_ln703_121/4 "/>
</bind>
</comp>

<comp id="545" class="1004" name="add_ln703_122_fu_545">
<pin_list>
<pin id="546" dir="0" index="0" bw="16" slack="1"/>
<pin id="547" dir="0" index="1" bw="16" slack="0"/>
<pin id="548" dir="1" index="2" bw="16" slack="0"/>
</pin_list>
<bind>
<opcode="add(8) " fcode="add"/>
<opset="add_ln703_122/4 "/>
</bind>
</comp>

<comp id="550" class="1004" name="add_ln703_123_fu_550">
<pin_list>
<pin id="551" dir="0" index="0" bw="16" slack="0"/>
<pin id="552" dir="0" index="1" bw="16" slack="0"/>
<pin id="553" dir="1" index="2" bw="16" slack="2147483647"/>
</pin_list>
<bind>
<opcode="add(8) " fcode="add"/>
<opset="add_ln703_123/4 "/>
</bind>
</comp>

<comp id="556" class="1005" name="trunc_ln708_s_reg_556">
<pin_list>
<pin id="557" dir="0" index="0" bw="15" slack="2"/>
<pin id="558" dir="1" index="1" bw="15" slack="2"/>
</pin_list>
<bind>
<opset="trunc_ln708_s "/>
</bind>
</comp>

<comp id="561" class="1005" name="trunc_ln708_4_reg_561">
<pin_list>
<pin id="562" dir="0" index="0" bw="16" slack="1"/>
<pin id="563" dir="1" index="1" bw="16" slack="1"/>
</pin_list>
<bind>
<opset="trunc_ln708_4 "/>
</bind>
</comp>

<comp id="566" class="1005" name="trunc_ln708_6_reg_566">
<pin_list>
<pin id="567" dir="0" index="0" bw="16" slack="2"/>
<pin id="568" dir="1" index="1" bw="16" slack="2"/>
</pin_list>
<bind>
<opset="trunc_ln708_6 "/>
</bind>
</comp>

<comp id="571" class="1005" name="trunc_ln708_26_reg_571">
<pin_list>
<pin id="572" dir="0" index="0" bw="14" slack="1"/>
<pin id="573" dir="1" index="1" bw="14" slack="1"/>
</pin_list>
<bind>
<opset="trunc_ln708_26 "/>
</bind>
</comp>

<comp id="576" class="1005" name="add_ln703_reg_576">
<pin_list>
<pin id="577" dir="0" index="0" bw="16" slack="1"/>
<pin id="578" dir="1" index="1" bw="16" slack="1"/>
</pin_list>
<bind>
<opset="add_ln703 "/>
</bind>
</comp>

<comp id="581" class="1005" name="add_ln703_119_reg_581">
<pin_list>
<pin id="582" dir="0" index="0" bw="16" slack="1"/>
<pin id="583" dir="1" index="1" bw="16" slack="1"/>
</pin_list>
<bind>
<opset="add_ln703_119 "/>
</bind>
</comp>

</comp_list>

<net_list>
<net id="110"><net_src comp="20" pin="0"/><net_sink comp="106" pin=0"/></net>

<net id="111"><net_src comp="4" pin="0"/><net_sink comp="106" pin=1"/></net>

<net id="116"><net_src comp="20" pin="0"/><net_sink comp="112" pin=0"/></net>

<net id="117"><net_src comp="2" pin="0"/><net_sink comp="112" pin=1"/></net>

<net id="122"><net_src comp="20" pin="0"/><net_sink comp="118" pin=0"/></net>

<net id="123"><net_src comp="12" pin="0"/><net_sink comp="118" pin=1"/></net>

<net id="128"><net_src comp="20" pin="0"/><net_sink comp="124" pin=0"/></net>

<net id="129"><net_src comp="8" pin="0"/><net_sink comp="124" pin=1"/></net>

<net id="134"><net_src comp="20" pin="0"/><net_sink comp="130" pin=0"/></net>

<net id="135"><net_src comp="18" pin="0"/><net_sink comp="130" pin=1"/></net>

<net id="140"><net_src comp="20" pin="0"/><net_sink comp="136" pin=0"/></net>

<net id="141"><net_src comp="14" pin="0"/><net_sink comp="136" pin=1"/></net>

<net id="146"><net_src comp="20" pin="0"/><net_sink comp="142" pin=0"/></net>

<net id="147"><net_src comp="6" pin="0"/><net_sink comp="142" pin=1"/></net>

<net id="152"><net_src comp="20" pin="0"/><net_sink comp="148" pin=0"/></net>

<net id="153"><net_src comp="0" pin="0"/><net_sink comp="148" pin=1"/></net>

<net id="158"><net_src comp="20" pin="0"/><net_sink comp="154" pin=0"/></net>

<net id="159"><net_src comp="16" pin="0"/><net_sink comp="154" pin=1"/></net>

<net id="164"><net_src comp="20" pin="0"/><net_sink comp="160" pin=0"/></net>

<net id="165"><net_src comp="10" pin="0"/><net_sink comp="160" pin=1"/></net>

<net id="187"><net_src comp="22" pin="0"/><net_sink comp="166" pin=1"/></net>

<net id="191"><net_src comp="30" pin="0"/><net_sink comp="167" pin=1"/></net>

<net id="202"><net_src comp="36" pin="0"/><net_sink comp="166" pin=1"/></net>

<net id="203"><net_src comp="38" pin="0"/><net_sink comp="167" pin=1"/></net>

<net id="212"><net_src comp="60" pin="0"/><net_sink comp="166" pin=1"/></net>

<net id="223"><net_src comp="24" pin="0"/><net_sink comp="217" pin=0"/></net>

<net id="224"><net_src comp="166" pin="2"/><net_sink comp="217" pin=1"/></net>

<net id="225"><net_src comp="26" pin="0"/><net_sink comp="217" pin=2"/></net>

<net id="226"><net_src comp="28" pin="0"/><net_sink comp="217" pin=3"/></net>

<net id="230"><net_src comp="217" pin="4"/><net_sink comp="227" pin=0"/></net>

<net id="234"><net_src comp="112" pin="2"/><net_sink comp="231" pin=0"/></net>

<net id="235"><net_src comp="231" pin="1"/><net_sink comp="166" pin=0"/></net>

<net id="239"><net_src comp="106" pin="2"/><net_sink comp="236" pin=0"/></net>

<net id="240"><net_src comp="236" pin="1"/><net_sink comp="167" pin=0"/></net>

<net id="247"><net_src comp="32" pin="0"/><net_sink comp="241" pin=0"/></net>

<net id="248"><net_src comp="167" pin="2"/><net_sink comp="241" pin=1"/></net>

<net id="249"><net_src comp="26" pin="0"/><net_sink comp="241" pin=2"/></net>

<net id="250"><net_src comp="34" pin="0"/><net_sink comp="241" pin=3"/></net>

<net id="254"><net_src comp="124" pin="2"/><net_sink comp="251" pin=0"/></net>

<net id="255"><net_src comp="251" pin="1"/><net_sink comp="166" pin=0"/></net>

<net id="259"><net_src comp="118" pin="2"/><net_sink comp="256" pin=0"/></net>

<net id="260"><net_src comp="256" pin="1"/><net_sink comp="167" pin=0"/></net>

<net id="267"><net_src comp="24" pin="0"/><net_sink comp="261" pin=0"/></net>

<net id="268"><net_src comp="167" pin="2"/><net_sink comp="261" pin=1"/></net>

<net id="269"><net_src comp="26" pin="0"/><net_sink comp="261" pin=2"/></net>

<net id="270"><net_src comp="28" pin="0"/><net_sink comp="261" pin=3"/></net>

<net id="276"><net_src comp="40" pin="0"/><net_sink comp="271" pin=0"/></net>

<net id="277"><net_src comp="148" pin="2"/><net_sink comp="271" pin=1"/></net>

<net id="278"><net_src comp="42" pin="0"/><net_sink comp="271" pin=2"/></net>

<net id="282"><net_src comp="271" pin="3"/><net_sink comp="279" pin=0"/></net>

<net id="287"><net_src comp="44" pin="0"/><net_sink comp="283" pin=0"/></net>

<net id="288"><net_src comp="279" pin="1"/><net_sink comp="283" pin=1"/></net>

<net id="294"><net_src comp="46" pin="0"/><net_sink comp="289" pin=0"/></net>

<net id="295"><net_src comp="148" pin="2"/><net_sink comp="289" pin=1"/></net>

<net id="296"><net_src comp="48" pin="0"/><net_sink comp="289" pin=2"/></net>

<net id="300"><net_src comp="289" pin="3"/><net_sink comp="297" pin=0"/></net>

<net id="305"><net_src comp="283" pin="2"/><net_sink comp="301" pin=0"/></net>

<net id="306"><net_src comp="297" pin="1"/><net_sink comp="301" pin=1"/></net>

<net id="313"><net_src comp="24" pin="0"/><net_sink comp="307" pin=0"/></net>

<net id="314"><net_src comp="301" pin="2"/><net_sink comp="307" pin=1"/></net>

<net id="315"><net_src comp="26" pin="0"/><net_sink comp="307" pin=2"/></net>

<net id="316"><net_src comp="28" pin="0"/><net_sink comp="307" pin=3"/></net>

<net id="325"><net_src comp="50" pin="0"/><net_sink comp="320" pin=0"/></net>

<net id="326"><net_src comp="142" pin="2"/><net_sink comp="320" pin=1"/></net>

<net id="327"><net_src comp="52" pin="0"/><net_sink comp="320" pin=2"/></net>

<net id="331"><net_src comp="320" pin="3"/><net_sink comp="328" pin=0"/></net>

<net id="336"><net_src comp="54" pin="0"/><net_sink comp="332" pin=0"/></net>

<net id="337"><net_src comp="328" pin="1"/><net_sink comp="332" pin=1"/></net>

<net id="343"><net_src comp="56" pin="0"/><net_sink comp="338" pin=0"/></net>

<net id="344"><net_src comp="142" pin="2"/><net_sink comp="338" pin=1"/></net>

<net id="345"><net_src comp="58" pin="0"/><net_sink comp="338" pin=2"/></net>

<net id="349"><net_src comp="338" pin="3"/><net_sink comp="346" pin=0"/></net>

<net id="354"><net_src comp="332" pin="2"/><net_sink comp="350" pin=0"/></net>

<net id="355"><net_src comp="346" pin="1"/><net_sink comp="350" pin=1"/></net>

<net id="362"><net_src comp="32" pin="0"/><net_sink comp="356" pin=0"/></net>

<net id="363"><net_src comp="350" pin="2"/><net_sink comp="356" pin=1"/></net>

<net id="364"><net_src comp="26" pin="0"/><net_sink comp="356" pin=2"/></net>

<net id="365"><net_src comp="34" pin="0"/><net_sink comp="356" pin=3"/></net>

<net id="369"><net_src comp="356" pin="4"/><net_sink comp="366" pin=0"/></net>

<net id="373"><net_src comp="136" pin="2"/><net_sink comp="370" pin=0"/></net>

<net id="374"><net_src comp="370" pin="1"/><net_sink comp="166" pin=0"/></net>

<net id="380"><net_src comp="46" pin="0"/><net_sink comp="375" pin=0"/></net>

<net id="381"><net_src comp="130" pin="2"/><net_sink comp="375" pin=1"/></net>

<net id="382"><net_src comp="48" pin="0"/><net_sink comp="375" pin=2"/></net>

<net id="386"><net_src comp="375" pin="3"/><net_sink comp="383" pin=0"/></net>

<net id="392"><net_src comp="62" pin="0"/><net_sink comp="387" pin=0"/></net>

<net id="393"><net_src comp="130" pin="2"/><net_sink comp="387" pin=1"/></net>

<net id="394"><net_src comp="64" pin="0"/><net_sink comp="387" pin=2"/></net>

<net id="398"><net_src comp="387" pin="3"/><net_sink comp="395" pin=0"/></net>

<net id="403"><net_src comp="395" pin="1"/><net_sink comp="399" pin=0"/></net>

<net id="404"><net_src comp="383" pin="1"/><net_sink comp="399" pin=1"/></net>

<net id="411"><net_src comp="66" pin="0"/><net_sink comp="405" pin=0"/></net>

<net id="412"><net_src comp="399" pin="2"/><net_sink comp="405" pin=1"/></net>

<net id="413"><net_src comp="26" pin="0"/><net_sink comp="405" pin=2"/></net>

<net id="414"><net_src comp="68" pin="0"/><net_sink comp="405" pin=3"/></net>

<net id="419"><net_src comp="227" pin="1"/><net_sink comp="415" pin=0"/></net>

<net id="420"><net_src comp="366" pin="1"/><net_sink comp="415" pin=1"/></net>

<net id="425"><net_src comp="317" pin="1"/><net_sink comp="421" pin=1"/></net>

<net id="430"><net_src comp="307" pin="4"/><net_sink comp="426" pin=0"/></net>

<net id="431"><net_src comp="421" pin="2"/><net_sink comp="426" pin=1"/></net>

<net id="435"><net_src comp="160" pin="2"/><net_sink comp="432" pin=0"/></net>

<net id="441"><net_src comp="40" pin="0"/><net_sink comp="436" pin=0"/></net>

<net id="442"><net_src comp="160" pin="2"/><net_sink comp="436" pin=1"/></net>

<net id="443"><net_src comp="42" pin="0"/><net_sink comp="436" pin=2"/></net>

<net id="447"><net_src comp="436" pin="3"/><net_sink comp="444" pin=0"/></net>

<net id="452"><net_src comp="44" pin="0"/><net_sink comp="448" pin=0"/></net>

<net id="453"><net_src comp="444" pin="1"/><net_sink comp="448" pin=1"/></net>

<net id="458"><net_src comp="448" pin="2"/><net_sink comp="454" pin=0"/></net>

<net id="459"><net_src comp="432" pin="1"/><net_sink comp="454" pin=1"/></net>

<net id="466"><net_src comp="24" pin="0"/><net_sink comp="460" pin=0"/></net>

<net id="467"><net_src comp="454" pin="2"/><net_sink comp="460" pin=1"/></net>

<net id="468"><net_src comp="26" pin="0"/><net_sink comp="460" pin=2"/></net>

<net id="469"><net_src comp="28" pin="0"/><net_sink comp="460" pin=3"/></net>

<net id="475"><net_src comp="50" pin="0"/><net_sink comp="470" pin=0"/></net>

<net id="476"><net_src comp="154" pin="2"/><net_sink comp="470" pin=1"/></net>

<net id="477"><net_src comp="52" pin="0"/><net_sink comp="470" pin=2"/></net>

<net id="481"><net_src comp="470" pin="3"/><net_sink comp="478" pin=0"/></net>

<net id="487"><net_src comp="92" pin="0"/><net_sink comp="482" pin=0"/></net>

<net id="488"><net_src comp="154" pin="2"/><net_sink comp="482" pin=1"/></net>

<net id="489"><net_src comp="94" pin="0"/><net_sink comp="482" pin=2"/></net>

<net id="493"><net_src comp="482" pin="3"/><net_sink comp="490" pin=0"/></net>

<net id="498"><net_src comp="490" pin="1"/><net_sink comp="494" pin=0"/></net>

<net id="499"><net_src comp="478" pin="1"/><net_sink comp="494" pin=1"/></net>

<net id="506"><net_src comp="32" pin="0"/><net_sink comp="500" pin=0"/></net>

<net id="507"><net_src comp="494" pin="2"/><net_sink comp="500" pin=1"/></net>

<net id="508"><net_src comp="26" pin="0"/><net_sink comp="500" pin=2"/></net>

<net id="509"><net_src comp="34" pin="0"/><net_sink comp="500" pin=3"/></net>

<net id="513"><net_src comp="500" pin="4"/><net_sink comp="510" pin=0"/></net>

<net id="521"><net_src comp="514" pin="1"/><net_sink comp="517" pin=0"/></net>

<net id="522"><net_src comp="227" pin="1"/><net_sink comp="517" pin=1"/></net>

<net id="527"><net_src comp="460" pin="4"/><net_sink comp="523" pin=0"/></net>

<net id="528"><net_src comp="517" pin="2"/><net_sink comp="523" pin=1"/></net>

<net id="533"><net_src comp="523" pin="2"/><net_sink comp="529" pin=1"/></net>

<net id="538"><net_src comp="510" pin="1"/><net_sink comp="534" pin=0"/></net>

<net id="539"><net_src comp="102" pin="0"/><net_sink comp="534" pin=1"/></net>

<net id="544"><net_src comp="534" pin="2"/><net_sink comp="540" pin=1"/></net>

<net id="549"><net_src comp="540" pin="2"/><net_sink comp="545" pin=1"/></net>

<net id="554"><net_src comp="529" pin="2"/><net_sink comp="550" pin=0"/></net>

<net id="555"><net_src comp="545" pin="2"/><net_sink comp="550" pin=1"/></net>

<net id="559"><net_src comp="241" pin="4"/><net_sink comp="556" pin=0"/></net>

<net id="560"><net_src comp="556" pin="1"/><net_sink comp="317" pin=0"/></net>

<net id="564"><net_src comp="217" pin="4"/><net_sink comp="561" pin=0"/></net>

<net id="565"><net_src comp="561" pin="1"/><net_sink comp="421" pin=0"/></net>

<net id="569"><net_src comp="261" pin="4"/><net_sink comp="566" pin=0"/></net>

<net id="570"><net_src comp="566" pin="1"/><net_sink comp="540" pin=0"/></net>

<net id="574"><net_src comp="405" pin="4"/><net_sink comp="571" pin=0"/></net>

<net id="575"><net_src comp="571" pin="1"/><net_sink comp="514" pin=0"/></net>

<net id="579"><net_src comp="415" pin="2"/><net_sink comp="576" pin=0"/></net>

<net id="580"><net_src comp="576" pin="1"/><net_sink comp="529" pin=0"/></net>

<net id="584"><net_src comp="426" pin="2"/><net_sink comp="581" pin=0"/></net>

<net id="585"><net_src comp="581" pin="1"/><net_sink comp="545" pin=0"/></net>

</net_list>

</model> 
---------------- Datapath Model END ------------------

* FSMD analyzer results:
  - Output states:
	Port: data_0_V_read | {}
	Port: data_1_V_read | {}
	Port: data_2_V_read | {}
	Port: data_3_V_read | {}
	Port: data_4_V_read | {}
	Port: data_5_V_read | {}
	Port: data_6_V_read | {}
	Port: data_7_V_read | {}
	Port: data_8_V_read | {}
	Port: data_9_V_read | {}
 - Input state : 
	Port: dense_latency<ap_fixed,ap_fixed,config11>.0.0 : data_0_V_read | {3 }
	Port: dense_latency<ap_fixed,ap_fixed,config11>.0.0 : data_1_V_read | {1 }
	Port: dense_latency<ap_fixed,ap_fixed,config11>.0.0 : data_2_V_read | {1 }
	Port: dense_latency<ap_fixed,ap_fixed,config11>.0.0 : data_3_V_read | {3 }
	Port: dense_latency<ap_fixed,ap_fixed,config11>.0.0 : data_4_V_read | {2 }
	Port: dense_latency<ap_fixed,ap_fixed,config11>.0.0 : data_5_V_read | {4 }
	Port: dense_latency<ap_fixed,ap_fixed,config11>.0.0 : data_6_V_read | {2 }
	Port: dense_latency<ap_fixed,ap_fixed,config11>.0.0 : data_7_V_read | {3 }
	Port: dense_latency<ap_fixed,ap_fixed,config11>.0.0 : data_8_V_read | {4 }
	Port: dense_latency<ap_fixed,ap_fixed,config11>.0.0 : data_9_V_read | {3 }
  - Chain level:
	State 1
		mul_ln1118 : 1
		trunc_ln708_1 : 2
		mul_ln1118_71 : 1
		trunc_ln708_s : 2
	State 2
		mul_ln1118_72 : 1
		trunc_ln708_4 : 2
		mul_ln1118_73 : 1
		trunc_ln708_6 : 2
	State 3
		sext_ln1118 : 1
		sub_ln1118 : 2
		sext_ln1118_65 : 1
		sub_ln1118_22 : 3
		trunc_ln : 4
		sext_ln1118_68 : 1
		sub_ln1118_23 : 2
		sext_ln1118_69 : 1
		sub_ln1118_24 : 3
		trunc_ln708_24 : 4
		sext_ln708_1 : 5
		mul_ln1118_74 : 1
		trunc_ln708_7 : 2
		sext_ln1118_77 : 1
		sext_ln1118_78 : 1
		sub_ln1118_28 : 2
		trunc_ln708_26 : 3
		add_ln703 : 6
		add_ln703_118 : 1
		add_ln703_119 : 5
	State 4
		empty : 1
		sext_ln1118_72 : 1
		sub_ln1118_25 : 2
		sub_ln1118_26 : 3
		trunc_ln708_5 : 4
		sext_ln1118_75 : 1
		sext_ln1118_76 : 1
		sub_ln1118_27 : 2
		trunc_ln708_25 : 3
		sext_ln708_2 : 4
		add_ln703_115 : 1
		add_ln703_116 : 5
		add_ln703_117 : 6
		add_ln703_120 : 5
		add_ln703_121 : 6
		add_ln703_122 : 7
		add_ln703_123 : 8
		ret_ln159 : 9


============================================================
+ Verbose Summary: Datapath Resource usage 
============================================================

* Functional unit list:
|----------|-----------------------------|---------|---------|---------|
| Operation|       Functional Unit       |  DSP48E |    FF   |   LUT   |
|----------|-----------------------------|---------|---------|---------|
|          |       add_ln703_fu_415      |    0    |    0    |    16   |
|          |     add_ln703_118_fu_421    |    0    |    0    |    16   |
|          |     add_ln703_119_fu_426    |    0    |    0    |    16   |
|          |     add_ln703_115_fu_517    |    0    |    0    |    16   |
|    add   |     add_ln703_116_fu_523    |    0    |    0    |    16   |
|          |     add_ln703_117_fu_529    |    0    |    0    |    16   |
|          |     add_ln703_120_fu_534    |    0    |    0    |    16   |
|          |     add_ln703_121_fu_540    |    0    |    0    |    16   |
|          |     add_ln703_122_fu_545    |    0    |    0    |    16   |
|          |     add_ln703_123_fu_550    |    0    |    0    |    16   |
|----------|-----------------------------|---------|---------|---------|
|          |      sub_ln1118_fu_283      |    0    |    0    |    16   |
|          |     sub_ln1118_22_fu_301    |    0    |    0    |    16   |
|          |     sub_ln1118_23_fu_332    |    0    |    0    |    16   |
|    sub   |     sub_ln1118_24_fu_350    |    0    |    0    |    16   |
|          |     sub_ln1118_28_fu_399    |    0    |    0    |    21   |
|          |     sub_ln1118_25_fu_448    |    0    |    0    |    16   |
|          |     sub_ln1118_26_fu_454    |    0    |    0    |    16   |
|          |     sub_ln1118_27_fu_494    |    0    |    0    |    22   |
|----------|-----------------------------|---------|---------|---------|
|    mul   |          grp_fu_166         |    1    |    0    |    5    |
|          |          grp_fu_167         |    1    |    0    |    5    |
|----------|-----------------------------|---------|---------|---------|
|          | data_2_V_read_4_read_fu_106 |    0    |    0    |    0    |
|          | data_1_V_read_6_read_fu_112 |    0    |    0    |    0    |
|          | data_6_V_read_6_read_fu_118 |    0    |    0    |    0    |
|          | data_4_V_read_6_read_fu_124 |    0    |    0    |    0    |
|   read   | data_9_V_read_6_read_fu_130 |    0    |    0    |    0    |
|          | data_7_V_read_6_read_fu_136 |    0    |    0    |    0    |
|          | data_3_V_read_5_read_fu_142 |    0    |    0    |    0    |
|          | data_0_V_read_6_read_fu_148 |    0    |    0    |    0    |
|          | data_8_V_read_6_read_fu_154 |    0    |    0    |    0    |
|          | data_5_V_read_6_read_fu_160 |    0    |    0    |    0    |
|----------|-----------------------------|---------|---------|---------|
|          |          grp_fu_217         |    0    |    0    |    0    |
|          |     trunc_ln708_s_fu_241    |    0    |    0    |    0    |
|          |     trunc_ln708_6_fu_261    |    0    |    0    |    0    |
|partselect|       trunc_ln_fu_307       |    0    |    0    |    0    |
|          |    trunc_ln708_24_fu_356    |    0    |    0    |    0    |
|          |    trunc_ln708_26_fu_405    |    0    |    0    |    0    |
|          |     trunc_ln708_5_fu_460    |    0    |    0    |    0    |
|          |    trunc_ln708_25_fu_500    |    0    |    0    |    0    |
|----------|-----------------------------|---------|---------|---------|
|          |    sext_ln1118_66_fu_231    |    0    |    0    |    0    |
|          |    sext_ln1118_67_fu_236    |    0    |    0    |    0    |
|          |    sext_ln1118_70_fu_251    |    0    |    0    |    0    |
|          |    sext_ln1118_73_fu_256    |    0    |    0    |    0    |
|          |      sext_ln1118_fu_279     |    0    |    0    |    0    |
|          |    sext_ln1118_65_fu_297    |    0    |    0    |    0    |
|          |      sext_ln708_fu_317      |    0    |    0    |    0    |
|          |    sext_ln1118_68_fu_328    |    0    |    0    |    0    |
|          |    sext_ln1118_69_fu_346    |    0    |    0    |    0    |
|   sext   |     sext_ln708_1_fu_366     |    0    |    0    |    0    |
|          |    sext_ln1118_74_fu_370    |    0    |    0    |    0    |
|          |    sext_ln1118_77_fu_383    |    0    |    0    |    0    |
|          |    sext_ln1118_78_fu_395    |    0    |    0    |    0    |
|          |    sext_ln1118_71_fu_432    |    0    |    0    |    0    |
|          |    sext_ln1118_72_fu_444    |    0    |    0    |    0    |
|          |    sext_ln1118_75_fu_478    |    0    |    0    |    0    |
|          |    sext_ln1118_76_fu_490    |    0    |    0    |    0    |
|          |     sext_ln708_2_fu_510     |    0    |    0    |    0    |
|          |     sext_ln708_3_fu_514     |    0    |    0    |    0    |
|----------|-----------------------------|---------|---------|---------|
|          |        shl_ln_fu_271        |    0    |    0    |    0    |
|          |     shl_ln1118_s_fu_289     |    0    |    0    |    0    |
|          |     shl_ln1118_37_fu_320    |    0    |    0    |    0    |
|          |     shl_ln1118_38_fu_338    |    0    |    0    |    0    |
|bitconcatenate|     shl_ln1118_42_fu_375    |    0    |    0    |    0    |
|          |     shl_ln1118_43_fu_387    |    0    |    0    |    0    |
|          |     shl_ln1118_39_fu_436    |    0    |    0    |    0    |
|          |     shl_ln1118_40_fu_470    |    0    |    0    |    0    |
|          |     shl_ln1118_41_fu_482    |    0    |    0    |    0    |
|----------|-----------------------------|---------|---------|---------|
|   Total  |                             |    2    |    0    |   309   |
|----------|-----------------------------|---------|---------|---------|

Memories:
N/A

* Register list:
+----------------------+--------+
|                      |   FF   |
+----------------------+--------+
| add_ln703_119_reg_581|   16   |
|   add_ln703_reg_576  |   16   |
|        reg_227       |   16   |
|trunc_ln708_26_reg_571|   14   |
| trunc_ln708_4_reg_561|   16   |
| trunc_ln708_6_reg_566|   16   |
| trunc_ln708_s_reg_556|   15   |
+----------------------+--------+
|         Total        |   109  |
+----------------------+--------+

* Multiplexer (MUX) list: 
|------------|------|------|------|--------||---------||---------|
|    Comp    |  Pin | Size |  BW  | S x BW ||  Delay  ||   LUT   |
|------------|------|------|------|--------||---------||---------|
| grp_fu_166 |  p0  |   3  |  16  |   48   ||    15   |
| grp_fu_166 |  p1  |   3  |   9  |   27   |
| grp_fu_167 |  p0  |   2  |  16  |   32   ||    9    |
| grp_fu_167 |  p1  |   2  |   9  |   18   |
|------------|------|------|------|--------||---------||---------|
|    Total   |      |      |      |   125  ||  2.4405 ||    24   |
|------------|------|------|------|--------||---------||---------|



* Summary:
+-----------+--------+--------+--------+--------+
|           | DSP48E |  Delay |   FF   |   LUT  |
+-----------+--------+--------+--------+--------+
|  Function |    2   |    -   |    0   |   309  |
|   Memory  |    -   |    -   |    -   |    -   |
|Multiplexer|    -   |    2   |    -   |   24   |
|  Register |    -   |    -   |   109  |    -   |
+-----------+--------+--------+--------+--------+
|   Total   |    2   |    2   |   109  |   333  |
+-----------+--------+--------+--------+--------+
