

================================================================
== Vivado HLS Report for 'dense_resource_ap_fixed_ap_fixed_16_8_5_3_0_config11_s'
================================================================
* Date:           Fri Jun  3 16:16:27 2022

* Version:        2019.1 (Build 2552052 on Fri May 24 15:28:33 MDT 2019)
* Project:        myproject_prj
* Solution:       solution1
* Product family: virtexuplus
* Target device:  xcvu9p-flgb2104-2-i


================================================================
== Performance Estimates
================================================================
+ Timing (ns): 
    * Summary: 
    +--------+-------+----------+------------+
    |  Clock | Target| Estimated| Uncertainty|
    +--------+-------+----------+------------+
    |ap_clk  |   5.00|     4.366|        0.62|
    +--------+-------+----------+------------+

+ Latency (clock cycles): 
    * Summary: 
    +-----+-----+-----+-----+---------------------------------------------+
    |  Latency  |  Interval |                   Pipeline                  |
    | min | max | min | max |                     Type                    |
    +-----+-----+-----+-----+---------------------------------------------+
    |    5|    6|    5|    5| loop rewind(delay=0 initiation interval(s)) |
    +-----+-----+-----+-----+---------------------------------------------+

    + Detail: 
        * Instance: 
        N/A

        * Loop: 
        +-------------+-----+-----+----------+-----------+-----------+------+----------+
        |             |  Latency  | Iteration|  Initiation Interval  | Trip |          |
        |  Loop Name  | min | max |  Latency |  achieved |   target  | Count| Pipelined|
        +-------------+-----+-----+----------+-----------+-----------+------+----------+
        |- ReuseLoop  |    5|    5|         2|          1|          1|     5|    yes   |
        +-------------+-----+-----+----------+-----------+-----------+------+----------+

============================================================
+ Verbose Summary: Synthesis Manager
============================================================
InlineROM: 1
ExposeGlobal: 0
============================================================
+ Verbose Summary: CDFG Model
============================================================
IsTopModel: 0
ResetActiveHigh: 1
IsCombinational: 2
IsDatapathOnly: 0
HasWiredReturn: 1
HasMFsm: 0
HasVarLatency: 1
IsPipeline: 0
IsRtlPipelined: 0
IsInstanceOverlapped: 0
IsDontTouch: 0
HasImplIP: 0
IsGatedGlobalClock: 0

+ Individual pipeline summary: 
  * Pipeline-0: initiation interval (II) = 1, depth = 2


============================================================
+ Verbose Summary: Schedule
============================================================
* Number of FSM states : 3
* Pipeline : 1
  Pipeline-0 : II = 1, D = 2, States = { 2 3 }
* Dataflow Pipeline: 0

* FSM state transitions: 
1 --> 2 
2 --> 3 
3 --> 2 

* FSM state operations: 

State 1 <SV = 0> <Delay = 0.60>
ST_1 : Operation 4 [1/1] (0.60ns)   --->   "br label %rewind_header" [firmware/nnet_utils/nnet_dense_resource.h:64->firmware/nnet_utils/nnet_dense_resource.h:276]   --->   Operation 4 'br' <Predicate = true> <Delay = 0.60>

State 2 <SV = 1> <Delay = 1.15>
ST_2 : Operation 5 [1/1] (0.00ns)   --->   "%do_init = phi i1 [ true, %0 ], [ false, %ReuseLoop ], [ true, %"dense_resource_rf_leq_nin<ap_fixed<16, 8, 5, 3, 0>, ap_fixed<16, 8, 5, 3, 0>, config11>.exit" ]"   --->   Operation 5 'phi' 'do_init' <Predicate = true> <Delay = 0.00>
ST_2 : Operation 6 [1/1] (0.00ns)   --->   "%w_index3 = phi i3 [ 0, %0 ], [ %w_index, %ReuseLoop ], [ 0, %"dense_resource_rf_leq_nin<ap_fixed<16, 8, 5, 3, 0>, ap_fixed<16, 8, 5, 3, 0>, config11>.exit" ]"   --->   Operation 6 'phi' 'w_index3' <Predicate = true> <Delay = 0.00>
ST_2 : Operation 7 [1/1] (0.00ns)   --->   "%data_9_V_read13 = call i15 @_ssdm_op_Read.ap_auto.i15(i15 %data_9_V_read)" [firmware/nnet_utils/nnet_dense_resource.h:268]   --->   Operation 7 'read' 'data_9_V_read13' <Predicate = (do_init)> <Delay = 0.00>
ST_2 : Operation 8 [1/1] (0.00ns)   --->   "%data_8_V_read12 = call i15 @_ssdm_op_Read.ap_auto.i15(i15 %data_8_V_read)" [firmware/nnet_utils/nnet_dense_resource.h:268]   --->   Operation 8 'read' 'data_8_V_read12' <Predicate = (do_init)> <Delay = 0.00>
ST_2 : Operation 9 [1/1] (0.00ns)   --->   "%data_7_V_read11 = call i15 @_ssdm_op_Read.ap_auto.i15(i15 %data_7_V_read)" [firmware/nnet_utils/nnet_dense_resource.h:268]   --->   Operation 9 'read' 'data_7_V_read11' <Predicate = (do_init)> <Delay = 0.00>
ST_2 : Operation 10 [1/1] (0.00ns)   --->   "%data_6_V_read_6 = call i15 @_ssdm_op_Read.ap_auto.i15(i15 %data_6_V_read)" [firmware/nnet_utils/nnet_dense_resource.h:268]   --->   Operation 10 'read' 'data_6_V_read_6' <Predicate = (do_init)> <Delay = 0.00>
ST_2 : Operation 11 [1/1] (0.00ns)   --->   "%data_5_V_read_6 = call i15 @_ssdm_op_Read.ap_auto.i15(i15 %data_5_V_read)" [firmware/nnet_utils/nnet_dense_resource.h:268]   --->   Operation 11 'read' 'data_5_V_read_6' <Predicate = (do_init)> <Delay = 0.00>
ST_2 : Operation 12 [1/1] (0.00ns)   --->   "%data_4_V_read_6 = call i15 @_ssdm_op_Read.ap_auto.i15(i15 %data_4_V_read)" [firmware/nnet_utils/nnet_dense_resource.h:268]   --->   Operation 12 'read' 'data_4_V_read_6' <Predicate = (do_init)> <Delay = 0.00>
ST_2 : Operation 13 [1/1] (0.00ns)   --->   "%data_3_V_read_6 = call i15 @_ssdm_op_Read.ap_auto.i15(i15 %data_3_V_read)" [firmware/nnet_utils/nnet_dense_resource.h:268]   --->   Operation 13 'read' 'data_3_V_read_6' <Predicate = (do_init)> <Delay = 0.00>
ST_2 : Operation 14 [1/1] (0.00ns)   --->   "%data_2_V_read_5 = call i15 @_ssdm_op_Read.ap_auto.i15(i15 %data_2_V_read)" [firmware/nnet_utils/nnet_dense_resource.h:268]   --->   Operation 14 'read' 'data_2_V_read_5' <Predicate = (do_init)> <Delay = 0.00>
ST_2 : Operation 15 [1/1] (0.00ns)   --->   "%data_1_V_read_4 = call i15 @_ssdm_op_Read.ap_auto.i15(i15 %data_1_V_read)" [firmware/nnet_utils/nnet_dense_resource.h:268]   --->   Operation 15 'read' 'data_1_V_read_4' <Predicate = (do_init)> <Delay = 0.00>
ST_2 : Operation 16 [1/1] (0.00ns)   --->   "%data_0_V_read_4 = call i15 @_ssdm_op_Read.ap_auto.i15(i15 %data_0_V_read)" [firmware/nnet_utils/nnet_dense_resource.h:268]   --->   Operation 16 'read' 'data_0_V_read_4' <Predicate = (do_init)> <Delay = 0.00>
ST_2 : Operation 17 [1/1] (0.60ns)   --->   "br label %ReuseLoop" [firmware/nnet_utils/nnet_dense_resource.h:64->firmware/nnet_utils/nnet_dense_resource.h:276]   --->   Operation 17 'br' <Predicate = (do_init)> <Delay = 0.60>
ST_2 : Operation 18 [1/1] (0.00ns)   --->   "%zext_ln77 = zext i3 %w_index3 to i64" [firmware/nnet_utils/nnet_dense_resource.h:77->firmware/nnet_utils/nnet_dense_resource.h:276]   --->   Operation 18 'zext' 'zext_ln77' <Predicate = true> <Delay = 0.00>
ST_2 : Operation 19 [1/1] (0.00ns)   --->   "%w11_V_addr = getelementptr [5 x i25]* @w11_V, i64 0, i64 %zext_ln77" [firmware/nnet_utils/nnet_dense_resource.h:77->firmware/nnet_utils/nnet_dense_resource.h:276]   --->   Operation 19 'getelementptr' 'w11_V_addr' <Predicate = true> <Delay = 0.00>
ST_2 : Operation 20 [2/2] (1.15ns)   --->   "%w11_V_load = load i25* %w11_V_addr, align 4" [firmware/nnet_utils/nnet_dense_resource.h:77->firmware/nnet_utils/nnet_dense_resource.h:276]   --->   Operation 20 'load' 'w11_V_load' <Predicate = true> <Delay = 1.15> <Core = "ROM_nP">   --->   Core 52 'ROM_nP' <Latency = 1> <II = 1> <Delay = 1.15> <Storage> <Opcode : 'load'> <Ports = 0> <Width = 25> <Depth = 5> <ROM>
ST_2 : Operation 21 [1/1] (0.26ns)   --->   "%w_index = add i3 1, %w_index3" [firmware/nnet_utils/nnet_dense_resource.h:64->firmware/nnet_utils/nnet_dense_resource.h:276]   --->   Operation 21 'add' 'w_index' <Predicate = true> <Delay = 0.26> <Core = "AddSub">   --->   Core 14 'AddSub' <Latency = 0> <II = 1> <Delay = 0.26> <FuncUnit> <Opcode : 'add' 'sub'> <InPorts = 2> <OutPorts = 1>
ST_2 : Operation 22 [1/1] (0.49ns)   --->   "%icmp_ln64 = icmp eq i3 %w_index3, -4" [firmware/nnet_utils/nnet_dense_resource.h:64->firmware/nnet_utils/nnet_dense_resource.h:276]   --->   Operation 22 'icmp' 'icmp_ln64' <Predicate = true> <Delay = 0.49> <Core = "Cmp">   --->   Core 25 'Cmp' <Latency = 0> <II = 1> <Delay = 0.49> <FuncUnit> <Opcode : 'icmp'> <InPorts = 2> <OutPorts = 1>
ST_2 : Operation 23 [1/1] (0.00ns)   --->   "br i1 %icmp_ln64, label %"dense_resource_rf_leq_nin<ap_fixed<16, 8, 5, 3, 0>, ap_fixed<16, 8, 5, 3, 0>, config11>.exit", label %rewind_header" [firmware/nnet_utils/nnet_dense_resource.h:64->firmware/nnet_utils/nnet_dense_resource.h:276]   --->   Operation 23 'br' <Predicate = true> <Delay = 0.00>
ST_2 : Operation 24 [1/1] (0.00ns)   --->   "br label %rewind_header" [firmware/nnet_utils/nnet_dense_resource.h:282]   --->   Operation 24 'br' <Predicate = (icmp_ln64)> <Delay = 0.00>

State 3 <SV = 2> <Delay = 4.36>
ST_3 : Operation 25 [1/1] (0.00ns)   --->   "%data_0_V_read4_rewind = phi i15 [ undef, %0 ], [ %data_0_V_read4_phi, %ReuseLoop ], [ undef, %"dense_resource_rf_leq_nin<ap_fixed<16, 8, 5, 3, 0>, ap_fixed<16, 8, 5, 3, 0>, config11>.exit" ]" [firmware/nnet_utils/nnet_dense_resource.h:268]   --->   Operation 25 'phi' 'data_0_V_read4_rewind' <Predicate = true> <Delay = 0.00>
ST_3 : Operation 26 [1/1] (0.00ns)   --->   "%data_1_V_read5_rewind = phi i15 [ undef, %0 ], [ %data_1_V_read5_phi, %ReuseLoop ], [ undef, %"dense_resource_rf_leq_nin<ap_fixed<16, 8, 5, 3, 0>, ap_fixed<16, 8, 5, 3, 0>, config11>.exit" ]" [firmware/nnet_utils/nnet_dense_resource.h:268]   --->   Operation 26 'phi' 'data_1_V_read5_rewind' <Predicate = true> <Delay = 0.00>
ST_3 : Operation 27 [1/1] (0.00ns)   --->   "%data_2_V_read6_rewind = phi i15 [ undef, %0 ], [ %data_2_V_read6_phi, %ReuseLoop ], [ undef, %"dense_resource_rf_leq_nin<ap_fixed<16, 8, 5, 3, 0>, ap_fixed<16, 8, 5, 3, 0>, config11>.exit" ]" [firmware/nnet_utils/nnet_dense_resource.h:268]   --->   Operation 27 'phi' 'data_2_V_read6_rewind' <Predicate = true> <Delay = 0.00>
ST_3 : Operation 28 [1/1] (0.00ns)   --->   "%data_3_V_read7_rewind = phi i15 [ undef, %0 ], [ %data_3_V_read7_phi, %ReuseLoop ], [ undef, %"dense_resource_rf_leq_nin<ap_fixed<16, 8, 5, 3, 0>, ap_fixed<16, 8, 5, 3, 0>, config11>.exit" ]" [firmware/nnet_utils/nnet_dense_resource.h:268]   --->   Operation 28 'phi' 'data_3_V_read7_rewind' <Predicate = true> <Delay = 0.00>
ST_3 : Operation 29 [1/1] (0.00ns)   --->   "%data_4_V_read8_rewind = phi i15 [ undef, %0 ], [ %data_4_V_read8_phi, %ReuseLoop ], [ undef, %"dense_resource_rf_leq_nin<ap_fixed<16, 8, 5, 3, 0>, ap_fixed<16, 8, 5, 3, 0>, config11>.exit" ]" [firmware/nnet_utils/nnet_dense_resource.h:268]   --->   Operation 29 'phi' 'data_4_V_read8_rewind' <Predicate = true> <Delay = 0.00>
ST_3 : Operation 30 [1/1] (0.00ns)   --->   "%data_5_V_read9_rewind = phi i15 [ undef, %0 ], [ %data_5_V_read9_phi, %ReuseLoop ], [ undef, %"dense_resource_rf_leq_nin<ap_fixed<16, 8, 5, 3, 0>, ap_fixed<16, 8, 5, 3, 0>, config11>.exit" ]" [firmware/nnet_utils/nnet_dense_resource.h:268]   --->   Operation 30 'phi' 'data_5_V_read9_rewind' <Predicate = true> <Delay = 0.00>
ST_3 : Operation 31 [1/1] (0.00ns)   --->   "%data_6_V_read10_rewind = phi i15 [ undef, %0 ], [ %data_6_V_read10_phi, %ReuseLoop ], [ undef, %"dense_resource_rf_leq_nin<ap_fixed<16, 8, 5, 3, 0>, ap_fixed<16, 8, 5, 3, 0>, config11>.exit" ]" [firmware/nnet_utils/nnet_dense_resource.h:268]   --->   Operation 31 'phi' 'data_6_V_read10_rewind' <Predicate = true> <Delay = 0.00>
ST_3 : Operation 32 [1/1] (0.00ns)   --->   "%data_7_V_read11_rewind = phi i15 [ undef, %0 ], [ %data_7_V_read11_phi, %ReuseLoop ], [ undef, %"dense_resource_rf_leq_nin<ap_fixed<16, 8, 5, 3, 0>, ap_fixed<16, 8, 5, 3, 0>, config11>.exit" ]" [firmware/nnet_utils/nnet_dense_resource.h:268]   --->   Operation 32 'phi' 'data_7_V_read11_rewind' <Predicate = true> <Delay = 0.00>
ST_3 : Operation 33 [1/1] (0.00ns)   --->   "%data_8_V_read12_rewind = phi i15 [ undef, %0 ], [ %data_8_V_read12_phi, %ReuseLoop ], [ undef, %"dense_resource_rf_leq_nin<ap_fixed<16, 8, 5, 3, 0>, ap_fixed<16, 8, 5, 3, 0>, config11>.exit" ]" [firmware/nnet_utils/nnet_dense_resource.h:268]   --->   Operation 33 'phi' 'data_8_V_read12_rewind' <Predicate = true> <Delay = 0.00>
ST_3 : Operation 34 [1/1] (0.00ns)   --->   "%data_9_V_read13_rewind = phi i15 [ undef, %0 ], [ %data_9_V_read13_phi, %ReuseLoop ], [ undef, %"dense_resource_rf_leq_nin<ap_fixed<16, 8, 5, 3, 0>, ap_fixed<16, 8, 5, 3, 0>, config11>.exit" ]" [firmware/nnet_utils/nnet_dense_resource.h:268]   --->   Operation 34 'phi' 'data_9_V_read13_rewind' <Predicate = true> <Delay = 0.00>
ST_3 : Operation 35 [1/1] (0.00ns)   --->   "%res_V_write_assign1 = phi i16 [ 20, %0 ], [ %acc_0_V, %ReuseLoop ], [ 20, %"dense_resource_rf_leq_nin<ap_fixed<16, 8, 5, 3, 0>, ap_fixed<16, 8, 5, 3, 0>, config11>.exit" ]"   --->   Operation 35 'phi' 'res_V_write_assign1' <Predicate = true> <Delay = 0.00>
ST_3 : Operation 36 [1/1] (0.60ns)   --->   "br i1 %do_init, label %rewind_init, label %ReuseLoop"   --->   Operation 36 'br' <Predicate = true> <Delay = 0.60>
ST_3 : Operation 37 [1/1] (0.00ns)   --->   "%data_0_V_read4_phi = phi i15 [ %data_0_V_read_4, %rewind_init ], [ %data_0_V_read4_rewind, %rewind_header ]" [firmware/nnet_utils/nnet_dense_resource.h:268]   --->   Operation 37 'phi' 'data_0_V_read4_phi' <Predicate = true> <Delay = 0.00>
ST_3 : Operation 38 [1/1] (0.00ns)   --->   "%data_1_V_read5_phi = phi i15 [ %data_1_V_read_4, %rewind_init ], [ %data_1_V_read5_rewind, %rewind_header ]" [firmware/nnet_utils/nnet_dense_resource.h:268]   --->   Operation 38 'phi' 'data_1_V_read5_phi' <Predicate = true> <Delay = 0.00>
ST_3 : Operation 39 [1/1] (0.00ns)   --->   "%data_2_V_read6_phi = phi i15 [ %data_2_V_read_5, %rewind_init ], [ %data_2_V_read6_rewind, %rewind_header ]" [firmware/nnet_utils/nnet_dense_resource.h:268]   --->   Operation 39 'phi' 'data_2_V_read6_phi' <Predicate = true> <Delay = 0.00>
ST_3 : Operation 40 [1/1] (0.00ns)   --->   "%data_3_V_read7_phi = phi i15 [ %data_3_V_read_6, %rewind_init ], [ %data_3_V_read7_rewind, %rewind_header ]" [firmware/nnet_utils/nnet_dense_resource.h:268]   --->   Operation 40 'phi' 'data_3_V_read7_phi' <Predicate = true> <Delay = 0.00>
ST_3 : Operation 41 [1/1] (0.00ns)   --->   "%data_4_V_read8_phi = phi i15 [ %data_4_V_read_6, %rewind_init ], [ %data_4_V_read8_rewind, %rewind_header ]" [firmware/nnet_utils/nnet_dense_resource.h:268]   --->   Operation 41 'phi' 'data_4_V_read8_phi' <Predicate = true> <Delay = 0.00>
ST_3 : Operation 42 [1/1] (0.00ns)   --->   "%data_5_V_read9_phi = phi i15 [ %data_5_V_read_6, %rewind_init ], [ %data_5_V_read9_rewind, %rewind_header ]" [firmware/nnet_utils/nnet_dense_resource.h:268]   --->   Operation 42 'phi' 'data_5_V_read9_phi' <Predicate = true> <Delay = 0.00>
ST_3 : Operation 43 [1/1] (0.00ns)   --->   "%data_6_V_read10_phi = phi i15 [ %data_6_V_read_6, %rewind_init ], [ %data_6_V_read10_rewind, %rewind_header ]" [firmware/nnet_utils/nnet_dense_resource.h:268]   --->   Operation 43 'phi' 'data_6_V_read10_phi' <Predicate = true> <Delay = 0.00>
ST_3 : Operation 44 [1/1] (0.00ns)   --->   "%data_7_V_read11_phi = phi i15 [ %data_7_V_read11, %rewind_init ], [ %data_7_V_read11_rewind, %rewind_header ]" [firmware/nnet_utils/nnet_dense_resource.h:268]   --->   Operation 44 'phi' 'data_7_V_read11_phi' <Predicate = true> <Delay = 0.00>
ST_3 : Operation 45 [1/1] (0.00ns)   --->   "%data_8_V_read12_phi = phi i15 [ %data_8_V_read12, %rewind_init ], [ %data_8_V_read12_rewind, %rewind_header ]" [firmware/nnet_utils/nnet_dense_resource.h:268]   --->   Operation 45 'phi' 'data_8_V_read12_phi' <Predicate = true> <Delay = 0.00>
ST_3 : Operation 46 [1/1] (0.00ns)   --->   "%data_9_V_read13_phi = phi i15 [ %data_9_V_read13, %rewind_init ], [ %data_9_V_read13_rewind, %rewind_header ]" [firmware/nnet_utils/nnet_dense_resource.h:268]   --->   Operation 46 'phi' 'data_9_V_read13_phi' <Predicate = true> <Delay = 0.00>
ST_3 : Operation 47 [1/1] (0.00ns)   --->   "call void (...)* @_ssdm_op_SpecLoopName([10 x i8]* @p_str18) nounwind" [firmware/nnet_utils/nnet_dense_resource.h:64->firmware/nnet_utils/nnet_dense_resource.h:276]   --->   Operation 47 'specloopname' <Predicate = true> <Delay = 0.00>
ST_3 : Operation 48 [1/1] (0.00ns)   --->   "%tmp = call i32 (...)* @_ssdm_op_SpecRegionBegin([10 x i8]* @p_str18)" [firmware/nnet_utils/nnet_dense_resource.h:64->firmware/nnet_utils/nnet_dense_resource.h:276]   --->   Operation 48 'specregionbegin' 'tmp' <Predicate = true> <Delay = 0.00>
ST_3 : Operation 49 [1/1] (0.00ns)   --->   "call void (...)* @_ssdm_op_SpecPipeline(i32 1, i32 1, i32 1, i32 0, [1 x i8]* @p_str13) nounwind" [firmware/nnet_utils/nnet_dense_resource.h:65->firmware/nnet_utils/nnet_dense_resource.h:276]   --->   Operation 49 'specpipeline' <Predicate = true> <Delay = 0.00>
ST_3 : Operation 50 [1/1] (0.41ns)   --->   "%phi_ln = call i15 @_ssdm_op_Mux.ap_auto.8i15.i3(i15 %data_0_V_read4_phi, i15 %data_1_V_read5_phi, i15 %data_2_V_read6_phi, i15 %data_3_V_read7_phi, i15 %data_4_V_read8_phi, i15 %data_4_V_read8_phi, i15 %data_4_V_read8_phi, i15 %data_4_V_read8_phi, i3 %w_index3)" [firmware/nnet_utils/nnet_dense_resource.h:77->firmware/nnet_utils/nnet_dense_resource.h:276]   --->   Operation 50 'mux' 'phi_ln' <Predicate = true> <Delay = 0.41> <Core = "MuxnS">   --->   Core 31 'MuxnS' <Latency = 0> <II = 1> <Delay = 0.41> <FuncUnit> <Opcode : 'mux'> <InPorts = 2> <OutPorts = 1>
ST_3 : Operation 51 [1/2] (1.15ns)   --->   "%w11_V_load = load i25* %w11_V_addr, align 4" [firmware/nnet_utils/nnet_dense_resource.h:77->firmware/nnet_utils/nnet_dense_resource.h:276]   --->   Operation 51 'load' 'w11_V_load' <Predicate = true> <Delay = 1.15> <Core = "ROM_nP">   --->   Core 52 'ROM_nP' <Latency = 1> <II = 1> <Delay = 1.15> <Storage> <Opcode : 'load'> <Ports = 0> <Width = 25> <Depth = 5> <ROM>
ST_3 : Operation 52 [1/1] (0.00ns)   --->   "%trunc_ln77 = trunc i25 %w11_V_load to i16" [firmware/nnet_utils/nnet_dense_resource.h:77->firmware/nnet_utils/nnet_dense_resource.h:276]   --->   Operation 52 'trunc' 'trunc_ln77' <Predicate = true> <Delay = 0.00>
ST_3 : Operation 53 [1/1] (0.00ns)   --->   "%sext_ln1116_cast = zext i15 %phi_ln to i24" [firmware/nnet_utils/nnet_dense_resource.h:77->firmware/nnet_utils/nnet_dense_resource.h:276]   --->   Operation 53 'zext' 'sext_ln1116_cast' <Predicate = true> <Delay = 0.00>
ST_3 : Operation 54 [1/1] (0.00ns)   --->   "%sext_ln1118 = sext i16 %trunc_ln77 to i24" [firmware/nnet_utils/nnet_mult.h:78->firmware/nnet_utils/nnet_dense_resource.h:77->firmware/nnet_utils/nnet_dense_resource.h:276]   --->   Operation 54 'sext' 'sext_ln1118' <Predicate = true> <Delay = 0.00>
ST_3 : Operation 55 [1/1] (2.53ns) (root node of the DSP)   --->   "%mul_ln1118 = mul i24 %sext_ln1118, %sext_ln1116_cast" [firmware/nnet_utils/nnet_mult.h:78->firmware/nnet_utils/nnet_dense_resource.h:77->firmware/nnet_utils/nnet_dense_resource.h:276]   --->   Operation 55 'mul' 'mul_ln1118' <Predicate = true> <Delay = 2.53> <Core = "DSP48">   --->   Core 88 'DSP48' <Latency = 0> <II = 1> <Delay = 2.53> <IPBlock> <Opcode : 'mul' 'add' 'sub' 'select'> <InPorts = 2> <OutPorts = 1> <Sync> <CReg>
ST_3 : Operation 56 [1/1] (0.00ns)   --->   "%trunc_ln = call i16 @_ssdm_op_PartSelect.i16.i24.i32.i32(i24 %mul_ln1118, i32 8, i32 23)" [firmware/nnet_utils/nnet_dense_resource.h:77->firmware/nnet_utils/nnet_dense_resource.h:276]   --->   Operation 56 'partselect' 'trunc_ln' <Predicate = true> <Delay = 0.00>
ST_3 : Operation 57 [1/1] (0.41ns)   --->   "%phi_ln77_s = call i15 @_ssdm_op_Mux.ap_auto.8i15.i3(i15 %data_5_V_read9_phi, i15 %data_6_V_read10_phi, i15 %data_7_V_read11_phi, i15 %data_8_V_read12_phi, i15 %data_9_V_read13_phi, i15 %data_9_V_read13_phi, i15 %data_9_V_read13_phi, i15 %data_9_V_read13_phi, i3 %w_index3)" [firmware/nnet_utils/nnet_dense_resource.h:77->firmware/nnet_utils/nnet_dense_resource.h:276]   --->   Operation 57 'mux' 'phi_ln77_s' <Predicate = true> <Delay = 0.41> <Core = "MuxnS">   --->   Core 31 'MuxnS' <Latency = 0> <II = 1> <Delay = 0.41> <FuncUnit> <Opcode : 'mux'> <InPorts = 2> <OutPorts = 1>
ST_3 : Operation 58 [1/1] (0.00ns)   --->   "%tmp_3 = call i9 @_ssdm_op_PartSelect.i9.i25.i32.i32(i25 %w11_V_load, i32 16, i32 24)" [firmware/nnet_utils/nnet_dense_resource.h:77->firmware/nnet_utils/nnet_dense_resource.h:276]   --->   Operation 58 'partselect' 'tmp_3' <Predicate = true> <Delay = 0.00>
ST_3 : Operation 59 [1/1] (0.00ns)   --->   "%sext_ln1116_450_cast = zext i15 %phi_ln77_s to i24" [firmware/nnet_utils/nnet_dense_resource.h:77->firmware/nnet_utils/nnet_dense_resource.h:276]   --->   Operation 59 'zext' 'sext_ln1116_450_cast' <Predicate = true> <Delay = 0.00>
ST_3 : Operation 60 [1/1] (0.00ns)   --->   "%sext_ln1118_278 = sext i9 %tmp_3 to i24" [firmware/nnet_utils/nnet_mult.h:78->firmware/nnet_utils/nnet_dense_resource.h:77->firmware/nnet_utils/nnet_dense_resource.h:276]   --->   Operation 60 'sext' 'sext_ln1118_278' <Predicate = true> <Delay = 0.00>
ST_3 : Operation 61 [1/1] (2.53ns) (root node of the DSP)   --->   "%mul_ln1118_858 = mul i24 %sext_ln1116_450_cast, %sext_ln1118_278" [firmware/nnet_utils/nnet_mult.h:78->firmware/nnet_utils/nnet_dense_resource.h:77->firmware/nnet_utils/nnet_dense_resource.h:276]   --->   Operation 61 'mul' 'mul_ln1118_858' <Predicate = true> <Delay = 2.53> <Core = "DSP48">   --->   Core 88 'DSP48' <Latency = 0> <II = 1> <Delay = 2.53> <IPBlock> <Opcode : 'mul' 'add' 'sub' 'select'> <InPorts = 2> <OutPorts = 1> <Sync> <CReg>
ST_3 : Operation 62 [1/1] (0.00ns)   --->   "%trunc_ln708_s = call i16 @_ssdm_op_PartSelect.i16.i24.i32.i32(i24 %mul_ln1118_858, i32 8, i32 23)" [firmware/nnet_utils/nnet_dense_resource.h:77->firmware/nnet_utils/nnet_dense_resource.h:276]   --->   Operation 62 'partselect' 'trunc_ln708_s' <Predicate = true> <Delay = 0.00>
ST_3 : Operation 63 [1/1] (0.00ns) (grouped into TernaryAdder)   --->   "%add_ln703 = add i16 %trunc_ln708_s, %trunc_ln" [firmware/nnet_utils/nnet_dense_resource.h:77->firmware/nnet_utils/nnet_dense_resource.h:276]   --->   Operation 63 'add' 'add_ln703' <Predicate = true> <Delay = 0.00> <Core = "TAddSub">   --->   Core 83 'TAddSub' <Latency = 0> <II = 1> <Delay = 0.33> <IPBlock> <Opcode : 'add' 'sub'> <InPorts = 3> <OutPorts = 1> <Sync> <CReg>
ST_3 : Operation 64 [1/1] (0.67ns) (root node of TernaryAdder)   --->   "%acc_0_V = add i16 %res_V_write_assign1, %add_ln703" [firmware/nnet_utils/nnet_dense_resource.h:77->firmware/nnet_utils/nnet_dense_resource.h:276]   --->   Operation 64 'add' 'acc_0_V' <Predicate = true> <Delay = 0.67> <Core = "TAddSub">   --->   Core 83 'TAddSub' <Latency = 0> <II = 1> <Delay = 0.33> <IPBlock> <Opcode : 'add' 'sub'> <InPorts = 3> <OutPorts = 1> <Sync> <CReg>
ST_3 : Operation 65 [1/1] (0.00ns)   --->   "%empty = call i32 (...)* @_ssdm_op_SpecRegionEnd([10 x i8]* @p_str18, i32 %tmp)" [firmware/nnet_utils/nnet_dense_resource.h:94->firmware/nnet_utils/nnet_dense_resource.h:276]   --->   Operation 65 'specregionend' 'empty' <Predicate = true> <Delay = 0.00>
ST_3 : Operation 66 [1/1] (0.00ns)   --->   "%empty_252 = call i32 (...)* @_ssdm_op_SpecLoopTripCount(i64 5, i64 5, i64 5)"   --->   Operation 66 'speclooptripcount' 'empty_252' <Predicate = true> <Delay = 0.00>
ST_3 : Operation 67 [1/1] (0.00ns)   --->   "call void (...)* @_ssdm_op_Return(i16 %acc_0_V)" [firmware/nnet_utils/nnet_dense_resource.h:282]   --->   Operation 67 'return' <Predicate = (icmp_ln64)> <Delay = 0.00>


============================================================
+ Verbose Summary: Timing violations
============================================================
Target clock period: 5ns, clock uncertainty: 0.625ns.

 <State 1>: 0.603ns
The critical path consists of the following:
	multiplexor before 'phi' operation ('do_init') [14]  (0.603 ns)

 <State 2>: 1.16ns
The critical path consists of the following:
	'phi' operation ('ir') with incoming values : ('ir', firmware/nnet_utils/nnet_dense_resource.h:64->firmware/nnet_utils/nnet_dense_resource.h:276) [25]  (0 ns)
	'getelementptr' operation ('w11_V_addr', firmware/nnet_utils/nnet_dense_resource.h:77->firmware/nnet_utils/nnet_dense_resource.h:276) [56]  (0 ns)
	'load' operation ('w11_V_load', firmware/nnet_utils/nnet_dense_resource.h:77->firmware/nnet_utils/nnet_dense_resource.h:276) on array 'w11_V' [57]  (1.16 ns)

 <State 3>: 4.37ns
The critical path consists of the following:
	'load' operation ('w11_V_load', firmware/nnet_utils/nnet_dense_resource.h:77->firmware/nnet_utils/nnet_dense_resource.h:276) on array 'w11_V' [57]  (1.16 ns)
	'mul' operation of DSP[67] ('mul_ln1118_858', firmware/nnet_utils/nnet_mult.h:78->firmware/nnet_utils/nnet_dense_resource.h:77->firmware/nnet_utils/nnet_dense_resource.h:276) [67]  (2.53 ns)
	'add' operation ('add_ln703', firmware/nnet_utils/nnet_dense_resource.h:77->firmware/nnet_utils/nnet_dense_resource.h:276) [69]  (0 ns)
	'add' operation ('acc[0].V', firmware/nnet_utils/nnet_dense_resource.h:77->firmware/nnet_utils/nnet_dense_resource.h:276) [70]  (0.675 ns)
	'return' operation ('return_ln282', firmware/nnet_utils/nnet_dense_resource.h:282) [77]  (0 ns)


============================================================
+ Verbose Summary: Binding
============================================================
N/A
* FSMD analyzer results:
  - Output states:
 - Input state : 
  - Chain level:
	State 1
	State 2
	State 3


============================================================
+ Verbose Summary: Datapath Resource usage 
============================================================
N/A
