

================================================================
== Vivado HLS Report for 'myproject'
================================================================
* Date:           Mon Jun  6 10:33:37 2022

* Version:        2019.1 (Build 2552052 on Fri May 24 15:28:33 MDT 2019)
* Project:        myproject_prj
* Solution:       solution1
* Product family: virtexuplus
* Target device:  xcvu9p-flgb2104-2-i


================================================================
== Performance Estimates
================================================================
+ Timing (ns): 
    * Summary: 
    +--------+-------+----------+------------+
    |  Clock | Target| Estimated| Uncertainty|
    +--------+-------+----------+------------+
    |ap_clk  |   2.50|     2.156|        0.31|
    +--------+-------+----------+------------+

+ Latency (clock cycles): 
    * Summary: 
    +-----+-----+-----+-----+----------+
    |  Latency  |  Interval | Pipeline |
    | min | max | min | max |   Type   |
    +-----+-----+-----+-----+----------+
    |   28|   28|    6|    6| function |
    +-----+-----+-----+-----+----------+

    + Detail: 
        * Instance: 
        N/A

        * Loop: 
        N/A

============================================================
+ Verbose Summary: Synthesis Manager
============================================================
InlineROM: 1
ExposeGlobal: 0
============================================================
+ Verbose Summary: CDFG Model
============================================================
IsTopModel: 1
ResetActiveHigh: 1
IsCombinational: 0
IsDatapathOnly: 0
HasWiredReturn: 1
HasMFsm: 2
HasVarLatency: 0
IsPipeline: 1
IsRtlPipelined: 1
IsInstanceOverlapped: 0
IsDontTouch: 0
HasImplIP: 0
IsGatedGlobalClock: 0

+ Individual pipeline summary: 
  * Pipeline-0: initiation interval (II) = 6, depth = 29


============================================================
+ Verbose Summary: Schedule
============================================================
* Number of FSM states : 29
* Pipeline : 1
  Pipeline-0 : II = 6, D = 29, States = { 1 2 3 4 5 6 7 8 9 10 11 12 13 14 15 16 17 18 19 20 21 22 23 24 25 26 27 28 29 }
* Dataflow Pipeline: 0

* FSM state transitions: 
1 --> 2 
2 --> 3 
3 --> 4 
4 --> 5 
5 --> 6 
6 --> 7 
7 --> 8 
8 --> 9 
9 --> 10 
10 --> 11 
11 --> 12 
12 --> 13 
13 --> 14 
14 --> 15 
15 --> 16 
16 --> 17 
17 --> 18 
18 --> 19 
19 --> 20 
20 --> 21 
21 --> 22 
22 --> 23 
23 --> 24 
24 --> 25 
25 --> 26 
26 --> 27 
27 --> 28 
28 --> 29 
29 --> 

* FSM state operations: 

State 1 <SV = 0> <Delay = 2.15>
ST_1 : Operation 30 [1/1] (0.00ns)   --->   "%conv1d_input_V_read = call i2080 @_ssdm_op_Read.ap_vld.i2080P(i2080* %conv1d_input_V)"   --->   Operation 30 'read' 'conv1d_input_V_read' <Predicate = true> <Delay = 0.00>
ST_1 : Operation 31 [8/8] (2.15ns)   --->   "%call_ret_i = call fastcc { i16, i16, i16, i16, i16, i16, i16, i16, i16, i16, i16, i16, i16, i16, i16, i16, i16, i16, i16, i16 } @conv_1d_latency_cl.0.0.0.0.0.0.0.0.0.0.0.0.0.0.0.0.0.0.0.0.0(i2080 %conv1d_input_V_read)"   --->   Operation 31 'call' 'call_ret_i' <Predicate = true> <Delay = 2.15> <CoreType = "Generic">   --->   Core 0 '' <Latency = 0> <II = 1> <Delay = 1.00> <Generic> <Opcode : >

State 2 <SV = 1> <Delay = 2.15>
ST_2 : Operation 32 [7/8] (2.15ns)   --->   "%call_ret_i = call fastcc { i16, i16, i16, i16, i16, i16, i16, i16, i16, i16, i16, i16, i16, i16, i16, i16, i16, i16, i16, i16 } @conv_1d_latency_cl.0.0.0.0.0.0.0.0.0.0.0.0.0.0.0.0.0.0.0.0.0(i2080 %conv1d_input_V_read)"   --->   Operation 32 'call' 'call_ret_i' <Predicate = true> <Delay = 2.15> <CoreType = "Generic">   --->   Core 0 '' <Latency = 0> <II = 1> <Delay = 1.00> <Generic> <Opcode : >

State 3 <SV = 2> <Delay = 2.15>
ST_3 : Operation 33 [6/8] (2.15ns)   --->   "%call_ret_i = call fastcc { i16, i16, i16, i16, i16, i16, i16, i16, i16, i16, i16, i16, i16, i16, i16, i16, i16, i16, i16, i16 } @conv_1d_latency_cl.0.0.0.0.0.0.0.0.0.0.0.0.0.0.0.0.0.0.0.0.0(i2080 %conv1d_input_V_read)"   --->   Operation 33 'call' 'call_ret_i' <Predicate = true> <Delay = 2.15> <CoreType = "Generic">   --->   Core 0 '' <Latency = 0> <II = 1> <Delay = 1.00> <Generic> <Opcode : >

State 4 <SV = 3> <Delay = 2.15>
ST_4 : Operation 34 [5/8] (2.15ns)   --->   "%call_ret_i = call fastcc { i16, i16, i16, i16, i16, i16, i16, i16, i16, i16, i16, i16, i16, i16, i16, i16, i16, i16, i16, i16 } @conv_1d_latency_cl.0.0.0.0.0.0.0.0.0.0.0.0.0.0.0.0.0.0.0.0.0(i2080 %conv1d_input_V_read)"   --->   Operation 34 'call' 'call_ret_i' <Predicate = true> <Delay = 2.15> <CoreType = "Generic">   --->   Core 0 '' <Latency = 0> <II = 1> <Delay = 1.00> <Generic> <Opcode : >

State 5 <SV = 4> <Delay = 2.15>
ST_5 : Operation 35 [4/8] (2.15ns)   --->   "%call_ret_i = call fastcc { i16, i16, i16, i16, i16, i16, i16, i16, i16, i16, i16, i16, i16, i16, i16, i16, i16, i16, i16, i16 } @conv_1d_latency_cl.0.0.0.0.0.0.0.0.0.0.0.0.0.0.0.0.0.0.0.0.0(i2080 %conv1d_input_V_read)"   --->   Operation 35 'call' 'call_ret_i' <Predicate = true> <Delay = 2.15> <CoreType = "Generic">   --->   Core 0 '' <Latency = 0> <II = 1> <Delay = 1.00> <Generic> <Opcode : >

State 6 <SV = 5> <Delay = 2.15>
ST_6 : Operation 36 [3/8] (2.15ns)   --->   "%call_ret_i = call fastcc { i16, i16, i16, i16, i16, i16, i16, i16, i16, i16, i16, i16, i16, i16, i16, i16, i16, i16, i16, i16 } @conv_1d_latency_cl.0.0.0.0.0.0.0.0.0.0.0.0.0.0.0.0.0.0.0.0.0(i2080 %conv1d_input_V_read)"   --->   Operation 36 'call' 'call_ret_i' <Predicate = true> <Delay = 2.15> <CoreType = "Generic">   --->   Core 0 '' <Latency = 0> <II = 1> <Delay = 1.00> <Generic> <Opcode : >

State 7 <SV = 6> <Delay = 2.15>
ST_7 : Operation 37 [2/8] (2.15ns)   --->   "%call_ret_i = call fastcc { i16, i16, i16, i16, i16, i16, i16, i16, i16, i16, i16, i16, i16, i16, i16, i16, i16, i16, i16, i16 } @conv_1d_latency_cl.0.0.0.0.0.0.0.0.0.0.0.0.0.0.0.0.0.0.0.0.0(i2080 %conv1d_input_V_read)"   --->   Operation 37 'call' 'call_ret_i' <Predicate = true> <Delay = 2.15> <CoreType = "Generic">   --->   Core 0 '' <Latency = 0> <II = 1> <Delay = 1.00> <Generic> <Opcode : >

State 8 <SV = 7> <Delay = 2.02>
ST_8 : Operation 38 [1/8] (2.02ns)   --->   "%call_ret_i = call fastcc { i16, i16, i16, i16, i16, i16, i16, i16, i16, i16, i16, i16, i16, i16, i16, i16, i16, i16, i16, i16 } @conv_1d_latency_cl.0.0.0.0.0.0.0.0.0.0.0.0.0.0.0.0.0.0.0.0.0(i2080 %conv1d_input_V_read)"   --->   Operation 38 'call' 'call_ret_i' <Predicate = true> <Delay = 2.02> <CoreType = "Generic">   --->   Core 0 '' <Latency = 0> <II = 1> <Delay = 1.00> <Generic> <Opcode : >
ST_8 : Operation 39 [1/1] (0.00ns)   --->   "%layer2_out_0_V = extractvalue { i16, i16, i16, i16, i16, i16, i16, i16, i16, i16, i16, i16, i16, i16, i16, i16, i16, i16, i16, i16 } %call_ret_i, 0"   --->   Operation 39 'extractvalue' 'layer2_out_0_V' <Predicate = true> <Delay = 0.00>
ST_8 : Operation 40 [1/1] (0.00ns)   --->   "%layer2_out_1_V = extractvalue { i16, i16, i16, i16, i16, i16, i16, i16, i16, i16, i16, i16, i16, i16, i16, i16, i16, i16, i16, i16 } %call_ret_i, 1"   --->   Operation 40 'extractvalue' 'layer2_out_1_V' <Predicate = true> <Delay = 0.00>
ST_8 : Operation 41 [1/1] (0.00ns)   --->   "%layer2_out_2_V = extractvalue { i16, i16, i16, i16, i16, i16, i16, i16, i16, i16, i16, i16, i16, i16, i16, i16, i16, i16, i16, i16 } %call_ret_i, 2"   --->   Operation 41 'extractvalue' 'layer2_out_2_V' <Predicate = true> <Delay = 0.00>
ST_8 : Operation 42 [1/1] (0.00ns)   --->   "%layer2_out_3_V = extractvalue { i16, i16, i16, i16, i16, i16, i16, i16, i16, i16, i16, i16, i16, i16, i16, i16, i16, i16, i16, i16 } %call_ret_i, 3"   --->   Operation 42 'extractvalue' 'layer2_out_3_V' <Predicate = true> <Delay = 0.00>
ST_8 : Operation 43 [1/1] (0.00ns)   --->   "%layer2_out_4_V = extractvalue { i16, i16, i16, i16, i16, i16, i16, i16, i16, i16, i16, i16, i16, i16, i16, i16, i16, i16, i16, i16 } %call_ret_i, 4"   --->   Operation 43 'extractvalue' 'layer2_out_4_V' <Predicate = true> <Delay = 0.00>
ST_8 : Operation 44 [1/1] (0.00ns)   --->   "%layer2_out_5_V = extractvalue { i16, i16, i16, i16, i16, i16, i16, i16, i16, i16, i16, i16, i16, i16, i16, i16, i16, i16, i16, i16 } %call_ret_i, 5"   --->   Operation 44 'extractvalue' 'layer2_out_5_V' <Predicate = true> <Delay = 0.00>
ST_8 : Operation 45 [1/1] (0.00ns)   --->   "%layer2_out_6_V = extractvalue { i16, i16, i16, i16, i16, i16, i16, i16, i16, i16, i16, i16, i16, i16, i16, i16, i16, i16, i16, i16 } %call_ret_i, 6"   --->   Operation 45 'extractvalue' 'layer2_out_6_V' <Predicate = true> <Delay = 0.00>
ST_8 : Operation 46 [1/1] (0.00ns)   --->   "%layer2_out_7_V = extractvalue { i16, i16, i16, i16, i16, i16, i16, i16, i16, i16, i16, i16, i16, i16, i16, i16, i16, i16, i16, i16 } %call_ret_i, 7"   --->   Operation 46 'extractvalue' 'layer2_out_7_V' <Predicate = true> <Delay = 0.00>
ST_8 : Operation 47 [1/1] (0.00ns)   --->   "%layer2_out_8_V = extractvalue { i16, i16, i16, i16, i16, i16, i16, i16, i16, i16, i16, i16, i16, i16, i16, i16, i16, i16, i16, i16 } %call_ret_i, 8"   --->   Operation 47 'extractvalue' 'layer2_out_8_V' <Predicate = true> <Delay = 0.00>
ST_8 : Operation 48 [1/1] (0.00ns)   --->   "%layer2_out_9_V = extractvalue { i16, i16, i16, i16, i16, i16, i16, i16, i16, i16, i16, i16, i16, i16, i16, i16, i16, i16, i16, i16 } %call_ret_i, 9"   --->   Operation 48 'extractvalue' 'layer2_out_9_V' <Predicate = true> <Delay = 0.00>
ST_8 : Operation 49 [1/1] (0.00ns)   --->   "%layer2_out_10_V = extractvalue { i16, i16, i16, i16, i16, i16, i16, i16, i16, i16, i16, i16, i16, i16, i16, i16, i16, i16, i16, i16 } %call_ret_i, 10"   --->   Operation 49 'extractvalue' 'layer2_out_10_V' <Predicate = true> <Delay = 0.00>
ST_8 : Operation 50 [1/1] (0.00ns)   --->   "%layer2_out_11_V = extractvalue { i16, i16, i16, i16, i16, i16, i16, i16, i16, i16, i16, i16, i16, i16, i16, i16, i16, i16, i16, i16 } %call_ret_i, 11"   --->   Operation 50 'extractvalue' 'layer2_out_11_V' <Predicate = true> <Delay = 0.00>
ST_8 : Operation 51 [1/1] (0.00ns)   --->   "%layer2_out_12_V = extractvalue { i16, i16, i16, i16, i16, i16, i16, i16, i16, i16, i16, i16, i16, i16, i16, i16, i16, i16, i16, i16 } %call_ret_i, 12"   --->   Operation 51 'extractvalue' 'layer2_out_12_V' <Predicate = true> <Delay = 0.00>
ST_8 : Operation 52 [1/1] (0.00ns)   --->   "%layer2_out_13_V = extractvalue { i16, i16, i16, i16, i16, i16, i16, i16, i16, i16, i16, i16, i16, i16, i16, i16, i16, i16, i16, i16 } %call_ret_i, 13"   --->   Operation 52 'extractvalue' 'layer2_out_13_V' <Predicate = true> <Delay = 0.00>
ST_8 : Operation 53 [1/1] (0.00ns)   --->   "%layer2_out_14_V = extractvalue { i16, i16, i16, i16, i16, i16, i16, i16, i16, i16, i16, i16, i16, i16, i16, i16, i16, i16, i16, i16 } %call_ret_i, 14"   --->   Operation 53 'extractvalue' 'layer2_out_14_V' <Predicate = true> <Delay = 0.00>
ST_8 : Operation 54 [1/1] (0.00ns)   --->   "%layer2_out_15_V = extractvalue { i16, i16, i16, i16, i16, i16, i16, i16, i16, i16, i16, i16, i16, i16, i16, i16, i16, i16, i16, i16 } %call_ret_i, 15"   --->   Operation 54 'extractvalue' 'layer2_out_15_V' <Predicate = true> <Delay = 0.00>
ST_8 : Operation 55 [1/1] (0.00ns)   --->   "%layer2_out_16_V = extractvalue { i16, i16, i16, i16, i16, i16, i16, i16, i16, i16, i16, i16, i16, i16, i16, i16, i16, i16, i16, i16 } %call_ret_i, 16"   --->   Operation 55 'extractvalue' 'layer2_out_16_V' <Predicate = true> <Delay = 0.00>
ST_8 : Operation 56 [1/1] (0.00ns)   --->   "%layer2_out_17_V = extractvalue { i16, i16, i16, i16, i16, i16, i16, i16, i16, i16, i16, i16, i16, i16, i16, i16, i16, i16, i16, i16 } %call_ret_i, 17"   --->   Operation 56 'extractvalue' 'layer2_out_17_V' <Predicate = true> <Delay = 0.00>
ST_8 : Operation 57 [1/1] (0.00ns)   --->   "%layer2_out_18_V = extractvalue { i16, i16, i16, i16, i16, i16, i16, i16, i16, i16, i16, i16, i16, i16, i16, i16, i16, i16, i16, i16 } %call_ret_i, 18"   --->   Operation 57 'extractvalue' 'layer2_out_18_V' <Predicate = true> <Delay = 0.00>
ST_8 : Operation 58 [1/1] (0.00ns)   --->   "%layer2_out_19_V = extractvalue { i16, i16, i16, i16, i16, i16, i16, i16, i16, i16, i16, i16, i16, i16, i16, i16, i16, i16, i16, i16 } %call_ret_i, 19"   --->   Operation 58 'extractvalue' 'layer2_out_19_V' <Predicate = true> <Delay = 0.00>

State 9 <SV = 8> <Delay = 0.96>
ST_9 : Operation 59 [1/1] (0.96ns)   --->   "%call_ret2 = call fastcc { i16, i16, i16, i16, i16, i16, i16, i16, i16, i16, i16, i16, i16, i16, i16, i16, i16, i16, i16, i16 } @"relu<ap_fixed,ap_fixed<16,8,5,3,0>,relu_config3>"(i16 %layer2_out_0_V, i16 %layer2_out_1_V, i16 %layer2_out_2_V, i16 %layer2_out_3_V, i16 %layer2_out_4_V, i16 %layer2_out_5_V, i16 %layer2_out_6_V, i16 %layer2_out_7_V, i16 %layer2_out_8_V, i16 %layer2_out_9_V, i16 %layer2_out_10_V, i16 %layer2_out_11_V, i16 %layer2_out_12_V, i16 %layer2_out_13_V, i16 %layer2_out_14_V, i16 %layer2_out_15_V, i16 %layer2_out_16_V, i16 %layer2_out_17_V, i16 %layer2_out_18_V, i16 %layer2_out_19_V)" [firmware/myproject.cpp:70]   --->   Operation 59 'call' 'call_ret2' <Predicate = true> <Delay = 0.96> <CoreType = "Generic">   --->   Core 0 '' <Latency = 0> <II = 1> <Delay = 1.00> <Generic> <Opcode : >
ST_9 : Operation 60 [1/1] (0.00ns)   --->   "%layer3_out_0_V = extractvalue { i16, i16, i16, i16, i16, i16, i16, i16, i16, i16, i16, i16, i16, i16, i16, i16, i16, i16, i16, i16 } %call_ret2, 0" [firmware/myproject.cpp:70]   --->   Operation 60 'extractvalue' 'layer3_out_0_V' <Predicate = true> <Delay = 0.00>
ST_9 : Operation 61 [1/1] (0.00ns)   --->   "%layer3_out_1_V = extractvalue { i16, i16, i16, i16, i16, i16, i16, i16, i16, i16, i16, i16, i16, i16, i16, i16, i16, i16, i16, i16 } %call_ret2, 1" [firmware/myproject.cpp:70]   --->   Operation 61 'extractvalue' 'layer3_out_1_V' <Predicate = true> <Delay = 0.00>
ST_9 : Operation 62 [1/1] (0.00ns)   --->   "%layer3_out_2_V = extractvalue { i16, i16, i16, i16, i16, i16, i16, i16, i16, i16, i16, i16, i16, i16, i16, i16, i16, i16, i16, i16 } %call_ret2, 2" [firmware/myproject.cpp:70]   --->   Operation 62 'extractvalue' 'layer3_out_2_V' <Predicate = true> <Delay = 0.00>
ST_9 : Operation 63 [1/1] (0.00ns)   --->   "%layer3_out_3_V = extractvalue { i16, i16, i16, i16, i16, i16, i16, i16, i16, i16, i16, i16, i16, i16, i16, i16, i16, i16, i16, i16 } %call_ret2, 3" [firmware/myproject.cpp:70]   --->   Operation 63 'extractvalue' 'layer3_out_3_V' <Predicate = true> <Delay = 0.00>
ST_9 : Operation 64 [1/1] (0.00ns)   --->   "%layer3_out_4_V = extractvalue { i16, i16, i16, i16, i16, i16, i16, i16, i16, i16, i16, i16, i16, i16, i16, i16, i16, i16, i16, i16 } %call_ret2, 4" [firmware/myproject.cpp:70]   --->   Operation 64 'extractvalue' 'layer3_out_4_V' <Predicate = true> <Delay = 0.00>
ST_9 : Operation 65 [1/1] (0.00ns)   --->   "%layer3_out_5_V = extractvalue { i16, i16, i16, i16, i16, i16, i16, i16, i16, i16, i16, i16, i16, i16, i16, i16, i16, i16, i16, i16 } %call_ret2, 5" [firmware/myproject.cpp:70]   --->   Operation 65 'extractvalue' 'layer3_out_5_V' <Predicate = true> <Delay = 0.00>
ST_9 : Operation 66 [1/1] (0.00ns)   --->   "%layer3_out_6_V = extractvalue { i16, i16, i16, i16, i16, i16, i16, i16, i16, i16, i16, i16, i16, i16, i16, i16, i16, i16, i16, i16 } %call_ret2, 6" [firmware/myproject.cpp:70]   --->   Operation 66 'extractvalue' 'layer3_out_6_V' <Predicate = true> <Delay = 0.00>
ST_9 : Operation 67 [1/1] (0.00ns)   --->   "%layer3_out_7_V = extractvalue { i16, i16, i16, i16, i16, i16, i16, i16, i16, i16, i16, i16, i16, i16, i16, i16, i16, i16, i16, i16 } %call_ret2, 7" [firmware/myproject.cpp:70]   --->   Operation 67 'extractvalue' 'layer3_out_7_V' <Predicate = true> <Delay = 0.00>
ST_9 : Operation 68 [1/1] (0.00ns)   --->   "%layer3_out_8_V = extractvalue { i16, i16, i16, i16, i16, i16, i16, i16, i16, i16, i16, i16, i16, i16, i16, i16, i16, i16, i16, i16 } %call_ret2, 8" [firmware/myproject.cpp:70]   --->   Operation 68 'extractvalue' 'layer3_out_8_V' <Predicate = true> <Delay = 0.00>
ST_9 : Operation 69 [1/1] (0.00ns)   --->   "%layer3_out_9_V = extractvalue { i16, i16, i16, i16, i16, i16, i16, i16, i16, i16, i16, i16, i16, i16, i16, i16, i16, i16, i16, i16 } %call_ret2, 9" [firmware/myproject.cpp:70]   --->   Operation 69 'extractvalue' 'layer3_out_9_V' <Predicate = true> <Delay = 0.00>
ST_9 : Operation 70 [1/1] (0.00ns)   --->   "%layer3_out_10_V = extractvalue { i16, i16, i16, i16, i16, i16, i16, i16, i16, i16, i16, i16, i16, i16, i16, i16, i16, i16, i16, i16 } %call_ret2, 10" [firmware/myproject.cpp:70]   --->   Operation 70 'extractvalue' 'layer3_out_10_V' <Predicate = true> <Delay = 0.00>
ST_9 : Operation 71 [1/1] (0.00ns)   --->   "%layer3_out_11_V = extractvalue { i16, i16, i16, i16, i16, i16, i16, i16, i16, i16, i16, i16, i16, i16, i16, i16, i16, i16, i16, i16 } %call_ret2, 11" [firmware/myproject.cpp:70]   --->   Operation 71 'extractvalue' 'layer3_out_11_V' <Predicate = true> <Delay = 0.00>
ST_9 : Operation 72 [1/1] (0.00ns)   --->   "%layer3_out_12_V = extractvalue { i16, i16, i16, i16, i16, i16, i16, i16, i16, i16, i16, i16, i16, i16, i16, i16, i16, i16, i16, i16 } %call_ret2, 12" [firmware/myproject.cpp:70]   --->   Operation 72 'extractvalue' 'layer3_out_12_V' <Predicate = true> <Delay = 0.00>
ST_9 : Operation 73 [1/1] (0.00ns)   --->   "%layer3_out_13_V = extractvalue { i16, i16, i16, i16, i16, i16, i16, i16, i16, i16, i16, i16, i16, i16, i16, i16, i16, i16, i16, i16 } %call_ret2, 13" [firmware/myproject.cpp:70]   --->   Operation 73 'extractvalue' 'layer3_out_13_V' <Predicate = true> <Delay = 0.00>
ST_9 : Operation 74 [1/1] (0.00ns)   --->   "%layer3_out_14_V = extractvalue { i16, i16, i16, i16, i16, i16, i16, i16, i16, i16, i16, i16, i16, i16, i16, i16, i16, i16, i16, i16 } %call_ret2, 14" [firmware/myproject.cpp:70]   --->   Operation 74 'extractvalue' 'layer3_out_14_V' <Predicate = true> <Delay = 0.00>
ST_9 : Operation 75 [1/1] (0.00ns)   --->   "%layer3_out_15_V = extractvalue { i16, i16, i16, i16, i16, i16, i16, i16, i16, i16, i16, i16, i16, i16, i16, i16, i16, i16, i16, i16 } %call_ret2, 15" [firmware/myproject.cpp:70]   --->   Operation 75 'extractvalue' 'layer3_out_15_V' <Predicate = true> <Delay = 0.00>
ST_9 : Operation 76 [1/1] (0.00ns)   --->   "%layer3_out_16_V = extractvalue { i16, i16, i16, i16, i16, i16, i16, i16, i16, i16, i16, i16, i16, i16, i16, i16, i16, i16, i16, i16 } %call_ret2, 16" [firmware/myproject.cpp:70]   --->   Operation 76 'extractvalue' 'layer3_out_16_V' <Predicate = true> <Delay = 0.00>
ST_9 : Operation 77 [1/1] (0.00ns)   --->   "%layer3_out_17_V = extractvalue { i16, i16, i16, i16, i16, i16, i16, i16, i16, i16, i16, i16, i16, i16, i16, i16, i16, i16, i16, i16 } %call_ret2, 17" [firmware/myproject.cpp:70]   --->   Operation 77 'extractvalue' 'layer3_out_17_V' <Predicate = true> <Delay = 0.00>
ST_9 : Operation 78 [1/1] (0.00ns)   --->   "%layer3_out_18_V = extractvalue { i16, i16, i16, i16, i16, i16, i16, i16, i16, i16, i16, i16, i16, i16, i16, i16, i16, i16, i16, i16 } %call_ret2, 18" [firmware/myproject.cpp:70]   --->   Operation 78 'extractvalue' 'layer3_out_18_V' <Predicate = true> <Delay = 0.00>
ST_9 : Operation 79 [1/1] (0.00ns)   --->   "%layer3_out_19_V = extractvalue { i16, i16, i16, i16, i16, i16, i16, i16, i16, i16, i16, i16, i16, i16, i16, i16, i16, i16, i16, i16 } %call_ret2, 19" [firmware/myproject.cpp:70]   --->   Operation 79 'extractvalue' 'layer3_out_19_V' <Predicate = true> <Delay = 0.00>

State 10 <SV = 9> <Delay = 1.94>
ST_10 : Operation 80 [3/3] (1.94ns)   --->   "%call_ret3 = call fastcc { i16, i16, i16, i16, i16, i16, i16, i16, i16, i16 } @pointwise_conv_1d_cl.0.0.0.0.0.0(i16 %layer3_out_0_V, i16 %layer3_out_1_V, i16 %layer3_out_2_V, i16 %layer3_out_3_V, i16 %layer3_out_4_V, i16 %layer3_out_5_V, i16 %layer3_out_6_V, i16 %layer3_out_7_V, i16 %layer3_out_8_V, i16 %layer3_out_9_V, i16 %layer3_out_10_V, i16 %layer3_out_11_V, i16 %layer3_out_12_V, i16 %layer3_out_13_V, i16 %layer3_out_14_V, i16 %layer3_out_15_V, i16 %layer3_out_16_V, i16 %layer3_out_17_V, i16 %layer3_out_18_V, i16 %layer3_out_19_V)" [firmware/myproject.cpp:74]   --->   Operation 80 'call' 'call_ret3' <Predicate = true> <Delay = 1.94> <CoreType = "Generic">   --->   Core 0 '' <Latency = 0> <II = 1> <Delay = 1.00> <Generic> <Opcode : >

State 11 <SV = 10> <Delay = 2.02>
ST_11 : Operation 81 [2/3] (2.02ns)   --->   "%call_ret3 = call fastcc { i16, i16, i16, i16, i16, i16, i16, i16, i16, i16 } @pointwise_conv_1d_cl.0.0.0.0.0.0(i16 %layer3_out_0_V, i16 %layer3_out_1_V, i16 %layer3_out_2_V, i16 %layer3_out_3_V, i16 %layer3_out_4_V, i16 %layer3_out_5_V, i16 %layer3_out_6_V, i16 %layer3_out_7_V, i16 %layer3_out_8_V, i16 %layer3_out_9_V, i16 %layer3_out_10_V, i16 %layer3_out_11_V, i16 %layer3_out_12_V, i16 %layer3_out_13_V, i16 %layer3_out_14_V, i16 %layer3_out_15_V, i16 %layer3_out_16_V, i16 %layer3_out_17_V, i16 %layer3_out_18_V, i16 %layer3_out_19_V)" [firmware/myproject.cpp:74]   --->   Operation 81 'call' 'call_ret3' <Predicate = true> <Delay = 2.02> <CoreType = "Generic">   --->   Core 0 '' <Latency = 0> <II = 1> <Delay = 1.00> <Generic> <Opcode : >

State 12 <SV = 11> <Delay = 2.02>
ST_12 : Operation 82 [1/3] (2.02ns)   --->   "%call_ret3 = call fastcc { i16, i16, i16, i16, i16, i16, i16, i16, i16, i16 } @pointwise_conv_1d_cl.0.0.0.0.0.0(i16 %layer3_out_0_V, i16 %layer3_out_1_V, i16 %layer3_out_2_V, i16 %layer3_out_3_V, i16 %layer3_out_4_V, i16 %layer3_out_5_V, i16 %layer3_out_6_V, i16 %layer3_out_7_V, i16 %layer3_out_8_V, i16 %layer3_out_9_V, i16 %layer3_out_10_V, i16 %layer3_out_11_V, i16 %layer3_out_12_V, i16 %layer3_out_13_V, i16 %layer3_out_14_V, i16 %layer3_out_15_V, i16 %layer3_out_16_V, i16 %layer3_out_17_V, i16 %layer3_out_18_V, i16 %layer3_out_19_V)" [firmware/myproject.cpp:74]   --->   Operation 82 'call' 'call_ret3' <Predicate = true> <Delay = 2.02> <CoreType = "Generic">   --->   Core 0 '' <Latency = 0> <II = 1> <Delay = 1.00> <Generic> <Opcode : >
ST_12 : Operation 83 [1/1] (0.00ns)   --->   "%layer13_out_0_V = extractvalue { i16, i16, i16, i16, i16, i16, i16, i16, i16, i16 } %call_ret3, 0" [firmware/myproject.cpp:74]   --->   Operation 83 'extractvalue' 'layer13_out_0_V' <Predicate = true> <Delay = 0.00>
ST_12 : Operation 84 [1/1] (0.00ns)   --->   "%layer13_out_1_V = extractvalue { i16, i16, i16, i16, i16, i16, i16, i16, i16, i16 } %call_ret3, 1" [firmware/myproject.cpp:74]   --->   Operation 84 'extractvalue' 'layer13_out_1_V' <Predicate = true> <Delay = 0.00>
ST_12 : Operation 85 [1/1] (0.00ns)   --->   "%layer13_out_2_V = extractvalue { i16, i16, i16, i16, i16, i16, i16, i16, i16, i16 } %call_ret3, 2" [firmware/myproject.cpp:74]   --->   Operation 85 'extractvalue' 'layer13_out_2_V' <Predicate = true> <Delay = 0.00>
ST_12 : Operation 86 [1/1] (0.00ns)   --->   "%layer13_out_3_V = extractvalue { i16, i16, i16, i16, i16, i16, i16, i16, i16, i16 } %call_ret3, 3" [firmware/myproject.cpp:74]   --->   Operation 86 'extractvalue' 'layer13_out_3_V' <Predicate = true> <Delay = 0.00>
ST_12 : Operation 87 [1/1] (0.00ns)   --->   "%layer13_out_4_V = extractvalue { i16, i16, i16, i16, i16, i16, i16, i16, i16, i16 } %call_ret3, 4" [firmware/myproject.cpp:74]   --->   Operation 87 'extractvalue' 'layer13_out_4_V' <Predicate = true> <Delay = 0.00>
ST_12 : Operation 88 [1/1] (0.00ns)   --->   "%layer13_out_5_V = extractvalue { i16, i16, i16, i16, i16, i16, i16, i16, i16, i16 } %call_ret3, 5" [firmware/myproject.cpp:74]   --->   Operation 88 'extractvalue' 'layer13_out_5_V' <Predicate = true> <Delay = 0.00>
ST_12 : Operation 89 [1/1] (0.00ns)   --->   "%layer13_out_6_V = extractvalue { i16, i16, i16, i16, i16, i16, i16, i16, i16, i16 } %call_ret3, 6" [firmware/myproject.cpp:74]   --->   Operation 89 'extractvalue' 'layer13_out_6_V' <Predicate = true> <Delay = 0.00>
ST_12 : Operation 90 [1/1] (0.00ns)   --->   "%layer13_out_7_V = extractvalue { i16, i16, i16, i16, i16, i16, i16, i16, i16, i16 } %call_ret3, 7" [firmware/myproject.cpp:74]   --->   Operation 90 'extractvalue' 'layer13_out_7_V' <Predicate = true> <Delay = 0.00>
ST_12 : Operation 91 [1/1] (0.00ns)   --->   "%layer13_out_8_V = extractvalue { i16, i16, i16, i16, i16, i16, i16, i16, i16, i16 } %call_ret3, 8" [firmware/myproject.cpp:74]   --->   Operation 91 'extractvalue' 'layer13_out_8_V' <Predicate = true> <Delay = 0.00>
ST_12 : Operation 92 [1/1] (0.00ns)   --->   "%layer13_out_9_V = extractvalue { i16, i16, i16, i16, i16, i16, i16, i16, i16, i16 } %call_ret3, 9" [firmware/myproject.cpp:74]   --->   Operation 92 'extractvalue' 'layer13_out_9_V' <Predicate = true> <Delay = 0.00>

State 13 <SV = 12> <Delay = 0.96>
ST_13 : Operation 93 [1/1] (0.96ns)   --->   "%call_ret4 = call fastcc { i16, i16, i16, i16, i16, i16, i16, i16, i16, i16 } @"relu<ap_fixed,ap_fixed<16,8,5,3,0>,relu_config5>"(i16 %layer13_out_0_V, i16 %layer13_out_1_V, i16 %layer13_out_2_V, i16 %layer13_out_3_V, i16 %layer13_out_4_V, i16 %layer13_out_5_V, i16 %layer13_out_6_V, i16 %layer13_out_7_V, i16 %layer13_out_8_V, i16 %layer13_out_9_V)" [firmware/myproject.cpp:78]   --->   Operation 93 'call' 'call_ret4' <Predicate = true> <Delay = 0.96> <CoreType = "Generic">   --->   Core 0 '' <Latency = 0> <II = 1> <Delay = 1.00> <Generic> <Opcode : >
ST_13 : Operation 94 [1/1] (0.00ns)   --->   "%layer5_out_0_V = extractvalue { i16, i16, i16, i16, i16, i16, i16, i16, i16, i16 } %call_ret4, 0" [firmware/myproject.cpp:78]   --->   Operation 94 'extractvalue' 'layer5_out_0_V' <Predicate = true> <Delay = 0.00>
ST_13 : Operation 95 [1/1] (0.00ns)   --->   "%layer5_out_1_V = extractvalue { i16, i16, i16, i16, i16, i16, i16, i16, i16, i16 } %call_ret4, 1" [firmware/myproject.cpp:78]   --->   Operation 95 'extractvalue' 'layer5_out_1_V' <Predicate = true> <Delay = 0.00>
ST_13 : Operation 96 [1/1] (0.00ns)   --->   "%layer5_out_2_V = extractvalue { i16, i16, i16, i16, i16, i16, i16, i16, i16, i16 } %call_ret4, 2" [firmware/myproject.cpp:78]   --->   Operation 96 'extractvalue' 'layer5_out_2_V' <Predicate = true> <Delay = 0.00>
ST_13 : Operation 97 [1/1] (0.00ns)   --->   "%layer5_out_3_V = extractvalue { i16, i16, i16, i16, i16, i16, i16, i16, i16, i16 } %call_ret4, 3" [firmware/myproject.cpp:78]   --->   Operation 97 'extractvalue' 'layer5_out_3_V' <Predicate = true> <Delay = 0.00>
ST_13 : Operation 98 [1/1] (0.00ns)   --->   "%layer5_out_4_V = extractvalue { i16, i16, i16, i16, i16, i16, i16, i16, i16, i16 } %call_ret4, 4" [firmware/myproject.cpp:78]   --->   Operation 98 'extractvalue' 'layer5_out_4_V' <Predicate = true> <Delay = 0.00>
ST_13 : Operation 99 [1/1] (0.00ns)   --->   "%layer5_out_5_V = extractvalue { i16, i16, i16, i16, i16, i16, i16, i16, i16, i16 } %call_ret4, 5" [firmware/myproject.cpp:78]   --->   Operation 99 'extractvalue' 'layer5_out_5_V' <Predicate = true> <Delay = 0.00>
ST_13 : Operation 100 [1/1] (0.00ns)   --->   "%layer5_out_6_V = extractvalue { i16, i16, i16, i16, i16, i16, i16, i16, i16, i16 } %call_ret4, 6" [firmware/myproject.cpp:78]   --->   Operation 100 'extractvalue' 'layer5_out_6_V' <Predicate = true> <Delay = 0.00>
ST_13 : Operation 101 [1/1] (0.00ns)   --->   "%layer5_out_7_V = extractvalue { i16, i16, i16, i16, i16, i16, i16, i16, i16, i16 } %call_ret4, 7" [firmware/myproject.cpp:78]   --->   Operation 101 'extractvalue' 'layer5_out_7_V' <Predicate = true> <Delay = 0.00>
ST_13 : Operation 102 [1/1] (0.00ns)   --->   "%layer5_out_8_V = extractvalue { i16, i16, i16, i16, i16, i16, i16, i16, i16, i16 } %call_ret4, 8" [firmware/myproject.cpp:78]   --->   Operation 102 'extractvalue' 'layer5_out_8_V' <Predicate = true> <Delay = 0.00>
ST_13 : Operation 103 [1/1] (0.00ns)   --->   "%layer5_out_9_V = extractvalue { i16, i16, i16, i16, i16, i16, i16, i16, i16, i16 } %call_ret4, 9" [firmware/myproject.cpp:78]   --->   Operation 103 'extractvalue' 'layer5_out_9_V' <Predicate = true> <Delay = 0.00>

State 14 <SV = 13> <Delay = 1.94>
ST_14 : Operation 104 [3/3] (1.94ns)   --->   "%call_ret5 = call fastcc { i16, i16, i16, i16, i16, i16, i16, i16, i16, i16, i16, i16, i16, i16, i16, i16, i16, i16, i16, i16 } @dense_latency.0.0.0.0.0.0.0.0.0.0.0.0.0.0.0.0.0.0.0.0.0(i16 %layer5_out_0_V, i16 %layer5_out_1_V, i16 %layer5_out_2_V, i16 %layer5_out_3_V, i16 %layer5_out_4_V, i16 %layer5_out_5_V, i16 %layer5_out_6_V, i16 %layer5_out_7_V, i16 %layer5_out_8_V, i16 %layer5_out_9_V)" [firmware/nnet_utils/nnet_dense.h:46->firmware/myproject.cpp:82]   --->   Operation 104 'call' 'call_ret5' <Predicate = true> <Delay = 1.94> <CoreType = "Generic">   --->   Core 0 '' <Latency = 0> <II = 1> <Delay = 1.00> <Generic> <Opcode : >

State 15 <SV = 14> <Delay = 2.05>
ST_15 : Operation 105 [2/3] (2.05ns)   --->   "%call_ret5 = call fastcc { i16, i16, i16, i16, i16, i16, i16, i16, i16, i16, i16, i16, i16, i16, i16, i16, i16, i16, i16, i16 } @dense_latency.0.0.0.0.0.0.0.0.0.0.0.0.0.0.0.0.0.0.0.0.0(i16 %layer5_out_0_V, i16 %layer5_out_1_V, i16 %layer5_out_2_V, i16 %layer5_out_3_V, i16 %layer5_out_4_V, i16 %layer5_out_5_V, i16 %layer5_out_6_V, i16 %layer5_out_7_V, i16 %layer5_out_8_V, i16 %layer5_out_9_V)" [firmware/nnet_utils/nnet_dense.h:46->firmware/myproject.cpp:82]   --->   Operation 105 'call' 'call_ret5' <Predicate = true> <Delay = 2.05> <CoreType = "Generic">   --->   Core 0 '' <Latency = 0> <II = 1> <Delay = 1.00> <Generic> <Opcode : >

State 16 <SV = 15> <Delay = 1.64>
ST_16 : Operation 106 [1/3] (0.67ns)   --->   "%call_ret5 = call fastcc { i16, i16, i16, i16, i16, i16, i16, i16, i16, i16, i16, i16, i16, i16, i16, i16, i16, i16, i16, i16 } @dense_latency.0.0.0.0.0.0.0.0.0.0.0.0.0.0.0.0.0.0.0.0.0(i16 %layer5_out_0_V, i16 %layer5_out_1_V, i16 %layer5_out_2_V, i16 %layer5_out_3_V, i16 %layer5_out_4_V, i16 %layer5_out_5_V, i16 %layer5_out_6_V, i16 %layer5_out_7_V, i16 %layer5_out_8_V, i16 %layer5_out_9_V)" [firmware/nnet_utils/nnet_dense.h:46->firmware/myproject.cpp:82]   --->   Operation 106 'call' 'call_ret5' <Predicate = true> <Delay = 0.67> <CoreType = "Generic">   --->   Core 0 '' <Latency = 0> <II = 1> <Delay = 1.00> <Generic> <Opcode : >
ST_16 : Operation 107 [1/1] (0.00ns)   --->   "%layer7_out_0_V = extractvalue { i16, i16, i16, i16, i16, i16, i16, i16, i16, i16, i16, i16, i16, i16, i16, i16, i16, i16, i16, i16 } %call_ret5, 0" [firmware/nnet_utils/nnet_dense.h:46->firmware/myproject.cpp:82]   --->   Operation 107 'extractvalue' 'layer7_out_0_V' <Predicate = true> <Delay = 0.00>
ST_16 : Operation 108 [1/1] (0.00ns)   --->   "%layer7_out_1_V = extractvalue { i16, i16, i16, i16, i16, i16, i16, i16, i16, i16, i16, i16, i16, i16, i16, i16, i16, i16, i16, i16 } %call_ret5, 1" [firmware/nnet_utils/nnet_dense.h:46->firmware/myproject.cpp:82]   --->   Operation 108 'extractvalue' 'layer7_out_1_V' <Predicate = true> <Delay = 0.00>
ST_16 : Operation 109 [1/1] (0.00ns)   --->   "%layer7_out_2_V = extractvalue { i16, i16, i16, i16, i16, i16, i16, i16, i16, i16, i16, i16, i16, i16, i16, i16, i16, i16, i16, i16 } %call_ret5, 2" [firmware/nnet_utils/nnet_dense.h:46->firmware/myproject.cpp:82]   --->   Operation 109 'extractvalue' 'layer7_out_2_V' <Predicate = true> <Delay = 0.00>
ST_16 : Operation 110 [1/1] (0.00ns)   --->   "%layer7_out_3_V = extractvalue { i16, i16, i16, i16, i16, i16, i16, i16, i16, i16, i16, i16, i16, i16, i16, i16, i16, i16, i16, i16 } %call_ret5, 3" [firmware/nnet_utils/nnet_dense.h:46->firmware/myproject.cpp:82]   --->   Operation 110 'extractvalue' 'layer7_out_3_V' <Predicate = true> <Delay = 0.00>
ST_16 : Operation 111 [1/1] (0.00ns)   --->   "%layer7_out_4_V = extractvalue { i16, i16, i16, i16, i16, i16, i16, i16, i16, i16, i16, i16, i16, i16, i16, i16, i16, i16, i16, i16 } %call_ret5, 4" [firmware/nnet_utils/nnet_dense.h:46->firmware/myproject.cpp:82]   --->   Operation 111 'extractvalue' 'layer7_out_4_V' <Predicate = true> <Delay = 0.00>
ST_16 : Operation 112 [1/1] (0.00ns)   --->   "%layer7_out_5_V = extractvalue { i16, i16, i16, i16, i16, i16, i16, i16, i16, i16, i16, i16, i16, i16, i16, i16, i16, i16, i16, i16 } %call_ret5, 5" [firmware/nnet_utils/nnet_dense.h:46->firmware/myproject.cpp:82]   --->   Operation 112 'extractvalue' 'layer7_out_5_V' <Predicate = true> <Delay = 0.00>
ST_16 : Operation 113 [1/1] (0.00ns)   --->   "%layer7_out_6_V = extractvalue { i16, i16, i16, i16, i16, i16, i16, i16, i16, i16, i16, i16, i16, i16, i16, i16, i16, i16, i16, i16 } %call_ret5, 6" [firmware/nnet_utils/nnet_dense.h:46->firmware/myproject.cpp:82]   --->   Operation 113 'extractvalue' 'layer7_out_6_V' <Predicate = true> <Delay = 0.00>
ST_16 : Operation 114 [1/1] (0.00ns)   --->   "%layer7_out_7_V = extractvalue { i16, i16, i16, i16, i16, i16, i16, i16, i16, i16, i16, i16, i16, i16, i16, i16, i16, i16, i16, i16 } %call_ret5, 7" [firmware/nnet_utils/nnet_dense.h:46->firmware/myproject.cpp:82]   --->   Operation 114 'extractvalue' 'layer7_out_7_V' <Predicate = true> <Delay = 0.00>
ST_16 : Operation 115 [1/1] (0.00ns)   --->   "%layer7_out_8_V = extractvalue { i16, i16, i16, i16, i16, i16, i16, i16, i16, i16, i16, i16, i16, i16, i16, i16, i16, i16, i16, i16 } %call_ret5, 8" [firmware/nnet_utils/nnet_dense.h:46->firmware/myproject.cpp:82]   --->   Operation 115 'extractvalue' 'layer7_out_8_V' <Predicate = true> <Delay = 0.00>
ST_16 : Operation 116 [1/1] (0.00ns)   --->   "%layer7_out_9_V = extractvalue { i16, i16, i16, i16, i16, i16, i16, i16, i16, i16, i16, i16, i16, i16, i16, i16, i16, i16, i16, i16 } %call_ret5, 9" [firmware/nnet_utils/nnet_dense.h:46->firmware/myproject.cpp:82]   --->   Operation 116 'extractvalue' 'layer7_out_9_V' <Predicate = true> <Delay = 0.00>
ST_16 : Operation 117 [1/1] (0.00ns)   --->   "%layer7_out_10_V = extractvalue { i16, i16, i16, i16, i16, i16, i16, i16, i16, i16, i16, i16, i16, i16, i16, i16, i16, i16, i16, i16 } %call_ret5, 10" [firmware/nnet_utils/nnet_dense.h:46->firmware/myproject.cpp:82]   --->   Operation 117 'extractvalue' 'layer7_out_10_V' <Predicate = true> <Delay = 0.00>
ST_16 : Operation 118 [1/1] (0.00ns)   --->   "%layer7_out_11_V = extractvalue { i16, i16, i16, i16, i16, i16, i16, i16, i16, i16, i16, i16, i16, i16, i16, i16, i16, i16, i16, i16 } %call_ret5, 11" [firmware/nnet_utils/nnet_dense.h:46->firmware/myproject.cpp:82]   --->   Operation 118 'extractvalue' 'layer7_out_11_V' <Predicate = true> <Delay = 0.00>
ST_16 : Operation 119 [1/1] (0.00ns)   --->   "%layer7_out_12_V = extractvalue { i16, i16, i16, i16, i16, i16, i16, i16, i16, i16, i16, i16, i16, i16, i16, i16, i16, i16, i16, i16 } %call_ret5, 12" [firmware/nnet_utils/nnet_dense.h:46->firmware/myproject.cpp:82]   --->   Operation 119 'extractvalue' 'layer7_out_12_V' <Predicate = true> <Delay = 0.00>
ST_16 : Operation 120 [1/1] (0.00ns)   --->   "%layer7_out_13_V = extractvalue { i16, i16, i16, i16, i16, i16, i16, i16, i16, i16, i16, i16, i16, i16, i16, i16, i16, i16, i16, i16 } %call_ret5, 13" [firmware/nnet_utils/nnet_dense.h:46->firmware/myproject.cpp:82]   --->   Operation 120 'extractvalue' 'layer7_out_13_V' <Predicate = true> <Delay = 0.00>
ST_16 : Operation 121 [1/1] (0.00ns)   --->   "%layer7_out_14_V = extractvalue { i16, i16, i16, i16, i16, i16, i16, i16, i16, i16, i16, i16, i16, i16, i16, i16, i16, i16, i16, i16 } %call_ret5, 14" [firmware/nnet_utils/nnet_dense.h:46->firmware/myproject.cpp:82]   --->   Operation 121 'extractvalue' 'layer7_out_14_V' <Predicate = true> <Delay = 0.00>
ST_16 : Operation 122 [1/1] (0.00ns)   --->   "%layer7_out_15_V = extractvalue { i16, i16, i16, i16, i16, i16, i16, i16, i16, i16, i16, i16, i16, i16, i16, i16, i16, i16, i16, i16 } %call_ret5, 15" [firmware/nnet_utils/nnet_dense.h:46->firmware/myproject.cpp:82]   --->   Operation 122 'extractvalue' 'layer7_out_15_V' <Predicate = true> <Delay = 0.00>
ST_16 : Operation 123 [1/1] (0.00ns)   --->   "%layer7_out_16_V = extractvalue { i16, i16, i16, i16, i16, i16, i16, i16, i16, i16, i16, i16, i16, i16, i16, i16, i16, i16, i16, i16 } %call_ret5, 16" [firmware/nnet_utils/nnet_dense.h:46->firmware/myproject.cpp:82]   --->   Operation 123 'extractvalue' 'layer7_out_16_V' <Predicate = true> <Delay = 0.00>
ST_16 : Operation 124 [1/1] (0.00ns)   --->   "%layer7_out_17_V = extractvalue { i16, i16, i16, i16, i16, i16, i16, i16, i16, i16, i16, i16, i16, i16, i16, i16, i16, i16, i16, i16 } %call_ret5, 17" [firmware/nnet_utils/nnet_dense.h:46->firmware/myproject.cpp:82]   --->   Operation 124 'extractvalue' 'layer7_out_17_V' <Predicate = true> <Delay = 0.00>
ST_16 : Operation 125 [1/1] (0.00ns)   --->   "%layer7_out_18_V = extractvalue { i16, i16, i16, i16, i16, i16, i16, i16, i16, i16, i16, i16, i16, i16, i16, i16, i16, i16, i16, i16 } %call_ret5, 18" [firmware/nnet_utils/nnet_dense.h:46->firmware/myproject.cpp:82]   --->   Operation 125 'extractvalue' 'layer7_out_18_V' <Predicate = true> <Delay = 0.00>
ST_16 : Operation 126 [1/1] (0.00ns)   --->   "%layer7_out_19_V = extractvalue { i16, i16, i16, i16, i16, i16, i16, i16, i16, i16, i16, i16, i16, i16, i16, i16, i16, i16, i16, i16 } %call_ret5, 19" [firmware/nnet_utils/nnet_dense.h:46->firmware/myproject.cpp:82]   --->   Operation 126 'extractvalue' 'layer7_out_19_V' <Predicate = true> <Delay = 0.00>
ST_16 : Operation 127 [1/1] (0.96ns)   --->   "%call_ret6 = call fastcc { i16, i16, i16, i16, i16, i16, i16, i16, i16, i16, i16, i16, i16, i16, i16, i16, i16, i16, i16, i16 } @"relu<ap_fixed,ap_fixed<16,8,5,3,0>,relu_config8>"(i16 %layer7_out_0_V, i16 %layer7_out_1_V, i16 %layer7_out_2_V, i16 %layer7_out_3_V, i16 %layer7_out_4_V, i16 %layer7_out_5_V, i16 %layer7_out_6_V, i16 %layer7_out_7_V, i16 %layer7_out_8_V, i16 %layer7_out_9_V, i16 %layer7_out_10_V, i16 %layer7_out_11_V, i16 %layer7_out_12_V, i16 %layer7_out_13_V, i16 %layer7_out_14_V, i16 %layer7_out_15_V, i16 %layer7_out_16_V, i16 %layer7_out_17_V, i16 %layer7_out_18_V, i16 %layer7_out_19_V)" [firmware/myproject.cpp:86]   --->   Operation 127 'call' 'call_ret6' <Predicate = true> <Delay = 0.96> <CoreType = "Generic">   --->   Core 0 '' <Latency = 0> <II = 1> <Delay = 1.00> <Generic> <Opcode : >
ST_16 : Operation 128 [1/1] (0.00ns)   --->   "%layer8_out_0_V = extractvalue { i16, i16, i16, i16, i16, i16, i16, i16, i16, i16, i16, i16, i16, i16, i16, i16, i16, i16, i16, i16 } %call_ret6, 0" [firmware/myproject.cpp:86]   --->   Operation 128 'extractvalue' 'layer8_out_0_V' <Predicate = true> <Delay = 0.00>
ST_16 : Operation 129 [1/1] (0.00ns)   --->   "%layer8_out_1_V = extractvalue { i16, i16, i16, i16, i16, i16, i16, i16, i16, i16, i16, i16, i16, i16, i16, i16, i16, i16, i16, i16 } %call_ret6, 1" [firmware/myproject.cpp:86]   --->   Operation 129 'extractvalue' 'layer8_out_1_V' <Predicate = true> <Delay = 0.00>
ST_16 : Operation 130 [1/1] (0.00ns)   --->   "%layer8_out_2_V = extractvalue { i16, i16, i16, i16, i16, i16, i16, i16, i16, i16, i16, i16, i16, i16, i16, i16, i16, i16, i16, i16 } %call_ret6, 2" [firmware/myproject.cpp:86]   --->   Operation 130 'extractvalue' 'layer8_out_2_V' <Predicate = true> <Delay = 0.00>
ST_16 : Operation 131 [1/1] (0.00ns)   --->   "%layer8_out_3_V = extractvalue { i16, i16, i16, i16, i16, i16, i16, i16, i16, i16, i16, i16, i16, i16, i16, i16, i16, i16, i16, i16 } %call_ret6, 3" [firmware/myproject.cpp:86]   --->   Operation 131 'extractvalue' 'layer8_out_3_V' <Predicate = true> <Delay = 0.00>
ST_16 : Operation 132 [1/1] (0.00ns)   --->   "%layer8_out_4_V = extractvalue { i16, i16, i16, i16, i16, i16, i16, i16, i16, i16, i16, i16, i16, i16, i16, i16, i16, i16, i16, i16 } %call_ret6, 4" [firmware/myproject.cpp:86]   --->   Operation 132 'extractvalue' 'layer8_out_4_V' <Predicate = true> <Delay = 0.00>
ST_16 : Operation 133 [1/1] (0.00ns)   --->   "%layer8_out_5_V = extractvalue { i16, i16, i16, i16, i16, i16, i16, i16, i16, i16, i16, i16, i16, i16, i16, i16, i16, i16, i16, i16 } %call_ret6, 5" [firmware/myproject.cpp:86]   --->   Operation 133 'extractvalue' 'layer8_out_5_V' <Predicate = true> <Delay = 0.00>
ST_16 : Operation 134 [1/1] (0.00ns)   --->   "%layer8_out_6_V = extractvalue { i16, i16, i16, i16, i16, i16, i16, i16, i16, i16, i16, i16, i16, i16, i16, i16, i16, i16, i16, i16 } %call_ret6, 6" [firmware/myproject.cpp:86]   --->   Operation 134 'extractvalue' 'layer8_out_6_V' <Predicate = true> <Delay = 0.00>
ST_16 : Operation 135 [1/1] (0.00ns)   --->   "%layer8_out_7_V = extractvalue { i16, i16, i16, i16, i16, i16, i16, i16, i16, i16, i16, i16, i16, i16, i16, i16, i16, i16, i16, i16 } %call_ret6, 7" [firmware/myproject.cpp:86]   --->   Operation 135 'extractvalue' 'layer8_out_7_V' <Predicate = true> <Delay = 0.00>
ST_16 : Operation 136 [1/1] (0.00ns)   --->   "%layer8_out_8_V = extractvalue { i16, i16, i16, i16, i16, i16, i16, i16, i16, i16, i16, i16, i16, i16, i16, i16, i16, i16, i16, i16 } %call_ret6, 8" [firmware/myproject.cpp:86]   --->   Operation 136 'extractvalue' 'layer8_out_8_V' <Predicate = true> <Delay = 0.00>
ST_16 : Operation 137 [1/1] (0.00ns)   --->   "%layer8_out_9_V = extractvalue { i16, i16, i16, i16, i16, i16, i16, i16, i16, i16, i16, i16, i16, i16, i16, i16, i16, i16, i16, i16 } %call_ret6, 9" [firmware/myproject.cpp:86]   --->   Operation 137 'extractvalue' 'layer8_out_9_V' <Predicate = true> <Delay = 0.00>
ST_16 : Operation 138 [1/1] (0.00ns)   --->   "%layer8_out_10_V = extractvalue { i16, i16, i16, i16, i16, i16, i16, i16, i16, i16, i16, i16, i16, i16, i16, i16, i16, i16, i16, i16 } %call_ret6, 10" [firmware/myproject.cpp:86]   --->   Operation 138 'extractvalue' 'layer8_out_10_V' <Predicate = true> <Delay = 0.00>
ST_16 : Operation 139 [1/1] (0.00ns)   --->   "%layer8_out_11_V = extractvalue { i16, i16, i16, i16, i16, i16, i16, i16, i16, i16, i16, i16, i16, i16, i16, i16, i16, i16, i16, i16 } %call_ret6, 11" [firmware/myproject.cpp:86]   --->   Operation 139 'extractvalue' 'layer8_out_11_V' <Predicate = true> <Delay = 0.00>
ST_16 : Operation 140 [1/1] (0.00ns)   --->   "%layer8_out_12_V = extractvalue { i16, i16, i16, i16, i16, i16, i16, i16, i16, i16, i16, i16, i16, i16, i16, i16, i16, i16, i16, i16 } %call_ret6, 12" [firmware/myproject.cpp:86]   --->   Operation 140 'extractvalue' 'layer8_out_12_V' <Predicate = true> <Delay = 0.00>
ST_16 : Operation 141 [1/1] (0.00ns)   --->   "%layer8_out_13_V = extractvalue { i16, i16, i16, i16, i16, i16, i16, i16, i16, i16, i16, i16, i16, i16, i16, i16, i16, i16, i16, i16 } %call_ret6, 13" [firmware/myproject.cpp:86]   --->   Operation 141 'extractvalue' 'layer8_out_13_V' <Predicate = true> <Delay = 0.00>
ST_16 : Operation 142 [1/1] (0.00ns)   --->   "%layer8_out_14_V = extractvalue { i16, i16, i16, i16, i16, i16, i16, i16, i16, i16, i16, i16, i16, i16, i16, i16, i16, i16, i16, i16 } %call_ret6, 14" [firmware/myproject.cpp:86]   --->   Operation 142 'extractvalue' 'layer8_out_14_V' <Predicate = true> <Delay = 0.00>
ST_16 : Operation 143 [1/1] (0.00ns)   --->   "%layer8_out_15_V = extractvalue { i16, i16, i16, i16, i16, i16, i16, i16, i16, i16, i16, i16, i16, i16, i16, i16, i16, i16, i16, i16 } %call_ret6, 15" [firmware/myproject.cpp:86]   --->   Operation 143 'extractvalue' 'layer8_out_15_V' <Predicate = true> <Delay = 0.00>
ST_16 : Operation 144 [1/1] (0.00ns)   --->   "%layer8_out_16_V = extractvalue { i16, i16, i16, i16, i16, i16, i16, i16, i16, i16, i16, i16, i16, i16, i16, i16, i16, i16, i16, i16 } %call_ret6, 16" [firmware/myproject.cpp:86]   --->   Operation 144 'extractvalue' 'layer8_out_16_V' <Predicate = true> <Delay = 0.00>
ST_16 : Operation 145 [1/1] (0.00ns)   --->   "%layer8_out_17_V = extractvalue { i16, i16, i16, i16, i16, i16, i16, i16, i16, i16, i16, i16, i16, i16, i16, i16, i16, i16, i16, i16 } %call_ret6, 17" [firmware/myproject.cpp:86]   --->   Operation 145 'extractvalue' 'layer8_out_17_V' <Predicate = true> <Delay = 0.00>
ST_16 : Operation 146 [1/1] (0.00ns)   --->   "%layer8_out_18_V = extractvalue { i16, i16, i16, i16, i16, i16, i16, i16, i16, i16, i16, i16, i16, i16, i16, i16, i16, i16, i16, i16 } %call_ret6, 18" [firmware/myproject.cpp:86]   --->   Operation 146 'extractvalue' 'layer8_out_18_V' <Predicate = true> <Delay = 0.00>
ST_16 : Operation 147 [1/1] (0.00ns)   --->   "%layer8_out_19_V = extractvalue { i16, i16, i16, i16, i16, i16, i16, i16, i16, i16, i16, i16, i16, i16, i16, i16, i16, i16, i16, i16 } %call_ret6, 19" [firmware/myproject.cpp:86]   --->   Operation 147 'extractvalue' 'layer8_out_19_V' <Predicate = true> <Delay = 0.00>

State 17 <SV = 16> <Delay = 2.06>
ST_17 : Operation 148 [5/5] (2.06ns)   --->   "%call_ret7 = call fastcc { i16, i16, i16, i16, i16, i16, i16, i16, i16, i16 } @dense_latency.0.0.0.0.0.0.0.0.0.0.0(i16 %layer8_out_0_V, i16 %layer8_out_1_V, i16 %layer8_out_2_V, i16 %layer8_out_3_V, i16 %layer8_out_4_V, i16 %layer8_out_5_V, i16 %layer8_out_6_V, i16 %layer8_out_7_V, i16 %layer8_out_8_V, i16 %layer8_out_9_V, i16 %layer8_out_10_V, i16 %layer8_out_11_V, i16 %layer8_out_12_V, i16 %layer8_out_13_V, i16 %layer8_out_14_V, i16 %layer8_out_15_V, i16 %layer8_out_16_V, i16 %layer8_out_17_V, i16 %layer8_out_18_V, i16 %layer8_out_19_V)" [firmware/nnet_utils/nnet_dense.h:46->firmware/myproject.cpp:90]   --->   Operation 148 'call' 'call_ret7' <Predicate = true> <Delay = 2.06> <CoreType = "Generic">   --->   Core 0 '' <Latency = 0> <II = 1> <Delay = 1.00> <Generic> <Opcode : >

State 18 <SV = 17> <Delay = 2.06>
ST_18 : Operation 149 [4/5] (2.06ns)   --->   "%call_ret7 = call fastcc { i16, i16, i16, i16, i16, i16, i16, i16, i16, i16 } @dense_latency.0.0.0.0.0.0.0.0.0.0.0(i16 %layer8_out_0_V, i16 %layer8_out_1_V, i16 %layer8_out_2_V, i16 %layer8_out_3_V, i16 %layer8_out_4_V, i16 %layer8_out_5_V, i16 %layer8_out_6_V, i16 %layer8_out_7_V, i16 %layer8_out_8_V, i16 %layer8_out_9_V, i16 %layer8_out_10_V, i16 %layer8_out_11_V, i16 %layer8_out_12_V, i16 %layer8_out_13_V, i16 %layer8_out_14_V, i16 %layer8_out_15_V, i16 %layer8_out_16_V, i16 %layer8_out_17_V, i16 %layer8_out_18_V, i16 %layer8_out_19_V)" [firmware/nnet_utils/nnet_dense.h:46->firmware/myproject.cpp:90]   --->   Operation 149 'call' 'call_ret7' <Predicate = true> <Delay = 2.06> <CoreType = "Generic">   --->   Core 0 '' <Latency = 0> <II = 1> <Delay = 1.00> <Generic> <Opcode : >

State 19 <SV = 18> <Delay = 2.06>
ST_19 : Operation 150 [3/5] (2.06ns)   --->   "%call_ret7 = call fastcc { i16, i16, i16, i16, i16, i16, i16, i16, i16, i16 } @dense_latency.0.0.0.0.0.0.0.0.0.0.0(i16 %layer8_out_0_V, i16 %layer8_out_1_V, i16 %layer8_out_2_V, i16 %layer8_out_3_V, i16 %layer8_out_4_V, i16 %layer8_out_5_V, i16 %layer8_out_6_V, i16 %layer8_out_7_V, i16 %layer8_out_8_V, i16 %layer8_out_9_V, i16 %layer8_out_10_V, i16 %layer8_out_11_V, i16 %layer8_out_12_V, i16 %layer8_out_13_V, i16 %layer8_out_14_V, i16 %layer8_out_15_V, i16 %layer8_out_16_V, i16 %layer8_out_17_V, i16 %layer8_out_18_V, i16 %layer8_out_19_V)" [firmware/nnet_utils/nnet_dense.h:46->firmware/myproject.cpp:90]   --->   Operation 150 'call' 'call_ret7' <Predicate = true> <Delay = 2.06> <CoreType = "Generic">   --->   Core 0 '' <Latency = 0> <II = 1> <Delay = 1.00> <Generic> <Opcode : >

State 20 <SV = 19> <Delay = 2.06>
ST_20 : Operation 151 [2/5] (2.06ns)   --->   "%call_ret7 = call fastcc { i16, i16, i16, i16, i16, i16, i16, i16, i16, i16 } @dense_latency.0.0.0.0.0.0.0.0.0.0.0(i16 %layer8_out_0_V, i16 %layer8_out_1_V, i16 %layer8_out_2_V, i16 %layer8_out_3_V, i16 %layer8_out_4_V, i16 %layer8_out_5_V, i16 %layer8_out_6_V, i16 %layer8_out_7_V, i16 %layer8_out_8_V, i16 %layer8_out_9_V, i16 %layer8_out_10_V, i16 %layer8_out_11_V, i16 %layer8_out_12_V, i16 %layer8_out_13_V, i16 %layer8_out_14_V, i16 %layer8_out_15_V, i16 %layer8_out_16_V, i16 %layer8_out_17_V, i16 %layer8_out_18_V, i16 %layer8_out_19_V)" [firmware/nnet_utils/nnet_dense.h:46->firmware/myproject.cpp:90]   --->   Operation 151 'call' 'call_ret7' <Predicate = true> <Delay = 2.06> <CoreType = "Generic">   --->   Core 0 '' <Latency = 0> <II = 1> <Delay = 1.00> <Generic> <Opcode : >

State 21 <SV = 20> <Delay = 2.02>
ST_21 : Operation 152 [1/5] (2.02ns)   --->   "%call_ret7 = call fastcc { i16, i16, i16, i16, i16, i16, i16, i16, i16, i16 } @dense_latency.0.0.0.0.0.0.0.0.0.0.0(i16 %layer8_out_0_V, i16 %layer8_out_1_V, i16 %layer8_out_2_V, i16 %layer8_out_3_V, i16 %layer8_out_4_V, i16 %layer8_out_5_V, i16 %layer8_out_6_V, i16 %layer8_out_7_V, i16 %layer8_out_8_V, i16 %layer8_out_9_V, i16 %layer8_out_10_V, i16 %layer8_out_11_V, i16 %layer8_out_12_V, i16 %layer8_out_13_V, i16 %layer8_out_14_V, i16 %layer8_out_15_V, i16 %layer8_out_16_V, i16 %layer8_out_17_V, i16 %layer8_out_18_V, i16 %layer8_out_19_V)" [firmware/nnet_utils/nnet_dense.h:46->firmware/myproject.cpp:90]   --->   Operation 152 'call' 'call_ret7' <Predicate = true> <Delay = 2.02> <CoreType = "Generic">   --->   Core 0 '' <Latency = 0> <II = 1> <Delay = 1.00> <Generic> <Opcode : >
ST_21 : Operation 153 [1/1] (0.00ns)   --->   "%layer9_out_0_V = extractvalue { i16, i16, i16, i16, i16, i16, i16, i16, i16, i16 } %call_ret7, 0" [firmware/nnet_utils/nnet_dense.h:46->firmware/myproject.cpp:90]   --->   Operation 153 'extractvalue' 'layer9_out_0_V' <Predicate = true> <Delay = 0.00>
ST_21 : Operation 154 [1/1] (0.00ns)   --->   "%layer9_out_1_V = extractvalue { i16, i16, i16, i16, i16, i16, i16, i16, i16, i16 } %call_ret7, 1" [firmware/nnet_utils/nnet_dense.h:46->firmware/myproject.cpp:90]   --->   Operation 154 'extractvalue' 'layer9_out_1_V' <Predicate = true> <Delay = 0.00>
ST_21 : Operation 155 [1/1] (0.00ns)   --->   "%layer9_out_2_V = extractvalue { i16, i16, i16, i16, i16, i16, i16, i16, i16, i16 } %call_ret7, 2" [firmware/nnet_utils/nnet_dense.h:46->firmware/myproject.cpp:90]   --->   Operation 155 'extractvalue' 'layer9_out_2_V' <Predicate = true> <Delay = 0.00>
ST_21 : Operation 156 [1/1] (0.00ns)   --->   "%layer9_out_3_V = extractvalue { i16, i16, i16, i16, i16, i16, i16, i16, i16, i16 } %call_ret7, 3" [firmware/nnet_utils/nnet_dense.h:46->firmware/myproject.cpp:90]   --->   Operation 156 'extractvalue' 'layer9_out_3_V' <Predicate = true> <Delay = 0.00>
ST_21 : Operation 157 [1/1] (0.00ns)   --->   "%layer9_out_4_V = extractvalue { i16, i16, i16, i16, i16, i16, i16, i16, i16, i16 } %call_ret7, 4" [firmware/nnet_utils/nnet_dense.h:46->firmware/myproject.cpp:90]   --->   Operation 157 'extractvalue' 'layer9_out_4_V' <Predicate = true> <Delay = 0.00>
ST_21 : Operation 158 [1/1] (0.00ns)   --->   "%layer9_out_5_V = extractvalue { i16, i16, i16, i16, i16, i16, i16, i16, i16, i16 } %call_ret7, 5" [firmware/nnet_utils/nnet_dense.h:46->firmware/myproject.cpp:90]   --->   Operation 158 'extractvalue' 'layer9_out_5_V' <Predicate = true> <Delay = 0.00>
ST_21 : Operation 159 [1/1] (0.00ns)   --->   "%layer9_out_6_V = extractvalue { i16, i16, i16, i16, i16, i16, i16, i16, i16, i16 } %call_ret7, 6" [firmware/nnet_utils/nnet_dense.h:46->firmware/myproject.cpp:90]   --->   Operation 159 'extractvalue' 'layer9_out_6_V' <Predicate = true> <Delay = 0.00>
ST_21 : Operation 160 [1/1] (0.00ns)   --->   "%layer9_out_7_V = extractvalue { i16, i16, i16, i16, i16, i16, i16, i16, i16, i16 } %call_ret7, 7" [firmware/nnet_utils/nnet_dense.h:46->firmware/myproject.cpp:90]   --->   Operation 160 'extractvalue' 'layer9_out_7_V' <Predicate = true> <Delay = 0.00>
ST_21 : Operation 161 [1/1] (0.00ns)   --->   "%layer9_out_8_V = extractvalue { i16, i16, i16, i16, i16, i16, i16, i16, i16, i16 } %call_ret7, 8" [firmware/nnet_utils/nnet_dense.h:46->firmware/myproject.cpp:90]   --->   Operation 161 'extractvalue' 'layer9_out_8_V' <Predicate = true> <Delay = 0.00>
ST_21 : Operation 162 [1/1] (0.00ns)   --->   "%layer9_out_9_V = extractvalue { i16, i16, i16, i16, i16, i16, i16, i16, i16, i16 } %call_ret7, 9" [firmware/nnet_utils/nnet_dense.h:46->firmware/myproject.cpp:90]   --->   Operation 162 'extractvalue' 'layer9_out_9_V' <Predicate = true> <Delay = 0.00>

State 22 <SV = 21> <Delay = 0.96>
ST_22 : Operation 163 [1/1] (0.96ns)   --->   "%call_ret8 = call fastcc { i16, i16, i16, i16, i16, i16, i16, i16, i16, i16 } @"relu<ap_fixed,ap_fixed<16,8,5,3,0>,relu_config10>"(i16 %layer9_out_0_V, i16 %layer9_out_1_V, i16 %layer9_out_2_V, i16 %layer9_out_3_V, i16 %layer9_out_4_V, i16 %layer9_out_5_V, i16 %layer9_out_6_V, i16 %layer9_out_7_V, i16 %layer9_out_8_V, i16 %layer9_out_9_V)" [firmware/myproject.cpp:94]   --->   Operation 163 'call' 'call_ret8' <Predicate = true> <Delay = 0.96> <CoreType = "Generic">   --->   Core 0 '' <Latency = 0> <II = 1> <Delay = 1.00> <Generic> <Opcode : >
ST_22 : Operation 164 [1/1] (0.00ns)   --->   "%layer10_out_0_V = extractvalue { i16, i16, i16, i16, i16, i16, i16, i16, i16, i16 } %call_ret8, 0" [firmware/myproject.cpp:94]   --->   Operation 164 'extractvalue' 'layer10_out_0_V' <Predicate = true> <Delay = 0.00>
ST_22 : Operation 165 [1/1] (0.00ns)   --->   "%layer10_out_1_V = extractvalue { i16, i16, i16, i16, i16, i16, i16, i16, i16, i16 } %call_ret8, 1" [firmware/myproject.cpp:94]   --->   Operation 165 'extractvalue' 'layer10_out_1_V' <Predicate = true> <Delay = 0.00>
ST_22 : Operation 166 [1/1] (0.00ns)   --->   "%layer10_out_2_V = extractvalue { i16, i16, i16, i16, i16, i16, i16, i16, i16, i16 } %call_ret8, 2" [firmware/myproject.cpp:94]   --->   Operation 166 'extractvalue' 'layer10_out_2_V' <Predicate = true> <Delay = 0.00>
ST_22 : Operation 167 [1/1] (0.00ns)   --->   "%layer10_out_3_V = extractvalue { i16, i16, i16, i16, i16, i16, i16, i16, i16, i16 } %call_ret8, 3" [firmware/myproject.cpp:94]   --->   Operation 167 'extractvalue' 'layer10_out_3_V' <Predicate = true> <Delay = 0.00>
ST_22 : Operation 168 [1/1] (0.00ns)   --->   "%layer10_out_4_V = extractvalue { i16, i16, i16, i16, i16, i16, i16, i16, i16, i16 } %call_ret8, 4" [firmware/myproject.cpp:94]   --->   Operation 168 'extractvalue' 'layer10_out_4_V' <Predicate = true> <Delay = 0.00>
ST_22 : Operation 169 [1/1] (0.00ns)   --->   "%layer10_out_5_V = extractvalue { i16, i16, i16, i16, i16, i16, i16, i16, i16, i16 } %call_ret8, 5" [firmware/myproject.cpp:94]   --->   Operation 169 'extractvalue' 'layer10_out_5_V' <Predicate = true> <Delay = 0.00>
ST_22 : Operation 170 [1/1] (0.00ns)   --->   "%layer10_out_6_V = extractvalue { i16, i16, i16, i16, i16, i16, i16, i16, i16, i16 } %call_ret8, 6" [firmware/myproject.cpp:94]   --->   Operation 170 'extractvalue' 'layer10_out_6_V' <Predicate = true> <Delay = 0.00>
ST_22 : Operation 171 [1/1] (0.00ns)   --->   "%layer10_out_7_V = extractvalue { i16, i16, i16, i16, i16, i16, i16, i16, i16, i16 } %call_ret8, 7" [firmware/myproject.cpp:94]   --->   Operation 171 'extractvalue' 'layer10_out_7_V' <Predicate = true> <Delay = 0.00>
ST_22 : Operation 172 [1/1] (0.00ns)   --->   "%layer10_out_8_V = extractvalue { i16, i16, i16, i16, i16, i16, i16, i16, i16, i16 } %call_ret8, 8" [firmware/myproject.cpp:94]   --->   Operation 172 'extractvalue' 'layer10_out_8_V' <Predicate = true> <Delay = 0.00>
ST_22 : Operation 173 [1/1] (0.00ns)   --->   "%layer10_out_9_V = extractvalue { i16, i16, i16, i16, i16, i16, i16, i16, i16, i16 } %call_ret8, 9" [firmware/myproject.cpp:94]   --->   Operation 173 'extractvalue' 'layer10_out_9_V' <Predicate = true> <Delay = 0.00>

State 23 <SV = 22> <Delay = 2.05>
ST_23 : Operation 174 [4/4] (2.05ns)   --->   "%layer11_out_0_V = call fastcc i16 @"dense_latency<ap_fixed,ap_fixed,config11>.0.0"(i16 %layer10_out_0_V, i16 %layer10_out_1_V, i16 %layer10_out_2_V, i16 %layer10_out_3_V, i16 %layer10_out_4_V, i16 %layer10_out_5_V, i16 %layer10_out_6_V, i16 %layer10_out_7_V, i16 %layer10_out_8_V, i16 %layer10_out_9_V)" [firmware/nnet_utils/nnet_dense.h:46->firmware/myproject.cpp:98]   --->   Operation 174 'call' 'layer11_out_0_V' <Predicate = true> <Delay = 2.05> <CoreType = "Generic">   --->   Core 0 '' <Latency = 0> <II = 1> <Delay = 1.00> <Generic> <Opcode : >

State 24 <SV = 23> <Delay = 2.05>
ST_24 : Operation 175 [3/4] (2.05ns)   --->   "%layer11_out_0_V = call fastcc i16 @"dense_latency<ap_fixed,ap_fixed,config11>.0.0"(i16 %layer10_out_0_V, i16 %layer10_out_1_V, i16 %layer10_out_2_V, i16 %layer10_out_3_V, i16 %layer10_out_4_V, i16 %layer10_out_5_V, i16 %layer10_out_6_V, i16 %layer10_out_7_V, i16 %layer10_out_8_V, i16 %layer10_out_9_V)" [firmware/nnet_utils/nnet_dense.h:46->firmware/myproject.cpp:98]   --->   Operation 175 'call' 'layer11_out_0_V' <Predicate = true> <Delay = 2.05> <CoreType = "Generic">   --->   Core 0 '' <Latency = 0> <II = 1> <Delay = 1.00> <Generic> <Opcode : >

State 25 <SV = 24> <Delay = 2.05>
ST_25 : Operation 176 [2/4] (2.05ns)   --->   "%layer11_out_0_V = call fastcc i16 @"dense_latency<ap_fixed,ap_fixed,config11>.0.0"(i16 %layer10_out_0_V, i16 %layer10_out_1_V, i16 %layer10_out_2_V, i16 %layer10_out_3_V, i16 %layer10_out_4_V, i16 %layer10_out_5_V, i16 %layer10_out_6_V, i16 %layer10_out_7_V, i16 %layer10_out_8_V, i16 %layer10_out_9_V)" [firmware/nnet_utils/nnet_dense.h:46->firmware/myproject.cpp:98]   --->   Operation 176 'call' 'layer11_out_0_V' <Predicate = true> <Delay = 2.05> <CoreType = "Generic">   --->   Core 0 '' <Latency = 0> <II = 1> <Delay = 1.00> <Generic> <Opcode : >

State 26 <SV = 25> <Delay = 2.05>
ST_26 : Operation 177 [1/4] (2.05ns)   --->   "%layer11_out_0_V = call fastcc i16 @"dense_latency<ap_fixed,ap_fixed,config11>.0.0"(i16 %layer10_out_0_V, i16 %layer10_out_1_V, i16 %layer10_out_2_V, i16 %layer10_out_3_V, i16 %layer10_out_4_V, i16 %layer10_out_5_V, i16 %layer10_out_6_V, i16 %layer10_out_7_V, i16 %layer10_out_8_V, i16 %layer10_out_9_V)" [firmware/nnet_utils/nnet_dense.h:46->firmware/myproject.cpp:98]   --->   Operation 177 'call' 'layer11_out_0_V' <Predicate = true> <Delay = 2.05> <CoreType = "Generic">   --->   Core 0 '' <Latency = 0> <II = 1> <Delay = 1.00> <Generic> <Opcode : >

State 27 <SV = 26> <Delay = 2.00>
ST_27 : Operation 178 [3/3] (2.00ns)   --->   "%call_ret = call fastcc i8 @"sigmoid<ap_fixed,ap_fixed,sigmoid_config12>"(i16 %layer11_out_0_V)" [firmware/myproject.cpp:100]   --->   Operation 178 'call' 'call_ret' <Predicate = true> <Delay = 2.00> <CoreType = "Generic">   --->   Core 0 '' <Latency = 0> <II = 1> <Delay = 1.00> <Generic> <Opcode : >

State 28 <SV = 27> <Delay = 2.11>
ST_28 : Operation 179 [2/3] (2.11ns)   --->   "%call_ret = call fastcc i8 @"sigmoid<ap_fixed,ap_fixed,sigmoid_config12>"(i16 %layer11_out_0_V)" [firmware/myproject.cpp:100]   --->   Operation 179 'call' 'call_ret' <Predicate = true> <Delay = 2.11> <CoreType = "Generic">   --->   Core 0 '' <Latency = 0> <II = 1> <Delay = 1.00> <Generic> <Opcode : >

State 29 <SV = 28> <Delay = 1.15>
ST_29 : Operation 180 [1/1] (0.00ns)   --->   "call void (...)* @_ssdm_op_SpecBitsMap(i16* %layer12_out_0_V), !map !139"   --->   Operation 180 'specbitsmap' <Predicate = true> <Delay = 0.00>
ST_29 : Operation 181 [1/1] (0.00ns)   --->   "call void (...)* @_ssdm_op_SpecBitsMap(i2080* %conv1d_input_V), !map !145"   --->   Operation 181 'specbitsmap' <Predicate = true> <Delay = 0.00>
ST_29 : Operation 182 [1/1] (0.00ns)   --->   "call void (...)* @_ssdm_op_SpecBitsMap(i16* %const_size_in_1), !map !794"   --->   Operation 182 'specbitsmap' <Predicate = true> <Delay = 0.00>
ST_29 : Operation 183 [1/1] (0.00ns)   --->   "call void (...)* @_ssdm_op_SpecBitsMap(i16* %const_size_out_1), !map !798"   --->   Operation 183 'specbitsmap' <Predicate = true> <Delay = 0.00>
ST_29 : Operation 184 [1/1] (0.00ns)   --->   "call void (...)* @_ssdm_op_SpecTopModule([10 x i8]* @myproject_str) nounwind"   --->   Operation 184 'spectopmodule' <Predicate = true> <Delay = 0.00>
ST_29 : Operation 185 [1/1] (0.00ns)   --->   "call void (...)* @_ssdm_op_SpecInterface(i2080* %conv1d_input_V, [7 x i8]* @p_str14, i32 0, i32 0, [1 x i8]* @p_str13, i32 0, i32 0, [1 x i8]* @p_str13, [1 x i8]* @p_str13, [1 x i8]* @p_str13, i32 0, i32 0, i32 0, i32 0, [1 x i8]* @p_str13, [1 x i8]* @p_str13) nounwind"   --->   Operation 185 'specinterface' <Predicate = true> <Delay = 0.00>
ST_29 : Operation 186 [1/1] (0.00ns)   --->   "call void (...)* @_ssdm_op_SpecInterface(i16* %layer12_out_0_V, [7 x i8]* @p_str14, i32 0, i32 0, [1 x i8]* @p_str13, i32 0, i32 0, [1 x i8]* @p_str13, [1 x i8]* @p_str13, [1 x i8]* @p_str13, i32 0, i32 0, i32 0, i32 0, [1 x i8]* @p_str13, [1 x i8]* @p_str13) nounwind" [firmware/myproject.cpp:34]   --->   Operation 186 'specinterface' <Predicate = true> <Delay = 0.00>
ST_29 : Operation 187 [1/1] (0.00ns)   --->   "call void (...)* @_ssdm_op_SpecPipeline(i32 -1, i32 1, i32 1, i32 0, [1 x i8]* @p_str13) nounwind" [firmware/myproject.cpp:35]   --->   Operation 187 'specpipeline' <Predicate = true> <Delay = 0.00>
ST_29 : Operation 188 [1/1] (0.00ns)   --->   "call void @_ssdm_op_Write.ap_auto.i16P(i16* %const_size_in_1, i16 130)" [firmware/myproject.cpp:37]   --->   Operation 188 'write' <Predicate = true> <Delay = 0.00>
ST_29 : Operation 189 [1/1] (0.00ns)   --->   "call void @_ssdm_op_Write.ap_auto.i16P(i16* %const_size_out_1, i16 1)" [firmware/myproject.cpp:38]   --->   Operation 189 'write' <Predicate = true> <Delay = 0.00>
ST_29 : Operation 190 [1/3] (1.15ns)   --->   "%call_ret = call fastcc i8 @"sigmoid<ap_fixed,ap_fixed,sigmoid_config12>"(i16 %layer11_out_0_V)" [firmware/myproject.cpp:100]   --->   Operation 190 'call' 'call_ret' <Predicate = true> <Delay = 1.15> <CoreType = "Generic">   --->   Core 0 '' <Latency = 0> <II = 1> <Delay = 1.00> <Generic> <Opcode : >
ST_29 : Operation 191 [1/1] (0.00ns)   --->   "%zext_ln100 = zext i8 %call_ret to i16" [firmware/myproject.cpp:100]   --->   Operation 191 'zext' 'zext_ln100' <Predicate = true> <Delay = 0.00>
ST_29 : Operation 192 [1/1] (0.00ns)   --->   "call void @_ssdm_op_Write.ap_vld.i16P(i16* %layer12_out_0_V, i16 %zext_ln100)" [firmware/myproject.cpp:100]   --->   Operation 192 'write' <Predicate = true> <Delay = 0.00>
ST_29 : Operation 193 [1/1] (0.00ns)   --->   "ret void" [firmware/myproject.cpp:102]   --->   Operation 193 'ret' <Predicate = true> <Delay = 0.00>


============================================================
+ Verbose Summary: Timing violations
============================================================
Target clock period: 2.5ns, clock uncertainty: 0.312ns.

 <State 1>: 2.16ns
The critical path consists of the following:
	wire read on port 'conv1d_input_V' [16]  (0 ns)
	'call' operation ('call_ret_i') to 'conv_1d_latency_cl.0.0.0.0.0.0.0.0.0.0.0.0.0.0.0.0.0.0.0.0.0' [17]  (2.16 ns)

 <State 2>: 2.16ns
The critical path consists of the following:
	'call' operation ('call_ret_i') to 'conv_1d_latency_cl.0.0.0.0.0.0.0.0.0.0.0.0.0.0.0.0.0.0.0.0.0' [17]  (2.16 ns)

 <State 3>: 2.16ns
The critical path consists of the following:
	'call' operation ('call_ret_i') to 'conv_1d_latency_cl.0.0.0.0.0.0.0.0.0.0.0.0.0.0.0.0.0.0.0.0.0' [17]  (2.16 ns)

 <State 4>: 2.16ns
The critical path consists of the following:
	'call' operation ('call_ret_i') to 'conv_1d_latency_cl.0.0.0.0.0.0.0.0.0.0.0.0.0.0.0.0.0.0.0.0.0' [17]  (2.16 ns)

 <State 5>: 2.16ns
The critical path consists of the following:
	'call' operation ('call_ret_i') to 'conv_1d_latency_cl.0.0.0.0.0.0.0.0.0.0.0.0.0.0.0.0.0.0.0.0.0' [17]  (2.16 ns)

 <State 6>: 2.16ns
The critical path consists of the following:
	'call' operation ('call_ret_i') to 'conv_1d_latency_cl.0.0.0.0.0.0.0.0.0.0.0.0.0.0.0.0.0.0.0.0.0' [17]  (2.16 ns)

 <State 7>: 2.16ns
The critical path consists of the following:
	'call' operation ('call_ret_i') to 'conv_1d_latency_cl.0.0.0.0.0.0.0.0.0.0.0.0.0.0.0.0.0.0.0.0.0' [17]  (2.16 ns)

 <State 8>: 2.03ns
The critical path consists of the following:
	'call' operation ('call_ret_i') to 'conv_1d_latency_cl.0.0.0.0.0.0.0.0.0.0.0.0.0.0.0.0.0.0.0.0.0' [17]  (2.03 ns)

 <State 9>: 0.969ns
The critical path consists of the following:
	'call' operation ('call_ret2', firmware/myproject.cpp:70) to 'relu<ap_fixed,ap_fixed<16,8,5,3,0>,relu_config3>' [38]  (0.969 ns)

 <State 10>: 1.94ns
The critical path consists of the following:
	'call' operation ('call_ret3', firmware/myproject.cpp:74) to 'pointwise_conv_1d_cl.0.0.0.0.0.0' [59]  (1.94 ns)

 <State 11>: 2.03ns
The critical path consists of the following:
	'call' operation ('call_ret3', firmware/myproject.cpp:74) to 'pointwise_conv_1d_cl.0.0.0.0.0.0' [59]  (2.03 ns)

 <State 12>: 2.03ns
The critical path consists of the following:
	'call' operation ('call_ret3', firmware/myproject.cpp:74) to 'pointwise_conv_1d_cl.0.0.0.0.0.0' [59]  (2.03 ns)

 <State 13>: 0.969ns
The critical path consists of the following:
	'call' operation ('call_ret4', firmware/myproject.cpp:78) to 'relu<ap_fixed,ap_fixed<16,8,5,3,0>,relu_config5>' [70]  (0.969 ns)

 <State 14>: 1.94ns
The critical path consists of the following:
	'call' operation ('call_ret5', firmware/nnet_utils/nnet_dense.h:46->firmware/myproject.cpp:82) to 'dense_latency.0.0.0.0.0.0.0.0.0.0.0.0.0.0.0.0.0.0.0.0.0' [81]  (1.94 ns)

 <State 15>: 2.05ns
The critical path consists of the following:
	'call' operation ('call_ret5', firmware/nnet_utils/nnet_dense.h:46->firmware/myproject.cpp:82) to 'dense_latency.0.0.0.0.0.0.0.0.0.0.0.0.0.0.0.0.0.0.0.0.0' [81]  (2.05 ns)

 <State 16>: 1.64ns
The critical path consists of the following:
	'call' operation ('call_ret5', firmware/nnet_utils/nnet_dense.h:46->firmware/myproject.cpp:82) to 'dense_latency.0.0.0.0.0.0.0.0.0.0.0.0.0.0.0.0.0.0.0.0.0' [81]  (0.675 ns)
	'call' operation ('call_ret6', firmware/myproject.cpp:86) to 'relu<ap_fixed,ap_fixed<16,8,5,3,0>,relu_config8>' [102]  (0.969 ns)

 <State 17>: 2.07ns
The critical path consists of the following:
	'call' operation ('call_ret7', firmware/nnet_utils/nnet_dense.h:46->firmware/myproject.cpp:90) to 'dense_latency.0.0.0.0.0.0.0.0.0.0.0' [123]  (2.07 ns)

 <State 18>: 2.07ns
The critical path consists of the following:
	'call' operation ('call_ret7', firmware/nnet_utils/nnet_dense.h:46->firmware/myproject.cpp:90) to 'dense_latency.0.0.0.0.0.0.0.0.0.0.0' [123]  (2.07 ns)

 <State 19>: 2.07ns
The critical path consists of the following:
	'call' operation ('call_ret7', firmware/nnet_utils/nnet_dense.h:46->firmware/myproject.cpp:90) to 'dense_latency.0.0.0.0.0.0.0.0.0.0.0' [123]  (2.07 ns)

 <State 20>: 2.07ns
The critical path consists of the following:
	'call' operation ('call_ret7', firmware/nnet_utils/nnet_dense.h:46->firmware/myproject.cpp:90) to 'dense_latency.0.0.0.0.0.0.0.0.0.0.0' [123]  (2.07 ns)

 <State 21>: 2.03ns
The critical path consists of the following:
	'call' operation ('call_ret7', firmware/nnet_utils/nnet_dense.h:46->firmware/myproject.cpp:90) to 'dense_latency.0.0.0.0.0.0.0.0.0.0.0' [123]  (2.03 ns)

 <State 22>: 0.969ns
The critical path consists of the following:
	'call' operation ('call_ret8', firmware/myproject.cpp:94) to 'relu<ap_fixed,ap_fixed<16,8,5,3,0>,relu_config10>' [134]  (0.969 ns)

 <State 23>: 2.05ns
The critical path consists of the following:
	'call' operation ('layer11_out[0].V', firmware/nnet_utils/nnet_dense.h:46->firmware/myproject.cpp:98) to 'dense_latency<ap_fixed,ap_fixed,config11>.0.0' [145]  (2.05 ns)

 <State 24>: 2.05ns
The critical path consists of the following:
	'call' operation ('layer11_out[0].V', firmware/nnet_utils/nnet_dense.h:46->firmware/myproject.cpp:98) to 'dense_latency<ap_fixed,ap_fixed,config11>.0.0' [145]  (2.05 ns)

 <State 25>: 2.05ns
The critical path consists of the following:
	'call' operation ('layer11_out[0].V', firmware/nnet_utils/nnet_dense.h:46->firmware/myproject.cpp:98) to 'dense_latency<ap_fixed,ap_fixed,config11>.0.0' [145]  (2.05 ns)

 <State 26>: 2.05ns
The critical path consists of the following:
	'call' operation ('layer11_out[0].V', firmware/nnet_utils/nnet_dense.h:46->firmware/myproject.cpp:98) to 'dense_latency<ap_fixed,ap_fixed,config11>.0.0' [145]  (2.05 ns)

 <State 27>: 2.01ns
The critical path consists of the following:
	'call' operation ('call_ret', firmware/myproject.cpp:100) to 'sigmoid<ap_fixed,ap_fixed,sigmoid_config12>' [146]  (2.01 ns)

 <State 28>: 2.12ns
The critical path consists of the following:
	'call' operation ('call_ret', firmware/myproject.cpp:100) to 'sigmoid<ap_fixed,ap_fixed,sigmoid_config12>' [146]  (2.12 ns)

 <State 29>: 1.16ns
The critical path consists of the following:
	'call' operation ('call_ret', firmware/myproject.cpp:100) to 'sigmoid<ap_fixed,ap_fixed,sigmoid_config12>' [146]  (1.16 ns)


============================================================
+ Verbose Summary: Binding
============================================================
N/A
* FSMD analyzer results:
  - Output states:
 - Input state : 
  - Chain level:
	State 1
	State 2
	State 3
	State 4
	State 5
	State 6
	State 7
	State 8
	State 9
	State 10
	State 11
	State 12
	State 13
	State 14
	State 15
	State 16
	State 17
	State 18
	State 19
	State 20
	State 21
	State 22
	State 23
	State 24
	State 25
	State 26
	State 27
	State 28
	State 29


============================================================
+ Verbose Summary: Datapath Resource usage 
============================================================
N/A
