

================================================================
== Vivado HLS Report for 'relu_ap_fixed_ap_fixed_16_8_5_3_0_relu_config10_s'
================================================================
* Date:           Fri Jun  3 16:16:27 2022

* Version:        2019.1 (Build 2552052 on Fri May 24 15:28:33 MDT 2019)
* Project:        myproject_prj
* Solution:       solution1
* Product family: virtexuplus
* Target device:  xcvu9p-flgb2104-2-i


================================================================
== Performance Estimates
================================================================
+ Timing (ns): 
    * Summary: 
    +--------+-------+----------+------------+
    |  Clock | Target| Estimated| Uncertainty|
    +--------+-------+----------+------------+
    |ap_clk  |   5.00|     0.969|        0.62|
    +--------+-------+----------+------------+

+ Latency (clock cycles): 
    * Summary: 
    +-----+-----+-----+-----+----------+
    |  Latency  |  Interval | Pipeline |
    | min | max | min | max |   Type   |
    +-----+-----+-----+-----+----------+
    |    0|    0|    1|    1| function |
    +-----+-----+-----+-----+----------+

    + Detail: 
        * Instance: 
        N/A

        * Loop: 
        N/A

============================================================
+ Verbose Summary: Synthesis Manager
============================================================
InlineROM: 1
ExposeGlobal: 0
============================================================
+ Verbose Summary: CDFG Model
============================================================
IsTopModel: 0
ResetActiveHigh: 1
IsCombinational: 2
IsDatapathOnly: 0
HasWiredReturn: 1
HasMFsm: 2
HasVarLatency: 0
IsPipeline: 1
IsRtlPipelined: 0
IsInstanceOverlapped: 0
IsDontTouch: 0
HasImplIP: 0
IsGatedGlobalClock: 0

+ Individual pipeline summary: 
  * Pipeline-0: initiation interval (II) = 1, depth = 1


============================================================
+ Verbose Summary: Schedule
============================================================
* Number of FSM states : 1
* Pipeline : 1
  Pipeline-0 : II = 1, D = 1, States = { 1 }
* Dataflow Pipeline: 0

* FSM state transitions: 
1 --> 

* FSM state operations: 

State 1 <SV = 0> <Delay = 0.96>
ST_1 : Operation 2 [1/1] (0.00ns)   --->   "%data_9_V_read_3 = call i16 @_ssdm_op_Read.ap_auto.i16(i16 %data_9_V_read)" [firmware/nnet_utils/nnet_activation.h:69]   --->   Operation 2 'read' 'data_9_V_read_3' <Predicate = true> <Delay = 0.00>
ST_1 : Operation 3 [1/1] (0.00ns)   --->   "%data_8_V_read_3 = call i16 @_ssdm_op_Read.ap_auto.i16(i16 %data_8_V_read)" [firmware/nnet_utils/nnet_activation.h:69]   --->   Operation 3 'read' 'data_8_V_read_3' <Predicate = true> <Delay = 0.00>
ST_1 : Operation 4 [1/1] (0.00ns)   --->   "%data_7_V_read_3 = call i16 @_ssdm_op_Read.ap_auto.i16(i16 %data_7_V_read)" [firmware/nnet_utils/nnet_activation.h:69]   --->   Operation 4 'read' 'data_7_V_read_3' <Predicate = true> <Delay = 0.00>
ST_1 : Operation 5 [1/1] (0.00ns)   --->   "%data_6_V_read_3 = call i16 @_ssdm_op_Read.ap_auto.i16(i16 %data_6_V_read)" [firmware/nnet_utils/nnet_activation.h:69]   --->   Operation 5 'read' 'data_6_V_read_3' <Predicate = true> <Delay = 0.00>
ST_1 : Operation 6 [1/1] (0.00ns)   --->   "%data_5_V_read_3 = call i16 @_ssdm_op_Read.ap_auto.i16(i16 %data_5_V_read)" [firmware/nnet_utils/nnet_activation.h:69]   --->   Operation 6 'read' 'data_5_V_read_3' <Predicate = true> <Delay = 0.00>
ST_1 : Operation 7 [1/1] (0.00ns)   --->   "%data_4_V_read_3 = call i16 @_ssdm_op_Read.ap_auto.i16(i16 %data_4_V_read)" [firmware/nnet_utils/nnet_activation.h:69]   --->   Operation 7 'read' 'data_4_V_read_3' <Predicate = true> <Delay = 0.00>
ST_1 : Operation 8 [1/1] (0.00ns)   --->   "%data_3_V_read_3 = call i16 @_ssdm_op_Read.ap_auto.i16(i16 %data_3_V_read)" [firmware/nnet_utils/nnet_activation.h:69]   --->   Operation 8 'read' 'data_3_V_read_3' <Predicate = true> <Delay = 0.00>
ST_1 : Operation 9 [1/1] (0.00ns)   --->   "%data_2_V_read_3 = call i16 @_ssdm_op_Read.ap_auto.i16(i16 %data_2_V_read)" [firmware/nnet_utils/nnet_activation.h:69]   --->   Operation 9 'read' 'data_2_V_read_3' <Predicate = true> <Delay = 0.00>
ST_1 : Operation 10 [1/1] (0.00ns)   --->   "%data_1_V_read_3 = call i16 @_ssdm_op_Read.ap_auto.i16(i16 %data_1_V_read)" [firmware/nnet_utils/nnet_activation.h:69]   --->   Operation 10 'read' 'data_1_V_read_3' <Predicate = true> <Delay = 0.00>
ST_1 : Operation 11 [1/1] (0.00ns)   --->   "%data_0_V_read_3 = call i16 @_ssdm_op_Read.ap_auto.i16(i16 %data_0_V_read)" [firmware/nnet_utils/nnet_activation.h:69]   --->   Operation 11 'read' 'data_0_V_read_3' <Predicate = true> <Delay = 0.00>
ST_1 : Operation 12 [1/1] (0.00ns)   --->   "%tmp = call i32 (...)* @_ssdm_op_SpecRegionBegin([13 x i8]* @p_str21)" [firmware/nnet_utils/nnet_activation.h:71]   --->   Operation 12 'specregionbegin' 'tmp' <Predicate = true> <Delay = 0.00>
ST_1 : Operation 13 [1/1] (0.00ns)   --->   "call void (...)* @_ssdm_op_SpecPipeline(i32 -1, i32 1, i32 1, i32 0, [1 x i8]* @p_str13) nounwind" [firmware/nnet_utils/nnet_activation.h:72]   --->   Operation 13 'specpipeline' <Predicate = true> <Delay = 0.00>
ST_1 : Operation 14 [1/1] (0.00ns)   --->   "%empty = call i32 (...)* @_ssdm_op_SpecRegionEnd([13 x i8]* @p_str21, i32 %tmp)" [firmware/nnet_utils/nnet_activation.h:73]   --->   Operation 14 'specregionend' 'empty' <Predicate = true> <Delay = 0.00>
ST_1 : Operation 15 [1/1] (0.00ns)   --->   "%trunc_ln1494 = trunc i16 %data_0_V_read_3 to i15" [firmware/nnet_utils/nnet_activation.h:81]   --->   Operation 15 'trunc' 'trunc_ln1494' <Predicate = (icmp_ln1494)> <Delay = 0.00>
ST_1 : Operation 16 [1/1] (0.67ns)   --->   "%icmp_ln1494 = icmp sgt i16 %data_0_V_read_3, 0" [firmware/nnet_utils/nnet_activation.h:81]   --->   Operation 16 'icmp' 'icmp_ln1494' <Predicate = true> <Delay = 0.67> <Core = "Cmp">   --->   Core 25 'Cmp' <Latency = 0> <II = 1> <Delay = 0.67> <FuncUnit> <Opcode : 'icmp'> <InPorts = 2> <OutPorts = 1>
ST_1 : Operation 17 [1/1] (0.29ns)   --->   "%select_ln81 = select i1 %icmp_ln1494, i15 %trunc_ln1494, i15 0" [firmware/nnet_utils/nnet_activation.h:81]   --->   Operation 17 'select' 'select_ln81' <Predicate = true> <Delay = 0.29> <Core = "Sel">   --->   Core 26 'Sel' <Latency = 0> <II = 1> <Delay = 0.29> <FuncUnit> <Opcode : 'select'> <InPorts = 3> <OutPorts = 1>
ST_1 : Operation 18 [1/1] (0.00ns)   --->   "%trunc_ln1494_268 = trunc i16 %data_1_V_read_3 to i15" [firmware/nnet_utils/nnet_activation.h:81]   --->   Operation 18 'trunc' 'trunc_ln1494_268' <Predicate = (icmp_ln1494_1)> <Delay = 0.00>
ST_1 : Operation 19 [1/1] (0.67ns)   --->   "%icmp_ln1494_1 = icmp sgt i16 %data_1_V_read_3, 0" [firmware/nnet_utils/nnet_activation.h:81]   --->   Operation 19 'icmp' 'icmp_ln1494_1' <Predicate = true> <Delay = 0.67> <Core = "Cmp">   --->   Core 25 'Cmp' <Latency = 0> <II = 1> <Delay = 0.67> <FuncUnit> <Opcode : 'icmp'> <InPorts = 2> <OutPorts = 1>
ST_1 : Operation 20 [1/1] (0.29ns)   --->   "%select_ln81_268 = select i1 %icmp_ln1494_1, i15 %trunc_ln1494_268, i15 0" [firmware/nnet_utils/nnet_activation.h:81]   --->   Operation 20 'select' 'select_ln81_268' <Predicate = true> <Delay = 0.29> <Core = "Sel">   --->   Core 26 'Sel' <Latency = 0> <II = 1> <Delay = 0.29> <FuncUnit> <Opcode : 'select'> <InPorts = 3> <OutPorts = 1>
ST_1 : Operation 21 [1/1] (0.00ns)   --->   "%trunc_ln1494_269 = trunc i16 %data_2_V_read_3 to i15" [firmware/nnet_utils/nnet_activation.h:81]   --->   Operation 21 'trunc' 'trunc_ln1494_269' <Predicate = (icmp_ln1494_2)> <Delay = 0.00>
ST_1 : Operation 22 [1/1] (0.67ns)   --->   "%icmp_ln1494_2 = icmp sgt i16 %data_2_V_read_3, 0" [firmware/nnet_utils/nnet_activation.h:81]   --->   Operation 22 'icmp' 'icmp_ln1494_2' <Predicate = true> <Delay = 0.67> <Core = "Cmp">   --->   Core 25 'Cmp' <Latency = 0> <II = 1> <Delay = 0.67> <FuncUnit> <Opcode : 'icmp'> <InPorts = 2> <OutPorts = 1>
ST_1 : Operation 23 [1/1] (0.29ns)   --->   "%select_ln81_269 = select i1 %icmp_ln1494_2, i15 %trunc_ln1494_269, i15 0" [firmware/nnet_utils/nnet_activation.h:81]   --->   Operation 23 'select' 'select_ln81_269' <Predicate = true> <Delay = 0.29> <Core = "Sel">   --->   Core 26 'Sel' <Latency = 0> <II = 1> <Delay = 0.29> <FuncUnit> <Opcode : 'select'> <InPorts = 3> <OutPorts = 1>
ST_1 : Operation 24 [1/1] (0.00ns)   --->   "%trunc_ln1494_270 = trunc i16 %data_3_V_read_3 to i15" [firmware/nnet_utils/nnet_activation.h:81]   --->   Operation 24 'trunc' 'trunc_ln1494_270' <Predicate = (icmp_ln1494_3)> <Delay = 0.00>
ST_1 : Operation 25 [1/1] (0.67ns)   --->   "%icmp_ln1494_3 = icmp sgt i16 %data_3_V_read_3, 0" [firmware/nnet_utils/nnet_activation.h:81]   --->   Operation 25 'icmp' 'icmp_ln1494_3' <Predicate = true> <Delay = 0.67> <Core = "Cmp">   --->   Core 25 'Cmp' <Latency = 0> <II = 1> <Delay = 0.67> <FuncUnit> <Opcode : 'icmp'> <InPorts = 2> <OutPorts = 1>
ST_1 : Operation 26 [1/1] (0.29ns)   --->   "%select_ln81_270 = select i1 %icmp_ln1494_3, i15 %trunc_ln1494_270, i15 0" [firmware/nnet_utils/nnet_activation.h:81]   --->   Operation 26 'select' 'select_ln81_270' <Predicate = true> <Delay = 0.29> <Core = "Sel">   --->   Core 26 'Sel' <Latency = 0> <II = 1> <Delay = 0.29> <FuncUnit> <Opcode : 'select'> <InPorts = 3> <OutPorts = 1>
ST_1 : Operation 27 [1/1] (0.00ns)   --->   "%trunc_ln1494_271 = trunc i16 %data_4_V_read_3 to i15" [firmware/nnet_utils/nnet_activation.h:81]   --->   Operation 27 'trunc' 'trunc_ln1494_271' <Predicate = (icmp_ln1494_4)> <Delay = 0.00>
ST_1 : Operation 28 [1/1] (0.67ns)   --->   "%icmp_ln1494_4 = icmp sgt i16 %data_4_V_read_3, 0" [firmware/nnet_utils/nnet_activation.h:81]   --->   Operation 28 'icmp' 'icmp_ln1494_4' <Predicate = true> <Delay = 0.67> <Core = "Cmp">   --->   Core 25 'Cmp' <Latency = 0> <II = 1> <Delay = 0.67> <FuncUnit> <Opcode : 'icmp'> <InPorts = 2> <OutPorts = 1>
ST_1 : Operation 29 [1/1] (0.29ns)   --->   "%select_ln81_271 = select i1 %icmp_ln1494_4, i15 %trunc_ln1494_271, i15 0" [firmware/nnet_utils/nnet_activation.h:81]   --->   Operation 29 'select' 'select_ln81_271' <Predicate = true> <Delay = 0.29> <Core = "Sel">   --->   Core 26 'Sel' <Latency = 0> <II = 1> <Delay = 0.29> <FuncUnit> <Opcode : 'select'> <InPorts = 3> <OutPorts = 1>
ST_1 : Operation 30 [1/1] (0.00ns)   --->   "%trunc_ln1494_272 = trunc i16 %data_5_V_read_3 to i15" [firmware/nnet_utils/nnet_activation.h:81]   --->   Operation 30 'trunc' 'trunc_ln1494_272' <Predicate = (icmp_ln1494_5)> <Delay = 0.00>
ST_1 : Operation 31 [1/1] (0.67ns)   --->   "%icmp_ln1494_5 = icmp sgt i16 %data_5_V_read_3, 0" [firmware/nnet_utils/nnet_activation.h:81]   --->   Operation 31 'icmp' 'icmp_ln1494_5' <Predicate = true> <Delay = 0.67> <Core = "Cmp">   --->   Core 25 'Cmp' <Latency = 0> <II = 1> <Delay = 0.67> <FuncUnit> <Opcode : 'icmp'> <InPorts = 2> <OutPorts = 1>
ST_1 : Operation 32 [1/1] (0.29ns)   --->   "%select_ln81_272 = select i1 %icmp_ln1494_5, i15 %trunc_ln1494_272, i15 0" [firmware/nnet_utils/nnet_activation.h:81]   --->   Operation 32 'select' 'select_ln81_272' <Predicate = true> <Delay = 0.29> <Core = "Sel">   --->   Core 26 'Sel' <Latency = 0> <II = 1> <Delay = 0.29> <FuncUnit> <Opcode : 'select'> <InPorts = 3> <OutPorts = 1>
ST_1 : Operation 33 [1/1] (0.00ns)   --->   "%trunc_ln1494_273 = trunc i16 %data_6_V_read_3 to i15" [firmware/nnet_utils/nnet_activation.h:81]   --->   Operation 33 'trunc' 'trunc_ln1494_273' <Predicate = (icmp_ln1494_6)> <Delay = 0.00>
ST_1 : Operation 34 [1/1] (0.67ns)   --->   "%icmp_ln1494_6 = icmp sgt i16 %data_6_V_read_3, 0" [firmware/nnet_utils/nnet_activation.h:81]   --->   Operation 34 'icmp' 'icmp_ln1494_6' <Predicate = true> <Delay = 0.67> <Core = "Cmp">   --->   Core 25 'Cmp' <Latency = 0> <II = 1> <Delay = 0.67> <FuncUnit> <Opcode : 'icmp'> <InPorts = 2> <OutPorts = 1>
ST_1 : Operation 35 [1/1] (0.29ns)   --->   "%select_ln81_273 = select i1 %icmp_ln1494_6, i15 %trunc_ln1494_273, i15 0" [firmware/nnet_utils/nnet_activation.h:81]   --->   Operation 35 'select' 'select_ln81_273' <Predicate = true> <Delay = 0.29> <Core = "Sel">   --->   Core 26 'Sel' <Latency = 0> <II = 1> <Delay = 0.29> <FuncUnit> <Opcode : 'select'> <InPorts = 3> <OutPorts = 1>
ST_1 : Operation 36 [1/1] (0.00ns)   --->   "%trunc_ln1494_274 = trunc i16 %data_7_V_read_3 to i15" [firmware/nnet_utils/nnet_activation.h:81]   --->   Operation 36 'trunc' 'trunc_ln1494_274' <Predicate = (icmp_ln1494_7)> <Delay = 0.00>
ST_1 : Operation 37 [1/1] (0.67ns)   --->   "%icmp_ln1494_7 = icmp sgt i16 %data_7_V_read_3, 0" [firmware/nnet_utils/nnet_activation.h:81]   --->   Operation 37 'icmp' 'icmp_ln1494_7' <Predicate = true> <Delay = 0.67> <Core = "Cmp">   --->   Core 25 'Cmp' <Latency = 0> <II = 1> <Delay = 0.67> <FuncUnit> <Opcode : 'icmp'> <InPorts = 2> <OutPorts = 1>
ST_1 : Operation 38 [1/1] (0.29ns)   --->   "%select_ln81_274 = select i1 %icmp_ln1494_7, i15 %trunc_ln1494_274, i15 0" [firmware/nnet_utils/nnet_activation.h:81]   --->   Operation 38 'select' 'select_ln81_274' <Predicate = true> <Delay = 0.29> <Core = "Sel">   --->   Core 26 'Sel' <Latency = 0> <II = 1> <Delay = 0.29> <FuncUnit> <Opcode : 'select'> <InPorts = 3> <OutPorts = 1>
ST_1 : Operation 39 [1/1] (0.00ns)   --->   "%trunc_ln1494_275 = trunc i16 %data_8_V_read_3 to i15" [firmware/nnet_utils/nnet_activation.h:81]   --->   Operation 39 'trunc' 'trunc_ln1494_275' <Predicate = (icmp_ln1494_8)> <Delay = 0.00>
ST_1 : Operation 40 [1/1] (0.67ns)   --->   "%icmp_ln1494_8 = icmp sgt i16 %data_8_V_read_3, 0" [firmware/nnet_utils/nnet_activation.h:81]   --->   Operation 40 'icmp' 'icmp_ln1494_8' <Predicate = true> <Delay = 0.67> <Core = "Cmp">   --->   Core 25 'Cmp' <Latency = 0> <II = 1> <Delay = 0.67> <FuncUnit> <Opcode : 'icmp'> <InPorts = 2> <OutPorts = 1>
ST_1 : Operation 41 [1/1] (0.29ns)   --->   "%select_ln81_275 = select i1 %icmp_ln1494_8, i15 %trunc_ln1494_275, i15 0" [firmware/nnet_utils/nnet_activation.h:81]   --->   Operation 41 'select' 'select_ln81_275' <Predicate = true> <Delay = 0.29> <Core = "Sel">   --->   Core 26 'Sel' <Latency = 0> <II = 1> <Delay = 0.29> <FuncUnit> <Opcode : 'select'> <InPorts = 3> <OutPorts = 1>
ST_1 : Operation 42 [1/1] (0.00ns)   --->   "%trunc_ln1494_276 = trunc i16 %data_9_V_read_3 to i15" [firmware/nnet_utils/nnet_activation.h:81]   --->   Operation 42 'trunc' 'trunc_ln1494_276' <Predicate = (icmp_ln1494_9)> <Delay = 0.00>
ST_1 : Operation 43 [1/1] (0.67ns)   --->   "%icmp_ln1494_9 = icmp sgt i16 %data_9_V_read_3, 0" [firmware/nnet_utils/nnet_activation.h:81]   --->   Operation 43 'icmp' 'icmp_ln1494_9' <Predicate = true> <Delay = 0.67> <Core = "Cmp">   --->   Core 25 'Cmp' <Latency = 0> <II = 1> <Delay = 0.67> <FuncUnit> <Opcode : 'icmp'> <InPorts = 2> <OutPorts = 1>
ST_1 : Operation 44 [1/1] (0.29ns)   --->   "%select_ln81_276 = select i1 %icmp_ln1494_9, i15 %trunc_ln1494_276, i15 0" [firmware/nnet_utils/nnet_activation.h:81]   --->   Operation 44 'select' 'select_ln81_276' <Predicate = true> <Delay = 0.29> <Core = "Sel">   --->   Core 26 'Sel' <Latency = 0> <II = 1> <Delay = 0.29> <FuncUnit> <Opcode : 'select'> <InPorts = 3> <OutPorts = 1>
ST_1 : Operation 45 [1/1] (0.00ns)   --->   "%mrv = insertvalue { i15, i15, i15, i15, i15, i15, i15, i15, i15, i15 } undef, i15 %select_ln81, 0" [firmware/nnet_utils/nnet_activation.h:84]   --->   Operation 45 'insertvalue' 'mrv' <Predicate = true> <Delay = 0.00>
ST_1 : Operation 46 [1/1] (0.00ns)   --->   "%mrv_1 = insertvalue { i15, i15, i15, i15, i15, i15, i15, i15, i15, i15 } %mrv, i15 %select_ln81_268, 1" [firmware/nnet_utils/nnet_activation.h:84]   --->   Operation 46 'insertvalue' 'mrv_1' <Predicate = true> <Delay = 0.00>
ST_1 : Operation 47 [1/1] (0.00ns)   --->   "%mrv_2 = insertvalue { i15, i15, i15, i15, i15, i15, i15, i15, i15, i15 } %mrv_1, i15 %select_ln81_269, 2" [firmware/nnet_utils/nnet_activation.h:84]   --->   Operation 47 'insertvalue' 'mrv_2' <Predicate = true> <Delay = 0.00>
ST_1 : Operation 48 [1/1] (0.00ns)   --->   "%mrv_3 = insertvalue { i15, i15, i15, i15, i15, i15, i15, i15, i15, i15 } %mrv_2, i15 %select_ln81_270, 3" [firmware/nnet_utils/nnet_activation.h:84]   --->   Operation 48 'insertvalue' 'mrv_3' <Predicate = true> <Delay = 0.00>
ST_1 : Operation 49 [1/1] (0.00ns)   --->   "%mrv_4 = insertvalue { i15, i15, i15, i15, i15, i15, i15, i15, i15, i15 } %mrv_3, i15 %select_ln81_271, 4" [firmware/nnet_utils/nnet_activation.h:84]   --->   Operation 49 'insertvalue' 'mrv_4' <Predicate = true> <Delay = 0.00>
ST_1 : Operation 50 [1/1] (0.00ns)   --->   "%mrv_5 = insertvalue { i15, i15, i15, i15, i15, i15, i15, i15, i15, i15 } %mrv_4, i15 %select_ln81_272, 5" [firmware/nnet_utils/nnet_activation.h:84]   --->   Operation 50 'insertvalue' 'mrv_5' <Predicate = true> <Delay = 0.00>
ST_1 : Operation 51 [1/1] (0.00ns)   --->   "%mrv_6 = insertvalue { i15, i15, i15, i15, i15, i15, i15, i15, i15, i15 } %mrv_5, i15 %select_ln81_273, 6" [firmware/nnet_utils/nnet_activation.h:84]   --->   Operation 51 'insertvalue' 'mrv_6' <Predicate = true> <Delay = 0.00>
ST_1 : Operation 52 [1/1] (0.00ns)   --->   "%mrv_7 = insertvalue { i15, i15, i15, i15, i15, i15, i15, i15, i15, i15 } %mrv_6, i15 %select_ln81_274, 7" [firmware/nnet_utils/nnet_activation.h:84]   --->   Operation 52 'insertvalue' 'mrv_7' <Predicate = true> <Delay = 0.00>
ST_1 : Operation 53 [1/1] (0.00ns)   --->   "%mrv_8 = insertvalue { i15, i15, i15, i15, i15, i15, i15, i15, i15, i15 } %mrv_7, i15 %select_ln81_275, 8" [firmware/nnet_utils/nnet_activation.h:84]   --->   Operation 53 'insertvalue' 'mrv_8' <Predicate = true> <Delay = 0.00>
ST_1 : Operation 54 [1/1] (0.00ns)   --->   "%mrv_9 = insertvalue { i15, i15, i15, i15, i15, i15, i15, i15, i15, i15 } %mrv_8, i15 %select_ln81_276, 9" [firmware/nnet_utils/nnet_activation.h:84]   --->   Operation 54 'insertvalue' 'mrv_9' <Predicate = true> <Delay = 0.00>
ST_1 : Operation 55 [1/1] (0.00ns)   --->   "ret { i15, i15, i15, i15, i15, i15, i15, i15, i15, i15 } %mrv_9" [firmware/nnet_utils/nnet_activation.h:84]   --->   Operation 55 'ret' <Predicate = true> <Delay = 0.00>


============================================================
+ Verbose Summary: Timing violations
============================================================
Target clock period: 5ns, clock uncertainty: 0.625ns.

 <State 1>: 0.969ns
The critical path consists of the following:
	wire read on port 'data_9_V_read' (firmware/nnet_utils/nnet_activation.h:69) [11]  (0 ns)
	'icmp' operation ('icmp_ln1494_9', firmware/nnet_utils/nnet_activation.h:81) [52]  (0.676 ns)
	'select' operation ('res[9].V', firmware/nnet_utils/nnet_activation.h:81) [53]  (0.292 ns)


============================================================
+ Verbose Summary: Binding
============================================================
N/A
* FSMD analyzer results:
  - Output states:
 - Input state : 
  - Chain level:
	State 1


============================================================
+ Verbose Summary: Datapath Resource usage 
============================================================
N/A
