==============================================================
Vivado(TM) HLS - High-Level Synthesis from C, C++ and SystemC v2019.1 (64-bit)
Copyright 1986-2019 Xilinx, Inc. All Rights Reserved.
==============================================================
INFO: [XFORM 203-101] Allowed max sub elements number after partition is 4096.
INFO: [XFORM 203-1161] The maximum of name length is set into 60.
INFO: [HLS 200-10] Setting target device to 'xcvu9p-flgb2104-2-i'
INFO: [SYN 201-201] Setting up clock 'default' with a period of 5ns.
INFO: [SCHED 204-61] Option 'relax_ii_for_timing' is enabled, will increase II to preserve clock frequency constraints.
INFO: [HLS 200-10] Analyzing design file 'firmware/myproject.cpp' ... 
WARNING: [HLS 200-40] In file included from firmware/myproject.cpp:1:
In file included from firmware/myproject.cpp:22:
In file included from firmware/parameters.h:11:
In file included from firmware/nnet_utils/nnet_conv1d.h:24:
firmware/nnet_utils/nnet_conv1d_latency.h:79:55: warning: comparison of unsigned expression < 0 is always false [-Wtautological-compare]
                    if((ii*CONFIG_T::stride_width+jj) < CONFIG_T::pad_left || (ii*CONFIG_T::stride_width+jj) >= (CONFIG_T::pad_left + CONFIG_T::in_width)){
                       ~~~~~~~~~~~~~~~~~~~~~~~~~~~~~~ ^ ~~~~~~~~~~~~~~~~~~
firmware/nnet_utils/nnet_conv1d.h:62:9: note: in instantiation of function template specialization 'nnet::conv_1d_latency_cl<ap_fixed<16, 8, 5, 3, 0>, ap_fixed<16, 8, 5, 3, 0>, config2>' requested here
        conv_1d_latency_cl<data_T, res_T, CONFIG_T>(data, res, weights, biases);
        ^
firmware/myproject.cpp:66:2: note: in instantiation of function template specialization 'nnet::conv_1d_cl<ap_fixed<16, 8, 5, 3, 0>, ap_fixed<16, 8, 5, 3, 0>, config2>' requested here
 nnet::conv_1d_cl<input_t, layer2_t, config2>(conv1d_input, layer2_out, w2, b2);
 ^
In file included from firmware/myproject.cpp:1:
In file included from firmware/myproject.cpp:22:
In file included from firmware/parameters.h:11:
In file included from firmware/nnet_utils/nnet_conv1d.h:24:
firmware/nnet_utils/nnet_conv1d_latency.h:79:55: warning: comparison of unsigned expression < 0 is always false [-Wtautological-compare]
                    if((ii*CONFIG_T::stride_width+jj) < CONFIG_T::pad_left || (ii*CONFIG_T::stride_width+jj) >= (CONFIG_T::pad_left + CONFIG_T::in_width)){
                       ~~~~~~~~~~~~~~~~~~~~~~~~~~~~~~ ^ ~~~~~~~~~~~~~~~~~~
firmware/nnet_utils/nnet_conv1d.h:62:9: note: in instantiation of function template specialization 'nnet::conv_1d_latency_cl<ap_fixed<16, 8, 5, 3, 0>, ap_fixed<16, 8, 5, 3, 0>, config4>' requested here
        conv_1d_latency_cl<data_T, res_T, CONFIG_T>(data, res, weights, biases);
        ^
firmware/myproject.cpp:74:2: note: in instantiation of function template specialization 'nnet::conv_1d_cl<ap_fixed<16, 8, 5, 3, 0>, ap_fixed<16, 8, 5, 3, 0>, config4>' requested here
 nnet::conv_1d_cl<layer3_t, layer4_t, config4>(layer3_out, layer4_out, w4, b4);
 ^
2 warnings generated.
WARNING: [HLS 214-114] Since the only kind of statements allowed in a dataflow region are variable declarations and function calls, the compiler may not be able to correctly handle the region: firmware/nnet_utils/nnet_dense_latency.h:64:9
WARNING: [HLS 214-104] Only for-loops and functions support the dataflow: firmware/nnet_utils/nnet_dense_latency.h:76:9
WARNING: [HLS 200-471] Dataflow form checks found 2 issue(s) in file firmware/myproject.cpp
INFO: [HLS 200-111] Finished Linking Time (s): cpu = 00:00:17 ; elapsed = 00:00:19 . Memory (MB): peak = 920.676 ; gain = 132.129 ; free physical = 36392 ; free virtual = 81507
INFO: [HLS 200-111] Finished Checking Pragmas Time (s): cpu = 00:00:17 ; elapsed = 00:00:19 . Memory (MB): peak = 920.676 ; gain = 132.129 ; free physical = 36392 ; free virtual = 81507
INFO: [HLS 200-10] Starting code transformations ...
INFO: [XFORM 203-603] Inlining function 'nnet::product::mult<ap_fixed<16, 8, (ap_q_mode)5, (ap_o_mode)3, 0>, ap_fixed<16, 8, (ap_q_mode)5, (ap_o_mode)3, 0>, ap_fixed<16, 8, (ap_q_mode)5, (ap_o_mode)3, 0> >::limit' into 'nnet::dense_latency<ap_fixed<16, 8, (ap_q_mode)5, (ap_o_mode)3, 0>, ap_fixed<16, 8, (ap_q_mode)5, (ap_o_mode)3, 0>, config6>' (firmware/nnet_utils/nnet_dense_latency.h:57).
INFO: [XFORM 203-603] Inlining function 'nnet::product::mult<ap_fixed<16, 8, (ap_q_mode)5, (ap_o_mode)3, 0>, ap_fixed<16, 8, (ap_q_mode)5, (ap_o_mode)3, 0>, ap_fixed<16, 8, (ap_q_mode)5, (ap_o_mode)3, 0> >::limit' into 'nnet::dense_latency<ap_fixed<16, 8, (ap_q_mode)5, (ap_o_mode)3, 0>, ap_fixed<16, 8, (ap_q_mode)5, (ap_o_mode)3, 0>, config8>' (firmware/nnet_utils/nnet_dense_latency.h:57).
INFO: [XFORM 203-603] Inlining function 'nnet::product::mult<ap_fixed<16, 8, (ap_q_mode)5, (ap_o_mode)3, 0>, ap_fixed<16, 8, (ap_q_mode)5, (ap_o_mode)3, 0>, ap_fixed<16, 8, (ap_q_mode)5, (ap_o_mode)3, 0> >::limit' into 'nnet::dense_latency<ap_fixed<16, 8, (ap_q_mode)5, (ap_o_mode)3, 0>, ap_fixed<16, 8, (ap_q_mode)5, (ap_o_mode)3, 0>, config10>' (firmware/nnet_utils/nnet_dense_latency.h:57).
INFO: [XFORM 203-603] Inlining function 'nnet::product::mult<ap_fixed<16, 8, (ap_q_mode)5, (ap_o_mode)3, 0>, ap_fixed<16, 8, (ap_q_mode)5, (ap_o_mode)3, 0>, ap_fixed<16, 8, (ap_q_mode)5, (ap_o_mode)3, 0> >::product' into 'nnet::dense_latency<ap_fixed<16, 8, (ap_q_mode)5, (ap_o_mode)3, 0>, ap_fixed<16, 8, (ap_q_mode)5, (ap_o_mode)3, 0>, config6>' (firmware/nnet_utils/nnet_dense_latency.h:96).
INFO: [XFORM 203-603] Inlining function 'nnet::product::mult<ap_fixed<16, 8, (ap_q_mode)5, (ap_o_mode)3, 0>, ap_fixed<16, 8, (ap_q_mode)5, (ap_o_mode)3, 0>, ap_fixed<16, 8, (ap_q_mode)5, (ap_o_mode)3, 0> >::product' into 'nnet::dense_latency<ap_fixed<16, 8, (ap_q_mode)5, (ap_o_mode)3, 0>, ap_fixed<16, 8, (ap_q_mode)5, (ap_o_mode)3, 0>, config8>' (firmware/nnet_utils/nnet_dense_latency.h:96).
INFO: [XFORM 203-603] Inlining function 'nnet::product::mult<ap_fixed<16, 8, (ap_q_mode)5, (ap_o_mode)3, 0>, ap_fixed<16, 8, (ap_q_mode)5, (ap_o_mode)3, 0>, ap_fixed<16, 8, (ap_q_mode)5, (ap_o_mode)3, 0> >::product' into 'nnet::dense_latency<ap_fixed<16, 8, (ap_q_mode)5, (ap_o_mode)3, 0>, ap_fixed<16, 8, (ap_q_mode)5, (ap_o_mode)3, 0>, config10>' (firmware/nnet_utils/nnet_dense_latency.h:96).
INFO: [XFORM 203-603] Inlining function 'nnet::dense<ap_fixed<16, 8, (ap_q_mode)5, (ap_o_mode)3, 0>, ap_fixed<16, 8, (ap_q_mode)5, (ap_o_mode)3, 0>, config6>' into 'myproject' (firmware/myproject.cpp:82).
INFO: [XFORM 203-603] Inlining function 'nnet::dense<ap_fixed<16, 8, (ap_q_mode)5, (ap_o_mode)3, 0>, ap_fixed<16, 8, (ap_q_mode)5, (ap_o_mode)3, 0>, config8>' into 'myproject' (firmware/myproject.cpp:90).
INFO: [XFORM 203-603] Inlining function 'nnet::dense<ap_fixed<16, 8, (ap_q_mode)5, (ap_o_mode)3, 0>, ap_fixed<16, 8, (ap_q_mode)5, (ap_o_mode)3, 0>, config10>' into 'myproject' (firmware/myproject.cpp:98).
INFO: [HLS 200-111] Finished Standard Transforms Time (s): cpu = 00:00:21 ; elapsed = 00:00:23 . Memory (MB): peak = 989.734 ; gain = 201.188 ; free physical = 36286 ; free virtual = 81414
INFO: [HLS 200-10] Checking synthesizability ...
INFO: [XFORM 203-602] Inlining function 'fp_struct<double>::mantissa' into 'generic_cast_IEEE754<int, (ap_q_mode)6, double>' (/wrk/2019.1/continuous/2019_05_24_2552052/src/products/hls/hls_lib/hlsmath/include/FloatingPoint/hls_case_IEEE754.h:15) automatically.
INFO: [XFORM 203-602] Inlining function 'fp_struct<double>::expv' into 'generic_cast_IEEE754<int, (ap_q_mode)6, double>' (/wrk/2019.1/continuous/2019_05_24_2552052/src/products/hls/hls_lib/hlsmath/include/FloatingPoint/hls_case_IEEE754.h:18) automatically.
INFO: [XFORM 203-602] Inlining function 'fp_struct<double>::__signbit' into 'generic_cast_IEEE754<int, (ap_q_mode)6, double>' (/wrk/2019.1/continuous/2019_05_24_2552052/src/products/hls/hls_lib/hlsmath/include/FloatingPoint/hls_case_IEEE754.h:59) automatically.
INFO: [XFORM 203-602] Inlining function 'generic_cast_IEEE754<int, (ap_q_mode)6, double>' into 'generic_cast_IEEE754<int, double>' (/wrk/2019.1/continuous/2019_05_24_2552052/src/products/hls/hls_lib/hlsmath/include/FloatingPoint/hls_case_IEEE754.h:117) automatically.
INFO: [XFORM 203-602] Inlining function 'generic_cast_IEEE754<int, double>' into '__hls_fptosi_double_i32' (/wrk/2019.1/continuous/2019_05_24_2552052/src/products/hls/hls_lib/hlsmath/src/lib_floatconversion.cpp:55) automatically.
INFO: [XFORM 203-602] Inlining function '__hls_fptosi_double_i32' into 'nnet::dense_latency<ap_fixed<16, 8, (ap_q_mode)5, (ap_o_mode)3, 0>, ap_fixed<16, 8, (ap_q_mode)5, (ap_o_mode)3, 0>, config6>' (firmware/nnet_utils/nnet_dense_latency.h:56) automatically.
INFO: [XFORM 203-602] Inlining function 'nnet::cast<ap_fixed<16, 8, (ap_q_mode)5, (ap_o_mode)3, 0>, ap_fixed<16, 8, (ap_q_mode)5, (ap_o_mode)3, 0>, config6>' into 'nnet::dense_latency<ap_fixed<16, 8, (ap_q_mode)5, (ap_o_mode)3, 0>, ap_fixed<16, 8, (ap_q_mode)5, (ap_o_mode)3, 0>, config6>' (firmware/nnet_utils/nnet_dense_latency.h:125) automatically.
INFO: [XFORM 203-602] Inlining function '__hls_fptosi_double_i32' into 'nnet::dense_latency<ap_fixed<16, 8, (ap_q_mode)5, (ap_o_mode)3, 0>, ap_fixed<16, 8, (ap_q_mode)5, (ap_o_mode)3, 0>, config8>' (firmware/nnet_utils/nnet_dense_latency.h:56) automatically.
INFO: [XFORM 203-602] Inlining function 'nnet::cast<ap_fixed<16, 8, (ap_q_mode)5, (ap_o_mode)3, 0>, ap_fixed<16, 8, (ap_q_mode)5, (ap_o_mode)3, 0>, config8>' into 'nnet::dense_latency<ap_fixed<16, 8, (ap_q_mode)5, (ap_o_mode)3, 0>, ap_fixed<16, 8, (ap_q_mode)5, (ap_o_mode)3, 0>, config8>' (firmware/nnet_utils/nnet_dense_latency.h:125) automatically.
INFO: [XFORM 203-602] Inlining function '__hls_fptosi_double_i32' into 'nnet::dense_latency<ap_fixed<16, 8, (ap_q_mode)5, (ap_o_mode)3, 0>, ap_fixed<16, 8, (ap_q_mode)5, (ap_o_mode)3, 0>, config10>' (firmware/nnet_utils/nnet_dense_latency.h:56) automatically.
INFO: [XFORM 203-602] Inlining function 'nnet::cast<ap_fixed<16, 8, (ap_q_mode)5, (ap_o_mode)3, 0>, ap_fixed<16, 8, (ap_q_mode)5, (ap_o_mode)3, 0>, config10>' into 'nnet::dense_latency<ap_fixed<16, 8, (ap_q_mode)5, (ap_o_mode)3, 0>, ap_fixed<16, 8, (ap_q_mode)5, (ap_o_mode)3, 0>, config10>' (firmware/nnet_utils/nnet_dense_latency.h:125) automatically.
INFO: [XFORM 203-602] Inlining function 'nnet::conv_1d_cl<ap_fixed<16, 8, (ap_q_mode)5, (ap_o_mode)3, 0>, ap_fixed<16, 8, (ap_q_mode)5, (ap_o_mode)3, 0>, config2>' into 'myproject' (firmware/myproject.cpp:66) automatically.
INFO: [XFORM 203-602] Inlining function 'nnet::conv_1d_cl<ap_fixed<16, 8, (ap_q_mode)5, (ap_o_mode)3, 0>, ap_fixed<16, 8, (ap_q_mode)5, (ap_o_mode)3, 0>, config4>' into 'myproject' (firmware/myproject.cpp:74) automatically.
INFO: [HLS 200-111] Finished Checking Synthesizability Time (s): cpu = 00:00:22 ; elapsed = 00:00:24 . Memory (MB): peak = 989.734 ; gain = 201.188 ; free physical = 36245 ; free virtual = 81376
INFO: [XFORM 203-502] Unrolling all loops for pipelining in function 'nnet::dense_latency<ap_fixed<16, 8, (ap_q_mode)5, (ap_o_mode)3, 0>, ap_fixed<16, 8, (ap_q_mode)5, (ap_o_mode)3, 0>, config10>' (firmware/nnet_utils/nnet_dense_latency.h:34:50).
INFO: [XFORM 203-502] Unrolling all loops for pipelining in function 'nnet::relu<ap_fixed<16, 8, (ap_q_mode)5, (ap_o_mode)3, 0>, ap_fixed<16, 8, (ap_q_mode)5, (ap_o_mode)3, 0>, relu_config9>' (firmware/nnet_utils/nnet_activation.h:71:39).
INFO: [XFORM 203-502] Unrolling all loops for pipelining in function 'nnet::dense_latency<ap_fixed<16, 8, (ap_q_mode)5, (ap_o_mode)3, 0>, ap_fixed<16, 8, (ap_q_mode)5, (ap_o_mode)3, 0>, config8>' (firmware/nnet_utils/nnet_dense_latency.h:39:55).
INFO: [XFORM 203-502] Unrolling all loops for pipelining in function 'nnet::relu<ap_fixed<16, 8, (ap_q_mode)5, (ap_o_mode)3, 0>, ap_fixed<16, 8, (ap_q_mode)5, (ap_o_mode)3, 0>, relu_config7>' (firmware/nnet_utils/nnet_activation.h:71:39).
INFO: [XFORM 203-502] Unrolling all loops for pipelining in function 'nnet::dense_latency<ap_fixed<16, 8, (ap_q_mode)5, (ap_o_mode)3, 0>, ap_fixed<16, 8, (ap_q_mode)5, (ap_o_mode)3, 0>, config6>' (firmware/nnet_utils/nnet_dense_latency.h:39:55).
INFO: [XFORM 203-502] Unrolling all loops for pipelining in function 'nnet::relu<ap_fixed<16, 8, (ap_q_mode)5, (ap_o_mode)3, 0>, ap_fixed<16, 8, (ap_q_mode)5, (ap_o_mode)3, 0>, relu_config5>' (firmware/nnet_utils/nnet_activation.h:71:39).
INFO: [XFORM 203-502] Unrolling all loops for pipelining in function 'nnet::conv_1d_latency_cl<ap_fixed<16, 8, (ap_q_mode)5, (ap_o_mode)3, 0>, ap_fixed<16, 8, (ap_q_mode)5, (ap_o_mode)3, 0>, config4>' (firmware/nnet_utils/nnet_conv1d_latency.h:52:63).
INFO: [XFORM 203-502] Unrolling all loops for pipelining in function 'nnet::relu<ap_fixed<16, 8, (ap_q_mode)5, (ap_o_mode)3, 0>, ap_fixed<16, 8, (ap_q_mode)5, (ap_o_mode)3, 0>, relu_config3>' (firmware/nnet_utils/nnet_activation.h:71:39).
INFO: [XFORM 203-502] Unrolling all loops for pipelining in function 'nnet::conv_1d_latency_cl<ap_fixed<16, 8, (ap_q_mode)5, (ap_o_mode)3, 0>, ap_fixed<16, 8, (ap_q_mode)5, (ap_o_mode)3, 0>, config2>' (firmware/nnet_utils/nnet_conv1d_latency.h:52:70).
INFO: [HLS 200-489] Unrolling loop 'Product1' (firmware/nnet_utils/nnet_dense_latency.h:85) in function 'nnet::dense_latency<ap_fixed<16, 8, (ap_q_mode)5, (ap_o_mode)3, 0>, ap_fixed<16, 8, (ap_q_mode)5, (ap_o_mode)3, 0>, config10>' completely with a factor of 10.
INFO: [HLS 200-489] Unrolling loop 'Accum1' (firmware/nnet_utils/nnet_dense_latency.h:109) in function 'nnet::dense_latency<ap_fixed<16, 8, (ap_q_mode)5, (ap_o_mode)3, 0>, ap_fixed<16, 8, (ap_q_mode)5, (ap_o_mode)3, 0>, config10>' completely with a factor of 10.
INFO: [HLS 200-489] Unrolling loop 'Loop-1' (firmware/nnet_utils/nnet_activation.h:76) in function 'nnet::relu<ap_fixed<16, 8, (ap_q_mode)5, (ap_o_mode)3, 0>, ap_fixed<16, 8, (ap_q_mode)5, (ap_o_mode)3, 0>, relu_config9>' completely with a factor of 10.
INFO: [HLS 200-489] Unrolling loop 'Product1' (firmware/nnet_utils/nnet_dense_latency.h:85) in function 'nnet::dense_latency<ap_fixed<16, 8, (ap_q_mode)5, (ap_o_mode)3, 0>, ap_fixed<16, 8, (ap_q_mode)5, (ap_o_mode)3, 0>, config8>' completely with a factor of 20.
INFO: [HLS 200-489] Unrolling loop 'Product2' (firmware/nnet_utils/nnet_dense_latency.h:90) in function 'nnet::dense_latency<ap_fixed<16, 8, (ap_q_mode)5, (ap_o_mode)3, 0>, ap_fixed<16, 8, (ap_q_mode)5, (ap_o_mode)3, 0>, config8>' completely with a factor of 10.
INFO: [HLS 200-489] Unrolling loop 'ResetAccum' (firmware/nnet_utils/nnet_dense_latency.h:101) in function 'nnet::dense_latency<ap_fixed<16, 8, (ap_q_mode)5, (ap_o_mode)3, 0>, ap_fixed<16, 8, (ap_q_mode)5, (ap_o_mode)3, 0>, config8>' completely with a factor of 10.
INFO: [HLS 200-489] Unrolling loop 'Accum1' (firmware/nnet_utils/nnet_dense_latency.h:109) in function 'nnet::dense_latency<ap_fixed<16, 8, (ap_q_mode)5, (ap_o_mode)3, 0>, ap_fixed<16, 8, (ap_q_mode)5, (ap_o_mode)3, 0>, config8>' completely with a factor of 20.
INFO: [HLS 200-489] Unrolling loop 'Accum2' (firmware/nnet_utils/nnet_dense_latency.h:113) in function 'nnet::dense_latency<ap_fixed<16, 8, (ap_q_mode)5, (ap_o_mode)3, 0>, ap_fixed<16, 8, (ap_q_mode)5, (ap_o_mode)3, 0>, config8>' completely with a factor of 10.
INFO: [HLS 200-489] Unrolling loop 'Result' (firmware/nnet_utils/nnet_dense_latency.h:120) in function 'nnet::dense_latency<ap_fixed<16, 8, (ap_q_mode)5, (ap_o_mode)3, 0>, ap_fixed<16, 8, (ap_q_mode)5, (ap_o_mode)3, 0>, config8>' completely with a factor of 10.
INFO: [HLS 200-489] Unrolling loop 'Loop-1' (firmware/nnet_utils/nnet_activation.h:76) in function 'nnet::relu<ap_fixed<16, 8, (ap_q_mode)5, (ap_o_mode)3, 0>, ap_fixed<16, 8, (ap_q_mode)5, (ap_o_mode)3, 0>, relu_config7>' completely with a factor of 20.
INFO: [HLS 200-489] Unrolling loop 'Product1' (firmware/nnet_utils/nnet_dense_latency.h:85) in function 'nnet::dense_latency<ap_fixed<16, 8, (ap_q_mode)5, (ap_o_mode)3, 0>, ap_fixed<16, 8, (ap_q_mode)5, (ap_o_mode)3, 0>, config6>' completely with a factor of 50.
INFO: [HLS 200-489] Unrolling loop 'Product2' (firmware/nnet_utils/nnet_dense_latency.h:90) in function 'nnet::dense_latency<ap_fixed<16, 8, (ap_q_mode)5, (ap_o_mode)3, 0>, ap_fixed<16, 8, (ap_q_mode)5, (ap_o_mode)3, 0>, config6>' completely with a factor of 20.
INFO: [HLS 200-489] Unrolling loop 'ResetAccum' (firmware/nnet_utils/nnet_dense_latency.h:101) in function 'nnet::dense_latency<ap_fixed<16, 8, (ap_q_mode)5, (ap_o_mode)3, 0>, ap_fixed<16, 8, (ap_q_mode)5, (ap_o_mode)3, 0>, config6>' completely with a factor of 20.
INFO: [HLS 200-489] Unrolling loop 'Accum1' (firmware/nnet_utils/nnet_dense_latency.h:109) in function 'nnet::dense_latency<ap_fixed<16, 8, (ap_q_mode)5, (ap_o_mode)3, 0>, ap_fixed<16, 8, (ap_q_mode)5, (ap_o_mode)3, 0>, config6>' completely with a factor of 50.
INFO: [HLS 200-489] Unrolling loop 'Accum2' (firmware/nnet_utils/nnet_dense_latency.h:113) in function 'nnet::dense_latency<ap_fixed<16, 8, (ap_q_mode)5, (ap_o_mode)3, 0>, ap_fixed<16, 8, (ap_q_mode)5, (ap_o_mode)3, 0>, config6>' completely with a factor of 20.
INFO: [HLS 200-489] Unrolling loop 'Result' (firmware/nnet_utils/nnet_dense_latency.h:120) in function 'nnet::dense_latency<ap_fixed<16, 8, (ap_q_mode)5, (ap_o_mode)3, 0>, ap_fixed<16, 8, (ap_q_mode)5, (ap_o_mode)3, 0>, config6>' completely with a factor of 20.
INFO: [HLS 200-489] Unrolling loop 'Loop-1' (firmware/nnet_utils/nnet_activation.h:76) in function 'nnet::relu<ap_fixed<16, 8, (ap_q_mode)5, (ap_o_mode)3, 0>, ap_fixed<16, 8, (ap_q_mode)5, (ap_o_mode)3, 0>, relu_config5>' completely with a factor of 50.
INFO: [HLS 200-489] Unrolling loop 'ConvOut' (firmware/nnet_utils/nnet_conv1d_latency.h:70) in function 'nnet::conv_1d_latency_cl<ap_fixed<16, 8, (ap_q_mode)5, (ap_o_mode)3, 0>, ap_fixed<16, 8, (ap_q_mode)5, (ap_o_mode)3, 0>, config4>' completely with a factor of 10.
INFO: [HLS 200-489] Unrolling loop 'ConvFilt' (firmware/nnet_utils/nnet_conv1d_latency.h:71) in function 'nnet::conv_1d_latency_cl<ap_fixed<16, 8, (ap_q_mode)5, (ap_o_mode)3, 0>, ap_fixed<16, 8, (ap_q_mode)5, (ap_o_mode)3, 0>, config4>' completely with a factor of 5.
INFO: [HLS 200-489] Unrolling loop 'ConvChan' (firmware/nnet_utils/nnet_conv1d_latency.h:72) in function 'nnet::conv_1d_latency_cl<ap_fixed<16, 8, (ap_q_mode)5, (ap_o_mode)3, 0>, ap_fixed<16, 8, (ap_q_mode)5, (ap_o_mode)3, 0>, config4>' completely with a factor of 20.
INFO: [HLS 200-489] Unrolling loop 'Loop-2' (firmware/nnet_utils/nnet_conv1d_latency.h:92) in function 'nnet::conv_1d_latency_cl<ap_fixed<16, 8, (ap_q_mode)5, (ap_o_mode)3, 0>, ap_fixed<16, 8, (ap_q_mode)5, (ap_o_mode)3, 0>, config4>' completely with a factor of 10.
INFO: [HLS 200-489] Unrolling loop 'Loop-2.1' (firmware/nnet_utils/nnet_conv1d_latency.h:93) in function 'nnet::conv_1d_latency_cl<ap_fixed<16, 8, (ap_q_mode)5, (ap_o_mode)3, 0>, ap_fixed<16, 8, (ap_q_mode)5, (ap_o_mode)3, 0>, config4>' completely with a factor of 5.
INFO: [HLS 200-489] Unrolling loop 'AccumOut' (firmware/nnet_utils/nnet_conv1d_latency.h:100) in function 'nnet::conv_1d_latency_cl<ap_fixed<16, 8, (ap_q_mode)5, (ap_o_mode)3, 0>, ap_fixed<16, 8, (ap_q_mode)5, (ap_o_mode)3, 0>, config4>' completely with a factor of 10.
INFO: [HLS 200-489] Unrolling loop 'AccumFilt' (firmware/nnet_utils/nnet_conv1d_latency.h:101) in function 'nnet::conv_1d_latency_cl<ap_fixed<16, 8, (ap_q_mode)5, (ap_o_mode)3, 0>, ap_fixed<16, 8, (ap_q_mode)5, (ap_o_mode)3, 0>, config4>' completely with a factor of 5.
INFO: [HLS 200-489] Unrolling loop 'AccumChan' (firmware/nnet_utils/nnet_conv1d_latency.h:103) in function 'nnet::conv_1d_latency_cl<ap_fixed<16, 8, (ap_q_mode)5, (ap_o_mode)3, 0>, ap_fixed<16, 8, (ap_q_mode)5, (ap_o_mode)3, 0>, config4>' completely with a factor of 20.
INFO: [HLS 200-489] Unrolling loop 'Loop-4' (firmware/nnet_utils/nnet_conv1d_latency.h:114) in function 'nnet::conv_1d_latency_cl<ap_fixed<16, 8, (ap_q_mode)5, (ap_o_mode)3, 0>, ap_fixed<16, 8, (ap_q_mode)5, (ap_o_mode)3, 0>, config4>' completely with a factor of 10.
INFO: [HLS 200-489] Unrolling loop 'Loop-4.1' (firmware/nnet_utils/nnet_conv1d_latency.h:115) in function 'nnet::conv_1d_latency_cl<ap_fixed<16, 8, (ap_q_mode)5, (ap_o_mode)3, 0>, ap_fixed<16, 8, (ap_q_mode)5, (ap_o_mode)3, 0>, config4>' completely with a factor of 5.
INFO: [HLS 200-489] Unrolling loop 'Loop-1' (firmware/nnet_utils/nnet_activation.h:76) in function 'nnet::relu<ap_fixed<16, 8, (ap_q_mode)5, (ap_o_mode)3, 0>, ap_fixed<16, 8, (ap_q_mode)5, (ap_o_mode)3, 0>, relu_config3>' completely with a factor of 200.
INFO: [HLS 200-489] Unrolling loop 'ConvOut' (firmware/nnet_utils/nnet_conv1d_latency.h:70) in function 'nnet::conv_1d_latency_cl<ap_fixed<16, 8, (ap_q_mode)5, (ap_o_mode)3, 0>, ap_fixed<16, 8, (ap_q_mode)5, (ap_o_mode)3, 0>, config2>' completely with a factor of 10.
INFO: [HLS 200-489] Unrolling loop 'ConvFilt' (firmware/nnet_utils/nnet_conv1d_latency.h:71) in function 'nnet::conv_1d_latency_cl<ap_fixed<16, 8, (ap_q_mode)5, (ap_o_mode)3, 0>, ap_fixed<16, 8, (ap_q_mode)5, (ap_o_mode)3, 0>, config2>' completely with a factor of 20.
INFO: [HLS 200-489] Unrolling loop 'ConvMult' (firmware/nnet_utils/nnet_conv1d_latency.h:73) in function 'nnet::conv_1d_latency_cl<ap_fixed<16, 8, (ap_q_mode)5, (ap_o_mode)3, 0>, ap_fixed<16, 8, (ap_q_mode)5, (ap_o_mode)3, 0>, config2>' completely with a factor of 13.
INFO: [HLS 200-489] Unrolling loop 'Loop-2' (firmware/nnet_utils/nnet_conv1d_latency.h:92) in function 'nnet::conv_1d_latency_cl<ap_fixed<16, 8, (ap_q_mode)5, (ap_o_mode)3, 0>, ap_fixed<16, 8, (ap_q_mode)5, (ap_o_mode)3, 0>, config2>' completely with a factor of 10.
INFO: [HLS 200-489] Unrolling loop 'Loop-2.1' (firmware/nnet_utils/nnet_conv1d_latency.h:93) in function 'nnet::conv_1d_latency_cl<ap_fixed<16, 8, (ap_q_mode)5, (ap_o_mode)3, 0>, ap_fixed<16, 8, (ap_q_mode)5, (ap_o_mode)3, 0>, config2>' completely with a factor of 20.
INFO: [HLS 200-489] Unrolling loop 'AccumOut' (firmware/nnet_utils/nnet_conv1d_latency.h:100) in function 'nnet::conv_1d_latency_cl<ap_fixed<16, 8, (ap_q_mode)5, (ap_o_mode)3, 0>, ap_fixed<16, 8, (ap_q_mode)5, (ap_o_mode)3, 0>, config2>' completely with a factor of 10.
INFO: [HLS 200-489] Unrolling loop 'AccumFilt' (firmware/nnet_utils/nnet_conv1d_latency.h:101) in function 'nnet::conv_1d_latency_cl<ap_fixed<16, 8, (ap_q_mode)5, (ap_o_mode)3, 0>, ap_fixed<16, 8, (ap_q_mode)5, (ap_o_mode)3, 0>, config2>' completely with a factor of 20.
INFO: [HLS 200-489] Unrolling loop 'AccumDot' (firmware/nnet_utils/nnet_conv1d_latency.h:104) in function 'nnet::conv_1d_latency_cl<ap_fixed<16, 8, (ap_q_mode)5, (ap_o_mode)3, 0>, ap_fixed<16, 8, (ap_q_mode)5, (ap_o_mode)3, 0>, config2>' completely with a factor of 13.
INFO: [HLS 200-489] Unrolling loop 'Loop-4' (firmware/nnet_utils/nnet_conv1d_latency.h:114) in function 'nnet::conv_1d_latency_cl<ap_fixed<16, 8, (ap_q_mode)5, (ap_o_mode)3, 0>, ap_fixed<16, 8, (ap_q_mode)5, (ap_o_mode)3, 0>, config2>' completely with a factor of 10.
INFO: [HLS 200-489] Unrolling loop 'Loop-4.1' (firmware/nnet_utils/nnet_conv1d_latency.h:115) in function 'nnet::conv_1d_latency_cl<ap_fixed<16, 8, (ap_q_mode)5, (ap_o_mode)3, 0>, ap_fixed<16, 8, (ap_q_mode)5, (ap_o_mode)3, 0>, config2>' completely with a factor of 20.
INFO: [XFORM 203-131] Reshaping array 'conv1d_input.V' (firmware/myproject.cpp:25) in dimension 1 completely.
INFO: [XFORM 203-101] Partitioning array 'layer11_out.V' (firmware/myproject.cpp:26) in dimension 1 completely.
INFO: [XFORM 203-101] Partitioning array 'layer2_out.V' (firmware/myproject.cpp:64) in dimension 1 completely.
INFO: [XFORM 203-101] Partitioning array 'layer3_out.V' (firmware/myproject.cpp:68) in dimension 1 completely.
INFO: [XFORM 203-101] Partitioning array 'layer4_out.V' (firmware/myproject.cpp:72) in dimension 1 completely.
INFO: [XFORM 203-101] Partitioning array 'layer5_out.V' (firmware/myproject.cpp:76) in dimension 1 completely.
INFO: [XFORM 203-101] Partitioning array 'layer6_out.V' (firmware/myproject.cpp:80) in dimension 1 completely.
INFO: [XFORM 203-101] Partitioning array 'layer7_out.V' (firmware/myproject.cpp:84) in dimension 1 completely.
INFO: [XFORM 203-101] Partitioning array 'layer8_out.V' (firmware/myproject.cpp:88) in dimension 1 completely.
INFO: [XFORM 203-101] Partitioning array 'layer9_out.V' (firmware/myproject.cpp:92) in dimension 1 completely.
INFO: [XFORM 203-101] Partitioning array 'layer10_out.V' (firmware/myproject.cpp:96) in dimension 1 completely.
INFO: [XFORM 203-101] Partitioning array 'mult.V' (firmware/nnet_utils/nnet_conv1d_latency.h:52) in dimension 1 completely.
INFO: [XFORM 203-101] Partitioning array 'acc.V' (firmware/nnet_utils/nnet_conv1d_latency.h:53) in dimension 1 completely.
INFO: [XFORM 203-101] Partitioning array 'b2.V'  in dimension 1 completely.
INFO: [XFORM 203-101] Partitioning array 'b10.V'  in dimension 1 completely.
INFO: [XFORM 203-101] Partitioning array 'mult.V' (firmware/nnet_utils/nnet_dense_latency.h:39) in dimension 1 completely.
INFO: [XFORM 203-101] Partitioning array 'acc.V' (firmware/nnet_utils/nnet_dense_latency.h:40) in dimension 1 completely.
INFO: [XFORM 203-101] Partitioning array 'b8.V'  in dimension 1 completely.
INFO: [XFORM 203-101] Partitioning array 'mult.V' (firmware/nnet_utils/nnet_dense_latency.h:39) in dimension 1 completely.
INFO: [XFORM 203-101] Partitioning array 'acc.V' (firmware/nnet_utils/nnet_dense_latency.h:40) in dimension 1 completely.
INFO: [XFORM 203-101] Partitioning array 'b6.V'  in dimension 1 completely.
INFO: [XFORM 203-101] Partitioning array 'mult.V' (firmware/nnet_utils/nnet_dense_latency.h:39) in dimension 1 completely.
INFO: [XFORM 203-101] Partitioning array 'acc.V' (firmware/nnet_utils/nnet_dense_latency.h:40) in dimension 1 completely.
INFO: [XFORM 203-101] Partitioning array 'mult.V' (firmware/nnet_utils/nnet_conv1d_latency.h:52) in dimension 1 completely.
INFO: [XFORM 203-101] Partitioning array 'acc.V' (firmware/nnet_utils/nnet_conv1d_latency.h:53) in dimension 1 completely.
INFO: [XFORM 203-101] Partitioning array 'b4.V'  in dimension 1 completely.
INFO: [XFORM 203-101] Partitioning array 'acc.V' (firmware/nnet_utils/nnet_conv1d_latency.h:53) in dimension 2 completely.
INFO: [XFORM 203-101] Partitioning array 'acc.V' (firmware/nnet_utils/nnet_conv1d_latency.h:53) in dimension 2 completely.
INFO: [XFORM 203-602] Inlining function 'fp_struct<double>::mantissa' into 'generic_cast_IEEE754<int, (ap_q_mode)6, double>' (/wrk/2019.1/continuous/2019_05_24_2552052/src/products/hls/hls_lib/hlsmath/include/FloatingPoint/hls_case_IEEE754.h:15) automatically.
INFO: [XFORM 203-602] Inlining function 'fp_struct<double>::expv' into 'generic_cast_IEEE754<int, (ap_q_mode)6, double>' (/wrk/2019.1/continuous/2019_05_24_2552052/src/products/hls/hls_lib/hlsmath/include/FloatingPoint/hls_case_IEEE754.h:18) automatically.
INFO: [XFORM 203-602] Inlining function 'fp_struct<double>::__signbit' into 'generic_cast_IEEE754<int, (ap_q_mode)6, double>' (/wrk/2019.1/continuous/2019_05_24_2552052/src/products/hls/hls_lib/hlsmath/include/FloatingPoint/hls_case_IEEE754.h:59) automatically.
INFO: [XFORM 203-602] Inlining function 'generic_cast_IEEE754<int, (ap_q_mode)6, double>' into 'generic_cast_IEEE754<int, double>' (/wrk/2019.1/continuous/2019_05_24_2552052/src/products/hls/hls_lib/hlsmath/include/FloatingPoint/hls_case_IEEE754.h:117) automatically.
INFO: [XFORM 203-602] Inlining function 'generic_cast_IEEE754<int, double>' into '__hls_fptosi_double_i32' (/wrk/2019.1/continuous/2019_05_24_2552052/src/products/hls/hls_lib/hlsmath/src/lib_floatconversion.cpp:55) automatically.
INFO: [XFORM 203-602] Inlining function '__hls_fptosi_double_i32' into 'nnet::dense_latency<ap_fixed<16, 8, (ap_q_mode)5, (ap_o_mode)3, 0>, ap_fixed<16, 8, (ap_q_mode)5, (ap_o_mode)3, 0>, config6>' (firmware/nnet_utils/nnet_dense_latency.h:56) automatically.
INFO: [XFORM 203-602] Inlining function 'nnet::cast<ap_fixed<16, 8, (ap_q_mode)5, (ap_o_mode)3, 0>, ap_fixed<16, 8, (ap_q_mode)5, (ap_o_mode)3, 0>, config6>' into 'nnet::dense_latency<ap_fixed<16, 8, (ap_q_mode)5, (ap_o_mode)3, 0>, ap_fixed<16, 8, (ap_q_mode)5, (ap_o_mode)3, 0>, config6>' (firmware/nnet_utils/nnet_dense_latency.h:125) automatically.
INFO: [XFORM 203-602] Inlining function '__hls_fptosi_double_i32' into 'nnet::dense_latency<ap_fixed<16, 8, (ap_q_mode)5, (ap_o_mode)3, 0>, ap_fixed<16, 8, (ap_q_mode)5, (ap_o_mode)3, 0>, config8>' (firmware/nnet_utils/nnet_dense_latency.h:56) automatically.
INFO: [XFORM 203-602] Inlining function 'nnet::cast<ap_fixed<16, 8, (ap_q_mode)5, (ap_o_mode)3, 0>, ap_fixed<16, 8, (ap_q_mode)5, (ap_o_mode)3, 0>, config8>' into 'nnet::dense_latency<ap_fixed<16, 8, (ap_q_mode)5, (ap_o_mode)3, 0>, ap_fixed<16, 8, (ap_q_mode)5, (ap_o_mode)3, 0>, config8>' (firmware/nnet_utils/nnet_dense_latency.h:125) automatically.
INFO: [XFORM 203-602] Inlining function '__hls_fptosi_double_i32' into 'nnet::dense_latency<ap_fixed<16, 8, (ap_q_mode)5, (ap_o_mode)3, 0>, ap_fixed<16, 8, (ap_q_mode)5, (ap_o_mode)3, 0>, config10>' (firmware/nnet_utils/nnet_dense_latency.h:56) automatically.
INFO: [XFORM 203-602] Inlining function 'nnet::cast<ap_fixed<16, 8, (ap_q_mode)5, (ap_o_mode)3, 0>, ap_fixed<16, 8, (ap_q_mode)5, (ap_o_mode)3, 0>, config10>' into 'nnet::dense_latency<ap_fixed<16, 8, (ap_q_mode)5, (ap_o_mode)3, 0>, ap_fixed<16, 8, (ap_q_mode)5, (ap_o_mode)3, 0>, config10>' (firmware/nnet_utils/nnet_dense_latency.h:125) automatically.
INFO: [XFORM 203-602] Inlining function 'nnet::conv_1d_cl<ap_fixed<16, 8, (ap_q_mode)5, (ap_o_mode)3, 0>, ap_fixed<16, 8, (ap_q_mode)5, (ap_o_mode)3, 0>, config2>' into 'myproject' automatically.
INFO: [XFORM 203-602] Inlining function 'nnet::conv_1d_cl<ap_fixed<16, 8, (ap_q_mode)5, (ap_o_mode)3, 0>, ap_fixed<16, 8, (ap_q_mode)5, (ap_o_mode)3, 0>, config4>' into 'myproject' (firmware/myproject.cpp:74) automatically.
INFO: [XFORM 203-622] Instantiating function 'nnet::dense_latency<ap_fixed<16, 8, (ap_q_mode)5, (ap_o_mode)3, 0>, ap_fixed<16, 8, (ap_q_mode)5, (ap_o_mode)3, 0>, config10>'(firmware/nnet_utils/nnet_dense_latency.h:45:1) to 'nnet::dense_latency<ap_fixed<16, 8, (ap_q_mode)5, (ap_o_mode)3, 0>, ap_fixed<16, 8, (ap_q_mode)5, (ap_o_mode)3, 0>, config10>.0' at call site (firmware/nnet_utils/nnet_dense.h:46->firmware/myproject.cpp:98) by setting 'weights.V' to 'w10.V'.
INFO: [XFORM 203-622] Instantiating function 'nnet::dense_latency<ap_fixed<16, 8, (ap_q_mode)5, (ap_o_mode)3, 0>, ap_fixed<16, 8, (ap_q_mode)5, (ap_o_mode)3, 0>, config10>.0'(firmware/nnet_utils/nnet_dense_latency.h:45:1) to 'nnet::dense_latency<ap_fixed<16, 8, (ap_q_mode)5, (ap_o_mode)3, 0>, ap_fixed<16, 8, (ap_q_mode)5, (ap_o_mode)3, 0>, config10>.0.0' at call site (firmware/nnet_utils/nnet_dense.h:46->firmware/myproject.cpp:98) by setting 'biases.V' to 'b10.V.0'.
INFO: [XFORM 203-622] Instantiating function 'nnet::dense_latency<ap_fixed<16, 8, (ap_q_mode)5, (ap_o_mode)3, 0>, ap_fixed<16, 8, (ap_q_mode)5, (ap_o_mode)3, 0>, config8>'(firmware/nnet_utils/nnet_dense_latency.h:45:23) to 'nnet::dense_latency<ap_fixed<16, 8, (ap_q_mode)5, (ap_o_mode)3, 0>, ap_fixed<16, 8, (ap_q_mode)5, (ap_o_mode)3, 0>, config8>.0' at call site (firmware/nnet_utils/nnet_dense.h:46->firmware/myproject.cpp:90) by setting 'weights.V' to 'w8.V'.
INFO: [XFORM 203-622] Instantiating function 'nnet::dense_latency<ap_fixed<16, 8, (ap_q_mode)5, (ap_o_mode)3, 0>, ap_fixed<16, 8, (ap_q_mode)5, (ap_o_mode)3, 0>, config8>.0'(firmware/nnet_utils/nnet_dense_latency.h:45:23) to 'nnet::dense_latency<ap_fixed<16, 8, (ap_q_mode)5, (ap_o_mode)3, 0>, ap_fixed<16, 8, (ap_q_mode)5, (ap_o_mode)3, 0>, config8>.0.0' at call site (firmware/nnet_utils/nnet_dense.h:46->firmware/myproject.cpp:90) by setting 'biases[0].V' to 'b8.V.0'.
INFO: [XFORM 203-622] Instantiating function 'nnet::dense_latency<ap_fixed<16, 8, (ap_q_mode)5, (ap_o_mode)3, 0>, ap_fixed<16, 8, (ap_q_mode)5, (ap_o_mode)3, 0>, config8>.0.0'(firmware/nnet_utils/nnet_dense_latency.h:45:23) to 'nnet::dense_latency<ap_fixed<16, 8, (ap_q_mode)5, (ap_o_mode)3, 0>, ap_fixed<16, 8, (ap_q_mode)5, (ap_o_mode)3, 0>, config8>.0.0.0' at call site (firmware/nnet_utils/nnet_dense.h:46->firmware/myproject.cpp:90) by setting 'biases[1].V' to 'b8.V.1'.
INFO: [XFORM 203-622] Instantiating function 'nnet::dense_latency<ap_fixed<16, 8, (ap_q_mode)5, (ap_o_mode)3, 0>, ap_fixed<16, 8, (ap_q_mode)5, (ap_o_mode)3, 0>, config8>.0.0.0'(firmware/nnet_utils/nnet_dense_latency.h:45:23) to 'nnet::dense_latency<ap_fixed<16, 8, (ap_q_mode)5, (ap_o_mode)3, 0>, ap_fixed<16, 8, (ap_q_mode)5, (ap_o_mode)3, 0>, config8>.0.0.0.0' at call site (firmware/nnet_utils/nnet_dense.h:46->firmware/myproject.cpp:90) by setting 'biases[2].V' to 'b8.V.2'.
INFO: [XFORM 203-622] Instantiating function 'nnet::dense_latency<ap_fixed<16, 8, (ap_q_mode)5, (ap_o_mode)3, 0>, ap_fixed<16, 8, (ap_q_mode)5, (ap_o_mode)3, 0>, config8>.0.0.0.0'(firmware/nnet_utils/nnet_dense_latency.h:45:23) to 'nnet::dense_latency<ap_fixed<16, 8, (ap_q_mode)5, (ap_o_mode)3, 0>, ap_fixed<16, 8, (ap_q_mode)5, (ap_o_mode)3, 0>, config8>.0.0.0.0.0' at call site (firmware/nnet_utils/nnet_dense.h:46->firmware/myproject.cpp:90) by setting 'biases[3].V' to 'b8.V.3'.
INFO: [XFORM 203-622] Instantiating function 'nnet::dense_latency<ap_fixed<16, 8, (ap_q_mode)5, (ap_o_mode)3, 0>, ap_fixed<16, 8, (ap_q_mode)5, (ap_o_mode)3, 0>, config8>.0.0.0.0.0'(firmware/nnet_utils/nnet_dense_latency.h:45:23) to 'nnet::dense_latency<ap_fixed<16, 8, (ap_q_mode)5, (ap_o_mode)3, 0>, ap_fixed<16, 8, (ap_q_mode)5, (ap_o_mode)3, 0>, config8>.0.0.0.0.0.0' at call site (firmware/nnet_utils/nnet_dense.h:46->firmware/myproject.cpp:90) by setting 'biases[4].V' to 'b8.V.4'.
INFO: [XFORM 203-622] Instantiating function 'nnet::dense_latency<ap_fixed<16, 8, (ap_q_mode)5, (ap_o_mode)3, 0>, ap_fixed<16, 8, (ap_q_mode)5, (ap_o_mode)3, 0>, config8>.0.0.0.0.0.0'(firmware/nnet_utils/nnet_dense_latency.h:45:23) to 'nnet::dense_latency<ap_fixed<16, 8, (ap_q_mode)5, (ap_o_mode)3, 0>, ap_fixed<16, 8, (ap_q_mode)5, (ap_o_mode)3, 0>, config8>.0.0.0.0.0.0.0' at call site (firmware/nnet_utils/nnet_dense.h:46->firmware/myproject.cpp:90) by setting 'biases[5].V' to 'b8.V.5'.
INFO: [XFORM 203-622] Instantiating function 'nnet::dense_latency<ap_fixed<16, 8, (ap_q_mode)5, (ap_o_mode)3, 0>, ap_fixed<16, 8, (ap_q_mode)5, (ap_o_mode)3, 0>, config8>.0.0.0.0.0.0.0'(firmware/nnet_utils/nnet_dense_latency.h:45:23) to 'nnet::dense_latency<ap_fixed<16, 8, (ap_q_mode)5, (ap_o_mode)3, 0>, ap_fixed<16, 8, (ap_q_mode)5, (ap_o_mode)3, 0>, config8>.0.0.0.0.0.0.0.0' at call site (firmware/nnet_utils/nnet_dense.h:46->firmware/myproject.cpp:90) by setting 'biases[6].V' to 'b8.V.6'.
INFO: [XFORM 203-622] Instantiating function 'nnet::dense_latency<ap_fixed<16, 8, (ap_q_mode)5, (ap_o_mode)3, 0>, ap_fixed<16, 8, (ap_q_mode)5, (ap_o_mode)3, 0>, config8>.0.0.0.0.0.0.0.0'(firmware/nnet_utils/nnet_dense_latency.h:45:23) to 'nnet::dense_latency<ap_fixed<16, 8, (ap_q_mode)5, (ap_o_mode)3, 0>, ap_fixed<16, 8, (ap_q_mode)5, (ap_o_mode)3, 0>, config8>.0.0.0.0.0.0.0.0.0' at call site (firmware/nnet_utils/nnet_dense.h:46->firmware/myproject.cpp:90) by setting 'biases[7].V' to 'b8.V.7'.
INFO: [XFORM 203-622] Instantiating function 'nnet::dense_latency<ap_fixed<16, 8, (ap_q_mode)5, (ap_o_mode)3, 0>, ap_fixed<16, 8, (ap_q_mode)5, (ap_o_mode)3, 0>, config8>.0.0.0.0.0.0.0.0.0'(firmware/nnet_utils/nnet_dense_latency.h:45:23) to 'nnet::dense_latency<ap_fixed<16, 8, (ap_q_mode)5, (ap_o_mode)3, 0>, ap_fixed<16, 8, (ap_q_mode)5, (ap_o_mode)3, 0>, config8>.0.0.0.0.0.0.0.0.0.0' at call site (firmware/nnet_utils/nnet_dense.h:46->firmware/myproject.cpp:90) by setting 'biases[8].V' to 'b8.V.8'.
INFO: [XFORM 203-622] Instantiating function 'nnet::dense_latency<ap_fixed<16, 8, (ap_q_mode)5, (ap_o_mode)3, 0>, ap_fixed<16, 8, (ap_q_mode)5, (ap_o_mode)3, 0>, config8>.0.0.0.0.0.0.0.0.0.0'(firmware/nnet_utils/nnet_dense_latency.h:45:23) to 'nnet::dense_latency<ap_fixed<16, 8, (ap_q_mode)5, (ap_o_mode)3, 0>, ap_fixed<16, 8, (ap_q_mode)5, (ap_o_mode)3, 0>, config8>.0.0.0.0.0.0.0.0.0.0.0' at call site (firmware/nnet_utils/nnet_dense.h:46->firmware/myproject.cpp:90) by setting 'biases[9].V' to 'b8.V.9'.
INFO: [XFORM 203-622] Instantiating function 'nnet::dense_latency<ap_fixed<16, 8, (ap_q_mode)5, (ap_o_mode)3, 0>, ap_fixed<16, 8, (ap_q_mode)5, (ap_o_mode)3, 0>, config6>'(firmware/nnet_utils/nnet_mult.h:45:9) to 'nnet::dense_latency<ap_fixed<16, 8, (ap_q_mode)5, (ap_o_mode)3, 0>, ap_fixed<16, 8, (ap_q_mode)5, (ap_o_mode)3, 0>, config6>.0' at call site (firmware/nnet_utils/nnet_dense.h:46->firmware/myproject.cpp:82) by setting 'weights.V' to 'w6.V'.
INFO: [XFORM 203-622] Instantiating function 'nnet::dense_latency<ap_fixed<16, 8, (ap_q_mode)5, (ap_o_mode)3, 0>, ap_fixed<16, 8, (ap_q_mode)5, (ap_o_mode)3, 0>, config6>.0'(firmware/nnet_utils/nnet_mult.h:45:9) to 'nnet::dense_latency<ap_fixed<16, 8, (ap_q_mode)5, (ap_o_mode)3, 0>, ap_fixed<16, 8, (ap_q_mode)5, (ap_o_mode)3, 0>, config6>.0.0' at call site (firmware/nnet_utils/nnet_dense.h:46->firmware/myproject.cpp:82) by setting 'biases[0].V' to 'b6.V.0'.
INFO: [XFORM 203-622] Instantiating function 'nnet::dense_latency<ap_fixed<16, 8, (ap_q_mode)5, (ap_o_mode)3, 0>, ap_fixed<16, 8, (ap_q_mode)5, (ap_o_mode)3, 0>, config6>.0.0'(firmware/nnet_utils/nnet_mult.h:45:9) to 'nnet::dense_latency<ap_fixed<16, 8, (ap_q_mode)5, (ap_o_mode)3, 0>, ap_fixed<16, 8, (ap_q_mode)5, (ap_o_mode)3, 0>, config6>.0.0.0' at call site (firmware/nnet_utils/nnet_dense.h:46->firmware/myproject.cpp:82) by setting 'biases[1].V' to 'b6.V.1'.
INFO: [XFORM 203-622] Instantiating function 'nnet::dense_latency<ap_fixed<16, 8, (ap_q_mode)5, (ap_o_mode)3, 0>, ap_fixed<16, 8, (ap_q_mode)5, (ap_o_mode)3, 0>, config6>.0.0.0'(firmware/nnet_utils/nnet_mult.h:45:9) to 'nnet::dense_latency<ap_fixed<16, 8, (ap_q_mode)5, (ap_o_mode)3, 0>, ap_fixed<16, 8, (ap_q_mode)5, (ap_o_mode)3, 0>, config6>.0.0.0.0' at call site (firmware/nnet_utils/nnet_dense.h:46->firmware/myproject.cpp:82) by setting 'biases[2].V' to 'b6.V.2'.
INFO: [XFORM 203-622] Instantiating function 'nnet::dense_latency<ap_fixed<16, 8, (ap_q_mode)5, (ap_o_mode)3, 0>, ap_fixed<16, 8, (ap_q_mode)5, (ap_o_mode)3, 0>, config6>.0.0.0.0'(firmware/nnet_utils/nnet_mult.h:45:9) to 'nnet::dense_latency<ap_fixed<16, 8, (ap_q_mode)5, (ap_o_mode)3, 0>, ap_fixed<16, 8, (ap_q_mode)5, (ap_o_mode)3, 0>, config6>.0.0.0.0.0' at call site (firmware/nnet_utils/nnet_dense.h:46->firmware/myproject.cpp:82) by setting 'biases[3].V' to 'b6.V.3'.
INFO: [XFORM 203-622] Instantiating function 'nnet::dense_latency<ap_fixed<16, 8, (ap_q_mode)5, (ap_o_mode)3, 0>, ap_fixed<16, 8, (ap_q_mode)5, (ap_o_mode)3, 0>, config6>.0.0.0.0.0'(firmware/nnet_utils/nnet_mult.h:45:9) to 'nnet::dense_latency<ap_fixed<16, 8, (ap_q_mode)5, (ap_o_mode)3, 0>, ap_fixed<16, 8, (ap_q_mode)5, (ap_o_mode)3, 0>, config6>.0.0.0.0.0.0' at call site (firmware/nnet_utils/nnet_dense.h:46->firmware/myproject.cpp:82) by setting 'biases[4].V' to 'b6.V.4'.
INFO: [XFORM 203-622] Instantiating function 'nnet::dense_latency<ap_fixed<16, 8, (ap_q_mode)5, (ap_o_mode)3, 0>, ap_fixed<16, 8, (ap_q_mode)5, (ap_o_mode)3, 0>, config6>.0.0.0.0.0.0'(firmware/nnet_utils/nnet_mult.h:45:9) to 'nnet::dense_latency<ap_fixed<16, 8, (ap_q_mode)5, (ap_o_mode)3, 0>, ap_fixed<16, 8, (ap_q_mode)5, (ap_o_mode)3, 0>, config6>.0.0.0.0.0.0.0' at call site (firmware/nnet_utils/nnet_dense.h:46->firmware/myproject.cpp:82) by setting 'biases[5].V' to 'b6.V.5'.
INFO: [XFORM 203-622] Instantiating function 'nnet::dense_latency<ap_fixed<16, 8, (ap_q_mode)5, (ap_o_mode)3, 0>, ap_fixed<16, 8, (ap_q_mode)5, (ap_o_mode)3, 0>, config6>.0.0.0.0.0.0.0'(firmware/nnet_utils/nnet_mult.h:45:9) to 'nnet::dense_latency<ap_fixed<16, 8, (ap_q_mode)5, (ap_o_mode)3, 0>, ap_fixed<16, 8, (ap_q_mode)5, (ap_o_mode)3, 0>, config6>.0.0.0.0.0.0.0.0' at call site (firmware/nnet_utils/nnet_dense.h:46->firmware/myproject.cpp:82) by setting 'biases[6].V' to 'b6.V.6'.
INFO: [XFORM 203-622] Instantiating function 'nnet::dense_latency<ap_fixed<16, 8, (ap_q_mode)5, (ap_o_mode)3, 0>, ap_fixed<16, 8, (ap_q_mode)5, (ap_o_mode)3, 0>, config6>.0.0.0.0.0.0.0.0'(firmware/nnet_utils/nnet_mult.h:45:9) to 'nnet::dense_latency<ap_fixed<16, 8, (ap_q_mode)5, (ap_o_mode)3, 0>, ap_fixed<16, 8, (ap_q_mode)5, (ap_o_mode)3, 0>, config6>.0.0.0.0.0.0.0.0.0' at call site (firmware/nnet_utils/nnet_dense.h:46->firmware/myproject.cpp:82) by setting 'biases[7].V' to 'b6.V.7'.
INFO: [XFORM 203-622] Instantiating function 'nnet::dense_latency<ap_fixed<16, 8, (ap_q_mode)5, (ap_o_mode)3, 0>, ap_fixed<16, 8, (ap_q_mode)5, (ap_o_mode)3, 0>, config6>.0.0.0.0.0.0.0.0.0'(firmware/nnet_utils/nnet_mult.h:45:9) to 'nnet::dense_latency<ap_fixed<16, 8, (ap_q_mode)5, (ap_o_mode)3, 0>, ap_fixed<16, 8, (ap_q_mode)5, (ap_o_mode)3, 0>, config6>.0.0.0.0.0.0.0.0.0.0' at call site (firmware/nnet_utils/nnet_dense.h:46->firmware/myproject.cpp:82) by setting 'biases[8].V' to 'b6.V.8'.
INFO: [XFORM 203-622] Instantiating function 'nnet::dense_latency<ap_fixed<16, 8, (ap_q_mode)5, (ap_o_mode)3, 0>, ap_fixed<16, 8, (ap_q_mode)5, (ap_o_mode)3, 0>, config6>.0.0.0.0.0.0.0.0.0.0'(firmware/nnet_utils/nnet_mult.h:45:9) to 'nnet::dense_latency<ap_fixed<16, 8, (ap_q_mode)5, (ap_o_mode)3, 0>, ap_fixed<16, 8, (ap_q_mode)5, (ap_o_mode)3, 0>, config6>.0.0.0.0.0.0.0.0.0.0.0' at call site (firmware/nnet_utils/nnet_dense.h:46->firmware/myproject.cpp:82) by setting 'biases[9].V' to 'b6.V.9'.
INFO: [XFORM 203-622] Instantiating function 'nnet::dense_latency<ap_fixed<16, 8, (ap_q_mode)5, (ap_o_mode)3, 0>, ap_fixed<16, 8, (ap_q_mode)5, (ap_o_mode)3, 0>, config6>.0.0.0.0.0.0.0.0.0.0.0'(firmware/nnet_utils/nnet_mult.h:45:9) to 'nnet::dense_latency<ap_fixed<16, 8, (ap_q_mode)5, (ap_o_mode)3, 0>, ap_fixed<16, 8, (ap_q_mode)5, (ap_o_mode)3, 0>, config6>.0.0.0.0.0.0.0.0.0.0.0.0' at call site (firmware/nnet_utils/nnet_dense.h:46->firmware/myproject.cpp:82) by setting 'biases[10].V' to 'b6.V.10'.
INFO: [XFORM 203-622] Instantiating function 'nnet::dense_latency<ap_fixed<16, 8, (ap_q_mode)5, (ap_o_mode)3, 0>, ap_fixed<16, 8, (ap_q_mode)5, (ap_o_mode)3, 0>, config6>.0.0.0.0.0.0.0.0.0.0.0.0'(firmware/nnet_utils/nnet_mult.h:45:9) to 'nnet::dense_latency<ap_fixed<16, 8, (ap_q_mode)5, (ap_o_mode)3, 0>, ap_fixed<16, 8, (ap_q_mode)5, (ap_o_mode)3, 0>, config6>.0.0.0.0.0.0.0.0.0.0.0.0.0' at call site (firmware/nnet_utils/nnet_dense.h:46->firmware/myproject.cpp:82) by setting 'biases[11].V' to 'b6.V.11'.
INFO: [XFORM 203-622] Instantiating function 'nnet::dense_latency<ap_fixed<16, 8, (ap_q_mode)5, (ap_o_mode)3, 0>, ap_fixed<16, 8, (ap_q_mode)5, (ap_o_mode)3, 0>, config6>.0.0.0.0.0.0.0.0.0.0.0.0.0'(firmware/nnet_utils/nnet_mult.h:45:9) to 'nnet::dense_latency<ap_fixed<16, 8, (ap_q_mode)5, (ap_o_mode)3, 0>, ap_fixed<16, 8, (ap_q_mode)5, (ap_o_mode)3, 0>, config6>.0.0.0.0.0.0.0.0.0.0.0.0.0.0' at call site (firmware/nnet_utils/nnet_dense.h:46->firmware/myproject.cpp:82) by setting 'biases[12].V' to 'b6.V.12'.
INFO: [XFORM 203-622] Instantiating function 'nnet::dense_latency<ap_fixed<16, 8, (ap_q_mode)5, (ap_o_mode)3, 0>, ap_fixed<16, 8, (ap_q_mode)5, (ap_o_mode)3, 0>, config6>.0.0.0.0.0.0.0.0.0.0.0.0.0.0'(firmware/nnet_utils/nnet_mult.h:45:9) to 'nnet::dense_latency<ap_fixed<16, 8, (ap_q_mode)5, (ap_o_mode)3, 0>, ap_fixed<16, 8, (ap_q_mode)5, (ap_o_mode)3, 0>, config6>.0.0.0.0.0.0.0.0.0.0.0.0.0.0.0' at call site (firmware/nnet_utils/nnet_dense.h:46->firmware/myproject.cpp:82) by setting 'biases[13].V' to 'b6.V.13'.
INFO: [XFORM 203-622] Instantiating function 'nnet::dense_latency<ap_fixed<16, 8, (ap_q_mode)5, (ap_o_mode)3, 0>, ap_fixed<16, 8, (ap_q_mode)5, (ap_o_mode)3, 0>, config6>.0.0.0.0.0.0.0.0.0.0.0.0.0.0.0'(firmware/nnet_utils/nnet_mult.h:45:9) to 'nnet::dense_latency<ap_fixed<16, 8, (ap_q_mode)5, (ap_o_mode)3, 0>, ap_fixed<16, 8, (ap_q_mode)5, (ap_o_mode)3, 0>, config6>.0.0.0.0.0.0.0.0.0.0.0.0.0.0.0.0' at call site (firmware/nnet_utils/nnet_dense.h:46->firmware/myproject.cpp:82) by setting 'biases[14].V' to 'b6.V.14'.
INFO: [XFORM 203-622] Instantiating function 'nnet::dense_latency<ap_fixed<16, 8, (ap_q_mode)5, (ap_o_mode)3, 0>, ap_fixed<16, 8, (ap_q_mode)5, (ap_o_mode)3, 0>, config6>.0.0.0.0.0.0.0.0.0.0.0.0.0.0.0.0'(firmware/nnet_utils/nnet_mult.h:45:9) to 'nnet::dense_latency<ap_fixed<16, 8, (ap_q_mode)5, (ap_o_mode)3, 0>, ap_fixed<16, 8, (ap_q_mode)5, (ap_o_mode)3, 0>, config6>.0.0.0.0.0.0.0.0.0.0.0.0.0.0.0.0.0' at call site (firmware/nnet_utils/nnet_dense.h:46->firmware/myproject.cpp:82) by setting 'biases[15].V' to 'b6.V.15'.
INFO: [XFORM 203-622] Instantiating function 'nnet::dense_latency<ap_fixed<16, 8, (ap_q_mode)5, (ap_o_mode)3, 0>, ap_fixed<16, 8, (ap_q_mode)5, (ap_o_mode)3, 0>, config6>.0.0.0.0.0.0.0.0.0.0.0.0.0.0.0.0.0'(firmware/nnet_utils/nnet_mult.h:45:9) to 'nnet::dense_latency<ap_fixed<16, 8, (ap_q_mode)5, (ap_o_mode)3, 0>, ap_fixed<16, 8, (ap_q_mode)5, (ap_o_mode)3, 0>, config6>.0.0.0.0.0.0.0.0.0.0.0.0.0.0.0.0.0.0' at call site (firmware/nnet_utils/nnet_dense.h:46->firmware/myproject.cpp:82) by setting 'biases[16].V' to 'b6.V.16'.
INFO: [XFORM 203-622] Instantiating function 'nnet::dense_latency<ap_fixed<16, 8, (ap_q_mode)5, (ap_o_mode)3, 0>, ap_fixed<16, 8, (ap_q_mode)5, (ap_o_mode)3, 0>, config6>.0.0.0.0.0.0.0.0.0.0.0.0.0.0.0.0.0.0'(firmware/nnet_utils/nnet_mult.h:45:9) to 'nnet::dense_latency<ap_fixed<16, 8, (ap_q_mode)5, (ap_o_mode)3, 0>, ap_fixed<16, 8, (ap_q_mode)5, (ap_o_mode)3, 0>, config6>.0.0.0.0.0.0.0.0.0.0.0.0.0.0.0.0.0.0.0' at call site (firmware/nnet_utils/nnet_dense.h:46->firmware/myproject.cpp:82) by setting 'biases[17].V' to 'b6.V.17'.
INFO: [XFORM 203-622] Instantiating function 'nnet::dense_latency<ap_fixed<16, 8, (ap_q_mode)5, (ap_o_mode)3, 0>, ap_fixed<16, 8, (ap_q_mode)5, (ap_o_mode)3, 0>, config6>.0.0.0.0.0.0.0.0.0.0.0.0.0.0.0.0.0.0.0'(firmware/nnet_utils/nnet_mult.h:45:9) to 'nnet::dense_latency<ap_fixed<16, 8, (ap_q_mode)5, (ap_o_mode)3, 0>, ap_fixed<16, 8, (ap_q_mode)5, (ap_o_mode)3, 0>, config6>.0.0.0.0.0.0.0.0.0.0.0.0.0.0.0.0.0.0.0.0' at call site (firmware/nnet_utils/nnet_dense.h:46->firmware/myproject.cpp:82) by setting 'biases[18].V' to 'b6.V.18'.
INFO: [XFORM 203-622] Instantiating function 'nnet::dense_latency<ap_fixed<16, 8, (ap_q_mode)5, (ap_o_mode)3, 0>, ap_fixed<16, 8, (ap_q_mode)5, (ap_o_mode)3, 0>, config6>.0.0.0.0.0.0.0.0.0.0.0.0.0.0.0.0.0.0.0.0'(firmware/nnet_utils/nnet_mult.h:45:9) to 'nnet::dense_latency<ap_fixed<16, 8, (ap_q_mode)5, (ap_o_mode)3, 0>, ap_fixed<16, 8, (ap_q_mode)5, (ap_o_mode)3, 0>, config6>.0.0.0.0.0.0.0.0.0.0.0.0.0.0.0.0.0.0.0.0.0' at call site (firmware/nnet_utils/nnet_dense.h:46->firmware/myproject.cpp:82) by setting 'biases[19].V' to 'b6.V.19'.
INFO: [XFORM 203-622] Instantiating function 'nnet::conv_1d_latency_cl<ap_fixed<16, 8, (ap_q_mode)5, (ap_o_mode)3, 0>, ap_fixed<16, 8, (ap_q_mode)5, (ap_o_mode)3, 0>, config4>'(firmware/nnet_utils/nnet_conv1d_latency.h:62:44) to 'nnet::conv_1d_latency_cl<ap_fixed<16, 8, (ap_q_mode)5, (ap_o_mode)3, 0>, ap_fixed<16, 8, (ap_q_mode)5, (ap_o_mode)3, 0>, config4>.0' at call site (firmware/nnet_utils/nnet_conv1d.h:62->firmware/myproject.cpp:74) by setting 'weights.V' to 'w4.V'.
INFO: [XFORM 203-622] Instantiating function 'nnet::conv_1d_latency_cl<ap_fixed<16, 8, (ap_q_mode)5, (ap_o_mode)3, 0>, ap_fixed<16, 8, (ap_q_mode)5, (ap_o_mode)3, 0>, config4>.0'(firmware/nnet_utils/nnet_conv1d_latency.h:62:44) to 'nnet::conv_1d_latency_cl<ap_fixed<16, 8, (ap_q_mode)5, (ap_o_mode)3, 0>, ap_fixed<16, 8, (ap_q_mode)5, (ap_o_mode)3, 0>, config4>.0.0' at call site (firmware/nnet_utils/nnet_conv1d.h:62->firmware/myproject.cpp:74) by setting 'biases[0].V' to 'b4.V.0'.
INFO: [XFORM 203-622] Instantiating function 'nnet::conv_1d_latency_cl<ap_fixed<16, 8, (ap_q_mode)5, (ap_o_mode)3, 0>, ap_fixed<16, 8, (ap_q_mode)5, (ap_o_mode)3, 0>, config4>.0.0'(firmware/nnet_utils/nnet_conv1d_latency.h:62:44) to 'nnet::conv_1d_latency_cl<ap_fixed<16, 8, (ap_q_mode)5, (ap_o_mode)3, 0>, ap_fixed<16, 8, (ap_q_mode)5, (ap_o_mode)3, 0>, config4>.0.0.0' at call site (firmware/nnet_utils/nnet_conv1d.h:62->firmware/myproject.cpp:74) by setting 'biases[1].V' to 'b4.V.1'.
INFO: [XFORM 203-622] Instantiating function 'nnet::conv_1d_latency_cl<ap_fixed<16, 8, (ap_q_mode)5, (ap_o_mode)3, 0>, ap_fixed<16, 8, (ap_q_mode)5, (ap_o_mode)3, 0>, config4>.0.0.0'(firmware/nnet_utils/nnet_conv1d_latency.h:62:44) to 'nnet::conv_1d_latency_cl<ap_fixed<16, 8, (ap_q_mode)5, (ap_o_mode)3, 0>, ap_fixed<16, 8, (ap_q_mode)5, (ap_o_mode)3, 0>, config4>.0.0.0.0' at call site (firmware/nnet_utils/nnet_conv1d.h:62->firmware/myproject.cpp:74) by setting 'biases[2].V' to 'b4.V.2'.
INFO: [XFORM 203-622] Instantiating function 'nnet::conv_1d_latency_cl<ap_fixed<16, 8, (ap_q_mode)5, (ap_o_mode)3, 0>, ap_fixed<16, 8, (ap_q_mode)5, (ap_o_mode)3, 0>, config4>.0.0.0.0'(firmware/nnet_utils/nnet_conv1d_latency.h:62:44) to 'nnet::conv_1d_latency_cl<ap_fixed<16, 8, (ap_q_mode)5, (ap_o_mode)3, 0>, ap_fixed<16, 8, (ap_q_mode)5, (ap_o_mode)3, 0>, config4>.0.0.0.0.0' at call site (firmware/nnet_utils/nnet_conv1d.h:62->firmware/myproject.cpp:74) by setting 'biases[3].V' to 'b4.V.3'.
INFO: [XFORM 203-622] Instantiating function 'nnet::conv_1d_latency_cl<ap_fixed<16, 8, (ap_q_mode)5, (ap_o_mode)3, 0>, ap_fixed<16, 8, (ap_q_mode)5, (ap_o_mode)3, 0>, config4>.0.0.0.0.0'(firmware/nnet_utils/nnet_conv1d_latency.h:62:44) to 'nnet::conv_1d_latency_cl<ap_fixed<16, 8, (ap_q_mode)5, (ap_o_mode)3, 0>, ap_fixed<16, 8, (ap_q_mode)5, (ap_o_mode)3, 0>, config4>.0.0.0.0.0.0' at call site (firmware/nnet_utils/nnet_conv1d.h:62->firmware/myproject.cpp:74) by setting 'biases[4].V' to 'b4.V.4'.
INFO: [XFORM 203-622] Instantiating function 'nnet::conv_1d_latency_cl<ap_fixed<16, 8, (ap_q_mode)5, (ap_o_mode)3, 0>, ap_fixed<16, 8, (ap_q_mode)5, (ap_o_mode)3, 0>, config2>'(firmware/nnet_utils/nnet_conv1d_latency.h:62:44) to 'nnet::conv_1d_latency_cl<ap_fixed<16, 8, (ap_q_mode)5, (ap_o_mode)3, 0>, ap_fixed<16, 8, (ap_q_mode)5, (ap_o_mode)3, 0>, config2>.0' by setting 'weights.V' to 'w2.V'.
INFO: [XFORM 203-622] Instantiating function 'nnet::conv_1d_latency_cl<ap_fixed<16, 8, (ap_q_mode)5, (ap_o_mode)3, 0>, ap_fixed<16, 8, (ap_q_mode)5, (ap_o_mode)3, 0>, config2>.0'(firmware/nnet_utils/nnet_conv1d_latency.h:62:44) to 'nnet::conv_1d_latency_cl<ap_fixed<16, 8, (ap_q_mode)5, (ap_o_mode)3, 0>, ap_fixed<16, 8, (ap_q_mode)5, (ap_o_mode)3, 0>, config2>.0.0' by setting 'biases[0].V' to 'b2.V.0'.
INFO: [XFORM 203-622] Instantiating function 'nnet::conv_1d_latency_cl<ap_fixed<16, 8, (ap_q_mode)5, (ap_o_mode)3, 0>, ap_fixed<16, 8, (ap_q_mode)5, (ap_o_mode)3, 0>, config2>.0.0'(firmware/nnet_utils/nnet_conv1d_latency.h:62:44) to 'nnet::conv_1d_latency_cl<ap_fixed<16, 8, (ap_q_mode)5, (ap_o_mode)3, 0>, ap_fixed<16, 8, (ap_q_mode)5, (ap_o_mode)3, 0>, config2>.0.0.0' by setting 'biases[1].V' to 'b2.V.1'.
INFO: [XFORM 203-622] Instantiating function 'nnet::conv_1d_latency_cl<ap_fixed<16, 8, (ap_q_mode)5, (ap_o_mode)3, 0>, ap_fixed<16, 8, (ap_q_mode)5, (ap_o_mode)3, 0>, config2>.0.0.0'(firmware/nnet_utils/nnet_conv1d_latency.h:62:44) to 'nnet::conv_1d_latency_cl<ap_fixed<16, 8, (ap_q_mode)5, (ap_o_mode)3, 0>, ap_fixed<16, 8, (ap_q_mode)5, (ap_o_mode)3, 0>, config2>.0.0.0.0' by setting 'biases[2].V' to 'b2.V.2'.
INFO: [XFORM 203-622] Instantiating function 'nnet::conv_1d_latency_cl<ap_fixed<16, 8, (ap_q_mode)5, (ap_o_mode)3, 0>, ap_fixed<16, 8, (ap_q_mode)5, (ap_o_mode)3, 0>, config2>.0.0.0.0'(firmware/nnet_utils/nnet_conv1d_latency.h:62:44) to 'nnet::conv_1d_latency_cl<ap_fixed<16, 8, (ap_q_mode)5, (ap_o_mode)3, 0>, ap_fixed<16, 8, (ap_q_mode)5, (ap_o_mode)3, 0>, config2>.0.0.0.0.0' by setting 'biases[3].V' to 'b2.V.3'.
INFO: [XFORM 203-622] Instantiating function 'nnet::conv_1d_latency_cl<ap_fixed<16, 8, (ap_q_mode)5, (ap_o_mode)3, 0>, ap_fixed<16, 8, (ap_q_mode)5, (ap_o_mode)3, 0>, config2>.0.0.0.0.0'(firmware/nnet_utils/nnet_conv1d_latency.h:62:44) to 'nnet::conv_1d_latency_cl<ap_fixed<16, 8, (ap_q_mode)5, (ap_o_mode)3, 0>, ap_fixed<16, 8, (ap_q_mode)5, (ap_o_mode)3, 0>, config2>.0.0.0.0.0.0' by setting 'biases[4].V' to 'b2.V.4'.
INFO: [XFORM 203-622] Instantiating function 'nnet::conv_1d_latency_cl<ap_fixed<16, 8, (ap_q_mode)5, (ap_o_mode)3, 0>, ap_fixed<16, 8, (ap_q_mode)5, (ap_o_mode)3, 0>, config2>.0.0.0.0.0.0'(firmware/nnet_utils/nnet_conv1d_latency.h:62:44) to 'nnet::conv_1d_latency_cl<ap_fixed<16, 8, (ap_q_mode)5, (ap_o_mode)3, 0>, ap_fixed<16, 8, (ap_q_mode)5, (ap_o_mode)3, 0>, config2>.0.0.0.0.0.0.0' by setting 'biases[5].V' to 'b2.V.5'.
INFO: [XFORM 203-622] Instantiating function 'nnet::conv_1d_latency_cl<ap_fixed<16, 8, (ap_q_mode)5, (ap_o_mode)3, 0>, ap_fixed<16, 8, (ap_q_mode)5, (ap_o_mode)3, 0>, config2>.0.0.0.0.0.0.0'(firmware/nnet_utils/nnet_conv1d_latency.h:62:44) to 'nnet::conv_1d_latency_cl<ap_fixed<16, 8, (ap_q_mode)5, (ap_o_mode)3, 0>, ap_fixed<16, 8, (ap_q_mode)5, (ap_o_mode)3, 0>, config2>.0.0.0.0.0.0.0.0' by setting 'biases[6].V' to 'b2.V.6'.
INFO: [XFORM 203-622] Instantiating function 'nnet::conv_1d_latency_cl<ap_fixed<16, 8, (ap_q_mode)5, (ap_o_mode)3, 0>, ap_fixed<16, 8, (ap_q_mode)5, (ap_o_mode)3, 0>, config2>.0.0.0.0.0.0.0.0'(firmware/nnet_utils/nnet_conv1d_latency.h:62:44) to 'nnet::conv_1d_latency_cl<ap_fixed<16, 8, (ap_q_mode)5, (ap_o_mode)3, 0>, ap_fixed<16, 8, (ap_q_mode)5, (ap_o_mode)3, 0>, config2>.0.0.0.0.0.0.0.0.0' by setting 'biases[7].V' to 'b2.V.7'.
INFO: [XFORM 203-622] Instantiating function 'nnet::conv_1d_latency_cl<ap_fixed<16, 8, (ap_q_mode)5, (ap_o_mode)3, 0>, ap_fixed<16, 8, (ap_q_mode)5, (ap_o_mode)3, 0>, config2>.0.0.0.0.0.0.0.0.0'(firmware/nnet_utils/nnet_conv1d_latency.h:62:44) to 'nnet::conv_1d_latency_cl<ap_fixed<16, 8, (ap_q_mode)5, (ap_o_mode)3, 0>, ap_fixed<16, 8, (ap_q_mode)5, (ap_o_mode)3, 0>, config2>.0.0.0.0.0.0.0.0.0.0' by setting 'biases[8].V' to 'b2.V.8'.
INFO: [XFORM 203-622] Instantiating function 'nnet::conv_1d_latency_cl<ap_fixed<16, 8, (ap_q_mode)5, (ap_o_mode)3, 0>, ap_fixed<16, 8, (ap_q_mode)5, (ap_o_mode)3, 0>, config2>.0.0.0.0.0.0.0.0.0.0'(firmware/nnet_utils/nnet_conv1d_latency.h:62:44) to 'nnet::conv_1d_latency_cl<ap_fixed<16, 8, (ap_q_mode)5, (ap_o_mode)3, 0>, ap_fixed<16, 8, (ap_q_mode)5, (ap_o_mode)3, 0>, config2>.0.0.0.0.0.0.0.0.0.0.0' by setting 'biases[9].V' to 'b2.V.9'.
INFO: [XFORM 203-622] Instantiating function 'nnet::conv_1d_latency_cl<ap_fixed<16, 8, (ap_q_mode)5, (ap_o_mode)3, 0>, ap_fixed<16, 8, (ap_q_mode)5, (ap_o_mode)3, 0>, config2>.0.0.0.0.0.0.0.0.0.0.0'(firmware/nnet_utils/nnet_conv1d_latency.h:62:44) to 'nnet::conv_1d_latency_cl<ap_fixed<16, 8, (ap_q_mode)5, (ap_o_mode)3, 0>, ap_fixed<16, 8, (ap_q_mode)5, (ap_o_mode)3, 0>, config2>.0.0.0.0.0.0.0.0.0.0.0.0' by setting 'biases[10].V' to 'b2.V.10'.
INFO: [XFORM 203-622] Instantiating function 'nnet::conv_1d_latency_cl<ap_fixed<16, 8, (ap_q_mode)5, (ap_o_mode)3, 0>, ap_fixed<16, 8, (ap_q_mode)5, (ap_o_mode)3, 0>, config2>.0.0.0.0.0.0.0.0.0.0.0.0'(firmware/nnet_utils/nnet_conv1d_latency.h:62:44) to 'nnet::conv_1d_latency_cl<ap_fixed<16, 8, (ap_q_mode)5, (ap_o_mode)3, 0>, ap_fixed<16, 8, (ap_q_mode)5, (ap_o_mode)3, 0>, config2>.0.0.0.0.0.0.0.0.0.0.0.0.0' by setting 'biases[11].V' to 'b2.V.11'.
INFO: [XFORM 203-622] Instantiating function 'nnet::conv_1d_latency_cl<ap_fixed<16, 8, (ap_q_mode)5, (ap_o_mode)3, 0>, ap_fixed<16, 8, (ap_q_mode)5, (ap_o_mode)3, 0>, config2>.0.0.0.0.0.0.0.0.0.0.0.0.0'(firmware/nnet_utils/nnet_conv1d_latency.h:62:44) to 'nnet::conv_1d_latency_cl<ap_fixed<16, 8, (ap_q_mode)5, (ap_o_mode)3, 0>, ap_fixed<16, 8, (ap_q_mode)5, (ap_o_mode)3, 0>, config2>.0.0.0.0.0.0.0.0.0.0.0.0.0.0' by setting 'biases[12].V' to 'b2.V.12'.
INFO: [XFORM 203-622] Instantiating function 'nnet::conv_1d_latency_cl<ap_fixed<16, 8, (ap_q_mode)5, (ap_o_mode)3, 0>, ap_fixed<16, 8, (ap_q_mode)5, (ap_o_mode)3, 0>, config2>.0.0.0.0.0.0.0.0.0.0.0.0.0.0'(firmware/nnet_utils/nnet_conv1d_latency.h:62:44) to 'nnet::conv_1d_latency_cl<ap_fixed<16, 8, (ap_q_mode)5, (ap_o_mode)3, 0>, ap_fixed<16, 8, (ap_q_mode)5, (ap_o_mode)3, 0>, config2>.0.0.0.0.0.0.0.0.0.0.0.0.0.0.0' by setting 'biases[13].V' to 'b2.V.13'.
INFO: [XFORM 203-622] Instantiating function 'nnet::conv_1d_latency_cl<ap_fixed<16, 8, (ap_q_mode)5, (ap_o_mode)3, 0>, ap_fixed<16, 8, (ap_q_mode)5, (ap_o_mode)3, 0>, config2>.0.0.0.0.0.0.0.0.0.0.0.0.0.0.0'(firmware/nnet_utils/nnet_conv1d_latency.h:62:44) to 'nnet::conv_1d_latency_cl<ap_fixed<16, 8, (ap_q_mode)5, (ap_o_mode)3, 0>, ap_fixed<16, 8, (ap_q_mode)5, (ap_o_mode)3, 0>, config2>.0.0.0.0.0.0.0.0.0.0.0.0.0.0.0.0' by setting 'biases[14].V' to 'b2.V.14'.
INFO: [XFORM 203-622] Instantiating function 'nnet::conv_1d_latency_cl<ap_fixed<16, 8, (ap_q_mode)5, (ap_o_mode)3, 0>, ap_fixed<16, 8, (ap_q_mode)5, (ap_o_mode)3, 0>, config2>.0.0.0.0.0.0.0.0.0.0.0.0.0.0.0.0'(firmware/nnet_utils/nnet_conv1d_latency.h:62:44) to 'nnet::conv_1d_latency_cl<ap_fixed<16, 8, (ap_q_mode)5, (ap_o_mode)3, 0>, ap_fixed<16, 8, (ap_q_mode)5, (ap_o_mode)3, 0>, config2>.0.0.0.0.0.0.0.0.0.0.0.0.0.0.0.0.0' by setting 'biases[15].V' to 'b2.V.15'.
INFO: [XFORM 203-622] Instantiating function 'nnet::conv_1d_latency_cl<ap_fixed<16, 8, (ap_q_mode)5, (ap_o_mode)3, 0>, ap_fixed<16, 8, (ap_q_mode)5, (ap_o_mode)3, 0>, config2>.0.0.0.0.0.0.0.0.0.0.0.0.0.0.0.0.0'(firmware/nnet_utils/nnet_conv1d_latency.h:62:44) to 'nnet::conv_1d_latency_cl<ap_fixed<16, 8, (ap_q_mode)5, (ap_o_mode)3, 0>, ap_fixed<16, 8, (ap_q_mode)5, (ap_o_mode)3, 0>, config2>.0.0.0.0.0.0.0.0.0.0.0.0.0.0.0.0.0.0' by setting 'biases[16].V' to 'b2.V.16'.
INFO: [XFORM 203-622] Instantiating function 'nnet::conv_1d_latency_cl<ap_fixed<16, 8, (ap_q_mode)5, (ap_o_mode)3, 0>, ap_fixed<16, 8, (ap_q_mode)5, (ap_o_mode)3, 0>, config2>.0.0.0.0.0.0.0.0.0.0.0.0.0.0.0.0.0.0'(firmware/nnet_utils/nnet_conv1d_latency.h:62:44) to 'nnet::conv_1d_latency_cl<ap_fixed<16, 8, (ap_q_mode)5, (ap_o_mode)3, 0>, ap_fixed<16, 8, (ap_q_mode)5, (ap_o_mode)3, 0>, config2>.0.0.0.0.0.0.0.0.0.0.0.0.0.0.0.0.0.0.0' by setting 'biases[17].V' to 'b2.V.17'.
INFO: [XFORM 203-622] Instantiating function 'nnet::conv_1d_latency_cl<ap_fixed<16, 8, (ap_q_mode)5, (ap_o_mode)3, 0>, ap_fixed<16, 8, (ap_q_mode)5, (ap_o_mode)3, 0>, config2>.0.0.0.0.0.0.0.0.0.0.0.0.0.0.0.0.0.0.0'(firmware/nnet_utils/nnet_conv1d_latency.h:62:44) to 'nnet::conv_1d_latency_cl<ap_fixed<16, 8, (ap_q_mode)5, (ap_o_mode)3, 0>, ap_fixed<16, 8, (ap_q_mode)5, (ap_o_mode)3, 0>, config2>.0.0.0.0.0.0.0.0.0.0.0.0.0.0.0.0.0.0.0.0' by setting 'biases[18].V' to 'b2.V.18'.
INFO: [XFORM 203-622] Instantiating function 'nnet::conv_1d_latency_cl<ap_fixed<16, 8, (ap_q_mode)5, (ap_o_mode)3, 0>, ap_fixed<16, 8, (ap_q_mode)5, (ap_o_mode)3, 0>, config2>.0.0.0.0.0.0.0.0.0.0.0.0.0.0.0.0.0.0.0.0'(firmware/nnet_utils/nnet_conv1d_latency.h:62:44) to 'nnet::conv_1d_latency_cl<ap_fixed<16, 8, (ap_q_mode)5, (ap_o_mode)3, 0>, ap_fixed<16, 8, (ap_q_mode)5, (ap_o_mode)3, 0>, config2>.0.0.0.0.0.0.0.0.0.0.0.0.0.0.0.0.0.0.0.0.0' by setting 'biases[19].V' to 'b2.V.19'.
INFO: [XFORM 203-401] Performing if-conversion on hyperblock from (firmware/nnet_utils/nnet_activation.h:140:21) to (firmware/nnet_utils/nnet_activation.h:172:1) in function 'nnet::sigmoid<ap_fixed<16, 8, (ap_q_mode)5, (ap_o_mode)3, 0>, ap_fixed<16, 8, (ap_q_mode)5, (ap_o_mode)3, 0>, sigmoid_config11>'... converting 3 basic blocks.
INFO: [XFORM 203-11] Balancing expressions in function 'nnet::dense_latency<ap_fixed<16, 8, (ap_q_mode)5, (ap_o_mode)3, 0>, ap_fixed<16, 8, (ap_q_mode)5, (ap_o_mode)3, 0>, config8>.0.0.0.0.0.0.0.0.0.0.0' (firmware/nnet_utils/nnet_mult.h:45:9)...199 expression(s) balanced.
INFO: [XFORM 203-11] Balancing expressions in function 'nnet::dense_latency<ap_fixed<16, 8, (ap_q_mode)5, (ap_o_mode)3, 0>, ap_fixed<16, 8, (ap_q_mode)5, (ap_o_mode)3, 0>, config6>.0.0.0.0.0.0.0.0.0.0.0.0.0.0.0.0.0.0.0.0.0' (firmware/nnet_utils/nnet_mult.h:45:9)...998 expression(s) balanced.
INFO: [XFORM 203-11] Balancing expressions in function 'nnet::dense_latency<ap_fixed<16, 8, (ap_q_mode)5, (ap_o_mode)3, 0>, ap_fixed<16, 8, (ap_q_mode)5, (ap_o_mode)3, 0>, config10>.0.0' (firmware/nnet_utils/nnet_dense_latency.h:45:1)...10 expression(s) balanced.
INFO: [XFORM 203-11] Balancing expressions in function 'nnet::conv_1d_latency_cl<ap_fixed<16, 8, (ap_q_mode)5, (ap_o_mode)3, 0>, ap_fixed<16, 8, (ap_q_mode)5, (ap_o_mode)3, 0>, config4>.0.0.0.0.0.0' (firmware/nnet_utils/nnet_conv1d_latency.h:62:44)...1000 expression(s) balanced.
INFO: [XFORM 203-11] Balancing expressions in function 'nnet::conv_1d_latency_cl<ap_fixed<16, 8, (ap_q_mode)5, (ap_o_mode)3, 0>, ap_fixed<16, 8, (ap_q_mode)5, (ap_o_mode)3, 0>, config2>.0.0.0.0.0.0.0.0.0.0.0.0.0.0.0.0.0.0.0.0.0' (firmware/nnet_utils/nnet_conv1d_latency.h:62:44)...2570 expression(s) balanced.
INFO: [HLS 200-111] Finished Pre-synthesis Time (s): cpu = 00:05:59 ; elapsed = 00:06:04 . Memory (MB): peak = 8344.699 ; gain = 7556.152 ; free physical = 32729 ; free virtual = 77868
WARNING: [XFORM 203-631] Renaming function 'nnet::sigmoid<ap_fixed<16, 8, (ap_q_mode)5, (ap_o_mode)3, 0>, ap_fixed<16, 8, (ap_q_mode)5, (ap_o_mode)3, 0>, sigmoid_config11>' to 'sigmoid<ap_fixed,ap_fixed,sigmoid_config11>' (firmware/nnet_utils/nnet_activation.h:155:1)
WARNING: [XFORM 203-631] Renaming function 'nnet::relu<ap_fixed<16, 8, (ap_q_mode)5, (ap_o_mode)3, 0>, ap_fixed<16, 8, (ap_q_mode)5, (ap_o_mode)3, 0>, relu_config9>' to 'relu<ap_fixed,ap_fixed<16,8,5,3,0>,relu_config9>' (firmware/nnet_utils/nnet_activation.h:71:1)
WARNING: [XFORM 203-631] Renaming function 'nnet::relu<ap_fixed<16, 8, (ap_q_mode)5, (ap_o_mode)3, 0>, ap_fixed<16, 8, (ap_q_mode)5, (ap_o_mode)3, 0>, relu_config7>' to 'relu<ap_fixed,ap_fixed<16,8,5,3,0>,relu_config7>' (firmware/nnet_utils/nnet_activation.h:71:1)
WARNING: [XFORM 203-631] Renaming function 'nnet::relu<ap_fixed<16, 8, (ap_q_mode)5, (ap_o_mode)3, 0>, ap_fixed<16, 8, (ap_q_mode)5, (ap_o_mode)3, 0>, relu_config5>' to 'relu<ap_fixed,ap_fixed<16,8,5,3,0>,relu_config5>' (firmware/nnet_utils/nnet_activation.h:71:1)
WARNING: [XFORM 203-631] Renaming function 'nnet::relu<ap_fixed<16, 8, (ap_q_mode)5, (ap_o_mode)3, 0>, ap_fixed<16, 8, (ap_q_mode)5, (ap_o_mode)3, 0>, relu_config3>' to 'relu<ap_fixed,ap_fixed<16,8,5,3,0>,relu_config3>' (firmware/nnet_utils/nnet_activation.h:71:13)
WARNING: [XFORM 203-631] Renaming function 'nnet::dense_latency<ap_fixed<16, 8, (ap_q_mode)5, (ap_o_mode)3, 0>, ap_fixed<16, 8, (ap_q_mode)5, (ap_o_mode)3, 0>, config8>.0.0.0.0.0.0.0.0.0.0.0' to 'dense_latency.0.0.0.0.0.0.0.0.0.0.0' (firmware/nnet_utils/nnet_mult.h:45:9)
WARNING: [XFORM 203-631] Renaming function 'nnet::dense_latency<ap_fixed<16, 8, (ap_q_mode)5, (ap_o_mode)3, 0>, ap_fixed<16, 8, (ap_q_mode)5, (ap_o_mode)3, 0>, config6>.0.0.0.0.0.0.0.0.0.0.0.0.0.0.0.0.0.0.0.0.0' to 'dense_latency.0.0.0.0.0.0.0.0.0.0.0.0.0.0.0.0.0.0.0.0.0' (firmware/nnet_utils/nnet_mult.h:45:9)
WARNING: [XFORM 203-631] Renaming function 'nnet::dense_latency<ap_fixed<16, 8, (ap_q_mode)5, (ap_o_mode)3, 0>, ap_fixed<16, 8, (ap_q_mode)5, (ap_o_mode)3, 0>, config10>.0.0' to 'dense_latency<ap_fixed,ap_fixed,config10>.0.0' (firmware/nnet_utils/nnet_dense_latency.h:45:1)
WARNING: [XFORM 203-631] Renaming function 'nnet::conv_1d_latency_cl<ap_fixed<16, 8, (ap_q_mode)5, (ap_o_mode)3, 0>, ap_fixed<16, 8, (ap_q_mode)5, (ap_o_mode)3, 0>, config4>.0.0.0.0.0.0' to 'conv_1d_latency_cl<ap_fixed,ap_fixed,config4>.0.0.0.0.0.0' (firmware/nnet_utils/nnet_conv1d_latency.h:62:44)
WARNING: [XFORM 203-631] Renaming function 'nnet::conv_1d_latency_cl<ap_fixed<16, 8, (ap_q_mode)5, (ap_o_mode)3, 0>, ap_fixed<16, 8, (ap_q_mode)5, (ap_o_mode)3, 0>, config2>.0.0.0.0.0.0.0.0.0.0.0.0.0.0.0.0.0.0.0.0.0' to 'conv_1d_latency_cl.0.0.0.0.0.0.0.0.0.0.0.0.0.0.0.0.0.0.0.0.0' (firmware/nnet_utils/nnet_conv1d_latency.h:62:44)
INFO: [HLS 200-111] Finished Architecture Synthesis Time (s): cpu = 00:07:52 ; elapsed = 00:07:57 . Memory (MB): peak = 8344.699 ; gain = 7556.152 ; free physical = 32727 ; free virtual = 77868
INFO: [HLS 200-10] Starting hardware synthesis ...
INFO: [HLS 200-10] Synthesizing 'myproject' ...
WARNING: [SYN 201-103] Legalizing function name 'conv_1d_latency_cl.0.0.0.0.0.0.0.0.0.0.0.0.0.0.0.0.0.0.0.0.0' to 'conv_1d_latency_cl_0_0_0_0_0_0_0_0_0_0_0_0_0_0_0_0_0_0_0_0_0'.
WARNING: [SYN 201-103] Legalizing function name 'relu<ap_fixed,ap_fixed<16,8,5,3,0>,relu_config3>' to 'relu_ap_fixed_ap_fixed_16_8_5_3_0_relu_config3_s'.
WARNING: [SYN 201-103] Legalizing function name 'conv_1d_latency_cl<ap_fixed,ap_fixed,config4>.0.0.0.0.0.0' to 'conv_1d_latency_cl_ap_fixed_ap_fixed_config4_0_0_0_0_0_0'.
WARNING: [SYN 201-103] Legalizing function name 'relu<ap_fixed,ap_fixed<16,8,5,3,0>,relu_config5>' to 'relu_ap_fixed_ap_fixed_16_8_5_3_0_relu_config5_s'.
WARNING: [SYN 201-103] Legalizing function name 'dense_latency.0.0.0.0.0.0.0.0.0.0.0.0.0.0.0.0.0.0.0.0.0' to 'dense_latency_0_0_0_0_0_0_0_0_0_0_0_0_0_0_0_0_0_0_0_0_0'.
WARNING: [SYN 201-103] Legalizing function name 'relu<ap_fixed,ap_fixed<16,8,5,3,0>,relu_config7>' to 'relu_ap_fixed_ap_fixed_16_8_5_3_0_relu_config7_s'.
WARNING: [SYN 201-103] Legalizing function name 'dense_latency.0.0.0.0.0.0.0.0.0.0.0' to 'dense_latency_0_0_0_0_0_0_0_0_0_0_0'.
WARNING: [SYN 201-103] Legalizing function name 'relu<ap_fixed,ap_fixed<16,8,5,3,0>,relu_config9>' to 'relu_ap_fixed_ap_fixed_16_8_5_3_0_relu_config9_s'.
WARNING: [SYN 201-103] Legalizing function name 'dense_latency<ap_fixed,ap_fixed,config10>.0.0' to 'dense_latency_ap_fixed_ap_fixed_config10_0_0'.
WARNING: [SYN 201-103] Legalizing function name 'sigmoid<ap_fixed,ap_fixed,sigmoid_config11>' to 'sigmoid_ap_fixed_ap_fixed_sigmoid_config11_s'.
INFO: [HLS 200-10] ----------------------------------------------------------------
INFO: [HLS 200-42] -- Implementing module 'conv_1d_latency_cl_0_0_0_0_0_0_0_0_0_0_0_0_0_0_0_0_0_0_0_0_0' 
INFO: [HLS 200-10] ----------------------------------------------------------------
INFO: [SCHED 204-11] Starting scheduling ...
INFO: [SCHED 204-61] Pipelining function 'conv_1d_latency_cl.0.0.0.0.0.0.0.0.0.0.0.0.0.0.0.0.0.0.0.0.0'.
WARNING: [SCHED 204-69] Unable to satisfy resource constraint for operation type mul(II = 1)..
WARNING: [SCHED 204-69] Unable to schedule 'mul' operation ('mul_ln1118_2565', firmware/nnet_utils/nnet_conv1d_latency.h:83) due to limited resources (II = 2).
INFO: [SCHED 204-61] Pipelining result : Target II = 1, Final II = 3, Depth = 3.
INFO: [SCHED 204-11] Finished scheduling.
INFO: [HLS 200-111]  Elapsed time: 490.66 seconds; current allocated memory: 594.444 MB.
INFO: [BIND 205-100] Starting micro-architecture generation ...
INFO: [BIND 205-101] Performing variable lifetime analysis.
INFO: [BIND 205-101] Exploring resource sharing.
INFO: [BIND 205-101] Binding ...
INFO: [BIND 205-100] Starting global binding ...
INFO: [BIND 205-100] Finished micro-architecture generation.
INFO: [HLS 200-111]  Elapsed time: 55.43 seconds; current allocated memory: 706.425 MB.
INFO: [HLS 200-10] ----------------------------------------------------------------
INFO: [HLS 200-42] -- Implementing module 'relu_ap_fixed_ap_fixed_16_8_5_3_0_relu_config3_s' 
INFO: [HLS 200-10] ----------------------------------------------------------------
INFO: [SCHED 204-11] Starting scheduling ...
INFO: [SCHED 204-61] Pipelining function 'relu<ap_fixed,ap_fixed<16,8,5,3,0>,relu_config3>'.
INFO: [SCHED 204-61] Pipelining result : Target II = 1, Final II = 1, Depth = 1.
INFO: [SCHED 204-11] Finished scheduling.
INFO: [HLS 200-111]  Elapsed time: 26.82 seconds; current allocated memory: 712.613 MB.
INFO: [BIND 205-100] Starting micro-architecture generation ...
INFO: [BIND 205-101] Performing variable lifetime analysis.
INFO: [BIND 205-101] Exploring resource sharing.
INFO: [BIND 205-101] Binding ...
INFO: [BIND 205-100] Finished micro-architecture generation.
INFO: [HLS 200-111]  Elapsed time: 2.82 seconds; current allocated memory: 717.244 MB.
INFO: [HLS 200-10] ----------------------------------------------------------------
INFO: [HLS 200-42] -- Implementing module 'conv_1d_latency_cl_ap_fixed_ap_fixed_config4_0_0_0_0_0_0' 
INFO: [HLS 200-10] ----------------------------------------------------------------
INFO: [SCHED 204-11] Starting scheduling ...
INFO: [SCHED 204-61] Pipelining function 'conv_1d_latency_cl<ap_fixed,ap_fixed,config4>.0.0.0.0.0.0'.
WARNING: [SCHED 204-69] Unable to satisfy resource constraint for operation type mul(II = 1)..
INFO: [SCHED 204-61] Pipelining result : Target II = 1, Final II = 2, Depth = 2.
INFO: [SCHED 204-11] Finished scheduling.
INFO: [HLS 200-111]  Elapsed time: 7.06 seconds; current allocated memory: 731.945 MB.
INFO: [BIND 205-100] Starting micro-architecture generation ...
INFO: [BIND 205-101] Performing variable lifetime analysis.
INFO: [BIND 205-101] Exploring resource sharing.
INFO: [BIND 205-101] Binding ...
INFO: [BIND 205-100] Starting global binding ...
INFO: [BIND 205-100] Finished micro-architecture generation.
INFO: [HLS 200-111]  Elapsed time: 16.94 seconds; current allocated memory: 780.491 MB.
INFO: [HLS 200-10] ----------------------------------------------------------------
INFO: [HLS 200-42] -- Implementing module 'relu_ap_fixed_ap_fixed_16_8_5_3_0_relu_config5_s' 
INFO: [HLS 200-10] ----------------------------------------------------------------
INFO: [SCHED 204-11] Starting scheduling ...
INFO: [SCHED 204-61] Pipelining function 'relu<ap_fixed,ap_fixed<16,8,5,3,0>,relu_config5>'.
INFO: [SCHED 204-61] Pipelining result : Target II = 1, Final II = 1, Depth = 1.
INFO: [SCHED 204-11] Finished scheduling.
INFO: [HLS 200-111]  Elapsed time: 11.29 seconds; current allocated memory: 783.002 MB.
INFO: [BIND 205-100] Starting micro-architecture generation ...
INFO: [BIND 205-101] Performing variable lifetime analysis.
INFO: [BIND 205-101] Exploring resource sharing.
INFO: [BIND 205-101] Binding ...
INFO: [BIND 205-100] Finished micro-architecture generation.
INFO: [HLS 200-111]  Elapsed time: 0.64 seconds; current allocated memory: 784.183 MB.
INFO: [HLS 200-10] ----------------------------------------------------------------
INFO: [HLS 200-42] -- Implementing module 'dense_latency_0_0_0_0_0_0_0_0_0_0_0_0_0_0_0_0_0_0_0_0_0' 
INFO: [HLS 200-10] ----------------------------------------------------------------
INFO: [SCHED 204-11] Starting scheduling ...
INFO: [SCHED 204-61] Pipelining function 'dense_latency.0.0.0.0.0.0.0.0.0.0.0.0.0.0.0.0.0.0.0.0.0'.
INFO: [SCHED 204-61] Pipelining result : Target II = 1, Final II = 1, Depth = 2.
INFO: [SCHED 204-11] Finished scheduling.
INFO: [HLS 200-111]  Elapsed time: 4.27 seconds; current allocated memory: 797.380 MB.
INFO: [BIND 205-100] Starting micro-architecture generation ...
INFO: [BIND 205-101] Performing variable lifetime analysis.
INFO: [BIND 205-101] Exploring resource sharing.
INFO: [BIND 205-101] Binding ...
INFO: [BIND 205-100] Starting global binding ...
INFO: [BIND 205-100] Finished micro-architecture generation.
INFO: [HLS 200-111]  Elapsed time: 15.04 seconds; current allocated memory: 865.518 MB.
INFO: [HLS 200-10] ----------------------------------------------------------------
INFO: [HLS 200-42] -- Implementing module 'relu_ap_fixed_ap_fixed_16_8_5_3_0_relu_config7_s' 
INFO: [HLS 200-10] ----------------------------------------------------------------
INFO: [SCHED 204-11] Starting scheduling ...
INFO: [SCHED 204-61] Pipelining function 'relu<ap_fixed,ap_fixed<16,8,5,3,0>,relu_config7>'.
INFO: [SCHED 204-61] Pipelining result : Target II = 1, Final II = 1, Depth = 1.
INFO: [SCHED 204-11] Finished scheduling.
INFO: [HLS 200-111]  Elapsed time: 10.53 seconds; current allocated memory: 867.887 MB.
INFO: [BIND 205-100] Starting micro-architecture generation ...
INFO: [BIND 205-101] Performing variable lifetime analysis.
INFO: [BIND 205-101] Exploring resource sharing.
INFO: [BIND 205-101] Binding ...
INFO: [BIND 205-100] Finished micro-architecture generation.
INFO: [HLS 200-111]  Elapsed time: 0.27 seconds; current allocated memory: 868.365 MB.
INFO: [HLS 200-10] ----------------------------------------------------------------
INFO: [HLS 200-42] -- Implementing module 'dense_latency_0_0_0_0_0_0_0_0_0_0_0' 
INFO: [HLS 200-10] ----------------------------------------------------------------
INFO: [SCHED 204-11] Starting scheduling ...
INFO: [SCHED 204-61] Pipelining function 'dense_latency.0.0.0.0.0.0.0.0.0.0.0'.
INFO: [SCHED 204-61] Pipelining result : Target II = 1, Final II = 1, Depth = 2.
INFO: [SCHED 204-11] Finished scheduling.
INFO: [HLS 200-111]  Elapsed time: 0.99 seconds; current allocated memory: 871.245 MB.
INFO: [BIND 205-100] Starting micro-architecture generation ...
INFO: [BIND 205-101] Performing variable lifetime analysis.
INFO: [BIND 205-101] Exploring resource sharing.
INFO: [BIND 205-101] Binding ...
INFO: [BIND 205-100] Starting global binding ...
INFO: [BIND 205-100] Finished micro-architecture generation.
INFO: [HLS 200-111]  Elapsed time: 2.17 seconds; current allocated memory: 876.314 MB.
INFO: [HLS 200-10] ----------------------------------------------------------------
INFO: [HLS 200-42] -- Implementing module 'relu_ap_fixed_ap_fixed_16_8_5_3_0_relu_config9_s' 
INFO: [HLS 200-10] ----------------------------------------------------------------
INFO: [SCHED 204-11] Starting scheduling ...
INFO: [SCHED 204-61] Pipelining function 'relu<ap_fixed,ap_fixed<16,8,5,3,0>,relu_config9>'.
INFO: [SCHED 204-61] Pipelining result : Target II = 1, Final II = 1, Depth = 1.
INFO: [SCHED 204-11] Finished scheduling.
INFO: [HLS 200-111]  Elapsed time: 2.27 seconds; current allocated memory: 876.975 MB.
INFO: [BIND 205-100] Starting micro-architecture generation ...
INFO: [BIND 205-101] Performing variable lifetime analysis.
INFO: [BIND 205-101] Exploring resource sharing.
INFO: [BIND 205-101] Binding ...
INFO: [BIND 205-100] Finished micro-architecture generation.
INFO: [HLS 200-111]  Elapsed time: 0.14 seconds; current allocated memory: 877.233 MB.
INFO: [HLS 200-10] ----------------------------------------------------------------
INFO: [HLS 200-42] -- Implementing module 'dense_latency_ap_fixed_ap_fixed_config10_0_0' 
INFO: [HLS 200-10] ----------------------------------------------------------------
INFO: [SCHED 204-11] Starting scheduling ...
INFO: [SCHED 204-61] Pipelining function 'dense_latency<ap_fixed,ap_fixed,config10>.0.0'.
INFO: [SCHED 204-61] Pipelining result : Target II = 1, Final II = 1, Depth = 1.
INFO: [SCHED 204-11] Finished scheduling.
INFO: [HLS 200-111]  Elapsed time: 0.2 seconds; current allocated memory: 877.513 MB.
INFO: [BIND 205-100] Starting micro-architecture generation ...
INFO: [BIND 205-101] Performing variable lifetime analysis.
INFO: [BIND 205-101] Exploring resource sharing.
INFO: [BIND 205-101] Binding ...
INFO: [BIND 205-100] Starting global binding ...
INFO: [BIND 205-100] Finished micro-architecture generation.
INFO: [HLS 200-111]  Elapsed time: 0.18 seconds; current allocated memory: 877.812 MB.
INFO: [HLS 200-10] ----------------------------------------------------------------
INFO: [HLS 200-42] -- Implementing module 'sigmoid_ap_fixed_ap_fixed_sigmoid_config11_s' 
INFO: [HLS 200-10] ----------------------------------------------------------------
INFO: [SCHED 204-11] Starting scheduling ...
INFO: [SCHED 204-61] Pipelining function 'sigmoid<ap_fixed,ap_fixed,sigmoid_config11>'.
INFO: [SCHED 204-61] Pipelining result : Target II = 1, Final II = 1, Depth = 2.
INFO: [SCHED 204-11] Finished scheduling.
INFO: [HLS 200-111]  Elapsed time: 0.21 seconds; current allocated memory: 877.985 MB.
INFO: [BIND 205-100] Starting micro-architecture generation ...
INFO: [BIND 205-101] Performing variable lifetime analysis.
INFO: [BIND 205-101] Exploring resource sharing.
INFO: [BIND 205-101] Binding ...
INFO: [BIND 205-100] Finished micro-architecture generation.
INFO: [HLS 200-111]  Elapsed time: 0.08 seconds; current allocated memory: 878.177 MB.
INFO: [HLS 200-10] ----------------------------------------------------------------
INFO: [HLS 200-42] -- Implementing module 'myproject' 
INFO: [HLS 200-10] ----------------------------------------------------------------
INFO: [SCHED 204-11] Starting scheduling ...
INFO: [SCHED 204-61] Pipelining function 'myproject'.
INFO: [SCHED 204-61] Pipelining result : Target II = 1, Final II = 3, Depth = 15.
INFO: [SCHED 204-11] Finished scheduling.
INFO: [HLS 200-111]  Elapsed time: 0.22 seconds; current allocated memory: 879.411 MB.
INFO: [BIND 205-100] Starting micro-architecture generation ...
INFO: [BIND 205-101] Performing variable lifetime analysis.
INFO: [BIND 205-101] Exploring resource sharing.
INFO: [BIND 205-101] Binding ...
INFO: [BIND 205-100] Finished micro-architecture generation.
INFO: [HLS 200-111]  Elapsed time: 25.69 seconds; current allocated memory: 896.368 MB.
INFO: [HLS 200-10] ----------------------------------------------------------------
INFO: [HLS 200-10] -- Generating RTL for module 'conv_1d_latency_cl_0_0_0_0_0_0_0_0_0_0_0_0_0_0_0_0_0_0_0_0_0' 
INFO: [HLS 200-10] ----------------------------------------------------------------
INFO: [RTGEN 206-104] Estimated max fanout for 'conv_1d_latency_cl_0_0_0_0_0_0_0_0_0_0_0_0_0_0_0_0_0_0_0_0_0' is 10824 from HDL expression: (1'b1 == ap_CS_fsm_state1)
INFO: [RTGEN 206-100] Finished creating RTL model for 'conv_1d_latency_cl_0_0_0_0_0_0_0_0_0_0_0_0_0_0_0_0_0_0_0_0_0'.
INFO: [HLS 200-111]  Elapsed time: 15.23 seconds; current allocated memory: 1.019 GB.
INFO: [HLS 200-10] ----------------------------------------------------------------
INFO: [HLS 200-10] -- Generating RTL for module 'relu_ap_fixed_ap_fixed_16_8_5_3_0_relu_config3_s' 
INFO: [HLS 200-10] ----------------------------------------------------------------
INFO: [RTGEN 206-100] Finished creating RTL model for 'relu_ap_fixed_ap_fixed_16_8_5_3_0_relu_config3_s'.
INFO: [HLS 200-111]  Elapsed time: 48.58 seconds; current allocated memory: 1.260 GB.
INFO: [HLS 200-10] ----------------------------------------------------------------
INFO: [HLS 200-10] -- Generating RTL for module 'conv_1d_latency_cl_ap_fixed_ap_fixed_config4_0_0_0_0_0_0' 
INFO: [HLS 200-10] ----------------------------------------------------------------
INFO: [RTGEN 206-104]