

================================================================
== Vivado HLS Report for 'dense_latency_0_0_0_0_0_0_0_0_0_0_0_0_0_0_0_0_0_0_0_0_0'
================================================================
* Date:           Mon Jun  6 10:34:49 2022

* Version:        2019.1 (Build 2552052 on Fri May 24 15:28:33 MDT 2019)
* Project:        myproject_prj
* Solution:       solution1
* Product family: virtexuplus
* Target device:  xcvu9p-flgb2104-2-i


================================================================
== Performance Estimates
================================================================
+ Timing (ns): 
    * Summary: 
    +--------+-------+----------+------------+
    |  Clock | Target| Estimated| Uncertainty|
    +--------+-------+----------+------------+
    |ap_clk  |   2.50|     2.053|        0.31|
    +--------+-------+----------+------------+

+ Latency (clock cycles): 
    * Summary: 
    +-----+-----+-----+-----+----------+
    |  Latency  |  Interval | Pipeline |
    | min | max | min | max |   Type   |
    +-----+-----+-----+-----+----------+
    |    2|    2|    3|    3| function |
    +-----+-----+-----+-----+----------+

    + Detail: 
        * Instance: 
        N/A

        * Loop: 
        N/A



================================================================
== Utilization Estimates
================================================================
* Summary: 
+---------------------+---------+-------+---------+---------+-----+
|         Name        | BRAM_18K| DSP48E|    FF   |   LUT   | URAM|
+---------------------+---------+-------+---------+---------+-----+
|DSP                  |        -|      -|        -|        -|    -|
|Expression           |        -|    145|        0|     5216|    -|
|FIFO                 |        -|      -|        -|        -|    -|
|Instance             |        -|      -|        -|        -|    -|
|Memory               |        -|      -|        -|        -|    -|
|Multiplexer          |        -|      -|        -|       21|    -|
|Register             |        -|      -|     3288|        -|    -|
+---------------------+---------+-------+---------+---------+-----+
|Total                |        0|    145|     3288|     5237|    0|
+---------------------+---------+-------+---------+---------+-----+
|Available SLR        |     1440|   2280|   788160|   394080|  320|
+---------------------+---------+-------+---------+---------+-----+
|Utilization SLR (%)  |        0|      6|    ~0   |        1|    0|
+---------------------+---------+-------+---------+---------+-----+
|Available            |     4320|   6840|  2364480|  1182240|  960|
+---------------------+---------+-------+---------+---------+-----+
|Utilization (%)      |        0|      2|    ~0   |    ~0   |    0|
+---------------------+---------+-------+---------+---------+-----+

+ Detail: 
    * Instance: 
    N/A

    * DSP48E: 
    N/A

    * Memory: 
    N/A

    * FIFO: 
    N/A

    * Expression: 
    +----------------------------+----------+-------+---+----+------------+------------+
    |        Variable Name       | Operation| DSP48E| FF| LUT| Bitwidth P0| Bitwidth P1|
    +----------------------------+----------+-------+---+----+------------+------------+
    |mul_ln1118_100_fu_543_p2    |     *    |      1|  0|   5|          16|           8|
    |mul_ln1118_101_fu_680_p2    |     *    |      1|  0|   5|          16|           9|
    |mul_ln1118_102_fu_687_p2    |     *    |      1|  0|   5|          16|           7|
    |mul_ln1118_103_fu_590_p2    |     *    |      1|  0|   5|          16|           7|
    |mul_ln1118_104_fu_686_p2    |     *    |      1|  0|   5|          16|           8|
    |mul_ln1118_105_fu_673_p2    |     *    |      1|  0|   5|          16|          10|
    |mul_ln1118_106_fu_692_p2    |     *    |      1|  0|   5|          16|          10|
    |mul_ln1118_107_fu_597_p2    |     *    |      1|  0|   5|          16|           9|
    |mul_ln1118_108_fu_667_p2    |     *    |      1|  0|   5|          16|           7|
    |mul_ln1118_109_fu_532_p2    |     *    |      1|  0|   5|          16|           9|
    |mul_ln1118_110_fu_533_p2    |     *    |      1|  0|   5|          16|           7|
    |mul_ln1118_111_fu_534_p2    |     *    |      1|  0|   5|          16|           6|
    |mul_ln1118_112_fu_557_p2    |     *    |      1|  0|   5|          16|           6|
    |mul_ln1118_113_fu_575_p2    |     *    |      1|  0|   5|          16|           8|
    |mul_ln1118_114_fu_553_p2    |     *    |      1|  0|   5|          16|           8|
    |mul_ln1118_115_fu_628_p2    |     *    |      1|  0|   5|          16|           6|
    |mul_ln1118_116_fu_559_p2    |     *    |      1|  0|   5|          16|           9|
    |mul_ln1118_117_fu_585_p2    |     *    |      1|  0|   5|          16|           8|
    |mul_ln1118_118_fu_651_p2    |     *    |      1|  0|   5|          16|           5|
    |mul_ln1118_119_fu_522_p2    |     *    |      1|  0|   5|          16|           7|
    |mul_ln1118_120_fu_588_p2    |     *    |      1|  0|   5|          16|           9|
    |mul_ln1118_121_fu_511_p2    |     *    |      1|  0|   5|          16|           8|
    |mul_ln1118_122_fu_601_p2    |     *    |      1|  0|   5|          16|           7|
    |mul_ln1118_123_fu_579_p2    |     *    |      1|  0|   5|          16|           6|
    |mul_ln1118_124_fu_598_p2    |     *    |      1|  0|   5|          16|           7|
    |mul_ln1118_125_fu_638_p2    |     *    |      1|  0|   5|          16|           9|
    |mul_ln1118_126_fu_639_p2    |     *    |      1|  0|   5|          16|           9|
    |mul_ln1118_127_fu_504_p2    |     *    |      1|  0|   5|          16|           5|
    |mul_ln1118_128_fu_576_p2    |     *    |      1|  0|   5|          16|           8|
    |mul_ln1118_129_fu_678_p2    |     *    |      1|  0|   5|          16|           5|
    |mul_ln1118_130_fu_681_p2    |     *    |      1|  0|   5|          16|           7|
    |mul_ln1118_131_fu_554_p2    |     *    |      1|  0|   5|          16|           9|
    |mul_ln1118_132_fu_646_p2    |     *    |      1|  0|   5|          16|           8|
    |mul_ln1118_133_fu_592_p2    |     *    |      1|  0|   5|          16|           7|
    |mul_ln1118_134_fu_556_p2    |     *    |      1|  0|   5|          16|           8|
    |mul_ln1118_135_fu_693_p2    |     *    |      1|  0|   5|          16|           7|
    |mul_ln1118_136_fu_558_p2    |     *    |      1|  0|   5|          16|           6|
    |mul_ln1118_137_fu_565_p2    |     *    |      1|  0|   5|          16|           7|
    |mul_ln1118_138_fu_632_p2    |     *    |      1|  0|   5|          16|          10|
    |mul_ln1118_139_fu_505_p2    |     *    |      1|  0|   5|          16|           9|
    |mul_ln1118_140_fu_507_p2    |     *    |      1|  0|   5|          16|           9|
    |mul_ln1118_141_fu_526_p2    |     *    |      1|  0|   5|          16|           8|
    |mul_ln1118_142_fu_545_p2    |     *    |      1|  0|   5|          16|           9|
    |mul_ln1118_143_fu_523_p2    |     *    |      1|  0|   5|          16|          10|
    |mul_ln1118_144_fu_546_p2    |     *    |      1|  0|   5|          16|           8|
    |mul_ln1118_145_fu_547_p2    |     *    |      1|  0|   5|          16|           5|
    |mul_ln1118_146_fu_684_p2    |     *    |      1|  0|   5|          16|           7|
    |mul_ln1118_147_fu_599_p2    |     *    |      1|  0|   5|          16|           9|
    |mul_ln1118_148_fu_502_p2    |     *    |      1|  0|   5|          16|           6|
    |mul_ln1118_149_fu_501_p2    |     *    |      1|  0|   5|          16|           8|
    |mul_ln1118_150_fu_593_p2    |     *    |      1|  0|   5|          16|           9|
    |mul_ln1118_151_fu_685_p2    |     *    |      1|  0|   5|          16|           8|
    |mul_ln1118_152_fu_670_p2    |     *    |      1|  0|   5|          16|           8|
    |mul_ln1118_153_fu_535_p2    |     *    |      1|  0|   5|          16|           7|
    |mul_ln1118_154_fu_542_p2    |     *    |      1|  0|   5|          16|           7|
    |mul_ln1118_155_fu_537_p2    |     *    |      1|  0|   5|          16|           8|
    |mul_ln1118_156_fu_626_p2    |     *    |      1|  0|   5|          16|           9|
    |mul_ln1118_157_fu_581_p2    |     *    |      1|  0|   5|          16|           6|
    |mul_ln1118_158_fu_527_p2    |     *    |      1|  0|   5|          16|           8|
    |mul_ln1118_159_fu_619_p2    |     *    |      1|  0|   5|          16|           9|
    |mul_ln1118_160_fu_629_p2    |     *    |      1|  0|   5|          16|           8|
    |mul_ln1118_161_fu_529_p2    |     *    |      1|  0|   5|          16|           6|
    |mul_ln1118_162_fu_654_p2    |     *    |      1|  0|   5|          16|           8|
    |mul_ln1118_163_fu_655_p2    |     *    |      1|  0|   5|          16|           7|
    |mul_ln1118_164_fu_656_p2    |     *    |      1|  0|   5|          16|           6|
    |mul_ln1118_165_fu_550_p2    |     *    |      1|  0|   5|          16|           9|
    |mul_ln1118_166_fu_607_p2    |     *    |      1|  0|   5|          16|           9|
    |mul_ln1118_167_fu_512_p2    |     *    |      1|  0|   5|          16|           8|
    |mul_ln1118_168_fu_604_p2    |     *    |      1|  0|   5|          16|           8|
    |mul_ln1118_169_fu_641_p2    |     *    |      1|  0|   5|          16|           8|
    |mul_ln1118_170_fu_506_p2    |     *    |      1|  0|   5|          16|          10|
    |mul_ln1118_171_fu_572_p2    |     *    |      1|  0|   5|          16|           9|
    |mul_ln1118_172_fu_508_p2    |     *    |      1|  0|   5|          16|           8|
    |mul_ln1118_173_fu_645_p2    |     *    |      1|  0|   5|          16|           9|
    |mul_ln1118_174_fu_620_p2    |     *    |      1|  0|   5|          16|           7|
    |mul_ln1118_175_fu_560_p2    |     *    |      1|  0|   5|          16|           7|
    |mul_ln1118_176_fu_652_p2    |     *    |      1|  0|   5|          16|           7|
    |mul_ln1118_177_fu_671_p2    |     *    |      1|  0|   5|          16|           5|
    |mul_ln1118_178_fu_695_p2    |     *    |      1|  0|   5|          16|           8|
    |mul_ln1118_179_fu_582_p2    |     *    |      1|  0|   5|          16|           5|
    |mul_ln1118_180_fu_561_p2    |     *    |      1|  0|   5|          16|           8|
    |mul_ln1118_181_fu_698_p2    |     *    |      1|  0|   5|          16|           7|
    |mul_ln1118_182_fu_563_p2    |     *    |      1|  0|   5|          16|           7|
    |mul_ln1118_183_fu_640_p2    |     *    |      1|  0|   5|          16|           7|
    |mul_ln1118_184_fu_659_p2    |     *    |      1|  0|   5|          16|           8|
    |mul_ln1118_185_fu_500_p2    |     *    |      1|  0|   5|          16|           7|
    |mul_ln1118_186_fu_665_p2    |     *    |      1|  0|   5|          16|           8|
    |mul_ln1118_187_fu_690_p2    |     *    |      1|  0|   5|          16|           6|
    |mul_ln1118_188_fu_614_p2    |     *    |      1|  0|   5|          16|           8|
    |mul_ln1118_189_fu_615_p2    |     *    |      1|  0|   5|          16|           5|
    |mul_ln1118_190_fu_616_p2    |     *    |      1|  0|   5|          16|           7|
    |mul_ln1118_191_fu_552_p2    |     *    |      1|  0|   5|          16|           6|
    |mul_ln1118_192_fu_541_p2    |     *    |      1|  0|   5|          16|           9|
    |mul_ln1118_193_fu_653_p2    |     *    |      1|  0|   5|          16|           8|
    |mul_ln1118_194_fu_631_p2    |     *    |      1|  0|   5|          16|           8|
    |mul_ln1118_195_fu_536_p2    |     *    |      1|  0|   5|          16|           6|
    |mul_ln1118_196_fu_602_p2    |     *    |      1|  0|   5|          16|           8|
    |mul_ln1118_197_fu_668_p2    |     *    |      1|  0|   5|          16|           8|
    |mul_ln1118_198_fu_669_p2    |     *    |      1|  0|   5|          16|           9|
    |mul_ln1118_199_fu_600_p2    |     *    |      1|  0|   5|          16|           9|
    |mul_ln1118_200_fu_635_p2    |     *    |      1|  0|   5|          16|           8|
    |mul_ln1118_201_fu_660_p2    |     *    |      1|  0|   5|          16|           7|
    |mul_ln1118_202_fu_679_p2    |     *    |      1|  0|   5|          16|           8|
    |mul_ln1118_203_fu_625_p2    |     *    |      1|  0|   5|          16|           8|
    |mul_ln1118_204_fu_644_p2    |     *    |      1|  0|   5|          16|           9|
    |mul_ln1118_205_fu_517_p2    |     *    |      1|  0|   5|          16|           6|
    |mul_ln1118_206_fu_521_p2    |     *    |      1|  0|   5|          16|           8|
    |mul_ln1118_207_fu_587_p2    |     *    |      1|  0|   5|          16|           8|
    |mul_ln1118_208_fu_594_p2    |     *    |      1|  0|   5|          16|           9|
    |mul_ln1118_209_fu_662_p2    |     *    |      1|  0|   5|          16|           5|
    |mul_ln1118_210_fu_540_p2    |     *    |      1|  0|   5|          16|           7|
    |mul_ln1118_211_fu_664_p2    |     *    |      1|  0|   5|          16|           8|
    |mul_ln1118_212_fu_610_p2    |     *    |      1|  0|   5|          16|           8|
    |mul_ln1118_213_fu_514_p2    |     *    |      1|  0|   5|          16|          10|
    |mul_ln1118_214_fu_574_p2    |     *    |      1|  0|   5|          16|           5|
    |mul_ln1118_215_fu_510_p2    |     *    |      1|  0|   5|          16|          10|
    |mul_ln1118_216_fu_647_p2    |     *    |      1|  0|   5|          16|           8|
    |mul_ln1118_217_fu_577_p2    |     *    |      1|  0|   5|          16|           7|
    |mul_ln1118_218_fu_642_p2    |     *    |      1|  0|   5|          16|           7|
    |mul_ln1118_75_fu_519_p2     |     *    |      1|  0|   5|          16|           9|
    |mul_ln1118_76_fu_520_p2     |     *    |      1|  0|   5|          16|           8|
    |mul_ln1118_77_fu_649_p2     |     *    |      1|  0|   5|          16|          10|
    |mul_ln1118_78_fu_627_p2     |     *    |      1|  0|   5|          16|           7|
    |mul_ln1118_79_fu_605_p2     |     *    |      1|  0|   5|          16|           6|
    |mul_ln1118_80_fu_633_p2     |     *    |      1|  0|   5|          16|           8|
    |mul_ln1118_81_fu_570_p2     |     *    |      1|  0|   5|          16|           9|
    |mul_ln1118_82_fu_564_p2     |     *    |      1|  0|   5|          16|           5|
    |mul_ln1118_83_fu_643_p2     |     *    |      1|  0|   5|          16|           9|
    |mul_ln1118_84_fu_573_p2     |     *    |      1|  0|   5|          16|           9|
    |mul_ln1118_85_fu_596_p2     |     *    |      1|  0|   5|          16|           9|
    |mul_ln1118_86_fu_675_p2     |     *    |      1|  0|   5|          16|          11|
    |mul_ln1118_87_fu_694_p2     |     *    |      1|  0|   5|          16|           8|
    |mul_ln1118_88_fu_672_p2     |     *    |      1|  0|   5|          16|           9|
    |mul_ln1118_89_fu_513_p2     |     *    |      1|  0|   5|          16|          11|
    |mul_ln1118_90_fu_624_p2     |     *    |      1|  0|   5|          16|          10|
    |mul_ln1118_91_fu_696_p2     |     *    |      1|  0|   5|          16|           9|
    |mul_ln1118_92_fu_697_p2     |     *    |      1|  0|   5|          16|           8|
    |mul_ln1118_93_fu_562_p2     |     *    |      1|  0|   5|          16|           6|
    |mul_ln1118_94_fu_636_p2     |     *    |      1|  0|   5|          16|           9|
    |mul_ln1118_95_fu_555_p2     |     *    |      1|  0|   5|          16|           8|
    |mul_ln1118_96_fu_606_p2     |     *    |      1|  0|   5|          16|           7|
    |mul_ln1118_97_fu_666_p2     |     *    |      1|  0|   5|          16|          10|
    |mul_ln1118_98_fu_677_p2     |     *    |      1|  0|   5|          16|           9|
    |mul_ln1118_99_fu_613_p2     |     *    |      1|  0|   5|          16|           7|
    |mul_ln1118_fu_518_p2        |     *    |      1|  0|   5|          16|          10|
    |acc_0_V_fu_121235_p2        |     +    |      0|  0|  16|          16|           7|
    |acc_10_V_fu_122300_p2       |     +    |      0|  0|  16|          16|           8|
    |acc_11_V_fu_122310_p2       |     +    |      0|  0|  16|          16|           6|
    |acc_12_V_fu_122320_p2       |     +    |      0|  0|  16|          16|           9|
    |acc_13_V_fu_121908_p2       |     +    |      0|  0|  16|          16|           7|
    |acc_14_V_fu_121961_p2       |     +    |      0|  0|  16|          16|           7|
    |acc_15_V_fu_122017_p2       |     +    |      0|  0|  16|          16|           8|
    |acc_16_V_fu_122075_p2       |     +    |      0|  0|  16|          16|           8|
    |acc_17_V_fu_122166_p2       |     +    |      0|  0|  16|          16|          16|
    |acc_18_V_fu_122330_p2       |     +    |      0|  0|  16|          16|           8|
    |acc_19_V_fu_122260_p2       |     +    |      0|  0|  16|          16|           8|
    |acc_1_V_fu_121288_p2        |     +    |      0|  0|  16|          16|           6|
    |acc_2_V_fu_121348_p2        |     +    |      0|  0|  16|          16|           8|
    |acc_3_V_fu_121401_p2        |     +    |      0|  0|  16|          16|           7|
    |acc_4_V_fu_122270_p2        |     +    |      0|  0|  16|          16|           9|
    |acc_5_V_fu_121494_p2        |     +    |      0|  0|  16|          16|           7|
    |acc_6_V_fu_122280_p2        |     +    |      0|  0|  16|          16|           9|
    |acc_7_V_fu_121594_p2        |     +    |      0|  0|  16|          16|           4|
    |acc_8_V_fu_122290_p2        |     +    |      0|  0|  16|          16|           6|
    |acc_9_V_fu_121710_p2        |     +    |      0|  0|  16|          16|           9|
    |add_ln1118_10_fu_119055_p2  |     +    |      0|  0|  21|          21|          21|
    |add_ln1118_11_fu_119245_p2  |     +    |      0|  0|  24|          24|          24|
    |add_ln1118_12_fu_119724_p2  |     +    |      0|  0|  23|          23|          23|
    |add_ln1118_13_fu_120367_p2  |     +    |      0|  0|  21|          21|          21|
    |add_ln1118_14_fu_120975_p2  |     +    |      0|  0|  23|          23|          23|
    |add_ln1118_15_fu_121020_p2  |     +    |      0|  0|  20|          20|          20|
    |add_ln1118_16_fu_121110_p2  |     +    |      0|  0|  21|          21|          21|
    |add_ln1118_8_fu_118612_p2   |     +    |      0|  0|  21|          21|          21|
    |add_ln1118_9_fu_118921_p2   |     +    |      0|  0|  23|          23|          23|
    |add_ln1118_fu_117801_p2     |     +    |      0|  0|  22|          22|          22|
    |add_ln703_124_fu_121191_p2  |     +    |      0|  0|  16|          16|          16|
    |add_ln703_125_fu_121197_p2  |     +    |      0|  0|  16|          16|          16|
    |add_ln703_126_fu_121202_p2  |     +    |      0|  0|  16|          16|          16|
    |add_ln703_127_fu_121208_p2  |     +    |      0|  0|  16|          16|          16|
    |add_ln703_128_fu_121213_p2  |     +    |      0|  0|  16|          16|          16|
    |add_ln703_129_fu_121218_p2  |     +    |      0|  0|  16|          16|          16|
    |add_ln703_130_fu_121223_p2  |     +    |      0|  0|  16|          16|          16|
    |add_ln703_131_fu_121229_p2  |     +    |      0|  0|  16|          16|          16|
    |add_ln703_133_fu_121241_p2  |     +    |      0|  0|  16|          16|          16|
    |add_ln703_134_fu_121245_p2  |     +    |      0|  0|  16|          16|          16|
    |add_ln703_135_fu_121251_p2  |     +    |      0|  0|  16|          16|          16|
    |add_ln703_136_fu_121257_p2  |     +    |      0|  0|  16|          16|          16|
    |add_ln703_137_fu_121263_p2  |     +    |      0|  0|  16|          16|          16|
    |add_ln703_138_fu_121267_p2  |     +    |      0|  0|  16|          16|          16|
    |add_ln703_139_fu_121272_p2  |     +    |      0|  0|  16|          16|          16|
    |add_ln703_140_fu_121276_p2  |     +    |      0|  0|  16|          16|          16|
    |add_ln703_141_fu_121282_p2  |     +    |      0|  0|  16|          16|          16|
    |add_ln703_143_fu_121294_p2  |     +    |      0|  0|  16|          16|          16|
    |add_ln703_144_fu_121299_p2  |     +    |      0|  0|  16|          16|          16|
    |add_ln703_145_fu_121304_p2  |     +    |      0|  0|  16|          16|          16|
    |add_ln703_146_fu_121308_p2  |     +    |      0|  0|  16|          16|          16|
    |add_ln703_147_fu_121314_p2  |     +    |      0|  0|  16|          16|          16|
    |add_ln703_148_fu_121319_p2  |     +    |      0|  0|  16|          16|          16|
    |add_ln703_149_fu_121325_p2  |     +    |      0|  0|  16|          16|          16|
    |add_ln703_150_fu_121331_p2  |     +    |      0|  0|  16|          16|           5|
    |add_ln703_151_fu_121336_p2  |     +    |      0|  0|  16|          16|          16|
    |add_ln703_152_fu_121342_p2  |     +    |      0|  0|  16|          16|          16|
    |add_ln703_154_fu_121354_p2  |     +    |      0|  0|  16|          16|          16|
    |add_ln703_155_fu_121358_p2  |     +    |      0|  0|  16|          16|          16|
    |add_ln703_156_fu_121363_p2  |     +    |      0|  0|  16|          16|          16|
    |add_ln703_157_fu_121368_p2  |     +    |      0|  0|  16|          16|          16|
    |add_ln703_158_fu_121374_p2  |     +    |      0|  0|  16|          16|          16|
    |add_ln703_159_fu_121379_p2  |     +    |      0|  0|  16|          16|          16|
    |add_ln703_160_fu_121385_p2  |     +    |      0|  0|  16|          16|          16|
    |add_ln703_161_fu_121389_p2  |     +    |      0|  0|  16|          16|          16|
    |add_ln703_162_fu_121395_p2  |     +    |      0|  0|  16|          16|          16|
    |add_ln703_164_fu_121407_p2  |     +    |      0|  0|  16|          16|          16|
    |add_ln703_165_fu_121411_p2  |     +    |      0|  0|  16|          16|          16|
    |add_ln703_166_fu_121416_p2  |     +    |      0|  0|  16|          16|          16|
    |add_ln703_167_fu_121420_p2  |     +    |      0|  0|  16|          16|          16|
    |add_ln703_168_fu_121426_p2  |     +    |      0|  0|  16|          16|          16|
    |add_ln703_169_fu_121430_p2  |     +    |      0|  0|  16|          16|          16|
    |add_ln703_170_fu_121436_p2  |     +    |      0|  0|  16|          16|          16|
    |add_ln703_171_fu_121440_p2  |     +    |      0|  0|  16|          16|          16|
    |add_ln703_172_fu_122266_p2  |     +    |      0|  0|  16|          16|          16|
    |add_ln703_174_fu_121445_p2  |     +    |      0|  0|  16|          16|          16|
    |add_ln703_175_fu_121450_p2  |     +    |      0|  0|  16|          16|          16|
    |add_ln703_176_fu_121456_p2  |     +    |      0|  0|  16|          16|          16|
    |add_ln703_177_fu_121461_p2  |     +    |      0|  0|  16|          16|          16|
    |add_ln703_178_fu_121467_p2  |     +    |      0|  0|  16|          16|          16|
    |add_ln703_179_fu_121471_p2  |     +    |      0|  0|  16|          16|          16|
    |add_ln703_180_fu_121477_p2  |     +    |      0|  0|  16|          16|          16|
    |add_ln703_181_fu_121482_p2  |     +    |      0|  0|  16|          16|          16|
    |add_ln703_182_fu_121488_p2  |     +    |      0|  0|  16|          16|          16|
    |add_ln703_184_fu_121500_p2  |     +    |      0|  0|  16|          16|          16|
    |add_ln703_185_fu_121505_p2  |     +    |      0|  0|  16|          16|          16|
    |add_ln703_186_fu_121511_p2  |     +    |      0|  0|  16|          16|          16|
    |add_ln703_187_fu_121516_p2  |     +    |      0|  0|  16|          16|          16|
    |add_ln703_188_fu_121522_p2  |     +    |      0|  0|  16|          16|          16|
    |add_ln703_189_fu_121528_p2  |     +    |      0|  0|  16|          16|          16|
    |add_ln703_190_fu_121534_p2  |     +    |      0|  0|  16|          16|          16|
    |add_ln703_191_fu_121538_p2  |     +    |      0|  0|  16|          16|          16|
    |add_ln703_192_fu_122276_p2  |     +    |      0|  0|  16|          16|          16|
    |add_ln703_194_fu_121544_p2  |     +    |      0|  0|  16|          16|          16|
    |add_ln703_195_fu_121549_p2  |     +    |      0|  0|  16|          16|          16|
    |add_ln703_196_fu_121555_p2  |     +    |      0|  0|  16|          16|          16|
    |add_ln703_197_fu_121561_p2  |     +    |      0|  0|  16|          16|          16|
    |add_ln703_198_fu_121567_p2  |     +    |      0|  0|  16|          16|          16|
    |add_ln703_199_fu_121571_p2  |     +    |      0|  0|  16|          16|          16|
    |add_ln703_200_fu_121577_p2  |     +    |      0|  0|  16|          16|          16|
    |add_ln703_201_fu_121582_p2  |     +    |      0|  0|  16|          16|          16|
    |add_ln703_202_fu_121588_p2  |     +    |      0|  0|  16|          16|          16|
    |add_ln703_204_fu_121600_p2  |     +    |      0|  0|  16|          16|          16|
    |add_ln703_205_fu_121605_p2  |     +    |      0|  0|  16|          16|          16|
    |add_ln703_206_fu_121610_p2  |     +    |      0|  0|  16|          16|          16|
    |add_ln703_207_fu_121615_p2  |     +    |      0|  0|  16|          16|          16|
    |add_ln703_208_fu_121621_p2  |     +    |      0|  0|  16|          16|          16|
    |add_ln703_209_fu_121626_p2  |     +    |      0|  0|  16|          16|          16|
    |add_ln703_210_fu_121630_p2  |     +    |      0|  0|  16|          16|          16|
    |add_ln703_211_fu_121638_p2  |     +    |      0|  0|  16|          16|          16|
    |add_ln703_212_fu_122286_p2  |     +    |      0|  0|  16|          16|          16|
    |add_ln703_214_fu_121644_p2  |     +    |      0|  0|  16|          16|          16|
    |add_ln703_215_fu_121650_p2  |     +    |      0|  0|  16|          16|          16|
    |add_ln703_216_fu_121656_p2  |     +    |      0|  0|  16|          16|          16|
    |add_ln703_217_fu_121662_p2  |     +    |      0|  0|  16|          16|          16|
    |add_ln703_218_fu_121668_p2  |     +    |      0|  0|  16|          16|          16|
    |add_ln703_219_fu_121672_p2  |     +    |      0|  0|  16|          16|          16|
    |add_ln703_220_fu_121677_p2  |     +    |      0|  0|  16|          16|           6|
    |add_ln703_221_fu_121682_p2  |     +    |      0|  0|  16|          16|          16|
    |add_ln703_222_fu_121688_p2  |     +    |      0|  0|   9|           9|           6|
    |add_ln703_223_fu_121698_p2  |     +    |      0|  0|  16|          16|          16|
    |add_ln703_224_fu_121704_p2  |     +    |      0|  0|  16|          16|          16|
    |add_ln703_226_fu_121716_p2  |     +    |      0|  0|  16|          16|          16|
    |add_ln703_227_fu_121721_p2  |     +    |      0|  0|  16|          16|          16|
    |add_ln703_228_fu_121726_p2  |     +    |      0|  0|  16|          16|          16|
    |add_ln703_229_fu_121731_p2  |     +    |      0|  0|  16|          16|          16|
    |add_ln703_230_fu_121737_p2  |     +    |      0|  0|  16|          16|          16|
    |add_ln703_231_fu_121743_p2  |     +    |      0|  0|  16|          16|          16|
    |add_ln703_232_fu_121749_p2  |     +    |      0|  0|  16|          16|          16|
    |add_ln703_233_fu_121753_p2  |     +    |      0|  0|  16|          16|          16|
    |add_ln703_234_fu_122296_p2  |     +    |      0|  0|  16|          16|          16|
    |add_ln703_236_fu_121758_p2  |     +    |      0|  0|  16|          16|          16|
    |add_ln703_237_fu_121763_p2  |     +    |      0|  0|  16|          16|          16|
    |add_ln703_238_fu_121768_p2  |     +    |      0|  0|  16|          16|          16|
    |add_ln703_239_fu_121774_p2  |     +    |      0|  0|  16|          16|          16|
    |add_ln703_240_fu_121780_p2  |     +    |      0|  0|  16|          16|          16|
    |add_ln703_241_fu_121785_p2  |     +    |      0|  0|  16|          16|          16|
    |add_ln703_242_fu_121789_p2  |     +    |      0|  0|  16|          16|          16|
    |add_ln703_243_fu_121795_p2  |     +    |      0|  0|  16|          16|           2|
    |add_ln703_244_fu_121800_p2  |     +    |      0|  0|  16|          16|          16|
    |add_ln703_245_fu_122306_p2  |     +    |      0|  0|  16|          16|          16|
    |add_ln703_247_fu_121806_p2  |     +    |      0|  0|  16|          16|          16|
    |add_ln703_248_fu_121811_p2  |     +    |      0|  0|  16|          16|          16|
    |add_ln703_249_fu_121817_p2  |     +    |      0|  0|  15|          15|          15|
    |add_ln703_250_fu_121827_p2  |     +    |      0|  0|  16|          16|          16|
    |add_ln703_251_fu_121833_p2  |     +    |      0|  0|  16|          16|          16|
    |add_ln703_252_fu_121839_p2  |     +    |      0|  0|  16|          16|          16|
    |add_ln703_253_fu_121845_p2  |     +    |      0|  0|  16|          16|          16|
    |add_ln703_254_fu_121850_p2  |     +    |      0|  0|  16|          16|           7|
    |add_ln703_255_fu_121856_p2  |     +    |      0|  0|  16|          16|          16|
    |add_ln703_256_fu_122316_p2  |     +    |      0|  0|  16|          16|          16|
    |add_ln703_258_fu_121862_p2  |     +    |      0|  0|  16|          16|          16|
    |add_ln703_259_fu_121866_p2  |     +    |      0|  0|  16|          16|          16|
    |add_ln703_260_fu_121871_p2  |     +    |      0|  0|  16|          16|          16|
    |add_ln703_261_fu_121876_p2  |     +    |      0|  0|  16|          16|          16|
    |add_ln703_262_fu_121882_p2  |     +    |      0|  0|  16|          16|          16|
    |add_ln703_263_fu_121887_p2  |     +    |      0|  0|  16|          16|          16|
    |add_ln703_264_fu_121892_p2  |     +    |      0|  0|  16|          16|          16|
    |add_ln703_265_fu_121896_p2  |     +    |      0|  0|  16|          16|          16|
    |add_ln703_266_fu_121902_p2  |     +    |      0|  0|  16|          16|          16|
    |add_ln703_268_fu_121914_p2  |     +    |      0|  0|  16|          16|          16|
    |add_ln703_269_fu_121918_p2  |     +    |      0|  0|  16|          16|          16|
    |add_ln703_270_fu_121923_p2  |     +    |      0|  0|  16|          16|          16|
    |add_ln703_271_fu_121929_p2  |     +    |      0|  0|  16|          16|          16|
    |add_ln703_272_fu_121935_p2  |     +    |      0|  0|  16|          16|          16|
    |add_ln703_273_fu_121940_p2  |     +    |      0|  0|  16|          16|          16|
    |add_ln703_274_fu_121945_p2  |     +    |      0|  0|  16|          16|          16|
    |add_ln703_275_fu_121949_p2  |     +    |      0|  0|  16|          16|          16|
    |add_ln703_276_fu_121955_p2  |     +    |      0|  0|  16|          16|          16|
    |add_ln703_278_fu_121967_p2  |     +    |      0|  0|  16|          16|          16|
    |add_ln703_279_fu_121972_p2  |     +    |      0|  0|  16|          16|          16|
    |add_ln703_280_fu_121978_p2  |     +    |      0|  0|  16|          16|          16|
    |add_ln703_281_fu_121982_p2  |     +    |      0|  0|  16|          16|          16|
    |add_ln703_282_fu_121988_p2  |     +    |      0|  0|  16|          16|          16|
    |add_ln703_283_fu_121994_p2  |     +    |      0|  0|  16|          16|          16|
    |add_ln703_284_fu_121999_p2  |     +    |      0|  0|  16|          16|          16|
    |add_ln703_285_fu_122005_p2  |     +    |      0|  0|  16|          16|          16|
    |add_ln703_286_fu_122011_p2  |     +    |      0|  0|  16|          16|          16|
    |add_ln703_288_fu_122023_p2  |     +    |      0|  0|  16|          16|          16|
    |add_ln703_289_fu_122027_p2  |     +    |      0|  0|  16|          16|          16|
    |add_ln703_290_fu_122032_p2  |     +    |      0|  0|  16|          16|          16|
    |add_ln703_291_fu_122037_p2  |     +    |      0|  0|  16|          16|          16|
    |add_ln703_292_fu_122043_p2  |     +    |      0|  0|  16|          16|          16|
    |add_ln703_293_fu_122048_p2  |     +    |      0|  0|  16|          16|          16|
    |add_ln703_294_fu_122053_p2  |     +    |      0|  0|  15|          15|          15|
    |add_ln703_295_fu_122063_p2  |     +    |      0|  0|  16|          16|          16|
    |add_ln703_296_fu_122069_p2  |     +    |      0|  0|  16|          16|          16|
    |add_ln703_298_fu_122081_p2  |     +    |      0|  0|  16|          16|          16|
    |add_ln703_299_fu_122086_p2  |     +    |      0|  0|  16|          16|          16|
    |add_ln703_300_fu_122091_p2  |     +    |      0|  0|  16|          16|          16|
    |add_ln703_301_fu_122096_p2  |     +    |      0|  0|  16|          16|          16|
    |add_ln703_302_fu_122102_p2  |     +    |      0|  0|  16|          16|           9|
    |add_ln703_303_fu_122108_p2  |     +    |      0|  0|  16|          16|          16|
    |add_ln703_304_fu_122112_p2  |     +    |      0|  0|  16|          16|          16|
    |add_ln703_305_fu_122118_p2  |     +    |      0|  0|  14|          14|           7|
    |add_ln703_306_fu_122128_p2  |     +    |      0|  0|  16|          16|          16|
    |add_ln703_307_fu_122134_p2  |     +    |      0|  0|  16|          16|           7|
    |add_ln703_308_fu_122140_p2  |     +    |      0|  0|  10|          10|           6|
    |add_ln703_309_fu_122150_p2  |     +    |      0|  0|  15|          15|           9|
    |add_ln703_310_fu_122160_p2  |     +    |      0|  0|  16|          16|          16|
    |add_ln703_312_fu_122172_p2  |     +    |      0|  0|  16|          16|          16|
    |add_ln703_313_fu_122176_p2  |     +    |      0|  0|  16|          16|          16|
    |add_ln703_314_fu_122182_p2  |     +    |      0|  0|  16|          16|          16|
    |add_ln703_315_fu_122186_p2  |     +    |      0|  0|  16|          16|          16|
    |add_ln703_316_fu_122192_p2  |     +    |      0|  0|  16|          16|          16|
    |add_ln703_317_fu_122196_p2  |     +    |      0|  0|  16|          16|          16|
    |add_ln703_318_fu_122202_p2  |     +    |      0|  0|  16|          16|          16|
    |add_ln703_319_fu_122206_p2  |     +    |      0|  0|  16|          16|          16|
    |add_ln703_320_fu_122326_p2  |     +    |      0|  0|  16|          16|          16|
    |add_ln703_322_fu_122212_p2  |     +    |      0|  0|  16|          16|          16|
    |add_ln703_323_fu_122217_p2  |     +    |      0|  0|  16|          16|          16|
    |add_ln703_324_fu_122222_p2  |     +    |      0|  0|  16|          16|          16|
    |add_ln703_325_fu_122228_p2  |     +    |      0|  0|  16|          16|          16|
    |add_ln703_326_fu_120531_p2  |     +    |      0|  0|  16|          16|          16|
    |add_ln703_327_fu_122234_p2  |     +    |      0|  0|  16|          16|          16|
    |add_ln703_328_fu_122238_p2  |     +    |      0|  0|  15|          15|          15|
    |add_ln703_329_fu_122248_p2  |     +    |      0|  0|  16|          16|          16|
    |add_ln703_330_fu_122254_p2  |     +    |      0|  0|  16|          16|          16|
    |add_ln703_fu_121186_p2      |     +    |      0|  0|  16|          16|          16|
    |sub_ln1118_29_fu_117833_p2  |     -    |      0|  0|  16|          22|          22|
    |sub_ln1118_30_fu_120571_p2  |     -    |      0|  0|  24|          24|          24|
    |sub_ln1118_31_fu_117891_p2  |     -    |      0|  0|  23|          23|          23|
    |sub_ln1118_32_fu_117967_p2  |     -    |      0|  0|  23|          23|          23|
    |sub_ln1118_33_fu_118045_p2  |     -    |      0|  0|  16|           1|          23|
    |sub_ln1118_34_fu_118063_p2  |     -    |      0|  0|  16|          23|          23|
    |sub_ln1118_35_fu_118101_p2  |     -    |      0|  0|  22|          22|          22|
    |sub_ln1118_36_fu_118163_p2  |     -    |      0|  0|  23|          23|          23|
    |sub_ln1118_37_fu_118221_p2  |     -    |      0|  0|  22|          22|          22|
    |sub_ln1118_38_fu_118237_p2  |     -    |      0|  0|  19|          19|          19|
    |sub_ln1118_39_fu_118396_p2  |     -    |      0|  0|  16|           1|          22|
    |sub_ln1118_40_fu_118414_p2  |     -    |      0|  0|  16|          22|          22|
    |sub_ln1118_41_fu_118482_p2  |     -    |      0|  0|  24|          24|          24|
    |sub_ln1118_42_fu_118739_p2  |     -    |      0|  0|  18|           1|          18|
    |sub_ln1118_43_fu_118797_p2  |     -    |      0|  0|  16|           1|          24|
    |sub_ln1118_44_fu_118803_p2  |     -    |      0|  0|  16|          24|          24|
    |sub_ln1118_45_fu_118863_p2  |     -    |      0|  0|  24|          24|          24|
    |sub_ln1118_46_fu_119121_p2  |     -    |      0|  0|  16|           1|          21|
    |sub_ln1118_47_fu_119139_p2  |     -    |      0|  0|  16|          21|          21|
    |sub_ln1118_48_fu_119167_p2  |     -    |      0|  0|  22|          22|          22|
    |sub_ln1118_49_fu_119386_p2  |     -    |      0|  0|  16|           1|          21|
    |sub_ln1118_50_fu_119412_p2  |     -    |      0|  0|  16|          21|          21|
    |sub_ln1118_51_fu_119448_p2  |     -    |      0|  0|  18|           1|          18|
    |sub_ln1118_52_fu_119486_p2  |     -    |      0|  0|  24|          24|          24|
    |sub_ln1118_53_fu_119518_p2  |     -    |      0|  0|  19|           1|          19|
    |sub_ln1118_54_fu_119534_p2  |     -    |      0|  0|  24|          24|          24|
    |sub_ln1118_55_fu_119656_p2  |     -    |      0|  0|  20|          20|          20|
    |sub_ln1118_56_fu_119822_p2  |     -    |      0|  0|  19|          19|          19|
    |sub_ln1118_57_fu_120748_p2  |     -    |      0|  0|  16|           1|          19|
    |sub_ln1118_58_fu_120754_p2  |     -    |      0|  0|  16|          19|          19|
    |sub_ln1118_59_fu_120796_p2  |     -    |      0|  0|  24|          24|          24|
    |sub_ln1118_60_fu_120841_p2  |     -    |      0|  0|  23|          23|          23|
    |sub_ln1118_61_fu_120870_p2  |     -    |      0|  0|  16|           1|          24|
    |sub_ln1118_62_fu_120876_p2  |     -    |      0|  0|  16|          24|          24|
    |sub_ln1118_63_fu_120161_p2  |     -    |      0|  0|  22|          22|          22|
    |sub_ln1118_64_fu_120225_p2  |     -    |      0|  0|  21|          21|          21|
    |sub_ln1118_65_fu_120273_p2  |     -    |      0|  0|  24|          24|          24|
    |sub_ln1118_66_fu_120319_p2  |     -    |      0|  0|  22|           1|          22|
    |sub_ln1118_67_fu_120351_p2  |     -    |      0|  0|  22|          22|          22|
    |sub_ln1118_68_fu_120393_p2  |     -    |      0|  0|  22|          22|          22|
    |sub_ln1118_69_fu_120938_p2  |     -    |      0|  0|  16|           1|          19|
    |sub_ln1118_70_fu_120944_p2  |     -    |      0|  0|  16|          19|          19|
    |sub_ln1118_71_fu_121055_p2  |     -    |      0|  0|  23|          23|          23|
    |sub_ln1118_72_fu_121089_p2  |     -    |      0|  0|  16|           1|          24|
    |sub_ln1118_73_fu_121095_p2  |     -    |      0|  0|  16|          24|          24|
    |sub_ln1118_74_fu_121141_p2  |     -    |      0|  0|  16|           1|          22|
    |sub_ln1118_75_fu_121147_p2  |     -    |      0|  0|  16|          22|          22|
    |sub_ln1118_76_fu_121170_p2  |     -    |      0|  0|  24|          24|          24|
    |sub_ln1118_fu_117827_p2     |     -    |      0|  0|  16|           1|          22|
    +----------------------------+----------+-------+---+----+------------+------------+
    |Total                       |          |    145|  0|5216|        6638|        5509|
    +----------------------------+----------+-------+---+----+------------+------------+

    * Multiplexer: 
    +-----------+----+-----------+-----+-----------+
    |    Name   | LUT| Input Size| Bits| Total Bits|
    +-----------+----+-----------+-----+-----------+
    |ap_NS_fsm  |  21|          4|    1|          4|
    +-----------+----+-----------+-----+-----------+
    |Total      |  21|          4|    1|          4|
    +-----------+----+-----------+-----+-----------+

    * Register: 
    +----------------------------+----+----+-----+-----------+
    |            Name            | FF | LUT| Bits| Const Bits|
    +----------------------------+----+----+-----+-----------+
    |acc_0_V_reg_123388          |  16|   0|   16|          0|
    |acc_13_V_reg_123483         |  16|   0|   16|          0|
    |acc_14_V_reg_123488         |  16|   0|   16|          0|
    |acc_15_V_reg_123493         |  16|   0|   16|          0|
    |acc_16_V_reg_123498         |  16|   0|   16|          0|
    |acc_17_V_reg_123503         |  16|   0|   16|          0|
    |acc_19_V_reg_123518         |  16|   0|   16|          0|
    |acc_1_V_reg_123393          |  16|   0|   16|          0|
    |acc_2_V_reg_123398          |  16|   0|   16|          0|
    |acc_3_V_reg_123403          |  16|   0|   16|          0|
    |acc_5_V_reg_123418          |  16|   0|   16|          0|
    |acc_7_V_reg_123433          |  16|   0|   16|          0|
    |acc_9_V_reg_123448          |  16|   0|   16|          0|
    |add_ln703_169_reg_123408    |  16|   0|   16|          0|
    |add_ln703_171_reg_123413    |  16|   0|   16|          0|
    |add_ln703_189_reg_123423    |  16|   0|   16|          0|
    |add_ln703_191_reg_123428    |  16|   0|   16|          0|
    |add_ln703_208_reg_123438    |  16|   0|   16|          0|
    |add_ln703_211_reg_123443    |  16|   0|   16|          0|
    |add_ln703_231_reg_123453    |  16|   0|   16|          0|
    |add_ln703_233_reg_123458    |  16|   0|   16|          0|
    |add_ln703_240_reg_123463    |  16|   0|   16|          0|
    |add_ln703_244_reg_123468    |  16|   0|   16|          0|
    |add_ln703_251_reg_123473    |  16|   0|   16|          0|
    |add_ln703_255_reg_123478    |  16|   0|   16|          0|
    |add_ln703_317_reg_123508    |  16|   0|   16|          0|
    |add_ln703_319_reg_123513    |  16|   0|   16|          0|
    |add_ln703_326_reg_123383    |  16|   0|   16|          0|
    |ap_CS_fsm                   |   3|   0|    3|          0|
    |data_0_V_read_7_reg_122465  |  16|   0|   16|          0|
    |data_7_V_read_7_reg_122455  |  16|   0|   16|          0|
    |data_9_V_read_7_reg_122443  |  16|   0|   16|          0|
    |mult_0_V_reg_122471         |  16|   0|   16|          0|
    |mult_100_V_reg_122942       |  16|   0|   16|          0|
    |mult_101_V_reg_122947       |  16|   0|   16|          0|
    |mult_102_V_reg_122952       |  16|   0|   16|          0|
    |mult_103_V_reg_122957       |  16|   0|   16|          0|
    |mult_104_V_reg_122962       |  16|   0|   16|          0|
    |mult_106_V_reg_122972       |  16|   0|   16|          0|
    |mult_107_V_reg_122977       |  16|   0|   16|          0|
    |mult_110_V_reg_122992       |  16|   0|   16|          0|
    |mult_111_V_reg_122997       |  16|   0|   16|          0|
    |mult_113_V_reg_123007       |  16|   0|   16|          0|
    |mult_114_V_reg_123012       |  16|   0|   16|          0|
    |mult_116_V_reg_123022       |  16|   0|   16|          0|
    |mult_118_V_reg_123032       |  16|   0|   16|          0|
    |mult_119_V_reg_123037       |  16|   0|   16|          0|
    |mult_11_V_reg_122521        |  16|   0|   16|          0|
    |mult_121_V_reg_123047       |  16|   0|   16|          0|
    |mult_123_V_reg_123057       |  16|   0|   16|          0|
    |mult_124_V_reg_123062       |  16|   0|   16|          0|
    |mult_125_V_reg_123067       |  16|   0|   16|          0|
    |mult_126_V_reg_123072       |  16|   0|   16|          0|
    |mult_128_V_reg_123082       |  16|   0|   16|          0|
    |mult_129_V_reg_123087       |  16|   0|   16|          0|
    |mult_130_V_reg_123092       |  16|   0|   16|          0|
    |mult_131_V_reg_123097       |  16|   0|   16|          0|
    |mult_133_V_reg_123107       |  16|   0|   16|          0|
    |mult_134_V_reg_123112       |  16|   0|   16|          0|
    |mult_138_V_reg_123132       |  16|   0|   16|          0|
    |mult_13_V_reg_122531        |  16|   0|   16|          0|
    |mult_140_V_reg_123142       |  16|   0|   16|          0|
    |mult_142_V_reg_123152       |  16|   0|   16|          0|
    |mult_144_V_reg_123162       |  16|   0|   16|          0|
    |mult_145_V_reg_123167       |  16|   0|   16|          0|
    |mult_146_V_reg_123172       |  16|   0|   16|          0|
    |mult_14_V_reg_122536        |  16|   0|   16|          0|
    |mult_150_V_reg_123182       |  16|   0|   16|          0|
    |mult_155_V_reg_123202       |  16|   0|   16|          0|
    |mult_157_V_reg_123207       |  16|   0|   16|          0|
    |mult_158_V_reg_123212       |  16|   0|   16|          0|
    |mult_15_V_reg_122541        |  16|   0|   16|          0|
    |mult_160_V_reg_123222       |  16|   0|   16|          0|
    |mult_161_V_reg_123227       |  16|   0|   16|          0|
    |mult_162_V_reg_123232       |  16|   0|   16|          0|
    |mult_163_V_reg_123237       |  16|   0|   16|          0|
    |mult_164_V_reg_123242       |  16|   0|   16|          0|
    |mult_166_V_reg_123252       |  16|   0|   16|          0|
    |mult_167_V_reg_123257       |  16|   0|   16|          0|
    |mult_169_V_reg_123267       |  16|   0|   16|          0|
    |mult_16_V_reg_122546        |  16|   0|   16|          0|
    |mult_170_V_reg_123272       |  16|   0|   16|          0|
    |mult_171_V_reg_123277       |  16|   0|   16|          0|
    |mult_173_V_reg_123287       |  16|   0|   16|          0|
    |mult_174_V_reg_123292       |  16|   0|   16|          0|
    |mult_178_V_reg_123312       |  16|   0|   16|          0|
    |mult_182_V_reg_123337       |  16|   0|   16|          0|
    |mult_183_V_reg_123342       |  16|   0|   16|          0|
    |mult_184_V_reg_123348       |  16|   0|   16|          0|
    |mult_188_V_reg_123353       |  16|   0|   16|          0|
    |mult_18_V_reg_122556        |  16|   0|   16|          0|
    |mult_193_V_reg_123363       |  16|   0|   16|          0|
    |mult_196_V_reg_123368       |  16|   0|   16|          0|
    |mult_198_V_reg_123378       |  16|   0|   16|          0|
    |mult_19_V_reg_122561        |  16|   0|   16|          0|
    |mult_1_V_reg_122476         |  16|   0|   16|          0|
    |mult_21_V_reg_122571        |  16|   0|   16|          0|
    |mult_23_V_reg_122581        |  16|   0|   16|          0|
    |mult_24_V_reg_122586        |  16|   0|   16|          0|
    |mult_25_V_reg_122591        |  16|   0|   16|          0|
    |mult_28_V_reg_122606        |  16|   0|   16|          0|
    |mult_2_V_reg_122481         |  16|   0|   16|          0|
    |mult_32_V_reg_122626        |  16|   0|   16|          0|
    |mult_33_V_reg_122631        |  16|   0|   16|          0|
    |mult_34_V_reg_122636        |  16|   0|   16|          0|
    |mult_35_V_reg_122641        |  16|   0|   16|          0|
    |mult_36_V_reg_122646        |  16|   0|   16|          0|
    |mult_37_V_reg_122651        |  16|   0|   16|          0|
    |mult_38_V_reg_122656        |  16|   0|   16|          0|
    |mult_41_V_reg_122671        |  16|   0|   16|          0|
    |mult_43_V_reg_122681        |  16|   0|   16|          0|
    |mult_44_V_reg_122686        |  16|   0|   16|          0|
    |mult_45_V_reg_122691        |  16|   0|   16|          0|
    |mult_47_V_reg_122701        |  16|   0|   16|          0|
    |mult_48_V_reg_122706        |  16|   0|   16|          0|
    |mult_49_V_reg_122711        |  16|   0|   16|          0|
    |mult_4_V_reg_122491         |  16|   0|   16|          0|
    |mult_52_V_reg_122726        |  16|   0|   16|          0|
    |mult_53_V_reg_122731        |  16|   0|   16|          0|
    |mult_56_V_reg_122742        |  16|   0|   16|          0|
    |mult_58_V_reg_122747        |  16|   0|   16|          0|
    |mult_62_V_reg_122762        |  16|   0|   16|          0|
    |mult_63_V_reg_122767        |  16|   0|   16|          0|
    |mult_64_V_reg_122772        |  16|   0|   16|          0|
    |mult_68_V_reg_122792        |  16|   0|   16|          0|
    |mult_70_V_reg_122797        |  16|   0|   16|          0|
    |mult_71_V_reg_122802        |  16|   0|   16|          0|
    |mult_73_V_reg_122812        |  16|   0|   16|          0|
    |mult_74_V_reg_122817        |  16|   0|   16|          0|
    |mult_76_V_reg_122827        |  16|   0|   16|          0|
    |mult_77_V_reg_122832        |  16|   0|   16|          0|
    |mult_79_V_reg_122842        |  16|   0|   16|          0|
    |mult_80_V_reg_122847        |  16|   0|   16|          0|
    |mult_81_V_reg_122852        |  16|   0|   16|          0|
    |mult_84_V_reg_122867        |  16|   0|   16|          0|
    |mult_85_V_reg_122872        |  16|   0|   16|          0|
    |mult_87_V_reg_122882        |  16|   0|   16|          0|
    |mult_88_V_reg_122887        |  16|   0|   16|          0|
    |mult_89_V_reg_122892        |  16|   0|   16|          0|
    |mult_8_V_reg_122511         |  16|   0|   16|          0|
    |mult_90_V_reg_122897        |  16|   0|   16|          0|
    |mult_91_V_reg_122902        |  16|   0|   16|          0|
    |mult_94_V_reg_122917        |  16|   0|   16|          0|
    |mult_97_V_reg_122932        |  16|   0|   16|          0|
    |sext_ln1118_164_reg_123322  |  24|   0|   24|          0|
    |sext_ln1118_165_reg_123327  |  23|   0|   23|          0|
    |tmp_10_reg_123137           |  14|   0|   14|          0|
    |tmp_11_reg_123187           |  14|   0|   14|          0|
    |tmp_12_reg_123262           |  13|   0|   13|          0|
    |tmp_13_reg_123302           |  14|   0|   14|          0|
    |tmp_14_reg_123307           |  13|   0|   13|          0|
    |tmp_15_reg_123317           |  14|   0|   14|          0|
    |tmp_9_reg_123122            |  14|   0|   14|          0|
    |trunc_ln708_27_reg_122501   |  15|   0|   15|          0|
    |trunc_ln708_28_reg_122506   |  15|   0|   15|          0|
    |trunc_ln708_29_reg_122516   |  15|   0|   15|          0|
    |trunc_ln708_30_reg_122526   |  14|   0|   14|          0|
    |trunc_ln708_31_reg_122551   |  15|   0|   15|          0|
    |trunc_ln708_32_reg_122566   |  15|   0|   15|          0|
    |trunc_ln708_33_reg_122576   |  14|   0|   14|          0|
    |trunc_ln708_34_reg_122596   |  15|   0|   15|          0|
    |trunc_ln708_35_reg_122601   |  15|   0|   15|          0|
    |trunc_ln708_36_reg_122611   |   8|   0|    8|          0|
    |trunc_ln708_37_reg_122616   |  14|   0|   14|          0|
    |trunc_ln708_38_reg_122621   |  11|   0|   11|          0|
    |trunc_ln708_39_reg_122661   |  15|   0|   15|          0|
    |trunc_ln708_40_reg_122666   |  15|   0|   15|          0|
    |trunc_ln708_41_reg_122676   |  14|   0|   14|          0|
    |trunc_ln708_42_reg_122696   |  15|   0|   15|          0|
    |trunc_ln708_43_reg_122716   |  15|   0|   15|          0|
    |trunc_ln708_44_reg_122721   |  14|   0|   14|          0|
    |trunc_ln708_45_reg_122737   |  15|   0|   15|          0|
    |trunc_ln708_47_reg_122752   |  14|   0|   14|          0|
    |trunc_ln708_48_reg_122757   |  15|   0|   15|          0|
    |trunc_ln708_49_reg_122777   |  15|   0|   15|          0|
    |trunc_ln708_50_reg_122782   |  10|   0|   10|          0|
    |trunc_ln708_51_reg_122787   |  15|   0|   15|          0|
    |trunc_ln708_52_reg_122807   |  13|   0|   13|          0|
    |trunc_ln708_53_reg_122822   |  14|   0|   14|          0|
    |trunc_ln708_54_reg_122837   |  15|   0|   15|          0|
    |trunc_ln708_55_reg_122857   |  15|   0|   15|          0|
    |trunc_ln708_56_reg_122862   |  15|   0|   15|          0|
    |trunc_ln708_57_reg_122877   |  13|   0|   13|          0|
    |trunc_ln708_58_reg_122907   |  13|   0|   13|          0|
    |trunc_ln708_59_reg_122912   |  14|   0|   14|          0|
    |trunc_ln708_60_reg_122922   |  14|   0|   14|          0|
    |trunc_ln708_61_reg_122927   |  15|   0|   15|          0|
    |trunc_ln708_62_reg_122937   |  15|   0|   15|          0|
    |trunc_ln708_63_reg_122967   |  15|   0|   15|          0|
    |trunc_ln708_64_reg_122982   |  15|   0|   15|          0|
    |trunc_ln708_65_reg_122987   |  13|   0|   13|          0|
    |trunc_ln708_66_reg_123002   |  10|   0|   10|          0|
    |trunc_ln708_67_reg_123017   |  11|   0|   11|          0|
    |trunc_ln708_68_reg_123027   |  15|   0|   15|          0|
    |trunc_ln708_69_reg_123042   |  15|   0|   15|          0|
    |trunc_ln708_70_reg_123052   |  12|   0|   12|          0|
    |trunc_ln708_71_reg_123077   |  15|   0|   15|          0|
    |trunc_ln708_72_reg_123102   |  15|   0|   15|          0|
    |trunc_ln708_73_reg_123117   |  11|   0|   11|          0|
    |trunc_ln708_74_reg_123127   |   9|   0|    9|          0|
    |trunc_ln708_75_reg_123147   |  15|   0|   15|          0|
    |trunc_ln708_76_reg_123157   |  15|   0|   15|          0|
    |trunc_ln708_78_reg_123177   |  15|   0|   15|          0|
    |trunc_ln708_80_reg_123192   |  15|   0|   15|          0|
    |trunc_ln708_81_reg_123197   |  15|   0|   15|          0|
    |trunc_ln708_82_reg_123217   |  15|   0|   15|          0|
    |trunc_ln708_83_reg_123247   |  14|   0|   14|          0|
    |trunc_ln708_84_reg_123282   |  15|   0|   15|          0|
    |trunc_ln708_85_reg_123297   |  14|   0|   14|          0|
    |trunc_ln708_86_reg_123332   |  14|   0|   14|          0|
    |trunc_ln708_91_reg_123358   |  14|   0|   14|          0|
    |trunc_ln708_93_reg_123373   |  15|   0|   15|          0|
    |trunc_ln708_s_reg_122496    |  14|   0|   14|          0|
    |trunc_ln_reg_122486         |  14|   0|   14|          0|
    +----------------------------+----+----+-----+-----------+
    |Total                       |3288|   0| 3288|          0|
    +----------------------------+----+----+-----+-----------+



================================================================
== Interface
================================================================
* Summary: 
+---------------+-----+-----+------------+---------------------------------------------------------+--------------+
|   RTL Ports   | Dir | Bits|  Protocol  |                      Source Object                      |    C Type    |
+---------------+-----+-----+------------+---------------------------------------------------------+--------------+
|ap_clk         |  in |    1| ap_ctrl_hs | dense_latency.0.0.0.0.0.0.0.0.0.0.0.0.0.0.0.0.0.0.0.0.0 | return value |
|ap_rst         |  in |    1| ap_ctrl_hs | dense_latency.0.0.0.0.0.0.0.0.0.0.0.0.0.0.0.0.0.0.0.0.0 | return value |
|ap_start       |  in |    1| ap_ctrl_hs | dense_latency.0.0.0.0.0.0.0.0.0.0.0.0.0.0.0.0.0.0.0.0.0 | return value |
|ap_done        | out |    1| ap_ctrl_hs | dense_latency.0.0.0.0.0.0.0.0.0.0.0.0.0.0.0.0.0.0.0.0.0 | return value |
|ap_idle        | out |    1| ap_ctrl_hs | dense_latency.0.0.0.0.0.0.0.0.0.0.0.0.0.0.0.0.0.0.0.0.0 | return value |
|ap_ready       | out |    1| ap_ctrl_hs | dense_latency.0.0.0.0.0.0.0.0.0.0.0.0.0.0.0.0.0.0.0.0.0 | return value |
|ap_return_0    | out |   16| ap_ctrl_hs | dense_latency.0.0.0.0.0.0.0.0.0.0.0.0.0.0.0.0.0.0.0.0.0 | return value |
|ap_return_1    | out |   16| ap_ctrl_hs | dense_latency.0.0.0.0.0.0.0.0.0.0.0.0.0.0.0.0.0.0.0.0.0 | return value |
|ap_return_2    | out |   16| ap_ctrl_hs | dense_latency.0.0.0.0.0.0.0.0.0.0.0.0.0.0.0.0.0.0.0.0.0 | return value |
|ap_return_3    | out |   16| ap_ctrl_hs | dense_latency.0.0.0.0.0.0.0.0.0.0.0.0.0.0.0.0.0.0.0.0.0 | return value |
|ap_return_4    | out |   16| ap_ctrl_hs | dense_latency.0.0.0.0.0.0.0.0.0.0.0.0.0.0.0.0.0.0.0.0.0 | return value |
|ap_return_5    | out |   16| ap_ctrl_hs | dense_latency.0.0.0.0.0.0.0.0.0.0.0.0.0.0.0.0.0.0.0.0.0 | return value |
|ap_return_6    | out |   16| ap_ctrl_hs | dense_latency.0.0.0.0.0.0.0.0.0.0.0.0.0.0.0.0.0.0.0.0.0 | return value |
|ap_return_7    | out |   16| ap_ctrl_hs | dense_latency.0.0.0.0.0.0.0.0.0.0.0.0.0.0.0.0.0.0.0.0.0 | return value |
|ap_return_8    | out |   16| ap_ctrl_hs | dense_latency.0.0.0.0.0.0.0.0.0.0.0.0.0.0.0.0.0.0.0.0.0 | return value |
|ap_return_9    | out |   16| ap_ctrl_hs | dense_latency.0.0.0.0.0.0.0.0.0.0.0.0.0.0.0.0.0.0.0.0.0 | return value |
|ap_return_10   | out |   16| ap_ctrl_hs | dense_latency.0.0.0.0.0.0.0.0.0.0.0.0.0.0.0.0.0.0.0.0.0 | return value |
|ap_return_11   | out |   16| ap_ctrl_hs | dense_latency.0.0.0.0.0.0.0.0.0.0.0.0.0.0.0.0.0.0.0.0.0 | return value |
|ap_return_12   | out |   16| ap_ctrl_hs | dense_latency.0.0.0.0.0.0.0.0.0.0.0.0.0.0.0.0.0.0.0.0.0 | return value |
|ap_return_13   | out |   16| ap_ctrl_hs | dense_latency.0.0.0.0.0.0.0.0.0.0.0.0.0.0.0.0.0.0.0.0.0 | return value |
|ap_return_14   | out |   16| ap_ctrl_hs | dense_latency.0.0.0.0.0.0.0.0.0.0.0.0.0.0.0.0.0.0.0.0.0 | return value |
|ap_return_15   | out |   16| ap_ctrl_hs | dense_latency.0.0.0.0.0.0.0.0.0.0.0.0.0.0.0.0.0.0.0.0.0 | return value |
|ap_return_16   | out |   16| ap_ctrl_hs | dense_latency.0.0.0.0.0.0.0.0.0.0.0.0.0.0.0.0.0.0.0.0.0 | return value |
|ap_return_17   | out |   16| ap_ctrl_hs | dense_latency.0.0.0.0.0.0.0.0.0.0.0.0.0.0.0.0.0.0.0.0.0 | return value |
|ap_return_18   | out |   16| ap_ctrl_hs | dense_latency.0.0.0.0.0.0.0.0.0.0.0.0.0.0.0.0.0.0.0.0.0 | return value |
|ap_return_19   | out |   16| ap_ctrl_hs | dense_latency.0.0.0.0.0.0.0.0.0.0.0.0.0.0.0.0.0.0.0.0.0 | return value |
|ap_ce          |  in |    1| ap_ctrl_hs | dense_latency.0.0.0.0.0.0.0.0.0.0.0.0.0.0.0.0.0.0.0.0.0 | return value |
|data_0_V_read  |  in |   16|   ap_none  |                      data_0_V_read                      |    scalar    |
|data_1_V_read  |  in |   16|   ap_none  |                      data_1_V_read                      |    scalar    |
|data_2_V_read  |  in |   16|   ap_none  |                      data_2_V_read                      |    scalar    |
|data_3_V_read  |  in |   16|   ap_none  |                      data_3_V_read                      |    scalar    |
|data_4_V_read  |  in |   16|   ap_none  |                      data_4_V_read                      |    scalar    |
|data_5_V_read  |  in |   16|   ap_none  |                      data_5_V_read                      |    scalar    |
|data_6_V_read  |  in |   16|   ap_none  |                      data_6_V_read                      |    scalar    |
|data_7_V_read  |  in |   16|   ap_none  |                      data_7_V_read                      |    scalar    |
|data_8_V_read  |  in |   16|   ap_none  |                      data_8_V_read                      |    scalar    |
|data_9_V_read  |  in |   16|   ap_none  |                      data_9_V_read                      |    scalar    |
+---------------+-----+-----+------------+---------------------------------------------------------+--------------+

