

================================================================
== Vivado HLS Report for 'dense_resource_ap_fixed_ap_fixed_16_8_5_3_0_config9_s'
================================================================
* Date:           Fri Jun  3 16:17:51 2022

* Version:        2019.1 (Build 2552052 on Fri May 24 15:28:33 MDT 2019)
* Project:        myproject_prj
* Solution:       solution1
* Product family: virtexuplus
* Target device:  xcvu9p-flgb2104-2-i


================================================================
== Performance Estimates
================================================================
+ Timing (ns): 
    * Summary: 
    +--------+-------+----------+------------+
    |  Clock | Target| Estimated| Uncertainty|
    +--------+-------+----------+------------+
    |ap_clk  |   5.00|     4.299|        0.62|
    +--------+-------+----------+------------+

+ Latency (clock cycles): 
    * Summary: 
    +-----+-----+-----+-----+---------------------------------------------+
    |  Latency  |  Interval |                   Pipeline                  |
    | min | max | min | max |                     Type                    |
    +-----+-----+-----+-----+---------------------------------------------+
    |    6|    7|    5|    5| loop rewind(delay=0 initiation interval(s)) |
    +-----+-----+-----+-----+---------------------------------------------+

    + Detail: 
        * Instance: 
        N/A

        * Loop: 
        +-------------+-----+-----+----------+-----------+-----------+------+----------+
        |             |  Latency  | Iteration|  Initiation Interval  | Trip |          |
        |  Loop Name  | min | max |  Latency |  achieved |   target  | Count| Pipelined|
        +-------------+-----+-----+----------+-----------+-----------+------+----------+
        |- ReuseLoop  |    6|    6|         3|          1|          1|     5|    yes   |
        +-------------+-----+-----+----------+-----------+-----------+------+----------+



================================================================
== Utilization Estimates
================================================================
* Summary: 
+---------------------+---------+-------+---------+---------+-----+
|         Name        | BRAM_18K| DSP48E|    FF   |   LUT   | URAM|
+---------------------+---------+-------+---------+---------+-----+
|DSP                  |        -|     40|        -|        -|    -|
|Expression           |        -|      -|        0|      663|    -|
|FIFO                 |        -|      -|        -|        -|    -|
|Instance             |        -|      -|        0|     1320|    -|
|Memory               |       18|      -|        0|        0|    -|
|Multiplexer          |        -|      -|        -|      981|    -|
|Register             |        -|      -|     1554|        -|    -|
+---------------------+---------+-------+---------+---------+-----+
|Total                |       18|     40|     1554|     2964|    0|
+---------------------+---------+-------+---------+---------+-----+
|Available SLR        |     1440|   2280|   788160|   394080|  320|
+---------------------+---------+-------+---------+---------+-----+
|Utilization SLR (%)  |        1|      1|    ~0   |    ~0   |    0|
+---------------------+---------+-------+---------+---------+-----+
|Available            |     4320|   6840|  2364480|  1182240|  960|
+---------------------+---------+-------+---------+---------+-----+
|Utilization (%)      |    ~0   |   ~0  |    ~0   |    ~0   |    0|
+---------------------+---------+-------+---------+---------+-----+

+ Detail: 
    * Instance: 
    +-------------------------------+-------------------------+---------+-------+---+----+-----+
    |            Instance           |          Module         | BRAM_18K| DSP48E| FF| LUT| URAM|
    +-------------------------------+-------------------------+---------+-------+---+----+-----+
    |myproject_mux_83_15_1_1_U1750  |myproject_mux_83_15_1_1  |        0|      0|  0|  33|    0|
    |myproject_mux_83_15_1_1_U1751  |myproject_mux_83_15_1_1  |        0|      0|  0|  33|    0|
    |myproject_mux_83_15_1_1_U1752  |myproject_mux_83_15_1_1  |        0|      0|  0|  33|    0|
    |myproject_mux_83_15_1_1_U1753  |myproject_mux_83_15_1_1  |        0|      0|  0|  33|    0|
    |myproject_mux_83_15_1_1_U1754  |myproject_mux_83_15_1_1  |        0|      0|  0|  33|    0|
    |myproject_mux_83_15_1_1_U1755  |myproject_mux_83_15_1_1  |        0|      0|  0|  33|    0|
    |myproject_mux_83_15_1_1_U1756  |myproject_mux_83_15_1_1  |        0|      0|  0|  33|    0|
    |myproject_mux_83_15_1_1_U1757  |myproject_mux_83_15_1_1  |        0|      0|  0|  33|    0|
    |myproject_mux_83_15_1_1_U1758  |myproject_mux_83_15_1_1  |        0|      0|  0|  33|    0|
    |myproject_mux_83_15_1_1_U1759  |myproject_mux_83_15_1_1  |        0|      0|  0|  33|    0|
    |myproject_mux_83_15_1_1_U1760  |myproject_mux_83_15_1_1  |        0|      0|  0|  33|    0|
    |myproject_mux_83_15_1_1_U1761  |myproject_mux_83_15_1_1  |        0|      0|  0|  33|    0|
    |myproject_mux_83_15_1_1_U1762  |myproject_mux_83_15_1_1  |        0|      0|  0|  33|    0|
    |myproject_mux_83_15_1_1_U1763  |myproject_mux_83_15_1_1  |        0|      0|  0|  33|    0|
    |myproject_mux_83_15_1_1_U1764  |myproject_mux_83_15_1_1  |        0|      0|  0|  33|    0|
    |myproject_mux_83_15_1_1_U1765  |myproject_mux_83_15_1_1  |        0|      0|  0|  33|    0|
    |myproject_mux_83_15_1_1_U1766  |myproject_mux_83_15_1_1  |        0|      0|  0|  33|    0|
    |myproject_mux_83_15_1_1_U1767  |myproject_mux_83_15_1_1  |        0|      0|  0|  33|    0|
    |myproject_mux_83_15_1_1_U1768  |myproject_mux_83_15_1_1  |        0|      0|  0|  33|    0|
    |myproject_mux_83_15_1_1_U1769  |myproject_mux_83_15_1_1  |        0|      0|  0|  33|    0|
    |myproject_mux_83_15_1_1_U1770  |myproject_mux_83_15_1_1  |        0|      0|  0|  33|    0|
    |myproject_mux_83_15_1_1_U1771  |myproject_mux_83_15_1_1  |        0|      0|  0|  33|    0|
    |myproject_mux_83_15_1_1_U1772  |myproject_mux_83_15_1_1  |        0|      0|  0|  33|    0|
    |myproject_mux_83_15_1_1_U1773  |myproject_mux_83_15_1_1  |        0|      0|  0|  33|    0|
    |myproject_mux_83_15_1_1_U1774  |myproject_mux_83_15_1_1  |        0|      0|  0|  33|    0|
    |myproject_mux_83_15_1_1_U1775  |myproject_mux_83_15_1_1  |        0|      0|  0|  33|    0|
    |myproject_mux_83_15_1_1_U1776  |myproject_mux_83_15_1_1  |        0|      0|  0|  33|    0|
    |myproject_mux_83_15_1_1_U1777  |myproject_mux_83_15_1_1  |        0|      0|  0|  33|    0|
    |myproject_mux_83_15_1_1_U1778  |myproject_mux_83_15_1_1  |        0|      0|  0|  33|    0|
    |myproject_mux_83_15_1_1_U1779  |myproject_mux_83_15_1_1  |        0|      0|  0|  33|    0|
    |myproject_mux_83_15_1_1_U1780  |myproject_mux_83_15_1_1  |        0|      0|  0|  33|    0|
    |myproject_mux_83_15_1_1_U1781  |myproject_mux_83_15_1_1  |        0|      0|  0|  33|    0|
    |myproject_mux_83_15_1_1_U1782  |myproject_mux_83_15_1_1  |        0|      0|  0|  33|    0|
    |myproject_mux_83_15_1_1_U1783  |myproject_mux_83_15_1_1  |        0|      0|  0|  33|    0|
    |myproject_mux_83_15_1_1_U1784  |myproject_mux_83_15_1_1  |        0|      0|  0|  33|    0|
    |myproject_mux_83_15_1_1_U1785  |myproject_mux_83_15_1_1  |        0|      0|  0|  33|    0|
    |myproject_mux_83_15_1_1_U1786  |myproject_mux_83_15_1_1  |        0|      0|  0|  33|    0|
    |myproject_mux_83_15_1_1_U1787  |myproject_mux_83_15_1_1  |        0|      0|  0|  33|    0|
    |myproject_mux_83_15_1_1_U1788  |myproject_mux_83_15_1_1  |        0|      0|  0|  33|    0|
    |myproject_mux_83_15_1_1_U1789  |myproject_mux_83_15_1_1  |        0|      0|  0|  33|    0|
    +-------------------------------+-------------------------+---------+-------+---+----+-----+
    |Total                          |                         |        0|      0|  0|1320|    0|
    +-------------------------------+-------------------------+---------+-------+---+----+-----+

    * DSP48E: 
    +-----------------------------------------+-----------------------------------+-----------+
    |                 Instance                |               Module              | Expression|
    +-----------------------------------------+-----------------------------------+-----------+
    |myproject_mul_mul_15ns_16s_24_1_1_U1790  |myproject_mul_mul_15ns_16s_24_1_1  |  i0 * i1  |
    |myproject_mul_mul_15ns_16s_24_1_1_U1791  |myproject_mul_mul_15ns_16s_24_1_1  |  i0 * i1  |
    |myproject_mul_mul_15ns_16s_24_1_1_U1792  |myproject_mul_mul_15ns_16s_24_1_1  |  i0 * i1  |
    |myproject_mul_mul_15ns_16s_24_1_1_U1793  |myproject_mul_mul_15ns_16s_24_1_1  |  i0 * i1  |
    |myproject_mul_mul_15ns_16s_24_1_1_U1794  |myproject_mul_mul_15ns_16s_24_1_1  |  i0 * i1  |
    |myproject_mul_mul_15ns_16s_24_1_1_U1795  |myproject_mul_mul_15ns_16s_24_1_1  |  i0 * i1  |
    |myproject_mul_mul_15ns_16s_24_1_1_U1796  |myproject_mul_mul_15ns_16s_24_1_1  |  i0 * i1  |
    |myproject_mul_mul_15ns_16s_24_1_1_U1797  |myproject_mul_mul_15ns_16s_24_1_1  |  i0 * i1  |
    |myproject_mul_mul_15ns_16s_24_1_1_U1798  |myproject_mul_mul_15ns_16s_24_1_1  |  i0 * i1  |
    |myproject_mul_mul_15ns_16s_24_1_1_U1799  |myproject_mul_mul_15ns_16s_24_1_1  |  i0 * i1  |
    |myproject_mul_mul_15ns_16s_24_1_1_U1800  |myproject_mul_mul_15ns_16s_24_1_1  |  i0 * i1  |
    |myproject_mul_mul_15ns_16s_24_1_1_U1801  |myproject_mul_mul_15ns_16s_24_1_1  |  i0 * i1  |
    |myproject_mul_mul_15ns_16s_24_1_1_U1802  |myproject_mul_mul_15ns_16s_24_1_1  |  i0 * i1  |
    |myproject_mul_mul_15ns_16s_24_1_1_U1803  |myproject_mul_mul_15ns_16s_24_1_1  |  i0 * i1  |
    |myproject_mul_mul_15ns_16s_24_1_1_U1804  |myproject_mul_mul_15ns_16s_24_1_1  |  i0 * i1  |
    |myproject_mul_mul_15ns_16s_24_1_1_U1805  |myproject_mul_mul_15ns_16s_24_1_1  |  i0 * i1  |
    |myproject_mul_mul_15ns_16s_24_1_1_U1806  |myproject_mul_mul_15ns_16s_24_1_1  |  i0 * i1  |
    |myproject_mul_mul_15ns_16s_24_1_1_U1807  |myproject_mul_mul_15ns_16s_24_1_1  |  i0 * i1  |
    |myproject_mul_mul_15ns_16s_24_1_1_U1808  |myproject_mul_mul_15ns_16s_24_1_1  |  i0 * i1  |
    |myproject_mul_mul_15ns_16s_24_1_1_U1809  |myproject_mul_mul_15ns_16s_24_1_1  |  i0 * i1  |
    |myproject_mul_mul_15ns_16s_24_1_1_U1810  |myproject_mul_mul_15ns_16s_24_1_1  |  i0 * i1  |
    |myproject_mul_mul_15ns_16s_24_1_1_U1811  |myproject_mul_mul_15ns_16s_24_1_1  |  i0 * i1  |
    |myproject_mul_mul_15ns_16s_24_1_1_U1812  |myproject_mul_mul_15ns_16s_24_1_1  |  i0 * i1  |
    |myproject_mul_mul_15ns_16s_24_1_1_U1813  |myproject_mul_mul_15ns_16s_24_1_1  |  i0 * i1  |
    |myproject_mul_mul_15ns_16s_24_1_1_U1814  |myproject_mul_mul_15ns_16s_24_1_1  |  i0 * i1  |
    |myproject_mul_mul_15ns_16s_24_1_1_U1815  |myproject_mul_mul_15ns_16s_24_1_1  |  i0 * i1  |
    |myproject_mul_mul_15ns_16s_24_1_1_U1816  |myproject_mul_mul_15ns_16s_24_1_1  |  i0 * i1  |
    |myproject_mul_mul_15ns_16s_24_1_1_U1817  |myproject_mul_mul_15ns_16s_24_1_1  |  i0 * i1  |
    |myproject_mul_mul_15ns_16s_24_1_1_U1818  |myproject_mul_mul_15ns_16s_24_1_1  |  i0 * i1  |
    |myproject_mul_mul_15ns_16s_24_1_1_U1819  |myproject_mul_mul_15ns_16s_24_1_1  |  i0 * i1  |
    |myproject_mul_mul_15ns_16s_24_1_1_U1820  |myproject_mul_mul_15ns_16s_24_1_1  |  i0 * i1  |
    |myproject_mul_mul_15ns_16s_24_1_1_U1821  |myproject_mul_mul_15ns_16s_24_1_1  |  i0 * i1  |
    |myproject_mul_mul_15ns_16s_24_1_1_U1822  |myproject_mul_mul_15ns_16s_24_1_1  |  i0 * i1  |
    |myproject_mul_mul_15ns_16s_24_1_1_U1823  |myproject_mul_mul_15ns_16s_24_1_1  |  i0 * i1  |
    |myproject_mul_mul_15ns_16s_24_1_1_U1824  |myproject_mul_mul_15ns_16s_24_1_1  |  i0 * i1  |
    |myproject_mul_mul_15ns_16s_24_1_1_U1825  |myproject_mul_mul_15ns_16s_24_1_1  |  i0 * i1  |
    |myproject_mul_mul_15ns_16s_24_1_1_U1826  |myproject_mul_mul_15ns_16s_24_1_1  |  i0 * i1  |
    |myproject_mul_mul_15ns_16s_24_1_1_U1827  |myproject_mul_mul_15ns_16s_24_1_1  |  i0 * i1  |
    |myproject_mul_mul_15ns_16s_24_1_1_U1828  |myproject_mul_mul_15ns_16s_24_1_1  |  i0 * i1  |
    |myproject_mul_mul_9s_15ns_24_1_1_U1829   |myproject_mul_mul_9s_15ns_24_1_1   |  i0 * i1  |
    +-----------------------------------------+-----------------------------------+-----------+

    * Memory: 
    +--------+------------------------------------------------------------+---------+---+----+-----+------+-----+------+-------------+
    | Memory |                           Module                           | BRAM_18K| FF| LUT| URAM| Words| Bits| Banks| W*Bits*Banks|
    +--------+------------------------------------------------------------+---------+---+----+-----+------+-----+------+-------------+
    |w9_V_U  |dense_resource_ap_fixed_ap_fixed_16_8_5_3_0_config9_s_w9_V  |       18|  0|   0|    0|     5|  633|     1|         3165|
    +--------+------------------------------------------------------------+---------+---+----+-----+------+-----+------+-------------+
    |Total   |                                                            |       18|  0|   0|    0|     5|  633|     1|         3165|
    +--------+------------------------------------------------------------+---------+---+----+-----+------+-----+------+-------------+

    * FIFO: 
    N/A

    * Expression: 
    +---------------------------+----------+-------+---+----+------------+------------+
    |       Variable Name       | Operation| DSP48E| FF| LUT| Bitwidth P0| Bitwidth P1|
    +---------------------------+----------+-------+---+----+------------+------------+
    |acc_0_V_fu_3187_p2         |     +    |      0|  0|  16|          16|          16|
    |acc_1_V_fu_3197_p2         |     +    |      0|  0|  16|          16|          16|
    |acc_2_V_fu_3207_p2         |     +    |      0|  0|  16|          16|          16|
    |acc_3_V_fu_3217_p2         |     +    |      0|  0|  16|          16|          16|
    |acc_4_V_fu_3227_p2         |     +    |      0|  0|  16|          16|          16|
    |acc_5_V_fu_3237_p2         |     +    |      0|  0|  16|          16|          16|
    |acc_6_V_fu_3247_p2         |     +    |      0|  0|  16|          16|          16|
    |acc_7_V_fu_3257_p2         |     +    |      0|  0|  16|          16|          16|
    |acc_8_V_fu_3267_p2         |     +    |      0|  0|  16|          16|          16|
    |acc_9_V_fu_3277_p2         |     +    |      0|  0|  16|          16|          16|
    |add_ln703_1000_fu_1305_p2  |     +    |      0|  0|  16|          16|          16|
    |add_ln703_1001_fu_3183_p2  |     +    |      0|  0|  16|          16|          16|
    |add_ln703_1003_fu_1507_p2  |     +    |      0|  0|  16|          16|          16|
    |add_ln703_1004_fu_1513_p2  |     +    |      0|  0|  16|          16|          16|
    |add_ln703_1005_fu_3193_p2  |     +    |      0|  0|  16|          16|          16|
    |add_ln703_1007_fu_1715_p2  |     +    |      0|  0|  16|          16|          16|
    |add_ln703_1008_fu_1721_p2  |     +    |      0|  0|  16|          16|          16|
    |add_ln703_1009_fu_3203_p2  |     +    |      0|  0|  16|          16|          16|
    |add_ln703_1011_fu_1923_p2  |     +    |      0|  0|  16|          16|          16|
    |add_ln703_1012_fu_1929_p2  |     +    |      0|  0|  16|          16|          16|
    |add_ln703_1013_fu_3213_p2  |     +    |      0|  0|  16|          16|          16|
    |add_ln703_1015_fu_2131_p2  |     +    |      0|  0|  16|          16|          16|
    |add_ln703_1016_fu_2137_p2  |     +    |      0|  0|  16|          16|          16|
    |add_ln703_1017_fu_3223_p2  |     +    |      0|  0|  16|          16|          16|
    |add_ln703_1019_fu_2339_p2  |     +    |      0|  0|  16|          16|          16|
    |add_ln703_1020_fu_2345_p2  |     +    |      0|  0|  16|          16|          16|
    |add_ln703_1021_fu_3233_p2  |     +    |      0|  0|  16|          16|          16|
    |add_ln703_1023_fu_2547_p2  |     +    |      0|  0|  16|          16|          16|
    |add_ln703_1024_fu_2553_p2  |     +    |      0|  0|  16|          16|          16|
    |add_ln703_1025_fu_3243_p2  |     +    |      0|  0|  16|          16|          16|
    |add_ln703_1027_fu_2755_p2  |     +    |      0|  0|  16|          16|          16|
    |add_ln703_1028_fu_2761_p2  |     +    |      0|  0|  16|          16|          16|
    |add_ln703_1029_fu_3253_p2  |     +    |      0|  0|  16|          16|          16|
    |add_ln703_1031_fu_2963_p2  |     +    |      0|  0|  16|          16|          16|
    |add_ln703_1032_fu_2969_p2  |     +    |      0|  0|  16|          16|          16|
    |add_ln703_1033_fu_3263_p2  |     +    |      0|  0|  16|          16|          16|
    |add_ln703_1035_fu_3171_p2  |     +    |      0|  0|  16|          16|          16|
    |add_ln703_1036_fu_3177_p2  |     +    |      0|  0|  16|          16|          16|
    |add_ln703_1037_fu_3273_p2  |     +    |      0|  0|  16|          16|          16|
    |add_ln703_fu_1299_p2       |     +    |      0|  0|  16|          16|          16|
    |w_index_fu_1097_p2         |     +    |      0|  0|   4|           1|           3|
    |ap_condition_314           |    and   |      0|  0|   2|           1|           1|
    |ap_condition_320           |    and   |      0|  0|   2|           1|           1|
    |ap_condition_43            |    and   |      0|  0|   2|           1|           1|
    |icmp_ln64_fu_1103_p2       |   icmp   |      0|  0|   9|           3|           4|
    |ap_block_state1            |    or    |      0|  0|   2|           1|           1|
    |ap_enable_pp0              |    xor   |      0|  0|   2|           1|           2|
    +---------------------------+----------+-------+---+----+------------+------------+
    |Total                      |          |      0|  0| 663|         649|         653|
    +---------------------------+----------+-------+---+----+------------+------------+

    * Multiplexer: 
    +---------------------------------------------------+----+-----------+-----+-----------+
    |                        Name                       | LUT| Input Size| Bits| Total Bits|
    +---------------------------------------------------+----+-----------+-----+-----------+
    |ap_NS_fsm                                          |  15|          3|    1|          3|
    |ap_done                                            |   9|          2|    1|          2|
    |ap_enable_reg_pp0_iter1                            |   9|          2|    1|          2|
    |ap_enable_reg_pp0_iter2                            |   9|          2|    1|          2|
    |ap_phi_mux_data_0_V_read22_phi_phi_fu_716_p4       |   9|          2|   15|         30|
    |ap_phi_mux_data_0_V_read22_rewind_phi_fu_436_p6    |   9|          2|   15|         30|
    |ap_phi_mux_data_10_V_read32_phi_phi_fu_836_p4      |   9|          2|   15|         30|
    |ap_phi_mux_data_10_V_read32_rewind_phi_fu_576_p6   |   9|          2|   15|         30|
    |ap_phi_mux_data_11_V_read33_phi_phi_fu_848_p4      |   9|          2|   15|         30|
    |ap_phi_mux_data_11_V_read33_rewind_phi_fu_590_p6   |   9|          2|   15|         30|
    |ap_phi_mux_data_12_V_read34_phi_phi_fu_860_p4      |   9|          2|   15|         30|
    |ap_phi_mux_data_12_V_read34_rewind_phi_fu_604_p6   |   9|          2|   15|         30|
    |ap_phi_mux_data_13_V_read35_phi_phi_fu_872_p4      |   9|          2|   15|         30|
    |ap_phi_mux_data_13_V_read35_rewind_phi_fu_618_p6   |   9|          2|   15|         30|
    |ap_phi_mux_data_14_V_read36_phi_phi_fu_884_p4      |   9|          2|   15|         30|
    |ap_phi_mux_data_14_V_read36_rewind_phi_fu_632_p6   |   9|          2|   15|         30|
    |ap_phi_mux_data_15_V_read37_phi_phi_fu_896_p4      |   9|          2|   15|         30|
    |ap_phi_mux_data_15_V_read37_rewind_phi_fu_646_p6   |   9|          2|   15|         30|
    |ap_phi_mux_data_16_V_read38_phi_phi_fu_908_p4      |   9|          2|   15|         30|
    |ap_phi_mux_data_16_V_read38_rewind_phi_fu_660_p6   |   9|          2|   15|         30|
    |ap_phi_mux_data_17_V_read39_phi_phi_fu_920_p4      |   9|          2|   15|         30|
    |ap_phi_mux_data_17_V_read39_rewind_phi_fu_674_p6   |   9|          2|   15|         30|
    |ap_phi_mux_data_18_V_read40_phi_phi_fu_932_p4      |   9|          2|   15|         30|
    |ap_phi_mux_data_18_V_read40_rewind_phi_fu_688_p6   |   9|          2|   15|         30|
    |ap_phi_mux_data_19_V_read41_phi_phi_fu_944_p4      |   9|          2|   15|         30|
    |ap_phi_mux_data_19_V_read41_rewind_phi_fu_702_p6   |   9|          2|   15|         30|
    |ap_phi_mux_data_1_V_read23_phi_phi_fu_728_p4       |   9|          2|   15|         30|
    |ap_phi_mux_data_1_V_read23_rewind_phi_fu_450_p6    |   9|          2|   15|         30|
    |ap_phi_mux_data_2_V_read24_phi_phi_fu_740_p4       |   9|          2|   15|         30|
    |ap_phi_mux_data_2_V_read24_rewind_phi_fu_464_p6    |   9|          2|   15|         30|
    |ap_phi_mux_data_3_V_read25_phi_phi_fu_752_p4       |   9|          2|   15|         30|
    |ap_phi_mux_data_3_V_read25_rewind_phi_fu_478_p6    |   9|          2|   15|         30|
    |ap_phi_mux_data_4_V_read26_phi_phi_fu_764_p4       |   9|          2|   15|         30|
    |ap_phi_mux_data_4_V_read26_rewind_phi_fu_492_p6    |   9|          2|   15|         30|
    |ap_phi_mux_data_5_V_read27_phi_phi_fu_776_p4       |   9|          2|   15|         30|
    |ap_phi_mux_data_5_V_read27_rewind_phi_fu_506_p6    |   9|          2|   15|         30|
    |ap_phi_mux_data_6_V_read28_phi_phi_fu_788_p4       |   9|          2|   15|         30|
    |ap_phi_mux_data_6_V_read28_rewind_phi_fu_520_p6    |   9|          2|   15|         30|
    |ap_phi_mux_data_7_V_read29_phi_phi_fu_800_p4       |   9|          2|   15|         30|
    |ap_phi_mux_data_7_V_read29_rewind_phi_fu_534_p6    |   9|          2|   15|         30|
    |ap_phi_mux_data_8_V_read30_phi_phi_fu_812_p4       |   9|          2|   15|         30|
    |ap_phi_mux_data_8_V_read30_rewind_phi_fu_548_p6    |   9|          2|   15|         30|
    |ap_phi_mux_data_9_V_read31_phi_phi_fu_824_p4       |   9|          2|   15|         30|
    |ap_phi_mux_data_9_V_read31_rewind_phi_fu_562_p6    |   9|          2|   15|         30|
    |ap_phi_mux_do_init_phi_fu_405_p6                   |  15|          3|    1|          3|
    |ap_phi_mux_w_index21_phi_fu_421_p6                 |  15|          3|    3|          9|
    |ap_phi_reg_pp0_iter1_data_0_V_read22_phi_reg_712   |   9|          2|   15|         30|
    |ap_phi_reg_pp0_iter1_data_10_V_read32_phi_reg_832  |   9|          2|   15|         30|
    |ap_phi_reg_pp0_iter1_data_11_V_read33_phi_reg_844  |   9|          2|   15|         30|
    |ap_phi_reg_pp0_iter1_data_12_V_read34_phi_reg_856  |   9|          2|   15|         30|
    |ap_phi_reg_pp0_iter1_data_13_V_read35_phi_reg_868  |   9|          2|   15|         30|
    |ap_phi_reg_pp0_iter1_data_14_V_read36_phi_reg_880  |   9|          2|   15|         30|
    |ap_phi_reg_pp0_iter1_data_15_V_read37_phi_reg_892  |   9|          2|   15|         30|
    |ap_phi_reg_pp0_iter1_data_16_V_read38_phi_reg_904  |   9|          2|   15|         30|
    |ap_phi_reg_pp0_iter1_data_17_V_read39_phi_reg_916  |   9|          2|   15|         30|
    |ap_phi_reg_pp0_iter1_data_18_V_read40_phi_reg_928  |   9|          2|   15|         30|
    |ap_phi_reg_pp0_iter1_data_19_V_read41_phi_reg_940  |   9|          2|   15|         30|
    |ap_phi_reg_pp0_iter1_data_1_V_read23_phi_reg_724   |   9|          2|   15|         30|
    |ap_phi_reg_pp0_iter1_data_2_V_read24_phi_reg_736   |   9|          2|   15|         30|
    |ap_phi_reg_pp0_iter1_data_3_V_read25_phi_reg_748   |   9|          2|   15|         30|
    |ap_phi_reg_pp0_iter1_data_4_V_read26_phi_reg_760   |   9|          2|   15|         30|
    |ap_phi_reg_pp0_iter1_data_5_V_read27_phi_reg_772   |   9|          2|   15|         30|
    |ap_phi_reg_pp0_iter1_data_6_V_read28_phi_reg_784   |   9|          2|   15|         30|
    |ap_phi_reg_pp0_iter1_data_7_V_read29_phi_reg_796   |   9|          2|   15|         30|
    |ap_phi_reg_pp0_iter1_data_8_V_read30_phi_reg_808   |   9|          2|   15|         30|
    |ap_phi_reg_pp0_iter1_data_9_V_read31_phi_reg_820   |   9|          2|   15|         30|
    |ap_return_0                                        |   9|          2|   16|         32|
    |ap_return_1                                        |   9|          2|   16|         32|
    |ap_return_2                                        |   9|          2|   16|         32|
    |ap_return_3                                        |   9|          2|   16|         32|
    |ap_return_4                                        |   9|          2|   16|         32|
    |ap_return_5                                        |   9|          2|   16|         32|
    |ap_return_6                                        |   9|          2|   16|         32|
    |ap_return_7                                        |   9|          2|   16|         32|
    |ap_return_8                                        |   9|          2|   16|         32|
    |ap_return_9                                        |   9|          2|   16|         32|
    |data_0_V_read22_phi_reg_712                        |   9|          2|   15|         30|
    |data_10_V_read32_phi_reg_832                       |   9|          2|   15|         30|
    |data_11_V_read33_phi_reg_844                       |   9|          2|   15|         30|
    |data_12_V_read34_phi_reg_856                       |   9|          2|   15|         30|
    |data_13_V_read35_phi_reg_868                       |   9|          2|   15|         30|
    |data_14_V_read36_phi_reg_880                       |   9|          2|   15|         30|
    |data_15_V_read37_phi_reg_892                       |   9|          2|   15|         30|
    |data_16_V_read38_phi_reg_904                       |   9|          2|   15|         30|
    |data_17_V_read39_phi_reg_916                       |   9|          2|   15|         30|
    |data_18_V_read40_phi_reg_928                       |   9|          2|   15|         30|
    |data_19_V_read41_phi_reg_940                       |   9|          2|   15|         30|
    |data_1_V_read23_phi_reg_724                        |   9|          2|   15|         30|
    |data_2_V_read24_phi_reg_736                        |   9|          2|   15|         30|
    |data_3_V_read25_phi_reg_748                        |   9|          2|   15|         30|
    |data_4_V_read26_phi_reg_760                        |   9|          2|   15|         30|
    |data_5_V_read27_phi_reg_772                        |   9|          2|   15|         30|
    |data_6_V_read28_phi_reg_784                        |   9|          2|   15|         30|
    |data_7_V_read29_phi_reg_796                        |   9|          2|   15|         30|
    |data_8_V_read30_phi_reg_808                        |   9|          2|   15|         30|
    |data_9_V_read31_phi_reg_820                        |   9|          2|   15|         30|
    |res_0_V_write_assign19_reg_952                     |   9|          2|   16|         32|
    |res_1_V_write_assign17_reg_966                     |   9|          2|   16|         32|
    |res_2_V_write_assign15_reg_980                     |   9|          2|   16|         32|
    |res_3_V_write_assign13_reg_994                     |   9|          2|   16|         32|
    |res_4_V_write_assign11_reg_1008                    |   9|          2|   16|         32|
    |res_5_V_write_assign9_reg_1022                     |   9|          2|   16|         32|
    |res_6_V_write_assign7_reg_1036                     |   9|          2|   16|         32|
    |res_7_V_write_assign5_reg_1050                     |   9|          2|   16|         32|
    |res_8_V_write_assign3_reg_1064                     |   9|          2|   16|         32|
    |res_9_V_write_assign1_reg_1078                     |   9|          2|   16|         32|
    |w_index21_reg_417                                  |   9|          2|    3|          6|
    +---------------------------------------------------+----+-----------+-----+-----------+
    |Total                                              | 981|        217| 1531|       3067|
    +---------------------------------------------------+----+-----------+-----+-----------+

    * Register: 
    +---------------------------------------------------+----+----+-----+-----------+
    |                        Name                       | FF | LUT| Bits| Const Bits|
    +---------------------------------------------------+----+----+-----+-----------+
    |add_ln703_1000_reg_3746                            |  16|   0|   16|          0|
    |add_ln703_1003_reg_3751                            |  16|   0|   16|          0|
    |add_ln703_1004_reg_3756                            |  16|   0|   16|          0|
    |add_ln703_1007_reg_3761                            |  16|   0|   16|          0|
    |add_ln703_1008_reg_3766                            |  16|   0|   16|          0|
    |add_ln703_1011_reg_3771                            |  16|   0|   16|          0|
    |add_ln703_1012_reg_3776                            |  16|   0|   16|          0|
    |add_ln703_1015_reg_3781                            |  16|   0|   16|          0|
    |add_ln703_1016_reg_3786                            |  16|   0|   16|          0|
    |add_ln703_1019_reg_3791                            |  16|   0|   16|          0|
    |add_ln703_1020_reg_3796                            |  16|   0|   16|          0|
    |add_ln703_1023_reg_3801                            |  16|   0|   16|          0|
    |add_ln703_1024_reg_3806                            |  16|   0|   16|          0|
    |add_ln703_1027_reg_3811                            |  16|   0|   16|          0|
    |add_ln703_1028_reg_3816                            |  16|   0|   16|          0|
    |add_ln703_1031_reg_3821                            |  16|   0|   16|          0|
    |add_ln703_1032_reg_3826                            |  16|   0|   16|          0|
    |add_ln703_1035_reg_3831                            |  16|   0|   16|          0|
    |add_ln703_1036_reg_3836                            |  16|   0|   16|          0|
    |add_ln703_reg_3741                                 |  16|   0|   16|          0|
    |ap_CS_fsm                                          |   2|   0|    2|          0|
    |ap_done_reg                                        |   1|   0|    1|          0|
    |ap_enable_reg_pp0_iter1                            |   1|   0|    1|          0|
    |ap_enable_reg_pp0_iter2                            |   1|   0|    1|          0|
    |ap_phi_reg_pp0_iter1_data_0_V_read22_phi_reg_712   |  15|   0|   15|          0|
    |ap_phi_reg_pp0_iter1_data_10_V_read32_phi_reg_832  |  15|   0|   15|          0|
    |ap_phi_reg_pp0_iter1_data_11_V_read33_phi_reg_844  |  15|   0|   15|          0|
    |ap_phi_reg_pp0_iter1_data_12_V_read34_phi_reg_856  |  15|   0|   15|          0|
    |ap_phi_reg_pp0_iter1_data_13_V_read35_phi_reg_868  |  15|   0|   15|          0|
    |ap_phi_reg_pp0_iter1_data_14_V_read36_phi_reg_880  |  15|   0|   15|          0|
    |ap_phi_reg_pp0_iter1_data_15_V_read37_phi_reg_892  |  15|   0|   15|          0|
    |ap_phi_reg_pp0_iter1_data_16_V_read38_phi_reg_904  |  15|   0|   15|          0|
    |ap_phi_reg_pp0_iter1_data_17_V_read39_phi_reg_916  |  15|   0|   15|          0|
    |ap_phi_reg_pp0_iter1_data_18_V_read40_phi_reg_928  |  15|   0|   15|          0|
    |ap_phi_reg_pp0_iter1_data_19_V_read41_phi_reg_940  |  15|   0|   15|          0|
    |ap_phi_reg_pp0_iter1_data_1_V_read23_phi_reg_724   |  15|   0|   15|          0|
    |ap_phi_reg_pp0_iter1_data_2_V_read24_phi_reg_736   |  15|   0|   15|          0|
    |ap_phi_reg_pp0_iter1_data_3_V_read25_phi_reg_748   |  15|   0|   15|          0|
    |ap_phi_reg_pp0_iter1_data_4_V_read26_phi_reg_760   |  15|   0|   15|          0|
    |ap_phi_reg_pp0_iter1_data_5_V_read27_phi_reg_772   |  15|   0|   15|          0|
    |ap_phi_reg_pp0_iter1_data_6_V_read28_phi_reg_784   |  15|   0|   15|          0|
    |ap_phi_reg_pp0_iter1_data_7_V_read29_phi_reg_796   |  15|   0|   15|          0|
    |ap_phi_reg_pp0_iter1_data_8_V_read30_phi_reg_808   |  15|   0|   15|          0|
    |ap_phi_reg_pp0_iter1_data_9_V_read31_phi_reg_820   |  15|   0|   15|          0|
    |ap_return_0_preg                                   |  16|   0|   16|          0|
    |ap_return_1_preg                                   |  16|   0|   16|          0|
    |ap_return_2_preg                                   |  16|   0|   16|          0|
    |ap_return_3_preg                                   |  16|   0|   16|          0|
    |ap_return_4_preg                                   |  16|   0|   16|          0|
    |ap_return_5_preg                                   |  16|   0|   16|          0|
    |ap_return_6_preg                                   |  16|   0|   16|          0|
    |ap_return_7_preg                                   |  16|   0|   16|          0|
    |ap_return_8_preg                                   |  16|   0|   16|          0|
    |ap_return_9_preg                                   |  16|   0|   16|          0|
    |data_0_V_read22_phi_reg_712                        |  15|   0|   15|          0|
    |data_0_V_read22_rewind_reg_432                     |  15|   0|   15|          0|
    |data_10_V_read32_phi_reg_832                       |  15|   0|   15|          0|
    |data_10_V_read32_rewind_reg_572                    |  15|   0|   15|          0|
    |data_11_V_read33_phi_reg_844                       |  15|   0|   15|          0|
    |data_11_V_read33_rewind_reg_586                    |  15|   0|   15|          0|
    |data_12_V_read34_phi_reg_856                       |  15|   0|   15|          0|
    |data_12_V_read34_rewind_reg_600                    |  15|   0|   15|          0|
    |data_13_V_read35_phi_reg_868                       |  15|   0|   15|          0|
    |data_13_V_read35_rewind_reg_614                    |  15|   0|   15|          0|
    |data_14_V_read36_phi_reg_880                       |  15|   0|   15|          0|
    |data_14_V_read36_rewind_reg_628                    |  15|   0|   15|          0|
    |data_15_V_read37_phi_reg_892                       |  15|   0|   15|          0|
    |data_15_V_read37_rewind_reg_642                    |  15|   0|   15|          0|
    |data_16_V_read38_phi_reg_904                       |  15|   0|   15|          0|
    |data_16_V_read38_rewind_reg_656                    |  15|   0|   15|          0|
    |data_17_V_read39_phi_reg_916                       |  15|   0|   15|          0|
    |data_17_V_read39_rewind_reg_670                    |  15|   0|   15|          0|
    |data_18_V_read40_phi_reg_928                       |  15|   0|   15|          0|
    |data_18_V_read40_rewind_reg_684                    |  15|   0|   15|          0|
    |data_19_V_read41_phi_reg_940                       |  15|   0|   15|          0|
    |data_19_V_read41_rewind_reg_698                    |  15|   0|   15|          0|
    |data_1_V_read23_phi_reg_724                        |  15|   0|   15|          0|
    |data_1_V_read23_rewind_reg_446                     |  15|   0|   15|          0|
    |data_2_V_read24_phi_reg_736                        |  15|   0|   15|          0|
    |data_2_V_read24_rewind_reg_460                     |  15|   0|   15|          0|
    |data_3_V_read25_phi_reg_748                        |  15|   0|   15|          0|
    |data_3_V_read25_rewind_reg_474                     |  15|   0|   15|          0|
    |data_4_V_read26_phi_reg_760                        |  15|   0|   15|          0|
    |data_4_V_read26_rewind_reg_488                     |  15|   0|   15|          0|
    |data_5_V_read27_phi_reg_772                        |  15|   0|   15|          0|
    |data_5_V_read27_rewind_reg_502                     |  15|   0|   15|          0|
    |data_6_V_read28_phi_reg_784                        |  15|   0|   15|          0|
    |data_6_V_read28_rewind_reg_516                     |  15|   0|   15|          0|
    |data_7_V_read29_phi_reg_796                        |  15|   0|   15|          0|
    |data_7_V_read29_rewind_reg_530                     |  15|   0|   15|          0|
    |data_8_V_read30_phi_reg_808                        |  15|   0|   15|          0|
    |data_8_V_read30_rewind_reg_544                     |  15|   0|   15|          0|
    |data_9_V_read31_phi_reg_820                        |  15|   0|   15|          0|
    |data_9_V_read31_rewind_reg_558                     |  15|   0|   15|          0|
    |do_init_reg_401                                    |   1|   0|    1|          0|
    |icmp_ln64_reg_3737                                 |   1|   0|    1|          0|
    |icmp_ln64_reg_3737_pp0_iter1_reg                   |   1|   0|    1|          0|
    |res_0_V_write_assign19_reg_952                     |  16|   0|   16|          0|
    |res_1_V_write_assign17_reg_966                     |  16|   0|   16|          0|
    |res_2_V_write_assign15_reg_980                     |  16|   0|   16|          0|
    |res_3_V_write_assign13_reg_994                     |  16|   0|   16|          0|
    |res_4_V_write_assign11_reg_1008                    |  16|   0|   16|          0|
    |res_5_V_write_assign9_reg_1022                     |  16|   0|   16|          0|
    |res_6_V_write_assign7_reg_1036                     |  16|   0|   16|          0|
    |res_7_V_write_assign5_reg_1050                     |  16|   0|   16|          0|
    |res_8_V_write_assign3_reg_1064                     |  16|   0|   16|          0|
    |res_9_V_write_assign1_reg_1078                     |  16|   0|   16|          0|
    |w_index21_reg_417                                  |   3|   0|    3|          0|
    |w_index_reg_3732                                   |   3|   0|    3|          0|
    +---------------------------------------------------+----+----+-----+-----------+
    |Total                                              |1554|   0| 1554|          0|
    +---------------------------------------------------+----+----+-----+-----------+



================================================================
== Interface
================================================================
* Summary: 
+----------------+-----+-----+------------+-------------------------------------------------------+--------------+
|    RTL Ports   | Dir | Bits|  Protocol  |                     Source Object                     |    C Type    |
+----------------+-----+-----+------------+-------------------------------------------------------+--------------+
|ap_clk          |  in |    1| ap_ctrl_hs | dense_resource<ap_fixed,ap_fixed<16,8,5,3,0>,config9> | return value |
|ap_rst          |  in |    1| ap_ctrl_hs | dense_resource<ap_fixed,ap_fixed<16,8,5,3,0>,config9> | return value |
|ap_start        |  in |    1| ap_ctrl_hs | dense_resource<ap_fixed,ap_fixed<16,8,5,3,0>,config9> | return value |
|ap_done         | out |    1| ap_ctrl_hs | dense_resource<ap_fixed,ap_fixed<16,8,5,3,0>,config9> | return value |
|ap_continue     |  in |    1| ap_ctrl_hs | dense_resource<ap_fixed,ap_fixed<16,8,5,3,0>,config9> | return value |
|ap_idle         | out |    1| ap_ctrl_hs | dense_resource<ap_fixed,ap_fixed<16,8,5,3,0>,config9> | return value |
|ap_ready        | out |    1| ap_ctrl_hs | dense_resource<ap_fixed,ap_fixed<16,8,5,3,0>,config9> | return value |
|ap_return_0     | out |   16| ap_ctrl_hs | dense_resource<ap_fixed,ap_fixed<16,8,5,3,0>,config9> | return value |
|ap_return_1     | out |   16| ap_ctrl_hs | dense_resource<ap_fixed,ap_fixed<16,8,5,3,0>,config9> | return value |
|ap_return_2     | out |   16| ap_ctrl_hs | dense_resource<ap_fixed,ap_fixed<16,8,5,3,0>,config9> | return value |
|ap_return_3     | out |   16| ap_ctrl_hs | dense_resource<ap_fixed,ap_fixed<16,8,5,3,0>,config9> | return value |
|ap_return_4     | out |   16| ap_ctrl_hs | dense_resource<ap_fixed,ap_fixed<16,8,5,3,0>,config9> | return value |
|ap_return_5     | out |   16| ap_ctrl_hs | dense_resource<ap_fixed,ap_fixed<16,8,5,3,0>,config9> | return value |
|ap_return_6     | out |   16| ap_ctrl_hs | dense_resource<ap_fixed,ap_fixed<16,8,5,3,0>,config9> | return value |
|ap_return_7     | out |   16| ap_ctrl_hs | dense_resource<ap_fixed,ap_fixed<16,8,5,3,0>,config9> | return value |
|ap_return_8     | out |   16| ap_ctrl_hs | dense_resource<ap_fixed,ap_fixed<16,8,5,3,0>,config9> | return value |
|ap_return_9     | out |   16| ap_ctrl_hs | dense_resource<ap_fixed,ap_fixed<16,8,5,3,0>,config9> | return value |
|data_0_V_read   |  in |   15|   ap_none  |                     data_0_V_read                     |    scalar    |
|data_1_V_read   |  in |   15|   ap_none  |                     data_1_V_read                     |    scalar    |
|data_2_V_read   |  in |   15|   ap_none  |                     data_2_V_read                     |    scalar    |
|data_3_V_read   |  in |   15|   ap_none  |                     data_3_V_read                     |    scalar    |
|data_4_V_read   |  in |   15|   ap_none  |                     data_4_V_read                     |    scalar    |
|data_5_V_read   |  in |   15|   ap_none  |                     data_5_V_read                     |    scalar    |
|data_6_V_read   |  in |   15|   ap_none  |                     data_6_V_read                     |    scalar    |
|data_7_V_read   |  in |   15|   ap_none  |                     data_7_V_read                     |    scalar    |
|data_8_V_read   |  in |   15|   ap_none  |                     data_8_V_read                     |    scalar    |
|data_9_V_read   |  in |   15|   ap_none  |                     data_9_V_read                     |    scalar    |
|data_10_V_read  |  in |   15|   ap_none  |                     data_10_V_read                    |    scalar    |
|data_11_V_read  |  in |   15|   ap_none  |                     data_11_V_read                    |    scalar    |
|data_12_V_read  |  in |   15|   ap_none  |                     data_12_V_read                    |    scalar    |
|data_13_V_read  |  in |   15|   ap_none  |                     data_13_V_read                    |    scalar    |
|data_14_V_read  |  in |   15|   ap_none  |                     data_14_V_read                    |    scalar    |
|data_15_V_read  |  in |   15|   ap_none  |                     data_15_V_read                    |    scalar    |
|data_16_V_read  |  in |   15|   ap_none  |                     data_16_V_read                    |    scalar    |
|data_17_V_read  |  in |   15|   ap_none  |                     data_17_V_read                    |    scalar    |
|data_18_V_read  |  in |   15|   ap_none  |                     data_18_V_read                    |    scalar    |
|data_19_V_read  |  in |   15|   ap_none  |                     data_19_V_read                    |    scalar    |
+----------------+-----+-----+------------+-------------------------------------------------------+--------------+

