

================================================================
== Vivado HLS Report for 'im2col_1d_cl_ap_fixed_16_8_5_3_0_config2_s'
================================================================
* Date:           Fri Jun  3 16:16:47 2022

* Version:        2019.1 (Build 2552052 on Fri May 24 15:28:33 MDT 2019)
* Project:        myproject_prj
* Solution:       solution1
* Product family: virtexuplus
* Target device:  xcvu9p-flgb2104-2-i


================================================================
== Performance Estimates
================================================================
+ Timing (ns): 
    * Summary: 
    +--------+-------+----------+------------+
    |  Clock | Target| Estimated| Uncertainty|
    +--------+-------+----------+------------+
    |ap_clk  |   5.00|     4.237|        0.62|
    +--------+-------+----------+------------+

+ Latency (clock cycles): 
    * Summary: 
    +-----+-----+-----+-----+----------+
    |  Latency  |  Interval | Pipeline |
    | min | max | min | max |   Type   |
    +-----+-----+-----+-----+----------+
    |    0|    0|    1|    1| function |
    +-----+-----+-----+-----+----------+

    + Detail: 
        * Instance: 
        N/A

        * Loop: 
        N/A



================================================================
== Utilization Estimates
================================================================
* Summary: 
+---------------------+---------+-------+---------+---------+-----+
|         Name        | BRAM_18K| DSP48E|    FF   |   LUT   | URAM|
+---------------------+---------+-------+---------+---------+-----+
|DSP                  |        -|      -|        -|        -|    -|
|Expression           |        -|      0|        0|   112219|    -|
|FIFO                 |        -|      -|        -|        -|    -|
|Instance             |        -|      -|        -|        -|    -|
|Memory               |        -|      -|        -|        -|    -|
|Multiplexer          |        -|      -|        -|        -|    -|
|Register             |        -|      -|        -|        -|    -|
+---------------------+---------+-------+---------+---------+-----+
|Total                |        0|      0|        0|   112219|    0|
+---------------------+---------+-------+---------+---------+-----+
|Available SLR        |     1440|   2280|   788160|   394080|  320|
+---------------------+---------+-------+---------+---------+-----+
|Utilization SLR (%)  |        0|      0|        0|       28|    0|
+---------------------+---------+-------+---------+---------+-----+
|Available            |     4320|   6840|  2364480|  1182240|  960|
+---------------------+---------+-------+---------+---------+-----+
|Utilization (%)      |        0|      0|        0|        9|    0|
+---------------------+---------+-------+---------+---------+-----+

+ Detail: 
    * Instance: 
    N/A

    * DSP48E: 
    N/A

    * Memory: 
    N/A

    * FIFO: 
    N/A

    * Expression: 
    +----------------------------+----------+-------+---+------+------------+------------+
    |        Variable Name       | Operation| DSP48E| FF|  LUT | Bitwidth P0| Bitwidth P1|
    +----------------------------+----------+-------+---+------+------------+------------+
    |mul_ln151_fu_72_p2          |     *    |      0|  0|    11|           4|           4|
    |add_ln151_10_fu_1480_p2     |     +    |      0|  0|     8|           4|           8|
    |add_ln151_11_fu_1608_p2     |     +    |      0|  0|     8|           4|           8|
    |add_ln151_1_fu_328_p2       |     +    |      0|  0|     8|           2|           8|
    |add_ln151_2_fu_456_p2       |     +    |      0|  0|     8|           2|           8|
    |add_ln151_3_fu_584_p2       |     +    |      0|  0|     8|           3|           8|
    |add_ln151_4_fu_712_p2       |     +    |      0|  0|     8|           3|           8|
    |add_ln151_5_fu_840_p2       |     +    |      0|  0|     8|           3|           8|
    |add_ln151_6_fu_968_p2       |     +    |      0|  0|     8|           3|           8|
    |add_ln151_7_fu_1096_p2      |     +    |      0|  0|     8|           4|           8|
    |add_ln151_8_fu_1224_p2      |     +    |      0|  0|     8|           4|           8|
    |add_ln151_9_fu_1352_p2      |     +    |      0|  0|     8|           4|           8|
    |add_ln151_fu_200_p2         |     +    |      0|  0|     8|           1|           8|
    |sub_ln203_10_fu_382_p2      |     -    |      0|  0|    12|          12|          12|
    |sub_ln203_11_fu_412_p2      |     -    |      0|  0|    12|          12|          12|
    |sub_ln203_12_fu_498_p2      |     -    |      0|  0|    12|          12|          12|
    |sub_ln203_13_fu_504_p2      |     -    |      0|  0|    12|          12|          12|
    |sub_ln203_14_fu_510_p2      |     -    |      0|  0|    12|          12|          12|
    |sub_ln203_15_fu_540_p2      |     -    |      0|  0|    12|          12|          12|
    |sub_ln203_16_fu_626_p2      |     -    |      0|  0|    12|          12|          12|
    |sub_ln203_17_fu_632_p2      |     -    |      0|  0|    12|          12|          12|
    |sub_ln203_18_fu_638_p2      |     -    |      0|  0|    12|          12|          12|
    |sub_ln203_19_fu_668_p2      |     -    |      0|  0|    12|          12|          12|
    |sub_ln203_1_fu_120_p2       |     -    |      0|  0|    12|          12|          12|
    |sub_ln203_20_fu_754_p2      |     -    |      0|  0|    12|          12|          12|
    |sub_ln203_21_fu_760_p2      |     -    |      0|  0|    12|          12|          12|
    |sub_ln203_22_fu_766_p2      |     -    |      0|  0|    12|          12|          12|
    |sub_ln203_23_fu_796_p2      |     -    |      0|  0|    12|          12|          12|
    |sub_ln203_24_fu_882_p2      |     -    |      0|  0|    12|          12|          12|
    |sub_ln203_25_fu_888_p2      |     -    |      0|  0|    12|          12|          12|
    |sub_ln203_26_fu_894_p2      |     -    |      0|  0|    12|          12|          12|
    |sub_ln203_27_fu_924_p2      |     -    |      0|  0|    12|          12|          12|
    |sub_ln203_28_fu_1010_p2     |     -    |      0|  0|    12|          12|          12|
    |sub_ln203_29_fu_1016_p2     |     -    |      0|  0|    12|          12|          12|
    |sub_ln203_2_fu_126_p2       |     -    |      0|  0|    12|          12|          12|
    |sub_ln203_30_fu_1022_p2     |     -    |      0|  0|    12|          12|          12|
    |sub_ln203_31_fu_1052_p2     |     -    |      0|  0|    12|          12|          12|
    |sub_ln203_32_fu_1138_p2     |     -    |      0|  0|    12|          12|          12|
    |sub_ln203_33_fu_1144_p2     |     -    |      0|  0|    12|          12|          12|
    |sub_ln203_34_fu_1150_p2     |     -    |      0|  0|    12|          12|          12|
    |sub_ln203_35_fu_1180_p2     |     -    |      0|  0|    12|          12|          12|
    |sub_ln203_36_fu_1266_p2     |     -    |      0|  0|    12|          12|          12|
    |sub_ln203_37_fu_1272_p2     |     -    |      0|  0|    12|          12|          12|
    |sub_ln203_38_fu_1278_p2     |     -    |      0|  0|    12|          12|          12|
    |sub_ln203_39_fu_1308_p2     |     -    |      0|  0|    12|          12|          12|
    |sub_ln203_3_fu_156_p2       |     -    |      0|  0|    12|          12|          12|
    |sub_ln203_40_fu_1394_p2     |     -    |      0|  0|    12|          12|          12|
    |sub_ln203_41_fu_1400_p2     |     -    |      0|  0|    12|          12|          12|
    |sub_ln203_42_fu_1406_p2     |     -    |      0|  0|    12|          12|          12|
    |sub_ln203_43_fu_1436_p2     |     -    |      0|  0|    12|          12|          12|
    |sub_ln203_44_fu_1522_p2     |     -    |      0|  0|    12|          12|          12|
    |sub_ln203_45_fu_1528_p2     |     -    |      0|  0|    12|          12|          12|
    |sub_ln203_46_fu_1534_p2     |     -    |      0|  0|    12|          12|          12|
    |sub_ln203_47_fu_1564_p2     |     -    |      0|  0|    12|          12|          12|
    |sub_ln203_48_fu_1650_p2     |     -    |      0|  0|    12|          12|          12|
    |sub_ln203_49_fu_1656_p2     |     -    |      0|  0|    12|          12|          12|
    |sub_ln203_4_fu_242_p2       |     -    |      0|  0|    12|          12|          12|
    |sub_ln203_50_fu_1662_p2     |     -    |      0|  0|    12|          12|          12|
    |sub_ln203_51_fu_1692_p2     |     -    |      0|  0|    12|          12|          12|
    |sub_ln203_5_fu_248_p2       |     -    |      0|  0|    12|          12|          12|
    |sub_ln203_6_fu_254_p2       |     -    |      0|  0|    12|          12|          12|
    |sub_ln203_7_fu_284_p2       |     -    |      0|  0|    12|          12|          12|
    |sub_ln203_8_fu_370_p2       |     -    |      0|  0|    12|          12|          12|
    |sub_ln203_9_fu_376_p2       |     -    |      0|  0|    12|          12|          12|
    |sub_ln203_fu_114_p2         |     -    |      0|  0|    12|          12|          12|
    |and_ln203_10_fu_1462_p2     |    and   |      0|  0|  2079|        2080|        2080|
    |and_ln203_11_fu_1590_p2     |    and   |      0|  0|  2079|        2080|        2080|
    |and_ln203_12_fu_1718_p2     |    and   |      0|  0|  2079|        2080|        2080|
    |and_ln203_1_fu_310_p2       |    and   |      0|  0|  2079|        2080|        2080|
    |and_ln203_2_fu_438_p2       |    and   |      0|  0|  2079|        2080|        2080|
    |and_ln203_3_fu_566_p2       |    and   |      0|  0|  2079|        2080|        2080|
    |and_ln203_4_fu_694_p2       |    and   |      0|  0|  2079|        2080|        2080|
    |and_ln203_5_fu_822_p2       |    and   |      0|  0|  2079|        2080|        2080|
    |and_ln203_6_fu_950_p2       |    and   |      0|  0|  2079|        2080|        2080|
    |and_ln203_7_fu_1078_p2      |    and   |      0|  0|  2079|        2080|        2080|
    |and_ln203_8_fu_1206_p2      |    and   |      0|  0|  2079|        2080|        2080|
    |and_ln203_9_fu_1334_p2      |    and   |      0|  0|  2079|        2080|        2080|
    |and_ln203_fu_182_p2         |    and   |      0|  0|  2079|        2080|        2080|
    |icmp_ln153_10_fu_1358_p2    |   icmp   |      0|  0|    11|           8|           8|
    |icmp_ln153_11_fu_1486_p2    |   icmp   |      0|  0|    11|           8|           8|
    |icmp_ln153_12_fu_1614_p2    |   icmp   |      0|  0|    11|           8|           8|
    |icmp_ln153_1_fu_206_p2      |   icmp   |      0|  0|    11|           8|           8|
    |icmp_ln153_2_fu_334_p2      |   icmp   |      0|  0|    11|           8|           8|
    |icmp_ln153_3_fu_462_p2      |   icmp   |      0|  0|    11|           8|           8|
    |icmp_ln153_4_fu_590_p2      |   icmp   |      0|  0|    11|           8|           8|
    |icmp_ln153_5_fu_718_p2      |   icmp   |      0|  0|    11|           8|           8|
    |icmp_ln153_6_fu_846_p2      |   icmp   |      0|  0|    11|           8|           8|
    |icmp_ln153_7_fu_974_p2      |   icmp   |      0|  0|    11|           8|           8|
    |icmp_ln153_8_fu_1102_p2     |   icmp   |      0|  0|    11|           8|           8|
    |icmp_ln153_9_fu_1230_p2     |   icmp   |      0|  0|    11|           8|           8|
    |icmp_ln153_fu_78_p2         |   icmp   |      0|  0|    11|           8|           8|
    |icmp_ln203_10_fu_1378_p2    |   icmp   |      0|  0|    13|          12|          12|
    |icmp_ln203_11_fu_1506_p2    |   icmp   |      0|  0|    13|          12|          12|
    |icmp_ln203_12_fu_1634_p2    |   icmp   |      0|  0|    13|          12|          12|
    |icmp_ln203_1_fu_226_p2      |   icmp   |      0|  0|    13|          12|          12|
    |icmp_ln203_2_fu_354_p2      |   icmp   |      0|  0|    13|          12|          12|
    |icmp_ln203_3_fu_482_p2      |   icmp   |      0|  0|    13|          12|          12|
    |icmp_ln203_4_fu_610_p2      |   icmp   |      0|  0|    13|          12|          12|
    |icmp_ln203_5_fu_738_p2      |   icmp   |      0|  0|    13|          12|          12|
    |icmp_ln203_6_fu_866_p2      |   icmp   |      0|  0|    13|          12|          12|
    |icmp_ln203_7_fu_994_p2      |   icmp   |      0|  0|    13|          12|          12|
    |icmp_ln203_8_fu_1122_p2     |   icmp   |      0|  0|    13|          12|          12|
    |icmp_ln203_9_fu_1250_p2     |   icmp   |      0|  0|    13|          12|          12|
    |icmp_ln203_fu_98_p2         |   icmp   |      0|  0|    13|          12|          12|
    |lshr_ln203_10_fu_810_p2     |   lshr   |      0|  0|  2171|        2080|        2080|
    |lshr_ln203_11_fu_816_p2     |   lshr   |      0|  0|  2171|           2|        2080|
    |lshr_ln203_12_fu_938_p2     |   lshr   |      0|  0|  2171|        2080|        2080|
    |lshr_ln203_13_fu_944_p2     |   lshr   |      0|  0|  2171|           2|        2080|
    |lshr_ln203_14_fu_1066_p2    |   lshr   |      0|  0|  2171|        2080|        2080|
    |lshr_ln203_15_fu_1072_p2    |   lshr   |      0|  0|  2171|           2|        2080|
    |lshr_ln203_16_fu_1194_p2    |   lshr   |      0|  0|  2171|        2080|        2080|
    |lshr_ln203_17_fu_1200_p2    |   lshr   |      0|  0|  2171|           2|        2080|
    |lshr_ln203_18_fu_1322_p2    |   lshr   |      0|  0|  2171|        2080|        2080|
    |lshr_ln203_19_fu_1328_p2    |   lshr   |      0|  0|  2171|           2|        2080|
    |lshr_ln203_1_fu_176_p2      |   lshr   |      0|  0|  2171|           2|        2080|
    |lshr_ln203_20_fu_1450_p2    |   lshr   |      0|  0|  2171|        2080|        2080|
    |lshr_ln203_21_fu_1456_p2    |   lshr   |      0|  0|  2171|           2|        2080|
    |lshr_ln203_22_fu_1578_p2    |   lshr   |      0|  0|  2171|        2080|        2080|
    |lshr_ln203_23_fu_1584_p2    |   lshr   |      0|  0|  2171|           2|        2080|
    |lshr_ln203_24_fu_1706_p2    |   lshr   |      0|  0|  2171|        2080|        2080|
    |lshr_ln203_25_fu_1712_p2    |   lshr   |      0|  0|  2171|           2|        2080|
    |lshr_ln203_2_fu_298_p2      |   lshr   |      0|  0|  2171|        2080|        2080|
    |lshr_ln203_3_fu_304_p2      |   lshr   |      0|  0|  2171|           2|        2080|
    |lshr_ln203_4_fu_426_p2      |   lshr   |      0|  0|  2171|        2080|        2080|
    |lshr_ln203_5_fu_432_p2      |   lshr   |      0|  0|  2171|           2|        2080|
    |lshr_ln203_6_fu_554_p2      |   lshr   |      0|  0|  2171|        2080|        2080|
    |lshr_ln203_7_fu_560_p2      |   lshr   |      0|  0|  2171|           2|        2080|
    |lshr_ln203_8_fu_682_p2      |   lshr   |      0|  0|  2171|        2080|        2080|
    |lshr_ln203_9_fu_688_p2      |   lshr   |      0|  0|  2171|           2|        2080|
    |lshr_ln203_fu_170_p2        |   lshr   |      0|  0|  2171|        2080|        2080|
    |empty_238_fu_220_p2         |    or    |      0|  0|    12|          12|           4|
    |empty_239_fu_348_p2         |    or    |      0|  0|    12|          12|           4|
    |empty_240_fu_476_p2         |    or    |      0|  0|    12|          12|           4|
    |empty_241_fu_604_p2         |    or    |      0|  0|    12|          12|           4|
    |empty_242_fu_732_p2         |    or    |      0|  0|    12|          12|           4|
    |empty_243_fu_860_p2         |    or    |      0|  0|    12|          12|           4|
    |empty_244_fu_988_p2         |    or    |      0|  0|    12|          12|           4|
    |empty_245_fu_1116_p2        |    or    |      0|  0|    12|          12|           4|
    |empty_246_fu_1244_p2        |    or    |      0|  0|    12|          12|           4|
    |empty_247_fu_1372_p2        |    or    |      0|  0|    12|          12|           4|
    |empty_248_fu_1500_p2        |    or    |      0|  0|    12|          12|           4|
    |empty_249_fu_1628_p2        |    or    |      0|  0|    12|          12|           4|
    |empty_fu_92_p2              |    or    |      0|  0|    12|          12|           4|
    |select_ln153_10_fu_1472_p3  |  select  |      0|  0|    16|           1|          16|
    |select_ln153_11_fu_1600_p3  |  select  |      0|  0|    16|           1|          16|
    |select_ln153_12_fu_1728_p3  |  select  |      0|  0|    16|           1|          16|
    |select_ln153_1_fu_320_p3    |  select  |      0|  0|    16|           1|          16|
    |select_ln153_2_fu_448_p3    |  select  |      0|  0|    16|           1|          16|
    |select_ln153_3_fu_576_p3    |  select  |      0|  0|    16|           1|          16|
    |select_ln153_4_fu_704_p3    |  select  |      0|  0|    16|           1|          16|
    |select_ln153_5_fu_832_p3    |  select  |      0|  0|    16|           1|          16|
    |select_ln153_6_fu_960_p3    |  select  |      0|  0|    16|           1|          16|
    |select_ln153_7_fu_1088_p3   |  select  |      0|  0|    16|           1|          16|
    |select_ln153_8_fu_1216_p3   |  select  |      0|  0|    16|           1|          16|
    |select_ln153_9_fu_1344_p3   |  select  |      0|  0|    16|           1|          16|
    |select_ln153_fu_192_p3      |  select  |      0|  0|    16|           1|          16|
    |select_ln203_10_fu_524_p3   |  select  |      0|  0|  2079|           1|        2080|
    |select_ln203_11_fu_532_p3   |  select  |      0|  0|    12|           1|          12|
    |select_ln203_12_fu_644_p3   |  select  |      0|  0|    12|           1|          12|
    |select_ln203_13_fu_652_p3   |  select  |      0|  0|  2079|           1|        2080|
    |select_ln203_14_fu_660_p3   |  select  |      0|  0|    12|           1|          12|
    |select_ln203_15_fu_772_p3   |  select  |      0|  0|    12|           1|          12|
    |select_ln203_16_fu_780_p3   |  select  |      0|  0|  2079|           1|        2080|
    |select_ln203_17_fu_788_p3   |  select  |      0|  0|    12|           1|          12|
    |select_ln203_18_fu_900_p3   |  select  |      0|  0|    12|           1|          12|
    |select_ln203_19_fu_908_p3   |  select  |      0|  0|  2079|           1|        2080|
    |select_ln203_1_fu_140_p3    |  select  |      0|  0|  2079|           1|        2080|
    |select_ln203_20_fu_916_p3   |  select  |      0|  0|    12|           1|          12|
    |select_ln203_21_fu_1028_p3  |  select  |      0|  0|    12|           1|          12|
    |select_ln203_22_fu_1036_p3  |  select  |      0|  0|  2079|           1|        2080|
    |select_ln203_23_fu_1044_p3  |  select  |      0|  0|    12|           1|          12|
    |select_ln203_24_fu_1156_p3  |  select  |      0|  0|    12|           1|          12|
    |select_ln203_25_fu_1164_p3  |  select  |      0|  0|  2079|           1|        2080|
    |select_ln203_26_fu_1172_p3  |  select  |      0|  0|    12|           1|          12|
    |select_ln203_27_fu_1284_p3  |  select  |      0|  0|    12|           1|          12|
    |select_ln203_28_fu_1292_p3  |  select  |      0|  0|  2079|           1|        2080|
    |select_ln203_29_fu_1300_p3  |  select  |      0|  0|    12|           1|          12|
    |select_ln203_2_fu_148_p3    |  select  |      0|  0|    12|           1|          12|
    |select_ln203_30_fu_1412_p3  |  select  |      0|  0|    12|           1|          12|
    |select_ln203_31_fu_1420_p3  |  select  |      0|  0|  2079|           1|        2080|
    |select_ln203_32_fu_1428_p3  |  select  |      0|  0|    12|           1|          12|
    |select_ln203_33_fu_1540_p3  |  select  |      0|  0|    12|           1|          12|
    |select_ln203_34_fu_1548_p3  |  select  |      0|  0|  2079|           1|        2080|
    |select_ln203_35_fu_1556_p3  |  select  |      0|  0|    12|           1|          12|
    |select_ln203_36_fu_1668_p3  |  select  |      0|  0|    12|           1|          12|
    |select_ln203_37_fu_1676_p3  |  select  |      0|  0|  2079|           1|        2080|
    |select_ln203_38_fu_1684_p3  |  select  |      0|  0|    12|           1|          12|
    |select_ln203_3_fu_260_p3    |  select  |      0|  0|    12|           1|          12|
    |select_ln203_4_fu_268_p3    |  select  |      0|  0|  2079|           1|        2080|
    |select_ln203_5_fu_276_p3    |  select  |      0|  0|    12|           1|          12|
    |select_ln203_6_fu_388_p3    |  select  |      0|  0|    12|           1|          12|
    |select_ln203_7_fu_396_p3    |  select  |      0|  0|  2079|           1|        2080|
    |select_ln203_8_fu_404_p3    |  select  |      0|  0|    12|           1|          12|
    |select_ln203_9_fu_516_p3    |  select  |      0|  0|    12|           1|          12|
    |select_ln203_fu_132_p3      |  select  |      0|  0|    12|           1|          12|
    +----------------------------+----------+-------+---+------+------------+------------+
    |Total                       |          |      0|  0|112219|       55239|      109716|
    +----------------------------+----------+-------+---+------+------------+------------+

    * Multiplexer: 
    N/A

    * Register: 
    N/A



================================================================
== Interface
================================================================
* Summary: 
+--------------+-----+------+------------+-------------------------------------------------+--------------+
|   RTL Ports  | Dir | Bits |  Protocol  |                  Source Object                  |    C Type    |
+--------------+-----+------+------------+-------------------------------------------------+--------------+
|ap_ready      | out |     1| ap_ctrl_hs | im2col_1d_cl<ap_fixed<16, 8, 5, 3, 0>, config2> | return value |
|ap_return_0   | out |    16| ap_ctrl_hs | im2col_1d_cl<ap_fixed<16, 8, 5, 3, 0>, config2> | return value |
|ap_return_1   | out |    16| ap_ctrl_hs | im2col_1d_cl<ap_fixed<16, 8, 5, 3, 0>, config2> | return value |
|ap_return_2   | out |    16| ap_ctrl_hs | im2col_1d_cl<ap_fixed<16, 8, 5, 3, 0>, config2> | return value |
|ap_return_3   | out |    16| ap_ctrl_hs | im2col_1d_cl<ap_fixed<16, 8, 5, 3, 0>, config2> | return value |
|ap_return_4   | out |    16| ap_ctrl_hs | im2col_1d_cl<ap_fixed<16, 8, 5, 3, 0>, config2> | return value |
|ap_return_5   | out |    16| ap_ctrl_hs | im2col_1d_cl<ap_fixed<16, 8, 5, 3, 0>, config2> | return value |
|ap_return_6   | out |    16| ap_ctrl_hs | im2col_1d_cl<ap_fixed<16, 8, 5, 3, 0>, config2> | return value |
|ap_return_7   | out |    16| ap_ctrl_hs | im2col_1d_cl<ap_fixed<16, 8, 5, 3, 0>, config2> | return value |
|ap_return_8   | out |    16| ap_ctrl_hs | im2col_1d_cl<ap_fixed<16, 8, 5, 3, 0>, config2> | return value |
|ap_return_9   | out |    16| ap_ctrl_hs | im2col_1d_cl<ap_fixed<16, 8, 5, 3, 0>, config2> | return value |
|ap_return_10  | out |    16| ap_ctrl_hs | im2col_1d_cl<ap_fixed<16, 8, 5, 3, 0>, config2> | return value |
|ap_return_11  | out |    16| ap_ctrl_hs | im2col_1d_cl<ap_fixed<16, 8, 5, 3, 0>, config2> | return value |
|ap_return_12  | out |    16| ap_ctrl_hs | im2col_1d_cl<ap_fixed<16, 8, 5, 3, 0>, config2> | return value |
|data_V_read   |  in |  2080|   ap_none  |                   data_V_read                   |    scalar    |
|col           |  in |     4|   ap_none  |                       col                       |    scalar    |
+--------------+-----+------+------------+-------------------------------------------------+--------------+

