

================================================================
== Vivado HLS Report for 'pointwise_conv_1d_cl_0_0_0_0_0_0'
================================================================
* Date:           Mon Jun  6 10:34:42 2022

* Version:        2019.1 (Build 2552052 on Fri May 24 15:28:33 MDT 2019)
* Project:        myproject_prj
* Solution:       solution1
* Product family: virtexuplus
* Target device:  xcvu9p-flgb2104-2-i


================================================================
== Performance Estimates
================================================================
+ Timing (ns): 
    * Summary: 
    +--------+-------+----------+------------+
    |  Clock | Target| Estimated| Uncertainty|
    +--------+-------+----------+------------+
    |ap_clk  |   2.50|     2.025|        0.31|
    +--------+-------+----------+------------+

+ Latency (clock cycles): 
    * Summary: 
    +-----+-----+-----+-----+----------+
    |  Latency  |  Interval | Pipeline |
    | min | max | min | max |   Type   |
    +-----+-----+-----+-----+----------+
    |    2|    2|    2|    2| function |
    +-----+-----+-----+-----+----------+

    + Detail: 
        * Instance: 
        N/A

        * Loop: 
        N/A



================================================================
== Utilization Estimates
================================================================
* Summary: 
+---------------------+---------+-------+---------+---------+-----+
|         Name        | BRAM_18K| DSP48E|    FF   |   LUT   | URAM|
+---------------------+---------+-------+---------+---------+-----+
|DSP                  |        -|      -|        -|        -|    -|
|Expression           |        -|     50|        0|     2705|    -|
|FIFO                 |        -|      -|        -|        -|    -|
|Instance             |        -|      -|        -|        -|    -|
|Memory               |        -|      -|        -|        -|    -|
|Multiplexer          |        -|      -|        -|      633|    -|
|Register             |        -|      -|     1863|        -|    -|
+---------------------+---------+-------+---------+---------+-----+
|Total                |        0|     50|     1863|     3338|    0|
+---------------------+---------+-------+---------+---------+-----+
|Available SLR        |     1440|   2280|   788160|   394080|  320|
+---------------------+---------+-------+---------+---------+-----+
|Utilization SLR (%)  |        0|      2|    ~0   |    ~0   |    0|
+---------------------+---------+-------+---------+---------+-----+
|Available            |     4320|   6840|  2364480|  1182240|  960|
+---------------------+---------+-------+---------+---------+-----+
|Utilization (%)      |        0|   ~0  |    ~0   |    ~0   |    0|
+---------------------+---------+-------+---------+---------+-----+

+ Detail: 
    * Instance: 
    N/A

    * DSP48E: 
    N/A

    * Memory: 
    N/A

    * FIFO: 
    N/A

    * Expression: 
    +-----------------------------+----------+-------+---+----+------------+------------+
    |        Variable Name        | Operation| DSP48E| FF| LUT| Bitwidth P0| Bitwidth P1|
    +-----------------------------+----------+-------+---+----+------------+------------+
    |grp_fu_439_p2                |     *    |      1|  0|   5|          10|          16|
    |grp_fu_440_p2                |     *    |      1|  0|   5|          10|          16|
    |grp_fu_446_p2                |     *    |      1|  0|   5|          10|          16|
    |grp_fu_448_p2                |     *    |      1|  0|   5|           9|          16|
    |grp_fu_450_p2                |     *    |      1|  0|   5|           8|          16|
    |grp_fu_452_p2                |     *    |      1|  0|   5|          10|          16|
    |grp_fu_453_p2                |     *    |      1|  0|   5|          10|          16|
    |grp_fu_455_p2                |     *    |      1|  0|   5|          10|          16|
    |grp_fu_458_p2                |     *    |      1|  0|   5|           8|          16|
    |grp_fu_459_p2                |     *    |      1|  0|   5|           8|          16|
    |grp_fu_461_p2                |     *    |      1|  0|   5|           8|          16|
    |grp_fu_462_p2                |     *    |      1|  0|   5|           9|          16|
    |grp_fu_464_p2                |     *    |      1|  0|   5|           8|          16|
    |grp_fu_465_p2                |     *    |      1|  0|   5|          10|          16|
    |grp_fu_467_p2                |     *    |      1|  0|   5|           9|          16|
    |grp_fu_468_p2                |     *    |      1|  0|   5|           7|          16|
    |grp_fu_473_p2                |     *    |      1|  0|   5|          10|          16|
    |grp_fu_477_p2                |     *    |      1|  0|   5|          11|          16|
    |grp_fu_484_p2                |     *    |      1|  0|   5|           9|          16|
    |grp_fu_485_p2                |     *    |      1|  0|   5|           9|          16|
    |grp_fu_486_p2                |     *    |      1|  0|   5|           8|          16|
    |mul_ln1118_13_fu_441_p2      |     *    |      1|  0|   5|          10|          16|
    |mul_ln1118_14_fu_474_p2      |     *    |      1|  0|   5|          10|          16|
    |mul_ln1118_15_fu_475_p2      |     *    |      1|  0|   5|           8|          16|
    |mul_ln1118_16_fu_444_p2      |     *    |      1|  0|   5|           7|          16|
    |mul_ln1118_19_fu_460_p2      |     *    |      1|  0|   5|           6|          16|
    |mul_ln1118_20_fu_472_p2      |     *    |      1|  0|   5|           5|          16|
    |mul_ln1118_24_fu_457_p2      |     *    |      1|  0|   5|          10|          16|
    |mul_ln1118_2_fu_466_p2       |     *    |      1|  0|   5|           9|          16|
    |mul_ln1118_34_fu_438_p2      |     *    |      1|  0|   5|           7|          16|
    |mul_ln1118_35_fu_476_p2      |     *    |      1|  0|   5|           7|          16|
    |mul_ln1118_36_fu_454_p2      |     *    |      1|  0|   5|           7|          16|
    |mul_ln1118_37_fu_480_p2      |     *    |      1|  0|   5|           8|          16|
    |mul_ln1118_45_fu_463_p2      |     *    |      1|  0|   5|          10|          16|
    |mul_ln1118_47_fu_487_p2      |     *    |      1|  0|   5|           7|          16|
    |mul_ln1118_48_fu_447_p2      |     *    |      1|  0|   5|           7|          16|
    |mul_ln1118_49_fu_469_p2      |     *    |      1|  0|   5|           5|          16|
    |mul_ln1118_4_fu_456_p2       |     *    |      1|  0|   5|           7|          16|
    |mul_ln1118_51_fu_471_p2      |     *    |      1|  0|   5|           9|          16|
    |mul_ln1118_54_fu_449_p2      |     *    |      1|  0|   5|           9|          16|
    |mul_ln1118_56_fu_478_p2      |     *    |      1|  0|   5|           8|          16|
    |mul_ln1118_61_fu_482_p2      |     *    |      1|  0|   5|           5|          16|
    |mul_ln1118_63_fu_442_p2      |     *    |      1|  0|   5|           9|          16|
    |mul_ln1118_67_fu_443_p2      |     *    |      1|  0|   5|           9|          16|
    |mul_ln1118_68_fu_481_p2      |     *    |      1|  0|   5|           7|          16|
    |mul_ln1118_69_fu_445_p2      |     *    |      1|  0|   5|           7|          16|
    |mul_ln1118_6_fu_470_p2       |     *    |      1|  0|   5|           9|          16|
    |mul_ln1118_8_fu_483_p2       |     *    |      1|  0|   5|          10|          16|
    |mul_ln1118_9_fu_479_p2       |     *    |      1|  0|   5|           8|          16|
    |mul_ln1118_fu_451_p2         |     *    |      1|  0|   5|           7|          16|
    |add_ln1118_1_fu_13120_p2     |     +    |      0|  0|  20|          20|          20|
    |add_ln1118_2_fu_12407_p2     |     +    |      0|  0|  21|          21|          21|
    |add_ln1118_3_fu_13165_p2     |     +    |      0|  0|  23|          23|          23|
    |add_ln1118_4_fu_12575_p2     |     +    |      0|  0|  22|          22|          22|
    |add_ln1118_5_fu_12695_p2     |     +    |      0|  0|  20|          20|          20|
    |add_ln1118_6_fu_13410_p2     |     +    |      0|  0|  24|          24|          24|
    |add_ln1118_7_fu_13451_p2     |     +    |      0|  0|  23|          23|          23|
    |add_ln1118_fu_12258_p2       |     +    |      0|  0|  21|          21|          21|
    |add_ln703_100_fu_14005_p2    |     +    |      0|  0|  16|          16|          16|
    |add_ln703_101_fu_14011_p2    |     +    |      0|  0|  16|          16|          16|
    |add_ln703_102_fu_14356_p2    |     +    |      0|  0|  16|          16|          16|
    |add_ln703_103_fu_14017_p2    |     +    |      0|  0|  16|          16|          16|
    |add_ln703_104_fu_14361_p2    |     +    |      0|  0|  16|          16|          16|
    |add_ln703_105_fu_14022_p2    |     +    |      0|  0|  16|          16|          16|
    |add_ln703_106_fu_14026_p2    |     +    |      0|  0|  16|          16|          16|
    |add_ln703_107_fu_14366_p2    |     +    |      0|  0|  16|          16|          16|
    |add_ln703_108_fu_14371_p2    |     +    |      0|  0|  16|          16|          16|
    |add_ln703_109_fu_14377_p2    |     +    |      0|  0|  16|           4|          16|
    |add_ln703_10_fu_13799_p2     |     +    |      0|  0|  16|          16|          16|
    |add_ln703_110_fu_14383_p2    |     +    |      0|  0|  16|          16|          16|
    |add_ln703_111_fu_14389_p2    |     +    |      0|  0|  16|          16|          16|
    |add_ln703_112_fu_14398_p2    |     +    |      0|  0|  15|           3|          15|
    |add_ln703_113_fu_14408_p2    |     +    |      0|  0|  16|           6|          16|
    |add_ln703_114_fu_14414_p2    |     +    |      0|  0|  16|          16|          16|
    |add_ln703_11_fu_13805_p2     |     +    |      0|  0|  16|          16|          16|
    |add_ln703_12_fu_13810_p2     |     +    |      0|  0|  16|          16|          16|
    |add_ln703_13_fu_13816_p2     |     +    |      0|  0|  16|          16|          16|
    |add_ln703_14_fu_13822_p2     |     +    |      0|  0|  16|          16|          16|
    |add_ln703_15_fu_13827_p2     |     +    |      0|  0|  16|          16|          16|
    |add_ln703_16_fu_14046_p2     |     +    |      0|  0|  16|          16|          16|
    |add_ln703_17_fu_13833_p2     |     +    |      0|  0|  16|          16|          16|
    |add_ln703_18_fu_13838_p2     |     +    |      0|  0|  16|          16|          16|
    |add_ln703_19_fu_13844_p2     |     +    |      0|  0|  16|           6|          16|
    |add_ln703_1_fu_13748_p2      |     +    |      0|  0|  16|          16|          16|
    |add_ln703_20_fu_14050_p2     |     +    |      0|  0|  16|          16|          16|
    |add_ln703_21_fu_14055_p2     |     +    |      0|  0|  16|          16|          16|
    |add_ln703_22_fu_14060_p2     |     +    |      0|  0|  16|           8|          16|
    |add_ln703_23_fu_13850_p2     |     +    |      0|  0|  16|          15|          15|
    |add_ln703_24_fu_13856_p2     |     +    |      0|  0|  16|           2|          15|
    |add_ln703_25_fu_13862_p2     |     +    |      0|  0|  16|          16|          16|
    |add_ln703_26_fu_13866_p2     |     +    |      0|  0|  16|          16|          16|
    |add_ln703_27_fu_13871_p2     |     +    |      0|  0|  16|          16|          16|
    |add_ln703_28_fu_14069_p2     |     +    |      0|  0|  16|          16|          16|
    |add_ln703_29_fu_14074_p2     |     +    |      0|  0|  16|           6|          16|
    |add_ln703_2_fu_13753_p2      |     +    |      0|  0|  16|          16|          16|
    |add_ln703_30_fu_13877_p2     |     +    |      0|  0|  16|          16|          16|
    |add_ln703_31_fu_14080_p2     |     +    |      0|  0|  16|          16|          16|
    |add_ln703_32_fu_13883_p2     |     +    |      0|  0|  16|          16|          16|
    |add_ln703_33_fu_13888_p2     |     +    |      0|  0|  16|          16|          16|
    |add_ln703_34_fu_14085_p2     |     +    |      0|  0|  16|          16|          16|
    |add_ln703_35_fu_13894_p2     |     +    |      0|  0|  16|          16|          16|
    |add_ln703_36_fu_14090_p2     |     +    |      0|  0|  16|          16|          16|
    |add_ln703_37_fu_13899_p2     |     +    |      0|  0|  16|          16|          16|
    |add_ln703_38_fu_13904_p2     |     +    |      0|  0|  16|          16|          16|
    |add_ln703_39_fu_14095_p2     |     +    |      0|  0|  16|          16|          16|
    |add_ln703_3_fu_13759_p2      |     +    |      0|  0|  16|          16|          16|
    |add_ln703_40_fu_14100_p2     |     +    |      0|  0|  16|          16|          16|
    |add_ln703_41_fu_14106_p2     |     +    |      0|  0|  15|           6|          15|
    |add_ln703_42_fu_14116_p2     |     +    |      0|  0|  16|          16|          16|
    |add_ln703_43_fu_14122_p2     |     +    |      0|  0|  16|          16|          16|
    |add_ln703_44_fu_14131_p2     |     +    |      0|  0|  14|           8|          14|
    |add_ln703_45_fu_14141_p2     |     +    |      0|  0|  16|          16|          16|
    |add_ln703_46_fu_14147_p2     |     +    |      0|  0|  16|          16|          16|
    |add_ln703_47_fu_14152_p2     |     +    |      0|  0|  16|           2|          16|
    |add_ln703_48_fu_14158_p2     |     +    |      0|  0|  16|          16|          16|
    |add_ln703_49_fu_13910_p2     |     +    |      0|  0|  16|          16|          16|
    |add_ln703_4_fu_13765_p2      |     +    |      0|  0|  16|          16|          16|
    |add_ln703_50_fu_14164_p2     |     +    |      0|  0|  16|          16|          16|
    |add_ln703_51_fu_14169_p2     |     +    |      0|  0|  16|          16|          16|
    |add_ln703_52_fu_14175_p2     |     +    |      0|  0|  16|           5|          16|
    |add_ln703_53_fu_13915_p2     |     +    |      0|  0|  16|          16|          16|
    |add_ln703_54_fu_14181_p2     |     +    |      0|  0|  16|          16|          16|
    |add_ln703_55_fu_13921_p2     |     +    |      0|  0|  16|          16|          16|
    |add_ln703_56_fu_13926_p2     |     +    |      0|  0|  16|          16|          16|
    |add_ln703_57_fu_14186_p2     |     +    |      0|  0|  16|          16|          16|
    |add_ln703_58_fu_13932_p2     |     +    |      0|  0|  16|          16|          16|
    |add_ln703_59_fu_13937_p2     |     +    |      0|  0|  16|          16|          16|
    |add_ln703_5_fu_13771_p2      |     +    |      0|  0|  16|           7|          16|
    |add_ln703_60_fu_13943_p2     |     +    |      0|  0|  16|          16|          16|
    |add_ln703_61_fu_13948_p2     |     +    |      0|  0|  16|          16|          16|
    |add_ln703_62_fu_13953_p2     |     +    |      0|  0|  16|          16|          16|
    |add_ln703_63_fu_14191_p2     |     +    |      0|  0|  16|          16|          16|
    |add_ln703_64_fu_14196_p2     |     +    |      0|  0|  16|           6|          16|
    |add_ln703_65_fu_14202_p2     |     +    |      0|  0|  16|          16|          16|
    |add_ln703_66_fu_14208_p2     |     +    |      0|  0|  16|          16|          16|
    |add_ln703_67_fu_14217_p2     |     +    |      0|  0|   9|           7|           9|
    |add_ln703_68_fu_14227_p2     |     +    |      0|  0|  16|           6|          16|
    |add_ln703_69_fu_14233_p2     |     +    |      0|  0|  16|          16|          16|
    |add_ln703_6_fu_13777_p2      |     +    |      0|  0|  16|          16|          16|
    |add_ln703_70_fu_14239_p2     |     +    |      0|  0|  16|           3|          16|
    |add_ln703_71_fu_14245_p2     |     +    |      0|  0|  16|          16|          16|
    |add_ln703_72_fu_14251_p2     |     +    |      0|  0|  16|          16|          16|
    |add_ln703_73_fu_14257_p2     |     +    |      0|  0|  16|          16|          16|
    |add_ln703_74_fu_14263_p2     |     +    |      0|  0|  16|          16|          16|
    |add_ln703_75_fu_13959_p2     |     +    |      0|  0|  16|          16|          16|
    |add_ln703_76_fu_14269_p2     |     +    |      0|  0|  16|          16|          16|
    |add_ln703_77_fu_13964_p2     |     +    |      0|  0|  16|          16|          16|
    |add_ln703_78_fu_13969_p2     |     +    |      0|  0|  16|          16|          16|
    |add_ln703_79_fu_14274_p2     |     +    |      0|  0|  16|          16|          16|
    |add_ln703_7_fu_13783_p2      |     +    |      0|  0|  16|          16|          16|
    |add_ln703_80_fu_13974_p2     |     +    |      0|  0|  16|          16|          16|
    |add_ln703_81_fu_14279_p2     |     +    |      0|  0|  16|          16|          16|
    |add_ln703_82_fu_13979_p2     |     +    |      0|  0|  16|          16|          16|
    |add_ln703_83_fu_13984_p2     |     +    |      0|  0|  16|          16|          16|
    |add_ln703_84_fu_14284_p2     |     +    |      0|  0|  16|          16|          16|
    |add_ln703_85_fu_14289_p2     |     +    |      0|  0|  16|          16|          16|
    |add_ln703_86_fu_13990_p2     |     +    |      0|  0|  16|          16|          16|
    |add_ln703_87_fu_14295_p2     |     +    |      0|  0|  16|          16|          16|
    |add_ln703_88_fu_14300_p2     |     +    |      0|  0|  16|           4|          16|
    |add_ln703_89_fu_14306_p2     |     +    |      0|  0|  16|          16|          16|
    |add_ln703_8_fu_13788_p2      |     +    |      0|  0|  16|          16|          16|
    |add_ln703_90_fu_14312_p2     |     +    |      0|  0|  16|          16|          16|
    |add_ln703_91_fu_14318_p2     |     +    |      0|  0|  16|          16|          16|
    |add_ln703_92_fu_14323_p2     |     +    |      0|  0|  16|           1|          16|
    |add_ln703_93_fu_14329_p2     |     +    |      0|  0|  16|          16|          16|
    |add_ln703_94_fu_13995_p2     |     +    |      0|  0|  16|          16|          16|
    |add_ln703_95_fu_14334_p2     |     +    |      0|  0|  16|          16|          16|
    |add_ln703_96_fu_14339_p2     |     +    |      0|  0|  16|          16|          16|
    |add_ln703_97_fu_14345_p2     |     +    |      0|  0|  16|           5|          16|
    |add_ln703_98_fu_14001_p2     |     +    |      0|  0|  16|          16|          16|
    |add_ln703_99_fu_14351_p2     |     +    |      0|  0|  16|          16|          16|
    |add_ln703_9_fu_13794_p2      |     +    |      0|  0|  16|          16|          16|
    |add_ln703_fu_13743_p2        |     +    |      0|  0|  16|           4|          16|
    |sub_ln1118_10_fu_12781_p2    |     -    |      0|  0|  21|          21|          21|
    |sub_ln1118_11_fu_13471_p2    |     -    |      0|  0|  16|           1|          23|
    |sub_ln1118_12_fu_13488_p2    |     -    |      0|  0|  16|          23|          23|
    |sub_ln1118_13_fu_13508_p2    |     -    |      0|  0|  21|          21|          21|
    |sub_ln1118_14_fu_13549_p2    |     -    |      0|  0|  22|          22|          22|
    |sub_ln1118_15_fu_13586_p2    |     -    |      0|  0|  24|          24|          24|
    |sub_ln1118_16_fu_13666_p2    |     -    |      0|  0|  24|          24|          24|
    |sub_ln1118_17_fu_12925_p2    |     -    |      0|  0|  24|          24|          24|
    |sub_ln1118_18_fu_13723_p2    |     -    |      0|  0|  21|          21|          21|
    |sub_ln1118_19_fu_12995_p2    |     -    |      0|  0|  24|          24|          24|
    |sub_ln1118_1_fu_12483_p2     |     -    |      0|  0|  23|           1|          23|
    |sub_ln1118_20_fu_13613_p2    |     -    |      0|  0|  24|          24|          24|
    |sub_ln1118_21_fu_13696_p2    |     -    |      0|  0|  24|          24|          24|
    |sub_ln1118_2_fu_13202_p2     |     -    |      0|  0|  16|           1|          20|
    |sub_ln1118_3_fu_13219_p2     |     -    |      0|  0|  16|          20|          20|
    |sub_ln1118_4_fu_13253_p2     |     -    |      0|  0|  22|           1|          22|
    |sub_ln1118_5_fu_13301_p2     |     -    |      0|  0|  21|          21|          21|
    |sub_ln1118_6_fu_13335_p2     |     -    |      0|  0|  16|           1|          21|
    |sub_ln1118_7_fu_13352_p2     |     -    |      0|  0|  16|          21|          21|
    |sub_ln1118_8_fu_12723_p2     |     -    |      0|  0|  16|           1|          24|
    |sub_ln1118_9_fu_12741_p2     |     -    |      0|  0|  16|          24|          24|
    |sub_ln1118_fu_13080_p2       |     -    |      0|  0|  23|          23|          23|
    |ap_block_pp0_stage0_11001    |    and   |      0|  0|   2|           1|           1|
    |ap_block_pp0_stage0_subdone  |    or    |      0|  0|   2|           1|           1|
    |ap_enable_pp0                |    xor   |      0|  0|   2|           1|           2|
    +-----------------------------+----------+-------+---+----+------------+------------+
    |Total                        |          |     50|  0|2705|        2580|        3299|
    +-----------------------------+----------+-------+---+----+------------+------------+

    * Multiplexer: 
    +-------------------------+----+-----------+-----+-----------+
    |           Name          | LUT| Input Size| Bits| Total Bits|
    +-------------------------+----+-----------+-----+-----------+
    |ap_NS_fsm                |  15|          3|    1|          3|
    |ap_enable_reg_pp0_iter0  |   9|          2|    1|          2|
    |ap_enable_reg_pp0_iter1  |   9|          2|    1|          2|
    |grp_fu_439_p0            |  15|          3|   10|         30|
    |grp_fu_439_p1            |  15|          3|   16|         48|
    |grp_fu_440_p0            |  15|          3|   10|         30|
    |grp_fu_440_p1            |  15|          3|   16|         48|
    |grp_fu_446_p0            |  15|          3|   10|         30|
    |grp_fu_446_p1            |  15|          3|   16|         48|
    |grp_fu_448_p0            |  15|          3|    9|         27|
    |grp_fu_448_p1            |  15|          3|   16|         48|
    |grp_fu_450_p0            |  15|          3|    8|         24|
    |grp_fu_450_p1            |  15|          3|   16|         48|
    |grp_fu_452_p0            |  15|          3|   10|         30|
    |grp_fu_452_p1            |  15|          3|   16|         48|
    |grp_fu_453_p0            |  15|          3|   10|         30|
    |grp_fu_453_p1            |  15|          3|   16|         48|
    |grp_fu_455_p0            |  15|          3|   10|         30|
    |grp_fu_455_p1            |  15|          3|   16|         48|
    |grp_fu_458_p0            |  15|          3|    8|         24|
    |grp_fu_458_p1            |  15|          3|   16|         48|
    |grp_fu_459_p0            |  15|          3|    8|         24|
    |grp_fu_459_p1            |  15|          3|   16|         48|
    |grp_fu_461_p1            |  15|          3|   16|         48|
    |grp_fu_462_p0            |  15|          3|    9|         27|
    |grp_fu_462_p1            |  15|          3|   16|         48|
    |grp_fu_464_p0            |  15|          3|    8|         24|
    |grp_fu_464_p1            |  15|          3|   16|         48|
    |grp_fu_465_p0            |  15|          3|   10|         30|
    |grp_fu_465_p1            |  15|          3|   16|         48|
    |grp_fu_467_p0            |  15|          3|    9|         27|
    |grp_fu_467_p1            |  15|          3|   16|         48|
    |grp_fu_468_p1            |  15|          3|   16|         48|
    |grp_fu_473_p0            |  15|          3|   10|         30|
    |grp_fu_473_p1            |  15|          3|   16|         48|
    |grp_fu_477_p0            |  15|          3|   11|         33|
    |grp_fu_477_p1            |  15|          3|   16|         48|
    |grp_fu_484_p0            |  15|          3|    9|         27|
    |grp_fu_484_p1            |  15|          3|   16|         48|
    |grp_fu_485_p0            |  15|          3|    9|         27|
    |grp_fu_485_p1            |  15|          3|   16|         48|
    |grp_fu_486_p0            |  15|          3|    8|         24|
    |grp_fu_486_p1            |  15|          3|   16|         48|
    +-------------------------+----+-----------+-----+-----------+
    |Total                    | 633|        127|  515|       1543|
    +-------------------------+----+-----------+-----+-----------+

    * Register: 
    +-----------------------------+----+----+-----+-----------+
    |             Name            | FF | LUT| Bits| Const Bits|
    +-----------------------------+----+----+-----+-----------+
    |add_ln703_101_reg_14983      |  16|   0|   16|          0|
    |add_ln703_103_reg_14988      |  16|   0|   16|          0|
    |add_ln703_106_reg_14993      |  16|   0|   16|          0|
    |add_ln703_10_reg_14883       |  16|   0|   16|          0|
    |add_ln703_15_reg_14888       |  16|   0|   16|          0|
    |add_ln703_19_reg_14893       |  16|   0|   16|          0|
    |add_ln703_24_reg_14898       |  15|   0|   15|          0|
    |add_ln703_27_reg_14903       |  16|   0|   16|          0|
    |add_ln703_30_reg_14908       |  16|   0|   16|          0|
    |add_ln703_33_reg_14913       |  16|   0|   16|          0|
    |add_ln703_35_reg_14918       |  16|   0|   16|          0|
    |add_ln703_38_reg_14923       |  16|   0|   16|          0|
    |add_ln703_49_reg_14928       |  16|   0|   16|          0|
    |add_ln703_53_reg_14933       |  16|   0|   16|          0|
    |add_ln703_56_reg_14938       |  16|   0|   16|          0|
    |add_ln703_5_reg_14878        |  16|   0|   16|          0|
    |add_ln703_62_reg_14943       |  16|   0|   16|          0|
    |add_ln703_75_reg_14948       |  16|   0|   16|          0|
    |add_ln703_78_reg_14953       |  16|   0|   16|          0|
    |add_ln703_80_reg_14958       |  16|   0|   16|          0|
    |add_ln703_83_reg_14963       |  16|   0|   16|          0|
    |add_ln703_86_reg_14968       |  16|   0|   16|          0|
    |add_ln703_94_reg_14973       |  16|   0|   16|          0|
    |add_ln703_98_reg_14978       |  16|   0|   16|          0|
    |ap_CS_fsm                    |   2|   0|    2|          0|
    |ap_enable_reg_pp0_iter0_reg  |   1|   0|    1|          0|
    |ap_enable_reg_pp0_iter1      |   1|   0|    1|          0|
    |data_0_V_read_5_reg_14538    |  16|   0|   16|          0|
    |data_10_V_read11_reg_14507   |  16|   0|   16|          0|
    |data_13_V_read_3_reg_14500   |  16|   0|   16|          0|
    |data_14_V_read_3_reg_14493   |  16|   0|   16|          0|
    |data_16_V_read_3_reg_14487   |  16|   0|   16|          0|
    |data_19_V_read_3_reg_14480   |  16|   0|   16|          0|
    |data_3_V_read_4_reg_14533    |  16|   0|   16|          0|
    |data_4_V_read_5_reg_14525    |  16|   0|   16|          0|
    |data_7_V_read_5_reg_14517    |  16|   0|   16|          0|
    |mult_0_V_reg_14551           |  16|   0|   16|          0|
    |mult_12_V_reg_14630          |  16|   0|   16|          0|
    |mult_14_V_reg_14641          |  16|   0|   16|          0|
    |mult_19_V_reg_14668          |  16|   0|   16|          0|
    |mult_22_V_reg_14678          |  16|   0|   16|          0|
    |mult_23_V_reg_14683          |  16|   0|   16|          0|
    |mult_25_V_reg_14688          |  16|   0|   16|          0|
    |mult_2_V_reg_14569           |  16|   0|   16|          0|
    |mult_32_V_reg_14703          |  16|   0|   16|          0|
    |mult_35_V_reg_14708          |  16|   0|   16|          0|
    |mult_37_V_reg_14713          |  16|   0|   16|          0|
    |mult_41_V_reg_14843          |  16|   0|   16|          0|
    |mult_45_V_reg_14723          |  16|   0|   16|          0|
    |mult_52_V_reg_14733          |  16|   0|   16|          0|
    |mult_55_V_reg_14738          |  16|   0|   16|          0|
    |mult_56_V_reg_14743          |  16|   0|   16|          0|
    |mult_57_V_reg_14748          |  16|   0|   16|          0|
    |mult_5_V_reg_14594           |  16|   0|   16|          0|
    |mult_66_V_reg_14753          |  16|   0|   16|          0|
    |mult_68_V_reg_14758          |  16|   0|   16|          0|
    |mult_69_V_reg_14763          |  16|   0|   16|          0|
    |mult_72_V_reg_14773          |  16|   0|   16|          0|
    |mult_75_V_reg_14778          |  16|   0|   16|          0|
    |mult_78_V_reg_14783          |  16|   0|   16|          0|
    |mult_80_V_reg_14863          |  16|   0|   16|          0|
    |mult_84_V_reg_14873          |  16|   0|   16|          0|
    |mult_88_V_reg_14793          |  16|   0|   16|          0|
    |mult_89_V_reg_14798          |  16|   0|   16|          0|
    |mult_8_V_reg_14610           |  16|   0|   16|          0|
    |mult_95_V_reg_14803          |  16|   0|   16|          0|
    |mult_96_V_reg_14808          |  16|   0|   16|          0|
    |mult_97_V_reg_14813          |  16|   0|   16|          0|
    |mult_98_V_reg_14818          |  16|   0|   16|          0|
    |reg_12129                    |  16|   0|   16|          0|
    |reg_12133                    |  16|   0|   16|          0|
    |reg_12137                    |  16|   0|   16|          0|
    |reg_12141                    |  16|   0|   16|          0|
    |reg_12145                    |  16|   0|   16|          0|
    |reg_12149                    |  16|   0|   16|          0|
    |reg_12153                    |  16|   0|   16|          0|
    |reg_12157                    |  16|   0|   16|          0|
    |reg_12161                    |  16|   0|   16|          0|
    |reg_12165                    |  16|   0|   16|          0|
    |reg_12169                    |  16|   0|   16|          0|
    |reg_12173                    |  16|   0|   16|          0|
    |reg_12177                    |  16|   0|   16|          0|
    |reg_12181                    |  16|   0|   16|          0|
    |reg_12185                    |  16|   0|   16|          0|
    |reg_12189                    |  16|   0|   16|          0|
    |sext_ln1118_10_reg_14589     |  24|   0|   24|          0|
    |sext_ln1118_12_reg_14599     |  24|   0|   24|          0|
    |sext_ln1118_13_reg_14605     |  24|   0|   24|          0|
    |sext_ln1118_1_reg_14545      |  24|   0|   24|          0|
    |sext_ln1118_24_reg_14620     |  24|   0|   24|          0|
    |sext_ln1118_28_reg_14635     |  24|   0|   24|          0|
    |sext_ln1118_2_reg_14556      |  24|   0|   24|          0|
    |sext_ln1118_36_reg_14656     |  24|   0|   24|          0|
    |sext_ln1118_38_reg_14661     |  24|   0|   24|          0|
    |sext_ln1118_3_reg_14563      |  24|   0|   24|          0|
    |sext_ln1118_5_reg_14574      |  24|   0|   24|          0|
    |tmp_4_reg_14673              |  14|   0|   14|          0|
    |tmp_5_reg_14838              |  13|   0|   13|          0|
    |tmp_6_reg_14823              |  11|   0|   11|          0|
    |tmp_7_reg_14828              |   8|   0|    8|          0|
    |tmp_8_reg_14833              |  14|   0|   14|          0|
    |trunc_ln708_10_reg_14698     |  13|   0|   13|          0|
    |trunc_ln708_12_reg_14718     |  12|   0|   12|          0|
    |trunc_ln708_13_reg_14848     |  15|   0|   15|          0|
    |trunc_ln708_14_reg_14728     |  13|   0|   13|          0|
    |trunc_ln708_18_reg_14853     |  14|   0|   14|          0|
    |trunc_ln708_19_reg_14858     |  14|   0|   14|          0|
    |trunc_ln708_1_reg_14584      |  15|   0|   15|          0|
    |trunc_ln708_20_reg_14768     |  14|   0|   14|          0|
    |trunc_ln708_21_reg_14868     |  15|   0|   15|          0|
    |trunc_ln708_22_reg_14788     |  13|   0|   13|          0|
    |trunc_ln708_2_reg_14646      |  15|   0|   15|          0|
    |trunc_ln708_3_reg_14651      |  15|   0|   15|          0|
    |trunc_ln708_6_reg_14615      |  15|   0|   15|          0|
    |trunc_ln708_8_reg_14625      |  13|   0|   13|          0|
    |trunc_ln708_9_reg_14693      |  15|   0|   15|          0|
    |trunc_ln_reg_14579           |  13|   0|   13|          0|
    +-----------------------------+----+----+-----+-----------+
    |Total                        |1863|   0| 1863|          0|
    +-----------------------------+----+----+-----+-----------+



================================================================
== Interface
================================================================
* Summary: 
+----------------+-----+-----+------------+----------------------------------+--------------+
|    RTL Ports   | Dir | Bits|  Protocol  |           Source Object          |    C Type    |
+----------------+-----+-----+------------+----------------------------------+--------------+
|ap_clk          |  in |    1| ap_ctrl_hs | pointwise_conv_1d_cl.0.0.0.0.0.0 | return value |
|ap_rst          |  in |    1| ap_ctrl_hs | pointwise_conv_1d_cl.0.0.0.0.0.0 | return value |
|ap_start        |  in |    1| ap_ctrl_hs | pointwise_conv_1d_cl.0.0.0.0.0.0 | return value |
|ap_done         | out |    1| ap_ctrl_hs | pointwise_conv_1d_cl.0.0.0.0.0.0 | return value |
|ap_idle         | out |    1| ap_ctrl_hs | pointwise_conv_1d_cl.0.0.0.0.0.0 | return value |
|ap_ready        | out |    1| ap_ctrl_hs | pointwise_conv_1d_cl.0.0.0.0.0.0 | return value |
|ap_ce           |  in |    1| ap_ctrl_hs | pointwise_conv_1d_cl.0.0.0.0.0.0 | return value |
|ap_return_0     | out |   16| ap_ctrl_hs | pointwise_conv_1d_cl.0.0.0.0.0.0 | return value |
|ap_return_1     | out |   16| ap_ctrl_hs | pointwise_conv_1d_cl.0.0.0.0.0.0 | return value |
|ap_return_2     | out |   16| ap_ctrl_hs | pointwise_conv_1d_cl.0.0.0.0.0.0 | return value |
|ap_return_3     | out |   16| ap_ctrl_hs | pointwise_conv_1d_cl.0.0.0.0.0.0 | return value |
|ap_return_4     | out |   16| ap_ctrl_hs | pointwise_conv_1d_cl.0.0.0.0.0.0 | return value |
|ap_return_5     | out |   16| ap_ctrl_hs | pointwise_conv_1d_cl.0.0.0.0.0.0 | return value |
|ap_return_6     | out |   16| ap_ctrl_hs | pointwise_conv_1d_cl.0.0.0.0.0.0 | return value |
|ap_return_7     | out |   16| ap_ctrl_hs | pointwise_conv_1d_cl.0.0.0.0.0.0 | return value |
|ap_return_8     | out |   16| ap_ctrl_hs | pointwise_conv_1d_cl.0.0.0.0.0.0 | return value |
|ap_return_9     | out |   16| ap_ctrl_hs | pointwise_conv_1d_cl.0.0.0.0.0.0 | return value |
|data_0_V_read   |  in |   16|   ap_none  |           data_0_V_read          |    scalar    |
|data_1_V_read   |  in |   16|   ap_none  |           data_1_V_read          |    scalar    |
|data_2_V_read   |  in |   16|   ap_none  |           data_2_V_read          |    scalar    |
|data_3_V_read   |  in |   16|   ap_none  |           data_3_V_read          |    scalar    |
|data_4_V_read   |  in |   16|   ap_none  |           data_4_V_read          |    scalar    |
|data_5_V_read   |  in |   16|   ap_none  |           data_5_V_read          |    scalar    |
|data_6_V_read   |  in |   16|   ap_none  |           data_6_V_read          |    scalar    |
|data_7_V_read   |  in |   16|   ap_none  |           data_7_V_read          |    scalar    |
|data_8_V_read   |  in |   16|   ap_none  |           data_8_V_read          |    scalar    |
|data_9_V_read   |  in |   16|   ap_none  |           data_9_V_read          |    scalar    |
|data_10_V_read  |  in |   16|   ap_none  |          data_10_V_read          |    scalar    |
|data_11_V_read  |  in |   16|   ap_none  |          data_11_V_read          |    scalar    |
|data_12_V_read  |  in |   16|   ap_none  |          data_12_V_read          |    scalar    |
|data_13_V_read  |  in |   16|   ap_none  |          data_13_V_read          |    scalar    |
|data_14_V_read  |  in |   16|   ap_none  |          data_14_V_read          |    scalar    |
|data_15_V_read  |  in |   16|   ap_none  |          data_15_V_read          |    scalar    |
|data_16_V_read  |  in |   16|   ap_none  |          data_16_V_read          |    scalar    |
|data_17_V_read  |  in |   16|   ap_none  |          data_17_V_read          |    scalar    |
|data_18_V_read  |  in |   16|   ap_none  |          data_18_V_read          |    scalar    |
|data_19_V_read  |  in |   16|   ap_none  |          data_19_V_read          |    scalar    |
+----------------+-----+-----+------------+----------------------------------+--------------+

