

================================================================
== Vivado HLS Report for 'relu_ap_fixed_ap_fixed_16_8_5_3_0_relu_config5_s'
================================================================
* Date:           Fri Jun  3 16:17:39 2022

* Version:        2019.1 (Build 2552052 on Fri May 24 15:28:33 MDT 2019)
* Project:        myproject_prj
* Solution:       solution1
* Product family: virtexuplus
* Target device:  xcvu9p-flgb2104-2-i


================================================================
== Performance Estimates
================================================================
+ Timing (ns): 
    * Summary: 
    +--------+-------+----------+------------+
    |  Clock | Target| Estimated| Uncertainty|
    +--------+-------+----------+------------+
    |ap_clk  |   5.00|     0.969|        0.62|
    +--------+-------+----------+------------+

+ Latency (clock cycles): 
    * Summary: 
    +-----+-----+-----+-----+----------+
    |  Latency  |  Interval | Pipeline |
    | min | max | min | max |   Type   |
    +-----+-----+-----+-----+----------+
    |    0|    0|    1|    1| function |
    +-----+-----+-----+-----+----------+

    + Detail: 
        * Instance: 
        N/A

        * Loop: 
        N/A



================================================================
== Utilization Estimates
================================================================
* Summary: 
+---------------------+---------+-------+---------+---------+-----+
|         Name        | BRAM_18K| DSP48E|    FF   |   LUT   | URAM|
+---------------------+---------+-------+---------+---------+-----+
|DSP                  |        -|      -|        -|        -|    -|
|Expression           |        -|      -|        0|     1402|    -|
|FIFO                 |        -|      -|        -|        -|    -|
|Instance             |        -|      -|        -|        -|    -|
|Memory               |        -|      -|        -|        -|    -|
|Multiplexer          |        -|      -|        -|      459|    -|
|Register             |        -|      -|      752|        -|    -|
+---------------------+---------+-------+---------+---------+-----+
|Total                |        0|      0|      752|     1861|    0|
+---------------------+---------+-------+---------+---------+-----+
|Available SLR        |     1440|   2280|   788160|   394080|  320|
+---------------------+---------+-------+---------+---------+-----+
|Utilization SLR (%)  |        0|      0|    ~0   |    ~0   |    0|
+---------------------+---------+-------+---------+---------+-----+
|Available            |     4320|   6840|  2364480|  1182240|  960|
+---------------------+---------+-------+---------+---------+-----+
|Utilization (%)      |        0|      0|    ~0   |    ~0   |    0|
+---------------------+---------+-------+---------+---------+-----+

+ Detail: 
    * Instance: 
    N/A

    * DSP48E: 
    N/A

    * Memory: 
    N/A

    * FIFO: 
    N/A

    * Expression: 
    +---------------------------+----------+-------+---+----+------------+------------+
    |       Variable Name       | Operation| DSP48E| FF| LUT| Bitwidth P0| Bitwidth P1|
    +---------------------------+----------+-------+---+----+------------+------------+
    |icmp_ln1494_10_fu_608_p2   |   icmp   |      0|  0|  13|          16|           1|
    |icmp_ln1494_11_fu_626_p2   |   icmp   |      0|  0|  13|          16|           1|
    |icmp_ln1494_12_fu_644_p2   |   icmp   |      0|  0|  13|          16|           1|
    |icmp_ln1494_13_fu_662_p2   |   icmp   |      0|  0|  13|          16|           1|
    |icmp_ln1494_14_fu_680_p2   |   icmp   |      0|  0|  13|          16|           1|
    |icmp_ln1494_15_fu_698_p2   |   icmp   |      0|  0|  13|          16|           1|
    |icmp_ln1494_16_fu_716_p2   |   icmp   |      0|  0|  13|          16|           1|
    |icmp_ln1494_17_fu_734_p2   |   icmp   |      0|  0|  13|          16|           1|
    |icmp_ln1494_18_fu_752_p2   |   icmp   |      0|  0|  13|          16|           1|
    |icmp_ln1494_19_fu_770_p2   |   icmp   |      0|  0|  13|          16|           1|
    |icmp_ln1494_1_fu_446_p2    |   icmp   |      0|  0|  13|          16|           1|
    |icmp_ln1494_20_fu_788_p2   |   icmp   |      0|  0|  13|          16|           1|
    |icmp_ln1494_21_fu_806_p2   |   icmp   |      0|  0|  13|          16|           1|
    |icmp_ln1494_22_fu_824_p2   |   icmp   |      0|  0|  13|          16|           1|
    |icmp_ln1494_23_fu_842_p2   |   icmp   |      0|  0|  13|          16|           1|
    |icmp_ln1494_24_fu_860_p2   |   icmp   |      0|  0|  13|          16|           1|
    |icmp_ln1494_25_fu_878_p2   |   icmp   |      0|  0|  13|          16|           1|
    |icmp_ln1494_26_fu_896_p2   |   icmp   |      0|  0|  13|          16|           1|
    |icmp_ln1494_27_fu_914_p2   |   icmp   |      0|  0|  13|          16|           1|
    |icmp_ln1494_28_fu_932_p2   |   icmp   |      0|  0|  13|          16|           1|
    |icmp_ln1494_29_fu_950_p2   |   icmp   |      0|  0|  13|          16|           1|
    |icmp_ln1494_2_fu_464_p2    |   icmp   |      0|  0|  13|          16|           1|
    |icmp_ln1494_30_fu_968_p2   |   icmp   |      0|  0|  13|          16|           1|
    |icmp_ln1494_31_fu_986_p2   |   icmp   |      0|  0|  13|          16|           1|
    |icmp_ln1494_32_fu_1004_p2  |   icmp   |      0|  0|  13|          16|           1|
    |icmp_ln1494_33_fu_1022_p2  |   icmp   |      0|  0|  13|          16|           1|
    |icmp_ln1494_34_fu_1040_p2  |   icmp   |      0|  0|  13|          16|           1|
    |icmp_ln1494_35_fu_1058_p2  |   icmp   |      0|  0|  13|          16|           1|
    |icmp_ln1494_36_fu_1076_p2  |   icmp   |      0|  0|  13|          16|           1|
    |icmp_ln1494_37_fu_1094_p2  |   icmp   |      0|  0|  13|          16|           1|
    |icmp_ln1494_38_fu_1112_p2  |   icmp   |      0|  0|  13|          16|           1|
    |icmp_ln1494_39_fu_1130_p2  |   icmp   |      0|  0|  13|          16|           1|
    |icmp_ln1494_3_fu_482_p2    |   icmp   |      0|  0|  13|          16|           1|
    |icmp_ln1494_40_fu_1148_p2  |   icmp   |      0|  0|  13|          16|           1|
    |icmp_ln1494_41_fu_1166_p2  |   icmp   |      0|  0|  13|          16|           1|
    |icmp_ln1494_42_fu_1184_p2  |   icmp   |      0|  0|  13|          16|           1|
    |icmp_ln1494_43_fu_1202_p2  |   icmp   |      0|  0|  13|          16|           1|
    |icmp_ln1494_44_fu_1220_p2  |   icmp   |      0|  0|  13|          16|           1|
    |icmp_ln1494_45_fu_1238_p2  |   icmp   |      0|  0|  13|          16|           1|
    |icmp_ln1494_46_fu_1256_p2  |   icmp   |      0|  0|  13|          16|           1|
    |icmp_ln1494_47_fu_1274_p2  |   icmp   |      0|  0|  13|          16|           1|
    |icmp_ln1494_48_fu_1292_p2  |   icmp   |      0|  0|  13|          16|           1|
    |icmp_ln1494_49_fu_1310_p2  |   icmp   |      0|  0|  13|          16|           1|
    |icmp_ln1494_4_fu_500_p2    |   icmp   |      0|  0|  13|          16|           1|
    |icmp_ln1494_5_fu_518_p2    |   icmp   |      0|  0|  13|          16|           1|
    |icmp_ln1494_6_fu_536_p2    |   icmp   |      0|  0|  13|          16|           1|
    |icmp_ln1494_7_fu_554_p2    |   icmp   |      0|  0|  13|          16|           1|
    |icmp_ln1494_8_fu_572_p2    |   icmp   |      0|  0|  13|          16|           1|
    |icmp_ln1494_9_fu_590_p2    |   icmp   |      0|  0|  13|          16|           1|
    |icmp_ln1494_fu_428_p2      |   icmp   |      0|  0|  13|          16|           1|
    |ap_block_state1            |    or    |      0|  0|   2|           1|           1|
    |select_ln81_20_fu_452_p3   |  select  |      0|  0|  15|           1|          15|
    |select_ln81_21_fu_470_p3   |  select  |      0|  0|  15|           1|          15|
    |select_ln81_22_fu_488_p3   |  select  |      0|  0|  15|           1|          15|
    |select_ln81_23_fu_506_p3   |  select  |      0|  0|  15|           1|          15|
    |select_ln81_24_fu_524_p3   |  select  |      0|  0|  15|           1|          15|
    |select_ln81_25_fu_542_p3   |  select  |      0|  0|  15|           1|          15|
    |select_ln81_26_fu_560_p3   |  select  |      0|  0|  15|           1|          15|
    |select_ln81_27_fu_578_p3   |  select  |      0|  0|  15|           1|          15|
    |select_ln81_28_fu_596_p3   |  select  |      0|  0|  15|           1|          15|
    |select_ln81_29_fu_614_p3   |  select  |      0|  0|  15|           1|          15|
    |select_ln81_30_fu_632_p3   |  select  |      0|  0|  15|           1|          15|
    |select_ln81_31_fu_650_p3   |  select  |      0|  0|  15|           1|          15|
    |select_ln81_32_fu_668_p3   |  select  |      0|  0|  15|           1|          15|
    |select_ln81_33_fu_686_p3   |  select  |      0|  0|  15|           1|          15|
    |select_ln81_34_fu_704_p3   |  select  |      0|  0|  15|           1|          15|
    |select_ln81_35_fu_722_p3   |  select  |      0|  0|  15|           1|          15|
    |select_ln81_36_fu_740_p3   |  select  |      0|  0|  15|           1|          15|
    |select_ln81_37_fu_758_p3   |  select  |      0|  0|  15|           1|          15|
    |select_ln81_38_fu_776_p3   |  select  |      0|  0|  15|           1|          15|
    |select_ln81_39_fu_794_p3   |  select  |      0|  0|  15|           1|          15|
    |select_ln81_40_fu_812_p3   |  select  |      0|  0|  15|           1|          15|
    |select_ln81_41_fu_830_p3   |  select  |      0|  0|  15|           1|          15|
    |select_ln81_42_fu_848_p3   |  select  |      0|  0|  15|           1|          15|
    |select_ln81_43_fu_866_p3   |  select  |      0|  0|  15|           1|          15|
    |select_ln81_44_fu_884_p3   |  select  |      0|  0|  15|           1|          15|
    |select_ln81_45_fu_902_p3   |  select  |      0|  0|  15|           1|          15|
    |select_ln81_46_fu_920_p3   |  select  |      0|  0|  15|           1|          15|
    |select_ln81_47_fu_938_p3   |  select  |      0|  0|  15|           1|          15|
    |select_ln81_48_fu_956_p3   |  select  |      0|  0|  15|           1|          15|
    |select_ln81_49_fu_974_p3   |  select  |      0|  0|  15|           1|          15|
    |select_ln81_50_fu_992_p3   |  select  |      0|  0|  15|           1|          15|
    |select_ln81_51_fu_1010_p3  |  select  |      0|  0|  15|           1|          15|
    |select_ln81_52_fu_1028_p3  |  select  |      0|  0|  15|           1|          15|
    |select_ln81_53_fu_1046_p3  |  select  |      0|  0|  15|           1|          15|
    |select_ln81_54_fu_1064_p3  |  select  |      0|  0|  15|           1|          15|
    |select_ln81_55_fu_1082_p3  |  select  |      0|  0|  15|           1|          15|
    |select_ln81_56_fu_1100_p3  |  select  |      0|  0|  15|           1|          15|
    |select_ln81_57_fu_1118_p3  |  select  |      0|  0|  15|           1|          15|
    |select_ln81_58_fu_1136_p3  |  select  |      0|  0|  15|           1|          15|
    |select_ln81_59_fu_1154_p3  |  select  |      0|  0|  15|           1|          15|
    |select_ln81_60_fu_1172_p3  |  select  |      0|  0|  15|           1|          15|
    |select_ln81_61_fu_1190_p3  |  select  |      0|  0|  15|           1|          15|
    |select_ln81_62_fu_1208_p3  |  select  |      0|  0|  15|           1|          15|
    |select_ln81_63_fu_1226_p3  |  select  |      0|  0|  15|           1|          15|
    |select_ln81_64_fu_1244_p3  |  select  |      0|  0|  15|           1|          15|
    |select_ln81_65_fu_1262_p3  |  select  |      0|  0|  15|           1|          15|
    |select_ln81_66_fu_1280_p3  |  select  |      0|  0|  15|           1|          15|
    |select_ln81_67_fu_1298_p3  |  select  |      0|  0|  15|           1|          15|
    |select_ln81_68_fu_1316_p3  |  select  |      0|  0|  15|           1|          15|
    |select_ln81_fu_434_p3      |  select  |      0|  0|  15|           1|          15|
    +---------------------------+----------+-------+---+----+------------+------------+
    |Total                      |          |      0|  0|1402|         851|         801|
    +---------------------------+----------+-------+---+----+------------+------------+

    * Multiplexer: 
    +--------------+----+-----------+-----+-----------+
    |     Name     | LUT| Input Size| Bits| Total Bits|
    +--------------+----+-----------+-----+-----------+
    |ap_done       |   9|          2|    1|          2|
    |ap_return_0   |   9|          2|   15|         30|
    |ap_return_1   |   9|          2|   15|         30|
    |ap_return_10  |   9|          2|   15|         30|
    |ap_return_11  |   9|          2|   15|         30|
    |ap_return_12  |   9|          2|   15|         30|
    |ap_return_13  |   9|          2|   15|         30|
    |ap_return_14  |   9|          2|   15|         30|
    |ap_return_15  |   9|          2|   15|         30|
    |ap_return_16  |   9|          2|   15|         30|
    |ap_return_17  |   9|          2|   15|         30|
    |ap_return_18  |   9|          2|   15|         30|
    |ap_return_19  |   9|          2|   15|         30|
    |ap_return_2   |   9|          2|   15|         30|
    |ap_return_20  |   9|          2|   15|         30|
    |ap_return_21  |   9|          2|   15|         30|
    |ap_return_22  |   9|          2|   15|         30|
    |ap_return_23  |   9|          2|   15|         30|
    |ap_return_24  |   9|          2|   15|         30|
    |ap_return_25  |   9|          2|   15|         30|
    |ap_return_26  |   9|          2|   15|         30|
    |ap_return_27  |   9|          2|   15|         30|
    |ap_return_28  |   9|          2|   15|         30|
    |ap_return_29  |   9|          2|   15|         30|
    |ap_return_3   |   9|          2|   15|         30|
    |ap_return_30  |   9|          2|   15|         30|
    |ap_return_31  |   9|          2|   15|         30|
    |ap_return_32  |   9|          2|   15|         30|
    |ap_return_33  |   9|          2|   15|         30|
    |ap_return_34  |   9|          2|   15|         30|
    |ap_return_35  |   9|          2|   15|         30|
    |ap_return_36  |   9|          2|   15|         30|
    |ap_return_37  |   9|          2|   15|         30|
    |ap_return_38  |   9|          2|   15|         30|
    |ap_return_39  |   9|          2|   15|         30|
    |ap_return_4   |   9|          2|   15|         30|
    |ap_return_40  |   9|          2|   15|         30|
    |ap_return_41  |   9|          2|   15|         30|
    |ap_return_42  |   9|          2|   15|         30|
    |ap_return_43  |   9|          2|   15|         30|
    |ap_return_44  |   9|          2|   15|         30|
    |ap_return_45  |   9|          2|   15|         30|
    |ap_return_46  |   9|          2|   15|         30|
    |ap_return_47  |   9|          2|   15|         30|
    |ap_return_48  |   9|          2|   15|         30|
    |ap_return_49  |   9|          2|   15|         30|
    |ap_return_5   |   9|          2|   15|         30|
    |ap_return_6   |   9|          2|   15|         30|
    |ap_return_7   |   9|          2|   15|         30|
    |ap_return_8   |   9|          2|   15|         30|
    |ap_return_9   |   9|          2|   15|         30|
    +--------------+----+-----------+-----+-----------+
    |Total         | 459|        102|  751|       1502|
    +--------------+----+-----------+-----+-----------+

    * Register: 
    +-------------------+----+----+-----+-----------+
    |        Name       | FF | LUT| Bits| Const Bits|
    +-------------------+----+----+-----+-----------+
    |ap_CS_fsm          |   1|   0|    1|          0|
    |ap_done_reg        |   1|   0|    1|          0|
    |ap_return_0_preg   |  15|   0|   15|          0|
    |ap_return_10_preg  |  15|   0|   15|          0|
    |ap_return_11_preg  |  15|   0|   15|          0|
    |ap_return_12_preg  |  15|   0|   15|          0|
    |ap_return_13_preg  |  15|   0|   15|          0|
    |ap_return_14_preg  |  15|   0|   15|          0|
    |ap_return_15_preg  |  15|   0|   15|          0|
    |ap_return_16_preg  |  15|   0|   15|          0|
    |ap_return_17_preg  |  15|   0|   15|          0|
    |ap_return_18_preg  |  15|   0|   15|          0|
    |ap_return_19_preg  |  15|   0|   15|          0|
    |ap_return_1_preg   |  15|   0|   15|          0|
    |ap_return_20_preg  |  15|   0|   15|          0|
    |ap_return_21_preg  |  15|   0|   15|          0|
    |ap_return_22_preg  |  15|   0|   15|          0|
    |ap_return_23_preg  |  15|   0|   15|          0|
    |ap_return_24_preg  |  15|   0|   15|          0|
    |ap_return_25_preg  |  15|   0|   15|          0|
    |ap_return_26_preg  |  15|   0|   15|          0|
    |ap_return_27_preg  |  15|   0|   15|          0|
    |ap_return_28_preg  |  15|   0|   15|          0|
    |ap_return_29_preg  |  15|   0|   15|          0|
    |ap_return_2_preg   |  15|   0|   15|          0|
    |ap_return_30_preg  |  15|   0|   15|          0|
    |ap_return_31_preg  |  15|   0|   15|          0|
    |ap_return_32_preg  |  15|   0|   15|          0|
    |ap_return_33_preg  |  15|   0|   15|          0|
    |ap_return_34_preg  |  15|   0|   15|          0|
    |ap_return_35_preg  |  15|   0|   15|          0|
    |ap_return_36_preg  |  15|   0|   15|          0|
    |ap_return_37_preg  |  15|   0|   15|          0|
    |ap_return_38_preg  |  15|   0|   15|          0|
    |ap_return_39_preg  |  15|   0|   15|          0|
    |ap_return_3_preg   |  15|   0|   15|          0|
    |ap_return_40_preg  |  15|   0|   15|          0|
    |ap_return_41_preg  |  15|   0|   15|          0|
    |ap_return_42_preg  |  15|   0|   15|          0|
    |ap_return_43_preg  |  15|   0|   15|          0|
    |ap_return_44_preg  |  15|   0|   15|          0|
    |ap_return_45_preg  |  15|   0|   15|          0|
    |ap_return_46_preg  |  15|   0|   15|          0|
    |ap_return_47_preg  |  15|   0|   15|          0|
    |ap_return_48_preg  |  15|   0|   15|          0|
    |ap_return_49_preg  |  15|   0|   15|          0|
    |ap_return_4_preg   |  15|   0|   15|          0|
    |ap_return_5_preg   |  15|   0|   15|          0|
    |ap_return_6_preg   |  15|   0|   15|          0|
    |ap_return_7_preg   |  15|   0|   15|          0|
    |ap_return_8_preg   |  15|   0|   15|          0|
    |ap_return_9_preg   |  15|   0|   15|          0|
    +-------------------+----+----+-----+-----------+
    |Total              | 752|   0|  752|          0|
    +-------------------+----+----+-----+-----------+



================================================================
== Interface
================================================================
* Summary: 
+----------------+-----+-----+------------+--------------------------------------------------+--------------+
|    RTL Ports   | Dir | Bits|  Protocol  |                   Source Object                  |    C Type    |
+----------------+-----+-----+------------+--------------------------------------------------+--------------+
|ap_clk          |  in |    1| ap_ctrl_hs | relu<ap_fixed,ap_fixed<16,8,5,3,0>,relu_config5> | return value |
|ap_rst          |  in |    1| ap_ctrl_hs | relu<ap_fixed,ap_fixed<16,8,5,3,0>,relu_config5> | return value |
|ap_start        |  in |    1| ap_ctrl_hs | relu<ap_fixed,ap_fixed<16,8,5,3,0>,relu_config5> | return value |
|ap_done         | out |    1| ap_ctrl_hs | relu<ap_fixed,ap_fixed<16,8,5,3,0>,relu_config5> | return value |
|ap_continue     |  in |    1| ap_ctrl_hs | relu<ap_fixed,ap_fixed<16,8,5,3,0>,relu_config5> | return value |
|ap_idle         | out |    1| ap_ctrl_hs | relu<ap_fixed,ap_fixed<16,8,5,3,0>,relu_config5> | return value |
|ap_ready        | out |    1| ap_ctrl_hs | relu<ap_fixed,ap_fixed<16,8,5,3,0>,relu_config5> | return value |
|ap_return_0     | out |   15| ap_ctrl_hs | relu<ap_fixed,ap_fixed<16,8,5,3,0>,relu_config5> | return value |
|ap_return_1     | out |   15| ap_ctrl_hs | relu<ap_fixed,ap_fixed<16,8,5,3,0>,relu_config5> | return value |
|ap_return_2     | out |   15| ap_ctrl_hs | relu<ap_fixed,ap_fixed<16,8,5,3,0>,relu_config5> | return value |
|ap_return_3     | out |   15| ap_ctrl_hs | relu<ap_fixed,ap_fixed<16,8,5,3,0>,relu_config5> | return value |
|ap_return_4     | out |   15| ap_ctrl_hs | relu<ap_fixed,ap_fixed<16,8,5,3,0>,relu_config5> | return value |
|ap_return_5     | out |   15| ap_ctrl_hs | relu<ap_fixed,ap_fixed<16,8,5,3,0>,relu_config5> | return value |
|ap_return_6     | out |   15| ap_ctrl_hs | relu<ap_fixed,ap_fixed<16,8,5,3,0>,relu_config5> | return value |
|ap_return_7     | out |   15| ap_ctrl_hs | relu<ap_fixed,ap_fixed<16,8,5,3,0>,relu_config5> | return value |
|ap_return_8     | out |   15| ap_ctrl_hs | relu<ap_fixed,ap_fixed<16,8,5,3,0>,relu_config5> | return value |
|ap_return_9     | out |   15| ap_ctrl_hs | relu<ap_fixed,ap_fixed<16,8,5,3,0>,relu_config5> | return value |
|ap_return_10    | out |   15| ap_ctrl_hs | relu<ap_fixed,ap_fixed<16,8,5,3,0>,relu_config5> | return value |
|ap_return_11    | out |   15| ap_ctrl_hs | relu<ap_fixed,ap_fixed<16,8,5,3,0>,relu_config5> | return value |
|ap_return_12    | out |   15| ap_ctrl_hs | relu<ap_fixed,ap_fixed<16,8,5,3,0>,relu_config5> | return value |
|ap_return_13    | out |   15| ap_ctrl_hs | relu<ap_fixed,ap_fixed<16,8,5,3,0>,relu_config5> | return value |
|ap_return_14    | out |   15| ap_ctrl_hs | relu<ap_fixed,ap_fixed<16,8,5,3,0>,relu_config5> | return value |
|ap_return_15    | out |   15| ap_ctrl_hs | relu<ap_fixed,ap_fixed<16,8,5,3,0>,relu_config5> | return value |
|ap_return_16    | out |   15| ap_ctrl_hs | relu<ap_fixed,ap_fixed<16,8,5,3,0>,relu_config5> | return value |
|ap_return_17    | out |   15| ap_ctrl_hs | relu<ap_fixed,ap_fixed<16,8,5,3,0>,relu_config5> | return value |
|ap_return_18    | out |   15| ap_ctrl_hs | relu<ap_fixed,ap_fixed<16,8,5,3,0>,relu_config5> | return value |
|ap_return_19    | out |   15| ap_ctrl_hs | relu<ap_fixed,ap_fixed<16,8,5,3,0>,relu_config5> | return value |
|ap_return_20    | out |   15| ap_ctrl_hs | relu<ap_fixed,ap_fixed<16,8,5,3,0>,relu_config5> | return value |
|ap_return_21    | out |   15| ap_ctrl_hs | relu<ap_fixed,ap_fixed<16,8,5,3,0>,relu_config5> | return value |
|ap_return_22    | out |   15| ap_ctrl_hs | relu<ap_fixed,ap_fixed<16,8,5,3,0>,relu_config5> | return value |
|ap_return_23    | out |   15| ap_ctrl_hs | relu<ap_fixed,ap_fixed<16,8,5,3,0>,relu_config5> | return value |
|ap_return_24    | out |   15| ap_ctrl_hs | relu<ap_fixed,ap_fixed<16,8,5,3,0>,relu_config5> | return value |
|ap_return_25    | out |   15| ap_ctrl_hs | relu<ap_fixed,ap_fixed<16,8,5,3,0>,relu_config5> | return value |
|ap_return_26    | out |   15| ap_ctrl_hs | relu<ap_fixed,ap_fixed<16,8,5,3,0>,relu_config5> | return value |
|ap_return_27    | out |   15| ap_ctrl_hs | relu<ap_fixed,ap_fixed<16,8,5,3,0>,relu_config5> | return value |
|ap_return_28    | out |   15| ap_ctrl_hs | relu<ap_fixed,ap_fixed<16,8,5,3,0>,relu_config5> | return value |
|ap_return_29    | out |   15| ap_ctrl_hs | relu<ap_fixed,ap_fixed<16,8,5,3,0>,relu_config5> | return value |
|ap_return_30    | out |   15| ap_ctrl_hs | relu<ap_fixed,ap_fixed<16,8,5,3,0>,relu_config5> | return value |
|ap_return_31    | out |   15| ap_ctrl_hs | relu<ap_fixed,ap_fixed<16,8,5,3,0>,relu_config5> | return value |
|ap_return_32    | out |   15| ap_ctrl_hs | relu<ap_fixed,ap_fixed<16,8,5,3,0>,relu_config5> | return value |
|ap_return_33    | out |   15| ap_ctrl_hs | relu<ap_fixed,ap_fixed<16,8,5,3,0>,relu_config5> | return value |
|ap_return_34    | out |   15| ap_ctrl_hs | relu<ap_fixed,ap_fixed<16,8,5,3,0>,relu_config5> | return value |
|ap_return_35    | out |   15| ap_ctrl_hs | relu<ap_fixed,ap_fixed<16,8,5,3,0>,relu_config5> | return value |
|ap_return_36    | out |   15| ap_ctrl_hs | relu<ap_fixed,ap_fixed<16,8,5,3,0>,relu_config5> | return value |
|ap_return_37    | out |   15| ap_ctrl_hs | relu<ap_fixed,ap_fixed<16,8,5,3,0>,relu_config5> | return value |
|ap_return_38    | out |   15| ap_ctrl_hs | relu<ap_fixed,ap_fixed<16,8,5,3,0>,relu_config5> | return value |
|ap_return_39    | out |   15| ap_ctrl_hs | relu<ap_fixed,ap_fixed<16,8,5,3,0>,relu_config5> | return value |
|ap_return_40    | out |   15| ap_ctrl_hs | relu<ap_fixed,ap_fixed<16,8,5,3,0>,relu_config5> | return value |
|ap_return_41    | out |   15| ap_ctrl_hs | relu<ap_fixed,ap_fixed<16,8,5,3,0>,relu_config5> | return value |
|ap_return_42    | out |   15| ap_ctrl_hs | relu<ap_fixed,ap_fixed<16,8,5,3,0>,relu_config5> | return value |
|ap_return_43    | out |   15| ap_ctrl_hs | relu<ap_fixed,ap_fixed<16,8,5,3,0>,relu_config5> | return value |
|ap_return_44    | out |   15| ap_ctrl_hs | relu<ap_fixed,ap_fixed<16,8,5,3,0>,relu_config5> | return value |
|ap_return_45    | out |   15| ap_ctrl_hs | relu<ap_fixed,ap_fixed<16,8,5,3,0>,relu_config5> | return value |
|ap_return_46    | out |   15| ap_ctrl_hs | relu<ap_fixed,ap_fixed<16,8,5,3,0>,relu_config5> | return value |
|ap_return_47    | out |   15| ap_ctrl_hs | relu<ap_fixed,ap_fixed<16,8,5,3,0>,relu_config5> | return value |
|ap_return_48    | out |   15| ap_ctrl_hs | relu<ap_fixed,ap_fixed<16,8,5,3,0>,relu_config5> | return value |
|ap_return_49    | out |   15| ap_ctrl_hs | relu<ap_fixed,ap_fixed<16,8,5,3,0>,relu_config5> | return value |
|data_0_V_read   |  in |   16|   ap_none  |                   data_0_V_read                  |    scalar    |
|data_1_V_read   |  in |   16|   ap_none  |                   data_1_V_read                  |    scalar    |
|data_2_V_read   |  in |   16|   ap_none  |                   data_2_V_read                  |    scalar    |
|data_3_V_read   |  in |   16|   ap_none  |                   data_3_V_read                  |    scalar    |
|data_4_V_read   |  in |   16|   ap_none  |                   data_4_V_read                  |    scalar    |
|data_5_V_read   |  in |   16|   ap_none  |                   data_5_V_read                  |    scalar    |
|data_6_V_read   |  in |   16|   ap_none  |                   data_6_V_read                  |    scalar    |
|data_7_V_read   |  in |   16|   ap_none  |                   data_7_V_read                  |    scalar    |
|data_8_V_read   |  in |   16|   ap_none  |                   data_8_V_read                  |    scalar    |
|data_9_V_read   |  in |   16|   ap_none  |                   data_9_V_read                  |    scalar    |
|data_10_V_read  |  in |   16|   ap_none  |                  data_10_V_read                  |    scalar    |
|data_11_V_read  |  in |   16|   ap_none  |                  data_11_V_read                  |    scalar    |
|data_12_V_read  |  in |   16|   ap_none  |                  data_12_V_read                  |    scalar    |
|data_13_V_read  |  in |   16|   ap_none  |                  data_13_V_read                  |    scalar    |
|data_14_V_read  |  in |   16|   ap_none  |                  data_14_V_read                  |    scalar    |
|data_15_V_read  |  in |   16|   ap_none  |                  data_15_V_read                  |    scalar    |
|data_16_V_read  |  in |   16|   ap_none  |                  data_16_V_read                  |    scalar    |
|data_17_V_read  |  in |   16|   ap_none  |                  data_17_V_read                  |    scalar    |
|data_18_V_read  |  in |   16|   ap_none  |                  data_18_V_read                  |    scalar    |
|data_19_V_read  |  in |   16|   ap_none  |                  data_19_V_read                  |    scalar    |
|data_20_V_read  |  in |   16|   ap_none  |                  data_20_V_read                  |    scalar    |
|data_21_V_read  |  in |   16|   ap_none  |                  data_21_V_read                  |    scalar    |
|data_22_V_read  |  in |   16|   ap_none  |                  data_22_V_read                  |    scalar    |
|data_23_V_read  |  in |   16|   ap_none  |                  data_23_V_read                  |    scalar    |
|data_24_V_read  |  in |   16|   ap_none  |                  data_24_V_read                  |    scalar    |
|data_25_V_read  |  in |   16|   ap_none  |                  data_25_V_read                  |    scalar    |
|data_26_V_read  |  in |   16|   ap_none  |                  data_26_V_read                  |    scalar    |
|data_27_V_read  |  in |   16|   ap_none  |                  data_27_V_read                  |    scalar    |
|data_28_V_read  |  in |   16|   ap_none  |                  data_28_V_read                  |    scalar    |
|data_29_V_read  |  in |   16|   ap_none  |                  data_29_V_read                  |    scalar    |
|data_30_V_read  |  in |   16|   ap_none  |                  data_30_V_read                  |    scalar    |
|data_31_V_read  |  in |   16|   ap_none  |                  data_31_V_read                  |    scalar    |
|data_32_V_read  |  in |   16|   ap_none  |                  data_32_V_read                  |    scalar    |
|data_33_V_read  |  in |   16|   ap_none  |                  data_33_V_read                  |    scalar    |
|data_34_V_read  |  in |   16|   ap_none  |                  data_34_V_read                  |    scalar    |
|data_35_V_read  |  in |   16|   ap_none  |                  data_35_V_read                  |    scalar    |
|data_36_V_read  |  in |   16|   ap_none  |                  data_36_V_read                  |    scalar    |
|data_37_V_read  |  in |   16|   ap_none  |                  data_37_V_read                  |    scalar    |
|data_38_V_read  |  in |   16|   ap_none  |                  data_38_V_read                  |    scalar    |
|data_39_V_read  |  in |   16|   ap_none  |                  data_39_V_read                  |    scalar    |
|data_40_V_read  |  in |   16|   ap_none  |                  data_40_V_read                  |    scalar    |
|data_41_V_read  |  in |   16|   ap_none  |                  data_41_V_read                  |    scalar    |
|data_42_V_read  |  in |   16|   ap_none  |                  data_42_V_read                  |    scalar    |
|data_43_V_read  |  in |   16|   ap_none  |                  data_43_V_read                  |    scalar    |
|data_44_V_read  |  in |   16|   ap_none  |                  data_44_V_read                  |    scalar    |
|data_45_V_read  |  in |   16|   ap_none  |                  data_45_V_read                  |    scalar    |
|data_46_V_read  |  in |   16|   ap_none  |                  data_46_V_read                  |    scalar    |
|data_47_V_read  |  in |   16|   ap_none  |                  data_47_V_read                  |    scalar    |
|data_48_V_read  |  in |   16|   ap_none  |                  data_48_V_read                  |    scalar    |
|data_49_V_read  |  in |   16|   ap_none  |                  data_49_V_read                  |    scalar    |
+----------------+-----+-----+------------+--------------------------------------------------+--------------+

