

================================================================
== Vivado HLS Report for 'relu_ap_fixed_ap_fixed_16_8_5_3_0_relu_config10_s'
================================================================
* Date:           Fri Jun  3 16:17:54 2022

* Version:        2019.1 (Build 2552052 on Fri May 24 15:28:33 MDT 2019)
* Project:        myproject_prj
* Solution:       solution1
* Product family: virtexuplus
* Target device:  xcvu9p-flgb2104-2-i


================================================================
== Performance Estimates
================================================================
+ Timing (ns): 
    * Summary: 
    +--------+-------+----------+------------+
    |  Clock | Target| Estimated| Uncertainty|
    +--------+-------+----------+------------+
    |ap_clk  |   5.00|     0.969|        0.62|
    +--------+-------+----------+------------+

+ Latency (clock cycles): 
    * Summary: 
    +-----+-----+-----+-----+----------+
    |  Latency  |  Interval | Pipeline |
    | min | max | min | max |   Type   |
    +-----+-----+-----+-----+----------+
    |    0|    0|    1|    1| function |
    +-----+-----+-----+-----+----------+

    + Detail: 
        * Instance: 
        N/A

        * Loop: 
        N/A



================================================================
== Utilization Estimates
================================================================
* Summary: 
+---------------------+---------+-------+---------+---------+-----+
|         Name        | BRAM_18K| DSP48E|    FF   |   LUT   | URAM|
+---------------------+---------+-------+---------+---------+-----+
|DSP                  |        -|      -|        -|        -|    -|
|Expression           |        -|      -|        0|      282|    -|
|FIFO                 |        -|      -|        -|        -|    -|
|Instance             |        -|      -|        -|        -|    -|
|Memory               |        -|      -|        -|        -|    -|
|Multiplexer          |        -|      -|        -|       99|    -|
|Register             |        -|      -|      152|        -|    -|
+---------------------+---------+-------+---------+---------+-----+
|Total                |        0|      0|      152|      381|    0|
+---------------------+---------+-------+---------+---------+-----+
|Available SLR        |     1440|   2280|   788160|   394080|  320|
+---------------------+---------+-------+---------+---------+-----+
|Utilization SLR (%)  |        0|      0|    ~0   |    ~0   |    0|
+---------------------+---------+-------+---------+---------+-----+
|Available            |     4320|   6840|  2364480|  1182240|  960|
+---------------------+---------+-------+---------+---------+-----+
|Utilization (%)      |        0|      0|    ~0   |    ~0   |    0|
+---------------------+---------+-------+---------+---------+-----+

+ Detail: 
    * Instance: 
    N/A

    * DSP48E: 
    N/A

    * Memory: 
    N/A

    * FIFO: 
    N/A

    * Expression: 
    +---------------------------+----------+-------+---+----+------------+------------+
    |       Variable Name       | Operation| DSP48E| FF| LUT| Bitwidth P0| Bitwidth P1|
    +---------------------------+----------+-------+---+----+------------+------------+
    |icmp_ln1494_1_fu_126_p2    |   icmp   |      0|  0|  13|          16|           1|
    |icmp_ln1494_2_fu_144_p2    |   icmp   |      0|  0|  13|          16|           1|
    |icmp_ln1494_3_fu_162_p2    |   icmp   |      0|  0|  13|          16|           1|
    |icmp_ln1494_4_fu_180_p2    |   icmp   |      0|  0|  13|          16|           1|
    |icmp_ln1494_5_fu_198_p2    |   icmp   |      0|  0|  13|          16|           1|
    |icmp_ln1494_6_fu_216_p2    |   icmp   |      0|  0|  13|          16|           1|
    |icmp_ln1494_7_fu_234_p2    |   icmp   |      0|  0|  13|          16|           1|
    |icmp_ln1494_8_fu_252_p2    |   icmp   |      0|  0|  13|          16|           1|
    |icmp_ln1494_9_fu_270_p2    |   icmp   |      0|  0|  13|          16|           1|
    |icmp_ln1494_fu_108_p2      |   icmp   |      0|  0|  13|          16|           1|
    |ap_block_state1            |    or    |      0|  0|   2|           1|           1|
    |select_ln81_268_fu_132_p3  |  select  |      0|  0|  15|           1|          15|
    |select_ln81_269_fu_150_p3  |  select  |      0|  0|  15|           1|          15|
    |select_ln81_270_fu_168_p3  |  select  |      0|  0|  15|           1|          15|
    |select_ln81_271_fu_186_p3  |  select  |      0|  0|  15|           1|          15|
    |select_ln81_272_fu_204_p3  |  select  |      0|  0|  15|           1|          15|
    |select_ln81_273_fu_222_p3  |  select  |      0|  0|  15|           1|          15|
    |select_ln81_274_fu_240_p3  |  select  |      0|  0|  15|           1|          15|
    |select_ln81_275_fu_258_p3  |  select  |      0|  0|  15|           1|          15|
    |select_ln81_276_fu_276_p3  |  select  |      0|  0|  15|           1|          15|
    |select_ln81_fu_114_p3      |  select  |      0|  0|  15|           1|          15|
    +---------------------------+----------+-------+---+----+------------+------------+
    |Total                      |          |      0|  0| 282|         171|         161|
    +---------------------------+----------+-------+---+----+------------+------------+

    * Multiplexer: 
    +-------------+----+-----------+-----+-----------+
    |     Name    | LUT| Input Size| Bits| Total Bits|
    +-------------+----+-----------+-----+-----------+
    |ap_done      |   9|          2|    1|          2|
    |ap_return_0  |   9|          2|   15|         30|
    |ap_return_1  |   9|          2|   15|         30|
    |ap_return_2  |   9|          2|   15|         30|
    |ap_return_3  |   9|          2|   15|         30|
    |ap_return_4  |   9|          2|   15|         30|
    |ap_return_5  |   9|          2|   15|         30|
    |ap_return_6  |   9|          2|   15|         30|
    |ap_return_7  |   9|          2|   15|         30|
    |ap_return_8  |   9|          2|   15|         30|
    |ap_return_9  |   9|          2|   15|         30|
    +-------------+----+-----------+-----+-----------+
    |Total        |  99|         22|  151|        302|
    +-------------+----+-----------+-----+-----------+

    * Register: 
    +------------------+----+----+-----+-----------+
    |       Name       | FF | LUT| Bits| Const Bits|
    +------------------+----+----+-----+-----------+
    |ap_CS_fsm         |   1|   0|    1|          0|
    |ap_done_reg       |   1|   0|    1|          0|
    |ap_return_0_preg  |  15|   0|   15|          0|
    |ap_return_1_preg  |  15|   0|   15|          0|
    |ap_return_2_preg  |  15|   0|   15|          0|
    |ap_return_3_preg  |  15|   0|   15|          0|
    |ap_return_4_preg  |  15|   0|   15|          0|
    |ap_return_5_preg  |  15|   0|   15|          0|
    |ap_return_6_preg  |  15|   0|   15|          0|
    |ap_return_7_preg  |  15|   0|   15|          0|
    |ap_return_8_preg  |  15|   0|   15|          0|
    |ap_return_9_preg  |  15|   0|   15|          0|
    +------------------+----+----+-----+-----------+
    |Total             | 152|   0|  152|          0|
    +------------------+----+----+-----+-----------+



================================================================
== Interface
================================================================
* Summary: 
+---------------+-----+-----+------------+---------------------------------------------------+--------------+
|   RTL Ports   | Dir | Bits|  Protocol  |                   Source Object                   |    C Type    |
+---------------+-----+-----+------------+---------------------------------------------------+--------------+
|ap_clk         |  in |    1| ap_ctrl_hs | relu<ap_fixed,ap_fixed<16,8,5,3,0>,relu_config10> | return value |
|ap_rst         |  in |    1| ap_ctrl_hs | relu<ap_fixed,ap_fixed<16,8,5,3,0>,relu_config10> | return value |
|ap_start       |  in |    1| ap_ctrl_hs | relu<ap_fixed,ap_fixed<16,8,5,3,0>,relu_config10> | return value |
|ap_done        | out |    1| ap_ctrl_hs | relu<ap_fixed,ap_fixed<16,8,5,3,0>,relu_config10> | return value |
|ap_continue    |  in |    1| ap_ctrl_hs | relu<ap_fixed,ap_fixed<16,8,5,3,0>,relu_config10> | return value |
|ap_idle        | out |    1| ap_ctrl_hs | relu<ap_fixed,ap_fixed<16,8,5,3,0>,relu_config10> | return value |
|ap_ready       | out |    1| ap_ctrl_hs | relu<ap_fixed,ap_fixed<16,8,5,3,0>,relu_config10> | return value |
|ap_return_0    | out |   15| ap_ctrl_hs | relu<ap_fixed,ap_fixed<16,8,5,3,0>,relu_config10> | return value |
|ap_return_1    | out |   15| ap_ctrl_hs | relu<ap_fixed,ap_fixed<16,8,5,3,0>,relu_config10> | return value |
|ap_return_2    | out |   15| ap_ctrl_hs | relu<ap_fixed,ap_fixed<16,8,5,3,0>,relu_config10> | return value |
|ap_return_3    | out |   15| ap_ctrl_hs | relu<ap_fixed,ap_fixed<16,8,5,3,0>,relu_config10> | return value |
|ap_return_4    | out |   15| ap_ctrl_hs | relu<ap_fixed,ap_fixed<16,8,5,3,0>,relu_config10> | return value |
|ap_return_5    | out |   15| ap_ctrl_hs | relu<ap_fixed,ap_fixed<16,8,5,3,0>,relu_config10> | return value |
|ap_return_6    | out |   15| ap_ctrl_hs | relu<ap_fixed,ap_fixed<16,8,5,3,0>,relu_config10> | return value |
|ap_return_7    | out |   15| ap_ctrl_hs | relu<ap_fixed,ap_fixed<16,8,5,3,0>,relu_config10> | return value |
|ap_return_8    | out |   15| ap_ctrl_hs | relu<ap_fixed,ap_fixed<16,8,5,3,0>,relu_config10> | return value |
|ap_return_9    | out |   15| ap_ctrl_hs | relu<ap_fixed,ap_fixed<16,8,5,3,0>,relu_config10> | return value |
|data_0_V_read  |  in |   16|   ap_none  |                   data_0_V_read                   |    scalar    |
|data_1_V_read  |  in |   16|   ap_none  |                   data_1_V_read                   |    scalar    |
|data_2_V_read  |  in |   16|   ap_none  |                   data_2_V_read                   |    scalar    |
|data_3_V_read  |  in |   16|   ap_none  |                   data_3_V_read                   |    scalar    |
|data_4_V_read  |  in |   16|   ap_none  |                   data_4_V_read                   |    scalar    |
|data_5_V_read  |  in |   16|   ap_none  |                   data_5_V_read                   |    scalar    |
|data_6_V_read  |  in |   16|   ap_none  |                   data_6_V_read                   |    scalar    |
|data_7_V_read  |  in |   16|   ap_none  |                   data_7_V_read                   |    scalar    |
|data_8_V_read  |  in |   16|   ap_none  |                   data_8_V_read                   |    scalar    |
|data_9_V_read  |  in |   16|   ap_none  |                   data_9_V_read                   |    scalar    |
+---------------+-----+-----+------------+---------------------------------------------------+--------------+

