

================================================================
== Vivado HLS Report for 'relu_ap_fixed_ap_fixed_16_8_5_3_0_relu_config8_s'
================================================================
* Date:           Fri Jun  3 16:17:48 2022

* Version:        2019.1 (Build 2552052 on Fri May 24 15:28:33 MDT 2019)
* Project:        myproject_prj
* Solution:       solution1
* Product family: virtexuplus
* Target device:  xcvu9p-flgb2104-2-i


================================================================
== Performance Estimates
================================================================
+ Timing (ns): 
    * Summary: 
    +--------+-------+----------+------------+
    |  Clock | Target| Estimated| Uncertainty|
    +--------+-------+----------+------------+
    |ap_clk  |   5.00|     0.969|        0.62|
    +--------+-------+----------+------------+

+ Latency (clock cycles): 
    * Summary: 
    +-----+-----+-----+-----+----------+
    |  Latency  |  Interval | Pipeline |
    | min | max | min | max |   Type   |
    +-----+-----+-----+-----+----------+
    |    0|    0|    1|    1| function |
    +-----+-----+-----+-----+----------+

    + Detail: 
        * Instance: 
        N/A

        * Loop: 
        N/A



================================================================
== Utilization Estimates
================================================================
* Summary: 
+---------------------+---------+-------+---------+---------+-----+
|         Name        | BRAM_18K| DSP48E|    FF   |   LUT   | URAM|
+---------------------+---------+-------+---------+---------+-----+
|DSP                  |        -|      -|        -|        -|    -|
|Expression           |        -|      -|        0|      562|    -|
|FIFO                 |        -|      -|        -|        -|    -|
|Instance             |        -|      -|        -|        -|    -|
|Memory               |        -|      -|        -|        -|    -|
|Multiplexer          |        -|      -|        -|      189|    -|
|Register             |        -|      -|      302|        -|    -|
+---------------------+---------+-------+---------+---------+-----+
|Total                |        0|      0|      302|      751|    0|
+---------------------+---------+-------+---------+---------+-----+
|Available SLR        |     1440|   2280|   788160|   394080|  320|
+---------------------+---------+-------+---------+---------+-----+
|Utilization SLR (%)  |        0|      0|    ~0   |    ~0   |    0|
+---------------------+---------+-------+---------+---------+-----+
|Available            |     4320|   6840|  2364480|  1182240|  960|
+---------------------+---------+-------+---------+---------+-----+
|Utilization (%)      |        0|      0|    ~0   |    ~0   |    0|
+---------------------+---------+-------+---------+---------+-----+

+ Detail: 
    * Instance: 
    N/A

    * DSP48E: 
    N/A

    * Memory: 
    N/A

    * FIFO: 
    N/A

    * Expression: 
    +--------------------------+----------+-------+---+----+------------+------------+
    |       Variable Name      | Operation| DSP48E| FF| LUT| Bitwidth P0| Bitwidth P1|
    +--------------------------+----------+-------+---+----+------------+------------+
    |icmp_ln1494_10_fu_368_p2  |   icmp   |      0|  0|  13|          16|           1|
    |icmp_ln1494_11_fu_386_p2  |   icmp   |      0|  0|  13|          16|           1|
    |icmp_ln1494_12_fu_404_p2  |   icmp   |      0|  0|  13|          16|           1|
    |icmp_ln1494_13_fu_422_p2  |   icmp   |      0|  0|  13|          16|           1|
    |icmp_ln1494_14_fu_440_p2  |   icmp   |      0|  0|  13|          16|           1|
    |icmp_ln1494_15_fu_458_p2  |   icmp   |      0|  0|  13|          16|           1|
    |icmp_ln1494_16_fu_476_p2  |   icmp   |      0|  0|  13|          16|           1|
    |icmp_ln1494_17_fu_494_p2  |   icmp   |      0|  0|  13|          16|           1|
    |icmp_ln1494_18_fu_512_p2  |   icmp   |      0|  0|  13|          16|           1|
    |icmp_ln1494_19_fu_530_p2  |   icmp   |      0|  0|  13|          16|           1|
    |icmp_ln1494_1_fu_206_p2   |   icmp   |      0|  0|  13|          16|           1|
    |icmp_ln1494_2_fu_224_p2   |   icmp   |      0|  0|  13|          16|           1|
    |icmp_ln1494_3_fu_242_p2   |   icmp   |      0|  0|  13|          16|           1|
    |icmp_ln1494_4_fu_260_p2   |   icmp   |      0|  0|  13|          16|           1|
    |icmp_ln1494_5_fu_278_p2   |   icmp   |      0|  0|  13|          16|           1|
    |icmp_ln1494_6_fu_296_p2   |   icmp   |      0|  0|  13|          16|           1|
    |icmp_ln1494_7_fu_314_p2   |   icmp   |      0|  0|  13|          16|           1|
    |icmp_ln1494_8_fu_332_p2   |   icmp   |      0|  0|  13|          16|           1|
    |icmp_ln1494_9_fu_350_p2   |   icmp   |      0|  0|  13|          16|           1|
    |icmp_ln1494_fu_188_p2     |   icmp   |      0|  0|  13|          16|           1|
    |ap_block_state1           |    or    |      0|  0|   2|           1|           1|
    |select_ln81_10_fu_374_p3  |  select  |      0|  0|  15|           1|          15|
    |select_ln81_11_fu_392_p3  |  select  |      0|  0|  15|           1|          15|
    |select_ln81_12_fu_410_p3  |  select  |      0|  0|  15|           1|          15|
    |select_ln81_13_fu_428_p3  |  select  |      0|  0|  15|           1|          15|
    |select_ln81_14_fu_446_p3  |  select  |      0|  0|  15|           1|          15|
    |select_ln81_15_fu_464_p3  |  select  |      0|  0|  15|           1|          15|
    |select_ln81_16_fu_482_p3  |  select  |      0|  0|  15|           1|          15|
    |select_ln81_17_fu_500_p3  |  select  |      0|  0|  15|           1|          15|
    |select_ln81_18_fu_518_p3  |  select  |      0|  0|  15|           1|          15|
    |select_ln81_19_fu_536_p3  |  select  |      0|  0|  15|           1|          15|
    |select_ln81_1_fu_212_p3   |  select  |      0|  0|  15|           1|          15|
    |select_ln81_2_fu_230_p3   |  select  |      0|  0|  15|           1|          15|
    |select_ln81_3_fu_248_p3   |  select  |      0|  0|  15|           1|          15|
    |select_ln81_4_fu_266_p3   |  select  |      0|  0|  15|           1|          15|
    |select_ln81_5_fu_284_p3   |  select  |      0|  0|  15|           1|          15|
    |select_ln81_6_fu_302_p3   |  select  |      0|  0|  15|           1|          15|
    |select_ln81_7_fu_320_p3   |  select  |      0|  0|  15|           1|          15|
    |select_ln81_8_fu_338_p3   |  select  |      0|  0|  15|           1|          15|
    |select_ln81_9_fu_356_p3   |  select  |      0|  0|  15|           1|          15|
    |select_ln81_fu_194_p3     |  select  |      0|  0|  15|           1|          15|
    +--------------------------+----------+-------+---+----+------------+------------+
    |Total                     |          |      0|  0| 562|         341|         321|
    +--------------------------+----------+-------+---+----+------------+------------+

    * Multiplexer: 
    +--------------+----+-----------+-----+-----------+
    |     Name     | LUT| Input Size| Bits| Total Bits|
    +--------------+----+-----------+-----+-----------+
    |ap_done       |   9|          2|    1|          2|
    |ap_return_0   |   9|          2|   15|         30|
    |ap_return_1   |   9|          2|   15|         30|
    |ap_return_10  |   9|          2|   15|         30|
    |ap_return_11  |   9|          2|   15|         30|
    |ap_return_12  |   9|          2|   15|         30|
    |ap_return_13  |   9|          2|   15|         30|
    |ap_return_14  |   9|          2|   15|         30|
    |ap_return_15  |   9|          2|   15|         30|
    |ap_return_16  |   9|          2|   15|         30|
    |ap_return_17  |   9|          2|   15|         30|
    |ap_return_18  |   9|          2|   15|         30|
    |ap_return_19  |   9|          2|   15|         30|
    |ap_return_2   |   9|          2|   15|         30|
    |ap_return_3   |   9|          2|   15|         30|
    |ap_return_4   |   9|          2|   15|         30|
    |ap_return_5   |   9|          2|   15|         30|
    |ap_return_6   |   9|          2|   15|         30|
    |ap_return_7   |   9|          2|   15|         30|
    |ap_return_8   |   9|          2|   15|         30|
    |ap_return_9   |   9|          2|   15|         30|
    +--------------+----+-----------+-----+-----------+
    |Total         | 189|         42|  301|        602|
    +--------------+----+-----------+-----+-----------+

    * Register: 
    +-------------------+----+----+-----+-----------+
    |        Name       | FF | LUT| Bits| Const Bits|
    +-------------------+----+----+-----+-----------+
    |ap_CS_fsm          |   1|   0|    1|          0|
    |ap_done_reg        |   1|   0|    1|          0|
    |ap_return_0_preg   |  15|   0|   15|          0|
    |ap_return_10_preg  |  15|   0|   15|          0|
    |ap_return_11_preg  |  15|   0|   15|          0|
    |ap_return_12_preg  |  15|   0|   15|          0|
    |ap_return_13_preg  |  15|   0|   15|          0|
    |ap_return_14_preg  |  15|   0|   15|          0|
    |ap_return_15_preg  |  15|   0|   15|          0|
    |ap_return_16_preg  |  15|   0|   15|          0|
    |ap_return_17_preg  |  15|   0|   15|          0|
    |ap_return_18_preg  |  15|   0|   15|          0|
    |ap_return_19_preg  |  15|   0|   15|          0|
    |ap_return_1_preg   |  15|   0|   15|          0|
    |ap_return_2_preg   |  15|   0|   15|          0|
    |ap_return_3_preg   |  15|   0|   15|          0|
    |ap_return_4_preg   |  15|   0|   15|          0|
    |ap_return_5_preg   |  15|   0|   15|          0|
    |ap_return_6_preg   |  15|   0|   15|          0|
    |ap_return_7_preg   |  15|   0|   15|          0|
    |ap_return_8_preg   |  15|   0|   15|          0|
    |ap_return_9_preg   |  15|   0|   15|          0|
    +-------------------+----+----+-----+-----------+
    |Total              | 302|   0|  302|          0|
    +-------------------+----+----+-----+-----------+



================================================================
== Interface
================================================================
* Summary: 
+----------------+-----+-----+------------+--------------------------------------------------+--------------+
|    RTL Ports   | Dir | Bits|  Protocol  |                   Source Object                  |    C Type    |
+----------------+-----+-----+------------+--------------------------------------------------+--------------+
|ap_clk          |  in |    1| ap_ctrl_hs | relu<ap_fixed,ap_fixed<16,8,5,3,0>,relu_config8> | return value |
|ap_rst          |  in |    1| ap_ctrl_hs | relu<ap_fixed,ap_fixed<16,8,5,3,0>,relu_config8> | return value |
|ap_start        |  in |    1| ap_ctrl_hs | relu<ap_fixed,ap_fixed<16,8,5,3,0>,relu_config8> | return value |
|ap_done         | out |    1| ap_ctrl_hs | relu<ap_fixed,ap_fixed<16,8,5,3,0>,relu_config8> | return value |
|ap_continue     |  in |    1| ap_ctrl_hs | relu<ap_fixed,ap_fixed<16,8,5,3,0>,relu_config8> | return value |
|ap_idle         | out |    1| ap_ctrl_hs | relu<ap_fixed,ap_fixed<16,8,5,3,0>,relu_config8> | return value |
|ap_ready        | out |    1| ap_ctrl_hs | relu<ap_fixed,ap_fixed<16,8,5,3,0>,relu_config8> | return value |
|ap_return_0     | out |   15| ap_ctrl_hs | relu<ap_fixed,ap_fixed<16,8,5,3,0>,relu_config8> | return value |
|ap_return_1     | out |   15| ap_ctrl_hs | relu<ap_fixed,ap_fixed<16,8,5,3,0>,relu_config8> | return value |
|ap_return_2     | out |   15| ap_ctrl_hs | relu<ap_fixed,ap_fixed<16,8,5,3,0>,relu_config8> | return value |
|ap_return_3     | out |   15| ap_ctrl_hs | relu<ap_fixed,ap_fixed<16,8,5,3,0>,relu_config8> | return value |
|ap_return_4     | out |   15| ap_ctrl_hs | relu<ap_fixed,ap_fixed<16,8,5,3,0>,relu_config8> | return value |
|ap_return_5     | out |   15| ap_ctrl_hs | relu<ap_fixed,ap_fixed<16,8,5,3,0>,relu_config8> | return value |
|ap_return_6     | out |   15| ap_ctrl_hs | relu<ap_fixed,ap_fixed<16,8,5,3,0>,relu_config8> | return value |
|ap_return_7     | out |   15| ap_ctrl_hs | relu<ap_fixed,ap_fixed<16,8,5,3,0>,relu_config8> | return value |
|ap_return_8     | out |   15| ap_ctrl_hs | relu<ap_fixed,ap_fixed<16,8,5,3,0>,relu_config8> | return value |
|ap_return_9     | out |   15| ap_ctrl_hs | relu<ap_fixed,ap_fixed<16,8,5,3,0>,relu_config8> | return value |
|ap_return_10    | out |   15| ap_ctrl_hs | relu<ap_fixed,ap_fixed<16,8,5,3,0>,relu_config8> | return value |
|ap_return_11    | out |   15| ap_ctrl_hs | relu<ap_fixed,ap_fixed<16,8,5,3,0>,relu_config8> | return value |
|ap_return_12    | out |   15| ap_ctrl_hs | relu<ap_fixed,ap_fixed<16,8,5,3,0>,relu_config8> | return value |
|ap_return_13    | out |   15| ap_ctrl_hs | relu<ap_fixed,ap_fixed<16,8,5,3,0>,relu_config8> | return value |
|ap_return_14    | out |   15| ap_ctrl_hs | relu<ap_fixed,ap_fixed<16,8,5,3,0>,relu_config8> | return value |
|ap_return_15    | out |   15| ap_ctrl_hs | relu<ap_fixed,ap_fixed<16,8,5,3,0>,relu_config8> | return value |
|ap_return_16    | out |   15| ap_ctrl_hs | relu<ap_fixed,ap_fixed<16,8,5,3,0>,relu_config8> | return value |
|ap_return_17    | out |   15| ap_ctrl_hs | relu<ap_fixed,ap_fixed<16,8,5,3,0>,relu_config8> | return value |
|ap_return_18    | out |   15| ap_ctrl_hs | relu<ap_fixed,ap_fixed<16,8,5,3,0>,relu_config8> | return value |
|ap_return_19    | out |   15| ap_ctrl_hs | relu<ap_fixed,ap_fixed<16,8,5,3,0>,relu_config8> | return value |
|data_0_V_read   |  in |   16|   ap_none  |                   data_0_V_read                  |    scalar    |
|data_1_V_read   |  in |   16|   ap_none  |                   data_1_V_read                  |    scalar    |
|data_2_V_read   |  in |   16|   ap_none  |                   data_2_V_read                  |    scalar    |
|data_3_V_read   |  in |   16|   ap_none  |                   data_3_V_read                  |    scalar    |
|data_4_V_read   |  in |   16|   ap_none  |                   data_4_V_read                  |    scalar    |
|data_5_V_read   |  in |   16|   ap_none  |                   data_5_V_read                  |    scalar    |
|data_6_V_read   |  in |   16|   ap_none  |                   data_6_V_read                  |    scalar    |
|data_7_V_read   |  in |   16|   ap_none  |                   data_7_V_read                  |    scalar    |
|data_8_V_read   |  in |   16|   ap_none  |                   data_8_V_read                  |    scalar    |
|data_9_V_read   |  in |   16|   ap_none  |                   data_9_V_read                  |    scalar    |
|data_10_V_read  |  in |   16|   ap_none  |                  data_10_V_read                  |    scalar    |
|data_11_V_read  |  in |   16|   ap_none  |                  data_11_V_read                  |    scalar    |
|data_12_V_read  |  in |   16|   ap_none  |                  data_12_V_read                  |    scalar    |
|data_13_V_read  |  in |   16|   ap_none  |                  data_13_V_read                  |    scalar    |
|data_14_V_read  |  in |   16|   ap_none  |                  data_14_V_read                  |    scalar    |
|data_15_V_read  |  in |   16|   ap_none  |                  data_15_V_read                  |    scalar    |
|data_16_V_read  |  in |   16|   ap_none  |                  data_16_V_read                  |    scalar    |
|data_17_V_read  |  in |   16|   ap_none  |                  data_17_V_read                  |    scalar    |
|data_18_V_read  |  in |   16|   ap_none  |                  data_18_V_read                  |    scalar    |
|data_19_V_read  |  in |   16|   ap_none  |                  data_19_V_read                  |    scalar    |
+----------------+-----+-----+------------+--------------------------------------------------+--------------+

