

================================================================
== Vivado HLS Report for 'sigmoid_ap_fixed_ap_fixed_sigmoid_config12_s'
================================================================
* Date:           Fri Jun  3 16:17:58 2022

* Version:        2019.1 (Build 2552052 on Fri May 24 15:28:33 MDT 2019)
* Project:        myproject_prj
* Solution:       solution1
* Product family: virtexuplus
* Target device:  xcvu9p-flgb2104-2-i


================================================================
== Performance Estimates
================================================================
+ Timing (ns): 
    * Summary: 
    +--------+-------+----------+------------+
    |  Clock | Target| Estimated| Uncertainty|
    +--------+-------+----------+------------+
    |ap_clk  |   5.00|     4.123|        0.62|
    +--------+-------+----------+------------+

+ Latency (clock cycles): 
    * Summary: 
    +-----+-----+-----+-----+----------+
    |  Latency  |  Interval | Pipeline |
    | min | max | min | max |   Type   |
    +-----+-----+-----+-----+----------+
    |    1|    1|    1|    1| function |
    +-----+-----+-----+-----+----------+

    + Detail: 
        * Instance: 
        N/A

        * Loop: 
        N/A



================================================================
== Utilization Estimates
================================================================
* Summary: 
+---------------------+---------+-------+---------+---------+-----+
|         Name        | BRAM_18K| DSP48E|    FF   |   LUT   | URAM|
+---------------------+---------+-------+---------+---------+-----+
|DSP                  |        -|      -|        -|        -|    -|
|Expression           |        -|      -|        0|      144|    -|
|FIFO                 |        -|      -|        -|        -|    -|
|Instance             |        -|      -|        -|        -|    -|
|Memory               |        1|      -|        0|        0|    -|
|Multiplexer          |        -|      -|        -|        9|    -|
|Register             |        -|      -|        3|        -|    -|
+---------------------+---------+-------+---------+---------+-----+
|Total                |        1|      0|        3|      153|    0|
+---------------------+---------+-------+---------+---------+-----+
|Available SLR        |     1440|   2280|   788160|   394080|  320|
+---------------------+---------+-------+---------+---------+-----+
|Utilization SLR (%)  |    ~0   |      0|    ~0   |    ~0   |    0|
+---------------------+---------+-------+---------+---------+-----+
|Available            |     4320|   6840|  2364480|  1182240|  960|
+---------------------+---------+-------+---------+---------+-----+
|Utilization (%)      |    ~0   |      0|    ~0   |    ~0   |    0|
+---------------------+---------+-------+---------+---------+-----+

+ Detail: 
    * Instance: 
    N/A

    * DSP48E: 
    N/A

    * Memory: 
    +------------------+-------------------------------------------------------------+---------+---+----+-----+------+-----+------+-------------+
    |      Memory      |                            Module                           | BRAM_18K| FF| LUT| URAM| Words| Bits| Banks| W*Bits*Banks|
    +------------------+-------------------------------------------------------------+---------+---+----+-----+------+-----+------+-------------+
    |sigmoid_table1_U  |sigmoid_ap_fixed_ap_fixed_sigmoid_config12_s_sigmoid_table1  |        1|  0|   0|    0|  1024|   10|     1|        10240|
    +------------------+-------------------------------------------------------------+---------+---+----+-----+------+-----+------+-------------+
    |Total             |                                                             |        1|  0|   0|    0|  1024|   10|     1|        10240|
    +------------------+-------------------------------------------------------------+---------+---+----+-----+------+-----+------+-------------+

    * FIFO: 
    N/A

    * Expression: 
    +----------------------------------+----------+-------+---+----+------------+------------+
    |           Variable Name          | Operation| DSP48E| FF| LUT| Bitwidth P0| Bitwidth P1|
    +----------------------------------+----------+-------+---+----+------------+------------+
    |add_ln167_1_fu_176_p2             |     +    |      0|  0|  14|          10|          14|
    |index_fu_170_p2                   |     +    |      0|  0|  15|          10|          15|
    |ret_V_fu_144_p2                   |     +    |      0|  0|  15|           1|          15|
    |icmp_ln169_fu_212_p2              |   icmp   |      0|  0|   9|           4|           1|
    |icmp_ln851_fu_138_p2              |   icmp   |      0|  0|  11|           8|           1|
    |p_Result_s_fu_120_p2              |   icmp   |      0|  0|  20|          26|           5|
    |ap_block_pp0_stage0_01001         |    or    |      0|  0|   2|           1|           1|
    |ap_block_state1_pp0_stage0_iter0  |    or    |      0|  0|   2|           1|           1|
    |select_ln168_fu_190_p3            |  select  |      0|  0|  14|           1|           1|
    |select_ln169_fu_218_p3            |  select  |      0|  0|  10|           1|           2|
    |select_ln850_fu_158_p3            |  select  |      0|  0|  15|           1|          15|
    |select_ln851_fu_150_p3            |  select  |      0|  0|  15|           1|          15|
    |ap_enable_pp0                     |    xor   |      0|  0|   2|           1|           2|
    +----------------------------------+----------+-------+---+----+------------+------------+
    |Total                             |          |      0|  0| 144|          66|          88|
    +----------------------------------+----------+-------+---+----+------------+------------+

    * Multiplexer: 
    +---------+----+-----------+-----+-----------+
    |   Name  | LUT| Input Size| Bits| Total Bits|
    +---------+----+-----------+-----+-----------+
    |ap_done  |   9|          2|    1|          2|
    +---------+----+-----------+-----+-----------+
    |Total    |   9|          2|    1|          2|
    +---------+----+-----------+-----+-----------+

    * Register: 
    +-------------------------+---+----+-----+-----------+
    |           Name          | FF| LUT| Bits| Const Bits|
    +-------------------------+---+----+-----+-----------+
    |ap_CS_fsm                |  1|   0|    1|          0|
    |ap_done_reg              |  1|   0|    1|          0|
    |ap_enable_reg_pp0_iter1  |  1|   0|    1|          0|
    +-------------------------+---+----+-----+-----------+
    |Total                    |  3|   0|    3|          0|
    +-------------------------+---+----+-----+-----------+



================================================================
== Interface
================================================================
* Summary: 
+--------------+-----+-----+------------+---------------------------------------------+--------------+
|   RTL Ports  | Dir | Bits|  Protocol  |                Source Object                |    C Type    |
+--------------+-----+-----+------------+---------------------------------------------+--------------+
|ap_clk        |  in |    1| ap_ctrl_hs | sigmoid<ap_fixed,ap_fixed,sigmoid_config12> | return value |
|ap_rst        |  in |    1| ap_ctrl_hs | sigmoid<ap_fixed,ap_fixed,sigmoid_config12> | return value |
|ap_start      |  in |    1| ap_ctrl_hs | sigmoid<ap_fixed,ap_fixed,sigmoid_config12> | return value |
|ap_done       | out |    1| ap_ctrl_hs | sigmoid<ap_fixed,ap_fixed,sigmoid_config12> | return value |
|ap_continue   |  in |    1| ap_ctrl_hs | sigmoid<ap_fixed,ap_fixed,sigmoid_config12> | return value |
|ap_idle       | out |    1| ap_ctrl_hs | sigmoid<ap_fixed,ap_fixed,sigmoid_config12> | return value |
|ap_ready      | out |    1| ap_ctrl_hs | sigmoid<ap_fixed,ap_fixed,sigmoid_config12> | return value |
|data_V_read   |  in |   16|   ap_none  |                 data_V_read                 |    scalar    |
|res_V         | out |   16|   ap_vld   |                    res_V                    |    pointer   |
|res_V_ap_vld  | out |    1|   ap_vld   |                    res_V                    |    pointer   |
+--------------+-----+-----+------------+---------------------------------------------+--------------+

