

================================================================
== Vivado HLS Report for 'pointwise_conv_1d_cl_0_0_0_0_0_0_Block_pointwise_conv_1d_cl_s'
================================================================
* Date:           Mon Sep 26 10:31:26 2022

* Version:        2019.1 (Build 2552052 on Fri May 24 15:28:33 MDT 2019)
* Project:        myproject_prj
* Solution:       solution1
* Product family: virtexuplus
* Target device:  xcvu9p-flga2104-2L-e


================================================================
== Performance Estimates
================================================================
+ Timing (ns): 
    * Summary: 
    +--------+-------+----------+------------+
    |  Clock | Target| Estimated| Uncertainty|
    +--------+-------+----------+------------+
    |ap_clk  |   5.00|     0.000|        0.62|
    +--------+-------+----------+------------+

+ Latency (clock cycles): 
    * Summary: 
    +-----+-----+-----+-----+---------+
    |  Latency  |  Interval | Pipeline|
    | min | max | min | max |   Type  |
    +-----+-----+-----+-----+---------+
    |    0|    0|    0|    0|   none  |
    +-----+-----+-----+-----+---------+

    + Detail: 
        * Instance: 
        N/A

        * Loop: 
        N/A

============================================================
+ Verbose Summary: Synthesis Manager
============================================================
InlineROM: 1
ExposeGlobal: 0
============================================================
+ Verbose Summary: CDFG Model
============================================================
IsTopModel: 0
ResetActiveHigh: 1
IsCombinational: 2
IsDatapathOnly: 0
HasWiredReturn: 1
HasMFsm: 0
HasVarLatency: 0
IsPipeline: 0
IsRtlPipelined: 0
IsInstanceOverlapped: 0
IsDontTouch: 0
HasImplIP: 0
IsGatedGlobalClock: 0


============================================================
+ Verbose Summary: Schedule
============================================================
* Number of FSM states : 1
* Pipeline : 0
* Dataflow Pipeline: 0

* FSM state transitions: 
1 --> 

* FSM state operations: 

State 1 <SV = 0> <Delay = 0.00>
ST_1 : Operation 2 [1/1] (0.00ns)   --->   "%tmp = call i32 (...)* @_ssdm_op_SpecRegionBegin([12 x i8]* @p_str29)" [firmware/nnet_utils/nnet_conv1d_latency.h:227]   --->   Operation 2 'specregionbegin' 'tmp' <Predicate = true> <Delay = 0.00>
ST_1 : Operation 3 [1/1] (0.00ns)   --->   "%p_read_201 = call i16 @_ssdm_op_Read.ap_auto.i16(i16 %p_read49)" [firmware/nnet_utils/nnet_conv1d_latency.h:229]   --->   Operation 3 'read' 'p_read_201' <Predicate = true> <Delay = 0.00>
ST_1 : Operation 4 [1/1] (0.00ns)   --->   "%p_read_202 = call i16 @_ssdm_op_Read.ap_auto.i16(i16 %p_read48)" [firmware/nnet_utils/nnet_conv1d_latency.h:229]   --->   Operation 4 'read' 'p_read_202' <Predicate = true> <Delay = 0.00>
ST_1 : Operation 5 [1/1] (0.00ns)   --->   "%p_read_203 = call i16 @_ssdm_op_Read.ap_auto.i16(i16 %p_read47)" [firmware/nnet_utils/nnet_conv1d_latency.h:229]   --->   Operation 5 'read' 'p_read_203' <Predicate = true> <Delay = 0.00>
ST_1 : Operation 6 [1/1] (0.00ns)   --->   "%p_read_204 = call i16 @_ssdm_op_Read.ap_auto.i16(i16 %p_read46)" [firmware/nnet_utils/nnet_conv1d_latency.h:229]   --->   Operation 6 'read' 'p_read_204' <Predicate = true> <Delay = 0.00>
ST_1 : Operation 7 [1/1] (0.00ns)   --->   "%p_read_205 = call i16 @_ssdm_op_Read.ap_auto.i16(i16 %p_read45)" [firmware/nnet_utils/nnet_conv1d_latency.h:229]   --->   Operation 7 'read' 'p_read_205' <Predicate = true> <Delay = 0.00>
ST_1 : Operation 8 [1/1] (0.00ns)   --->   "%p_read_206 = call i16 @_ssdm_op_Read.ap_auto.i16(i16 %p_read44)" [firmware/nnet_utils/nnet_conv1d_latency.h:229]   --->   Operation 8 'read' 'p_read_206' <Predicate = true> <Delay = 0.00>
ST_1 : Operation 9 [1/1] (0.00ns)   --->   "%p_read_207 = call i16 @_ssdm_op_Read.ap_auto.i16(i16 %p_read43)" [firmware/nnet_utils/nnet_conv1d_latency.h:229]   --->   Operation 9 'read' 'p_read_207' <Predicate = true> <Delay = 0.00>
ST_1 : Operation 10 [1/1] (0.00ns)   --->   "%p_read_208 = call i16 @_ssdm_op_Read.ap_auto.i16(i16 %p_read42)" [firmware/nnet_utils/nnet_conv1d_latency.h:229]   --->   Operation 10 'read' 'p_read_208' <Predicate = true> <Delay = 0.00>
ST_1 : Operation 11 [1/1] (0.00ns)   --->   "%p_read4191 = call i16 @_ssdm_op_Read.ap_auto.i16(i16 %p_read41)" [firmware/nnet_utils/nnet_conv1d_latency.h:229]   --->   Operation 11 'read' 'p_read4191' <Predicate = true> <Delay = 0.00>
ST_1 : Operation 12 [1/1] (0.00ns)   --->   "%p_read4090 = call i16 @_ssdm_op_Read.ap_auto.i16(i16 %p_read40)" [firmware/nnet_utils/nnet_conv1d_latency.h:229]   --->   Operation 12 'read' 'p_read4090' <Predicate = true> <Delay = 0.00>
ST_1 : Operation 13 [1/1] (0.00ns)   --->   "%p_read_209 = call i16 @_ssdm_op_Read.ap_auto.i16(i16 %p_read39)" [firmware/nnet_utils/nnet_conv1d_latency.h:229]   --->   Operation 13 'read' 'p_read_209' <Predicate = true> <Delay = 0.00>
ST_1 : Operation 14 [1/1] (0.00ns)   --->   "%p_read_210 = call i16 @_ssdm_op_Read.ap_auto.i16(i16 %p_read38)" [firmware/nnet_utils/nnet_conv1d_latency.h:229]   --->   Operation 14 'read' 'p_read_210' <Predicate = true> <Delay = 0.00>
ST_1 : Operation 15 [1/1] (0.00ns)   --->   "%p_read_211 = call i16 @_ssdm_op_Read.ap_auto.i16(i16 %p_read37)" [firmware/nnet_utils/nnet_conv1d_latency.h:229]   --->   Operation 15 'read' 'p_read_211' <Predicate = true> <Delay = 0.00>
ST_1 : Operation 16 [1/1] (0.00ns)   --->   "%p_read_212 = call i16 @_ssdm_op_Read.ap_auto.i16(i16 %p_read36)" [firmware/nnet_utils/nnet_conv1d_latency.h:229]   --->   Operation 16 'read' 'p_read_212' <Predicate = true> <Delay = 0.00>
ST_1 : Operation 17 [1/1] (0.00ns)   --->   "%p_read_213 = call i16 @_ssdm_op_Read.ap_auto.i16(i16 %p_read35)" [firmware/nnet_utils/nnet_conv1d_latency.h:229]   --->   Operation 17 'read' 'p_read_213' <Predicate = true> <Delay = 0.00>
ST_1 : Operation 18 [1/1] (0.00ns)   --->   "%p_read_214 = call i16 @_ssdm_op_Read.ap_auto.i16(i16 %p_read34)" [firmware/nnet_utils/nnet_conv1d_latency.h:229]   --->   Operation 18 'read' 'p_read_214' <Predicate = true> <Delay = 0.00>
ST_1 : Operation 19 [1/1] (0.00ns)   --->   "%p_read_215 = call i16 @_ssdm_op_Read.ap_auto.i16(i16 %p_read33)" [firmware/nnet_utils/nnet_conv1d_latency.h:229]   --->   Operation 19 'read' 'p_read_215' <Predicate = true> <Delay = 0.00>
ST_1 : Operation 20 [1/1] (0.00ns)   --->   "%p_read_216 = call i16 @_ssdm_op_Read.ap_auto.i16(i16 %p_read32)" [firmware/nnet_utils/nnet_conv1d_latency.h:229]   --->   Operation 20 'read' 'p_read_216' <Predicate = true> <Delay = 0.00>
ST_1 : Operation 21 [1/1] (0.00ns)   --->   "%p_read3181 = call i16 @_ssdm_op_Read.ap_auto.i16(i16 %p_read31)" [firmware/nnet_utils/nnet_conv1d_latency.h:229]   --->   Operation 21 'read' 'p_read3181' <Predicate = true> <Delay = 0.00>
ST_1 : Operation 22 [1/1] (0.00ns)   --->   "%p_read3080 = call i16 @_ssdm_op_Read.ap_auto.i16(i16 %p_read30)" [firmware/nnet_utils/nnet_conv1d_latency.h:229]   --->   Operation 22 'read' 'p_read3080' <Predicate = true> <Delay = 0.00>
ST_1 : Operation 23 [1/1] (0.00ns)   --->   "%p_read_217 = call i16 @_ssdm_op_Read.ap_auto.i16(i16 %p_read29)" [firmware/nnet_utils/nnet_conv1d_latency.h:229]   --->   Operation 23 'read' 'p_read_217' <Predicate = true> <Delay = 0.00>
ST_1 : Operation 24 [1/1] (0.00ns)   --->   "%p_read_218 = call i16 @_ssdm_op_Read.ap_auto.i16(i16 %p_read28)" [firmware/nnet_utils/nnet_conv1d_latency.h:229]   --->   Operation 24 'read' 'p_read_218' <Predicate = true> <Delay = 0.00>
ST_1 : Operation 25 [1/1] (0.00ns)   --->   "%p_read_219 = call i16 @_ssdm_op_Read.ap_auto.i16(i16 %p_read27)" [firmware/nnet_utils/nnet_conv1d_latency.h:229]   --->   Operation 25 'read' 'p_read_219' <Predicate = true> <Delay = 0.00>
ST_1 : Operation 26 [1/1] (0.00ns)   --->   "%p_read_220 = call i16 @_ssdm_op_Read.ap_auto.i16(i16 %p_read26)" [firmware/nnet_utils/nnet_conv1d_latency.h:229]   --->   Operation 26 'read' 'p_read_220' <Predicate = true> <Delay = 0.00>
ST_1 : Operation 27 [1/1] (0.00ns)   --->   "%p_read_221 = call i16 @_ssdm_op_Read.ap_auto.i16(i16 %p_read25)" [firmware/nnet_utils/nnet_conv1d_latency.h:229]   --->   Operation 27 'read' 'p_read_221' <Predicate = true> <Delay = 0.00>
ST_1 : Operation 28 [1/1] (0.00ns)   --->   "%p_read_222 = call i16 @_ssdm_op_Read.ap_auto.i16(i16 %p_read24)" [firmware/nnet_utils/nnet_conv1d_latency.h:229]   --->   Operation 28 'read' 'p_read_222' <Predicate = true> <Delay = 0.00>
ST_1 : Operation 29 [1/1] (0.00ns)   --->   "%p_read_223 = call i16 @_ssdm_op_Read.ap_auto.i16(i16 %p_read23)" [firmware/nnet_utils/nnet_conv1d_latency.h:229]   --->   Operation 29 'read' 'p_read_223' <Predicate = true> <Delay = 0.00>
ST_1 : Operation 30 [1/1] (0.00ns)   --->   "%p_read_224 = call i16 @_ssdm_op_Read.ap_auto.i16(i16 %p_read22)" [firmware/nnet_utils/nnet_conv1d_latency.h:229]   --->   Operation 30 'read' 'p_read_224' <Predicate = true> <Delay = 0.00>
ST_1 : Operation 31 [1/1] (0.00ns)   --->   "%p_read2171 = call i16 @_ssdm_op_Read.ap_auto.i16(i16 %p_read21)" [firmware/nnet_utils/nnet_conv1d_latency.h:229]   --->   Operation 31 'read' 'p_read2171' <Predicate = true> <Delay = 0.00>
ST_1 : Operation 32 [1/1] (0.00ns)   --->   "%p_read2070 = call i16 @_ssdm_op_Read.ap_auto.i16(i16 %p_read20)" [firmware/nnet_utils/nnet_conv1d_latency.h:229]   --->   Operation 32 'read' 'p_read2070' <Predicate = true> <Delay = 0.00>
ST_1 : Operation 33 [1/1] (0.00ns)   --->   "%p_read_225 = call i16 @_ssdm_op_Read.ap_auto.i16(i16 %p_read19)" [firmware/nnet_utils/nnet_conv1d_latency.h:229]   --->   Operation 33 'read' 'p_read_225' <Predicate = true> <Delay = 0.00>
ST_1 : Operation 34 [1/1] (0.00ns)   --->   "%p_read_226 = call i16 @_ssdm_op_Read.ap_auto.i16(i16 %p_read18)" [firmware/nnet_utils/nnet_conv1d_latency.h:229]   --->   Operation 34 'read' 'p_read_226' <Predicate = true> <Delay = 0.00>
ST_1 : Operation 35 [1/1] (0.00ns)   --->   "%p_read_227 = call i16 @_ssdm_op_Read.ap_auto.i16(i16 %p_read17)" [firmware/nnet_utils/nnet_conv1d_latency.h:229]   --->   Operation 35 'read' 'p_read_227' <Predicate = true> <Delay = 0.00>
ST_1 : Operation 36 [1/1] (0.00ns)   --->   "%p_read_228 = call i16 @_ssdm_op_Read.ap_auto.i16(i16 %p_read16)" [firmware/nnet_utils/nnet_conv1d_latency.h:229]   --->   Operation 36 'read' 'p_read_228' <Predicate = true> <Delay = 0.00>
ST_1 : Operation 37 [1/1] (0.00ns)   --->   "%p_read_229 = call i16 @_ssdm_op_Read.ap_auto.i16(i16 %p_read15)" [firmware/nnet_utils/nnet_conv1d_latency.h:229]   --->   Operation 37 'read' 'p_read_229' <Predicate = true> <Delay = 0.00>
ST_1 : Operation 38 [1/1] (0.00ns)   --->   "%p_read_230 = call i16 @_ssdm_op_Read.ap_auto.i16(i16 %p_read14)" [firmware/nnet_utils/nnet_conv1d_latency.h:229]   --->   Operation 38 'read' 'p_read_230' <Predicate = true> <Delay = 0.00>
ST_1 : Operation 39 [1/1] (0.00ns)   --->   "%p_read_231 = call i16 @_ssdm_op_Read.ap_auto.i16(i16 %p_read13)" [firmware/nnet_utils/nnet_conv1d_latency.h:229]   --->   Operation 39 'read' 'p_read_231' <Predicate = true> <Delay = 0.00>
ST_1 : Operation 40 [1/1] (0.00ns)   --->   "%p_read_232 = call i16 @_ssdm_op_Read.ap_auto.i16(i16 %p_read12)" [firmware/nnet_utils/nnet_conv1d_latency.h:229]   --->   Operation 40 'read' 'p_read_232' <Predicate = true> <Delay = 0.00>
ST_1 : Operation 41 [1/1] (0.00ns)   --->   "%p_read1161 = call i16 @_ssdm_op_Read.ap_auto.i16(i16 %p_read11)" [firmware/nnet_utils/nnet_conv1d_latency.h:229]   --->   Operation 41 'read' 'p_read1161' <Predicate = true> <Delay = 0.00>
ST_1 : Operation 42 [1/1] (0.00ns)   --->   "%p_read1060 = call i16 @_ssdm_op_Read.ap_auto.i16(i16 %p_read10)" [firmware/nnet_utils/nnet_conv1d_latency.h:229]   --->   Operation 42 'read' 'p_read1060' <Predicate = true> <Delay = 0.00>
ST_1 : Operation 43 [1/1] (0.00ns)   --->   "%p_read959 = call i16 @_ssdm_op_Read.ap_auto.i16(i16 %p_read9)" [firmware/nnet_utils/nnet_conv1d_latency.h:229]   --->   Operation 43 'read' 'p_read959' <Predicate = true> <Delay = 0.00>
ST_1 : Operation 44 [1/1] (0.00ns)   --->   "%p_read858 = call i16 @_ssdm_op_Read.ap_auto.i16(i16 %p_read8)" [firmware/nnet_utils/nnet_conv1d_latency.h:229]   --->   Operation 44 'read' 'p_read858' <Predicate = true> <Delay = 0.00>
ST_1 : Operation 45 [1/1] (0.00ns)   --->   "%p_read757 = call i16 @_ssdm_op_Read.ap_auto.i16(i16 %p_read7)" [firmware/nnet_utils/nnet_conv1d_latency.h:229]   --->   Operation 45 'read' 'p_read757' <Predicate = true> <Delay = 0.00>
ST_1 : Operation 46 [1/1] (0.00ns)   --->   "%p_read656 = call i16 @_ssdm_op_Read.ap_auto.i16(i16 %p_read6)" [firmware/nnet_utils/nnet_conv1d_latency.h:229]   --->   Operation 46 'read' 'p_read656' <Predicate = true> <Delay = 0.00>
ST_1 : Operation 47 [1/1] (0.00ns)   --->   "%p_read555 = call i16 @_ssdm_op_Read.ap_auto.i16(i16 %p_read5)" [firmware/nnet_utils/nnet_conv1d_latency.h:229]   --->   Operation 47 'read' 'p_read555' <Predicate = true> <Delay = 0.00>
ST_1 : Operation 48 [1/1] (0.00ns)   --->   "%p_read454 = call i16 @_ssdm_op_Read.ap_auto.i16(i16 %p_read4)" [firmware/nnet_utils/nnet_conv1d_latency.h:229]   --->   Operation 48 'read' 'p_read454' <Predicate = true> <Delay = 0.00>
ST_1 : Operation 49 [1/1] (0.00ns)   --->   "%p_read353 = call i16 @_ssdm_op_Read.ap_auto.i16(i16 %p_read3)" [firmware/nnet_utils/nnet_conv1d_latency.h:229]   --->   Operation 49 'read' 'p_read353' <Predicate = true> <Delay = 0.00>
ST_1 : Operation 50 [1/1] (0.00ns)   --->   "%p_read252 = call i16 @_ssdm_op_Read.ap_auto.i16(i16 %p_read2)" [firmware/nnet_utils/nnet_conv1d_latency.h:229]   --->   Operation 50 'read' 'p_read252' <Predicate = true> <Delay = 0.00>
ST_1 : Operation 51 [1/1] (0.00ns)   --->   "%p_read151 = call i16 @_ssdm_op_Read.ap_auto.i16(i16 %p_read1)" [firmware/nnet_utils/nnet_conv1d_latency.h:229]   --->   Operation 51 'read' 'p_read151' <Predicate = true> <Delay = 0.00>
ST_1 : Operation 52 [1/1] (0.00ns)   --->   "%p_read_233 = call i16 @_ssdm_op_Read.ap_auto.i16(i16 %p_read)" [firmware/nnet_utils/nnet_conv1d_latency.h:229]   --->   Operation 52 'read' 'p_read_233' <Predicate = true> <Delay = 0.00>
ST_1 : Operation 53 [1/1] (0.00ns)   --->   "call void @_ssdm_op_Write.ap_auto.i16P(i16* %res_0_V, i16 %p_read_233)" [firmware/nnet_utils/nnet_conv1d_latency.h:231]   --->   Operation 53 'write' <Predicate = true> <Delay = 0.00>
ST_1 : Operation 54 [1/1] (0.00ns)   --->   "call void @_ssdm_op_Write.ap_auto.i16P(i16* %res_5_V, i16 %p_read151)" [firmware/nnet_utils/nnet_conv1d_latency.h:232]   --->   Operation 54 'write' <Predicate = true> <Delay = 0.00>
ST_1 : Operation 55 [1/1] (0.00ns)   --->   "call void @_ssdm_op_Write.ap_auto.i16P(i16* %res_10_V, i16 %p_read252)" [firmware/nnet_utils/nnet_conv1d_latency.h:233]   --->   Operation 55 'write' <Predicate = true> <Delay = 0.00>
ST_1 : Operation 56 [1/1] (0.00ns)   --->   "call void @_ssdm_op_Write.ap_auto.i16P(i16* %res_15_V, i16 %p_read353)" [firmware/nnet_utils/nnet_conv1d_latency.h:234]   --->   Operation 56 'write' <Predicate = true> <Delay = 0.00>
ST_1 : Operation 57 [1/1] (0.00ns)   --->   "call void @_ssdm_op_Write.ap_auto.i16P(i16* %res_20_V, i16 %p_read454)" [firmware/nnet_utils/nnet_conv1d_latency.h:235]   --->   Operation 57 'write' <Predicate = true> <Delay = 0.00>
ST_1 : Operation 58 [1/1] (0.00ns)   --->   "call void @_ssdm_op_Write.ap_auto.i16P(i16* %res_25_V, i16 %p_read555)" [firmware/nnet_utils/nnet_conv1d_latency.h:236]   --->   Operation 58 'write' <Predicate = true> <Delay = 0.00>
ST_1 : Operation 59 [1/1] (0.00ns)   --->   "call void @_ssdm_op_Write.ap_auto.i16P(i16* %res_30_V, i16 %p_read656)" [firmware/nnet_utils/nnet_conv1d_latency.h:237]   --->   Operation 59 'write' <Predicate = true> <Delay = 0.00>
ST_1 : Operation 60 [1/1] (0.00ns)   --->   "call void @_ssdm_op_Write.ap_auto.i16P(i16* %res_35_V, i16 %p_read757)" [firmware/nnet_utils/nnet_conv1d_latency.h:238]   --->   Operation 60 'write' <Predicate = true> <Delay = 0.00>
ST_1 : Operation 61 [1/1] (0.00ns)   --->   "call void @_ssdm_op_Write.ap_auto.i16P(i16* %res_40_V, i16 %p_read858)" [firmware/nnet_utils/nnet_conv1d_latency.h:239]   --->   Operation 61 'write' <Predicate = true> <Delay = 0.00>
ST_1 : Operation 62 [1/1] (0.00ns)   --->   "call void @_ssdm_op_Write.ap_auto.i16P(i16* %res_45_V, i16 %p_read959)" [firmware/nnet_utils/nnet_conv1d_latency.h:240]   --->   Operation 62 'write' <Predicate = true> <Delay = 0.00>
ST_1 : Operation 63 [1/1] (0.00ns)   --->   "%empty = call i32 (...)* @_ssdm_op_SpecRegionEnd([12 x i8]* @p_str29, i32 %tmp)" [firmware/nnet_utils/nnet_conv1d_latency.h:241]   --->   Operation 63 'specregionend' 'empty' <Predicate = true> <Delay = 0.00>
ST_1 : Operation 64 [1/1] (0.00ns)   --->   "%tmp_3 = call i32 (...)* @_ssdm_op_SpecRegionBegin([12 x i8]* @p_str29)" [firmware/nnet_utils/nnet_conv1d_latency.h:227]   --->   Operation 64 'specregionbegin' 'tmp_3' <Predicate = true> <Delay = 0.00>
ST_1 : Operation 65 [1/1] (0.00ns)   --->   "call void @_ssdm_op_Write.ap_auto.i16P(i16* %res_1_V, i16 %p_read1060)" [firmware/nnet_utils/nnet_conv1d_latency.h:231]   --->   Operation 65 'write' <Predicate = true> <Delay = 0.00>
ST_1 : Operation 66 [1/1] (0.00ns)   --->   "call void @_ssdm_op_Write.ap_auto.i16P(i16* %res_6_V, i16 %p_read1161)" [firmware/nnet_utils/nnet_conv1d_latency.h:232]   --->   Operation 66 'write' <Predicate = true> <Delay = 0.00>
ST_1 : Operation 67 [1/1] (0.00ns)   --->   "call void @_ssdm_op_Write.ap_auto.i16P(i16* %res_11_V, i16 %p_read_232)" [firmware/nnet_utils/nnet_conv1d_latency.h:233]   --->   Operation 67 'write' <Predicate = true> <Delay = 0.00>
ST_1 : Operation 68 [1/1] (0.00ns)   --->   "call void @_ssdm_op_Write.ap_auto.i16P(i16* %res_16_V, i16 %p_read_231)" [firmware/nnet_utils/nnet_conv1d_latency.h:234]   --->   Operation 68 'write' <Predicate = true> <Delay = 0.00>
ST_1 : Operation 69 [1/1] (0.00ns)   --->   "call void @_ssdm_op_Write.ap_auto.i16P(i16* %res_21_V, i16 %p_read_230)" [firmware/nnet_utils/nnet_conv1d_latency.h:235]   --->   Operation 69 'write' <Predicate = true> <Delay = 0.00>
ST_1 : Operation 70 [1/1] (0.00ns)   --->   "call void @_ssdm_op_Write.ap_auto.i16P(i16* %res_26_V, i16 %p_read_229)" [firmware/nnet_utils/nnet_conv1d_latency.h:236]   --->   Operation 70 'write' <Predicate = true> <Delay = 0.00>
ST_1 : Operation 71 [1/1] (0.00ns)   --->   "call void @_ssdm_op_Write.ap_auto.i16P(i16* %res_31_V, i16 %p_read_228)" [firmware/nnet_utils/nnet_conv1d_latency.h:237]   --->   Operation 71 'write' <Predicate = true> <Delay = 0.00>
ST_1 : Operation 72 [1/1] (0.00ns)   --->   "call void @_ssdm_op_Write.ap_auto.i16P(i16* %res_36_V, i16 %p_read_227)" [firmware/nnet_utils/nnet_conv1d_latency.h:238]   --->   Operation 72 'write' <Predicate = true> <Delay = 0.00>
ST_1 : Operation 73 [1/1] (0.00ns)   --->   "call void @_ssdm_op_Write.ap_auto.i16P(i16* %res_41_V, i16 %p_read_226)" [firmware/nnet_utils/nnet_conv1d_latency.h:239]   --->   Operation 73 'write' <Predicate = true> <Delay = 0.00>
ST_1 : Operation 74 [1/1] (0.00ns)   --->   "call void @_ssdm_op_Write.ap_auto.i16P(i16* %res_46_V, i16 %p_read_225)" [firmware/nnet_utils/nnet_conv1d_latency.h:240]   --->   Operation 74 'write' <Predicate = true> <Delay = 0.00>
ST_1 : Operation 75 [1/1] (0.00ns)   --->   "%empty_30 = call i32 (...)* @_ssdm_op_SpecRegionEnd([12 x i8]* @p_str29, i32 %tmp_3)" [firmware/nnet_utils/nnet_conv1d_latency.h:241]   --->   Operation 75 'specregionend' 'empty_30' <Predicate = true> <Delay = 0.00>
ST_1 : Operation 76 [1/1] (0.00ns)   --->   "%tmp_4 = call i32 (...)* @_ssdm_op_SpecRegionBegin([12 x i8]* @p_str29)" [firmware/nnet_utils/nnet_conv1d_latency.h:227]   --->   Operation 76 'specregionbegin' 'tmp_4' <Predicate = true> <Delay = 0.00>
ST_1 : Operation 77 [1/1] (0.00ns)   --->   "call void @_ssdm_op_Write.ap_auto.i16P(i16* %res_2_V, i16 %p_read2070)" [firmware/nnet_utils/nnet_conv1d_latency.h:231]   --->   Operation 77 'write' <Predicate = true> <Delay = 0.00>
ST_1 : Operation 78 [1/1] (0.00ns)   --->   "call void @_ssdm_op_Write.ap_auto.i16P(i16* %res_7_V, i16 %p_read2171)" [firmware/nnet_utils/nnet_conv1d_latency.h:232]   --->   Operation 78 'write' <Predicate = true> <Delay = 0.00>
ST_1 : Operation 79 [1/1] (0.00ns)   --->   "call void @_ssdm_op_Write.ap_auto.i16P(i16* %res_12_V, i16 %p_read_224)" [firmware/nnet_utils/nnet_conv1d_latency.h:233]   --->   Operation 79 'write' <Predicate = true> <Delay = 0.00>
ST_1 : Operation 80 [1/1] (0.00ns)   --->   "call void @_ssdm_op_Write.ap_auto.i16P(i16* %res_17_V, i16 %p_read_223)" [firmware/nnet_utils/nnet_conv1d_latency.h:234]   --->   Operation 80 'write' <Predicate = true> <Delay = 0.00>
ST_1 : Operation 81 [1/1] (0.00ns)   --->   "call void @_ssdm_op_Write.ap_auto.i16P(i16* %res_22_V, i16 %p_read_222)" [firmware/nnet_utils/nnet_conv1d_latency.h:235]   --->   Operation 81 'write' <Predicate = true> <Delay = 0.00>
ST_1 : Operation 82 [1/1] (0.00ns)   --->   "call void @_ssdm_op_Write.ap_auto.i16P(i16* %res_27_V, i16 %p_read_221)" [firmware/nnet_utils/nnet_conv1d_latency.h:236]   --->   Operation 82 'write' <Predicate = true> <Delay = 0.00>
ST_1 : Operation 83 [1/1] (0.00ns)   --->   "call void @_ssdm_op_Write.ap_auto.i16P(i16* %res_32_V, i16 %p_read_220)" [firmware/nnet_utils/nnet_conv1d_latency.h:237]   --->   Operation 83 'write' <Predicate = true> <Delay = 0.00>
ST_1 : Operation 84 [1/1] (0.00ns)   --->   "call void @_ssdm_op_Write.ap_auto.i16P(i16* %res_37_V, i16 %p_read_219)" [firmware/nnet_utils/nnet_conv1d_latency.h:238]   --->   Operation 84 'write' <Predicate = true> <Delay = 0.00>
ST_1 : Operation 85 [1/1] (0.00ns)   --->   "call void @_ssdm_op_Write.ap_auto.i16P(i16* %res_42_V, i16 %p_read_218)" [firmware/nnet_utils/nnet_conv1d_latency.h:239]   --->   Operation 85 'write' <Predicate = true> <Delay = 0.00>
ST_1 : Operation 86 [1/1] (0.00ns)   --->   "call void @_ssdm_op_Write.ap_auto.i16P(i16* %res_47_V, i16 %p_read_217)" [firmware/nnet_utils/nnet_conv1d_latency.h:240]   --->   Operation 86 'write' <Predicate = true> <Delay = 0.00>
ST_1 : Operation 87 [1/1] (0.00ns)   --->   "%empty_31 = call i32 (...)* @_ssdm_op_SpecRegionEnd([12 x i8]* @p_str29, i32 %tmp_4)" [firmware/nnet_utils/nnet_conv1d_latency.h:241]   --->   Operation 87 'specregionend' 'empty_31' <Predicate = true> <Delay = 0.00>
ST_1 : Operation 88 [1/1] (0.00ns)   --->   "%tmp_5 = call i32 (...)* @_ssdm_op_SpecRegionBegin([12 x i8]* @p_str29)" [firmware/nnet_utils/nnet_conv1d_latency.h:227]   --->   Operation 88 'specregionbegin' 'tmp_5' <Predicate = true> <Delay = 0.00>
ST_1 : Operation 89 [1/1] (0.00ns)   --->   "call void @_ssdm_op_Write.ap_auto.i16P(i16* %res_3_V, i16 %p_read3080)" [firmware/nnet_utils/nnet_conv1d_latency.h:231]   --->   Operation 89 'write' <Predicate = true> <Delay = 0.00>
ST_1 : Operation 90 [1/1] (0.00ns)   --->   "call void @_ssdm_op_Write.ap_auto.i16P(i16* %res_8_V, i16 %p_read3181)" [firmware/nnet_utils/nnet_conv1d_latency.h:232]   --->   Operation 90 'write' <Predicate = true> <Delay = 0.00>
ST_1 : Operation 91 [1/1] (0.00ns)   --->   "call void @_ssdm_op_Write.ap_auto.i16P(i16* %res_13_V, i16 %p_read_216)" [firmware/nnet_utils/nnet_conv1d_latency.h:233]   --->   Operation 91 'write' <Predicate = true> <Delay = 0.00>
ST_1 : Operation 92 [1/1] (0.00ns)   --->   "call void @_ssdm_op_Write.ap_auto.i16P(i16* %res_18_V, i16 %p_read_215)" [firmware/nnet_utils/nnet_conv1d_latency.h:234]   --->   Operation 92 'write' <Predicate = true> <Delay = 0.00>
ST_1 : Operation 93 [1/1] (0.00ns)   --->   "call void @_ssdm_op_Write.ap_auto.i16P(i16* %res_23_V, i16 %p_read_214)" [firmware/nnet_utils/nnet_conv1d_latency.h:235]   --->   Operation 93 'write' <Predicate = true> <Delay = 0.00>
ST_1 : Operation 94 [1/1] (0.00ns)   --->   "call void @_ssdm_op_Write.ap_auto.i16P(i16* %res_28_V, i16 %p_read_213)" [firmware/nnet_utils/nnet_conv1d_latency.h:236]   --->   Operation 94 'write' <Predicate = true> <Delay = 0.00>
ST_1 : Operation 95 [1/1] (0.00ns)   --->   "call void @_ssdm_op_Write.ap_auto.i16P(i16* %res_33_V, i16 %p_read_212)" [firmware/nnet_utils/nnet_conv1d_latency.h:237]   --->   Operation 95 'write' <Predicate = true> <Delay = 0.00>
ST_1 : Operation 96 [1/1] (0.00ns)   --->   "call void @_ssdm_op_Write.ap_auto.i16P(i16* %res_38_V, i16 %p_read_211)" [firmware/nnet_utils/nnet_conv1d_latency.h:238]   --->   Operation 96 'write' <Predicate = true> <Delay = 0.00>
ST_1 : Operation 97 [1/1] (0.00ns)   --->   "call void @_ssdm_op_Write.ap_auto.i16P(i16* %res_43_V, i16 %p_read_210)" [firmware/nnet_utils/nnet_conv1d_latency.h:239]   --->   Operation 97 'write' <Predicate = true> <Delay = 0.00>
ST_1 : Operation 98 [1/1] (0.00ns)   --->   "call void @_ssdm_op_Write.ap_auto.i16P(i16* %res_48_V, i16 %p_read_209)" [firmware/nnet_utils/nnet_conv1d_latency.h:240]   --->   Operation 98 'write' <Predicate = true> <Delay = 0.00>
ST_1 : Operation 99 [1/1] (0.00ns)   --->   "%empty_32 = call i32 (...)* @_ssdm_op_SpecRegionEnd([12 x i8]* @p_str29, i32 %tmp_5)" [firmware/nnet_utils/nnet_conv1d_latency.h:241]   --->   Operation 99 'specregionend' 'empty_32' <Predicate = true> <Delay = 0.00>
ST_1 : Operation 100 [1/1] (0.00ns)   --->   "%tmp_6 = call i32 (...)* @_ssdm_op_SpecRegionBegin([12 x i8]* @p_str29)" [firmware/nnet_utils/nnet_conv1d_latency.h:227]   --->   Operation 100 'specregionbegin' 'tmp_6' <Predicate = true> <Delay = 0.00>
ST_1 : Operation 101 [1/1] (0.00ns)   --->   "call void @_ssdm_op_Write.ap_auto.i16P(i16* %res_4_V, i16 %p_read4090)" [firmware/nnet_utils/nnet_conv1d_latency.h:231]   --->   Operation 101 'write' <Predicate = true> <Delay = 0.00>
ST_1 : Operation 102 [1/1] (0.00ns)   --->   "call void @_ssdm_op_Write.ap_auto.i16P(i16* %res_9_V, i16 %p_read4191)" [firmware/nnet_utils/nnet_conv1d_latency.h:232]   --->   Operation 102 'write' <Predicate = true> <Delay = 0.00>
ST_1 : Operation 103 [1/1] (0.00ns)   --->   "call void @_ssdm_op_Write.ap_auto.i16P(i16* %res_14_V, i16 %p_read_208)" [firmware/nnet_utils/nnet_conv1d_latency.h:233]   --->   Operation 103 'write' <Predicate = true> <Delay = 0.00>
ST_1 : Operation 104 [1/1] (0.00ns)   --->   "call void @_ssdm_op_Write.ap_auto.i16P(i16* %res_19_V, i16 %p_read_207)" [firmware/nnet_utils/nnet_conv1d_latency.h:234]   --->   Operation 104 'write' <Predicate = true> <Delay = 0.00>
ST_1 : Operation 105 [1/1] (0.00ns)   --->   "call void @_ssdm_op_Write.ap_auto.i16P(i16* %res_24_V, i16 %p_read_206)" [firmware/nnet_utils/nnet_conv1d_latency.h:235]   --->   Operation 105 'write' <Predicate = true> <Delay = 0.00>
ST_1 : Operation 106 [1/1] (0.00ns)   --->   "call void @_ssdm_op_Write.ap_auto.i16P(i16* %res_29_V, i16 %p_read_205)" [firmware/nnet_utils/nnet_conv1d_latency.h:236]   --->   Operation 106 'write' <Predicate = true> <Delay = 0.00>
ST_1 : Operation 107 [1/1] (0.00ns)   --->   "call void @_ssdm_op_Write.ap_auto.i16P(i16* %res_34_V, i16 %p_read_204)" [firmware/nnet_utils/nnet_conv1d_latency.h:237]   --->   Operation 107 'write' <Predicate = true> <Delay = 0.00>
ST_1 : Operation 108 [1/1] (0.00ns)   --->   "call void @_ssdm_op_Write.ap_auto.i16P(i16* %res_39_V, i16 %p_read_203)" [firmware/nnet_utils/nnet_conv1d_latency.h:238]   --->   Operation 108 'write' <Predicate = true> <Delay = 0.00>
ST_1 : Operation 109 [1/1] (0.00ns)   --->   "call void @_ssdm_op_Write.ap_auto.i16P(i16* %res_44_V, i16 %p_read_202)" [firmware/nnet_utils/nnet_conv1d_latency.h:239]   --->   Operation 109 'write' <Predicate = true> <Delay = 0.00>
ST_1 : Operation 110 [1/1] (0.00ns)   --->   "call void @_ssdm_op_Write.ap_auto.i16P(i16* %res_49_V, i16 %p_read_201)" [firmware/nnet_utils/nnet_conv1d_latency.h:240]   --->   Operation 110 'write' <Predicate = true> <Delay = 0.00>
ST_1 : Operation 111 [1/1] (0.00ns)   --->   "%empty_33 = call i32 (...)* @_ssdm_op_SpecRegionEnd([12 x i8]* @p_str29, i32 %tmp_6)" [firmware/nnet_utils/nnet_conv1d_latency.h:241]   --->   Operation 111 'specregionend' 'empty_33' <Predicate = true> <Delay = 0.00>
ST_1 : Operation 112 [1/1] (0.00ns)   --->   "ret void"   --->   Operation 112 'ret' <Predicate = true> <Delay = 0.00>


============================================================
+ Verbose Summary: Timing violations
============================================================
Target clock period: 5ns, clock uncertainty: 0.625ns.

 <State 1>: 0ns
The critical path consists of the following:


============================================================
+ Verbose Summary: Binding
============================================================
N/A
* FSMD analyzer results:
  - Output states:
 - Input state : 
  - Chain level:
	State 1


============================================================
+ Verbose Summary: Datapath Resource usage 
============================================================
N/A
