

================================================================
== Vivado HLS Report for 'make_inputs_10u_s'
================================================================
* Date:           Fri Jun 25 16:29:26 2021

* Version:        2019.1 (Build 2552052 on Fri May 24 15:28:33 MDT 2019)
* Project:        proj_b
* Solution:       solution1
* Product family: virtexuplus
* Target device:  xcvu9p-flgb2104-2-i


================================================================
== Performance Estimates
================================================================
+ Timing (ns): 
    * Summary: 
    +--------+-------+----------+------------+
    |  Clock | Target| Estimated| Uncertainty|
    +--------+-------+----------+------------+
    |ap_clk  |   5.00|     0.500|        0.50|
    +--------+-------+----------+------------+

+ Latency (clock cycles): 
    * Summary: 
    +-----+-----+-----+-----+----------+
    |  Latency  |  Interval | Pipeline |
    | min | max | min | max |   Type   |
    +-----+-----+-----+-----+----------+
    |    0|    0|    1|    1| function |
    +-----+-----+-----+-----+----------+

    + Detail: 
        * Instance: 
        N/A

        * Loop: 
        N/A

============================================================
+ Verbose Summary: Synthesis Manager
============================================================
InlineROM: 1
ExposeGlobal: 0
============================================================
+ Verbose Summary: CDFG Model
============================================================
IsTopModel: 0
ResetActiveHigh: 1
IsCombinational: 0
IsDatapathOnly: 0
HasWiredReturn: 1
HasMFsm: 2
HasVarLatency: 0
IsPipeline: 1
IsRtlPipelined: 0
IsInstanceOverlapped: 0
IsDontTouch: 0
HasImplIP: 0
IsGatedGlobalClock: 0

+ Individual pipeline summary: 
  * Pipeline-0: initiation interval (II) = 1, depth = 1


============================================================
+ Verbose Summary: Schedule
============================================================
* Number of FSM states : 1
* Pipeline : 1
  Pipeline-0 : II = 1, D = 1, States = { 1 }
* Dataflow Pipeline: 0

* FSM state transitions: 
1 --> 

* FSM state operations: 

State 1 <SV = 0> <Delay = 0.49>
ST_1 : Operation 2 [1/1] (0.00ns)   --->   "%puppi_candidate_9_V_read_1 = call i64 @_ssdm_op_Read.ap_auto.i64(i64 %puppi_candidate_9_V_read)" [firmware/algo_b.cpp:6]   --->   Operation 2 'read' 'puppi_candidate_9_V_read_1' <Predicate = true> <Delay = 0.00>
ST_1 : Operation 3 [1/1] (0.00ns)   --->   "%puppi_candidate_8_V_read_1 = call i64 @_ssdm_op_Read.ap_auto.i64(i64 %puppi_candidate_8_V_read)" [firmware/algo_b.cpp:6]   --->   Operation 3 'read' 'puppi_candidate_8_V_read_1' <Predicate = true> <Delay = 0.00>
ST_1 : Operation 4 [1/1] (0.00ns)   --->   "%puppi_candidate_7_V_read_1 = call i64 @_ssdm_op_Read.ap_auto.i64(i64 %puppi_candidate_7_V_read)" [firmware/algo_b.cpp:6]   --->   Operation 4 'read' 'puppi_candidate_7_V_read_1' <Predicate = true> <Delay = 0.00>
ST_1 : Operation 5 [1/1] (0.00ns)   --->   "%puppi_candidate_6_V_read_1 = call i64 @_ssdm_op_Read.ap_auto.i64(i64 %puppi_candidate_6_V_read)" [firmware/algo_b.cpp:6]   --->   Operation 5 'read' 'puppi_candidate_6_V_read_1' <Predicate = true> <Delay = 0.00>
ST_1 : Operation 6 [1/1] (0.00ns)   --->   "%puppi_candidate_5_V_read_1 = call i64 @_ssdm_op_Read.ap_auto.i64(i64 %puppi_candidate_5_V_read)" [firmware/algo_b.cpp:6]   --->   Operation 6 'read' 'puppi_candidate_5_V_read_1' <Predicate = true> <Delay = 0.00>
ST_1 : Operation 7 [1/1] (0.00ns)   --->   "%puppi_candidate_4_V_read_1 = call i64 @_ssdm_op_Read.ap_auto.i64(i64 %puppi_candidate_4_V_read)" [firmware/algo_b.cpp:6]   --->   Operation 7 'read' 'puppi_candidate_4_V_read_1' <Predicate = true> <Delay = 0.00>
ST_1 : Operation 8 [1/1] (0.00ns)   --->   "%puppi_candidate_3_V_read_1 = call i64 @_ssdm_op_Read.ap_auto.i64(i64 %puppi_candidate_3_V_read)" [firmware/algo_b.cpp:6]   --->   Operation 8 'read' 'puppi_candidate_3_V_read_1' <Predicate = true> <Delay = 0.00>
ST_1 : Operation 9 [1/1] (0.00ns)   --->   "%puppi_candidate_2_V_read_1 = call i64 @_ssdm_op_Read.ap_auto.i64(i64 %puppi_candidate_2_V_read)" [firmware/algo_b.cpp:6]   --->   Operation 9 'read' 'puppi_candidate_2_V_read_1' <Predicate = true> <Delay = 0.00>
ST_1 : Operation 10 [1/1] (0.00ns)   --->   "%puppi_candidate_1_V_read_1 = call i64 @_ssdm_op_Read.ap_auto.i64(i64 %puppi_candidate_1_V_read)" [firmware/algo_b.cpp:6]   --->   Operation 10 'read' 'puppi_candidate_1_V_read_1' <Predicate = true> <Delay = 0.00>
ST_1 : Operation 11 [1/1] (0.00ns)   --->   "%puppi_candidate_0_V_read_1 = call i64 @_ssdm_op_Read.ap_auto.i64(i64 %puppi_candidate_0_V_read)" [firmware/algo_b.cpp:6]   --->   Operation 11 'read' 'puppi_candidate_0_V_read_1' <Predicate = true> <Delay = 0.00>
ST_1 : Operation 12 [1/1] (0.00ns)   --->   "call void (...)* @_ssdm_op_SpecPipeline(i32 -1, i32 1, i32 1, i32 0, [1 x i8]* @p_str12) nounwind" [firmware/algo_b.cpp:10]   --->   Operation 12 'specpipeline' <Predicate = true> <Delay = 0.00>
ST_1 : Operation 13 [1/1] (0.00ns)   --->   "%p_Result_s = call i3 @_ssdm_op_PartSelect.i3.i64.i32.i32(i64 %puppi_candidate_0_V_read_1, i32 37, i32 39)" [firmware/algo_b.cpp:18]   --->   Operation 13 'partselect' 'p_Result_s' <Predicate = true> <Delay = 0.00>
ST_1 : Operation 14 [1/1] (0.49ns)   --->   "%icmp_ln879 = icmp eq i3 %p_Result_s, -4" [firmware/algo_b.cpp:20]   --->   Operation 14 'icmp' 'icmp_ln879' <Predicate = true> <Delay = 0.49> <Core = "Cmp">   --->   Core 25 'Cmp' <Latency = 0> <II = 1> <Delay = 0.49> <FuncUnit> <Opcode : 'icmp'> <InPorts = 2> <OutPorts = 1>
ST_1 : Operation 15 [1/1] (0.00ns)   --->   "%shl_ln = call i9 @_ssdm_op_BitConcatenate.i9.i1.i8(i1 %icmp_ln879, i8 0)" [firmware/algo_b.cpp:20]   --->   Operation 15 'bitconcatenate' 'shl_ln' <Predicate = true> <Delay = 0.00>
ST_1 : Operation 16 [1/1] (0.00ns)   --->   "%zext_ln731 = zext i9 %shl_ln to i16" [firmware/algo_b.cpp:20]   --->   Operation 16 'zext' 'zext_ln731' <Predicate = true> <Delay = 0.00>
ST_1 : Operation 17 [1/1] (0.49ns)   --->   "%icmp_ln879_1 = icmp eq i3 %p_Result_s, -3" [firmware/algo_b.cpp:21]   --->   Operation 17 'icmp' 'icmp_ln879_1' <Predicate = true> <Delay = 0.49> <Core = "Cmp">   --->   Core 25 'Cmp' <Latency = 0> <II = 1> <Delay = 0.49> <FuncUnit> <Opcode : 'icmp'> <InPorts = 2> <OutPorts = 1>
ST_1 : Operation 18 [1/1] (0.00ns)   --->   "%shl_ln731_1 = call i9 @_ssdm_op_BitConcatenate.i9.i1.i8(i1 %icmp_ln879_1, i8 0)" [firmware/algo_b.cpp:21]   --->   Operation 18 'bitconcatenate' 'shl_ln731_1' <Predicate = true> <Delay = 0.00>
ST_1 : Operation 19 [1/1] (0.00ns)   --->   "%zext_ln731_1 = zext i9 %shl_ln731_1 to i16" [firmware/algo_b.cpp:21]   --->   Operation 19 'zext' 'zext_ln731_1' <Predicate = true> <Delay = 0.00>
ST_1 : Operation 20 [1/1] (0.49ns)   --->   "%icmp_ln879_2 = icmp eq i3 %p_Result_s, -2" [firmware/algo_b.cpp:22]   --->   Operation 20 'icmp' 'icmp_ln879_2' <Predicate = true> <Delay = 0.49> <Core = "Cmp">   --->   Core 25 'Cmp' <Latency = 0> <II = 1> <Delay = 0.49> <FuncUnit> <Opcode : 'icmp'> <InPorts = 2> <OutPorts = 1>
ST_1 : Operation 21 [1/1] (0.00ns)   --->   "%shl_ln731_2 = call i9 @_ssdm_op_BitConcatenate.i9.i1.i8(i1 %icmp_ln879_2, i8 0)" [firmware/algo_b.cpp:22]   --->   Operation 21 'bitconcatenate' 'shl_ln731_2' <Predicate = true> <Delay = 0.00>
ST_1 : Operation 22 [1/1] (0.00ns)   --->   "%zext_ln731_2 = zext i9 %shl_ln731_2 to i16" [firmware/algo_b.cpp:22]   --->   Operation 22 'zext' 'zext_ln731_2' <Predicate = true> <Delay = 0.00>
ST_1 : Operation 23 [1/1] (0.49ns)   --->   "%icmp_ln879_3 = icmp eq i3 %p_Result_s, -1" [firmware/algo_b.cpp:23]   --->   Operation 23 'icmp' 'icmp_ln879_3' <Predicate = true> <Delay = 0.49> <Core = "Cmp">   --->   Core 25 'Cmp' <Latency = 0> <II = 1> <Delay = 0.49> <FuncUnit> <Opcode : 'icmp'> <InPorts = 2> <OutPorts = 1>
ST_1 : Operation 24 [1/1] (0.00ns)   --->   "%shl_ln731_3 = call i9 @_ssdm_op_BitConcatenate.i9.i1.i8(i1 %icmp_ln879_3, i8 0)" [firmware/algo_b.cpp:23]   --->   Operation 24 'bitconcatenate' 'shl_ln731_3' <Predicate = true> <Delay = 0.00>
ST_1 : Operation 25 [1/1] (0.00ns)   --->   "%zext_ln731_3 = zext i9 %shl_ln731_3 to i16" [firmware/algo_b.cpp:23]   --->   Operation 25 'zext' 'zext_ln731_3' <Predicate = true> <Delay = 0.00>
ST_1 : Operation 26 [1/1] (0.49ns)   --->   "%icmp_ln879_4 = icmp eq i3 %p_Result_s, 1" [firmware/algo_b.cpp:24]   --->   Operation 26 'icmp' 'icmp_ln879_4' <Predicate = true> <Delay = 0.49> <Core = "Cmp">   --->   Core 25 'Cmp' <Latency = 0> <II = 1> <Delay = 0.49> <FuncUnit> <Opcode : 'icmp'> <InPorts = 2> <OutPorts = 1>
ST_1 : Operation 27 [1/1] (0.00ns)   --->   "%shl_ln731_4 = call i9 @_ssdm_op_BitConcatenate.i9.i1.i8(i1 %icmp_ln879_4, i8 0)" [firmware/algo_b.cpp:24]   --->   Operation 27 'bitconcatenate' 'shl_ln731_4' <Predicate = true> <Delay = 0.00>
ST_1 : Operation 28 [1/1] (0.00ns)   --->   "%zext_ln731_4 = zext i9 %shl_ln731_4 to i16" [firmware/algo_b.cpp:24]   --->   Operation 28 'zext' 'zext_ln731_4' <Predicate = true> <Delay = 0.00>
ST_1 : Operation 29 [1/1] (0.49ns)   --->   "%icmp_ln879_5 = icmp eq i3 %p_Result_s, 0" [firmware/algo_b.cpp:25]   --->   Operation 29 'icmp' 'icmp_ln879_5' <Predicate = true> <Delay = 0.49> <Core = "Cmp">   --->   Core 25 'Cmp' <Latency = 0> <II = 1> <Delay = 0.49> <FuncUnit> <Opcode : 'icmp'> <InPorts = 2> <OutPorts = 1>
ST_1 : Operation 30 [1/1] (0.00ns)   --->   "%shl_ln731_5 = call i9 @_ssdm_op_BitConcatenate.i9.i1.i8(i1 %icmp_ln879_5, i8 0)" [firmware/algo_b.cpp:25]   --->   Operation 30 'bitconcatenate' 'shl_ln731_5' <Predicate = true> <Delay = 0.00>
ST_1 : Operation 31 [1/1] (0.00ns)   --->   "%zext_ln731_5 = zext i9 %shl_ln731_5 to i16" [firmware/algo_b.cpp:25]   --->   Operation 31 'zext' 'zext_ln731_5' <Predicate = true> <Delay = 0.00>
ST_1 : Operation 32 [1/1] (0.49ns)   --->   "%icmp_ln879_6 = icmp eq i3 %p_Result_s, 3" [firmware/algo_b.cpp:26]   --->   Operation 32 'icmp' 'icmp_ln879_6' <Predicate = true> <Delay = 0.49> <Core = "Cmp">   --->   Core 25 'Cmp' <Latency = 0> <II = 1> <Delay = 0.49> <FuncUnit> <Opcode : 'icmp'> <InPorts = 2> <OutPorts = 1>
ST_1 : Operation 33 [1/1] (0.00ns)   --->   "%shl_ln731_6 = call i9 @_ssdm_op_BitConcatenate.i9.i1.i8(i1 %icmp_ln879_6, i8 0)" [firmware/algo_b.cpp:26]   --->   Operation 33 'bitconcatenate' 'shl_ln731_6' <Predicate = true> <Delay = 0.00>
ST_1 : Operation 34 [1/1] (0.00ns)   --->   "%zext_ln731_6 = zext i9 %shl_ln731_6 to i16" [firmware/algo_b.cpp:26]   --->   Operation 34 'zext' 'zext_ln731_6' <Predicate = true> <Delay = 0.00>
ST_1 : Operation 35 [1/1] (0.49ns)   --->   "%icmp_ln879_7 = icmp eq i3 %p_Result_s, 2" [firmware/algo_b.cpp:27]   --->   Operation 35 'icmp' 'icmp_ln879_7' <Predicate = true> <Delay = 0.49> <Core = "Cmp">   --->   Core 25 'Cmp' <Latency = 0> <II = 1> <Delay = 0.49> <FuncUnit> <Opcode : 'icmp'> <InPorts = 2> <OutPorts = 1>
ST_1 : Operation 36 [1/1] (0.00ns)   --->   "%shl_ln731_7 = call i9 @_ssdm_op_BitConcatenate.i9.i1.i8(i1 %icmp_ln879_7, i8 0)" [firmware/algo_b.cpp:27]   --->   Operation 36 'bitconcatenate' 'shl_ln731_7' <Predicate = true> <Delay = 0.00>
ST_1 : Operation 37 [1/1] (0.00ns)   --->   "%zext_ln731_7 = zext i9 %shl_ln731_7 to i16" [firmware/algo_b.cpp:27]   --->   Operation 37 'zext' 'zext_ln731_7' <Predicate = true> <Delay = 0.00>
ST_1 : Operation 38 [1/1] (0.00ns)   --->   "%tmp = call i8 @_ssdm_op_PartSelect.i8.i64.i32.i32(i64 %puppi_candidate_0_V_read_1, i32 50, i32 57)" [firmware/algo_b.cpp:30]   --->   Operation 38 'partselect' 'tmp' <Predicate = true> <Delay = 0.00>
ST_1 : Operation 39 [1/1] (0.00ns)   --->   "%tmp_1 = call i8 @_ssdm_op_PartSelect.i8.i64.i32.i32(i64 %puppi_candidate_0_V_read_1, i32 40, i32 47)" [firmware/algo_b.cpp:31]   --->   Operation 39 'partselect' 'tmp_1' <Predicate = true> <Delay = 0.00>
ST_1 : Operation 40 [1/1] (0.00ns)   --->   "%trunc_ln731 = trunc i64 %puppi_candidate_0_V_read_1 to i8" [firmware/algo_b.cpp:32]   --->   Operation 40 'trunc' 'trunc_ln731' <Predicate = true> <Delay = 0.00>
ST_1 : Operation 41 [1/1] (0.00ns)   --->   "%tmp_3 = call i8 @_ssdm_op_PartSelect.i8.i64.i32.i32(i64 %puppi_candidate_0_V_read_1, i32 14, i32 21)" [firmware/algo_b.cpp:33]   --->   Operation 41 'partselect' 'tmp_3' <Predicate = true> <Delay = 0.00>
ST_1 : Operation 42 [1/1] (0.00ns)   --->   "%tmp_4 = call i8 @_ssdm_op_PartSelect.i8.i64.i32.i32(i64 %puppi_candidate_0_V_read_1, i32 26, i32 33)" [firmware/algo_b.cpp:34]   --->   Operation 42 'partselect' 'tmp_4' <Predicate = true> <Delay = 0.00>
ST_1 : Operation 43 [1/1] (0.00ns)   --->   "%p_Result_1 = call i3 @_ssdm_op_PartSelect.i3.i64.i32.i32(i64 %puppi_candidate_1_V_read_1, i32 37, i32 39)" [firmware/algo_b.cpp:18]   --->   Operation 43 'partselect' 'p_Result_1' <Predicate = true> <Delay = 0.00>
ST_1 : Operation 44 [1/1] (0.49ns)   --->   "%icmp_ln879_10 = icmp eq i3 %p_Result_1, -4" [firmware/algo_b.cpp:20]   --->   Operation 44 'icmp' 'icmp_ln879_10' <Predicate = true> <Delay = 0.49> <Core = "Cmp">   --->   Core 25 'Cmp' <Latency = 0> <II = 1> <Delay = 0.49> <FuncUnit> <Opcode : 'icmp'> <InPorts = 2> <OutPorts = 1>
ST_1 : Operation 45 [1/1] (0.00ns)   --->   "%shl_ln731_s = call i9 @_ssdm_op_BitConcatenate.i9.i1.i8(i1 %icmp_ln879_10, i8 0)" [firmware/algo_b.cpp:20]   --->   Operation 45 'bitconcatenate' 'shl_ln731_s' <Predicate = true> <Delay = 0.00>
ST_1 : Operation 46 [1/1] (0.00ns)   --->   "%zext_ln731_8 = zext i9 %shl_ln731_s to i16" [firmware/algo_b.cpp:20]   --->   Operation 46 'zext' 'zext_ln731_8' <Predicate = true> <Delay = 0.00>
ST_1 : Operation 47 [1/1] (0.49ns)   --->   "%icmp_ln879_11 = icmp eq i3 %p_Result_1, -3" [firmware/algo_b.cpp:21]   --->   Operation 47 'icmp' 'icmp_ln879_11' <Predicate = true> <Delay = 0.49> <Core = "Cmp">   --->   Core 25 'Cmp' <Latency = 0> <II = 1> <Delay = 0.49> <FuncUnit> <Opcode : 'icmp'> <InPorts = 2> <OutPorts = 1>
ST_1 : Operation 48 [1/1] (0.00ns)   --->   "%shl_ln731_8 = call i9 @_ssdm_op_BitConcatenate.i9.i1.i8(i1 %icmp_ln879_11, i8 0)" [firmware/algo_b.cpp:21]   --->   Operation 48 'bitconcatenate' 'shl_ln731_8' <Predicate = true> <Delay = 0.00>
ST_1 : Operation 49 [1/1] (0.00ns)   --->   "%zext_ln731_9 = zext i9 %shl_ln731_8 to i16" [firmware/algo_b.cpp:21]   --->   Operation 49 'zext' 'zext_ln731_9' <Predicate = true> <Delay = 0.00>
ST_1 : Operation 50 [1/1] (0.49ns)   --->   "%icmp_ln879_12 = icmp eq i3 %p_Result_1, -2" [firmware/algo_b.cpp:22]   --->   Operation 50 'icmp' 'icmp_ln879_12' <Predicate = true> <Delay = 0.49> <Core = "Cmp">   --->   Core 25 'Cmp' <Latency = 0> <II = 1> <Delay = 0.49> <FuncUnit> <Opcode : 'icmp'> <InPorts = 2> <OutPorts = 1>
ST_1 : Operation 51 [1/1] (0.00ns)   --->   "%shl_ln731_9 = call i9 @_ssdm_op_BitConcatenate.i9.i1.i8(i1 %icmp_ln879_12, i8 0)" [firmware/algo_b.cpp:22]   --->   Operation 51 'bitconcatenate' 'shl_ln731_9' <Predicate = true> <Delay = 0.00>
ST_1 : Operation 52 [1/1] (0.00ns)   --->   "%zext_ln731_10 = zext i9 %shl_ln731_9 to i16" [firmware/algo_b.cpp:22]   --->   Operation 52 'zext' 'zext_ln731_10' <Predicate = true> <Delay = 0.00>
ST_1 : Operation 53 [1/1] (0.49ns)   --->   "%icmp_ln879_13 = icmp eq i3 %p_Result_1, -1" [firmware/algo_b.cpp:23]   --->   Operation 53 'icmp' 'icmp_ln879_13' <Predicate = true> <Delay = 0.49> <Core = "Cmp">   --->   Core 25 'Cmp' <Latency = 0> <II = 1> <Delay = 0.49> <FuncUnit> <Opcode : 'icmp'> <InPorts = 2> <OutPorts = 1>
ST_1 : Operation 54 [1/1] (0.00ns)   --->   "%shl_ln731_10 = call i9 @_ssdm_op_BitConcatenate.i9.i1.i8(i1 %icmp_ln879_13, i8 0)" [firmware/algo_b.cpp:23]   --->   Operation 54 'bitconcatenate' 'shl_ln731_10' <Predicate = true> <Delay = 0.00>
ST_1 : Operation 55 [1/1] (0.00ns)   --->   "%zext_ln731_11 = zext i9 %shl_ln731_10 to i16" [firmware/algo_b.cpp:23]   --->   Operation 55 'zext' 'zext_ln731_11' <Predicate = true> <Delay = 0.00>
ST_1 : Operation 56 [1/1] (0.49ns)   --->   "%icmp_ln879_14 = icmp eq i3 %p_Result_1, 1" [firmware/algo_b.cpp:24]   --->   Operation 56 'icmp' 'icmp_ln879_14' <Predicate = true> <Delay = 0.49> <Core = "Cmp">   --->   Core 25 'Cmp' <Latency = 0> <II = 1> <Delay = 0.49> <FuncUnit> <Opcode : 'icmp'> <InPorts = 2> <OutPorts = 1>
ST_1 : Operation 57 [1/1] (0.00ns)   --->   "%shl_ln731_11 = call i9 @_ssdm_op_BitConcatenate.i9.i1.i8(i1 %icmp_ln879_14, i8 0)" [firmware/algo_b.cpp:24]   --->   Operation 57 'bitconcatenate' 'shl_ln731_11' <Predicate = true> <Delay = 0.00>
ST_1 : Operation 58 [1/1] (0.00ns)   --->   "%zext_ln731_12 = zext i9 %shl_ln731_11 to i16" [firmware/algo_b.cpp:24]   --->   Operation 58 'zext' 'zext_ln731_12' <Predicate = true> <Delay = 0.00>
ST_1 : Operation 59 [1/1] (0.49ns)   --->   "%icmp_ln879_15 = icmp eq i3 %p_Result_1, 0" [firmware/algo_b.cpp:25]   --->   Operation 59 'icmp' 'icmp_ln879_15' <Predicate = true> <Delay = 0.49> <Core = "Cmp">   --->   Core 25 'Cmp' <Latency = 0> <II = 1> <Delay = 0.49> <FuncUnit> <Opcode : 'icmp'> <InPorts = 2> <OutPorts = 1>
ST_1 : Operation 60 [1/1] (0.00ns)   --->   "%shl_ln731_12 = call i9 @_ssdm_op_BitConcatenate.i9.i1.i8(i1 %icmp_ln879_15, i8 0)" [firmware/algo_b.cpp:25]   --->   Operation 60 'bitconcatenate' 'shl_ln731_12' <Predicate = true> <Delay = 0.00>
ST_1 : Operation 61 [1/1] (0.00ns)   --->   "%zext_ln731_13 = zext i9 %shl_ln731_12 to i16" [firmware/algo_b.cpp:25]   --->   Operation 61 'zext' 'zext_ln731_13' <Predicate = true> <Delay = 0.00>
ST_1 : Operation 62 [1/1] (0.49ns)   --->   "%icmp_ln879_16 = icmp eq i3 %p_Result_1, 3" [firmware/algo_b.cpp:26]   --->   Operation 62 'icmp' 'icmp_ln879_16' <Predicate = true> <Delay = 0.49> <Core = "Cmp">   --->   Core 25 'Cmp' <Latency = 0> <II = 1> <Delay = 0.49> <FuncUnit> <Opcode : 'icmp'> <InPorts = 2> <OutPorts = 1>
ST_1 : Operation 63 [1/1] (0.00ns)   --->   "%shl_ln731_13 = call i9 @_ssdm_op_BitConcatenate.i9.i1.i8(i1 %icmp_ln879_16, i8 0)" [firmware/algo_b.cpp:26]   --->   Operation 63 'bitconcatenate' 'shl_ln731_13' <Predicate = true> <Delay = 0.00>
ST_1 : Operation 64 [1/1] (0.00ns)   --->   "%zext_ln731_14 = zext i9 %shl_ln731_13 to i16" [firmware/algo_b.cpp:26]   --->   Operation 64 'zext' 'zext_ln731_14' <Predicate = true> <Delay = 0.00>
ST_1 : Operation 65 [1/1] (0.49ns)   --->   "%icmp_ln879_17 = icmp eq i3 %p_Result_1, 2" [firmware/algo_b.cpp:27]   --->   Operation 65 'icmp' 'icmp_ln879_17' <Predicate = true> <Delay = 0.49> <Core = "Cmp">   --->   Core 25 'Cmp' <Latency = 0> <II = 1> <Delay = 0.49> <FuncUnit> <Opcode : 'icmp'> <InPorts = 2> <OutPorts = 1>
ST_1 : Operation 66 [1/1] (0.00ns)   --->   "%shl_ln731_14 = call i9 @_ssdm_op_BitConcatenate.i9.i1.i8(i1 %icmp_ln879_17, i8 0)" [firmware/algo_b.cpp:27]   --->   Operation 66 'bitconcatenate' 'shl_ln731_14' <Predicate = true> <Delay = 0.00>
ST_1 : Operation 67 [1/1] (0.00ns)   --->   "%zext_ln731_15 = zext i9 %shl_ln731_14 to i16" [firmware/algo_b.cpp:27]   --->   Operation 67 'zext' 'zext_ln731_15' <Predicate = true> <Delay = 0.00>
ST_1 : Operation 68 [1/1] (0.00ns)   --->   "%tmp_5 = call i8 @_ssdm_op_PartSelect.i8.i64.i32.i32(i64 %puppi_candidate_1_V_read_1, i32 50, i32 57)" [firmware/algo_b.cpp:30]   --->   Operation 68 'partselect' 'tmp_5' <Predicate = true> <Delay = 0.00>
ST_1 : Operation 69 [1/1] (0.00ns)   --->   "%tmp_6 = call i8 @_ssdm_op_PartSelect.i8.i64.i32.i32(i64 %puppi_candidate_1_V_read_1, i32 40, i32 47)" [firmware/algo_b.cpp:31]   --->   Operation 69 'partselect' 'tmp_6' <Predicate = true> <Delay = 0.00>
ST_1 : Operation 70 [1/1] (0.00ns)   --->   "%trunc_ln731_1 = trunc i64 %puppi_candidate_1_V_read_1 to i8" [firmware/algo_b.cpp:32]   --->   Operation 70 'trunc' 'trunc_ln731_1' <Predicate = true> <Delay = 0.00>
ST_1 : Operation 71 [1/1] (0.00ns)   --->   "%tmp_8 = call i8 @_ssdm_op_PartSelect.i8.i64.i32.i32(i64 %puppi_candidate_1_V_read_1, i32 14, i32 21)" [firmware/algo_b.cpp:33]   --->   Operation 71 'partselect' 'tmp_8' <Predicate = true> <Delay = 0.00>
ST_1 : Operation 72 [1/1] (0.00ns)   --->   "%tmp_9 = call i8 @_ssdm_op_PartSelect.i8.i64.i32.i32(i64 %puppi_candidate_1_V_read_1, i32 26, i32 33)" [firmware/algo_b.cpp:34]   --->   Operation 72 'partselect' 'tmp_9' <Predicate = true> <Delay = 0.00>
ST_1 : Operation 73 [1/1] (0.00ns)   --->   "%p_Result_2 = call i3 @_ssdm_op_PartSelect.i3.i64.i32.i32(i64 %puppi_candidate_2_V_read_1, i32 37, i32 39)" [firmware/algo_b.cpp:18]   --->   Operation 73 'partselect' 'p_Result_2' <Predicate = true> <Delay = 0.00>
ST_1 : Operation 74 [1/1] (0.49ns)   --->   "%icmp_ln879_18 = icmp eq i3 %p_Result_2, -4" [firmware/algo_b.cpp:20]   --->   Operation 74 'icmp' 'icmp_ln879_18' <Predicate = true> <Delay = 0.49> <Core = "Cmp">   --->   Core 25 'Cmp' <Latency = 0> <II = 1> <Delay = 0.49> <FuncUnit> <Opcode : 'icmp'> <InPorts = 2> <OutPorts = 1>
ST_1 : Operation 75 [1/1] (0.00ns)   --->   "%shl_ln731_15 = call i9 @_ssdm_op_BitConcatenate.i9.i1.i8(i1 %icmp_ln879_18, i8 0)" [firmware/algo_b.cpp:20]   --->   Operation 75 'bitconcatenate' 'shl_ln731_15' <Predicate = true> <Delay = 0.00>
ST_1 : Operation 76 [1/1] (0.00ns)   --->   "%zext_ln731_16 = zext i9 %shl_ln731_15 to i16" [firmware/algo_b.cpp:20]   --->   Operation 76 'zext' 'zext_ln731_16' <Predicate = true> <Delay = 0.00>
ST_1 : Operation 77 [1/1] (0.49ns)   --->   "%icmp_ln879_19 = icmp eq i3 %p_Result_2, -3" [firmware/algo_b.cpp:21]   --->   Operation 77 'icmp' 'icmp_ln879_19' <Predicate = true> <Delay = 0.49> <Core = "Cmp">   --->   Core 25 'Cmp' <Latency = 0> <II = 1> <Delay = 0.49> <FuncUnit> <Opcode : 'icmp'> <InPorts = 2> <OutPorts = 1>
ST_1 : Operation 78 [1/1] (0.00ns)   --->   "%shl_ln731_16 = call i9 @_ssdm_op_BitConcatenate.i9.i1.i8(i1 %icmp_ln879_19, i8 0)" [firmware/algo_b.cpp:21]   --->   Operation 78 'bitconcatenate' 'shl_ln731_16' <Predicate = true> <Delay = 0.00>
ST_1 : Operation 79 [1/1] (0.00ns)   --->   "%zext_ln731_17 = zext i9 %shl_ln731_16 to i16" [firmware/algo_b.cpp:21]   --->   Operation 79 'zext' 'zext_ln731_17' <Predicate = true> <Delay = 0.00>
ST_1 : Operation 80 [1/1] (0.49ns)   --->   "%icmp_ln879_20 = icmp eq i3 %p_Result_2, -2" [firmware/algo_b.cpp:22]   --->   Operation 80 'icmp' 'icmp_ln879_20' <Predicate = true> <Delay = 0.49> <Core = "Cmp">   --->   Core 25 'Cmp' <Latency = 0> <II = 1> <Delay = 0.49> <FuncUnit> <Opcode : 'icmp'> <InPorts = 2> <OutPorts = 1>
ST_1 : Operation 81 [1/1] (0.00ns)   --->   "%shl_ln731_17 = call i9 @_ssdm_op_BitConcatenate.i9.i1.i8(i1 %icmp_ln879_20, i8 0)" [firmware/algo_b.cpp:22]   --->   Operation 81 'bitconcatenate' 'shl_ln731_17' <Predicate = true> <Delay = 0.00>
ST_1 : Operation 82 [1/1] (0.00ns)   --->   "%zext_ln731_18 = zext i9 %shl_ln731_17 to i16" [firmware/algo_b.cpp:22]   --->   Operation 82 'zext' 'zext_ln731_18' <Predicate = true> <Delay = 0.00>
ST_1 : Operation 83 [1/1] (0.49ns)   --->   "%icmp_ln879_21 = icmp eq i3 %p_Result_2, -1" [firmware/algo_b.cpp:23]   --->   Operation 83 'icmp' 'icmp_ln879_21' <Predicate = true> <Delay = 0.49> <Core = "Cmp">   --->   Core 25 'Cmp' <Latency = 0> <II = 1> <Delay = 0.49> <FuncUnit> <Opcode : 'icmp'> <InPorts = 2> <OutPorts = 1>
ST_1 : Operation 84 [1/1] (0.00ns)   --->   "%shl_ln731_18 = call i9 @_ssdm_op_BitConcatenate.i9.i1.i8(i1 %icmp_ln879_21, i8 0)" [firmware/algo_b.cpp:23]   --->   Operation 84 'bitconcatenate' 'shl_ln731_18' <Predicate = true> <Delay = 0.00>
ST_1 : Operation 85 [1/1] (0.00ns)   --->   "%zext_ln731_19 = zext i9 %shl_ln731_18 to i16" [firmware/algo_b.cpp:23]   --->   Operation 85 'zext' 'zext_ln731_19' <Predicate = true> <Delay = 0.00>
ST_1 : Operation 86 [1/1] (0.49ns)   --->   "%icmp_ln879_22 = icmp eq i3 %p_Result_2, 1" [firmware/algo_b.cpp:24]   --->   Operation 86 'icmp' 'icmp_ln879_22' <Predicate = true> <Delay = 0.49> <Core = "Cmp">   --->   Core 25 'Cmp' <Latency = 0> <II = 1> <Delay = 0.49> <FuncUnit> <Opcode : 'icmp'> <InPorts = 2> <OutPorts = 1>
ST_1 : Operation 87 [1/1] (0.00ns)   --->   "%shl_ln731_19 = call i9 @_ssdm_op_BitConcatenate.i9.i1.i8(i1 %icmp_ln879_22, i8 0)" [firmware/algo_b.cpp:24]   --->   Operation 87 'bitconcatenate' 'shl_ln731_19' <Predicate = true> <Delay = 0.00>
ST_1 : Operation 88 [1/1] (0.00ns)   --->   "%zext_ln731_20 = zext i9 %shl_ln731_19 to i16" [firmware/algo_b.cpp:24]   --->   Operation 88 'zext' 'zext_ln731_20' <Predicate = true> <Delay = 0.00>
ST_1 : Operation 89 [1/1] (0.49ns)   --->   "%icmp_ln879_23 = icmp eq i3 %p_Result_2, 0" [firmware/algo_b.cpp:25]   --->   Operation 89 'icmp' 'icmp_ln879_23' <Predicate = true> <Delay = 0.49> <Core = "Cmp">   --->   Core 25 'Cmp' <Latency = 0> <II = 1> <Delay = 0.49> <FuncUnit> <Opcode : 'icmp'> <InPorts = 2> <OutPorts = 1>
ST_1 : Operation 90 [1/1] (0.00ns)   --->   "%shl_ln731_20 = call i9 @_ssdm_op_BitConcatenate.i9.i1.i8(i1 %icmp_ln879_23, i8 0)" [firmware/algo_b.cpp:25]   --->   Operation 90 'bitconcatenate' 'shl_ln731_20' <Predicate = true> <Delay = 0.00>
ST_1 : Operation 91 [1/1] (0.00ns)   --->   "%zext_ln731_21 = zext i9 %shl_ln731_20 to i16" [firmware/algo_b.cpp:25]   --->   Operation 91 'zext' 'zext_ln731_21' <Predicate = true> <Delay = 0.00>
ST_1 : Operation 92 [1/1] (0.49ns)   --->   "%icmp_ln879_24 = icmp eq i3 %p_Result_2, 3" [firmware/algo_b.cpp:26]   --->   Operation 92 'icmp' 'icmp_ln879_24' <Predicate = true> <Delay = 0.49> <Core = "Cmp">   --->   Core 25 'Cmp' <Latency = 0> <II = 1> <Delay = 0.49> <FuncUnit> <Opcode : 'icmp'> <InPorts = 2> <OutPorts = 1>
ST_1 : Operation 93 [1/1] (0.00ns)   --->   "%shl_ln731_21 = call i9 @_ssdm_op_BitConcatenate.i9.i1.i8(i1 %icmp_ln879_24, i8 0)" [firmware/algo_b.cpp:26]   --->   Operation 93 'bitconcatenate' 'shl_ln731_21' <Predicate = true> <Delay = 0.00>
ST_1 : Operation 94 [1/1] (0.00ns)   --->   "%zext_ln731_22 = zext i9 %shl_ln731_21 to i16" [firmware/algo_b.cpp:26]   --->   Operation 94 'zext' 'zext_ln731_22' <Predicate = true> <Delay = 0.00>
ST_1 : Operation 95 [1/1] (0.49ns)   --->   "%icmp_ln879_25 = icmp eq i3 %p_Result_2, 2" [firmware/algo_b.cpp:27]   --->   Operation 95 'icmp' 'icmp_ln879_25' <Predicate = true> <Delay = 0.49> <Core = "Cmp">   --->   Core 25 'Cmp' <Latency = 0> <II = 1> <Delay = 0.49> <FuncUnit> <Opcode : 'icmp'> <InPorts = 2> <OutPorts = 1>
ST_1 : Operation 96 [1/1] (0.00ns)   --->   "%shl_ln731_22 = call i9 @_ssdm_op_BitConcatenate.i9.i1.i8(i1 %icmp_ln879_25, i8 0)" [firmware/algo_b.cpp:27]   --->   Operation 96 'bitconcatenate' 'shl_ln731_22' <Predicate = true> <Delay = 0.00>
ST_1 : Operation 97 [1/1] (0.00ns)   --->   "%zext_ln731_23 = zext i9 %shl_ln731_22 to i16" [firmware/algo_b.cpp:27]   --->   Operation 97 'zext' 'zext_ln731_23' <Predicate = true> <Delay = 0.00>
ST_1 : Operation 98 [1/1] (0.00ns)   --->   "%tmp_s = call i8 @_ssdm_op_PartSelect.i8.i64.i32.i32(i64 %puppi_candidate_2_V_read_1, i32 50, i32 57)" [firmware/algo_b.cpp:30]   --->   Operation 98 'partselect' 'tmp_s' <Predicate = true> <Delay = 0.00>
ST_1 : Operation 99 [1/1] (0.00ns)   --->   "%tmp_2 = call i8 @_ssdm_op_PartSelect.i8.i64.i32.i32(i64 %puppi_candidate_2_V_read_1, i32 40, i32 47)" [firmware/algo_b.cpp:31]   --->   Operation 99 'partselect' 'tmp_2' <Predicate = true> <Delay = 0.00>
ST_1 : Operation 100 [1/1] (0.00ns)   --->   "%trunc_ln731_2 = trunc i64 %puppi_candidate_2_V_read_1 to i8" [firmware/algo_b.cpp:32]   --->   Operation 100 'trunc' 'trunc_ln731_2' <Predicate = true> <Delay = 0.00>
ST_1 : Operation 101 [1/1] (0.00ns)   --->   "%tmp_7 = call i8 @_ssdm_op_PartSelect.i8.i64.i32.i32(i64 %puppi_candidate_2_V_read_1, i32 14, i32 21)" [firmware/algo_b.cpp:33]   --->   Operation 101 'partselect' 'tmp_7' <Predicate = true> <Delay = 0.00>
ST_1 : Operation 102 [1/1] (0.00ns)   --->   "%tmp_10 = call i8 @_ssdm_op_PartSelect.i8.i64.i32.i32(i64 %puppi_candidate_2_V_read_1, i32 26, i32 33)" [firmware/algo_b.cpp:34]   --->   Operation 102 'partselect' 'tmp_10' <Predicate = true> <Delay = 0.00>
ST_1 : Operation 103 [1/1] (0.00ns)   --->   "%p_Result_s_28 = call i3 @_ssdm_op_PartSelect.i3.i64.i32.i32(i64 %puppi_candidate_3_V_read_1, i32 37, i32 39)" [firmware/algo_b.cpp:18]   --->   Operation 103 'partselect' 'p_Result_s_28' <Predicate = true> <Delay = 0.00>
ST_1 : Operation 104 [1/1] (0.49ns)   --->   "%icmp_ln879_26 = icmp eq i3 %p_Result_s_28, -4" [firmware/algo_b.cpp:20]   --->   Operation 104 'icmp' 'icmp_ln879_26' <Predicate = true> <Delay = 0.49> <Core = "Cmp">   --->   Core 25 'Cmp' <Latency = 0> <II = 1> <Delay = 0.49> <FuncUnit> <Opcode : 'icmp'> <InPorts = 2> <OutPorts = 1>
ST_1 : Operation 105 [1/1] (0.00ns)   --->   "%shl_ln731_23 = call i9 @_ssdm_op_BitConcatenate.i9.i1.i8(i1 %icmp_ln879_26, i8 0)" [firmware/algo_b.cpp:20]   --->   Operation 105 'bitconcatenate' 'shl_ln731_23' <Predicate = true> <Delay = 0.00>
ST_1 : Operation 106 [1/1] (0.00ns)   --->   "%zext_ln731_24 = zext i9 %shl_ln731_23 to i16" [firmware/algo_b.cpp:20]   --->   Operation 106 'zext' 'zext_ln731_24' <Predicate = true> <Delay = 0.00>
ST_1 : Operation 107 [1/1] (0.49ns)   --->   "%icmp_ln879_27 = icmp eq i3 %p_Result_s_28, -3" [firmware/algo_b.cpp:21]   --->   Operation 107 'icmp' 'icmp_ln879_27' <Predicate = true> <Delay = 0.49> <Core = "Cmp">   --->   Core 25 'Cmp' <Latency = 0> <II = 1> <Delay = 0.49> <FuncUnit> <Opcode : 'icmp'> <InPorts = 2> <OutPorts = 1>
ST_1 : Operation 108 [1/1] (0.00ns)   --->   "%shl_ln731_24 = call i9 @_ssdm_op_BitConcatenate.i9.i1.i8(i1 %icmp_ln879_27, i8 0)" [firmware/algo_b.cpp:21]   --->   Operation 108 'bitconcatenate' 'shl_ln731_24' <Predicate = true> <Delay = 0.00>
ST_1 : Operation 109 [1/1] (0.00ns)   --->   "%zext_ln731_25 = zext i9 %shl_ln731_24 to i16" [firmware/algo_b.cpp:21]   --->   Operation 109 'zext' 'zext_ln731_25' <Predicate = true> <Delay = 0.00>
ST_1 : Operation 110 [1/1] (0.49ns)   --->   "%icmp_ln879_28 = icmp eq i3 %p_Result_s_28, -2" [firmware/algo_b.cpp:22]   --->   Operation 110 'icmp' 'icmp_ln879_28' <Predicate = true> <Delay = 0.49> <Core = "Cmp">   --->   Core 25 'Cmp' <Latency = 0> <II = 1> <Delay = 0.49> <FuncUnit> <Opcode : 'icmp'> <InPorts = 2> <OutPorts = 1>
ST_1 : Operation 111 [1/1] (0.00ns)   --->   "%shl_ln731_25 = call i9 @_ssdm_op_BitConcatenate.i9.i1.i8(i1 %icmp_ln879_28, i8 0)" [firmware/algo_b.cpp:22]   --->   Operation 111 'bitconcatenate' 'shl_ln731_25' <Predicate = true> <Delay = 0.00>
ST_1 : Operation 112 [1/1] (0.00ns)   --->   "%zext_ln731_26 = zext i9 %shl_ln731_25 to i16" [firmware/algo_b.cpp:22]   --->   Operation 112 'zext' 'zext_ln731_26' <Predicate = true> <Delay = 0.00>
ST_1 : Operation 113 [1/1] (0.49ns)   --->   "%icmp_ln879_29 = icmp eq i3 %p_Result_s_28, -1" [firmware/algo_b.cpp:23]   --->   Operation 113 'icmp' 'icmp_ln879_29' <Predicate = true> <Delay = 0.49> <Core = "Cmp">   --->   Core 25 'Cmp' <Latency = 0> <II = 1> <Delay = 0.49> <FuncUnit> <Opcode : 'icmp'> <InPorts = 2> <OutPorts = 1>
ST_1 : Operation 114 [1/1] (0.00ns)   --->   "%shl_ln731_26 = call i9 @_ssdm_op_BitConcatenate.i9.i1.i8(i1 %icmp_ln879_29, i8 0)" [firmware/algo_b.cpp:23]   --->   Operation 114 'bitconcatenate' 'shl_ln731_26' <Predicate = true> <Delay = 0.00>
ST_1 : Operation 115 [1/1] (0.00ns)   --->   "%zext_ln731_27 = zext i9 %shl_ln731_26 to i16" [firmware/algo_b.cpp:23]   --->   Operation 115 'zext' 'zext_ln731_27' <Predicate = true> <Delay = 0.00>
ST_1 : Operation 116 [1/1] (0.49ns)   --->   "%icmp_ln879_30 = icmp eq i3 %p_Result_s_28, 1" [firmware/algo_b.cpp:24]   --->   Operation 116 'icmp' 'icmp_ln879_30' <Predicate = true> <Delay = 0.49> <Core = "Cmp">   --->   Core 25 'Cmp' <Latency = 0> <II = 1> <Delay = 0.49> <FuncUnit> <Opcode : 'icmp'> <InPorts = 2> <OutPorts = 1>
ST_1 : Operation 117 [1/1] (0.00ns)   --->   "%shl_ln731_27 = call i9 @_ssdm_op_BitConcatenate.i9.i1.i8(i1 %icmp_ln879_30, i8 0)" [firmware/algo_b.cpp:24]   --->   Operation 117 'bitconcatenate' 'shl_ln731_27' <Predicate = true> <Delay = 0.00>
ST_1 : Operation 118 [1/1] (0.00ns)   --->   "%zext_ln731_28 = zext i9 %shl_ln731_27 to i16" [firmware/algo_b.cpp:24]   --->   Operation 118 'zext' 'zext_ln731_28' <Predicate = true> <Delay = 0.00>
ST_1 : Operation 119 [1/1] (0.49ns)   --->   "%icmp_ln879_31 = icmp eq i3 %p_Result_s_28, 0" [firmware/algo_b.cpp:25]   --->   Operation 119 'icmp' 'icmp_ln879_31' <Predicate = true> <Delay = 0.49> <Core = "Cmp">   --->   Core 25 'Cmp' <Latency = 0> <II = 1> <Delay = 0.49> <FuncUnit> <Opcode : 'icmp'> <InPorts = 2> <OutPorts = 1>
ST_1 : Operation 120 [1/1] (0.00ns)   --->   "%shl_ln731_28 = call i9 @_ssdm_op_BitConcatenate.i9.i1.i8(i1 %icmp_ln879_31, i8 0)" [firmware/algo_b.cpp:25]   --->   Operation 120 'bitconcatenate' 'shl_ln731_28' <Predicate = true> <Delay = 0.00>
ST_1 : Operation 121 [1/1] (0.00ns)   --->   "%zext_ln731_29 = zext i9 %shl_ln731_28 to i16" [firmware/algo_b.cpp:25]   --->   Operation 121 'zext' 'zext_ln731_29' <Predicate = true> <Delay = 0.00>
ST_1 : Operation 122 [1/1] (0.49ns)   --->   "%icmp_ln879_32 = icmp eq i3 %p_Result_s_28, 3" [firmware/algo_b.cpp:26]   --->   Operation 122 'icmp' 'icmp_ln879_32' <Predicate = true> <Delay = 0.49> <Core = "Cmp">   --->   Core 25 'Cmp' <Latency = 0> <II = 1> <Delay = 0.49> <FuncUnit> <Opcode : 'icmp'> <InPorts = 2> <OutPorts = 1>
ST_1 : Operation 123 [1/1] (0.00ns)   --->   "%shl_ln731_29 = call i9 @_ssdm_op_BitConcatenate.i9.i1.i8(i1 %icmp_ln879_32, i8 0)" [firmware/algo_b.cpp:26]   --->   Operation 123 'bitconcatenate' 'shl_ln731_29' <Predicate = true> <Delay = 0.00>
ST_1 : Operation 124 [1/1] (0.00ns)   --->   "%zext_ln731_30 = zext i9 %shl_ln731_29 to i16" [firmware/algo_b.cpp:26]   --->   Operation 124 'zext' 'zext_ln731_30' <Predicate = true> <Delay = 0.00>
ST_1 : Operation 125 [1/1] (0.49ns)   --->   "%icmp_ln879_33 = icmp eq i3 %p_Result_s_28, 2" [firmware/algo_b.cpp:27]   --->   Operation 125 'icmp' 'icmp_ln879_33' <Predicate = true> <Delay = 0.49> <Core = "Cmp">   --->   Core 25 'Cmp' <Latency = 0> <II = 1> <Delay = 0.49> <FuncUnit> <Opcode : 'icmp'> <InPorts = 2> <OutPorts = 1>
ST_1 : Operation 126 [1/1] (0.00ns)   --->   "%shl_ln731_30 = call i9 @_ssdm_op_BitConcatenate.i9.i1.i8(i1 %icmp_ln879_33, i8 0)" [firmware/algo_b.cpp:27]   --->   Operation 126 'bitconcatenate' 'shl_ln731_30' <Predicate = true> <Delay = 0.00>
ST_1 : Operation 127 [1/1] (0.00ns)   --->   "%zext_ln731_31 = zext i9 %shl_ln731_30 to i16" [firmware/algo_b.cpp:27]   --->   Operation 127 'zext' 'zext_ln731_31' <Predicate = true> <Delay = 0.00>
ST_1 : Operation 128 [1/1] (0.00ns)   --->   "%tmp_11 = call i8 @_ssdm_op_PartSelect.i8.i64.i32.i32(i64 %puppi_candidate_3_V_read_1, i32 50, i32 57)" [firmware/algo_b.cpp:30]   --->   Operation 128 'partselect' 'tmp_11' <Predicate = true> <Delay = 0.00>
ST_1 : Operation 129 [1/1] (0.00ns)   --->   "%tmp_12 = call i8 @_ssdm_op_PartSelect.i8.i64.i32.i32(i64 %puppi_candidate_3_V_read_1, i32 40, i32 47)" [firmware/algo_b.cpp:31]   --->   Operation 129 'partselect' 'tmp_12' <Predicate = true> <Delay = 0.00>
ST_1 : Operation 130 [1/1] (0.00ns)   --->   "%trunc_ln731_3 = trunc i64 %puppi_candidate_3_V_read_1 to i8" [firmware/algo_b.cpp:32]   --->   Operation 130 'trunc' 'trunc_ln731_3' <Predicate = true> <Delay = 0.00>
ST_1 : Operation 131 [1/1] (0.00ns)   --->   "%tmp_13 = call i8 @_ssdm_op_PartSelect.i8.i64.i32.i32(i64 %puppi_candidate_3_V_read_1, i32 14, i32 21)" [firmware/algo_b.cpp:33]   --->   Operation 131 'partselect' 'tmp_13' <Predicate = true> <Delay = 0.00>
ST_1 : Operation 132 [1/1] (0.00ns)   --->   "%tmp_14 = call i8 @_ssdm_op_PartSelect.i8.i64.i32.i32(i64 %puppi_candidate_3_V_read_1, i32 26, i32 33)" [firmware/algo_b.cpp:34]   --->   Operation 132 'partselect' 'tmp_14' <Predicate = true> <Delay = 0.00>
ST_1 : Operation 133 [1/1] (0.00ns)   --->   "%p_Result_3 = call i3 @_ssdm_op_PartSelect.i3.i64.i32.i32(i64 %puppi_candidate_4_V_read_1, i32 37, i32 39)" [firmware/algo_b.cpp:18]   --->   Operation 133 'partselect' 'p_Result_3' <Predicate = true> <Delay = 0.00>
ST_1 : Operation 134 [1/1] (0.49ns)   --->   "%icmp_ln879_34 = icmp eq i3 %p_Result_3, -4" [firmware/algo_b.cpp:20]   --->   Operation 134 'icmp' 'icmp_ln879_34' <Predicate = true> <Delay = 0.49> <Core = "Cmp">   --->   Core 25 'Cmp' <Latency = 0> <II = 1> <Delay = 0.49> <FuncUnit> <Opcode : 'icmp'> <InPorts = 2> <OutPorts = 1>
ST_1 : Operation 135 [1/1] (0.00ns)   --->   "%shl_ln731_31 = call i9 @_ssdm_op_BitConcatenate.i9.i1.i8(i1 %icmp_ln879_34, i8 0)" [firmware/algo_b.cpp:20]   --->   Operation 135 'bitconcatenate' 'shl_ln731_31' <Predicate = true> <Delay = 0.00>
ST_1 : Operation 136 [1/1] (0.00ns)   --->   "%zext_ln731_32 = zext i9 %shl_ln731_31 to i16" [firmware/algo_b.cpp:20]   --->   Operation 136 'zext' 'zext_ln731_32' <Predicate = true> <Delay = 0.00>
ST_1 : Operation 137 [1/1] (0.49ns)   --->   "%icmp_ln879_35 = icmp eq i3 %p_Result_3, -3" [firmware/algo_b.cpp:21]   --->   Operation 137 'icmp' 'icmp_ln879_35' <Predicate = true> <Delay = 0.49> <Core = "Cmp">   --->   Core 25 'Cmp' <Latency = 0> <II = 1> <Delay = 0.49> <FuncUnit> <Opcode : 'icmp'> <InPorts = 2> <OutPorts = 1>
ST_1 : Operation 138 [1/1] (0.00ns)   --->   "%shl_ln731_32 = call i9 @_ssdm_op_BitConcatenate.i9.i1.i8(i1 %icmp_ln879_35, i8 0)" [firmware/algo_b.cpp:21]   --->   Operation 138 'bitconcatenate' 'shl_ln731_32' <Predicate = true> <Delay = 0.00>
ST_1 : Operation 139 [1/1] (0.00ns)   --->   "%zext_ln731_33 = zext i9 %shl_ln731_32 to i16" [firmware/algo_b.cpp:21]   --->   Operation 139 'zext' 'zext_ln731_33' <Predicate = true> <Delay = 0.00>
ST_1 : Operation 140 [1/1] (0.49ns)   --->   "%icmp_ln879_36 = icmp eq i3 %p_Result_3, -2" [firmware/algo_b.cpp:22]   --->   Operation 140 'icmp' 'icmp_ln879_36' <Predicate = true> <Delay = 0.49> <Core = "Cmp">   --->   Core 25 'Cmp' <Latency = 0> <II = 1> <Delay = 0.49> <FuncUnit> <Opcode : 'icmp'> <InPorts = 2> <OutPorts = 1>
ST_1 : Operation 141 [1/1] (0.00ns)   --->   "%shl_ln731_33 = call i9 @_ssdm_op_BitConcatenate.i9.i1.i8(i1 %icmp_ln879_36, i8 0)" [firmware/algo_b.cpp:22]   --->   Operation 141 'bitconcatenate' 'shl_ln731_33' <Predicate = true> <Delay = 0.00>
ST_1 : Operation 142 [1/1] (0.00ns)   --->   "%zext_ln731_34 = zext i9 %shl_ln731_33 to i16" [firmware/algo_b.cpp:22]   --->   Operation 142 'zext' 'zext_ln731_34' <Predicate = true> <Delay = 0.00>
ST_1 : Operation 143 [1/1] (0.49ns)   --->   "%icmp_ln879_37 = icmp eq i3 %p_Result_3, -1" [firmware/algo_b.cpp:23]   --->   Operation 143 'icmp' 'icmp_ln879_37' <Predicate = true> <Delay = 0.49> <Core = "Cmp">   --->   Core 25 'Cmp' <Latency = 0> <II = 1> <Delay = 0.49> <FuncUnit> <Opcode : 'icmp'> <InPorts = 2> <OutPorts = 1>
ST_1 : Operation 144 [1/1] (0.00ns)   --->   "%shl_ln731_34 = call i9 @_ssdm_op_BitConcatenate.i9.i1.i8(i1 %icmp_ln879_37, i8 0)" [firmware/algo_b.cpp:23]   --->   Operation 144 'bitconcatenate' 'shl_ln731_34' <Predicate = true> <Delay = 0.00>
ST_1 : Operation 145 [1/1] (0.00ns)   --->   "%zext_ln731_35 = zext i9 %shl_ln731_34 to i16" [firmware/algo_b.cpp:23]   --->   Operation 145 'zext' 'zext_ln731_35' <Predicate = true> <Delay = 0.00>
ST_1 : Operation 146 [1/1] (0.49ns)   --->   "%icmp_ln879_38 = icmp eq i3 %p_Result_3, 1" [firmware/algo_b.cpp:24]   --->   Operation 146 'icmp' 'icmp_ln879_38' <Predicate = true> <Delay = 0.49> <Core = "Cmp">   --->   Core 25 'Cmp' <Latency = 0> <II = 1> <Delay = 0.49> <FuncUnit> <Opcode : 'icmp'> <InPorts = 2> <OutPorts = 1>
ST_1 : Operation 147 [1/1] (0.00ns)   --->   "%shl_ln731_35 = call i9 @_ssdm_op_BitConcatenate.i9.i1.i8(i1 %icmp_ln879_38, i8 0)" [firmware/algo_b.cpp:24]   --->   Operation 147 'bitconcatenate' 'shl_ln731_35' <Predicate = true> <Delay = 0.00>
ST_1 : Operation 148 [1/1] (0.00ns)   --->   "%zext_ln731_36 = zext i9 %shl_ln731_35 to i16" [firmware/algo_b.cpp:24]   --->   Operation 148 'zext' 'zext_ln731_36' <Predicate = true> <Delay = 0.00>
ST_1 : Operation 149 [1/1] (0.49ns)   --->   "%icmp_ln879_39 = icmp eq i3 %p_Result_3, 0" [firmware/algo_b.cpp:25]   --->   Operation 149 'icmp' 'icmp_ln879_39' <Predicate = true> <Delay = 0.49> <Core = "Cmp">   --->   Core 25 'Cmp' <Latency = 0> <II = 1> <Delay = 0.49> <FuncUnit> <Opcode : 'icmp'> <InPorts = 2> <OutPorts = 1>
ST_1 : Operation 150 [1/1] (0.00ns)   --->   "%shl_ln731_36 = call i9 @_ssdm_op_BitConcatenate.i9.i1.i8(i1 %icmp_ln879_39, i8 0)" [firmware/algo_b.cpp:25]   --->   Operation 150 'bitconcatenate' 'shl_ln731_36' <Predicate = true> <Delay = 0.00>
ST_1 : Operation 151 [1/1] (0.00ns)   --->   "%zext_ln731_37 = zext i9 %shl_ln731_36 to i16" [firmware/algo_b.cpp:25]   --->   Operation 151 'zext' 'zext_ln731_37' <Predicate = true> <Delay = 0.00>
ST_1 : Operation 152 [1/1] (0.49ns)   --->   "%icmp_ln879_40 = icmp eq i3 %p_Result_3, 3" [firmware/algo_b.cpp:26]   --->   Operation 152 'icmp' 'icmp_ln879_40' <Predicate = true> <Delay = 0.49> <Core = "Cmp">   --->   Core 25 'Cmp' <Latency = 0> <II = 1> <Delay = 0.49> <FuncUnit> <Opcode : 'icmp'> <InPorts = 2> <OutPorts = 1>
ST_1 : Operation 153 [1/1] (0.00ns)   --->   "%shl_ln731_37 = call i9 @_ssdm_op_BitConcatenate.i9.i1.i8(i1 %icmp_ln879_40, i8 0)" [firmware/algo_b.cpp:26]   --->   Operation 153 'bitconcatenate' 'shl_ln731_37' <Predicate = true> <Delay = 0.00>
ST_1 : Operation 154 [1/1] (0.00ns)   --->   "%zext_ln731_38 = zext i9 %shl_ln731_37 to i16" [firmware/algo_b.cpp:26]   --->   Operation 154 'zext' 'zext_ln731_38' <Predicate = true> <Delay = 0.00>
ST_1 : Operation 155 [1/1] (0.49ns)   --->   "%icmp_ln879_41 = icmp eq i3 %p_Result_3, 2" [firmware/algo_b.cpp:27]   --->   Operation 155 'icmp' 'icmp_ln879_41' <Predicate = true> <Delay = 0.49> <Core = "Cmp">   --->   Core 25 'Cmp' <Latency = 0> <II = 1> <Delay = 0.49> <FuncUnit> <Opcode : 'icmp'> <InPorts = 2> <OutPorts = 1>
ST_1 : Operation 156 [1/1] (0.00ns)   --->   "%shl_ln731_38 = call i9 @_ssdm_op_BitConcatenate.i9.i1.i8(i1 %icmp_ln879_41, i8 0)" [firmware/algo_b.cpp:27]   --->   Operation 156 'bitconcatenate' 'shl_ln731_38' <Predicate = true> <Delay = 0.00>
ST_1 : Operation 157 [1/1] (0.00ns)   --->   "%zext_ln731_39 = zext i9 %shl_ln731_38 to i16" [firmware/algo_b.cpp:27]   --->   Operation 157 'zext' 'zext_ln731_39' <Predicate = true> <Delay = 0.00>
ST_1 : Operation 158 [1/1] (0.00ns)   --->   "%tmp_15 = call i8 @_ssdm_op_PartSelect.i8.i64.i32.i32(i64 %puppi_candidate_4_V_read_1, i32 50, i32 57)" [firmware/algo_b.cpp:30]   --->   Operation 158 'partselect' 'tmp_15' <Predicate = true> <Delay = 0.00>
ST_1 : Operation 159 [1/1] (0.00ns)   --->   "%tmp_16 = call i8 @_ssdm_op_PartSelect.i8.i64.i32.i32(i64 %puppi_candidate_4_V_read_1, i32 40, i32 47)" [firmware/algo_b.cpp:31]   --->   Operation 159 'partselect' 'tmp_16' <Predicate = true> <Delay = 0.00>
ST_1 : Operation 160 [1/1] (0.00ns)   --->   "%trunc_ln731_4 = trunc i64 %puppi_candidate_4_V_read_1 to i8" [firmware/algo_b.cpp:32]   --->   Operation 160 'trunc' 'trunc_ln731_4' <Predicate = true> <Delay = 0.00>
ST_1 : Operation 161 [1/1] (0.00ns)   --->   "%tmp_17 = call i8 @_ssdm_op_PartSelect.i8.i64.i32.i32(i64 %puppi_candidate_4_V_read_1, i32 14, i32 21)" [firmware/algo_b.cpp:33]   --->   Operation 161 'partselect' 'tmp_17' <Predicate = true> <Delay = 0.00>
ST_1 : Operation 162 [1/1] (0.00ns)   --->   "%tmp_18 = call i8 @_ssdm_op_PartSelect.i8.i64.i32.i32(i64 %puppi_candidate_4_V_read_1, i32 26, i32 33)" [firmware/algo_b.cpp:34]   --->   Operation 162 'partselect' 'tmp_18' <Predicate = true> <Delay = 0.00>
ST_1 : Operation 163 [1/1] (0.00ns)   --->   "%p_Result_4 = call i3 @_ssdm_op_PartSelect.i3.i64.i32.i32(i64 %puppi_candidate_5_V_read_1, i32 37, i32 39)" [firmware/algo_b.cpp:18]   --->   Operation 163 'partselect' 'p_Result_4' <Predicate = true> <Delay = 0.00>
ST_1 : Operation 164 [1/1] (0.49ns)   --->   "%icmp_ln879_42 = icmp eq i3 %p_Result_4, -4" [firmware/algo_b.cpp:20]   --->   Operation 164 'icmp' 'icmp_ln879_42' <Predicate = true> <Delay = 0.49> <Core = "Cmp">   --->   Core 25 'Cmp' <Latency = 0> <II = 1> <Delay = 0.49> <FuncUnit> <Opcode : 'icmp'> <InPorts = 2> <OutPorts = 1>
ST_1 : Operation 165 [1/1] (0.00ns)   --->   "%shl_ln731_39 = call i9 @_ssdm_op_BitConcatenate.i9.i1.i8(i1 %icmp_ln879_42, i8 0)" [firmware/algo_b.cpp:20]   --->   Operation 165 'bitconcatenate' 'shl_ln731_39' <Predicate = true> <Delay = 0.00>
ST_1 : Operation 166 [1/1] (0.00ns)   --->   "%zext_ln731_40 = zext i9 %shl_ln731_39 to i16" [firmware/algo_b.cpp:20]   --->   Operation 166 'zext' 'zext_ln731_40' <Predicate = true> <Delay = 0.00>
ST_1 : Operation 167 [1/1] (0.49ns)   --->   "%icmp_ln879_43 = icmp eq i3 %p_Result_4, -3" [firmware/algo_b.cpp:21]   --->   Operation 167 'icmp' 'icmp_ln879_43' <Predicate = true> <Delay = 0.49> <Core = "Cmp">   --->   Core 25 'Cmp' <Latency = 0> <II = 1> <Delay = 0.49> <FuncUnit> <Opcode : 'icmp'> <InPorts = 2> <OutPorts = 1>
ST_1 : Operation 168 [1/1] (0.00ns)   --->   "%shl_ln731_40 = call i9 @_ssdm_op_BitConcatenate.i9.i1.i8(i1 %icmp_ln879_43, i8 0)" [firmware/algo_b.cpp:21]   --->   Operation 168 'bitconcatenate' 'shl_ln731_40' <Predicate = true> <Delay = 0.00>
ST_1 : Operation 169 [1/1] (0.00ns)   --->   "%zext_ln731_41 = zext i9 %shl_ln731_40 to i16" [firmware/algo_b.cpp:21]   --->   Operation 169 'zext' 'zext_ln731_41' <Predicate = true> <Delay = 0.00>
ST_1 : Operation 170 [1/1] (0.49ns)   --->   "%icmp_ln879_44 = icmp eq i3 %p_Result_4, -2" [firmware/algo_b.cpp:22]   --->   Operation 170 'icmp' 'icmp_ln879_44' <Predicate = true> <Delay = 0.49> <Core = "Cmp">   --->   Core 25 'Cmp' <Latency = 0> <II = 1> <Delay = 0.49> <FuncUnit> <Opcode : 'icmp'> <InPorts = 2> <OutPorts = 1>
ST_1 : Operation 171 [1/1] (0.00ns)   --->   "%shl_ln731_41 = call i9 @_ssdm_op_BitConcatenate.i9.i1.i8(i1 %icmp_ln879_44, i8 0)" [firmware/algo_b.cpp:22]   --->   Operation 171 'bitconcatenate' 'shl_ln731_41' <Predicate = true> <Delay = 0.00>
ST_1 : Operation 172 [1/1] (0.00ns)   --->   "%zext_ln731_42 = zext i9 %shl_ln731_41 to i16" [firmware/algo_b.cpp:22]   --->   Operation 172 'zext' 'zext_ln731_42' <Predicate = true> <Delay = 0.00>
ST_1 : Operation 173 [1/1] (0.49ns)   --->   "%icmp_ln879_45 = icmp eq i3 %p_Result_4, -1" [firmware/algo_b.cpp:23]   --->   Operation 173 'icmp' 'icmp_ln879_45' <Predicate = true> <Delay = 0.49> <Core = "Cmp">   --->   Core 25 'Cmp' <Latency = 0> <II = 1> <Delay = 0.49> <FuncUnit> <Opcode : 'icmp'> <InPorts = 2> <OutPorts = 1>
ST_1 : Operation 174 [1/1] (0.00ns)   --->   "%shl_ln731_42 = call i9 @_ssdm_op_BitConcatenate.i9.i1.i8(i1 %icmp_ln879_45, i8 0)" [firmware/algo_b.cpp:23]   --->   Operation 174 'bitconcatenate' 'shl_ln731_42' <Predicate = true> <Delay = 0.00>
ST_1 : Operation 175 [1/1] (0.00ns)   --->   "%zext_ln731_43 = zext i9 %shl_ln731_42 to i16" [firmware/algo_b.cpp:23]   --->   Operation 175 'zext' 'zext_ln731_43' <Predicate = true> <Delay = 0.00>
ST_1 : Operation 176 [1/1] (0.49ns)   --->   "%icmp_ln879_46 = icmp eq i3 %p_Result_4, 1" [firmware/algo_b.cpp:24]   --->   Operation 176 'icmp' 'icmp_ln879_46' <Predicate = true> <Delay = 0.49> <Core = "Cmp">   --->   Core 25 'Cmp' <Latency = 0> <II = 1> <Delay = 0.49> <FuncUnit> <Opcode : 'icmp'> <InPorts = 2> <OutPorts = 1>
ST_1 : Operation 177 [1/1] (0.00ns)   --->   "%shl_ln731_43 = call i9 @_ssdm_op_BitConcatenate.i9.i1.i8(i1 %icmp_ln879_46, i8 0)" [firmware/algo_b.cpp:24]   --->   Operation 177 'bitconcatenate' 'shl_ln731_43' <Predicate = true> <Delay = 0.00>
ST_1 : Operation 178 [1/1] (0.00ns)   --->   "%zext_ln731_44 = zext i9 %shl_ln731_43 to i16" [firmware/algo_b.cpp:24]   --->   Operation 178 'zext' 'zext_ln731_44' <Predicate = true> <Delay = 0.00>
ST_1 : Operation 179 [1/1] (0.49ns)   --->   "%icmp_ln879_47 = icmp eq i3 %p_Result_4, 0" [firmware/algo_b.cpp:25]   --->   Operation 179 'icmp' 'icmp_ln879_47' <Predicate = true> <Delay = 0.49> <Core = "Cmp">   --->   Core 25 'Cmp' <Latency = 0> <II = 1> <Delay = 0.49> <FuncUnit> <Opcode : 'icmp'> <InPorts = 2> <OutPorts = 1>
ST_1 : Operation 180 [1/1] (0.00ns)   --->   "%shl_ln731_44 = call i9 @_ssdm_op_BitConcatenate.i9.i1.i8(i1 %icmp_ln879_47, i8 0)" [firmware/algo_b.cpp:25]   --->   Operation 180 'bitconcatenate' 'shl_ln731_44' <Predicate = true> <Delay = 0.00>
ST_1 : Operation 181 [1/1] (0.00ns)   --->   "%zext_ln731_45 = zext i9 %shl_ln731_44 to i16" [firmware/algo_b.cpp:25]   --->   Operation 181 'zext' 'zext_ln731_45' <Predicate = true> <Delay = 0.00>
ST_1 : Operation 182 [1/1] (0.49ns)   --->   "%icmp_ln879_48 = icmp eq i3 %p_Result_4, 3" [firmware/algo_b.cpp:26]   --->   Operation 182 'icmp' 'icmp_ln879_48' <Predicate = true> <Delay = 0.49> <Core = "Cmp">   --->   Core 25 'Cmp' <Latency = 0> <II = 1> <Delay = 0.49> <FuncUnit> <Opcode : 'icmp'> <InPorts = 2> <OutPorts = 1>
ST_1 : Operation 183 [1/1] (0.00ns)   --->   "%shl_ln731_45 = call i9 @_ssdm_op_BitConcatenate.i9.i1.i8(i1 %icmp_ln879_48, i8 0)" [firmware/algo_b.cpp:26]   --->   Operation 183 'bitconcatenate' 'shl_ln731_45' <Predicate = true> <Delay = 0.00>
ST_1 : Operation 184 [1/1] (0.00ns)   --->   "%zext_ln731_46 = zext i9 %shl_ln731_45 to i16" [firmware/algo_b.cpp:26]   --->   Operation 184 'zext' 'zext_ln731_46' <Predicate = true> <Delay = 0.00>
ST_1 : Operation 185 [1/1] (0.49ns)   --->   "%icmp_ln879_49 = icmp eq i3 %p_Result_4, 2" [firmware/algo_b.cpp:27]   --->   Operation 185 'icmp' 'icmp_ln879_49' <Predicate = true> <Delay = 0.49> <Core = "Cmp">   --->   Core 25 'Cmp' <Latency = 0> <II = 1> <Delay = 0.49> <FuncUnit> <Opcode : 'icmp'> <InPorts = 2> <OutPorts = 1>
ST_1 : Operation 186 [1/1] (0.00ns)   --->   "%shl_ln731_46 = call i9 @_ssdm_op_BitConcatenate.i9.i1.i8(i1 %icmp_ln879_49, i8 0)" [firmware/algo_b.cpp:27]   --->   Operation 186 'bitconcatenate' 'shl_ln731_46' <Predicate = true> <Delay = 0.00>
ST_1 : Operation 187 [1/1] (0.00ns)   --->   "%zext_ln731_47 = zext i9 %shl_ln731_46 to i16" [firmware/algo_b.cpp:27]   --->   Operation 187 'zext' 'zext_ln731_47' <Predicate = true> <Delay = 0.00>
ST_1 : Operation 188 [1/1] (0.00ns)   --->   "%tmp_19 = call i8 @_ssdm_op_PartSelect.i8.i64.i32.i32(i64 %puppi_candidate_5_V_read_1, i32 50, i32 57)" [firmware/algo_b.cpp:30]   --->   Operation 188 'partselect' 'tmp_19' <Predicate = true> <Delay = 0.00>
ST_1 : Operation 189 [1/1] (0.00ns)   --->   "%tmp_20 = call i8 @_ssdm_op_PartSelect.i8.i64.i32.i32(i64 %puppi_candidate_5_V_read_1, i32 40, i32 47)" [firmware/algo_b.cpp:31]   --->   Operation 189 'partselect' 'tmp_20' <Predicate = true> <Delay = 0.00>
ST_1 : Operation 190 [1/1] (0.00ns)   --->   "%trunc_ln731_5 = trunc i64 %puppi_candidate_5_V_read_1 to i8" [firmware/algo_b.cpp:32]   --->   Operation 190 'trunc' 'trunc_ln731_5' <Predicate = true> <Delay = 0.00>
ST_1 : Operation 191 [1/1] (0.00ns)   --->   "%tmp_21 = call i8 @_ssdm_op_PartSelect.i8.i64.i32.i32(i64 %puppi_candidate_5_V_read_1, i32 14, i32 21)" [firmware/algo_b.cpp:33]   --->   Operation 191 'partselect' 'tmp_21' <Predicate = true> <Delay = 0.00>
ST_1 : Operation 192 [1/1] (0.00ns)   --->   "%tmp_22 = call i8 @_ssdm_op_PartSelect.i8.i64.i32.i32(i64 %puppi_candidate_5_V_read_1, i32 26, i32 33)" [firmware/algo_b.cpp:34]   --->   Operation 192 'partselect' 'tmp_22' <Predicate = true> <Delay = 0.00>
ST_1 : Operation 193 [1/1] (0.00ns)   --->   "%p_Result_5 = call i3 @_ssdm_op_PartSelect.i3.i64.i32.i32(i64 %puppi_candidate_6_V_read_1, i32 37, i32 39)" [firmware/algo_b.cpp:18]   --->   Operation 193 'partselect' 'p_Result_5' <Predicate = true> <Delay = 0.00>
ST_1 : Operation 194 [1/1] (0.49ns)   --->   "%icmp_ln879_50 = icmp eq i3 %p_Result_5, -4" [firmware/algo_b.cpp:20]   --->   Operation 194 'icmp' 'icmp_ln879_50' <Predicate = true> <Delay = 0.49> <Core = "Cmp">   --->   Core 25 'Cmp' <Latency = 0> <II = 1> <Delay = 0.49> <FuncUnit> <Opcode : 'icmp'> <InPorts = 2> <OutPorts = 1>
ST_1 : Operation 195 [1/1] (0.00ns)   --->   "%shl_ln731_47 = call i9 @_ssdm_op_BitConcatenate.i9.i1.i8(i1 %icmp_ln879_50, i8 0)" [firmware/algo_b.cpp:20]   --->   Operation 195 'bitconcatenate' 'shl_ln731_47' <Predicate = true> <Delay = 0.00>
ST_1 : Operation 196 [1/1] (0.00ns)   --->   "%zext_ln731_48 = zext i9 %shl_ln731_47 to i16" [firmware/algo_b.cpp:20]   --->   Operation 196 'zext' 'zext_ln731_48' <Predicate = true> <Delay = 0.00>
ST_1 : Operation 197 [1/1] (0.49ns)   --->   "%icmp_ln879_51 = icmp eq i3 %p_Result_5, -3" [firmware/algo_b.cpp:21]   --->   Operation 197 'icmp' 'icmp_ln879_51' <Predicate = true> <Delay = 0.49> <Core = "Cmp">   --->   Core 25 'Cmp' <Latency = 0> <II = 1> <Delay = 0.49> <FuncUnit> <Opcode : 'icmp'> <InPorts = 2> <OutPorts = 1>
ST_1 : Operation 198 [1/1] (0.00ns)   --->   "%shl_ln731_48 = call i9 @_ssdm_op_BitConcatenate.i9.i1.i8(i1 %icmp_ln879_51, i8 0)" [firmware/algo_b.cpp:21]   --->   Operation 198 'bitconcatenate' 'shl_ln731_48' <Predicate = true> <Delay = 0.00>
ST_1 : Operation 199 [1/1] (0.00ns)   --->   "%zext_ln731_49 = zext i9 %shl_ln731_48 to i16" [firmware/algo_b.cpp:21]   --->   Operation 199 'zext' 'zext_ln731_49' <Predicate = true> <Delay = 0.00>
ST_1 : Operation 200 [1/1] (0.49ns)   --->   "%icmp_ln879_52 = icmp eq i3 %p_Result_5, -2" [firmware/algo_b.cpp:22]   --->   Operation 200 'icmp' 'icmp_ln879_52' <Predicate = true> <Delay = 0.49> <Core = "Cmp">   --->   Core 25 'Cmp' <Latency = 0> <II = 1> <Delay = 0.49> <FuncUnit> <Opcode : 'icmp'> <InPorts = 2> <OutPorts = 1>
ST_1 : Operation 201 [1/1] (0.00ns)   --->   "%shl_ln731_49 = call i9 @_ssdm_op_BitConcatenate.i9.i1.i8(i1 %icmp_ln879_52, i8 0)" [firmware/algo_b.cpp:22]   --->   Operation 201 'bitconcatenate' 'shl_ln731_49' <Predicate = true> <Delay = 0.00>
ST_1 : Operation 202 [1/1] (0.00ns)   --->   "%zext_ln731_50 = zext i9 %shl_ln731_49 to i16" [firmware/algo_b.cpp:22]   --->   Operation 202 'zext' 'zext_ln731_50' <Predicate = true> <Delay = 0.00>
ST_1 : Operation 203 [1/1] (0.49ns)   --->   "%icmp_ln879_53 = icmp eq i3 %p_Result_5, -1" [firmware/algo_b.cpp:23]   --->   Operation 203 'icmp' 'icmp_ln879_53' <Predicate = true> <Delay = 0.49> <Core = "Cmp">   --->   Core 25 'Cmp' <Latency = 0> <II = 1> <Delay = 0.49> <FuncUnit> <Opcode : 'icmp'> <InPorts = 2> <OutPorts = 1>
ST_1 : Operation 204 [1/1] (0.00ns)   --->   "%shl_ln731_50 = call i9 @_ssdm_op_BitConcatenate.i9.i1.i8(i1 %icmp_ln879_53, i8 0)" [firmware/algo_b.cpp:23]   --->   Operation 204 'bitconcatenate' 'shl_ln731_50' <Predicate = true> <Delay = 0.00>
ST_1 : Operation 205 [1/1] (0.00ns)   --->   "%zext_ln731_51 = zext i9 %shl_ln731_50 to i16" [firmware/algo_b.cpp:23]   --->   Operation 205 'zext' 'zext_ln731_51' <Predicate = true> <Delay = 0.00>
ST_1 : Operation 206 [1/1] (0.49ns)   --->   "%icmp_ln879_54 = icmp eq i3 %p_Result_5, 1" [firmware/algo_b.cpp:24]   --->   Operation 206 'icmp' 'icmp_ln879_54' <Predicate = true> <Delay = 0.49> <Core = "Cmp">   --->   Core 25 'Cmp' <Latency = 0> <II = 1> <Delay = 0.49> <FuncUnit> <Opcode : 'icmp'> <InPorts = 2> <OutPorts = 1>
ST_1 : Operation 207 [1/1] (0.00ns)   --->   "%shl_ln731_51 = call i9 @_ssdm_op_BitConcatenate.i9.i1.i8(i1 %icmp_ln879_54, i8 0)" [firmware/algo_b.cpp:24]   --->   Operation 207 'bitconcatenate' 'shl_ln731_51' <Predicate = true> <Delay = 0.00>
ST_1 : Operation 208 [1/1] (0.00ns)   --->   "%zext_ln731_52 = zext i9 %shl_ln731_51 to i16" [firmware/algo_b.cpp:24]   --->   Operation 208 'zext' 'zext_ln731_52' <Predicate = true> <Delay = 0.00>
ST_1 : Operation 209 [1/1] (0.49ns)   --->   "%icmp_ln879_55 = icmp eq i3 %p_Result_5, 0" [firmware/algo_b.cpp:25]   --->   Operation 209 'icmp' 'icmp_ln879_55' <Predicate = true> <Delay = 0.49> <Core = "Cmp">   --->   Core 25 'Cmp' <Latency = 0> <II = 1> <Delay = 0.49> <FuncUnit> <Opcode : 'icmp'> <InPorts = 2> <OutPorts = 1>
ST_1 : Operation 210 [1/1] (0.00ns)   --->   "%shl_ln731_52 = call i9 @_ssdm_op_BitConcatenate.i9.i1.i8(i1 %icmp_ln879_55, i8 0)" [firmware/algo_b.cpp:25]   --->   Operation 210 'bitconcatenate' 'shl_ln731_52' <Predicate = true> <Delay = 0.00>
ST_1 : Operation 211 [1/1] (0.00ns)   --->   "%zext_ln731_53 = zext i9 %shl_ln731_52 to i16" [firmware/algo_b.cpp:25]   --->   Operation 211 'zext' 'zext_ln731_53' <Predicate = true> <Delay = 0.00>
ST_1 : Operation 212 [1/1] (0.49ns)   --->   "%icmp_ln879_56 = icmp eq i3 %p_Result_5, 3" [firmware/algo_b.cpp:26]   --->   Operation 212 'icmp' 'icmp_ln879_56' <Predicate = true> <Delay = 0.49> <Core = "Cmp">   --->   Core 25 'Cmp' <Latency = 0> <II = 1> <Delay = 0.49> <FuncUnit> <Opcode : 'icmp'> <InPorts = 2> <OutPorts = 1>
ST_1 : Operation 213 [1/1] (0.00ns)   --->   "%shl_ln731_53 = call i9 @_ssdm_op_BitConcatenate.i9.i1.i8(i1 %icmp_ln879_56, i8 0)" [firmware/algo_b.cpp:26]   --->   Operation 213 'bitconcatenate' 'shl_ln731_53' <Predicate = true> <Delay = 0.00>
ST_1 : Operation 214 [1/1] (0.00ns)   --->   "%zext_ln731_54 = zext i9 %shl_ln731_53 to i16" [firmware/algo_b.cpp:26]   --->   Operation 214 'zext' 'zext_ln731_54' <Predicate = true> <Delay = 0.00>
ST_1 : Operation 215 [1/1] (0.49ns)   --->   "%icmp_ln879_57 = icmp eq i3 %p_Result_5, 2" [firmware/algo_b.cpp:27]   --->   Operation 215 'icmp' 'icmp_ln879_57' <Predicate = true> <Delay = 0.49> <Core = "Cmp">   --->   Core 25 'Cmp' <Latency = 0> <II = 1> <Delay = 0.49> <FuncUnit> <Opcode : 'icmp'> <InPorts = 2> <OutPorts = 1>
ST_1 : Operation 216 [1/1] (0.00ns)   --->   "%shl_ln731_54 = call i9 @_ssdm_op_BitConcatenate.i9.i1.i8(i1 %icmp_ln879_57, i8 0)" [firmware/algo_b.cpp:27]   --->   Operation 216 'bitconcatenate' 'shl_ln731_54' <Predicate = true> <Delay = 0.00>
ST_1 : Operation 217 [1/1] (0.00ns)   --->   "%zext_ln731_55 = zext i9 %shl_ln731_54 to i16" [firmware/algo_b.cpp:27]   --->   Operation 217 'zext' 'zext_ln731_55' <Predicate = true> <Delay = 0.00>
ST_1 : Operation 218 [1/1] (0.00ns)   --->   "%tmp_23 = call i8 @_ssdm_op_PartSelect.i8.i64.i32.i32(i64 %puppi_candidate_6_V_read_1, i32 50, i32 57)" [firmware/algo_b.cpp:30]   --->   Operation 218 'partselect' 'tmp_23' <Predicate = true> <Delay = 0.00>
ST_1 : Operation 219 [1/1] (0.00ns)   --->   "%tmp_24 = call i8 @_ssdm_op_PartSelect.i8.i64.i32.i32(i64 %puppi_candidate_6_V_read_1, i32 40, i32 47)" [firmware/algo_b.cpp:31]   --->   Operation 219 'partselect' 'tmp_24' <Predicate = true> <Delay = 0.00>
ST_1 : Operation 220 [1/1] (0.00ns)   --->   "%trunc_ln731_6 = trunc i64 %puppi_candidate_6_V_read_1 to i8" [firmware/algo_b.cpp:32]   --->   Operation 220 'trunc' 'trunc_ln731_6' <Predicate = true> <Delay = 0.00>
ST_1 : Operation 221 [1/1] (0.00ns)   --->   "%tmp_25 = call i8 @_ssdm_op_PartSelect.i8.i64.i32.i32(i64 %puppi_candidate_6_V_read_1, i32 14, i32 21)" [firmware/algo_b.cpp:33]   --->   Operation 221 'partselect' 'tmp_25' <Predicate = true> <Delay = 0.00>
ST_1 : Operation 222 [1/1] (0.00ns)   --->   "%tmp_26 = call i8 @_ssdm_op_PartSelect.i8.i64.i32.i32(i64 %puppi_candidate_6_V_read_1, i32 26, i32 33)" [firmware/algo_b.cpp:34]   --->   Operation 222 'partselect' 'tmp_26' <Predicate = true> <Delay = 0.00>
ST_1 : Operation 223 [1/1] (0.00ns)   --->   "%p_Result_6 = call i3 @_ssdm_op_PartSelect.i3.i64.i32.i32(i64 %puppi_candidate_7_V_read_1, i32 37, i32 39)" [firmware/algo_b.cpp:18]   --->   Operation 223 'partselect' 'p_Result_6' <Predicate = true> <Delay = 0.00>
ST_1 : Operation 224 [1/1] (0.49ns)   --->   "%icmp_ln879_58 = icmp eq i3 %p_Result_6, -4" [firmware/algo_b.cpp:20]   --->   Operation 224 'icmp' 'icmp_ln879_58' <Predicate = true> <Delay = 0.49> <Core = "Cmp">   --->   Core 25 'Cmp' <Latency = 0> <II = 1> <Delay = 0.49> <FuncUnit> <Opcode : 'icmp'> <InPorts = 2> <OutPorts = 1>
ST_1 : Operation 225 [1/1] (0.00ns)   --->   "%shl_ln731_55 = call i9 @_ssdm_op_BitConcatenate.i9.i1.i8(i1 %icmp_ln879_58, i8 0)" [firmware/algo_b.cpp:20]   --->   Operation 225 'bitconcatenate' 'shl_ln731_55' <Predicate = true> <Delay = 0.00>
ST_1 : Operation 226 [1/1] (0.00ns)   --->   "%zext_ln731_56 = zext i9 %shl_ln731_55 to i16" [firmware/algo_b.cpp:20]   --->   Operation 226 'zext' 'zext_ln731_56' <Predicate = true> <Delay = 0.00>
ST_1 : Operation 227 [1/1] (0.49ns)   --->   "%icmp_ln879_59 = icmp eq i3 %p_Result_6, -3" [firmware/algo_b.cpp:21]   --->   Operation 227 'icmp' 'icmp_ln879_59' <Predicate = true> <Delay = 0.49> <Core = "Cmp">   --->   Core 25 'Cmp' <Latency = 0> <II = 1> <Delay = 0.49> <FuncUnit> <Opcode : 'icmp'> <InPorts = 2> <OutPorts = 1>
ST_1 : Operation 228 [1/1] (0.00ns)   --->   "%shl_ln731_56 = call i9 @_ssdm_op_BitConcatenate.i9.i1.i8(i1 %icmp_ln879_59, i8 0)" [firmware/algo_b.cpp:21]   --->   Operation 228 'bitconcatenate' 'shl_ln731_56' <Predicate = true> <Delay = 0.00>
ST_1 : Operation 229 [1/1] (0.00ns)   --->   "%zext_ln731_57 = zext i9 %shl_ln731_56 to i16" [firmware/algo_b.cpp:21]   --->   Operation 229 'zext' 'zext_ln731_57' <Predicate = true> <Delay = 0.00>
ST_1 : Operation 230 [1/1] (0.49ns)   --->   "%icmp_ln879_60 = icmp eq i3 %p_Result_6, -2" [firmware/algo_b.cpp:22]   --->   Operation 230 'icmp' 'icmp_ln879_60' <Predicate = true> <Delay = 0.49> <Core = "Cmp">   --->   Core 25 'Cmp' <Latency = 0> <II = 1> <Delay = 0.49> <FuncUnit> <Opcode : 'icmp'> <InPorts = 2> <OutPorts = 1>
ST_1 : Operation 231 [1/1] (0.00ns)   --->   "%shl_ln731_57 = call i9 @_ssdm_op_BitConcatenate.i9.i1.i8(i1 %icmp_ln879_60, i8 0)" [firmware/algo_b.cpp:22]   --->   Operation 231 'bitconcatenate' 'shl_ln731_57' <Predicate = true> <Delay = 0.00>
ST_1 : Operation 232 [1/1] (0.00ns)   --->   "%zext_ln731_58 = zext i9 %shl_ln731_57 to i16" [firmware/algo_b.cpp:22]   --->   Operation 232 'zext' 'zext_ln731_58' <Predicate = true> <Delay = 0.00>
ST_1 : Operation 233 [1/1] (0.49ns)   --->   "%icmp_ln879_61 = icmp eq i3 %p_Result_6, -1" [firmware/algo_b.cpp:23]   --->   Operation 233 'icmp' 'icmp_ln879_61' <Predicate = true> <Delay = 0.49> <Core = "Cmp">   --->   Core 25 'Cmp' <Latency = 0> <II = 1> <Delay = 0.49> <FuncUnit> <Opcode : 'icmp'> <InPorts = 2> <OutPorts = 1>
ST_1 : Operation 234 [1/1] (0.00ns)   --->   "%shl_ln731_58 = call i9 @_ssdm_op_BitConcatenate.i9.i1.i8(i1 %icmp_ln879_61, i8 0)" [firmware/algo_b.cpp:23]   --->   Operation 234 'bitconcatenate' 'shl_ln731_58' <Predicate = true> <Delay = 0.00>
ST_1 : Operation 235 [1/1] (0.00ns)   --->   "%zext_ln731_59 = zext i9 %shl_ln731_58 to i16" [firmware/algo_b.cpp:23]   --->   Operation 235 'zext' 'zext_ln731_59' <Predicate = true> <Delay = 0.00>
ST_1 : Operation 236 [1/1] (0.49ns)   --->   "%icmp_ln879_62 = icmp eq i3 %p_Result_6, 1" [firmware/algo_b.cpp:24]   --->   Operation 236 'icmp' 'icmp_ln879_62' <Predicate = true> <Delay = 0.49> <Core = "Cmp">   --->   Core 25 'Cmp' <Latency = 0> <II = 1> <Delay = 0.49> <FuncUnit> <Opcode : 'icmp'> <InPorts = 2> <OutPorts = 1>
ST_1 : Operation 237 [1/1] (0.00ns)   --->   "%shl_ln731_59 = call i9 @_ssdm_op_BitConcatenate.i9.i1.i8(i1 %icmp_ln879_62, i8 0)" [firmware/algo_b.cpp:24]   --->   Operation 237 'bitconcatenate' 'shl_ln731_59' <Predicate = true> <Delay = 0.00>
ST_1 : Operation 238 [1/1] (0.00ns)   --->   "%zext_ln731_60 = zext i9 %shl_ln731_59 to i16" [firmware/algo_b.cpp:24]   --->   Operation 238 'zext' 'zext_ln731_60' <Predicate = true> <Delay = 0.00>
ST_1 : Operation 239 [1/1] (0.49ns)   --->   "%icmp_ln879_63 = icmp eq i3 %p_Result_6, 0" [firmware/algo_b.cpp:25]   --->   Operation 239 'icmp' 'icmp_ln879_63' <Predicate = true> <Delay = 0.49> <Core = "Cmp">   --->   Core 25 'Cmp' <Latency = 0> <II = 1> <Delay = 0.49> <FuncUnit> <Opcode : 'icmp'> <InPorts = 2> <OutPorts = 1>
ST_1 : Operation 240 [1/1] (0.00ns)   --->   "%shl_ln731_60 = call i9 @_ssdm_op_BitConcatenate.i9.i1.i8(i1 %icmp_ln879_63, i8 0)" [firmware/algo_b.cpp:25]   --->   Operation 240 'bitconcatenate' 'shl_ln731_60' <Predicate = true> <Delay = 0.00>
ST_1 : Operation 241 [1/1] (0.00ns)   --->   "%zext_ln731_61 = zext i9 %shl_ln731_60 to i16" [firmware/algo_b.cpp:25]   --->   Operation 241 'zext' 'zext_ln731_61' <Predicate = true> <Delay = 0.00>
ST_1 : Operation 242 [1/1] (0.49ns)   --->   "%icmp_ln879_64 = icmp eq i3 %p_Result_6, 3" [firmware/algo_b.cpp:26]   --->   Operation 242 'icmp' 'icmp_ln879_64' <Predicate = true> <Delay = 0.49> <Core = "Cmp">   --->   Core 25 'Cmp' <Latency = 0> <II = 1> <Delay = 0.49> <FuncUnit> <Opcode : 'icmp'> <InPorts = 2> <OutPorts = 1>
ST_1 : Operation 243 [1/1] (0.00ns)   --->   "%shl_ln731_61 = call i9 @_ssdm_op_BitConcatenate.i9.i1.i8(i1 %icmp_ln879_64, i8 0)" [firmware/algo_b.cpp:26]   --->   Operation 243 'bitconcatenate' 'shl_ln731_61' <Predicate = true> <Delay = 0.00>
ST_1 : Operation 244 [1/1] (0.00ns)   --->   "%zext_ln731_62 = zext i9 %shl_ln731_61 to i16" [firmware/algo_b.cpp:26]   --->   Operation 244 'zext' 'zext_ln731_62' <Predicate = true> <Delay = 0.00>
ST_1 : Operation 245 [1/1] (0.49ns)   --->   "%icmp_ln879_65 = icmp eq i3 %p_Result_6, 2" [firmware/algo_b.cpp:27]   --->   Operation 245 'icmp' 'icmp_ln879_65' <Predicate = true> <Delay = 0.49> <Core = "Cmp">   --->   Core 25 'Cmp' <Latency = 0> <II = 1> <Delay = 0.49> <FuncUnit> <Opcode : 'icmp'> <InPorts = 2> <OutPorts = 1>
ST_1 : Operation 246 [1/1] (0.00ns)   --->   "%shl_ln731_62 = call i9 @_ssdm_op_BitConcatenate.i9.i1.i8(i1 %icmp_ln879_65, i8 0)" [firmware/algo_b.cpp:27]   --->   Operation 246 'bitconcatenate' 'shl_ln731_62' <Predicate = true> <Delay = 0.00>
ST_1 : Operation 247 [1/1] (0.00ns)   --->   "%zext_ln731_63 = zext i9 %shl_ln731_62 to i16" [firmware/algo_b.cpp:27]   --->   Operation 247 'zext' 'zext_ln731_63' <Predicate = true> <Delay = 0.00>
ST_1 : Operation 248 [1/1] (0.00ns)   --->   "%tmp_27 = call i8 @_ssdm_op_PartSelect.i8.i64.i32.i32(i64 %puppi_candidate_7_V_read_1, i32 50, i32 57)" [firmware/algo_b.cpp:30]   --->   Operation 248 'partselect' 'tmp_27' <Predicate = true> <Delay = 0.00>
ST_1 : Operation 249 [1/1] (0.00ns)   --->   "%tmp_28 = call i8 @_ssdm_op_PartSelect.i8.i64.i32.i32(i64 %puppi_candidate_7_V_read_1, i32 40, i32 47)" [firmware/algo_b.cpp:31]   --->   Operation 249 'partselect' 'tmp_28' <Predicate = true> <Delay = 0.00>
ST_1 : Operation 250 [1/1] (0.00ns)   --->   "%trunc_ln731_7 = trunc i64 %puppi_candidate_7_V_read_1 to i8" [firmware/algo_b.cpp:32]   --->   Operation 250 'trunc' 'trunc_ln731_7' <Predicate = true> <Delay = 0.00>
ST_1 : Operation 251 [1/1] (0.00ns)   --->   "%tmp_29 = call i8 @_ssdm_op_PartSelect.i8.i64.i32.i32(i64 %puppi_candidate_7_V_read_1, i32 14, i32 21)" [firmware/algo_b.cpp:33]   --->   Operation 251 'partselect' 'tmp_29' <Predicate = true> <Delay = 0.00>
ST_1 : Operation 252 [1/1] (0.00ns)   --->   "%tmp_30 = call i8 @_ssdm_op_PartSelect.i8.i64.i32.i32(i64 %puppi_candidate_7_V_read_1, i32 26, i32 33)" [firmware/algo_b.cpp:34]   --->   Operation 252 'partselect' 'tmp_30' <Predicate = true> <Delay = 0.00>
ST_1 : Operation 253 [1/1] (0.00ns)   --->   "%p_Result_8 = call i3 @_ssdm_op_PartSelect.i3.i64.i32.i32(i64 %puppi_candidate_8_V_read_1, i32 37, i32 39)" [firmware/algo_b.cpp:18]   --->   Operation 253 'partselect' 'p_Result_8' <Predicate = true> <Delay = 0.00>
ST_1 : Operation 254 [1/1] (0.49ns)   --->   "%icmp_ln879_8 = icmp eq i3 %p_Result_8, -4" [firmware/algo_b.cpp:20]   --->   Operation 254 'icmp' 'icmp_ln879_8' <Predicate = true> <Delay = 0.49> <Core = "Cmp">   --->   Core 25 'Cmp' <Latency = 0> <II = 1> <Delay = 0.49> <FuncUnit> <Opcode : 'icmp'> <InPorts = 2> <OutPorts = 1>
ST_1 : Operation 255 [1/1] (0.00ns)   --->   "%shl_ln731_63 = call i9 @_ssdm_op_BitConcatenate.i9.i1.i8(i1 %icmp_ln879_8, i8 0)" [firmware/algo_b.cpp:20]   --->   Operation 255 'bitconcatenate' 'shl_ln731_63' <Predicate = true> <Delay = 0.00>
ST_1 : Operation 256 [1/1] (0.00ns)   --->   "%zext_ln731_64 = zext i9 %shl_ln731_63 to i16" [firmware/algo_b.cpp:20]   --->   Operation 256 'zext' 'zext_ln731_64' <Predicate = true> <Delay = 0.00>
ST_1 : Operation 257 [1/1] (0.49ns)   --->   "%icmp_ln879_66 = icmp eq i3 %p_Result_8, -3" [firmware/algo_b.cpp:21]   --->   Operation 257 'icmp' 'icmp_ln879_66' <Predicate = true> <Delay = 0.49> <Core = "Cmp">   --->   Core 25 'Cmp' <Latency = 0> <II = 1> <Delay = 0.49> <FuncUnit> <Opcode : 'icmp'> <InPorts = 2> <OutPorts = 1>
ST_1 : Operation 258 [1/1] (0.00ns)   --->   "%shl_ln731_64 = call i9 @_ssdm_op_BitConcatenate.i9.i1.i8(i1 %icmp_ln879_66, i8 0)" [firmware/algo_b.cpp:21]   --->   Operation 258 'bitconcatenate' 'shl_ln731_64' <Predicate = true> <Delay = 0.00>
ST_1 : Operation 259 [1/1] (0.00ns)   --->   "%zext_ln731_65 = zext i9 %shl_ln731_64 to i16" [firmware/algo_b.cpp:21]   --->   Operation 259 'zext' 'zext_ln731_65' <Predicate = true> <Delay = 0.00>
ST_1 : Operation 260 [1/1] (0.49ns)   --->   "%icmp_ln879_67 = icmp eq i3 %p_Result_8, -2" [firmware/algo_b.cpp:22]   --->   Operation 260 'icmp' 'icmp_ln879_67' <Predicate = true> <Delay = 0.49> <Core = "Cmp">   --->   Core 25 'Cmp' <Latency = 0> <II = 1> <Delay = 0.49> <FuncUnit> <Opcode : 'icmp'> <InPorts = 2> <OutPorts = 1>
ST_1 : Operation 261 [1/1] (0.00ns)   --->   "%shl_ln731_65 = call i9 @_ssdm_op_BitConcatenate.i9.i1.i8(i1 %icmp_ln879_67, i8 0)" [firmware/algo_b.cpp:22]   --->   Operation 261 'bitconcatenate' 'shl_ln731_65' <Predicate = true> <Delay = 0.00>
ST_1 : Operation 262 [1/1] (0.00ns)   --->   "%zext_ln731_66 = zext i9 %shl_ln731_65 to i16" [firmware/algo_b.cpp:22]   --->   Operation 262 'zext' 'zext_ln731_66' <Predicate = true> <Delay = 0.00>
ST_1 : Operation 263 [1/1] (0.49ns)   --->   "%icmp_ln879_68 = icmp eq i3 %p_Result_8, -1" [firmware/algo_b.cpp:23]   --->   Operation 263 'icmp' 'icmp_ln879_68' <Predicate = true> <Delay = 0.49> <Core = "Cmp">   --->   Core 25 'Cmp' <Latency = 0> <II = 1> <Delay = 0.49> <FuncUnit> <Opcode : 'icmp'> <InPorts = 2> <OutPorts = 1>
ST_1 : Operation 264 [1/1] (0.00ns)   --->   "%shl_ln731_66 = call i9 @_ssdm_op_BitConcatenate.i9.i1.i8(i1 %icmp_ln879_68, i8 0)" [firmware/algo_b.cpp:23]   --->   Operation 264 'bitconcatenate' 'shl_ln731_66' <Predicate = true> <Delay = 0.00>
ST_1 : Operation 265 [1/1] (0.00ns)   --->   "%zext_ln731_67 = zext i9 %shl_ln731_66 to i16" [firmware/algo_b.cpp:23]   --->   Operation 265 'zext' 'zext_ln731_67' <Predicate = true> <Delay = 0.00>
ST_1 : Operation 266 [1/1] (0.49ns)   --->   "%icmp_ln879_69 = icmp eq i3 %p_Result_8, 1" [firmware/algo_b.cpp:24]   --->   Operation 266 'icmp' 'icmp_ln879_69' <Predicate = true> <Delay = 0.49> <Core = "Cmp">   --->   Core 25 'Cmp' <Latency = 0> <II = 1> <Delay = 0.49> <FuncUnit> <Opcode : 'icmp'> <InPorts = 2> <OutPorts = 1>
ST_1 : Operation 267 [1/1] (0.00ns)   --->   "%shl_ln731_67 = call i9 @_ssdm_op_BitConcatenate.i9.i1.i8(i1 %icmp_ln879_69, i8 0)" [firmware/algo_b.cpp:24]   --->   Operation 267 'bitconcatenate' 'shl_ln731_67' <Predicate = true> <Delay = 0.00>
ST_1 : Operation 268 [1/1] (0.00ns)   --->   "%zext_ln731_68 = zext i9 %shl_ln731_67 to i16" [firmware/algo_b.cpp:24]   --->   Operation 268 'zext' 'zext_ln731_68' <Predicate = true> <Delay = 0.00>
ST_1 : Operation 269 [1/1] (0.49ns)   --->   "%icmp_ln879_70 = icmp eq i3 %p_Result_8, 0" [firmware/algo_b.cpp:25]   --->   Operation 269 'icmp' 'icmp_ln879_70' <Predicate = true> <Delay = 0.49> <Core = "Cmp">   --->   Core 25 'Cmp' <Latency = 0> <II = 1> <Delay = 0.49> <FuncUnit> <Opcode : 'icmp'> <InPorts = 2> <OutPorts = 1>
ST_1 : Operation 270 [1/1] (0.00ns)   --->   "%shl_ln731_68 = call i9 @_ssdm_op_BitConcatenate.i9.i1.i8(i1 %icmp_ln879_70, i8 0)" [firmware/algo_b.cpp:25]   --->   Operation 270 'bitconcatenate' 'shl_ln731_68' <Predicate = true> <Delay = 0.00>
ST_1 : Operation 271 [1/1] (0.00ns)   --->   "%zext_ln731_69 = zext i9 %shl_ln731_68 to i16" [firmware/algo_b.cpp:25]   --->   Operation 271 'zext' 'zext_ln731_69' <Predicate = true> <Delay = 0.00>
ST_1 : Operation 272 [1/1] (0.49ns)   --->   "%icmp_ln879_71 = icmp eq i3 %p_Result_8, 3" [firmware/algo_b.cpp:26]   --->   Operation 272 'icmp' 'icmp_ln879_71' <Predicate = true> <Delay = 0.49> <Core = "Cmp">   --->   Core 25 'Cmp' <Latency = 0> <II = 1> <Delay = 0.49> <FuncUnit> <Opcode : 'icmp'> <InPorts = 2> <OutPorts = 1>
ST_1 : Operation 273 [1/1] (0.00ns)   --->   "%shl_ln731_69 = call i9 @_ssdm_op_BitConcatenate.i9.i1.i8(i1 %icmp_ln879_71, i8 0)" [firmware/algo_b.cpp:26]   --->   Operation 273 'bitconcatenate' 'shl_ln731_69' <Predicate = true> <Delay = 0.00>
ST_1 : Operation 274 [1/1] (0.00ns)   --->   "%zext_ln731_70 = zext i9 %shl_ln731_69 to i16" [firmware/algo_b.cpp:26]   --->   Operation 274 'zext' 'zext_ln731_70' <Predicate = true> <Delay = 0.00>
ST_1 : Operation 275 [1/1] (0.49ns)   --->   "%icmp_ln879_72 = icmp eq i3 %p_Result_8, 2" [firmware/algo_b.cpp:27]   --->   Operation 275 'icmp' 'icmp_ln879_72' <Predicate = true> <Delay = 0.49> <Core = "Cmp">   --->   Core 25 'Cmp' <Latency = 0> <II = 1> <Delay = 0.49> <FuncUnit> <Opcode : 'icmp'> <InPorts = 2> <OutPorts = 1>
ST_1 : Operation 276 [1/1] (0.00ns)   --->   "%shl_ln731_70 = call i9 @_ssdm_op_BitConcatenate.i9.i1.i8(i1 %icmp_ln879_72, i8 0)" [firmware/algo_b.cpp:27]   --->   Operation 276 'bitconcatenate' 'shl_ln731_70' <Predicate = true> <Delay = 0.00>
ST_1 : Operation 277 [1/1] (0.00ns)   --->   "%zext_ln731_71 = zext i9 %shl_ln731_70 to i16" [firmware/algo_b.cpp:27]   --->   Operation 277 'zext' 'zext_ln731_71' <Predicate = true> <Delay = 0.00>
ST_1 : Operation 278 [1/1] (0.00ns)   --->   "%tmp_31 = call i8 @_ssdm_op_PartSelect.i8.i64.i32.i32(i64 %puppi_candidate_8_V_read_1, i32 50, i32 57)" [firmware/algo_b.cpp:30]   --->   Operation 278 'partselect' 'tmp_31' <Predicate = true> <Delay = 0.00>
ST_1 : Operation 279 [1/1] (0.00ns)   --->   "%tmp_32 = call i8 @_ssdm_op_PartSelect.i8.i64.i32.i32(i64 %puppi_candidate_8_V_read_1, i32 40, i32 47)" [firmware/algo_b.cpp:31]   --->   Operation 279 'partselect' 'tmp_32' <Predicate = true> <Delay = 0.00>
ST_1 : Operation 280 [1/1] (0.00ns)   --->   "%trunc_ln731_8 = trunc i64 %puppi_candidate_8_V_read_1 to i8" [firmware/algo_b.cpp:32]   --->   Operation 280 'trunc' 'trunc_ln731_8' <Predicate = true> <Delay = 0.00>
ST_1 : Operation 281 [1/1] (0.00ns)   --->   "%tmp_33 = call i8 @_ssdm_op_PartSelect.i8.i64.i32.i32(i64 %puppi_candidate_8_V_read_1, i32 14, i32 21)" [firmware/algo_b.cpp:33]   --->   Operation 281 'partselect' 'tmp_33' <Predicate = true> <Delay = 0.00>
ST_1 : Operation 282 [1/1] (0.00ns)   --->   "%tmp_34 = call i8 @_ssdm_op_PartSelect.i8.i64.i32.i32(i64 %puppi_candidate_8_V_read_1, i32 26, i32 33)" [firmware/algo_b.cpp:34]   --->   Operation 282 'partselect' 'tmp_34' <Predicate = true> <Delay = 0.00>
ST_1 : Operation 283 [1/1] (0.00ns)   --->   "%p_Result_9 = call i3 @_ssdm_op_PartSelect.i3.i64.i32.i32(i64 %puppi_candidate_9_V_read_1, i32 37, i32 39)" [firmware/algo_b.cpp:18]   --->   Operation 283 'partselect' 'p_Result_9' <Predicate = true> <Delay = 0.00>
ST_1 : Operation 284 [1/1] (0.49ns)   --->   "%icmp_ln879_9 = icmp eq i3 %p_Result_9, -4" [firmware/algo_b.cpp:20]   --->   Operation 284 'icmp' 'icmp_ln879_9' <Predicate = true> <Delay = 0.49> <Core = "Cmp">   --->   Core 25 'Cmp' <Latency = 0> <II = 1> <Delay = 0.49> <FuncUnit> <Opcode : 'icmp'> <InPorts = 2> <OutPorts = 1>
ST_1 : Operation 285 [1/1] (0.00ns)   --->   "%shl_ln731_71 = call i9 @_ssdm_op_BitConcatenate.i9.i1.i8(i1 %icmp_ln879_9, i8 0)" [firmware/algo_b.cpp:20]   --->   Operation 285 'bitconcatenate' 'shl_ln731_71' <Predicate = true> <Delay = 0.00>
ST_1 : Operation 286 [1/1] (0.00ns)   --->   "%zext_ln731_72 = zext i9 %shl_ln731_71 to i16" [firmware/algo_b.cpp:20]   --->   Operation 286 'zext' 'zext_ln731_72' <Predicate = true> <Delay = 0.00>
ST_1 : Operation 287 [1/1] (0.49ns)   --->   "%icmp_ln879_73 = icmp eq i3 %p_Result_9, -3" [firmware/algo_b.cpp:21]   --->   Operation 287 'icmp' 'icmp_ln879_73' <Predicate = true> <Delay = 0.49> <Core = "Cmp">   --->   Core 25 'Cmp' <Latency = 0> <II = 1> <Delay = 0.49> <FuncUnit> <Opcode : 'icmp'> <InPorts = 2> <OutPorts = 1>
ST_1 : Operation 288 [1/1] (0.00ns)   --->   "%shl_ln731_72 = call i9 @_ssdm_op_BitConcatenate.i9.i1.i8(i1 %icmp_ln879_73, i8 0)" [firmware/algo_b.cpp:21]   --->   Operation 288 'bitconcatenate' 'shl_ln731_72' <Predicate = true> <Delay = 0.00>
ST_1 : Operation 289 [1/1] (0.00ns)   --->   "%zext_ln731_73 = zext i9 %shl_ln731_72 to i16" [firmware/algo_b.cpp:21]   --->   Operation 289 'zext' 'zext_ln731_73' <Predicate = true> <Delay = 0.00>
ST_1 : Operation 290 [1/1] (0.49ns)   --->   "%icmp_ln879_74 = icmp eq i3 %p_Result_9, -2" [firmware/algo_b.cpp:22]   --->   Operation 290 'icmp' 'icmp_ln879_74' <Predicate = true> <Delay = 0.49> <Core = "Cmp">   --->   Core 25 'Cmp' <Latency = 0> <II = 1> <Delay = 0.49> <FuncUnit> <Opcode : 'icmp'> <InPorts = 2> <OutPorts = 1>
ST_1 : Operation 291 [1/1] (0.00ns)   --->   "%shl_ln731_73 = call i9 @_ssdm_op_BitConcatenate.i9.i1.i8(i1 %icmp_ln879_74, i8 0)" [firmware/algo_b.cpp:22]   --->   Operation 291 'bitconcatenate' 'shl_ln731_73' <Predicate = true> <Delay = 0.00>
ST_1 : Operation 292 [1/1] (0.00ns)   --->   "%zext_ln731_74 = zext i9 %shl_ln731_73 to i16" [firmware/algo_b.cpp:22]   --->   Operation 292 'zext' 'zext_ln731_74' <Predicate = true> <Delay = 0.00>
ST_1 : Operation 293 [1/1] (0.49ns)   --->   "%icmp_ln879_75 = icmp eq i3 %p_Result_9, -1" [firmware/algo_b.cpp:23]   --->   Operation 293 'icmp' 'icmp_ln879_75' <Predicate = true> <Delay = 0.49> <Core = "Cmp">   --->   Core 25 'Cmp' <Latency = 0> <II = 1> <Delay = 0.49> <FuncUnit> <Opcode : 'icmp'> <InPorts = 2> <OutPorts = 1>
ST_1 : Operation 294 [1/1] (0.00ns)   --->   "%shl_ln731_74 = call i9 @_ssdm_op_BitConcatenate.i9.i1.i8(i1 %icmp_ln879_75, i8 0)" [firmware/algo_b.cpp:23]   --->   Operation 294 'bitconcatenate' 'shl_ln731_74' <Predicate = true> <Delay = 0.00>
ST_1 : Operation 295 [1/1] (0.00ns)   --->   "%zext_ln731_75 = zext i9 %shl_ln731_74 to i16" [firmware/algo_b.cpp:23]   --->   Operation 295 'zext' 'zext_ln731_75' <Predicate = true> <Delay = 0.00>
ST_1 : Operation 296 [1/1] (0.49ns)   --->   "%icmp_ln879_76 = icmp eq i3 %p_Result_9, 1" [firmware/algo_b.cpp:24]   --->   Operation 296 'icmp' 'icmp_ln879_76' <Predicate = true> <Delay = 0.49> <Core = "Cmp">   --->   Core 25 'Cmp' <Latency = 0> <II = 1> <Delay = 0.49> <FuncUnit> <Opcode : 'icmp'> <InPorts = 2> <OutPorts = 1>
ST_1 : Operation 297 [1/1] (0.00ns)   --->   "%shl_ln731_75 = call i9 @_ssdm_op_BitConcatenate.i9.i1.i8(i1 %icmp_ln879_76, i8 0)" [firmware/algo_b.cpp:24]   --->   Operation 297 'bitconcatenate' 'shl_ln731_75' <Predicate = true> <Delay = 0.00>
ST_1 : Operation 298 [1/1] (0.00ns)   --->   "%zext_ln731_76 = zext i9 %shl_ln731_75 to i16" [firmware/algo_b.cpp:24]   --->   Operation 298 'zext' 'zext_ln731_76' <Predicate = true> <Delay = 0.00>
ST_1 : Operation 299 [1/1] (0.49ns)   --->   "%icmp_ln879_77 = icmp eq i3 %p_Result_9, 0" [firmware/algo_b.cpp:25]   --->   Operation 299 'icmp' 'icmp_ln879_77' <Predicate = true> <Delay = 0.49> <Core = "Cmp">   --->   Core 25 'Cmp' <Latency = 0> <II = 1> <Delay = 0.49> <FuncUnit> <Opcode : 'icmp'> <InPorts = 2> <OutPorts = 1>
ST_1 : Operation 300 [1/1] (0.00ns)   --->   "%shl_ln731_76 = call i9 @_ssdm_op_BitConcatenate.i9.i1.i8(i1 %icmp_ln879_77, i8 0)" [firmware/algo_b.cpp:25]   --->   Operation 300 'bitconcatenate' 'shl_ln731_76' <Predicate = true> <Delay = 0.00>
ST_1 : Operation 301 [1/1] (0.00ns)   --->   "%zext_ln731_77 = zext i9 %shl_ln731_76 to i16" [firmware/algo_b.cpp:25]   --->   Operation 301 'zext' 'zext_ln731_77' <Predicate = true> <Delay = 0.00>
ST_1 : Operation 302 [1/1] (0.49ns)   --->   "%icmp_ln879_78 = icmp eq i3 %p_Result_9, 3" [firmware/algo_b.cpp:26]   --->   Operation 302 'icmp' 'icmp_ln879_78' <Predicate = true> <Delay = 0.49> <Core = "Cmp">   --->   Core 25 'Cmp' <Latency = 0> <II = 1> <Delay = 0.49> <FuncUnit> <Opcode : 'icmp'> <InPorts = 2> <OutPorts = 1>
ST_1 : Operation 303 [1/1] (0.00ns)   --->   "%shl_ln731_77 = call i9 @_ssdm_op_BitConcatenate.i9.i1.i8(i1 %icmp_ln879_78, i8 0)" [firmware/algo_b.cpp:26]   --->   Operation 303 'bitconcatenate' 'shl_ln731_77' <Predicate = true> <Delay = 0.00>
ST_1 : Operation 304 [1/1] (0.00ns)   --->   "%zext_ln731_78 = zext i9 %shl_ln731_77 to i16" [firmware/algo_b.cpp:26]   --->   Operation 304 'zext' 'zext_ln731_78' <Predicate = true> <Delay = 0.00>
ST_1 : Operation 305 [1/1] (0.49ns)   --->   "%icmp_ln879_79 = icmp eq i3 %p_Result_9, 2" [firmware/algo_b.cpp:27]   --->   Operation 305 'icmp' 'icmp_ln879_79' <Predicate = true> <Delay = 0.49> <Core = "Cmp">   --->   Core 25 'Cmp' <Latency = 0> <II = 1> <Delay = 0.49> <FuncUnit> <Opcode : 'icmp'> <InPorts = 2> <OutPorts = 1>
ST_1 : Operation 306 [1/1] (0.00ns)   --->   "%shl_ln731_78 = call i9 @_ssdm_op_BitConcatenate.i9.i1.i8(i1 %icmp_ln879_79, i8 0)" [firmware/algo_b.cpp:27]   --->   Operation 306 'bitconcatenate' 'shl_ln731_78' <Predicate = true> <Delay = 0.00>
ST_1 : Operation 307 [1/1] (0.00ns)   --->   "%zext_ln731_79 = zext i9 %shl_ln731_78 to i16" [firmware/algo_b.cpp:27]   --->   Operation 307 'zext' 'zext_ln731_79' <Predicate = true> <Delay = 0.00>
ST_1 : Operation 308 [1/1] (0.00ns)   --->   "%tmp_35 = call i8 @_ssdm_op_PartSelect.i8.i64.i32.i32(i64 %puppi_candidate_9_V_read_1, i32 50, i32 57)" [firmware/algo_b.cpp:30]   --->   Operation 308 'partselect' 'tmp_35' <Predicate = true> <Delay = 0.00>
ST_1 : Operation 309 [1/1] (0.00ns)   --->   "%tmp_36 = call i8 @_ssdm_op_PartSelect.i8.i64.i32.i32(i64 %puppi_candidate_9_V_read_1, i32 40, i32 47)" [firmware/algo_b.cpp:31]   --->   Operation 309 'partselect' 'tmp_36' <Predicate = true> <Delay = 0.00>
ST_1 : Operation 310 [1/1] (0.00ns)   --->   "%trunc_ln731_9 = trunc i64 %puppi_candidate_9_V_read_1 to i8" [firmware/algo_b.cpp:32]   --->   Operation 310 'trunc' 'trunc_ln731_9' <Predicate = true> <Delay = 0.00>
ST_1 : Operation 311 [1/1] (0.00ns)   --->   "%tmp_37 = call i8 @_ssdm_op_PartSelect.i8.i64.i32.i32(i64 %puppi_candidate_9_V_read_1, i32 14, i32 21)" [firmware/algo_b.cpp:33]   --->   Operation 311 'partselect' 'tmp_37' <Predicate = true> <Delay = 0.00>
ST_1 : Operation 312 [1/1] (0.00ns)   --->   "%tmp_38 = call i8 @_ssdm_op_PartSelect.i8.i64.i32.i32(i64 %puppi_candidate_9_V_read_1, i32 26, i32 33)" [firmware/algo_b.cpp:34]   --->   Operation 312 'partselect' 'tmp_38' <Predicate = true> <Delay = 0.00>
ST_1 : Operation 313 [1/1] (0.00ns)   --->   "%b_tag_ingput_V = call i2080 @_ssdm_op_BitConcatenate.i2080.i8.i8.i8.i8.i8.i8.i8.i8.i8.i8.i16.i16.i16.i16.i16.i16.i16.i16.i8.i8.i8.i8.i8.i8.i8.i8.i8.i8.i16.i16.i16.i16.i16.i16.i16.i16.i8.i8.i8.i8.i8.i8.i8.i8.i8.i8.i16.i16.i16.i16.i16.i16.i16.i16.i8.i8.i8.i8.i8.i8.i8.i8.i8.i8.i16.i16.i16.i16.i16.i16.i16.i16.i8.i8.i8.i8.i8.i8.i8.i8.i8.i8.i16.i16.i16.i16.i16.i16.i16.i16.i8.i8.i8.i8.i8.i8.i8.i8.i8.i8.i16.i16.i16.i16.i16.i16.i16.i16.i8.i8.i8.i8.i8.i8.i8.i8.i8.i8.i16.i16.i16.i16.i16.i16.i16.i16.i8.i8.i8.i8.i8.i8.i8.i8.i8.i8.i16.i16.i16.i16.i16.i16.i16.i16.i8.i8.i8.i8.i8.i8.i8.i8.i8.i8.i16.i16.i16.i16.i16.i16.i16.i16.i8.i8.i8.i8.i8.i8.i8.i8.i8.i8.i16.i16.i16.i16.i16.i16.i16.i16(i8 %tmp_38, i8 0, i8 %tmp_37, i8 0, i8 %trunc_ln731_9, i8 0, i8 %tmp_36, i8 0, i8 %tmp_35, i8 0, i16 %zext_ln731_79, i16 %zext_ln731_78, i16 %zext_ln731_77, i16 %zext_ln731_76, i16 %zext_ln731_75, i16 %zext_ln731_74, i16 %zext_ln731_73, i16 %zext_ln731_72, i8 %tmp_34, i8 0, i8 %tmp_33, i8 0, i8 %trunc_ln731_8, i8 0, i8 %tmp_32, i8 0, i8 %tmp_31, i8 0, i16 %zext_ln731_71, i16 %zext_ln731_70, i16 %zext_ln731_69, i16 %zext_ln731_68, i16 %zext_ln731_67, i16 %zext_ln731_66, i16 %zext_ln731_65, i16 %zext_ln731_64, i8 %tmp_30, i8 0, i8 %tmp_29, i8 0, i8 %trunc_ln731_7, i8 0, i8 %tmp_28, i8 0, i8 %tmp_27, i8 0, i16 %zext_ln731_63, i16 %zext_ln731_62, i16 %zext_ln731_61, i16 %zext_ln731_60, i16 %zext_ln731_59, i16 %zext_ln731_58, i16 %zext_ln731_57, i16 %zext_ln731_56, i8 %tmp_26, i8 0, i8 %tmp_25, i8 0, i8 %trunc_ln731_6, i8 0, i8 %tmp_24, i8 0, i8 %tmp_23, i8 0, i16 %zext_ln731_55, i16 %zext_ln731_54, i16 %zext_ln731_53, i16 %zext_ln731_52, i16 %zext_ln731_51, i16 %zext_ln731_50, i16 %zext_ln731_49, i16 %zext_ln731_48, i8 %tmp_22, i8 0, i8 %tmp_21, i8 0, i8 %trunc_ln731_5, i8 0, i8 %tmp_20, i8 0, i8 %tmp_19, i8 0, i16 %zext_ln731_47, i16 %zext_ln731_46, i16 %zext_ln731_45, i16 %zext_ln731_44, i16 %zext_ln731_43, i16 %zext_ln731_42, i16 %zext_ln731_41, i16 %zext_ln731_40, i8 %tmp_18, i8 0, i8 %tmp_17, i8 0, i8 %trunc_ln731_4, i8 0, i8 %tmp_16, i8 0, i8 %tmp_15, i8 0, i16 %zext_ln731_39, i16 %zext_ln731_38, i16 %zext_ln731_37, i16 %zext_ln731_36, i16 %zext_ln731_35, i16 %zext_ln731_34, i16 %zext_ln731_33, i16 %zext_ln731_32, i8 %tmp_14, i8 0, i8 %tmp_13, i8 0, i8 %trunc_ln731_3, i8 0, i8 %tmp_12, i8 0, i8 %tmp_11, i8 0, i16 %zext_ln731_31, i16 %zext_ln731_30, i16 %zext_ln731_29, i16 %zext_ln731_28, i16 %zext_ln731_27, i16 %zext_ln731_26, i16 %zext_ln731_25, i16 %zext_ln731_24, i8 %tmp_10, i8 0, i8 %tmp_7, i8 0, i8 %trunc_ln731_2, i8 0, i8 %tmp_2, i8 0, i8 %tmp_s, i8 0, i16 %zext_ln731_23, i16 %zext_ln731_22, i16 %zext_ln731_21, i16 %zext_ln731_20, i16 %zext_ln731_19, i16 %zext_ln731_18, i16 %zext_ln731_17, i16 %zext_ln731_16, i8 %tmp_9, i8 0, i8 %tmp_8, i8 0, i8 %trunc_ln731_1, i8 0, i8 %tmp_6, i8 0, i8 %tmp_5, i8 0, i16 %zext_ln731_15, i16 %zext_ln731_14, i16 %zext_ln731_13, i16 %zext_ln731_12, i16 %zext_ln731_11, i16 %zext_ln731_10, i16 %zext_ln731_9, i16 %zext_ln731_8, i8 %tmp_4, i8 0, i8 %tmp_3, i8 0, i8 %trunc_ln731, i8 0, i8 %tmp_1, i8 0, i8 %tmp, i8 0, i16 %zext_ln731_7, i16 %zext_ln731_6, i16 %zext_ln731_5, i16 %zext_ln731_4, i16 %zext_ln731_3, i16 %zext_ln731_2, i16 %zext_ln731_1, i16 %zext_ln731)" [firmware/algo_b.cpp:34]   --->   Operation 313 'bitconcatenate' 'b_tag_ingput_V' <Predicate = true> <Delay = 0.00>
ST_1 : Operation 314 [1/1] (0.00ns)   --->   "ret i2080 %b_tag_ingput_V" [firmware/algo_b.cpp:36]   --->   Operation 314 'ret' <Predicate = true> <Delay = 0.00>


============================================================
+ Verbose Summary: Timing violations
============================================================
Target clock period: 5ns, clock uncertainty: 0.5ns.

 <State 1>: 0.5ns
The critical path consists of the following:
	wire read on port 'puppi_candidate_9_V_read' (firmware/algo_b.cpp:6) [11]  (0 ns)
	'icmp' operation ('icmp_ln879_9', firmware/algo_b.cpp:20) [293]  (0.5 ns)


============================================================
+ Verbose Summary: Binding
============================================================
N/A
* FSMD analyzer results:
  - Output states:
 - Input state : 
  - Chain level:
	State 1


============================================================
+ Verbose Summary: Datapath Resource usage 
============================================================
N/A
