

================================================================
== Vivado HLS Report for 'relu_ap_fixed_ap_fixed_16_8_5_3_0_relu_config5_s'
================================================================
* Date:           Fri Jun 25 16:31:36 2021

* Version:        2019.1 (Build 2552052 on Fri May 24 15:28:33 MDT 2019)
* Project:        proj_b
* Solution:       solution1
* Product family: virtexuplus
* Target device:  xcvu9p-flgb2104-2-i


================================================================
== Performance Estimates
================================================================
+ Timing (ns): 
    * Summary: 
    +--------+-------+----------+------------+
    |  Clock | Target| Estimated| Uncertainty|
    +--------+-------+----------+------------+
    |ap_clk  |   5.00|     0.969|        0.50|
    +--------+-------+----------+------------+

+ Latency (clock cycles): 
    * Summary: 
    +-----+-----+-----+-----+----------+
    |  Latency  |  Interval | Pipeline |
    | min | max | min | max |   Type   |
    +-----+-----+-----+-----+----------+
    |    0|    0|    1|    1| function |
    +-----+-----+-----+-----+----------+

    + Detail: 
        * Instance: 
        N/A

        * Loop: 
        N/A

============================================================
+ Verbose Summary: Synthesis Manager
============================================================
InlineROM: 1
ExposeGlobal: 0
============================================================
+ Verbose Summary: CDFG Model
============================================================
IsTopModel: 0
ResetActiveHigh: 1
IsCombinational: 0
IsDatapathOnly: 0
HasWiredReturn: 1
HasMFsm: 2
HasVarLatency: 0
IsPipeline: 1
IsRtlPipelined: 0
IsInstanceOverlapped: 0
IsDontTouch: 0
HasImplIP: 0
IsGatedGlobalClock: 0

+ Individual pipeline summary: 
  * Pipeline-0: initiation interval (II) = 1, depth = 1


============================================================
+ Verbose Summary: Schedule
============================================================
* Number of FSM states : 1
* Pipeline : 1
  Pipeline-0 : II = 1, D = 1, States = { 1 }
* Dataflow Pipeline: 0

* FSM state transitions: 
1 --> 

* FSM state operations: 

State 1 <SV = 0> <Delay = 0.96>
ST_1 : Operation 2 [1/1] (0.00ns)   --->   "%data_49_V_read_1 = call i16 @_ssdm_op_Read.ap_auto.i16(i16 %data_49_V_read)" [firmware/nnet_utils/nnet_activation.h:69]   --->   Operation 2 'read' 'data_49_V_read_1' <Predicate = true> <Delay = 0.00>
ST_1 : Operation 3 [1/1] (0.00ns)   --->   "%data_48_V_read_1 = call i16 @_ssdm_op_Read.ap_auto.i16(i16 %data_48_V_read)" [firmware/nnet_utils/nnet_activation.h:69]   --->   Operation 3 'read' 'data_48_V_read_1' <Predicate = true> <Delay = 0.00>
ST_1 : Operation 4 [1/1] (0.00ns)   --->   "%data_47_V_read_1 = call i16 @_ssdm_op_Read.ap_auto.i16(i16 %data_47_V_read)" [firmware/nnet_utils/nnet_activation.h:69]   --->   Operation 4 'read' 'data_47_V_read_1' <Predicate = true> <Delay = 0.00>
ST_1 : Operation 5 [1/1] (0.00ns)   --->   "%data_46_V_read_1 = call i16 @_ssdm_op_Read.ap_auto.i16(i16 %data_46_V_read)" [firmware/nnet_utils/nnet_activation.h:69]   --->   Operation 5 'read' 'data_46_V_read_1' <Predicate = true> <Delay = 0.00>
ST_1 : Operation 6 [1/1] (0.00ns)   --->   "%data_45_V_read_1 = call i16 @_ssdm_op_Read.ap_auto.i16(i16 %data_45_V_read)" [firmware/nnet_utils/nnet_activation.h:69]   --->   Operation 6 'read' 'data_45_V_read_1' <Predicate = true> <Delay = 0.00>
ST_1 : Operation 7 [1/1] (0.00ns)   --->   "%data_44_V_read_1 = call i16 @_ssdm_op_Read.ap_auto.i16(i16 %data_44_V_read)" [firmware/nnet_utils/nnet_activation.h:69]   --->   Operation 7 'read' 'data_44_V_read_1' <Predicate = true> <Delay = 0.00>
ST_1 : Operation 8 [1/1] (0.00ns)   --->   "%data_43_V_read_1 = call i16 @_ssdm_op_Read.ap_auto.i16(i16 %data_43_V_read)" [firmware/nnet_utils/nnet_activation.h:69]   --->   Operation 8 'read' 'data_43_V_read_1' <Predicate = true> <Delay = 0.00>
ST_1 : Operation 9 [1/1] (0.00ns)   --->   "%data_42_V_read_1 = call i16 @_ssdm_op_Read.ap_auto.i16(i16 %data_42_V_read)" [firmware/nnet_utils/nnet_activation.h:69]   --->   Operation 9 'read' 'data_42_V_read_1' <Predicate = true> <Delay = 0.00>
ST_1 : Operation 10 [1/1] (0.00ns)   --->   "%data_41_V_read_1 = call i16 @_ssdm_op_Read.ap_auto.i16(i16 %data_41_V_read)" [firmware/nnet_utils/nnet_activation.h:69]   --->   Operation 10 'read' 'data_41_V_read_1' <Predicate = true> <Delay = 0.00>
ST_1 : Operation 11 [1/1] (0.00ns)   --->   "%data_40_V_read_1 = call i16 @_ssdm_op_Read.ap_auto.i16(i16 %data_40_V_read)" [firmware/nnet_utils/nnet_activation.h:69]   --->   Operation 11 'read' 'data_40_V_read_1' <Predicate = true> <Delay = 0.00>
ST_1 : Operation 12 [1/1] (0.00ns)   --->   "%data_39_V_read_1 = call i16 @_ssdm_op_Read.ap_auto.i16(i16 %data_39_V_read)" [firmware/nnet_utils/nnet_activation.h:69]   --->   Operation 12 'read' 'data_39_V_read_1' <Predicate = true> <Delay = 0.00>
ST_1 : Operation 13 [1/1] (0.00ns)   --->   "%data_38_V_read_1 = call i16 @_ssdm_op_Read.ap_auto.i16(i16 %data_38_V_read)" [firmware/nnet_utils/nnet_activation.h:69]   --->   Operation 13 'read' 'data_38_V_read_1' <Predicate = true> <Delay = 0.00>
ST_1 : Operation 14 [1/1] (0.00ns)   --->   "%data_37_V_read_1 = call i16 @_ssdm_op_Read.ap_auto.i16(i16 %data_37_V_read)" [firmware/nnet_utils/nnet_activation.h:69]   --->   Operation 14 'read' 'data_37_V_read_1' <Predicate = true> <Delay = 0.00>
ST_1 : Operation 15 [1/1] (0.00ns)   --->   "%data_36_V_read_1 = call i16 @_ssdm_op_Read.ap_auto.i16(i16 %data_36_V_read)" [firmware/nnet_utils/nnet_activation.h:69]   --->   Operation 15 'read' 'data_36_V_read_1' <Predicate = true> <Delay = 0.00>
ST_1 : Operation 16 [1/1] (0.00ns)   --->   "%data_35_V_read_1 = call i16 @_ssdm_op_Read.ap_auto.i16(i16 %data_35_V_read)" [firmware/nnet_utils/nnet_activation.h:69]   --->   Operation 16 'read' 'data_35_V_read_1' <Predicate = true> <Delay = 0.00>
ST_1 : Operation 17 [1/1] (0.00ns)   --->   "%data_34_V_read_1 = call i16 @_ssdm_op_Read.ap_auto.i16(i16 %data_34_V_read)" [firmware/nnet_utils/nnet_activation.h:69]   --->   Operation 17 'read' 'data_34_V_read_1' <Predicate = true> <Delay = 0.00>
ST_1 : Operation 18 [1/1] (0.00ns)   --->   "%data_33_V_read_1 = call i16 @_ssdm_op_Read.ap_auto.i16(i16 %data_33_V_read)" [firmware/nnet_utils/nnet_activation.h:69]   --->   Operation 18 'read' 'data_33_V_read_1' <Predicate = true> <Delay = 0.00>
ST_1 : Operation 19 [1/1] (0.00ns)   --->   "%data_32_V_read_1 = call i16 @_ssdm_op_Read.ap_auto.i16(i16 %data_32_V_read)" [firmware/nnet_utils/nnet_activation.h:69]   --->   Operation 19 'read' 'data_32_V_read_1' <Predicate = true> <Delay = 0.00>
ST_1 : Operation 20 [1/1] (0.00ns)   --->   "%data_31_V_read_1 = call i16 @_ssdm_op_Read.ap_auto.i16(i16 %data_31_V_read)" [firmware/nnet_utils/nnet_activation.h:69]   --->   Operation 20 'read' 'data_31_V_read_1' <Predicate = true> <Delay = 0.00>
ST_1 : Operation 21 [1/1] (0.00ns)   --->   "%data_30_V_read_1 = call i16 @_ssdm_op_Read.ap_auto.i16(i16 %data_30_V_read)" [firmware/nnet_utils/nnet_activation.h:69]   --->   Operation 21 'read' 'data_30_V_read_1' <Predicate = true> <Delay = 0.00>
ST_1 : Operation 22 [1/1] (0.00ns)   --->   "%data_29_V_read_1 = call i16 @_ssdm_op_Read.ap_auto.i16(i16 %data_29_V_read)" [firmware/nnet_utils/nnet_activation.h:69]   --->   Operation 22 'read' 'data_29_V_read_1' <Predicate = true> <Delay = 0.00>
ST_1 : Operation 23 [1/1] (0.00ns)   --->   "%data_28_V_read_1 = call i16 @_ssdm_op_Read.ap_auto.i16(i16 %data_28_V_read)" [firmware/nnet_utils/nnet_activation.h:69]   --->   Operation 23 'read' 'data_28_V_read_1' <Predicate = true> <Delay = 0.00>
ST_1 : Operation 24 [1/1] (0.00ns)   --->   "%data_27_V_read_1 = call i16 @_ssdm_op_Read.ap_auto.i16(i16 %data_27_V_read)" [firmware/nnet_utils/nnet_activation.h:69]   --->   Operation 24 'read' 'data_27_V_read_1' <Predicate = true> <Delay = 0.00>
ST_1 : Operation 25 [1/1] (0.00ns)   --->   "%data_26_V_read_1 = call i16 @_ssdm_op_Read.ap_auto.i16(i16 %data_26_V_read)" [firmware/nnet_utils/nnet_activation.h:69]   --->   Operation 25 'read' 'data_26_V_read_1' <Predicate = true> <Delay = 0.00>
ST_1 : Operation 26 [1/1] (0.00ns)   --->   "%data_25_V_read_1 = call i16 @_ssdm_op_Read.ap_auto.i16(i16 %data_25_V_read)" [firmware/nnet_utils/nnet_activation.h:69]   --->   Operation 26 'read' 'data_25_V_read_1' <Predicate = true> <Delay = 0.00>
ST_1 : Operation 27 [1/1] (0.00ns)   --->   "%data_24_V_read_1 = call i16 @_ssdm_op_Read.ap_auto.i16(i16 %data_24_V_read)" [firmware/nnet_utils/nnet_activation.h:69]   --->   Operation 27 'read' 'data_24_V_read_1' <Predicate = true> <Delay = 0.00>
ST_1 : Operation 28 [1/1] (0.00ns)   --->   "%data_23_V_read_1 = call i16 @_ssdm_op_Read.ap_auto.i16(i16 %data_23_V_read)" [firmware/nnet_utils/nnet_activation.h:69]   --->   Operation 28 'read' 'data_23_V_read_1' <Predicate = true> <Delay = 0.00>
ST_1 : Operation 29 [1/1] (0.00ns)   --->   "%data_22_V_read_1 = call i16 @_ssdm_op_Read.ap_auto.i16(i16 %data_22_V_read)" [firmware/nnet_utils/nnet_activation.h:69]   --->   Operation 29 'read' 'data_22_V_read_1' <Predicate = true> <Delay = 0.00>
ST_1 : Operation 30 [1/1] (0.00ns)   --->   "%data_21_V_read_1 = call i16 @_ssdm_op_Read.ap_auto.i16(i16 %data_21_V_read)" [firmware/nnet_utils/nnet_activation.h:69]   --->   Operation 30 'read' 'data_21_V_read_1' <Predicate = true> <Delay = 0.00>
ST_1 : Operation 31 [1/1] (0.00ns)   --->   "%data_20_V_read_1 = call i16 @_ssdm_op_Read.ap_auto.i16(i16 %data_20_V_read)" [firmware/nnet_utils/nnet_activation.h:69]   --->   Operation 31 'read' 'data_20_V_read_1' <Predicate = true> <Delay = 0.00>
ST_1 : Operation 32 [1/1] (0.00ns)   --->   "%data_19_V_read_2 = call i16 @_ssdm_op_Read.ap_auto.i16(i16 %data_19_V_read)" [firmware/nnet_utils/nnet_activation.h:69]   --->   Operation 32 'read' 'data_19_V_read_2' <Predicate = true> <Delay = 0.00>
ST_1 : Operation 33 [1/1] (0.00ns)   --->   "%data_18_V_read_2 = call i16 @_ssdm_op_Read.ap_auto.i16(i16 %data_18_V_read)" [firmware/nnet_utils/nnet_activation.h:69]   --->   Operation 33 'read' 'data_18_V_read_2' <Predicate = true> <Delay = 0.00>
ST_1 : Operation 34 [1/1] (0.00ns)   --->   "%data_17_V_read_2 = call i16 @_ssdm_op_Read.ap_auto.i16(i16 %data_17_V_read)" [firmware/nnet_utils/nnet_activation.h:69]   --->   Operation 34 'read' 'data_17_V_read_2' <Predicate = true> <Delay = 0.00>
ST_1 : Operation 35 [1/1] (0.00ns)   --->   "%data_16_V_read_2 = call i16 @_ssdm_op_Read.ap_auto.i16(i16 %data_16_V_read)" [firmware/nnet_utils/nnet_activation.h:69]   --->   Operation 35 'read' 'data_16_V_read_2' <Predicate = true> <Delay = 0.00>
ST_1 : Operation 36 [1/1] (0.00ns)   --->   "%data_15_V_read_2 = call i16 @_ssdm_op_Read.ap_auto.i16(i16 %data_15_V_read)" [firmware/nnet_utils/nnet_activation.h:69]   --->   Operation 36 'read' 'data_15_V_read_2' <Predicate = true> <Delay = 0.00>
ST_1 : Operation 37 [1/1] (0.00ns)   --->   "%data_14_V_read_2 = call i16 @_ssdm_op_Read.ap_auto.i16(i16 %data_14_V_read)" [firmware/nnet_utils/nnet_activation.h:69]   --->   Operation 37 'read' 'data_14_V_read_2' <Predicate = true> <Delay = 0.00>
ST_1 : Operation 38 [1/1] (0.00ns)   --->   "%data_13_V_read_2 = call i16 @_ssdm_op_Read.ap_auto.i16(i16 %data_13_V_read)" [firmware/nnet_utils/nnet_activation.h:69]   --->   Operation 38 'read' 'data_13_V_read_2' <Predicate = true> <Delay = 0.00>
ST_1 : Operation 39 [1/1] (0.00ns)   --->   "%data_12_V_read_2 = call i16 @_ssdm_op_Read.ap_auto.i16(i16 %data_12_V_read)" [firmware/nnet_utils/nnet_activation.h:69]   --->   Operation 39 'read' 'data_12_V_read_2' <Predicate = true> <Delay = 0.00>
ST_1 : Operation 40 [1/1] (0.00ns)   --->   "%data_11_V_read_2 = call i16 @_ssdm_op_Read.ap_auto.i16(i16 %data_11_V_read)" [firmware/nnet_utils/nnet_activation.h:69]   --->   Operation 40 'read' 'data_11_V_read_2' <Predicate = true> <Delay = 0.00>
ST_1 : Operation 41 [1/1] (0.00ns)   --->   "%data_10_V_read11 = call i16 @_ssdm_op_Read.ap_auto.i16(i16 %data_10_V_read)" [firmware/nnet_utils/nnet_activation.h:69]   --->   Operation 41 'read' 'data_10_V_read11' <Predicate = true> <Delay = 0.00>
ST_1 : Operation 42 [1/1] (0.00ns)   --->   "%data_9_V_read_3 = call i16 @_ssdm_op_Read.ap_auto.i16(i16 %data_9_V_read)" [firmware/nnet_utils/nnet_activation.h:69]   --->   Operation 42 'read' 'data_9_V_read_3' <Predicate = true> <Delay = 0.00>
ST_1 : Operation 43 [1/1] (0.00ns)   --->   "%data_8_V_read_3 = call i16 @_ssdm_op_Read.ap_auto.i16(i16 %data_8_V_read)" [firmware/nnet_utils/nnet_activation.h:69]   --->   Operation 43 'read' 'data_8_V_read_3' <Predicate = true> <Delay = 0.00>
ST_1 : Operation 44 [1/1] (0.00ns)   --->   "%data_7_V_read_3 = call i16 @_ssdm_op_Read.ap_auto.i16(i16 %data_7_V_read)" [firmware/nnet_utils/nnet_activation.h:69]   --->   Operation 44 'read' 'data_7_V_read_3' <Predicate = true> <Delay = 0.00>
ST_1 : Operation 45 [1/1] (0.00ns)   --->   "%data_6_V_read_3 = call i16 @_ssdm_op_Read.ap_auto.i16(i16 %data_6_V_read)" [firmware/nnet_utils/nnet_activation.h:69]   --->   Operation 45 'read' 'data_6_V_read_3' <Predicate = true> <Delay = 0.00>
ST_1 : Operation 46 [1/1] (0.00ns)   --->   "%data_5_V_read_3 = call i16 @_ssdm_op_Read.ap_auto.i16(i16 %data_5_V_read)" [firmware/nnet_utils/nnet_activation.h:69]   --->   Operation 46 'read' 'data_5_V_read_3' <Predicate = true> <Delay = 0.00>
ST_1 : Operation 47 [1/1] (0.00ns)   --->   "%data_4_V_read_3 = call i16 @_ssdm_op_Read.ap_auto.i16(i16 %data_4_V_read)" [firmware/nnet_utils/nnet_activation.h:69]   --->   Operation 47 'read' 'data_4_V_read_3' <Predicate = true> <Delay = 0.00>
ST_1 : Operation 48 [1/1] (0.00ns)   --->   "%data_3_V_read_3 = call i16 @_ssdm_op_Read.ap_auto.i16(i16 %data_3_V_read)" [firmware/nnet_utils/nnet_activation.h:69]   --->   Operation 48 'read' 'data_3_V_read_3' <Predicate = true> <Delay = 0.00>
ST_1 : Operation 49 [1/1] (0.00ns)   --->   "%data_2_V_read_3 = call i16 @_ssdm_op_Read.ap_auto.i16(i16 %data_2_V_read)" [firmware/nnet_utils/nnet_activation.h:69]   --->   Operation 49 'read' 'data_2_V_read_3' <Predicate = true> <Delay = 0.00>
ST_1 : Operation 50 [1/1] (0.00ns)   --->   "%data_1_V_read_3 = call i16 @_ssdm_op_Read.ap_auto.i16(i16 %data_1_V_read)" [firmware/nnet_utils/nnet_activation.h:69]   --->   Operation 50 'read' 'data_1_V_read_3' <Predicate = true> <Delay = 0.00>
ST_1 : Operation 51 [1/1] (0.00ns)   --->   "%data_0_V_read_3 = call i16 @_ssdm_op_Read.ap_auto.i16(i16 %data_0_V_read)" [firmware/nnet_utils/nnet_activation.h:69]   --->   Operation 51 'read' 'data_0_V_read_3' <Predicate = true> <Delay = 0.00>
ST_1 : Operation 52 [1/1] (0.00ns)   --->   "%tmp = call i32 (...)* @_ssdm_op_SpecRegionBegin([12 x i8]* @p_str28)" [firmware/nnet_utils/nnet_activation.h:71]   --->   Operation 52 'specregionbegin' 'tmp' <Predicate = true> <Delay = 0.00>
ST_1 : Operation 53 [1/1] (0.00ns)   --->   "call void (...)* @_ssdm_op_SpecPipeline(i32 -1, i32 1, i32 1, i32 0, [1 x i8]* @p_str13) nounwind" [firmware/nnet_utils/nnet_activation.h:72]   --->   Operation 53 'specpipeline' <Predicate = true> <Delay = 0.00>
ST_1 : Operation 54 [1/1] (0.00ns)   --->   "%empty = call i32 (...)* @_ssdm_op_SpecRegionEnd([12 x i8]* @p_str28, i32 %tmp)" [firmware/nnet_utils/nnet_activation.h:73]   --->   Operation 54 'specregionend' 'empty' <Predicate = true> <Delay = 0.00>
ST_1 : Operation 55 [1/1] (0.67ns)   --->   "%icmp_ln1494 = icmp sgt i16 %data_0_V_read_3, 0" [firmware/nnet_utils/nnet_activation.h:81]   --->   Operation 55 'icmp' 'icmp_ln1494' <Predicate = true> <Delay = 0.67> <Core = "Cmp">   --->   Core 25 'Cmp' <Latency = 0> <II = 1> <Delay = 0.67> <FuncUnit> <Opcode : 'icmp'> <InPorts = 2> <OutPorts = 1>
ST_1 : Operation 56 [1/1] (0.00ns)   --->   "%trunc_ln81 = trunc i16 %data_0_V_read_3 to i15" [firmware/nnet_utils/nnet_activation.h:81]   --->   Operation 56 'trunc' 'trunc_ln81' <Predicate = (icmp_ln1494)> <Delay = 0.00>
ST_1 : Operation 57 [1/1] (0.29ns)   --->   "%select_ln81 = select i1 %icmp_ln1494, i15 %trunc_ln81, i15 0" [firmware/nnet_utils/nnet_activation.h:81]   --->   Operation 57 'select' 'select_ln81' <Predicate = true> <Delay = 0.29> <Core = "Sel">   --->   Core 26 'Sel' <Latency = 0> <II = 1> <Delay = 0.29> <FuncUnit> <Opcode : 'select'> <InPorts = 3> <OutPorts = 1>
ST_1 : Operation 58 [1/1] (0.00ns)   --->   "%zext_ln81 = zext i15 %select_ln81 to i16" [firmware/nnet_utils/nnet_activation.h:81]   --->   Operation 58 'zext' 'zext_ln81' <Predicate = true> <Delay = 0.00>
ST_1 : Operation 59 [1/1] (0.67ns)   --->   "%icmp_ln1494_1 = icmp sgt i16 %data_1_V_read_3, 0" [firmware/nnet_utils/nnet_activation.h:81]   --->   Operation 59 'icmp' 'icmp_ln1494_1' <Predicate = true> <Delay = 0.67> <Core = "Cmp">   --->   Core 25 'Cmp' <Latency = 0> <II = 1> <Delay = 0.67> <FuncUnit> <Opcode : 'icmp'> <InPorts = 2> <OutPorts = 1>
ST_1 : Operation 60 [1/1] (0.00ns)   --->   "%trunc_ln81_29 = trunc i16 %data_1_V_read_3 to i15" [firmware/nnet_utils/nnet_activation.h:81]   --->   Operation 60 'trunc' 'trunc_ln81_29' <Predicate = (icmp_ln1494_1)> <Delay = 0.00>
ST_1 : Operation 61 [1/1] (0.29ns)   --->   "%select_ln81_29 = select i1 %icmp_ln1494_1, i15 %trunc_ln81_29, i15 0" [firmware/nnet_utils/nnet_activation.h:81]   --->   Operation 61 'select' 'select_ln81_29' <Predicate = true> <Delay = 0.29> <Core = "Sel">   --->   Core 26 'Sel' <Latency = 0> <II = 1> <Delay = 0.29> <FuncUnit> <Opcode : 'select'> <InPorts = 3> <OutPorts = 1>
ST_1 : Operation 62 [1/1] (0.00ns)   --->   "%zext_ln81_29 = zext i15 %select_ln81_29 to i16" [firmware/nnet_utils/nnet_activation.h:81]   --->   Operation 62 'zext' 'zext_ln81_29' <Predicate = true> <Delay = 0.00>
ST_1 : Operation 63 [1/1] (0.67ns)   --->   "%icmp_ln1494_2 = icmp sgt i16 %data_2_V_read_3, 0" [firmware/nnet_utils/nnet_activation.h:81]   --->   Operation 63 'icmp' 'icmp_ln1494_2' <Predicate = true> <Delay = 0.67> <Core = "Cmp">   --->   Core 25 'Cmp' <Latency = 0> <II = 1> <Delay = 0.67> <FuncUnit> <Opcode : 'icmp'> <InPorts = 2> <OutPorts = 1>
ST_1 : Operation 64 [1/1] (0.00ns)   --->   "%trunc_ln81_30 = trunc i16 %data_2_V_read_3 to i15" [firmware/nnet_utils/nnet_activation.h:81]   --->   Operation 64 'trunc' 'trunc_ln81_30' <Predicate = (icmp_ln1494_2)> <Delay = 0.00>
ST_1 : Operation 65 [1/1] (0.29ns)   --->   "%select_ln81_30 = select i1 %icmp_ln1494_2, i15 %trunc_ln81_30, i15 0" [firmware/nnet_utils/nnet_activation.h:81]   --->   Operation 65 'select' 'select_ln81_30' <Predicate = true> <Delay = 0.29> <Core = "Sel">   --->   Core 26 'Sel' <Latency = 0> <II = 1> <Delay = 0.29> <FuncUnit> <Opcode : 'select'> <InPorts = 3> <OutPorts = 1>
ST_1 : Operation 66 [1/1] (0.00ns)   --->   "%zext_ln81_30 = zext i15 %select_ln81_30 to i16" [firmware/nnet_utils/nnet_activation.h:81]   --->   Operation 66 'zext' 'zext_ln81_30' <Predicate = true> <Delay = 0.00>
ST_1 : Operation 67 [1/1] (0.67ns)   --->   "%icmp_ln1494_3 = icmp sgt i16 %data_3_V_read_3, 0" [firmware/nnet_utils/nnet_activation.h:81]   --->   Operation 67 'icmp' 'icmp_ln1494_3' <Predicate = true> <Delay = 0.67> <Core = "Cmp">   --->   Core 25 'Cmp' <Latency = 0> <II = 1> <Delay = 0.67> <FuncUnit> <Opcode : 'icmp'> <InPorts = 2> <OutPorts = 1>
ST_1 : Operation 68 [1/1] (0.00ns)   --->   "%trunc_ln81_31 = trunc i16 %data_3_V_read_3 to i15" [firmware/nnet_utils/nnet_activation.h:81]   --->   Operation 68 'trunc' 'trunc_ln81_31' <Predicate = (icmp_ln1494_3)> <Delay = 0.00>
ST_1 : Operation 69 [1/1] (0.29ns)   --->   "%select_ln81_31 = select i1 %icmp_ln1494_3, i15 %trunc_ln81_31, i15 0" [firmware/nnet_utils/nnet_activation.h:81]   --->   Operation 69 'select' 'select_ln81_31' <Predicate = true> <Delay = 0.29> <Core = "Sel">   --->   Core 26 'Sel' <Latency = 0> <II = 1> <Delay = 0.29> <FuncUnit> <Opcode : 'select'> <InPorts = 3> <OutPorts = 1>
ST_1 : Operation 70 [1/1] (0.00ns)   --->   "%zext_ln81_31 = zext i15 %select_ln81_31 to i16" [firmware/nnet_utils/nnet_activation.h:81]   --->   Operation 70 'zext' 'zext_ln81_31' <Predicate = true> <Delay = 0.00>
ST_1 : Operation 71 [1/1] (0.67ns)   --->   "%icmp_ln1494_4 = icmp sgt i16 %data_4_V_read_3, 0" [firmware/nnet_utils/nnet_activation.h:81]   --->   Operation 71 'icmp' 'icmp_ln1494_4' <Predicate = true> <Delay = 0.67> <Core = "Cmp">   --->   Core 25 'Cmp' <Latency = 0> <II = 1> <Delay = 0.67> <FuncUnit> <Opcode : 'icmp'> <InPorts = 2> <OutPorts = 1>
ST_1 : Operation 72 [1/1] (0.00ns)   --->   "%trunc_ln81_32 = trunc i16 %data_4_V_read_3 to i15" [firmware/nnet_utils/nnet_activation.h:81]   --->   Operation 72 'trunc' 'trunc_ln81_32' <Predicate = (icmp_ln1494_4)> <Delay = 0.00>
ST_1 : Operation 73 [1/1] (0.29ns)   --->   "%select_ln81_32 = select i1 %icmp_ln1494_4, i15 %trunc_ln81_32, i15 0" [firmware/nnet_utils/nnet_activation.h:81]   --->   Operation 73 'select' 'select_ln81_32' <Predicate = true> <Delay = 0.29> <Core = "Sel">   --->   Core 26 'Sel' <Latency = 0> <II = 1> <Delay = 0.29> <FuncUnit> <Opcode : 'select'> <InPorts = 3> <OutPorts = 1>
ST_1 : Operation 74 [1/1] (0.00ns)   --->   "%zext_ln81_32 = zext i15 %select_ln81_32 to i16" [firmware/nnet_utils/nnet_activation.h:81]   --->   Operation 74 'zext' 'zext_ln81_32' <Predicate = true> <Delay = 0.00>
ST_1 : Operation 75 [1/1] (0.67ns)   --->   "%icmp_ln1494_5 = icmp sgt i16 %data_5_V_read_3, 0" [firmware/nnet_utils/nnet_activation.h:81]   --->   Operation 75 'icmp' 'icmp_ln1494_5' <Predicate = true> <Delay = 0.67> <Core = "Cmp">   --->   Core 25 'Cmp' <Latency = 0> <II = 1> <Delay = 0.67> <FuncUnit> <Opcode : 'icmp'> <InPorts = 2> <OutPorts = 1>
ST_1 : Operation 76 [1/1] (0.00ns)   --->   "%trunc_ln81_33 = trunc i16 %data_5_V_read_3 to i15" [firmware/nnet_utils/nnet_activation.h:81]   --->   Operation 76 'trunc' 'trunc_ln81_33' <Predicate = (icmp_ln1494_5)> <Delay = 0.00>
ST_1 : Operation 77 [1/1] (0.29ns)   --->   "%select_ln81_33 = select i1 %icmp_ln1494_5, i15 %trunc_ln81_33, i15 0" [firmware/nnet_utils/nnet_activation.h:81]   --->   Operation 77 'select' 'select_ln81_33' <Predicate = true> <Delay = 0.29> <Core = "Sel">   --->   Core 26 'Sel' <Latency = 0> <II = 1> <Delay = 0.29> <FuncUnit> <Opcode : 'select'> <InPorts = 3> <OutPorts = 1>
ST_1 : Operation 78 [1/1] (0.00ns)   --->   "%zext_ln81_33 = zext i15 %select_ln81_33 to i16" [firmware/nnet_utils/nnet_activation.h:81]   --->   Operation 78 'zext' 'zext_ln81_33' <Predicate = true> <Delay = 0.00>
ST_1 : Operation 79 [1/1] (0.67ns)   --->   "%icmp_ln1494_6 = icmp sgt i16 %data_6_V_read_3, 0" [firmware/nnet_utils/nnet_activation.h:81]   --->   Operation 79 'icmp' 'icmp_ln1494_6' <Predicate = true> <Delay = 0.67> <Core = "Cmp">   --->   Core 25 'Cmp' <Latency = 0> <II = 1> <Delay = 0.67> <FuncUnit> <Opcode : 'icmp'> <InPorts = 2> <OutPorts = 1>
ST_1 : Operation 80 [1/1] (0.00ns)   --->   "%trunc_ln81_34 = trunc i16 %data_6_V_read_3 to i15" [firmware/nnet_utils/nnet_activation.h:81]   --->   Operation 80 'trunc' 'trunc_ln81_34' <Predicate = (icmp_ln1494_6)> <Delay = 0.00>
ST_1 : Operation 81 [1/1] (0.29ns)   --->   "%select_ln81_34 = select i1 %icmp_ln1494_6, i15 %trunc_ln81_34, i15 0" [firmware/nnet_utils/nnet_activation.h:81]   --->   Operation 81 'select' 'select_ln81_34' <Predicate = true> <Delay = 0.29> <Core = "Sel">   --->   Core 26 'Sel' <Latency = 0> <II = 1> <Delay = 0.29> <FuncUnit> <Opcode : 'select'> <InPorts = 3> <OutPorts = 1>
ST_1 : Operation 82 [1/1] (0.00ns)   --->   "%zext_ln81_34 = zext i15 %select_ln81_34 to i16" [firmware/nnet_utils/nnet_activation.h:81]   --->   Operation 82 'zext' 'zext_ln81_34' <Predicate = true> <Delay = 0.00>
ST_1 : Operation 83 [1/1] (0.67ns)   --->   "%icmp_ln1494_7 = icmp sgt i16 %data_7_V_read_3, 0" [firmware/nnet_utils/nnet_activation.h:81]   --->   Operation 83 'icmp' 'icmp_ln1494_7' <Predicate = true> <Delay = 0.67> <Core = "Cmp">   --->   Core 25 'Cmp' <Latency = 0> <II = 1> <Delay = 0.67> <FuncUnit> <Opcode : 'icmp'> <InPorts = 2> <OutPorts = 1>
ST_1 : Operation 84 [1/1] (0.00ns)   --->   "%trunc_ln81_35 = trunc i16 %data_7_V_read_3 to i15" [firmware/nnet_utils/nnet_activation.h:81]   --->   Operation 84 'trunc' 'trunc_ln81_35' <Predicate = (icmp_ln1494_7)> <Delay = 0.00>
ST_1 : Operation 85 [1/1] (0.29ns)   --->   "%select_ln81_35 = select i1 %icmp_ln1494_7, i15 %trunc_ln81_35, i15 0" [firmware/nnet_utils/nnet_activation.h:81]   --->   Operation 85 'select' 'select_ln81_35' <Predicate = true> <Delay = 0.29> <Core = "Sel">   --->   Core 26 'Sel' <Latency = 0> <II = 1> <Delay = 0.29> <FuncUnit> <Opcode : 'select'> <InPorts = 3> <OutPorts = 1>
ST_1 : Operation 86 [1/1] (0.00ns)   --->   "%zext_ln81_35 = zext i15 %select_ln81_35 to i16" [firmware/nnet_utils/nnet_activation.h:81]   --->   Operation 86 'zext' 'zext_ln81_35' <Predicate = true> <Delay = 0.00>
ST_1 : Operation 87 [1/1] (0.67ns)   --->   "%icmp_ln1494_8 = icmp sgt i16 %data_8_V_read_3, 0" [firmware/nnet_utils/nnet_activation.h:81]   --->   Operation 87 'icmp' 'icmp_ln1494_8' <Predicate = true> <Delay = 0.67> <Core = "Cmp">   --->   Core 25 'Cmp' <Latency = 0> <II = 1> <Delay = 0.67> <FuncUnit> <Opcode : 'icmp'> <InPorts = 2> <OutPorts = 1>
ST_1 : Operation 88 [1/1] (0.00ns)   --->   "%trunc_ln81_36 = trunc i16 %data_8_V_read_3 to i15" [firmware/nnet_utils/nnet_activation.h:81]   --->   Operation 88 'trunc' 'trunc_ln81_36' <Predicate = (icmp_ln1494_8)> <Delay = 0.00>
ST_1 : Operation 89 [1/1] (0.29ns)   --->   "%select_ln81_36 = select i1 %icmp_ln1494_8, i15 %trunc_ln81_36, i15 0" [firmware/nnet_utils/nnet_activation.h:81]   --->   Operation 89 'select' 'select_ln81_36' <Predicate = true> <Delay = 0.29> <Core = "Sel">   --->   Core 26 'Sel' <Latency = 0> <II = 1> <Delay = 0.29> <FuncUnit> <Opcode : 'select'> <InPorts = 3> <OutPorts = 1>
ST_1 : Operation 90 [1/1] (0.00ns)   --->   "%zext_ln81_36 = zext i15 %select_ln81_36 to i16" [firmware/nnet_utils/nnet_activation.h:81]   --->   Operation 90 'zext' 'zext_ln81_36' <Predicate = true> <Delay = 0.00>
ST_1 : Operation 91 [1/1] (0.67ns)   --->   "%icmp_ln1494_9 = icmp sgt i16 %data_9_V_read_3, 0" [firmware/nnet_utils/nnet_activation.h:81]   --->   Operation 91 'icmp' 'icmp_ln1494_9' <Predicate = true> <Delay = 0.67> <Core = "Cmp">   --->   Core 25 'Cmp' <Latency = 0> <II = 1> <Delay = 0.67> <FuncUnit> <Opcode : 'icmp'> <InPorts = 2> <OutPorts = 1>
ST_1 : Operation 92 [1/1] (0.00ns)   --->   "%trunc_ln81_37 = trunc i16 %data_9_V_read_3 to i15" [firmware/nnet_utils/nnet_activation.h:81]   --->   Operation 92 'trunc' 'trunc_ln81_37' <Predicate = (icmp_ln1494_9)> <Delay = 0.00>
ST_1 : Operation 93 [1/1] (0.29ns)   --->   "%select_ln81_37 = select i1 %icmp_ln1494_9, i15 %trunc_ln81_37, i15 0" [firmware/nnet_utils/nnet_activation.h:81]   --->   Operation 93 'select' 'select_ln81_37' <Predicate = true> <Delay = 0.29> <Core = "Sel">   --->   Core 26 'Sel' <Latency = 0> <II = 1> <Delay = 0.29> <FuncUnit> <Opcode : 'select'> <InPorts = 3> <OutPorts = 1>
ST_1 : Operation 94 [1/1] (0.00ns)   --->   "%zext_ln81_37 = zext i15 %select_ln81_37 to i16" [firmware/nnet_utils/nnet_activation.h:81]   --->   Operation 94 'zext' 'zext_ln81_37' <Predicate = true> <Delay = 0.00>
ST_1 : Operation 95 [1/1] (0.67ns)   --->   "%icmp_ln1494_10 = icmp sgt i16 %data_10_V_read11, 0" [firmware/nnet_utils/nnet_activation.h:81]   --->   Operation 95 'icmp' 'icmp_ln1494_10' <Predicate = true> <Delay = 0.67> <Core = "Cmp">   --->   Core 25 'Cmp' <Latency = 0> <II = 1> <Delay = 0.67> <FuncUnit> <Opcode : 'icmp'> <InPorts = 2> <OutPorts = 1>
ST_1 : Operation 96 [1/1] (0.00ns)   --->   "%trunc_ln81_38 = trunc i16 %data_10_V_read11 to i15" [firmware/nnet_utils/nnet_activation.h:81]   --->   Operation 96 'trunc' 'trunc_ln81_38' <Predicate = (icmp_ln1494_10)> <Delay = 0.00>
ST_1 : Operation 97 [1/1] (0.29ns)   --->   "%select_ln81_38 = select i1 %icmp_ln1494_10, i15 %trunc_ln81_38, i15 0" [firmware/nnet_utils/nnet_activation.h:81]   --->   Operation 97 'select' 'select_ln81_38' <Predicate = true> <Delay = 0.29> <Core = "Sel">   --->   Core 26 'Sel' <Latency = 0> <II = 1> <Delay = 0.29> <FuncUnit> <Opcode : 'select'> <InPorts = 3> <OutPorts = 1>
ST_1 : Operation 98 [1/1] (0.00ns)   --->   "%zext_ln81_38 = zext i15 %select_ln81_38 to i16" [firmware/nnet_utils/nnet_activation.h:81]   --->   Operation 98 'zext' 'zext_ln81_38' <Predicate = true> <Delay = 0.00>
ST_1 : Operation 99 [1/1] (0.67ns)   --->   "%icmp_ln1494_11 = icmp sgt i16 %data_11_V_read_2, 0" [firmware/nnet_utils/nnet_activation.h:81]   --->   Operation 99 'icmp' 'icmp_ln1494_11' <Predicate = true> <Delay = 0.67> <Core = "Cmp">   --->   Core 25 'Cmp' <Latency = 0> <II = 1> <Delay = 0.67> <FuncUnit> <Opcode : 'icmp'> <InPorts = 2> <OutPorts = 1>
ST_1 : Operation 100 [1/1] (0.00ns)   --->   "%trunc_ln81_39 = trunc i16 %data_11_V_read_2 to i15" [firmware/nnet_utils/nnet_activation.h:81]   --->   Operation 100 'trunc' 'trunc_ln81_39' <Predicate = (icmp_ln1494_11)> <Delay = 0.00>
ST_1 : Operation 101 [1/1] (0.29ns)   --->   "%select_ln81_39 = select i1 %icmp_ln1494_11, i15 %trunc_ln81_39, i15 0" [firmware/nnet_utils/nnet_activation.h:81]   --->   Operation 101 'select' 'select_ln81_39' <Predicate = true> <Delay = 0.29> <Core = "Sel">   --->   Core 26 'Sel' <Latency = 0> <II = 1> <Delay = 0.29> <FuncUnit> <Opcode : 'select'> <InPorts = 3> <OutPorts = 1>
ST_1 : Operation 102 [1/1] (0.00ns)   --->   "%zext_ln81_39 = zext i15 %select_ln81_39 to i16" [firmware/nnet_utils/nnet_activation.h:81]   --->   Operation 102 'zext' 'zext_ln81_39' <Predicate = true> <Delay = 0.00>
ST_1 : Operation 103 [1/1] (0.67ns)   --->   "%icmp_ln1494_12 = icmp sgt i16 %data_12_V_read_2, 0" [firmware/nnet_utils/nnet_activation.h:81]   --->   Operation 103 'icmp' 'icmp_ln1494_12' <Predicate = true> <Delay = 0.67> <Core = "Cmp">   --->   Core 25 'Cmp' <Latency = 0> <II = 1> <Delay = 0.67> <FuncUnit> <Opcode : 'icmp'> <InPorts = 2> <OutPorts = 1>
ST_1 : Operation 104 [1/1] (0.00ns)   --->   "%trunc_ln81_40 = trunc i16 %data_12_V_read_2 to i15" [firmware/nnet_utils/nnet_activation.h:81]   --->   Operation 104 'trunc' 'trunc_ln81_40' <Predicate = (icmp_ln1494_12)> <Delay = 0.00>
ST_1 : Operation 105 [1/1] (0.29ns)   --->   "%select_ln81_40 = select i1 %icmp_ln1494_12, i15 %trunc_ln81_40, i15 0" [firmware/nnet_utils/nnet_activation.h:81]   --->   Operation 105 'select' 'select_ln81_40' <Predicate = true> <Delay = 0.29> <Core = "Sel">   --->   Core 26 'Sel' <Latency = 0> <II = 1> <Delay = 0.29> <FuncUnit> <Opcode : 'select'> <InPorts = 3> <OutPorts = 1>
ST_1 : Operation 106 [1/1] (0.00ns)   --->   "%zext_ln81_40 = zext i15 %select_ln81_40 to i16" [firmware/nnet_utils/nnet_activation.h:81]   --->   Operation 106 'zext' 'zext_ln81_40' <Predicate = true> <Delay = 0.00>
ST_1 : Operation 107 [1/1] (0.67ns)   --->   "%icmp_ln1494_13 = icmp sgt i16 %data_13_V_read_2, 0" [firmware/nnet_utils/nnet_activation.h:81]   --->   Operation 107 'icmp' 'icmp_ln1494_13' <Predicate = true> <Delay = 0.67> <Core = "Cmp">   --->   Core 25 'Cmp' <Latency = 0> <II = 1> <Delay = 0.67> <FuncUnit> <Opcode : 'icmp'> <InPorts = 2> <OutPorts = 1>
ST_1 : Operation 108 [1/1] (0.00ns)   --->   "%trunc_ln81_41 = trunc i16 %data_13_V_read_2 to i15" [firmware/nnet_utils/nnet_activation.h:81]   --->   Operation 108 'trunc' 'trunc_ln81_41' <Predicate = (icmp_ln1494_13)> <Delay = 0.00>
ST_1 : Operation 109 [1/1] (0.29ns)   --->   "%select_ln81_41 = select i1 %icmp_ln1494_13, i15 %trunc_ln81_41, i15 0" [firmware/nnet_utils/nnet_activation.h:81]   --->   Operation 109 'select' 'select_ln81_41' <Predicate = true> <Delay = 0.29> <Core = "Sel">   --->   Core 26 'Sel' <Latency = 0> <II = 1> <Delay = 0.29> <FuncUnit> <Opcode : 'select'> <InPorts = 3> <OutPorts = 1>
ST_1 : Operation 110 [1/1] (0.00ns)   --->   "%zext_ln81_41 = zext i15 %select_ln81_41 to i16" [firmware/nnet_utils/nnet_activation.h:81]   --->   Operation 110 'zext' 'zext_ln81_41' <Predicate = true> <Delay = 0.00>
ST_1 : Operation 111 [1/1] (0.67ns)   --->   "%icmp_ln1494_14 = icmp sgt i16 %data_14_V_read_2, 0" [firmware/nnet_utils/nnet_activation.h:81]   --->   Operation 111 'icmp' 'icmp_ln1494_14' <Predicate = true> <Delay = 0.67> <Core = "Cmp">   --->   Core 25 'Cmp' <Latency = 0> <II = 1> <Delay = 0.67> <FuncUnit> <Opcode : 'icmp'> <InPorts = 2> <OutPorts = 1>
ST_1 : Operation 112 [1/1] (0.00ns)   --->   "%trunc_ln81_42 = trunc i16 %data_14_V_read_2 to i15" [firmware/nnet_utils/nnet_activation.h:81]   --->   Operation 112 'trunc' 'trunc_ln81_42' <Predicate = (icmp_ln1494_14)> <Delay = 0.00>
ST_1 : Operation 113 [1/1] (0.29ns)   --->   "%select_ln81_42 = select i1 %icmp_ln1494_14, i15 %trunc_ln81_42, i15 0" [firmware/nnet_utils/nnet_activation.h:81]   --->   Operation 113 'select' 'select_ln81_42' <Predicate = true> <Delay = 0.29> <Core = "Sel">   --->   Core 26 'Sel' <Latency = 0> <II = 1> <Delay = 0.29> <FuncUnit> <Opcode : 'select'> <InPorts = 3> <OutPorts = 1>
ST_1 : Operation 114 [1/1] (0.00ns)   --->   "%zext_ln81_42 = zext i15 %select_ln81_42 to i16" [firmware/nnet_utils/nnet_activation.h:81]   --->   Operation 114 'zext' 'zext_ln81_42' <Predicate = true> <Delay = 0.00>
ST_1 : Operation 115 [1/1] (0.67ns)   --->   "%icmp_ln1494_15 = icmp sgt i16 %data_15_V_read_2, 0" [firmware/nnet_utils/nnet_activation.h:81]   --->   Operation 115 'icmp' 'icmp_ln1494_15' <Predicate = true> <Delay = 0.67> <Core = "Cmp">   --->   Core 25 'Cmp' <Latency = 0> <II = 1> <Delay = 0.67> <FuncUnit> <Opcode : 'icmp'> <InPorts = 2> <OutPorts = 1>
ST_1 : Operation 116 [1/1] (0.00ns)   --->   "%trunc_ln81_43 = trunc i16 %data_15_V_read_2 to i15" [firmware/nnet_utils/nnet_activation.h:81]   --->   Operation 116 'trunc' 'trunc_ln81_43' <Predicate = (icmp_ln1494_15)> <Delay = 0.00>
ST_1 : Operation 117 [1/1] (0.29ns)   --->   "%select_ln81_43 = select i1 %icmp_ln1494_15, i15 %trunc_ln81_43, i15 0" [firmware/nnet_utils/nnet_activation.h:81]   --->   Operation 117 'select' 'select_ln81_43' <Predicate = true> <Delay = 0.29> <Core = "Sel">   --->   Core 26 'Sel' <Latency = 0> <II = 1> <Delay = 0.29> <FuncUnit> <Opcode : 'select'> <InPorts = 3> <OutPorts = 1>
ST_1 : Operation 118 [1/1] (0.00ns)   --->   "%zext_ln81_43 = zext i15 %select_ln81_43 to i16" [firmware/nnet_utils/nnet_activation.h:81]   --->   Operation 118 'zext' 'zext_ln81_43' <Predicate = true> <Delay = 0.00>
ST_1 : Operation 119 [1/1] (0.67ns)   --->   "%icmp_ln1494_16 = icmp sgt i16 %data_16_V_read_2, 0" [firmware/nnet_utils/nnet_activation.h:81]   --->   Operation 119 'icmp' 'icmp_ln1494_16' <Predicate = true> <Delay = 0.67> <Core = "Cmp">   --->   Core 25 'Cmp' <Latency = 0> <II = 1> <Delay = 0.67> <FuncUnit> <Opcode : 'icmp'> <InPorts = 2> <OutPorts = 1>
ST_1 : Operation 120 [1/1] (0.00ns)   --->   "%trunc_ln81_44 = trunc i16 %data_16_V_read_2 to i15" [firmware/nnet_utils/nnet_activation.h:81]   --->   Operation 120 'trunc' 'trunc_ln81_44' <Predicate = (icmp_ln1494_16)> <Delay = 0.00>
ST_1 : Operation 121 [1/1] (0.29ns)   --->   "%select_ln81_44 = select i1 %icmp_ln1494_16, i15 %trunc_ln81_44, i15 0" [firmware/nnet_utils/nnet_activation.h:81]   --->   Operation 121 'select' 'select_ln81_44' <Predicate = true> <Delay = 0.29> <Core = "Sel">   --->   Core 26 'Sel' <Latency = 0> <II = 1> <Delay = 0.29> <FuncUnit> <Opcode : 'select'> <InPorts = 3> <OutPorts = 1>
ST_1 : Operation 122 [1/1] (0.00ns)   --->   "%zext_ln81_44 = zext i15 %select_ln81_44 to i16" [firmware/nnet_utils/nnet_activation.h:81]   --->   Operation 122 'zext' 'zext_ln81_44' <Predicate = true> <Delay = 0.00>
ST_1 : Operation 123 [1/1] (0.67ns)   --->   "%icmp_ln1494_17 = icmp sgt i16 %data_17_V_read_2, 0" [firmware/nnet_utils/nnet_activation.h:81]   --->   Operation 123 'icmp' 'icmp_ln1494_17' <Predicate = true> <Delay = 0.67> <Core = "Cmp">   --->   Core 25 'Cmp' <Latency = 0> <II = 1> <Delay = 0.67> <FuncUnit> <Opcode : 'icmp'> <InPorts = 2> <OutPorts = 1>
ST_1 : Operation 124 [1/1] (0.00ns)   --->   "%trunc_ln81_45 = trunc i16 %data_17_V_read_2 to i15" [firmware/nnet_utils/nnet_activation.h:81]   --->   Operation 124 'trunc' 'trunc_ln81_45' <Predicate = (icmp_ln1494_17)> <Delay = 0.00>
ST_1 : Operation 125 [1/1] (0.29ns)   --->   "%select_ln81_45 = select i1 %icmp_ln1494_17, i15 %trunc_ln81_45, i15 0" [firmware/nnet_utils/nnet_activation.h:81]   --->   Operation 125 'select' 'select_ln81_45' <Predicate = true> <Delay = 0.29> <Core = "Sel">   --->   Core 26 'Sel' <Latency = 0> <II = 1> <Delay = 0.29> <FuncUnit> <Opcode : 'select'> <InPorts = 3> <OutPorts = 1>
ST_1 : Operation 126 [1/1] (0.00ns)   --->   "%zext_ln81_45 = zext i15 %select_ln81_45 to i16" [firmware/nnet_utils/nnet_activation.h:81]   --->   Operation 126 'zext' 'zext_ln81_45' <Predicate = true> <Delay = 0.00>
ST_1 : Operation 127 [1/1] (0.67ns)   --->   "%icmp_ln1494_18 = icmp sgt i16 %data_18_V_read_2, 0" [firmware/nnet_utils/nnet_activation.h:81]   --->   Operation 127 'icmp' 'icmp_ln1494_18' <Predicate = true> <Delay = 0.67> <Core = "Cmp">   --->   Core 25 'Cmp' <Latency = 0> <II = 1> <Delay = 0.67> <FuncUnit> <Opcode : 'icmp'> <InPorts = 2> <OutPorts = 1>
ST_1 : Operation 128 [1/1] (0.00ns)   --->   "%trunc_ln81_46 = trunc i16 %data_18_V_read_2 to i15" [firmware/nnet_utils/nnet_activation.h:81]   --->   Operation 128 'trunc' 'trunc_ln81_46' <Predicate = (icmp_ln1494_18)> <Delay = 0.00>
ST_1 : Operation 129 [1/1] (0.29ns)   --->   "%select_ln81_46 = select i1 %icmp_ln1494_18, i15 %trunc_ln81_46, i15 0" [firmware/nnet_utils/nnet_activation.h:81]   --->   Operation 129 'select' 'select_ln81_46' <Predicate = true> <Delay = 0.29> <Core = "Sel">   --->   Core 26 'Sel' <Latency = 0> <II = 1> <Delay = 0.29> <FuncUnit> <Opcode : 'select'> <InPorts = 3> <OutPorts = 1>
ST_1 : Operation 130 [1/1] (0.00ns)   --->   "%zext_ln81_46 = zext i15 %select_ln81_46 to i16" [firmware/nnet_utils/nnet_activation.h:81]   --->   Operation 130 'zext' 'zext_ln81_46' <Predicate = true> <Delay = 0.00>
ST_1 : Operation 131 [1/1] (0.67ns)   --->   "%icmp_ln1494_19 = icmp sgt i16 %data_19_V_read_2, 0" [firmware/nnet_utils/nnet_activation.h:81]   --->   Operation 131 'icmp' 'icmp_ln1494_19' <Predicate = true> <Delay = 0.67> <Core = "Cmp">   --->   Core 25 'Cmp' <Latency = 0> <II = 1> <Delay = 0.67> <FuncUnit> <Opcode : 'icmp'> <InPorts = 2> <OutPorts = 1>
ST_1 : Operation 132 [1/1] (0.00ns)   --->   "%trunc_ln81_47 = trunc i16 %data_19_V_read_2 to i15" [firmware/nnet_utils/nnet_activation.h:81]   --->   Operation 132 'trunc' 'trunc_ln81_47' <Predicate = (icmp_ln1494_19)> <Delay = 0.00>
ST_1 : Operation 133 [1/1] (0.29ns)   --->   "%select_ln81_47 = select i1 %icmp_ln1494_19, i15 %trunc_ln81_47, i15 0" [firmware/nnet_utils/nnet_activation.h:81]   --->   Operation 133 'select' 'select_ln81_47' <Predicate = true> <Delay = 0.29> <Core = "Sel">   --->   Core 26 'Sel' <Latency = 0> <II = 1> <Delay = 0.29> <FuncUnit> <Opcode : 'select'> <InPorts = 3> <OutPorts = 1>
ST_1 : Operation 134 [1/1] (0.00ns)   --->   "%zext_ln81_47 = zext i15 %select_ln81_47 to i16" [firmware/nnet_utils/nnet_activation.h:81]   --->   Operation 134 'zext' 'zext_ln81_47' <Predicate = true> <Delay = 0.00>
ST_1 : Operation 135 [1/1] (0.67ns)   --->   "%icmp_ln1494_20 = icmp sgt i16 %data_20_V_read_1, 0" [firmware/nnet_utils/nnet_activation.h:81]   --->   Operation 135 'icmp' 'icmp_ln1494_20' <Predicate = true> <Delay = 0.67> <Core = "Cmp">   --->   Core 25 'Cmp' <Latency = 0> <II = 1> <Delay = 0.67> <FuncUnit> <Opcode : 'icmp'> <InPorts = 2> <OutPorts = 1>
ST_1 : Operation 136 [1/1] (0.00ns)   --->   "%trunc_ln81_48 = trunc i16 %data_20_V_read_1 to i15" [firmware/nnet_utils/nnet_activation.h:81]   --->   Operation 136 'trunc' 'trunc_ln81_48' <Predicate = (icmp_ln1494_20)> <Delay = 0.00>
ST_1 : Operation 137 [1/1] (0.29ns)   --->   "%select_ln81_48 = select i1 %icmp_ln1494_20, i15 %trunc_ln81_48, i15 0" [firmware/nnet_utils/nnet_activation.h:81]   --->   Operation 137 'select' 'select_ln81_48' <Predicate = true> <Delay = 0.29> <Core = "Sel">   --->   Core 26 'Sel' <Latency = 0> <II = 1> <Delay = 0.29> <FuncUnit> <Opcode : 'select'> <InPorts = 3> <OutPorts = 1>
ST_1 : Operation 138 [1/1] (0.00ns)   --->   "%zext_ln81_48 = zext i15 %select_ln81_48 to i16" [firmware/nnet_utils/nnet_activation.h:81]   --->   Operation 138 'zext' 'zext_ln81_48' <Predicate = true> <Delay = 0.00>
ST_1 : Operation 139 [1/1] (0.67ns)   --->   "%icmp_ln1494_21 = icmp sgt i16 %data_21_V_read_1, 0" [firmware/nnet_utils/nnet_activation.h:81]   --->   Operation 139 'icmp' 'icmp_ln1494_21' <Predicate = true> <Delay = 0.67> <Core = "Cmp">   --->   Core 25 'Cmp' <Latency = 0> <II = 1> <Delay = 0.67> <FuncUnit> <Opcode : 'icmp'> <InPorts = 2> <OutPorts = 1>
ST_1 : Operation 140 [1/1] (0.00ns)   --->   "%trunc_ln81_49 = trunc i16 %data_21_V_read_1 to i15" [firmware/nnet_utils/nnet_activation.h:81]   --->   Operation 140 'trunc' 'trunc_ln81_49' <Predicate = (icmp_ln1494_21)> <Delay = 0.00>
ST_1 : Operation 141 [1/1] (0.29ns)   --->   "%select_ln81_49 = select i1 %icmp_ln1494_21, i15 %trunc_ln81_49, i15 0" [firmware/nnet_utils/nnet_activation.h:81]   --->   Operation 141 'select' 'select_ln81_49' <Predicate = true> <Delay = 0.29> <Core = "Sel">   --->   Core 26 'Sel' <Latency = 0> <II = 1> <Delay = 0.29> <FuncUnit> <Opcode : 'select'> <InPorts = 3> <OutPorts = 1>
ST_1 : Operation 142 [1/1] (0.00ns)   --->   "%zext_ln81_49 = zext i15 %select_ln81_49 to i16" [firmware/nnet_utils/nnet_activation.h:81]   --->   Operation 142 'zext' 'zext_ln81_49' <Predicate = true> <Delay = 0.00>
ST_1 : Operation 143 [1/1] (0.67ns)   --->   "%icmp_ln1494_22 = icmp sgt i16 %data_22_V_read_1, 0" [firmware/nnet_utils/nnet_activation.h:81]   --->   Operation 143 'icmp' 'icmp_ln1494_22' <Predicate = true> <Delay = 0.67> <Core = "Cmp">   --->   Core 25 'Cmp' <Latency = 0> <II = 1> <Delay = 0.67> <FuncUnit> <Opcode : 'icmp'> <InPorts = 2> <OutPorts = 1>
ST_1 : Operation 144 [1/1] (0.00ns)   --->   "%trunc_ln81_50 = trunc i16 %data_22_V_read_1 to i15" [firmware/nnet_utils/nnet_activation.h:81]   --->   Operation 144 'trunc' 'trunc_ln81_50' <Predicate = (icmp_ln1494_22)> <Delay = 0.00>
ST_1 : Operation 145 [1/1] (0.29ns)   --->   "%select_ln81_50 = select i1 %icmp_ln1494_22, i15 %trunc_ln81_50, i15 0" [firmware/nnet_utils/nnet_activation.h:81]   --->   Operation 145 'select' 'select_ln81_50' <Predicate = true> <Delay = 0.29> <Core = "Sel">   --->   Core 26 'Sel' <Latency = 0> <II = 1> <Delay = 0.29> <FuncUnit> <Opcode : 'select'> <InPorts = 3> <OutPorts = 1>
ST_1 : Operation 146 [1/1] (0.00ns)   --->   "%zext_ln81_50 = zext i15 %select_ln81_50 to i16" [firmware/nnet_utils/nnet_activation.h:81]   --->   Operation 146 'zext' 'zext_ln81_50' <Predicate = true> <Delay = 0.00>
ST_1 : Operation 147 [1/1] (0.67ns)   --->   "%icmp_ln1494_23 = icmp sgt i16 %data_23_V_read_1, 0" [firmware/nnet_utils/nnet_activation.h:81]   --->   Operation 147 'icmp' 'icmp_ln1494_23' <Predicate = true> <Delay = 0.67> <Core = "Cmp">   --->   Core 25 'Cmp' <Latency = 0> <II = 1> <Delay = 0.67> <FuncUnit> <Opcode : 'icmp'> <InPorts = 2> <OutPorts = 1>
ST_1 : Operation 148 [1/1] (0.00ns)   --->   "%trunc_ln81_51 = trunc i16 %data_23_V_read_1 to i15" [firmware/nnet_utils/nnet_activation.h:81]   --->   Operation 148 'trunc' 'trunc_ln81_51' <Predicate = (icmp_ln1494_23)> <Delay = 0.00>
ST_1 : Operation 149 [1/1] (0.29ns)   --->   "%select_ln81_51 = select i1 %icmp_ln1494_23, i15 %trunc_ln81_51, i15 0" [firmware/nnet_utils/nnet_activation.h:81]   --->   Operation 149 'select' 'select_ln81_51' <Predicate = true> <Delay = 0.29> <Core = "Sel">   --->   Core 26 'Sel' <Latency = 0> <II = 1> <Delay = 0.29> <FuncUnit> <Opcode : 'select'> <InPorts = 3> <OutPorts = 1>
ST_1 : Operation 150 [1/1] (0.00ns)   --->   "%zext_ln81_51 = zext i15 %select_ln81_51 to i16" [firmware/nnet_utils/nnet_activation.h:81]   --->   Operation 150 'zext' 'zext_ln81_51' <Predicate = true> <Delay = 0.00>
ST_1 : Operation 151 [1/1] (0.67ns)   --->   "%icmp_ln1494_24 = icmp sgt i16 %data_24_V_read_1, 0" [firmware/nnet_utils/nnet_activation.h:81]   --->   Operation 151 'icmp' 'icmp_ln1494_24' <Predicate = true> <Delay = 0.67> <Core = "Cmp">   --->   Core 25 'Cmp' <Latency = 0> <II = 1> <Delay = 0.67> <FuncUnit> <Opcode : 'icmp'> <InPorts = 2> <OutPorts = 1>
ST_1 : Operation 152 [1/1] (0.00ns)   --->   "%trunc_ln81_52 = trunc i16 %data_24_V_read_1 to i15" [firmware/nnet_utils/nnet_activation.h:81]   --->   Operation 152 'trunc' 'trunc_ln81_52' <Predicate = (icmp_ln1494_24)> <Delay = 0.00>
ST_1 : Operation 153 [1/1] (0.29ns)   --->   "%select_ln81_52 = select i1 %icmp_ln1494_24, i15 %trunc_ln81_52, i15 0" [firmware/nnet_utils/nnet_activation.h:81]   --->   Operation 153 'select' 'select_ln81_52' <Predicate = true> <Delay = 0.29> <Core = "Sel">   --->   Core 26 'Sel' <Latency = 0> <II = 1> <Delay = 0.29> <FuncUnit> <Opcode : 'select'> <InPorts = 3> <OutPorts = 1>
ST_1 : Operation 154 [1/1] (0.00ns)   --->   "%zext_ln81_52 = zext i15 %select_ln81_52 to i16" [firmware/nnet_utils/nnet_activation.h:81]   --->   Operation 154 'zext' 'zext_ln81_52' <Predicate = true> <Delay = 0.00>
ST_1 : Operation 155 [1/1] (0.67ns)   --->   "%icmp_ln1494_25 = icmp sgt i16 %data_25_V_read_1, 0" [firmware/nnet_utils/nnet_activation.h:81]   --->   Operation 155 'icmp' 'icmp_ln1494_25' <Predicate = true> <Delay = 0.67> <Core = "Cmp">   --->   Core 25 'Cmp' <Latency = 0> <II = 1> <Delay = 0.67> <FuncUnit> <Opcode : 'icmp'> <InPorts = 2> <OutPorts = 1>
ST_1 : Operation 156 [1/1] (0.00ns)   --->   "%trunc_ln81_53 = trunc i16 %data_25_V_read_1 to i15" [firmware/nnet_utils/nnet_activation.h:81]   --->   Operation 156 'trunc' 'trunc_ln81_53' <Predicate = (icmp_ln1494_25)> <Delay = 0.00>
ST_1 : Operation 157 [1/1] (0.29ns)   --->   "%select_ln81_53 = select i1 %icmp_ln1494_25, i15 %trunc_ln81_53, i15 0" [firmware/nnet_utils/nnet_activation.h:81]   --->   Operation 157 'select' 'select_ln81_53' <Predicate = true> <Delay = 0.29> <Core = "Sel">   --->   Core 26 'Sel' <Latency = 0> <II = 1> <Delay = 0.29> <FuncUnit> <Opcode : 'select'> <InPorts = 3> <OutPorts = 1>
ST_1 : Operation 158 [1/1] (0.00ns)   --->   "%zext_ln81_53 = zext i15 %select_ln81_53 to i16" [firmware/nnet_utils/nnet_activation.h:81]   --->   Operation 158 'zext' 'zext_ln81_53' <Predicate = true> <Delay = 0.00>
ST_1 : Operation 159 [1/1] (0.67ns)   --->   "%icmp_ln1494_26 = icmp sgt i16 %data_26_V_read_1, 0" [firmware/nnet_utils/nnet_activation.h:81]   --->   Operation 159 'icmp' 'icmp_ln1494_26' <Predicate = true> <Delay = 0.67> <Core = "Cmp">   --->   Core 25 'Cmp' <Latency = 0> <II = 1> <Delay = 0.67> <FuncUnit> <Opcode : 'icmp'> <InPorts = 2> <OutPorts = 1>
ST_1 : Operation 160 [1/1] (0.00ns)   --->   "%trunc_ln81_54 = trunc i16 %data_26_V_read_1 to i15" [firmware/nnet_utils/nnet_activation.h:81]   --->   Operation 160 'trunc' 'trunc_ln81_54' <Predicate = (icmp_ln1494_26)> <Delay = 0.00>
ST_1 : Operation 161 [1/1] (0.29ns)   --->   "%select_ln81_54 = select i1 %icmp_ln1494_26, i15 %trunc_ln81_54, i15 0" [firmware/nnet_utils/nnet_activation.h:81]   --->   Operation 161 'select' 'select_ln81_54' <Predicate = true> <Delay = 0.29> <Core = "Sel">   --->   Core 26 'Sel' <Latency = 0> <II = 1> <Delay = 0.29> <FuncUnit> <Opcode : 'select'> <InPorts = 3> <OutPorts = 1>
ST_1 : Operation 162 [1/1] (0.00ns)   --->   "%zext_ln81_54 = zext i15 %select_ln81_54 to i16" [firmware/nnet_utils/nnet_activation.h:81]   --->   Operation 162 'zext' 'zext_ln81_54' <Predicate = true> <Delay = 0.00>
ST_1 : Operation 163 [1/1] (0.67ns)   --->   "%icmp_ln1494_27 = icmp sgt i16 %data_27_V_read_1, 0" [firmware/nnet_utils/nnet_activation.h:81]   --->   Operation 163 'icmp' 'icmp_ln1494_27' <Predicate = true> <Delay = 0.67> <Core = "Cmp">   --->   Core 25 'Cmp' <Latency = 0> <II = 1> <Delay = 0.67> <FuncUnit> <Opcode : 'icmp'> <InPorts = 2> <OutPorts = 1>
ST_1 : Operation 164 [1/1] (0.00ns)   --->   "%trunc_ln81_55 = trunc i16 %data_27_V_read_1 to i15" [firmware/nnet_utils/nnet_activation.h:81]   --->   Operation 164 'trunc' 'trunc_ln81_55' <Predicate = (icmp_ln1494_27)> <Delay = 0.00>
ST_1 : Operation 165 [1/1] (0.29ns)   --->   "%select_ln81_55 = select i1 %icmp_ln1494_27, i15 %trunc_ln81_55, i15 0" [firmware/nnet_utils/nnet_activation.h:81]   --->   Operation 165 'select' 'select_ln81_55' <Predicate = true> <Delay = 0.29> <Core = "Sel">   --->   Core 26 'Sel' <Latency = 0> <II = 1> <Delay = 0.29> <FuncUnit> <Opcode : 'select'> <InPorts = 3> <OutPorts = 1>
ST_1 : Operation 166 [1/1] (0.00ns)   --->   "%zext_ln81_55 = zext i15 %select_ln81_55 to i16" [firmware/nnet_utils/nnet_activation.h:81]   --->   Operation 166 'zext' 'zext_ln81_55' <Predicate = true> <Delay = 0.00>
ST_1 : Operation 167 [1/1] (0.67ns)   --->   "%icmp_ln1494_28 = icmp sgt i16 %data_28_V_read_1, 0" [firmware/nnet_utils/nnet_activation.h:81]   --->   Operation 167 'icmp' 'icmp_ln1494_28' <Predicate = true> <Delay = 0.67> <Core = "Cmp">   --->   Core 25 'Cmp' <Latency = 0> <II = 1> <Delay = 0.67> <FuncUnit> <Opcode : 'icmp'> <InPorts = 2> <OutPorts = 1>
ST_1 : Operation 168 [1/1] (0.00ns)   --->   "%trunc_ln81_56 = trunc i16 %data_28_V_read_1 to i15" [firmware/nnet_utils/nnet_activation.h:81]   --->   Operation 168 'trunc' 'trunc_ln81_56' <Predicate = (icmp_ln1494_28)> <Delay = 0.00>
ST_1 : Operation 169 [1/1] (0.29ns)   --->   "%select_ln81_56 = select i1 %icmp_ln1494_28, i15 %trunc_ln81_56, i15 0" [firmware/nnet_utils/nnet_activation.h:81]   --->   Operation 169 'select' 'select_ln81_56' <Predicate = true> <Delay = 0.29> <Core = "Sel">   --->   Core 26 'Sel' <Latency = 0> <II = 1> <Delay = 0.29> <FuncUnit> <Opcode : 'select'> <InPorts = 3> <OutPorts = 1>
ST_1 : Operation 170 [1/1] (0.00ns)   --->   "%zext_ln81_56 = zext i15 %select_ln81_56 to i16" [firmware/nnet_utils/nnet_activation.h:81]   --->   Operation 170 'zext' 'zext_ln81_56' <Predicate = true> <Delay = 0.00>
ST_1 : Operation 171 [1/1] (0.67ns)   --->   "%icmp_ln1494_29 = icmp sgt i16 %data_29_V_read_1, 0" [firmware/nnet_utils/nnet_activation.h:81]   --->   Operation 171 'icmp' 'icmp_ln1494_29' <Predicate = true> <Delay = 0.67> <Core = "Cmp">   --->   Core 25 'Cmp' <Latency = 0> <II = 1> <Delay = 0.67> <FuncUnit> <Opcode : 'icmp'> <InPorts = 2> <OutPorts = 1>
ST_1 : Operation 172 [1/1] (0.00ns)   --->   "%trunc_ln81_57 = trunc i16 %data_29_V_read_1 to i15" [firmware/nnet_utils/nnet_activation.h:81]   --->   Operation 172 'trunc' 'trunc_ln81_57' <Predicate = (icmp_ln1494_29)> <Delay = 0.00>
ST_1 : Operation 173 [1/1] (0.29ns)   --->   "%select_ln81_57 = select i1 %icmp_ln1494_29, i15 %trunc_ln81_57, i15 0" [firmware/nnet_utils/nnet_activation.h:81]   --->   Operation 173 'select' 'select_ln81_57' <Predicate = true> <Delay = 0.29> <Core = "Sel">   --->   Core 26 'Sel' <Latency = 0> <II = 1> <Delay = 0.29> <FuncUnit> <Opcode : 'select'> <InPorts = 3> <OutPorts = 1>
ST_1 : Operation 174 [1/1] (0.00ns)   --->   "%zext_ln81_57 = zext i15 %select_ln81_57 to i16" [firmware/nnet_utils/nnet_activation.h:81]   --->   Operation 174 'zext' 'zext_ln81_57' <Predicate = true> <Delay = 0.00>
ST_1 : Operation 175 [1/1] (0.67ns)   --->   "%icmp_ln1494_30 = icmp sgt i16 %data_30_V_read_1, 0" [firmware/nnet_utils/nnet_activation.h:81]   --->   Operation 175 'icmp' 'icmp_ln1494_30' <Predicate = true> <Delay = 0.67> <Core = "Cmp">   --->   Core 25 'Cmp' <Latency = 0> <II = 1> <Delay = 0.67> <FuncUnit> <Opcode : 'icmp'> <InPorts = 2> <OutPorts = 1>
ST_1 : Operation 176 [1/1] (0.00ns)   --->   "%trunc_ln81_58 = trunc i16 %data_30_V_read_1 to i15" [firmware/nnet_utils/nnet_activation.h:81]   --->   Operation 176 'trunc' 'trunc_ln81_58' <Predicate = (icmp_ln1494_30)> <Delay = 0.00>
ST_1 : Operation 177 [1/1] (0.29ns)   --->   "%select_ln81_58 = select i1 %icmp_ln1494_30, i15 %trunc_ln81_58, i15 0" [firmware/nnet_utils/nnet_activation.h:81]   --->   Operation 177 'select' 'select_ln81_58' <Predicate = true> <Delay = 0.29> <Core = "Sel">   --->   Core 26 'Sel' <Latency = 0> <II = 1> <Delay = 0.29> <FuncUnit> <Opcode : 'select'> <InPorts = 3> <OutPorts = 1>
ST_1 : Operation 178 [1/1] (0.00ns)   --->   "%zext_ln81_58 = zext i15 %select_ln81_58 to i16" [firmware/nnet_utils/nnet_activation.h:81]   --->   Operation 178 'zext' 'zext_ln81_58' <Predicate = true> <Delay = 0.00>
ST_1 : Operation 179 [1/1] (0.67ns)   --->   "%icmp_ln1494_31 = icmp sgt i16 %data_31_V_read_1, 0" [firmware/nnet_utils/nnet_activation.h:81]   --->   Operation 179 'icmp' 'icmp_ln1494_31' <Predicate = true> <Delay = 0.67> <Core = "Cmp">   --->   Core 25 'Cmp' <Latency = 0> <II = 1> <Delay = 0.67> <FuncUnit> <Opcode : 'icmp'> <InPorts = 2> <OutPorts = 1>
ST_1 : Operation 180 [1/1] (0.00ns)   --->   "%trunc_ln81_59 = trunc i16 %data_31_V_read_1 to i15" [firmware/nnet_utils/nnet_activation.h:81]   --->   Operation 180 'trunc' 'trunc_ln81_59' <Predicate = (icmp_ln1494_31)> <Delay = 0.00>
ST_1 : Operation 181 [1/1] (0.29ns)   --->   "%select_ln81_59 = select i1 %icmp_ln1494_31, i15 %trunc_ln81_59, i15 0" [firmware/nnet_utils/nnet_activation.h:81]   --->   Operation 181 'select' 'select_ln81_59' <Predicate = true> <Delay = 0.29> <Core = "Sel">   --->   Core 26 'Sel' <Latency = 0> <II = 1> <Delay = 0.29> <FuncUnit> <Opcode : 'select'> <InPorts = 3> <OutPorts = 1>
ST_1 : Operation 182 [1/1] (0.00ns)   --->   "%zext_ln81_59 = zext i15 %select_ln81_59 to i16" [firmware/nnet_utils/nnet_activation.h:81]   --->   Operation 182 'zext' 'zext_ln81_59' <Predicate = true> <Delay = 0.00>
ST_1 : Operation 183 [1/1] (0.67ns)   --->   "%icmp_ln1494_32 = icmp sgt i16 %data_32_V_read_1, 0" [firmware/nnet_utils/nnet_activation.h:81]   --->   Operation 183 'icmp' 'icmp_ln1494_32' <Predicate = true> <Delay = 0.67> <Core = "Cmp">   --->   Core 25 'Cmp' <Latency = 0> <II = 1> <Delay = 0.67> <FuncUnit> <Opcode : 'icmp'> <InPorts = 2> <OutPorts = 1>
ST_1 : Operation 184 [1/1] (0.00ns)   --->   "%trunc_ln81_60 = trunc i16 %data_32_V_read_1 to i15" [firmware/nnet_utils/nnet_activation.h:81]   --->   Operation 184 'trunc' 'trunc_ln81_60' <Predicate = (icmp_ln1494_32)> <Delay = 0.00>
ST_1 : Operation 185 [1/1] (0.29ns)   --->   "%select_ln81_60 = select i1 %icmp_ln1494_32, i15 %trunc_ln81_60, i15 0" [firmware/nnet_utils/nnet_activation.h:81]   --->   Operation 185 'select' 'select_ln81_60' <Predicate = true> <Delay = 0.29> <Core = "Sel">   --->   Core 26 'Sel' <Latency = 0> <II = 1> <Delay = 0.29> <FuncUnit> <Opcode : 'select'> <InPorts = 3> <OutPorts = 1>
ST_1 : Operation 186 [1/1] (0.00ns)   --->   "%zext_ln81_60 = zext i15 %select_ln81_60 to i16" [firmware/nnet_utils/nnet_activation.h:81]   --->   Operation 186 'zext' 'zext_ln81_60' <Predicate = true> <Delay = 0.00>
ST_1 : Operation 187 [1/1] (0.67ns)   --->   "%icmp_ln1494_33 = icmp sgt i16 %data_33_V_read_1, 0" [firmware/nnet_utils/nnet_activation.h:81]   --->   Operation 187 'icmp' 'icmp_ln1494_33' <Predicate = true> <Delay = 0.67> <Core = "Cmp">   --->   Core 25 'Cmp' <Latency = 0> <II = 1> <Delay = 0.67> <FuncUnit> <Opcode : 'icmp'> <InPorts = 2> <OutPorts = 1>
ST_1 : Operation 188 [1/1] (0.00ns)   --->   "%trunc_ln81_61 = trunc i16 %data_33_V_read_1 to i15" [firmware/nnet_utils/nnet_activation.h:81]   --->   Operation 188 'trunc' 'trunc_ln81_61' <Predicate = (icmp_ln1494_33)> <Delay = 0.00>
ST_1 : Operation 189 [1/1] (0.29ns)   --->   "%select_ln81_61 = select i1 %icmp_ln1494_33, i15 %trunc_ln81_61, i15 0" [firmware/nnet_utils/nnet_activation.h:81]   --->   Operation 189 'select' 'select_ln81_61' <Predicate = true> <Delay = 0.29> <Core = "Sel">   --->   Core 26 'Sel' <Latency = 0> <II = 1> <Delay = 0.29> <FuncUnit> <Opcode : 'select'> <InPorts = 3> <OutPorts = 1>
ST_1 : Operation 190 [1/1] (0.00ns)   --->   "%zext_ln81_61 = zext i15 %select_ln81_61 to i16" [firmware/nnet_utils/nnet_activation.h:81]   --->   Operation 190 'zext' 'zext_ln81_61' <Predicate = true> <Delay = 0.00>
ST_1 : Operation 191 [1/1] (0.67ns)   --->   "%icmp_ln1494_34 = icmp sgt i16 %data_34_V_read_1, 0" [firmware/nnet_utils/nnet_activation.h:81]   --->   Operation 191 'icmp' 'icmp_ln1494_34' <Predicate = true> <Delay = 0.67> <Core = "Cmp">   --->   Core 25 'Cmp' <Latency = 0> <II = 1> <Delay = 0.67> <FuncUnit> <Opcode : 'icmp'> <InPorts = 2> <OutPorts = 1>
ST_1 : Operation 192 [1/1] (0.00ns)   --->   "%trunc_ln81_62 = trunc i16 %data_34_V_read_1 to i15" [firmware/nnet_utils/nnet_activation.h:81]   --->   Operation 192 'trunc' 'trunc_ln81_62' <Predicate = (icmp_ln1494_34)> <Delay = 0.00>
ST_1 : Operation 193 [1/1] (0.29ns)   --->   "%select_ln81_62 = select i1 %icmp_ln1494_34, i15 %trunc_ln81_62, i15 0" [firmware/nnet_utils/nnet_activation.h:81]   --->   Operation 193 'select' 'select_ln81_62' <Predicate = true> <Delay = 0.29> <Core = "Sel">   --->   Core 26 'Sel' <Latency = 0> <II = 1> <Delay = 0.29> <FuncUnit> <Opcode : 'select'> <InPorts = 3> <OutPorts = 1>
ST_1 : Operation 194 [1/1] (0.00ns)   --->   "%zext_ln81_62 = zext i15 %select_ln81_62 to i16" [firmware/nnet_utils/nnet_activation.h:81]   --->   Operation 194 'zext' 'zext_ln81_62' <Predicate = true> <Delay = 0.00>
ST_1 : Operation 195 [1/1] (0.67ns)   --->   "%icmp_ln1494_35 = icmp sgt i16 %data_35_V_read_1, 0" [firmware/nnet_utils/nnet_activation.h:81]   --->   Operation 195 'icmp' 'icmp_ln1494_35' <Predicate = true> <Delay = 0.67> <Core = "Cmp">   --->   Core 25 'Cmp' <Latency = 0> <II = 1> <Delay = 0.67> <FuncUnit> <Opcode : 'icmp'> <InPorts = 2> <OutPorts = 1>
ST_1 : Operation 196 [1/1] (0.00ns)   --->   "%trunc_ln81_63 = trunc i16 %data_35_V_read_1 to i15" [firmware/nnet_utils/nnet_activation.h:81]   --->   Operation 196 'trunc' 'trunc_ln81_63' <Predicate = (icmp_ln1494_35)> <Delay = 0.00>
ST_1 : Operation 197 [1/1] (0.29ns)   --->   "%select_ln81_63 = select i1 %icmp_ln1494_35, i15 %trunc_ln81_63, i15 0" [firmware/nnet_utils/nnet_activation.h:81]   --->   Operation 197 'select' 'select_ln81_63' <Predicate = true> <Delay = 0.29> <Core = "Sel">   --->   Core 26 'Sel' <Latency = 0> <II = 1> <Delay = 0.29> <FuncUnit> <Opcode : 'select'> <InPorts = 3> <OutPorts = 1>
ST_1 : Operation 198 [1/1] (0.00ns)   --->   "%zext_ln81_63 = zext i15 %select_ln81_63 to i16" [firmware/nnet_utils/nnet_activation.h:81]   --->   Operation 198 'zext' 'zext_ln81_63' <Predicate = true> <Delay = 0.00>
ST_1 : Operation 199 [1/1] (0.67ns)   --->   "%icmp_ln1494_36 = icmp sgt i16 %data_36_V_read_1, 0" [firmware/nnet_utils/nnet_activation.h:81]   --->   Operation 199 'icmp' 'icmp_ln1494_36' <Predicate = true> <Delay = 0.67> <Core = "Cmp">   --->   Core 25 'Cmp' <Latency = 0> <II = 1> <Delay = 0.67> <FuncUnit> <Opcode : 'icmp'> <InPorts = 2> <OutPorts = 1>
ST_1 : Operation 200 [1/1] (0.00ns)   --->   "%trunc_ln81_64 = trunc i16 %data_36_V_read_1 to i15" [firmware/nnet_utils/nnet_activation.h:81]   --->   Operation 200 'trunc' 'trunc_ln81_64' <Predicate = (icmp_ln1494_36)> <Delay = 0.00>
ST_1 : Operation 201 [1/1] (0.29ns)   --->   "%select_ln81_64 = select i1 %icmp_ln1494_36, i15 %trunc_ln81_64, i15 0" [firmware/nnet_utils/nnet_activation.h:81]   --->   Operation 201 'select' 'select_ln81_64' <Predicate = true> <Delay = 0.29> <Core = "Sel">   --->   Core 26 'Sel' <Latency = 0> <II = 1> <Delay = 0.29> <FuncUnit> <Opcode : 'select'> <InPorts = 3> <OutPorts = 1>
ST_1 : Operation 202 [1/1] (0.00ns)   --->   "%zext_ln81_64 = zext i15 %select_ln81_64 to i16" [firmware/nnet_utils/nnet_activation.h:81]   --->   Operation 202 'zext' 'zext_ln81_64' <Predicate = true> <Delay = 0.00>
ST_1 : Operation 203 [1/1] (0.67ns)   --->   "%icmp_ln1494_37 = icmp sgt i16 %data_37_V_read_1, 0" [firmware/nnet_utils/nnet_activation.h:81]   --->   Operation 203 'icmp' 'icmp_ln1494_37' <Predicate = true> <Delay = 0.67> <Core = "Cmp">   --->   Core 25 'Cmp' <Latency = 0> <II = 1> <Delay = 0.67> <FuncUnit> <Opcode : 'icmp'> <InPorts = 2> <OutPorts = 1>
ST_1 : Operation 204 [1/1] (0.00ns)   --->   "%trunc_ln81_65 = trunc i16 %data_37_V_read_1 to i15" [firmware/nnet_utils/nnet_activation.h:81]   --->   Operation 204 'trunc' 'trunc_ln81_65' <Predicate = (icmp_ln1494_37)> <Delay = 0.00>
ST_1 : Operation 205 [1/1] (0.29ns)   --->   "%select_ln81_65 = select i1 %icmp_ln1494_37, i15 %trunc_ln81_65, i15 0" [firmware/nnet_utils/nnet_activation.h:81]   --->   Operation 205 'select' 'select_ln81_65' <Predicate = true> <Delay = 0.29> <Core = "Sel">   --->   Core 26 'Sel' <Latency = 0> <II = 1> <Delay = 0.29> <FuncUnit> <Opcode : 'select'> <InPorts = 3> <OutPorts = 1>
ST_1 : Operation 206 [1/1] (0.00ns)   --->   "%zext_ln81_65 = zext i15 %select_ln81_65 to i16" [firmware/nnet_utils/nnet_activation.h:81]   --->   Operation 206 'zext' 'zext_ln81_65' <Predicate = true> <Delay = 0.00>
ST_1 : Operation 207 [1/1] (0.67ns)   --->   "%icmp_ln1494_38 = icmp sgt i16 %data_38_V_read_1, 0" [firmware/nnet_utils/nnet_activation.h:81]   --->   Operation 207 'icmp' 'icmp_ln1494_38' <Predicate = true> <Delay = 0.67> <Core = "Cmp">   --->   Core 25 'Cmp' <Latency = 0> <II = 1> <Delay = 0.67> <FuncUnit> <Opcode : 'icmp'> <InPorts = 2> <OutPorts = 1>
ST_1 : Operation 208 [1/1] (0.00ns)   --->   "%trunc_ln81_66 = trunc i16 %data_38_V_read_1 to i15" [firmware/nnet_utils/nnet_activation.h:81]   --->   Operation 208 'trunc' 'trunc_ln81_66' <Predicate = (icmp_ln1494_38)> <Delay = 0.00>
ST_1 : Operation 209 [1/1] (0.29ns)   --->   "%select_ln81_66 = select i1 %icmp_ln1494_38, i15 %trunc_ln81_66, i15 0" [firmware/nnet_utils/nnet_activation.h:81]   --->   Operation 209 'select' 'select_ln81_66' <Predicate = true> <Delay = 0.29> <Core = "Sel">   --->   Core 26 'Sel' <Latency = 0> <II = 1> <Delay = 0.29> <FuncUnit> <Opcode : 'select'> <InPorts = 3> <OutPorts = 1>
ST_1 : Operation 210 [1/1] (0.00ns)   --->   "%zext_ln81_66 = zext i15 %select_ln81_66 to i16" [firmware/nnet_utils/nnet_activation.h:81]   --->   Operation 210 'zext' 'zext_ln81_66' <Predicate = true> <Delay = 0.00>
ST_1 : Operation 211 [1/1] (0.67ns)   --->   "%icmp_ln1494_39 = icmp sgt i16 %data_39_V_read_1, 0" [firmware/nnet_utils/nnet_activation.h:81]   --->   Operation 211 'icmp' 'icmp_ln1494_39' <Predicate = true> <Delay = 0.67> <Core = "Cmp">   --->   Core 25 'Cmp' <Latency = 0> <II = 1> <Delay = 0.67> <FuncUnit> <Opcode : 'icmp'> <InPorts = 2> <OutPorts = 1>
ST_1 : Operation 212 [1/1] (0.00ns)   --->   "%trunc_ln81_67 = trunc i16 %data_39_V_read_1 to i15" [firmware/nnet_utils/nnet_activation.h:81]   --->   Operation 212 'trunc' 'trunc_ln81_67' <Predicate = (icmp_ln1494_39)> <Delay = 0.00>
ST_1 : Operation 213 [1/1] (0.29ns)   --->   "%select_ln81_67 = select i1 %icmp_ln1494_39, i15 %trunc_ln81_67, i15 0" [firmware/nnet_utils/nnet_activation.h:81]   --->   Operation 213 'select' 'select_ln81_67' <Predicate = true> <Delay = 0.29> <Core = "Sel">   --->   Core 26 'Sel' <Latency = 0> <II = 1> <Delay = 0.29> <FuncUnit> <Opcode : 'select'> <InPorts = 3> <OutPorts = 1>
ST_1 : Operation 214 [1/1] (0.00ns)   --->   "%zext_ln81_67 = zext i15 %select_ln81_67 to i16" [firmware/nnet_utils/nnet_activation.h:81]   --->   Operation 214 'zext' 'zext_ln81_67' <Predicate = true> <Delay = 0.00>
ST_1 : Operation 215 [1/1] (0.67ns)   --->   "%icmp_ln1494_40 = icmp sgt i16 %data_40_V_read_1, 0" [firmware/nnet_utils/nnet_activation.h:81]   --->   Operation 215 'icmp' 'icmp_ln1494_40' <Predicate = true> <Delay = 0.67> <Core = "Cmp">   --->   Core 25 'Cmp' <Latency = 0> <II = 1> <Delay = 0.67> <FuncUnit> <Opcode : 'icmp'> <InPorts = 2> <OutPorts = 1>
ST_1 : Operation 216 [1/1] (0.00ns)   --->   "%trunc_ln81_68 = trunc i16 %data_40_V_read_1 to i15" [firmware/nnet_utils/nnet_activation.h:81]   --->   Operation 216 'trunc' 'trunc_ln81_68' <Predicate = (icmp_ln1494_40)> <Delay = 0.00>
ST_1 : Operation 217 [1/1] (0.29ns)   --->   "%select_ln81_68 = select i1 %icmp_ln1494_40, i15 %trunc_ln81_68, i15 0" [firmware/nnet_utils/nnet_activation.h:81]   --->   Operation 217 'select' 'select_ln81_68' <Predicate = true> <Delay = 0.29> <Core = "Sel">   --->   Core 26 'Sel' <Latency = 0> <II = 1> <Delay = 0.29> <FuncUnit> <Opcode : 'select'> <InPorts = 3> <OutPorts = 1>
ST_1 : Operation 218 [1/1] (0.00ns)   --->   "%zext_ln81_68 = zext i15 %select_ln81_68 to i16" [firmware/nnet_utils/nnet_activation.h:81]   --->   Operation 218 'zext' 'zext_ln81_68' <Predicate = true> <Delay = 0.00>
ST_1 : Operation 219 [1/1] (0.67ns)   --->   "%icmp_ln1494_41 = icmp sgt i16 %data_41_V_read_1, 0" [firmware/nnet_utils/nnet_activation.h:81]   --->   Operation 219 'icmp' 'icmp_ln1494_41' <Predicate = true> <Delay = 0.67> <Core = "Cmp">   --->   Core 25 'Cmp' <Latency = 0> <II = 1> <Delay = 0.67> <FuncUnit> <Opcode : 'icmp'> <InPorts = 2> <OutPorts = 1>
ST_1 : Operation 220 [1/1] (0.00ns)   --->   "%trunc_ln81_69 = trunc i16 %data_41_V_read_1 to i15" [firmware/nnet_utils/nnet_activation.h:81]   --->   Operation 220 'trunc' 'trunc_ln81_69' <Predicate = (icmp_ln1494_41)> <Delay = 0.00>
ST_1 : Operation 221 [1/1] (0.29ns)   --->   "%select_ln81_69 = select i1 %icmp_ln1494_41, i15 %trunc_ln81_69, i15 0" [firmware/nnet_utils/nnet_activation.h:81]   --->   Operation 221 'select' 'select_ln81_69' <Predicate = true> <Delay = 0.29> <Core = "Sel">   --->   Core 26 'Sel' <Latency = 0> <II = 1> <Delay = 0.29> <FuncUnit> <Opcode : 'select'> <InPorts = 3> <OutPorts = 1>
ST_1 : Operation 222 [1/1] (0.00ns)   --->   "%zext_ln81_69 = zext i15 %select_ln81_69 to i16" [firmware/nnet_utils/nnet_activation.h:81]   --->   Operation 222 'zext' 'zext_ln81_69' <Predicate = true> <Delay = 0.00>
ST_1 : Operation 223 [1/1] (0.67ns)   --->   "%icmp_ln1494_42 = icmp sgt i16 %data_42_V_read_1, 0" [firmware/nnet_utils/nnet_activation.h:81]   --->   Operation 223 'icmp' 'icmp_ln1494_42' <Predicate = true> <Delay = 0.67> <Core = "Cmp">   --->   Core 25 'Cmp' <Latency = 0> <II = 1> <Delay = 0.67> <FuncUnit> <Opcode : 'icmp'> <InPorts = 2> <OutPorts = 1>
ST_1 : Operation 224 [1/1] (0.00ns)   --->   "%trunc_ln81_70 = trunc i16 %data_42_V_read_1 to i15" [firmware/nnet_utils/nnet_activation.h:81]   --->   Operation 224 'trunc' 'trunc_ln81_70' <Predicate = (icmp_ln1494_42)> <Delay = 0.00>
ST_1 : Operation 225 [1/1] (0.29ns)   --->   "%select_ln81_70 = select i1 %icmp_ln1494_42, i15 %trunc_ln81_70, i15 0" [firmware/nnet_utils/nnet_activation.h:81]   --->   Operation 225 'select' 'select_ln81_70' <Predicate = true> <Delay = 0.29> <Core = "Sel">   --->   Core 26 'Sel' <Latency = 0> <II = 1> <Delay = 0.29> <FuncUnit> <Opcode : 'select'> <InPorts = 3> <OutPorts = 1>
ST_1 : Operation 226 [1/1] (0.00ns)   --->   "%zext_ln81_70 = zext i15 %select_ln81_70 to i16" [firmware/nnet_utils/nnet_activation.h:81]   --->   Operation 226 'zext' 'zext_ln81_70' <Predicate = true> <Delay = 0.00>
ST_1 : Operation 227 [1/1] (0.67ns)   --->   "%icmp_ln1494_43 = icmp sgt i16 %data_43_V_read_1, 0" [firmware/nnet_utils/nnet_activation.h:81]   --->   Operation 227 'icmp' 'icmp_ln1494_43' <Predicate = true> <Delay = 0.67> <Core = "Cmp">   --->   Core 25 'Cmp' <Latency = 0> <II = 1> <Delay = 0.67> <FuncUnit> <Opcode : 'icmp'> <InPorts = 2> <OutPorts = 1>
ST_1 : Operation 228 [1/1] (0.00ns)   --->   "%trunc_ln81_71 = trunc i16 %data_43_V_read_1 to i15" [firmware/nnet_utils/nnet_activation.h:81]   --->   Operation 228 'trunc' 'trunc_ln81_71' <Predicate = (icmp_ln1494_43)> <Delay = 0.00>
ST_1 : Operation 229 [1/1] (0.29ns)   --->   "%select_ln81_71 = select i1 %icmp_ln1494_43, i15 %trunc_ln81_71, i15 0" [firmware/nnet_utils/nnet_activation.h:81]   --->   Operation 229 'select' 'select_ln81_71' <Predicate = true> <Delay = 0.29> <Core = "Sel">   --->   Core 26 'Sel' <Latency = 0> <II = 1> <Delay = 0.29> <FuncUnit> <Opcode : 'select'> <InPorts = 3> <OutPorts = 1>
ST_1 : Operation 230 [1/1] (0.00ns)   --->   "%zext_ln81_71 = zext i15 %select_ln81_71 to i16" [firmware/nnet_utils/nnet_activation.h:81]   --->   Operation 230 'zext' 'zext_ln81_71' <Predicate = true> <Delay = 0.00>
ST_1 : Operation 231 [1/1] (0.67ns)   --->   "%icmp_ln1494_44 = icmp sgt i16 %data_44_V_read_1, 0" [firmware/nnet_utils/nnet_activation.h:81]   --->   Operation 231 'icmp' 'icmp_ln1494_44' <Predicate = true> <Delay = 0.67> <Core = "Cmp">   --->   Core 25 'Cmp' <Latency = 0> <II = 1> <Delay = 0.67> <FuncUnit> <Opcode : 'icmp'> <InPorts = 2> <OutPorts = 1>
ST_1 : Operation 232 [1/1] (0.00ns)   --->   "%trunc_ln81_72 = trunc i16 %data_44_V_read_1 to i15" [firmware/nnet_utils/nnet_activation.h:81]   --->   Operation 232 'trunc' 'trunc_ln81_72' <Predicate = (icmp_ln1494_44)> <Delay = 0.00>
ST_1 : Operation 233 [1/1] (0.29ns)   --->   "%select_ln81_72 = select i1 %icmp_ln1494_44, i15 %trunc_ln81_72, i15 0" [firmware/nnet_utils/nnet_activation.h:81]   --->   Operation 233 'select' 'select_ln81_72' <Predicate = true> <Delay = 0.29> <Core = "Sel">   --->   Core 26 'Sel' <Latency = 0> <II = 1> <Delay = 0.29> <FuncUnit> <Opcode : 'select'> <InPorts = 3> <OutPorts = 1>
ST_1 : Operation 234 [1/1] (0.00ns)   --->   "%zext_ln81_72 = zext i15 %select_ln81_72 to i16" [firmware/nnet_utils/nnet_activation.h:81]   --->   Operation 234 'zext' 'zext_ln81_72' <Predicate = true> <Delay = 0.00>
ST_1 : Operation 235 [1/1] (0.67ns)   --->   "%icmp_ln1494_45 = icmp sgt i16 %data_45_V_read_1, 0" [firmware/nnet_utils/nnet_activation.h:81]   --->   Operation 235 'icmp' 'icmp_ln1494_45' <Predicate = true> <Delay = 0.67> <Core = "Cmp">   --->   Core 25 'Cmp' <Latency = 0> <II = 1> <Delay = 0.67> <FuncUnit> <Opcode : 'icmp'> <InPorts = 2> <OutPorts = 1>
ST_1 : Operation 236 [1/1] (0.00ns)   --->   "%trunc_ln81_73 = trunc i16 %data_45_V_read_1 to i15" [firmware/nnet_utils/nnet_activation.h:81]   --->   Operation 236 'trunc' 'trunc_ln81_73' <Predicate = (icmp_ln1494_45)> <Delay = 0.00>
ST_1 : Operation 237 [1/1] (0.29ns)   --->   "%select_ln81_73 = select i1 %icmp_ln1494_45, i15 %trunc_ln81_73, i15 0" [firmware/nnet_utils/nnet_activation.h:81]   --->   Operation 237 'select' 'select_ln81_73' <Predicate = true> <Delay = 0.29> <Core = "Sel">   --->   Core 26 'Sel' <Latency = 0> <II = 1> <Delay = 0.29> <FuncUnit> <Opcode : 'select'> <InPorts = 3> <OutPorts = 1>
ST_1 : Operation 238 [1/1] (0.00ns)   --->   "%zext_ln81_73 = zext i15 %select_ln81_73 to i16" [firmware/nnet_utils/nnet_activation.h:81]   --->   Operation 238 'zext' 'zext_ln81_73' <Predicate = true> <Delay = 0.00>
ST_1 : Operation 239 [1/1] (0.67ns)   --->   "%icmp_ln1494_46 = icmp sgt i16 %data_46_V_read_1, 0" [firmware/nnet_utils/nnet_activation.h:81]   --->   Operation 239 'icmp' 'icmp_ln1494_46' <Predicate = true> <Delay = 0.67> <Core = "Cmp">   --->   Core 25 'Cmp' <Latency = 0> <II = 1> <Delay = 0.67> <FuncUnit> <Opcode : 'icmp'> <InPorts = 2> <OutPorts = 1>
ST_1 : Operation 240 [1/1] (0.00ns)   --->   "%trunc_ln81_74 = trunc i16 %data_46_V_read_1 to i15" [firmware/nnet_utils/nnet_activation.h:81]   --->   Operation 240 'trunc' 'trunc_ln81_74' <Predicate = (icmp_ln1494_46)> <Delay = 0.00>
ST_1 : Operation 241 [1/1] (0.29ns)   --->   "%select_ln81_74 = select i1 %icmp_ln1494_46, i15 %trunc_ln81_74, i15 0" [firmware/nnet_utils/nnet_activation.h:81]   --->   Operation 241 'select' 'select_ln81_74' <Predicate = true> <Delay = 0.29> <Core = "Sel">   --->   Core 26 'Sel' <Latency = 0> <II = 1> <Delay = 0.29> <FuncUnit> <Opcode : 'select'> <InPorts = 3> <OutPorts = 1>
ST_1 : Operation 242 [1/1] (0.00ns)   --->   "%zext_ln81_74 = zext i15 %select_ln81_74 to i16" [firmware/nnet_utils/nnet_activation.h:81]   --->   Operation 242 'zext' 'zext_ln81_74' <Predicate = true> <Delay = 0.00>
ST_1 : Operation 243 [1/1] (0.67ns)   --->   "%icmp_ln1494_47 = icmp sgt i16 %data_47_V_read_1, 0" [firmware/nnet_utils/nnet_activation.h:81]   --->   Operation 243 'icmp' 'icmp_ln1494_47' <Predicate = true> <Delay = 0.67> <Core = "Cmp">   --->   Core 25 'Cmp' <Latency = 0> <II = 1> <Delay = 0.67> <FuncUnit> <Opcode : 'icmp'> <InPorts = 2> <OutPorts = 1>
ST_1 : Operation 244 [1/1] (0.00ns)   --->   "%trunc_ln81_75 = trunc i16 %data_47_V_read_1 to i15" [firmware/nnet_utils/nnet_activation.h:81]   --->   Operation 244 'trunc' 'trunc_ln81_75' <Predicate = (icmp_ln1494_47)> <Delay = 0.00>
ST_1 : Operation 245 [1/1] (0.29ns)   --->   "%select_ln81_75 = select i1 %icmp_ln1494_47, i15 %trunc_ln81_75, i15 0" [firmware/nnet_utils/nnet_activation.h:81]   --->   Operation 245 'select' 'select_ln81_75' <Predicate = true> <Delay = 0.29> <Core = "Sel">   --->   Core 26 'Sel' <Latency = 0> <II = 1> <Delay = 0.29> <FuncUnit> <Opcode : 'select'> <InPorts = 3> <OutPorts = 1>
ST_1 : Operation 246 [1/1] (0.00ns)   --->   "%zext_ln81_75 = zext i15 %select_ln81_75 to i16" [firmware/nnet_utils/nnet_activation.h:81]   --->   Operation 246 'zext' 'zext_ln81_75' <Predicate = true> <Delay = 0.00>
ST_1 : Operation 247 [1/1] (0.67ns)   --->   "%icmp_ln1494_48 = icmp sgt i16 %data_48_V_read_1, 0" [firmware/nnet_utils/nnet_activation.h:81]   --->   Operation 247 'icmp' 'icmp_ln1494_48' <Predicate = true> <Delay = 0.67> <Core = "Cmp">   --->   Core 25 'Cmp' <Latency = 0> <II = 1> <Delay = 0.67> <FuncUnit> <Opcode : 'icmp'> <InPorts = 2> <OutPorts = 1>
ST_1 : Operation 248 [1/1] (0.00ns)   --->   "%trunc_ln81_76 = trunc i16 %data_48_V_read_1 to i15" [firmware/nnet_utils/nnet_activation.h:81]   --->   Operation 248 'trunc' 'trunc_ln81_76' <Predicate = (icmp_ln1494_48)> <Delay = 0.00>
ST_1 : Operation 249 [1/1] (0.29ns)   --->   "%select_ln81_76 = select i1 %icmp_ln1494_48, i15 %trunc_ln81_76, i15 0" [firmware/nnet_utils/nnet_activation.h:81]   --->   Operation 249 'select' 'select_ln81_76' <Predicate = true> <Delay = 0.29> <Core = "Sel">   --->   Core 26 'Sel' <Latency = 0> <II = 1> <Delay = 0.29> <FuncUnit> <Opcode : 'select'> <InPorts = 3> <OutPorts = 1>
ST_1 : Operation 250 [1/1] (0.00ns)   --->   "%zext_ln81_76 = zext i15 %select_ln81_76 to i16" [firmware/nnet_utils/nnet_activation.h:81]   --->   Operation 250 'zext' 'zext_ln81_76' <Predicate = true> <Delay = 0.00>
ST_1 : Operation 251 [1/1] (0.67ns)   --->   "%icmp_ln1494_49 = icmp sgt i16 %data_49_V_read_1, 0" [firmware/nnet_utils/nnet_activation.h:81]   --->   Operation 251 'icmp' 'icmp_ln1494_49' <Predicate = true> <Delay = 0.67> <Core = "Cmp">   --->   Core 25 'Cmp' <Latency = 0> <II = 1> <Delay = 0.67> <FuncUnit> <Opcode : 'icmp'> <InPorts = 2> <OutPorts = 1>
ST_1 : Operation 252 [1/1] (0.00ns)   --->   "%trunc_ln81_77 = trunc i16 %data_49_V_read_1 to i15" [firmware/nnet_utils/nnet_activation.h:81]   --->   Operation 252 'trunc' 'trunc_ln81_77' <Predicate = (icmp_ln1494_49)> <Delay = 0.00>
ST_1 : Operation 253 [1/1] (0.29ns)   --->   "%select_ln81_77 = select i1 %icmp_ln1494_49, i15 %trunc_ln81_77, i15 0" [firmware/nnet_utils/nnet_activation.h:81]   --->   Operation 253 'select' 'select_ln81_77' <Predicate = true> <Delay = 0.29> <Core = "Sel">   --->   Core 26 'Sel' <Latency = 0> <II = 1> <Delay = 0.29> <FuncUnit> <Opcode : 'select'> <InPorts = 3> <OutPorts = 1>
ST_1 : Operation 254 [1/1] (0.00ns)   --->   "%zext_ln81_77 = zext i15 %select_ln81_77 to i16" [firmware/nnet_utils/nnet_activation.h:81]   --->   Operation 254 'zext' 'zext_ln81_77' <Predicate = true> <Delay = 0.00>
ST_1 : Operation 255 [1/1] (0.00ns)   --->   "%mrv = insertvalue { i16, i16, i16, i16, i16, i16, i16, i16, i16, i16, i16, i16, i16, i16, i16, i16, i16, i16, i16, i16, i16, i16, i16, i16, i16, i16, i16, i16, i16, i16, i16, i16, i16, i16, i16, i16, i16, i16, i16, i16, i16, i16, i16, i16, i16, i16, i16, i16, i16, i16 } undef, i16 %zext_ln81, 0" [firmware/nnet_utils/nnet_activation.h:84]   --->   Operation 255 'insertvalue' 'mrv' <Predicate = true> <Delay = 0.00>
ST_1 : Operation 256 [1/1] (0.00ns)   --->   "%mrv_1 = insertvalue { i16, i16, i16, i16, i16, i16, i16, i16, i16, i16, i16, i16, i16, i16, i16, i16, i16, i16, i16, i16, i16, i16, i16, i16, i16, i16, i16, i16, i16, i16, i16, i16, i16, i16, i16, i16, i16, i16, i16, i16, i16, i16, i16, i16, i16, i16, i16, i16, i16, i16 } %mrv, i16 %zext_ln81_29, 1" [firmware/nnet_utils/nnet_activation.h:84]   --->   Operation 256 'insertvalue' 'mrv_1' <Predicate = true> <Delay = 0.00>
ST_1 : Operation 257 [1/1] (0.00ns)   --->   "%mrv_2 = insertvalue { i16, i16, i16, i16, i16, i16, i16, i16, i16, i16, i16, i16, i16, i16, i16, i16, i16, i16, i16, i16, i16, i16, i16, i16, i16, i16, i16, i16, i16, i16, i16, i16, i16, i16, i16, i16, i16, i16, i16, i16, i16, i16, i16, i16, i16, i16, i16, i16, i16, i16 } %mrv_1, i16 %zext_ln81_30, 2" [firmware/nnet_utils/nnet_activation.h:84]   --->   Operation 257 'insertvalue' 'mrv_2' <Predicate = true> <Delay = 0.00>
ST_1 : Operation 258 [1/1] (0.00ns)   --->   "%mrv_3 = insertvalue { i16, i16, i16, i16, i16, i16, i16, i16, i16, i16, i16, i16, i16, i16, i16, i16, i16, i16, i16, i16, i16, i16, i16, i16, i16, i16, i16, i16, i16, i16, i16, i16, i16, i16, i16, i16, i16, i16, i16, i16, i16, i16, i16, i16, i16, i16, i16, i16, i16, i16 } %mrv_2, i16 %zext_ln81_31, 3" [firmware/nnet_utils/nnet_activation.h:84]   --->   Operation 258 'insertvalue' 'mrv_3' <Predicate = true> <Delay = 0.00>
ST_1 : Operation 259 [1/1] (0.00ns)   --->   "%mrv_4 = insertvalue { i16, i16, i16, i16, i16, i16, i16, i16, i16, i16, i16, i16, i16, i16, i16, i16, i16, i16, i16, i16, i16, i16, i16, i16, i16, i16, i16, i16, i16, i16, i16, i16, i16, i16, i16, i16, i16, i16, i16, i16, i16, i16, i16, i16, i16, i16, i16, i16, i16, i16 } %mrv_3, i16 %zext_ln81_32, 4" [firmware/nnet_utils/nnet_activation.h:84]   --->   Operation 259 'insertvalue' 'mrv_4' <Predicate = true> <Delay = 0.00>
ST_1 : Operation 260 [1/1] (0.00ns)   --->   "%mrv_5 = insertvalue { i16, i16, i16, i16, i16, i16, i16, i16, i16, i16, i16, i16, i16, i16, i16, i16, i16, i16, i16, i16, i16, i16, i16, i16, i16, i16, i16, i16, i16, i16, i16, i16, i16, i16, i16, i16, i16, i16, i16, i16, i16, i16, i16, i16, i16, i16, i16, i16, i16, i16 } %mrv_4, i16 %zext_ln81_33, 5" [firmware/nnet_utils/nnet_activation.h:84]   --->   Operation 260 'insertvalue' 'mrv_5' <Predicate = true> <Delay = 0.00>
ST_1 : Operation 261 [1/1] (0.00ns)   --->   "%mrv_6 = insertvalue { i16, i16, i16, i16, i16, i16, i16, i16, i16, i16, i16, i16, i16, i16, i16, i16, i16, i16, i16, i16, i16, i16, i16, i16, i16, i16, i16, i16, i16, i16, i16, i16, i16, i16, i16, i16, i16, i16, i16, i16, i16, i16, i16, i16, i16, i16, i16, i16, i16, i16 } %mrv_5, i16 %zext_ln81_34, 6" [firmware/nnet_utils/nnet_activation.h:84]   --->   Operation 261 'insertvalue' 'mrv_6' <Predicate = true> <Delay = 0.00>
ST_1 : Operation 262 [1/1] (0.00ns)   --->   "%mrv_7 = insertvalue { i16, i16, i16, i16, i16, i16, i16, i16, i16, i16, i16, i16, i16, i16, i16, i16, i16, i16, i16, i16, i16, i16, i16, i16, i16, i16, i16, i16, i16, i16, i16, i16, i16, i16, i16, i16, i16, i16, i16, i16, i16, i16, i16, i16, i16, i16, i16, i16, i16, i16 } %mrv_6, i16 %zext_ln81_35, 7" [firmware/nnet_utils/nnet_activation.h:84]   --->   Operation 262 'insertvalue' 'mrv_7' <Predicate = true> <Delay = 0.00>
ST_1 : Operation 263 [1/1] (0.00ns)   --->   "%mrv_8 = insertvalue { i16, i16, i16, i16, i16, i16, i16, i16, i16, i16, i16, i16, i16, i16, i16, i16, i16, i16, i16, i16, i16, i16, i16, i16, i16, i16, i16, i16, i16, i16, i16, i16, i16, i16, i16, i16, i16, i16, i16, i16, i16, i16, i16, i16, i16, i16, i16, i16, i16, i16 } %mrv_7, i16 %zext_ln81_36, 8" [firmware/nnet_utils/nnet_activation.h:84]   --->   Operation 263 'insertvalue' 'mrv_8' <Predicate = true> <Delay = 0.00>
ST_1 : Operation 264 [1/1] (0.00ns)   --->   "%mrv_9 = insertvalue { i16, i16, i16, i16, i16, i16, i16, i16, i16, i16, i16, i16, i16, i16, i16, i16, i16, i16, i16, i16, i16, i16, i16, i16, i16, i16, i16, i16, i16, i16, i16, i16, i16, i16, i16, i16, i16, i16, i16, i16, i16, i16, i16, i16, i16, i16, i16, i16, i16, i16 } %mrv_8, i16 %zext_ln81_37, 9" [firmware/nnet_utils/nnet_activation.h:84]   --->   Operation 264 'insertvalue' 'mrv_9' <Predicate = true> <Delay = 0.00>
ST_1 : Operation 265 [1/1] (0.00ns)   --->   "%mrv_10 = insertvalue { i16, i16, i16, i16, i16, i16, i16, i16, i16, i16, i16, i16, i16, i16, i16, i16, i16, i16, i16, i16, i16, i16, i16, i16, i16, i16, i16, i16, i16, i16, i16, i16, i16, i16, i16, i16, i16, i16, i16, i16, i16, i16, i16, i16, i16, i16, i16, i16, i16, i16 } %mrv_9, i16 %zext_ln81_38, 10" [firmware/nnet_utils/nnet_activation.h:84]   --->   Operation 265 'insertvalue' 'mrv_10' <Predicate = true> <Delay = 0.00>
ST_1 : Operation 266 [1/1] (0.00ns)   --->   "%mrv_11 = insertvalue { i16, i16, i16, i16, i16, i16, i16, i16, i16, i16, i16, i16, i16, i16, i16, i16, i16, i16, i16, i16, i16, i16, i16, i16, i16, i16, i16, i16, i16, i16, i16, i16, i16, i16, i16, i16, i16, i16, i16, i16, i16, i16, i16, i16, i16, i16, i16, i16, i16, i16 } %mrv_10, i16 %zext_ln81_39, 11" [firmware/nnet_utils/nnet_activation.h:84]   --->   Operation 266 'insertvalue' 'mrv_11' <Predicate = true> <Delay = 0.00>
ST_1 : Operation 267 [1/1] (0.00ns)   --->   "%mrv_12 = insertvalue { i16, i16, i16, i16, i16, i16, i16, i16, i16, i16, i16, i16, i16, i16, i16, i16, i16, i16, i16, i16, i16, i16, i16, i16, i16, i16, i16, i16, i16, i16, i16, i16, i16, i16, i16, i16, i16, i16, i16, i16, i16, i16, i16, i16, i16, i16, i16, i16, i16, i16 } %mrv_11, i16 %zext_ln81_40, 12" [firmware/nnet_utils/nnet_activation.h:84]   --->   Operation 267 'insertvalue' 'mrv_12' <Predicate = true> <Delay = 0.00>
ST_1 : Operation 268 [1/1] (0.00ns)   --->   "%mrv_13 = insertvalue { i16, i16, i16, i16, i16, i16, i16, i16, i16, i16, i16, i16, i16, i16, i16, i16, i16, i16, i16, i16, i16, i16, i16, i16, i16, i16, i16, i16, i16, i16, i16, i16, i16, i16, i16, i16, i16, i16, i16, i16, i16, i16, i16, i16, i16, i16, i16, i16, i16, i16 } %mrv_12, i16 %zext_ln81_41, 13" [firmware/nnet_utils/nnet_activation.h:84]   --->   Operation 268 'insertvalue' 'mrv_13' <Predicate = true> <Delay = 0.00>
ST_1 : Operation 269 [1/1] (0.00ns)   --->   "%mrv_14 = insertvalue { i16, i16, i16, i16, i16, i16, i16, i16, i16, i16, i16, i16, i16, i16, i16, i16, i16, i16, i16, i16, i16, i16, i16, i16, i16, i16, i16, i16, i16, i16, i16, i16, i16, i16, i16, i16, i16, i16, i16, i16, i16, i16, i16, i16, i16, i16, i16, i16, i16, i16 } %mrv_13, i16 %zext_ln81_42, 14" [firmware/nnet_utils/nnet_activation.h:84]   --->   Operation 269 'insertvalue' 'mrv_14' <Predicate = true> <Delay = 0.00>
ST_1 : Operation 270 [1/1] (0.00ns)   --->   "%mrv_15 = insertvalue { i16, i16, i16, i16, i16, i16, i16, i16, i16, i16, i16, i16, i16, i16, i16, i16, i16, i16, i16, i16, i16, i16, i16, i16, i16, i16, i16, i16, i16, i16, i16, i16, i16, i16, i16, i16, i16, i16, i16, i16, i16, i16, i16, i16, i16, i16, i16, i16, i16, i16 } %mrv_14, i16 %zext_ln81_43, 15" [firmware/nnet_utils/nnet_activation.h:84]   --->   Operation 270 'insertvalue' 'mrv_15' <Predicate = true> <Delay = 0.00>
ST_1 : Operation 271 [1/1] (0.00ns)   --->   "%mrv_16 = insertvalue { i16, i16, i16, i16, i16, i16, i16, i16, i16, i16, i16, i16, i16, i16, i16, i16, i16, i16, i16, i16, i16, i16, i16, i16, i16, i16, i16, i16, i16, i16, i16, i16, i16, i16, i16, i16, i16, i16, i16, i16, i16, i16, i16, i16, i16, i16, i16, i16, i16, i16 } %mrv_15, i16 %zext_ln81_44, 16" [firmware/nnet_utils/nnet_activation.h:84]   --->   Operation 271 'insertvalue' 'mrv_16' <Predicate = true> <Delay = 0.00>
ST_1 : Operation 272 [1/1] (0.00ns)   --->   "%mrv_17 = insertvalue { i16, i16, i16, i16, i16, i16, i16, i16, i16, i16, i16, i16, i16, i16, i16, i16, i16, i16, i16, i16, i16, i16, i16, i16, i16, i16, i16, i16, i16, i16, i16, i16, i16, i16, i16, i16, i16, i16, i16, i16, i16, i16, i16, i16, i16, i16, i16, i16, i16, i16 } %mrv_16, i16 %zext_ln81_45, 17" [firmware/nnet_utils/nnet_activation.h:84]   --->   Operation 272 'insertvalue' 'mrv_17' <Predicate = true> <Delay = 0.00>
ST_1 : Operation 273 [1/1] (0.00ns)   --->   "%mrv_18 = insertvalue { i16, i16, i16, i16, i16, i16, i16, i16, i16, i16, i16, i16, i16, i16, i16, i16, i16, i16, i16, i16, i16, i16, i16, i16, i16, i16, i16, i16, i16, i16, i16, i16, i16, i16, i16, i16, i16, i16, i16, i16, i16, i16, i16, i16, i16, i16, i16, i16, i16, i16 } %mrv_17, i16 %zext_ln81_46, 18" [firmware/nnet_utils/nnet_activation.h:84]   --->   Operation 273 'insertvalue' 'mrv_18' <Predicate = true> <Delay = 0.00>
ST_1 : Operation 274 [1/1] (0.00ns)   --->   "%mrv_s = insertvalue { i16, i16, i16, i16, i16, i16, i16, i16, i16, i16, i16, i16, i16, i16, i16, i16, i16, i16, i16, i16, i16, i16, i16, i16, i16, i16, i16, i16, i16, i16, i16, i16, i16, i16, i16, i16, i16, i16, i16, i16, i16, i16, i16, i16, i16, i16, i16, i16, i16, i16 } %mrv_18, i16 %zext_ln81_47, 19" [firmware/nnet_utils/nnet_activation.h:84]   --->   Operation 274 'insertvalue' 'mrv_s' <Predicate = true> <Delay = 0.00>
ST_1 : Operation 275 [1/1] (0.00ns)   --->   "%mrv_19 = insertvalue { i16, i16, i16, i16, i16, i16, i16, i16, i16, i16, i16, i16, i16, i16, i16, i16, i16, i16, i16, i16, i16, i16, i16, i16, i16, i16, i16, i16, i16, i16, i16, i16, i16, i16, i16, i16, i16, i16, i16, i16, i16, i16, i16, i16, i16, i16, i16, i16, i16, i16 } %mrv_s, i16 %zext_ln81_48, 20" [firmware/nnet_utils/nnet_activation.h:84]   --->   Operation 275 'insertvalue' 'mrv_19' <Predicate = true> <Delay = 0.00>
ST_1 : Operation 276 [1/1] (0.00ns)   --->   "%mrv_20 = insertvalue { i16, i16, i16, i16, i16, i16, i16, i16, i16, i16, i16, i16, i16, i16, i16, i16, i16, i16, i16, i16, i16, i16, i16, i16, i16, i16, i16, i16, i16, i16, i16, i16, i16, i16, i16, i16, i16, i16, i16, i16, i16, i16, i16, i16, i16, i16, i16, i16, i16, i16 } %mrv_19, i16 %zext_ln81_49, 21" [firmware/nnet_utils/nnet_activation.h:84]   --->   Operation 276 'insertvalue' 'mrv_20' <Predicate = true> <Delay = 0.00>
ST_1 : Operation 277 [1/1] (0.00ns)   --->   "%mrv_21 = insertvalue { i16, i16, i16, i16, i16, i16, i16, i16, i16, i16, i16, i16, i16, i16, i16, i16, i16, i16, i16, i16, i16, i16, i16, i16, i16, i16, i16, i16, i16, i16, i16, i16, i16, i16, i16, i16, i16, i16, i16, i16, i16, i16, i16, i16, i16, i16, i16, i16, i16, i16 } %mrv_20, i16 %zext_ln81_50, 22" [firmware/nnet_utils/nnet_activation.h:84]   --->   Operation 277 'insertvalue' 'mrv_21' <Predicate = true> <Delay = 0.00>
ST_1 : Operation 278 [1/1] (0.00ns)   --->   "%mrv_22 = insertvalue { i16, i16, i16, i16, i16, i16, i16, i16, i16, i16, i16, i16, i16, i16, i16, i16, i16, i16, i16, i16, i16, i16, i16, i16, i16, i16, i16, i16, i16, i16, i16, i16, i16, i16, i16, i16, i16, i16, i16, i16, i16, i16, i16, i16, i16, i16, i16, i16, i16, i16 } %mrv_21, i16 %zext_ln81_51, 23" [firmware/nnet_utils/nnet_activation.h:84]   --->   Operation 278 'insertvalue' 'mrv_22' <Predicate = true> <Delay = 0.00>
ST_1 : Operation 279 [1/1] (0.00ns)   --->   "%mrv_23 = insertvalue { i16, i16, i16, i16, i16, i16, i16, i16, i16, i16, i16, i16, i16, i16, i16, i16, i16, i16, i16, i16, i16, i16, i16, i16, i16, i16, i16, i16, i16, i16, i16, i16, i16, i16, i16, i16, i16, i16, i16, i16, i16, i16, i16, i16, i16, i16, i16, i16, i16, i16 } %mrv_22, i16 %zext_ln81_52, 24" [firmware/nnet_utils/nnet_activation.h:84]   --->   Operation 279 'insertvalue' 'mrv_23' <Predicate = true> <Delay = 0.00>
ST_1 : Operation 280 [1/1] (0.00ns)   --->   "%mrv_24 = insertvalue { i16, i16, i16, i16, i16, i16, i16, i16, i16, i16, i16, i16, i16, i16, i16, i16, i16, i16, i16, i16, i16, i16, i16, i16, i16, i16, i16, i16, i16, i16, i16, i16, i16, i16, i16, i16, i16, i16, i16, i16, i16, i16, i16, i16, i16, i16, i16, i16, i16, i16 } %mrv_23, i16 %zext_ln81_53, 25" [firmware/nnet_utils/nnet_activation.h:84]   --->   Operation 280 'insertvalue' 'mrv_24' <Predicate = true> <Delay = 0.00>
ST_1 : Operation 281 [1/1] (0.00ns)   --->   "%mrv_25 = insertvalue { i16, i16, i16, i16, i16, i16, i16, i16, i16, i16, i16, i16, i16, i16, i16, i16, i16, i16, i16, i16, i16, i16, i16, i16, i16, i16, i16, i16, i16, i16, i16, i16, i16, i16, i16, i16, i16, i16, i16, i16, i16, i16, i16, i16, i16, i16, i16, i16, i16, i16 } %mrv_24, i16 %zext_ln81_54, 26" [firmware/nnet_utils/nnet_activation.h:84]   --->   Operation 281 'insertvalue' 'mrv_25' <Predicate = true> <Delay = 0.00>
ST_1 : Operation 282 [1/1] (0.00ns)   --->   "%mrv_26 = insertvalue { i16, i16, i16, i16, i16, i16, i16, i16, i16, i16, i16, i16, i16, i16, i16, i16, i16, i16, i16, i16, i16, i16, i16, i16, i16, i16, i16, i16, i16, i16, i16, i16, i16, i16, i16, i16, i16, i16, i16, i16, i16, i16, i16, i16, i16, i16, i16, i16, i16, i16 } %mrv_25, i16 %zext_ln81_55, 27" [firmware/nnet_utils/nnet_activation.h:84]   --->   Operation 282 'insertvalue' 'mrv_26' <Predicate = true> <Delay = 0.00>
ST_1 : Operation 283 [1/1] (0.00ns)   --->   "%mrv_27 = insertvalue { i16, i16, i16, i16, i16, i16, i16, i16, i16, i16, i16, i16, i16, i16, i16, i16, i16, i16, i16, i16, i16, i16, i16, i16, i16, i16, i16, i16, i16, i16, i16, i16, i16, i16, i16, i16, i16, i16, i16, i16, i16, i16, i16, i16, i16, i16, i16, i16, i16, i16 } %mrv_26, i16 %zext_ln81_56, 28" [firmware/nnet_utils/nnet_activation.h:84]   --->   Operation 283 'insertvalue' 'mrv_27' <Predicate = true> <Delay = 0.00>
ST_1 : Operation 284 [1/1] (0.00ns)   --->   "%mrv_28 = insertvalue { i16, i16, i16, i16, i16, i16, i16, i16, i16, i16, i16, i16, i16, i16, i16, i16, i16, i16, i16, i16, i16, i16, i16, i16, i16, i16, i16, i16, i16, i16, i16, i16, i16, i16, i16, i16, i16, i16, i16, i16, i16, i16, i16, i16, i16, i16, i16, i16, i16, i16 } %mrv_27, i16 %zext_ln81_57, 29" [firmware/nnet_utils/nnet_activation.h:84]   --->   Operation 284 'insertvalue' 'mrv_28' <Predicate = true> <Delay = 0.00>
ST_1 : Operation 285 [1/1] (0.00ns)   --->   "%mrv_29 = insertvalue { i16, i16, i16, i16, i16, i16, i16, i16, i16, i16, i16, i16, i16, i16, i16, i16, i16, i16, i16, i16, i16, i16, i16, i16, i16, i16, i16, i16, i16, i16, i16, i16, i16, i16, i16, i16, i16, i16, i16, i16, i16, i16, i16, i16, i16, i16, i16, i16, i16, i16 } %mrv_28, i16 %zext_ln81_58, 30" [firmware/nnet_utils/nnet_activation.h:84]   --->   Operation 285 'insertvalue' 'mrv_29' <Predicate = true> <Delay = 0.00>
ST_1 : Operation 286 [1/1] (0.00ns)   --->   "%mrv_30 = insertvalue { i16, i16, i16, i16, i16, i16, i16, i16, i16, i16, i16, i16, i16, i16, i16, i16, i16, i16, i16, i16, i16, i16, i16, i16, i16, i16, i16, i16, i16, i16, i16, i16, i16, i16, i16, i16, i16, i16, i16, i16, i16, i16, i16, i16, i16, i16, i16, i16, i16, i16 } %mrv_29, i16 %zext_ln81_59, 31" [firmware/nnet_utils/nnet_activation.h:84]   --->   Operation 286 'insertvalue' 'mrv_30' <Predicate = true> <Delay = 0.00>
ST_1 : Operation 287 [1/1] (0.00ns)   --->   "%mrv_31 = insertvalue { i16, i16, i16, i16, i16, i16, i16, i16, i16, i16, i16, i16, i16, i16, i16, i16, i16, i16, i16, i16, i16, i16, i16, i16, i16, i16, i16, i16, i16, i16, i16, i16, i16, i16, i16, i16, i16, i16, i16, i16, i16, i16, i16, i16, i16, i16, i16, i16, i16, i16 } %mrv_30, i16 %zext_ln81_60, 32" [firmware/nnet_utils/nnet_activation.h:84]   --->   Operation 287 'insertvalue' 'mrv_31' <Predicate = true> <Delay = 0.00>
ST_1 : Operation 288 [1/1] (0.00ns)   --->   "%mrv_32 = insertvalue { i16, i16, i16, i16, i16, i16, i16, i16, i16, i16, i16, i16, i16, i16, i16, i16, i16, i16, i16, i16, i16, i16, i16, i16, i16, i16, i16, i16, i16, i16, i16, i16, i16, i16, i16, i16, i16, i16, i16, i16, i16, i16, i16, i16, i16, i16, i16, i16, i16, i16 } %mrv_31, i16 %zext_ln81_61, 33" [firmware/nnet_utils/nnet_activation.h:84]   --->   Operation 288 'insertvalue' 'mrv_32' <Predicate = true> <Delay = 0.00>
ST_1 : Operation 289 [1/1] (0.00ns)   --->   "%mrv_33 = insertvalue { i16, i16, i16, i16, i16, i16, i16, i16, i16, i16, i16, i16, i16, i16, i16, i16, i16, i16, i16, i16, i16, i16, i16, i16, i16, i16, i16, i16, i16, i16, i16, i16, i16, i16, i16, i16, i16, i16, i16, i16, i16, i16, i16, i16, i16, i16, i16, i16, i16, i16 } %mrv_32, i16 %zext_ln81_62, 34" [firmware/nnet_utils/nnet_activation.h:84]   --->   Operation 289 'insertvalue' 'mrv_33' <Predicate = true> <Delay = 0.00>
ST_1 : Operation 290 [1/1] (0.00ns)   --->   "%mrv_34 = insertvalue { i16, i16, i16, i16, i16, i16, i16, i16, i16, i16, i16, i16, i16, i16, i16, i16, i16, i16, i16, i16, i16, i16, i16, i16, i16, i16, i16, i16, i16, i16, i16, i16, i16, i16, i16, i16, i16, i16, i16, i16, i16, i16, i16, i16, i16, i16, i16, i16, i16, i16 } %mrv_33, i16 %zext_ln81_63, 35" [firmware/nnet_utils/nnet_activation.h:84]   --->   Operation 290 'insertvalue' 'mrv_34' <Predicate = true> <Delay = 0.00>
ST_1 : Operation 291 [1/1] (0.00ns)   --->   "%mrv_35 = insertvalue { i16, i16, i16, i16, i16, i16, i16, i16, i16, i16, i16, i16, i16, i16, i16, i16, i16, i16, i16, i16, i16, i16, i16, i16, i16, i16, i16, i16, i16, i16, i16, i16, i16, i16, i16, i16, i16, i16, i16, i16, i16, i16, i16, i16, i16, i16, i16, i16, i16, i16 } %mrv_34, i16 %zext_ln81_64, 36" [firmware/nnet_utils/nnet_activation.h:84]   --->   Operation 291 'insertvalue' 'mrv_35' <Predicate = true> <Delay = 0.00>
ST_1 : Operation 292 [1/1] (0.00ns)   --->   "%mrv_36 = insertvalue { i16, i16, i16, i16, i16, i16, i16, i16, i16, i16, i16, i16, i16, i16, i16, i16, i16, i16, i16, i16, i16, i16, i16, i16, i16, i16, i16, i16, i16, i16, i16, i16, i16, i16, i16, i16, i16, i16, i16, i16, i16, i16, i16, i16, i16, i16, i16, i16, i16, i16 } %mrv_35, i16 %zext_ln81_65, 37" [firmware/nnet_utils/nnet_activation.h:84]   --->   Operation 292 'insertvalue' 'mrv_36' <Predicate = true> <Delay = 0.00>
ST_1 : Operation 293 [1/1] (0.00ns)   --->   "%mrv_37 = insertvalue { i16, i16, i16, i16, i16, i16, i16, i16, i16, i16, i16, i16, i16, i16, i16, i16, i16, i16, i16, i16, i16, i16, i16, i16, i16, i16, i16, i16, i16, i16, i16, i16, i16, i16, i16, i16, i16, i16, i16, i16, i16, i16, i16, i16, i16, i16, i16, i16, i16, i16 } %mrv_36, i16 %zext_ln81_66, 38" [firmware/nnet_utils/nnet_activation.h:84]   --->   Operation 293 'insertvalue' 'mrv_37' <Predicate = true> <Delay = 0.00>
ST_1 : Operation 294 [1/1] (0.00ns)   --->   "%mrv_38 = insertvalue { i16, i16, i16, i16, i16, i16, i16, i16, i16, i16, i16, i16, i16, i16, i16, i16, i16, i16, i16, i16, i16, i16, i16, i16, i16, i16, i16, i16, i16, i16, i16, i16, i16, i16, i16, i16, i16, i16, i16, i16, i16, i16, i16, i16, i16, i16, i16, i16, i16, i16 } %mrv_37, i16 %zext_ln81_67, 39" [firmware/nnet_utils/nnet_activation.h:84]   --->   Operation 294 'insertvalue' 'mrv_38' <Predicate = true> <Delay = 0.00>
ST_1 : Operation 295 [1/1] (0.00ns)   --->   "%mrv_39 = insertvalue { i16, i16, i16, i16, i16, i16, i16, i16, i16, i16, i16, i16, i16, i16, i16, i16, i16, i16, i16, i16, i16, i16, i16, i16, i16, i16, i16, i16, i16, i16, i16, i16, i16, i16, i16, i16, i16, i16, i16, i16, i16, i16, i16, i16, i16, i16, i16, i16, i16, i16 } %mrv_38, i16 %zext_ln81_68, 40" [firmware/nnet_utils/nnet_activation.h:84]   --->   Operation 295 'insertvalue' 'mrv_39' <Predicate = true> <Delay = 0.00>
ST_1 : Operation 296 [1/1] (0.00ns)   --->   "%mrv_40 = insertvalue { i16, i16, i16, i16, i16, i16, i16, i16, i16, i16, i16, i16, i16, i16, i16, i16, i16, i16, i16, i16, i16, i16, i16, i16, i16, i16, i16, i16, i16, i16, i16, i16, i16, i16, i16, i16, i16, i16, i16, i16, i16, i16, i16, i16, i16, i16, i16, i16, i16, i16 } %mrv_39, i16 %zext_ln81_69, 41" [firmware/nnet_utils/nnet_activation.h:84]   --->   Operation 296 'insertvalue' 'mrv_40' <Predicate = true> <Delay = 0.00>
ST_1 : Operation 297 [1/1] (0.00ns)   --->   "%mrv_41 = insertvalue { i16, i16, i16, i16, i16, i16, i16, i16, i16, i16, i16, i16, i16, i16, i16, i16, i16, i16, i16, i16, i16, i16, i16, i16, i16, i16, i16, i16, i16, i16, i16, i16, i16, i16, i16, i16, i16, i16, i16, i16, i16, i16, i16, i16, i16, i16, i16, i16, i16, i16 } %mrv_40, i16 %zext_ln81_70, 42" [firmware/nnet_utils/nnet_activation.h:84]   --->   Operation 297 'insertvalue' 'mrv_41' <Predicate = true> <Delay = 0.00>
ST_1 : Operation 298 [1/1] (0.00ns)   --->   "%mrv_42 = insertvalue { i16, i16, i16, i16, i16, i16, i16, i16, i16, i16, i16, i16, i16, i16, i16, i16, i16, i16, i16, i16, i16, i16, i16, i16, i16, i16, i16, i16, i16, i16, i16, i16, i16, i16, i16, i16, i16, i16, i16, i16, i16, i16, i16, i16, i16, i16, i16, i16, i16, i16 } %mrv_41, i16 %zext_ln81_71, 43" [firmware/nnet_utils/nnet_activation.h:84]   --->   Operation 298 'insertvalue' 'mrv_42' <Predicate = true> <Delay = 0.00>
ST_1 : Operation 299 [1/1] (0.00ns)   --->   "%mrv_43 = insertvalue { i16, i16, i16, i16, i16, i16, i16, i16, i16, i16, i16, i16, i16, i16, i16, i16, i16, i16, i16, i16, i16, i16, i16, i16, i16, i16, i16, i16, i16, i16, i16, i16, i16, i16, i16, i16, i16, i16, i16, i16, i16, i16, i16, i16, i16, i16, i16, i16, i16, i16 } %mrv_42, i16 %zext_ln81_72, 44" [firmware/nnet_utils/nnet_activation.h:84]   --->   Operation 299 'insertvalue' 'mrv_43' <Predicate = true> <Delay = 0.00>
ST_1 : Operation 300 [1/1] (0.00ns)   --->   "%mrv_44 = insertvalue { i16, i16, i16, i16, i16, i16, i16, i16, i16, i16, i16, i16, i16, i16, i16, i16, i16, i16, i16, i16, i16, i16, i16, i16, i16, i16, i16, i16, i16, i16, i16, i16, i16, i16, i16, i16, i16, i16, i16, i16, i16, i16, i16, i16, i16, i16, i16, i16, i16, i16 } %mrv_43, i16 %zext_ln81_73, 45" [firmware/nnet_utils/nnet_activation.h:84]   --->   Operation 300 'insertvalue' 'mrv_44' <Predicate = true> <Delay = 0.00>
ST_1 : Operation 301 [1/1] (0.00ns)   --->   "%mrv_45 = insertvalue { i16, i16, i16, i16, i16, i16, i16, i16, i16, i16, i16, i16, i16, i16, i16, i16, i16, i16, i16, i16, i16, i16, i16, i16, i16, i16, i16, i16, i16, i16, i16, i16, i16, i16, i16, i16, i16, i16, i16, i16, i16, i16, i16, i16, i16, i16, i16, i16, i16, i16 } %mrv_44, i16 %zext_ln81_74, 46" [firmware/nnet_utils/nnet_activation.h:84]   --->   Operation 301 'insertvalue' 'mrv_45' <Predicate = true> <Delay = 0.00>
ST_1 : Operation 302 [1/1] (0.00ns)   --->   "%mrv_46 = insertvalue { i16, i16, i16, i16, i16, i16, i16, i16, i16, i16, i16, i16, i16, i16, i16, i16, i16, i16, i16, i16, i16, i16, i16, i16, i16, i16, i16, i16, i16, i16, i16, i16, i16, i16, i16, i16, i16, i16, i16, i16, i16, i16, i16, i16, i16, i16, i16, i16, i16, i16 } %mrv_45, i16 %zext_ln81_75, 47" [firmware/nnet_utils/nnet_activation.h:84]   --->   Operation 302 'insertvalue' 'mrv_46' <Predicate = true> <Delay = 0.00>
ST_1 : Operation 303 [1/1] (0.00ns)   --->   "%mrv_47 = insertvalue { i16, i16, i16, i16, i16, i16, i16, i16, i16, i16, i16, i16, i16, i16, i16, i16, i16, i16, i16, i16, i16, i16, i16, i16, i16, i16, i16, i16, i16, i16, i16, i16, i16, i16, i16, i16, i16, i16, i16, i16, i16, i16, i16, i16, i16, i16, i16, i16, i16, i16 } %mrv_46, i16 %zext_ln81_76, 48" [firmware/nnet_utils/nnet_activation.h:84]   --->   Operation 303 'insertvalue' 'mrv_47' <Predicate = true> <Delay = 0.00>
ST_1 : Operation 304 [1/1] (0.00ns)   --->   "%mrv_48 = insertvalue { i16, i16, i16, i16, i16, i16, i16, i16, i16, i16, i16, i16, i16, i16, i16, i16, i16, i16, i16, i16, i16, i16, i16, i16, i16, i16, i16, i16, i16, i16, i16, i16, i16, i16, i16, i16, i16, i16, i16, i16, i16, i16, i16, i16, i16, i16, i16, i16, i16, i16 } %mrv_47, i16 %zext_ln81_77, 49" [firmware/nnet_utils/nnet_activation.h:84]   --->   Operation 304 'insertvalue' 'mrv_48' <Predicate = true> <Delay = 0.00>
ST_1 : Operation 305 [1/1] (0.00ns)   --->   "ret { i16, i16, i16, i16, i16, i16, i16, i16, i16, i16, i16, i16, i16, i16, i16, i16, i16, i16, i16, i16, i16, i16, i16, i16, i16, i16, i16, i16, i16, i16, i16, i16, i16, i16, i16, i16, i16, i16, i16, i16, i16, i16, i16, i16, i16, i16, i16, i16, i16, i16 } %mrv_48" [firmware/nnet_utils/nnet_activation.h:84]   --->   Operation 305 'ret' <Predicate = true> <Delay = 0.00>


============================================================
+ Verbose Summary: Timing violations
============================================================
Target clock period: 5ns, clock uncertainty: 0.5ns.

 <State 1>: 0.969ns
The critical path consists of the following:
	wire read on port 'data_49_V_read' (firmware/nnet_utils/nnet_activation.h:69) [51]  (0 ns)
	'icmp' operation ('icmp_ln1494_49', firmware/nnet_utils/nnet_activation.h:81) [300]  (0.676 ns)
	'select' operation ('res[49].V', firmware/nnet_utils/nnet_activation.h:81) [302]  (0.292 ns)


============================================================
+ Verbose Summary: Binding
============================================================
N/A
* FSMD analyzer results:
  - Output states:
 - Input state : 
  - Chain level:
	State 1


============================================================
+ Verbose Summary: Datapath Resource usage 
============================================================
N/A
